This program should be regarded as a DEBUGGING aid, not as a 
certifier of correctness.
Call with the -l flag or read the license file for terms
and conditions of use.
Run this program with "-h" for the list of options.

Bugs, questions, and comments should be directed to
"melatti@di.uniroma1.it".

CMurphi compiler last modified date: Apr 18 2024
Include files last modified date:    Jul 23 2021
==========================================================================

==========================================================================
Caching Murphi Release 5.5.0
Finite-state Concurrent System Verifier.

Caching Murphi Release 5.5.0 is based on various versions of Murphi.
Caching Murphi Release 5.5.0 :
Copyright (C) 2009-2012 by Sapienza University of Rome.
Murphi release 3.1 :
Copyright (C) 1992 - 1999 by the Board of Trustees of
Leland Stanford Junior University.

==========================================================================

Protocol: ./protocols/exec/German_node8/German_node8_inv174
===========================================
  You are using LS algorithm.  
===========================================

===== Startstates are generated! =====
Carelist Layer 0: Cache[1].State Cache[2].State Cache[3].State Cache[4].State Cache[5].State Cache[6].State Cache[7].State Cache[8].State 
Carelist Layer 1: Chan2[node].Cmd Chan3[node].Cmd Cache[node].State 
Attr: Chan3[node].Cmd Level: 1 Wi: 2
Attr: Chan2[node].Cmd Level: 1 Wi: 2
Attr: Cache[8].State Level: 0 Wi: 4
Attr: Cache[7].State Level: 0 Wi: 4
Attr: Cache[1].State Level: 0 Wi: 4
Attr: Cache[3].State Level: 0 Wi: 4
Attr: Cache[node].State Level: 1 Wi: 2
Attr: Cache[4].State Level: 0 Wi: 4
Attr: Cache[2].State Level: 0 Wi: 4
Attr: Cache[5].State Level: 0 Wi: 4
Attr: Cache[6].State Level: 0 Wi: 4

===== Init heuristics! =====

Progress Report:

	100000 states explored in 6.27s, with 537929 rules fired and 75237 states in the queue.
	200000 states explored in 11.05s, with 1198348 rules fired and 141204 states in the queue.
	300000 states explored in 14.93s, with 1713384 rules fired and 215362 states in the queue.
	400000 states explored in 21.01s, with 2538505 rules fired and 274575 states in the queue.
	500000 states explored in 25.79s, with 3173151 rules fired and 341624 states in the queue.
	600000 states explored in 29.13s, with 3603417 rules fired and 421080 states in the queue.
	700000 states explored in 32.99s, with 4097559 rules fired and 497014 states in the queue.
	800000 states explored in 37.60s, with 4677722 rules fired and 567974 states in the queue.
	900000 states explored in 43.53s, with 5411049 rules fired and 631221 states in the queue.
	1000000 states explored in 53.36s, with 6620962 rules fired and 667481 states in the queue.
	1100000 states explored in 63.47s, with 7851154 rules fired and 699946 states in the queue.
	1200000 states explored in 66.59s, with 8215678 rules fired and 780324 states in the queue.
	1300000 states explored in 70.17s, with 8622971 rules fired and 858993 states in the queue.
	1400000 states explored in 73.97s, with 9047749 rules fired and 936773 states in the queue.
	1500000 states explored in 78.02s, with 9500340 rules fired and 1013269 states in the queue.
	1600000 states explored in 85.05s, with 10278708 rules fired and 1068723 states in the queue.
	1700000 states explored in 90.27s, with 10872623 rules fired and 1138214 states in the queue.
	1800000 states explored in 96.40s, with 11527982 rules fired and 1202840 states in the queue.
	1900000 states explored in 102.63s, with 12187401 rules fired and 1267003 states in the queue.
	2000000 states explored in 110.37s, with 13026707 rules fired and 1321204 states in the queue.
	2100000 states explored in 119.05s, with 13963559 rules fired and 1370034 states in the queue.
	2200000 states explored in 127.92s, with 14912433 rules fired and 1419646 states in the queue.
	2300000 states explored in 142.28s, with 16440941 rules fired and 1430376 states in the queue.
	2400000 states explored in 159.74s, with 18265425 rules fired and 1416730 states in the queue.
	2500000 states explored in 162.76s, with 18583842 rules fired and 1498246 states in the queue.
	2600000 states explored in 166.73s, with 18977123 rules fired and 1575138 states in the queue.
	2700000 states explored in 170.95s, with 19377774 rules fired and 1651331 states in the queue.
	2800000 states explored in 175.46s, with 19814033 rules fired and 1725994 states in the queue.
	2900000 states explored in 180.16s, with 20260593 rules fired and 1800183 states in the queue.
	3000000 states explored in 185.01s, with 20718596 rules fired and 1874169 states in the queue.
	3100000 states explored in 193.21s, with 21468662 rules fired and 1926604 states in the queue.
	3200000 states explored in 201.69s, with 22271083 rules fired and 1976140 states in the queue.
	3300000 states explored in 208.83s, with 22929576 rules fired and 2035730 states in the queue.
	3400000 states explored in 215.91s, with 23580289 rules fired and 2097467 states in the queue.
	3500000 states explored in 223.55s, with 24260867 rules fired and 2155798 states in the queue.
	3600000 states explored in 231.53s, with 24971839 rules fired and 2211927 states in the queue.
	3700000 states explored in 240.12s, with 25725148 rules fired and 2263991 states in the queue.
	3800000 states explored in 249.40s, with 26533171 rules fired and 2312125 states in the queue.
	3900000 states explored in 260.53s, with 27523362 rules fired and 2346969 states in the queue.
	4000000 states explored in 268.97s, with 28310016 rules fired and 2399351 states in the queue.
	4100000 states explored in 276.07s, with 28971242 rules fired and 2463884 states in the queue.
	4200000 states explored in 283.35s, with 29666262 rules fired and 2527194 states in the queue.
	4300000 states explored in 295.92s, with 30842471 rules fired and 2558771 states in the queue.
	4400000 states explored in 311.53s, with 32245949 rules fired and 2573806 states in the queue.
	4500000 states explored in 326.51s, with 33578226 rules fired and 2595978 states in the queue.
	4600000 states explored in 341.26s, with 34919397 rules fired and 2616415 states in the queue.
	4700000 states explored in 358.24s, with 36405686 rules fired and 2624425 states in the queue.
	4800000 states explored in 375.55s, with 38018917 rules fired and 2623705 states in the queue.
	4900000 states explored in 379.12s, with 38346703 rules fired and 2704652 states in the queue.
	5000000 states explored in 382.91s, with 38688587 rules fired and 2784512 states in the queue.
	5100000 states explored in 387.02s, with 39058138 rules fired and 2862832 states in the queue.
	5200000 states explored in 391.75s, with 39438007 rules fired and 2938933 states in the queue.
	5300000 states explored in 396.34s, with 39815351 rules fired and 3014909 states in the queue.
	5400000 states explored in 400.95s, with 40203530 rules fired and 3090393 states in the queue.
	5500000 states explored in 405.94s, with 40612199 rules fired and 3165735 states in the queue.
	5600000 states explored in 411.06s, with 41031318 rules fired and 3240630 states in the queue.
	5700000 states explored in 417.13s, with 41497644 rules fired and 3312332 states in the queue.
	5800000 states explored in 423.16s, with 41974953 rules fired and 3382496 states in the queue.
	5900000 states explored in 428.81s, with 42439040 rules fired and 3454949 states in the queue.
	6000000 states explored in 434.88s, with 42920276 rules fired and 3526564 states in the queue.
	6100000 states explored in 441.34s, with 43439108 rules fired and 3597387 states in the queue.
	6200000 states explored in 453.23s, with 44376137 rules fired and 3636942 states in the queue.
	6300000 states explored in 467.30s, with 45467694 rules fired and 3661489 states in the queue.
	6400000 states explored in 482.18s, with 46595706 rules fired and 3680725 states in the queue.
	6500000 states explored in 496.41s, with 47674177 rules fired and 3705636 states in the queue.
	6600000 states explored in 506.81s, with 48441779 rules fired and 3752623 states in the queue.
	6700000 states explored in 517.97s, with 49238278 rules fired and 3796421 states in the queue.
	6800000 states explored in 528.64s, with 50070931 rules fired and 3838402 states in the queue.
	6900000 states explored in 539.91s, with 50915869 rules fired and 3879103 states in the queue.
	7000000 states explored in 551.72s, with 51767784 rules fired and 3917615 states in the queue.
	7100000 states explored in 564.18s, with 52676500 rules fired and 3953011 states in the queue.
	7200000 states explored in 577.41s, with 53668409 rules fired and 3981233 states in the queue.
	7300000 states explored in 591.62s, with 54811901 rules fired and 3997547 states in the queue.
	7400000 states explored in 601.16s, with 55585175 rules fired and 4049243 states in the queue.
	7500000 states explored in 609.74s, with 56299997 rules fired and 4109465 states in the queue.
	7600000 states explored in 617.00s, with 56877660 rules fired and 4178619 states in the queue.
	7700000 states explored in 628.03s, with 57771875 rules fired and 4228498 states in the queue.
	7800000 states explored in 637.51s, with 58556380 rules fired and 4286162 states in the queue.
	7900000 states explored in 644.47s, with 59104739 rules fired and 4360212 states in the queue.
	8000000 states explored in 652.17s, with 59707836 rules fired and 4431048 states in the queue.
	8100000 states explored in 660.67s, with 60352480 rules fired and 4499955 states in the queue.
	8200000 states explored in 674.50s, with 61479143 rules fired and 4541968 states in the queue.
	8300000 states explored in 689.04s, with 62643472 rules fired and 4579388 states in the queue.
	8400000 states explored in 706.20s, with 64004730 rules fired and 4605245 states in the queue.
	8500000 states explored in 724.51s, with 65496988 rules fired and 4623159 states in the queue.
	8600000 states explored in 745.89s, with 67115345 rules fired and 4629158 states in the queue.
	8700000 states explored in 770.35s, with 68882730 rules fired and 4620503 states in the queue.
	8800000 states explored in 796.49s, with 70860968 rules fired and 4592241 states in the queue.
	8900000 states explored in 820.67s, with 72629122 rules fired and 4576264 states in the queue.
	9000000 states explored in 825.33s, with 73005035 rules fired and 4653806 states in the queue.
	9100000 states explored in 829.58s, with 73348980 rules fired and 4733707 states in the queue.
	9200000 states explored in 834.67s, with 73731139 rules fired and 4810930 states in the queue.
	9300000 states explored in 839.90s, with 74102666 rules fired and 4888740 states in the queue.
	9400000 states explored in 844.94s, with 74490119 rules fired and 4965704 states in the queue.
	9500000 states explored in 849.22s, with 74859776 rules fired and 5043941 states in the queue.
	9600000 states explored in 855.08s, with 75259426 rules fired and 5119111 states in the queue.
	9700000 states explored in 860.36s, with 75637249 rules fired and 5196162 states in the queue.
	9800000 states explored in 865.33s, with 76023660 rules fired and 5271565 states in the queue.
	9900000 states explored in 870.81s, with 76411863 rules fired and 5348102 states in the queue.
	10000000 states explored in 875.94s, with 76821317 rules fired and 5423141 states in the queue.
	10100000 states explored in 881.03s, with 77238324 rules fired and 5498245 states in the queue.
	10200000 states explored in 886.74s, with 77648197 rules fired and 5574381 states in the queue.
	10300000 states explored in 892.74s, with 78052807 rules fired and 5650847 states in the queue.
	10400000 states explored in 898.02s, with 78431820 rules fired and 5728877 states in the queue.
	10500000 states explored in 903.52s, with 78837656 rules fired and 5804710 states in the queue.
	10600000 states explored in 908.97s, with 79250592 rules fired and 5880766 states in the queue.
	10700000 states explored in 915.05s, with 79668574 rules fired and 5956707 states in the queue.
	10800000 states explored in 921.71s, with 80109573 rules fired and 6030331 states in the queue.
	10900000 states explored in 928.74s, with 80574362 rules fired and 6101960 states in the queue.
	11000000 states explored in 935.32s, with 81025623 rules fired and 6175418 states in the queue.
	11100000 states explored in 942.34s, with 81501325 rules fired and 6247874 states in the queue.
	11200000 states explored in 949.21s, with 81977143 rules fired and 6319512 states in the queue.
	11300000 states explored in 956.02s, with 82454288 rules fired and 6391488 states in the queue.
	11400000 states explored in 963.13s, with 82948867 rules fired and 6462986 states in the queue.
	11500000 states explored in 970.54s, with 83436036 rules fired and 6535197 states in the queue.
	11600000 states explored in 978.23s, with 83960140 rules fired and 6604563 states in the queue.
	11700000 states explored in 987.02s, with 84540096 rules fired and 6670603 states in the queue.
	11800000 states explored in 995.69s, with 85148506 rules fired and 6735682 states in the queue.
	11900000 states explored in 1005.04s, with 85732545 rules fired and 6802064 states in the queue.
	12000000 states explored in 1015.99s, with 86363543 rules fired and 6865006 states in the queue.
	12100000 states explored in 1025.92s, with 87016867 rules fired and 6925969 states in the queue.
	12200000 states explored in 1035.10s, with 87624102 rules fired and 6990619 states in the queue.
	12300000 states explored in 1044.27s, with 88252029 rules fired and 7054727 states in the queue.
	12400000 states explored in 1053.46s, with 88900636 rules fired and 7119097 states in the queue.
	12500000 states explored in 1066.37s, with 89782738 rules fired and 7167743 states in the queue.

==========================================================================

Result:

	Invariant "test_174" failed.

State Space Explored:

	12559727 states, 90276602 rules fired in 1073.22s.

