This program should be regarded as a DEBUGGING aid, not as a 
certifier of correctness.
Call with the -l flag or read the license file for terms
and conditions of use.
Run this program with "-h" for the list of options.

Bugs, questions, and comments should be directed to
"melatti@di.uniroma1.it".

CMurphi compiler last modified date: Apr 18 2024
Include files last modified date:    Jul 23 2021
==========================================================================

==========================================================================
Caching Murphi Release 5.5.0
Finite-state Concurrent System Verifier.

Caching Murphi Release 5.5.0 is based on various versions of Murphi.
Caching Murphi Release 5.5.0 :
Copyright (C) 2009-2012 by Sapienza University of Rome.
Murphi release 3.1 :
Copyright (C) 1992 - 1999 by the Board of Trustees of
Leland Stanford Junior University.

==========================================================================

Protocol: ./protocols/exec/German_node8/German_node8_inv35
===========================================
  You are using LS algorithm.  
===========================================

===== Startstates are generated! =====
Carelist Layer 0: Cache[1].State Cache[2].State Cache[3].State Cache[4].State Cache[5].State Cache[6].State Cache[7].State Cache[8].State 
Carelist Layer 1: Chan2[node].Cmd Chan3[node].Cmd Cache[node].State 
Attr: Chan3[node].Cmd Level: 1 Wi: 2
Attr: Chan2[node].Cmd Level: 1 Wi: 2
Attr: Cache[8].State Level: 0 Wi: 4
Attr: Cache[7].State Level: 0 Wi: 4
Attr: Cache[1].State Level: 0 Wi: 4
Attr: Cache[3].State Level: 0 Wi: 4
Attr: Cache[node].State Level: 1 Wi: 2
Attr: Cache[4].State Level: 0 Wi: 4
Attr: Cache[2].State Level: 0 Wi: 4
Attr: Cache[5].State Level: 0 Wi: 4
Attr: Cache[6].State Level: 0 Wi: 4

===== Init heuristics! =====

Progress Report:

	100000 states explored in 6.46s, with 536140 rules fired and 75251 states in the queue.
	200000 states explored in 11.34s, with 1197108 rules fired and 141170 states in the queue.
	300000 states explored in 15.27s, with 1708454 rules fired and 215381 states in the queue.
	400000 states explored in 21.57s, with 2549126 rules fired and 273536 states in the queue.
	500000 states explored in 26.29s, with 3165807 rules fired and 341644 states in the queue.
	600000 states explored in 29.68s, with 3596107 rules fired and 421426 states in the queue.
	700000 states explored in 33.64s, with 4083672 rules fired and 497581 states in the queue.
	800000 states explored in 38.35s, with 4670309 rules fired and 568505 states in the queue.
	900000 states explored in 44.21s, with 5384943 rules fired and 632911 states in the queue.
	1000000 states explored in 54.44s, with 6632178 rules fired and 667097 states in the queue.
	1100000 states explored in 64.56s, with 7840163 rules fired and 700073 states in the queue.
	1200000 states explored in 67.66s, with 8204223 rules fired and 781163 states in the queue.
	1300000 states explored in 71.21s, with 8605745 rules fired and 860196 states in the queue.
	1400000 states explored in 75.14s, with 9036163 rules fired and 937358 states in the queue.
	1500000 states explored in 79.27s, with 9494629 rules fired and 1013519 states in the queue.
	1600000 states explored in 86.27s, with 10265035 rules fired and 1070646 states in the queue.
	1700000 states explored in 91.77s, with 10873719 rules fired and 1137994 states in the queue.
	1800000 states explored in 98.19s, with 11556863 rules fired and 1200427 states in the queue.
	1900000 states explored in 104.16s, with 12198494 rules fired and 1267070 states in the queue.
	2000000 states explored in 111.62s, with 13030299 rules fired and 1322963 states in the queue.
	2100000 states explored in 120.34s, with 13967863 rules fired and 1371558 states in the queue.
	2200000 states explored in 129.89s, with 14985185 rules fired and 1415103 states in the queue.
	2300000 states explored in 143.12s, with 16392524 rules fired and 1434725 states in the queue.
	2400000 states explored in 160.96s, with 18251011 rules fired and 1416729 states in the queue.
	2500000 states explored in 164.01s, with 18576388 rules fired and 1498792 states in the queue.
	2600000 states explored in 168.01s, with 18963049 rules fired and 1576162 states in the queue.
	2700000 states explored in 172.40s, with 19374970 rules fired and 1651942 states in the queue.
	2800000 states explored in 176.71s, with 19798324 rules fired and 1728287 states in the queue.
	2900000 states explored in 181.63s, with 20238075 rules fired and 1802097 states in the queue.
	3000000 states explored in 186.75s, with 20703011 rules fired and 1874966 states in the queue.
	3100000 states explored in 194.81s, with 21445184 rules fired and 1928350 states in the queue.
	3200000 states explored in 203.84s, with 22265138 rules fired and 1974356 states in the queue.
	3300000 states explored in 210.92s, with 22921249 rules fired and 2034215 states in the queue.
	3400000 states explored in 218.05s, with 23567640 rules fired and 2095608 states in the queue.
	3500000 states explored in 225.70s, with 24272491 rules fired and 2153083 states in the queue.
	3600000 states explored in 234.14s, with 25020208 rules fired and 2206913 states in the queue.
	3700000 states explored in 242.63s, with 25759787 rules fired and 2260988 states in the queue.
	3800000 states explored in 251.42s, with 26569814 rules fired and 2309728 states in the queue.
	3900000 states explored in 262.22s, with 27550288 rules fired and 2346888 states in the queue.
	4000000 states explored in 269.91s, with 28285995 rules fired and 2402616 states in the queue.
	4100000 states explored in 276.23s, with 28921147 rules fired and 2469471 states in the queue.
	4200000 states explored in 284.61s, with 29710043 rules fired and 2527078 states in the queue.
	4300000 states explored in 298.05s, with 30938026 rules fired and 2552196 states in the queue.
	4400000 states explored in 312.67s, with 32335875 rules fired and 2567074 states in the queue.
	4500000 states explored in 323.93s, with 33418827 rules fired and 2607992 states in the queue.
	4600000 states explored in 339.31s, with 34782200 rules fired and 2626811 states in the queue.
	4700000 states explored in 357.57s, with 36390563 rules fired and 2624602 states in the queue.
	4800000 states explored in 374.92s, with 38000840 rules fired and 2623695 states in the queue.
	4900000 states explored in 378.47s, with 38330240 rules fired and 2704770 states in the queue.
	5000000 states explored in 382.23s, with 38671739 rules fired and 2786156 states in the queue.
	5100000 states explored in 386.32s, with 39019096 rules fired and 2864277 states in the queue.
	5200000 states explored in 390.55s, with 39396163 rules fired and 2941672 states in the queue.
	5300000 states explored in 395.12s, with 39776523 rules fired and 3017889 states in the queue.
	5400000 states explored in 399.96s, with 40167368 rules fired and 3093829 states in the queue.
	5500000 states explored in 404.40s, with 40558844 rules fired and 3169418 states in the queue.
	5600000 states explored in 409.39s, with 40981234 rules fired and 3244931 states in the queue.
	5700000 states explored in 415.14s, with 41449437 rules fired and 3316235 states in the queue.
	5800000 states explored in 420.74s, with 41925645 rules fired and 3386468 states in the queue.
	5900000 states explored in 426.65s, with 42407295 rules fired and 3457326 states in the queue.
	6000000 states explored in 432.59s, with 42897848 rules fired and 3527726 states in the queue.
	6100000 states explored in 439.34s, with 43481436 rules fired and 3593481 states in the queue.
	6200000 states explored in 451.54s, with 44447508 rules fired and 3628510 states in the queue.
	6300000 states explored in 465.12s, with 45515251 rules fired and 3654882 states in the queue.
	6400000 states explored in 480.46s, with 46683131 rules fired and 3667748 states in the queue.
	6500000 states explored in 494.16s, with 47739609 rules fired and 3694000 states in the queue.
	6600000 states explored in 503.67s, with 48508062 rules fired and 3743075 states in the queue.
	6700000 states explored in 514.14s, with 49362756 rules fired and 3785715 states in the queue.
	6800000 states explored in 525.96s, with 50234260 rules fired and 3824062 states in the queue.
	6900000 states explored in 536.93s, with 51038520 rules fired and 3867400 states in the queue.
	7000000 states explored in 548.00s, with 51874407 rules fired and 3908359 states in the queue.
	7100000 states explored in 560.45s, with 52805838 rules fired and 3939976 states in the queue.
	7200000 states explored in 572.93s, with 53807737 rules fired and 3970523 states in the queue.
	7300000 states explored in 585.93s, with 54897044 rules fired and 3999054 states in the queue.
	7400000 states explored in 594.30s, with 55603240 rules fired and 4053167 states in the queue.
	7500000 states explored in 602.29s, with 56305097 rules fired and 4114927 states in the queue.
	7600000 states explored in 611.28s, with 56980903 rules fired and 4176315 states in the queue.
	7700000 states explored in 622.07s, with 57844092 rules fired and 4226691 states in the queue.
	7800000 states explored in 630.79s, with 58579287 rules fired and 4287331 states in the queue.
	7900000 states explored in 638.08s, with 59169841 rules fired and 4358858 states in the queue.
	8000000 states explored in 645.75s, with 59781965 rules fired and 4429502 states in the queue.
	8100000 states explored in 652.79s, with 60440521 rules fired and 4496657 states in the queue.
	8200000 states explored in 664.63s, with 61452356 rules fired and 4544244 states in the queue.
	8300000 states explored in 683.49s, with 62883084 rules fired and 4563018 states in the queue.
	8400000 states explored in 700.82s, with 64364194 rules fired and 4581692 states in the queue.
	8500000 states explored in 717.47s, with 65784703 rules fired and 4600126 states in the queue.
	8600000 states explored in 736.93s, with 67392868 rules fired and 4604904 states in the queue.
	8700000 states explored in 756.77s, with 68972761 rules fired and 4609686 states in the queue.
	8800000 states explored in 779.43s, with 70747902 rules fired and 4600455 states in the queue.
	8900000 states explored in 803.71s, with 72632113 rules fired and 4576500 states in the queue.
	9000000 states explored in 808.70s, with 73017708 rules fired and 4652910 states in the queue.
	9100000 states explored in 813.14s, with 73362205 rules fired and 4733372 states in the queue.
	9200000 states explored in 817.83s, with 73708441 rules fired and 4813606 states in the queue.
	9300000 states explored in 822.99s, with 74084024 rules fired and 4891272 states in the queue.
	9400000 states explored in 828.09s, with 74459851 rules fired and 4967788 states in the queue.
	9500000 states explored in 833.60s, with 74850495 rules fired and 5043373 states in the queue.
	9600000 states explored in 838.57s, with 75239615 rules fired and 5119872 states in the queue.
	9700000 states explored in 843.31s, with 75620928 rules fired and 5197944 states in the queue.
	9800000 states explored in 848.37s, with 76018453 rules fired and 5274572 states in the queue.
	9900000 states explored in 853.48s, with 76411824 rules fired and 5350659 states in the queue.
	10000000 states explored in 858.85s, with 76828212 rules fired and 5426433 states in the queue.
	10100000 states explored in 864.11s, with 77245267 rules fired and 5500824 states in the queue.
	10200000 states explored in 869.45s, with 77658745 rules fired and 5575211 states in the queue.
	10300000 states explored in 873.97s, with 78040481 rules fired and 5652638 states in the queue.
	10400000 states explored in 878.83s, with 78417290 rules fired and 5730718 states in the queue.
	10500000 states explored in 884.41s, with 78821276 rules fired and 5807319 states in the queue.
	10600000 states explored in 889.86s, with 79250055 rules fired and 5882458 states in the queue.
	10700000 states explored in 895.37s, with 79679956 rules fired and 5958253 states in the queue.
	10800000 states explored in 900.88s, with 80109393 rules fired and 6032793 states in the queue.
	10900000 states explored in 906.47s, with 80557221 rules fired and 6106804 states in the queue.
	11000000 states explored in 912.65s, with 80992755 rules fired and 6181146 states in the queue.
	11100000 states explored in 918.86s, with 81452228 rules fired and 6254139 states in the queue.
	11200000 states explored in 925.56s, with 81924647 rules fired and 6325746 states in the queue.
	11300000 states explored in 931.96s, with 82418704 rules fired and 6396603 states in the queue.
	11400000 states explored in 939.15s, with 82899436 rules fired and 6468121 states in the queue.
	11500000 states explored in 946.64s, with 83396928 rules fired and 6539815 states in the queue.
	11600000 states explored in 954.36s, with 83947388 rules fired and 6608024 states in the queue.
	11700000 states explored in 962.86s, with 84509591 rules fired and 6676158 states in the queue.
	11800000 states explored in 971.80s, with 85114584 rules fired and 6741592 states in the queue.
	11900000 states explored in 979.69s, with 85702188 rules fired and 6808181 states in the queue.

==========================================================================

Result:

	Invariant "test_35" failed.

State Space Explored:

	11903291 states, 85718353 rules fired in 979.89s.

