This program should be regarded as a DEBUGGING aid, not as a 
certifier of correctness.
Call with the -l flag or read the license file for terms
and conditions of use.
Run this program with "-h" for the list of options.

Bugs, questions, and comments should be directed to
"melatti@di.uniroma1.it".

CMurphi compiler last modified date: Apr 18 2024
Include files last modified date:    Jul 23 2021
==========================================================================

==========================================================================
Caching Murphi Release 5.5.0
Finite-state Concurrent System Verifier.

Caching Murphi Release 5.5.0 is based on various versions of Murphi.
Caching Murphi Release 5.5.0 :
Copyright (C) 2009-2012 by Sapienza University of Rome.
Murphi release 3.1 :
Copyright (C) 1992 - 1999 by the Board of Trustees of
Leland Stanford Junior University.

==========================================================================

Protocol: ./protocols/exec/German_node8/German_node8_inv92
===========================================
  You are using LS algorithm.  
===========================================

===== Startstates are generated! =====
Carelist Layer 0: Cache[1].State Cache[2].State Cache[3].State Cache[4].State Cache[5].State Cache[6].State Cache[7].State Cache[8].State 
Carelist Layer 1: Chan2[node].Cmd Chan3[node].Cmd Cache[node].State 
Attr: Chan3[node].Cmd Level: 1 Wi: 2
Attr: Chan2[node].Cmd Level: 1 Wi: 2
Attr: Cache[8].State Level: 0 Wi: 4
Attr: Cache[7].State Level: 0 Wi: 4
Attr: Cache[1].State Level: 0 Wi: 4
Attr: Cache[3].State Level: 0 Wi: 4
Attr: Cache[node].State Level: 1 Wi: 2
Attr: Cache[4].State Level: 0 Wi: 4
Attr: Cache[2].State Level: 0 Wi: 4
Attr: Cache[5].State Level: 0 Wi: 4
Attr: Cache[6].State Level: 0 Wi: 4

===== Init heuristics! =====

Progress Report:

	100000 states explored in 6.25s, with 534936 rules fired and 75307 states in the queue.
	200000 states explored in 11.06s, with 1198825 rules fired and 141090 states in the queue.
	300000 states explored in 14.87s, with 1710393 rules fired and 215391 states in the queue.
	400000 states explored in 20.91s, with 2534182 rules fired and 275046 states in the queue.
	500000 states explored in 25.69s, with 3177421 rules fired and 341441 states in the queue.
	600000 states explored in 28.98s, with 3616168 rules fired and 420889 states in the queue.
	700000 states explored in 32.78s, with 4111494 rules fired and 497033 states in the queue.
	800000 states explored in 37.51s, with 4713555 rules fired and 566738 states in the queue.
	900000 states explored in 42.92s, with 5411626 rules fired and 631177 states in the queue.
	1000000 states explored in 52.43s, with 6616227 rules fired and 667547 states in the queue.
	1100000 states explored in 62.27s, with 7834430 rules fired and 700036 states in the queue.
	1200000 states explored in 65.26s, with 8193870 rules fired and 780951 states in the queue.
	1300000 states explored in 68.68s, with 8603055 rules fired and 859987 states in the queue.
	1400000 states explored in 72.32s, with 9032618 rules fired and 937561 states in the queue.
	1500000 states explored in 76.29s, with 9499138 rules fired and 1014299 states in the queue.
	1600000 states explored in 83.35s, with 10290603 rules fired and 1068432 states in the queue.
	1700000 states explored in 88.78s, with 10918066 rules fired and 1136307 states in the queue.
	1800000 states explored in 94.65s, with 11582911 rules fired and 1200882 states in the queue.
	1900000 states explored in 100.11s, with 12220692 rules fired and 1267471 states in the queue.
	2000000 states explored in 106.92s, with 13013677 rules fired and 1324074 states in the queue.
	2100000 states explored in 115.57s, with 13987840 rules fired and 1368538 states in the queue.
	2200000 states explored in 125.14s, with 15059326 rules fired and 1408303 states in the queue.
	2300000 states explored in 138.18s, with 16541632 rules fired and 1421616 states in the queue.
	2400000 states explored in 153.60s, with 18233522 rules fired and 1416738 states in the queue.
	2500000 states explored in 156.63s, with 18552930 rules fired and 1497825 states in the queue.
	2600000 states explored in 160.48s, with 18940285 rules fired and 1574567 states in the queue.
	2700000 states explored in 164.64s, with 19367208 rules fired and 1649718 states in the queue.
	2800000 states explored in 168.86s, with 19806509 rules fired and 1724721 states in the queue.
	2900000 states explored in 173.06s, with 20247861 rules fired and 1800232 states in the queue.
	3000000 states explored in 177.65s, with 20727572 rules fired and 1873813 states in the queue.
	3100000 states explored in 185.30s, with 21485670 rules fired and 1927991 states in the queue.
	3200000 states explored in 193.51s, with 22307936 rules fired and 1975886 states in the queue.
	3300000 states explored in 199.93s, with 22962530 rules fired and 2037287 states in the queue.
	3400000 states explored in 206.48s, with 23616996 rules fired and 2098002 states in the queue.
	3500000 states explored in 213.83s, with 24318164 rules fired and 2154341 states in the queue.
	3600000 states explored in 221.13s, with 25030735 rules fired and 2210139 states in the queue.
	3700000 states explored in 228.43s, with 25757982 rules fired and 2266188 states in the queue.
	3800000 states explored in 236.32s, with 26555541 rules fired and 2315277 states in the queue.
	3900000 states explored in 246.31s, with 27503213 rules fired and 2352278 states in the queue.
	4000000 states explored in 254.66s, with 28331523 rules fired and 2398785 states in the queue.
	4100000 states explored in 259.54s, with 28862561 rules fired and 2471478 states in the queue.
	4200000 states explored in 266.55s, with 29600554 rules fired and 2530749 states in the queue.
	4300000 states explored in 278.53s, with 30822711 rules fired and 2555484 states in the queue.
	4400000 states explored in 292.63s, with 32275510 rules fired and 2566544 states in the queue.
	4500000 states explored in 304.17s, with 33529862 rules fired and 2594311 states in the queue.
	4600000 states explored in 317.57s, with 34873329 rules fired and 2609871 states in the queue.
	4700000 states explored in 332.81s, with 36383653 rules fired and 2618674 states in the queue.
	4800000 states explored in 348.78s, with 37982909 rules fired and 2623697 states in the queue.
	4900000 states explored in 352.11s, with 38292306 rules fired and 2704655 states in the queue.
	5000000 states explored in 355.53s, with 38628892 rules fired and 2784594 states in the queue.
	5100000 states explored in 359.28s, with 38991920 rules fired and 2863203 states in the queue.
	5200000 states explored in 363.45s, with 39380006 rules fired and 2939004 states in the queue.
	5300000 states explored in 367.50s, with 39773128 rules fired and 3015640 states in the queue.
	5400000 states explored in 371.46s, with 40164649 rules fired and 3092095 states in the queue.
	5500000 states explored in 375.58s, with 40559074 rules fired and 3169218 states in the queue.
	5600000 states explored in 380.04s, with 40985584 rules fired and 3243709 states in the queue.
	5700000 states explored in 385.02s, with 41460530 rules fired and 3315032 states in the queue.
	5800000 states explored in 389.84s, with 41930499 rules fired and 3387762 states in the queue.
	5900000 states explored in 395.23s, with 42430401 rules fired and 3457247 states in the queue.
	6000000 states explored in 400.18s, with 42919885 rules fired and 3530033 states in the queue.
	6100000 states explored in 405.29s, with 43430588 rules fired and 3602344 states in the queue.
	6200000 states explored in 414.11s, with 44277444 rules fired and 3652662 states in the queue.
	6300000 states explored in 426.10s, with 45385062 rules fired and 3678234 states in the queue.
	6400000 states explored in 439.58s, with 46630768 rules fired and 3692742 states in the queue.
	6500000 states explored in 452.23s, with 47793037 rules fired and 3710350 states in the queue.
	6600000 states explored in 462.13s, with 48635980 rules fired and 3748372 states in the queue.
	6700000 states explored in 470.51s, with 49421390 rules fired and 3796827 states in the queue.
	6800000 states explored in 480.04s, with 50249385 rules fired and 3836642 states in the queue.
	6900000 states explored in 489.61s, with 51113223 rules fired and 3876772 states in the queue.
	7000000 states explored in 498.87s, with 51943302 rules fired and 3917637 states in the queue.
	7100000 states explored in 510.46s, with 52905542 rules fired and 3946294 states in the queue.
	7200000 states explored in 522.28s, with 53951299 rules fired and 3971363 states in the queue.
	7300000 states explored in 533.30s, with 54935579 rules fired and 4001694 states in the queue.
	7400000 states explored in 542.77s, with 55785459 rules fired and 4041513 states in the queue.
	7500000 states explored in 548.94s, with 56362178 rules fired and 4110079 states in the queue.
	7600000 states explored in 556.84s, with 57104030 rules fired and 4168365 states in the queue.
	7700000 states explored in 566.33s, with 57968173 rules fired and 4217631 states in the queue.
	7800000 states explored in 575.60s, with 58777074 rules fired and 4273136 states in the queue.
	7900000 states explored in 581.50s, with 59323239 rules fired and 4346762 states in the queue.
	8000000 states explored in 587.36s, with 59928222 rules fired and 4416882 states in the queue.
	8100000 states explored in 593.10s, with 60539924 rules fired and 4487424 states in the queue.
	8200000 states explored in 603.13s, with 61549098 rules fired and 4535218 states in the queue.
	8300000 states explored in 616.40s, with 62871496 rules fired and 4564425 states in the queue.
	8400000 states explored in 630.87s, with 64294319 rules fired and 4582807 states in the queue.
	8500000 states explored in 643.97s, with 65531711 rules fired and 4614478 states in the queue.
	8600000 states explored in 660.53s, with 67123514 rules fired and 4621654 states in the queue.
	8700000 states explored in 681.40s, with 69000106 rules fired and 4601264 states in the queue.
	8800000 states explored in 702.83s, with 70910981 rules fired and 4580224 states in the queue.
	8900000 states explored in 722.09s, with 72594570 rules fired and 4575069 states in the queue.
	9000000 states explored in 726.11s, with 72966009 rules fired and 4652417 states in the queue.
	9100000 states explored in 729.79s, with 73291358 rules fired and 4732617 states in the queue.
	9200000 states explored in 733.85s, with 73651159 rules fired and 4810910 states in the queue.
	9300000 states explored in 737.78s, with 73998438 rules fired and 4890081 states in the queue.
	9400000 states explored in 741.97s, with 74358418 rules fired and 4968963 states in the queue.
	9500000 states explored in 746.06s, with 74733189 rules fired and 5046370 states in the queue.
	9600000 states explored in 750.12s, with 75107422 rules fired and 5123969 states in the queue.
	9700000 states explored in 754.61s, with 75503651 rules fired and 5200062 states in the queue.
	9800000 states explored in 758.78s, with 75904143 rules fired and 5276367 states in the queue.
	9900000 states explored in 762.67s, with 76296285 rules fired and 5353471 states in the queue.
	10000000 states explored in 767.04s, with 76687816 rules fired and 5430175 states in the queue.
	10100000 states explored in 772.00s, with 77106369 rules fired and 5504799 states in the queue.
	10200000 states explored in 776.86s, with 77518284 rules fired and 5580501 states in the queue.
	10300000 states explored in 781.68s, with 77936746 rules fired and 5656540 states in the queue.
	10400000 states explored in 785.78s, with 78328972 rules fired and 5734014 states in the queue.

==========================================================================

Result:

	Invariant "test_92" failed.

State Space Explored:

	10466423 states, 78617139 rules fired in 788.95s.

