This program should be regarded as a DEBUGGING aid, not as a 
certifier of correctness.
Call with the -l flag or read the license file for terms
and conditions of use.
Run this program with "-h" for the list of options.

Bugs, questions, and comments should be directed to
"melatti@di.uniroma1.it".

CMurphi compiler last modified date: Apr 18 2024
Include files last modified date:    Jul 23 2021
==========================================================================

==========================================================================
Caching Murphi Release 5.5.0
Finite-state Concurrent System Verifier.

Caching Murphi Release 5.5.0 is based on various versions of Murphi.
Caching Murphi Release 5.5.0 :
Copyright (C) 2009-2012 by Sapienza University of Rome.
Murphi release 3.1 :
Copyright (C) 1992 - 1999 by the Board of Trustees of
Leland Stanford Junior University.

==========================================================================

Protocol: ./protocols/exec/German_node8/German_node8_inv210
===========================================
  You are using LS algorithm.  
===========================================

===== Startstates are generated! =====
Carelist Layer 0: Cache[1].State Cache[2].State Cache[3].State Cache[4].State Cache[5].State Cache[6].State Cache[7].State Cache[8].State 
Carelist Layer 1: Chan2[node].Cmd Chan3[node].Cmd Cache[node].State 
Attr: Chan3[node].Cmd Level: 1 Wi: 2
Attr: Chan2[node].Cmd Level: 1 Wi: 2
Attr: Cache[8].State Level: 0 Wi: 4
Attr: Cache[7].State Level: 0 Wi: 4
Attr: Cache[1].State Level: 0 Wi: 4
Attr: Cache[3].State Level: 0 Wi: 4
Attr: Cache[node].State Level: 1 Wi: 2
Attr: Cache[4].State Level: 0 Wi: 4
Attr: Cache[2].State Level: 0 Wi: 4
Attr: Cache[5].State Level: 0 Wi: 4
Attr: Cache[6].State Level: 0 Wi: 4

===== Init heuristics! =====

Progress Report:

	100000 states explored in 6.41s, with 541380 rules fired and 74924 states in the queue.
	200000 states explored in 11.20s, with 1190914 rules fired and 141063 states in the queue.
	300000 states explored in 15.18s, with 1713406 rules fired and 215070 states in the queue.
	400000 states explored in 21.27s, with 2523471 rules fired and 275142 states in the queue.
	500000 states explored in 26.25s, with 3170985 rules fired and 341474 states in the queue.
	600000 states explored in 29.55s, with 3590985 rules fired and 420864 states in the queue.
	700000 states explored in 33.39s, with 4070960 rules fired and 497396 states in the queue.
	800000 states explored in 38.21s, with 4651345 rules fired and 567922 states in the queue.
	900000 states explored in 44.20s, with 5374583 rules fired and 632531 states in the queue.
	1000000 states explored in 54.98s, with 6666064 rules fired and 664157 states in the queue.
	1100000 states explored in 64.92s, with 7854111 rules fired and 700154 states in the queue.
	1200000 states explored in 68.06s, with 8210873 rules fired and 780971 states in the queue.
	1300000 states explored in 71.54s, with 8597253 rules fired and 860279 states in the queue.
	1400000 states explored in 75.38s, with 9016246 rules fired and 938241 states in the queue.
	1500000 states explored in 79.62s, with 9470982 rules fired and 1014520 states in the queue.
	1600000 states explored in 87.09s, with 10260351 rules fired and 1069614 states in the queue.
	1700000 states explored in 92.99s, with 10869851 rules fired and 1135846 states in the queue.
	1800000 states explored in 99.05s, with 11515598 rules fired and 1202475 states in the queue.
	1900000 states explored in 105.56s, with 12190493 rules fired and 1267029 states in the queue.
	2000000 states explored in 113.07s, with 12984552 rules fired and 1325166 states in the queue.
	2100000 states explored in 122.39s, with 13971658 rules fired and 1369192 states in the queue.
	2200000 states explored in 131.24s, with 14908057 rules fired and 1420099 states in the queue.
	2300000 states explored in 147.26s, with 16514307 rules fired and 1422987 states in the queue.
	2400000 states explored in 164.46s, with 18246229 rules fired and 1416738 states in the queue.
	2500000 states explored in 167.68s, with 18567514 rules fired and 1498950 states in the queue.
	2600000 states explored in 171.42s, with 18926092 rules fired and 1578404 states in the queue.
	2700000 states explored in 176.09s, with 19349139 rules fired and 1653180 states in the queue.
	2800000 states explored in 180.50s, with 19757842 rules fired and 1729374 states in the queue.
	2900000 states explored in 185.30s, with 20183266 rules fired and 1804004 states in the queue.
	3000000 states explored in 190.81s, with 20657400 rules fired and 1875679 states in the queue.
	3100000 states explored in 200.08s, with 21438271 rules fired and 1925092 states in the queue.
	3200000 states explored in 208.72s, with 22234582 rules fired and 1977951 states in the queue.
	3300000 states explored in 216.36s, with 22901617 rules fired and 2035968 states in the queue.
	3400000 states explored in 224.19s, with 23545606 rules fired and 2095294 states in the queue.
	3500000 states explored in 232.22s, with 24231622 rules fired and 2154091 states in the queue.
	3600000 states explored in 240.82s, with 24951271 rules fired and 2208397 states in the queue.
	3700000 states explored in 249.79s, with 25701742 rules fired and 2260653 states in the queue.
	3800000 states explored in 259.06s, with 26495496 rules fired and 2310906 states in the queue.
	3900000 states explored in 269.78s, with 27420103 rules fired and 2350678 states in the queue.
	4000000 states explored in 279.05s, with 28238758 rules fired and 2399608 states in the queue.
	4100000 states explored in 286.35s, with 28927598 rules fired and 2462915 states in the queue.
	4200000 states explored in 294.35s, with 29686131 rules fired and 2523860 states in the queue.
	4300000 states explored in 310.01s, with 31045808 rules fired and 2541898 states in the queue.
	4400000 states explored in 325.04s, with 32384069 rules fired and 2565021 states in the queue.
	4500000 states explored in 339.14s, with 33579766 rules fired and 2595125 states in the queue.
	4600000 states explored in 355.08s, with 34912185 rules fired and 2617477 states in the queue.
	4700000 states explored in 371.86s, with 36336360 rules fired and 2631969 states in the queue.
	4800000 states explored in 392.64s, with 37980635 rules fired and 2623710 states in the queue.
	4900000 states explored in 396.69s, with 38315682 rules fired and 2704420 states in the queue.
	5000000 states explored in 400.90s, with 38651378 rules fired and 2784857 states in the queue.
	5100000 states explored in 405.54s, with 39007086 rules fired and 2863097 states in the queue.
	5200000 states explored in 410.75s, with 39389522 rules fired and 2937984 states in the queue.
	5300000 states explored in 416.09s, with 39782027 rules fired and 3012004 states in the queue.
	5400000 states explored in 421.57s, with 40185980 rules fired and 3085033 states in the queue.
	5500000 states explored in 426.86s, with 40585095 rules fired and 3159046 states in the queue.
	5600000 states explored in 432.16s, with 40998598 rules fired and 3234008 states in the queue.
	5700000 states explored in 438.07s, with 41470692 rules fired and 3305731 states in the queue.
	5800000 states explored in 444.37s, with 41962597 rules fired and 3375425 states in the queue.
	5900000 states explored in 450.73s, with 42429494 rules fired and 3448393 states in the queue.
	6000000 states explored in 457.11s, with 42920675 rules fired and 3520248 states in the queue.
	6100000 states explored in 464.36s, with 43433985 rules fired and 3590814 states in the queue.
	6200000 states explored in 478.24s, with 44422955 rules fired and 3625210 states in the queue.
	6300000 states explored in 495.00s, with 45629197 rules fired and 3639505 states in the queue.
	6400000 states explored in 512.79s, with 46832492 rules fired and 3641217 states in the queue.
	6500000 states explored in 525.72s, with 47736321 rules fired and 3676108 states in the queue.
	6600000 states explored in 536.85s, with 48526419 rules fired and 3721784 states in the queue.
	6700000 states explored in 548.60s, with 49356352 rules fired and 3762516 states in the queue.
	6800000 states explored in 560.43s, with 50182132 rules fired and 3804190 states in the queue.
	6900000 states explored in 573.16s, with 51057859 rules fired and 3840060 states in the queue.
	7000000 states explored in 585.10s, with 51907810 rules fired and 3880079 states in the queue.
	7100000 states explored in 597.09s, with 52794992 rules fired and 3920238 states in the queue.
	7200000 states explored in 610.39s, with 53764596 rules fired and 3954408 states in the queue.
	7300000 states explored in 624.31s, with 54805677 rules fired and 3983769 states in the queue.
	7400000 states explored in 633.37s, with 55519389 rules fired and 4042120 states in the queue.
	7500000 states explored in 641.96s, with 56243332 rules fired and 4102549 states in the queue.
	7600000 states explored in 651.65s, with 56935126 rules fired and 4163618 states in the queue.
	7700000 states explored in 664.35s, with 57912029 rules fired and 4207910 states in the queue.
	7800000 states explored in 671.99s, with 58523041 rules fired and 4277873 states in the queue.
	7900000 states explored in 679.56s, with 59085883 rules fired and 4350684 states in the queue.
	8000000 states explored in 687.46s, with 59712354 rules fired and 4421159 states in the queue.
	8100000 states explored in 695.18s, with 60303924 rules fired and 4493375 states in the queue.
	8200000 states explored in 708.43s, with 61311998 rules fired and 4542505 states in the queue.
	8300000 states explored in 725.60s, with 62522156 rules fired and 4577529 states in the queue.
	8400000 states explored in 743.34s, with 63934508 rules fired and 4602170 states in the queue.
	8500000 states explored in 761.36s, with 65372940 rules fired and 4625179 states in the queue.
	8600000 states explored in 787.25s, with 67316515 rules fired and 4609591 states in the queue.
	8700000 states explored in 808.31s, with 68877163 rules fired and 4618560 states in the queue.
	8800000 states explored in 835.51s, with 70667981 rules fired and 4598873 states in the queue.
	8900000 states explored in 863.19s, with 72584435 rules fired and 4575008 states in the queue.
	9000000 states explored in 867.75s, with 72944069 rules fired and 4655162 states in the queue.
	9100000 states explored in 872.03s, with 73276457 rules fired and 4736916 states in the queue.
	9200000 states explored in 876.75s, with 73610340 rules fired and 4817571 states in the queue.
	9300000 states explored in 881.60s, with 73947276 rules fired and 4897844 states in the queue.
	9400000 states explored in 886.95s, with 74294277 rules fired and 4977043 states in the queue.
	9500000 states explored in 893.07s, with 74662827 rules fired and 5054257 states in the queue.
	9600000 states explored in 898.81s, with 75036259 rules fired and 5130662 states in the queue.
	9700000 states explored in 904.97s, with 75436640 rules fired and 5205421 states in the queue.
	9800000 states explored in 910.49s, with 75819140 rules fired and 5282266 states in the queue.
	9900000 states explored in 915.88s, with 76221393 rules fired and 5357813 states in the queue.
	10000000 states explored in 922.30s, with 76630342 rules fired and 5431999 states in the queue.
	10100000 states explored in 927.76s, with 77036540 rules fired and 5506628 states in the queue.
	10200000 states explored in 933.86s, with 77459464 rules fired and 5580776 states in the queue.
	10300000 states explored in 939.94s, with 77898793 rules fired and 5653355 states in the queue.
	10400000 states explored in 946.03s, with 78333638 rules fired and 5727802 states in the queue.
	10500000 states explored in 951.91s, with 78750253 rules fired and 5803880 states in the queue.
	10600000 states explored in 957.67s, with 79164110 rules fired and 5880443 states in the queue.
	10700000 states explored in 963.94s, with 79612382 rules fired and 5954620 states in the queue.

==========================================================================

Result:

	Invariant "test_210" failed.

State Space Explored:

	10741799 states, 79788421 rules fired in 966.37s.

