This program should be regarded as a DEBUGGING aid, not as a 
certifier of correctness.
Call with the -l flag or read the license file for terms
and conditions of use.
Run this program with "-h" for the list of options.

Bugs, questions, and comments should be directed to
"melatti@di.uniroma1.it".

CMurphi compiler last modified date: Apr 18 2024
Include files last modified date:    Jul 23 2021
==========================================================================

==========================================================================
Caching Murphi Release 5.5.0
Finite-state Concurrent System Verifier.

Caching Murphi Release 5.5.0 is based on various versions of Murphi.
Caching Murphi Release 5.5.0 :
Copyright (C) 2009-2012 by Sapienza University of Rome.
Murphi release 3.1 :
Copyright (C) 1992 - 1999 by the Board of Trustees of
Leland Stanford Junior University.

==========================================================================

Protocol: ./protocols/exec/German_node8/German_node8_inv36
===========================================
  You are using LS algorithm.  
===========================================

===== Startstates are generated! =====
Carelist Layer 0: Cache[1].State Cache[2].State Cache[3].State Cache[4].State Cache[5].State Cache[6].State Cache[7].State Cache[8].State 
Carelist Layer 1: Chan2[node].Cmd Chan3[node].Cmd Cache[node].State 
Attr: Chan3[node].Cmd Level: 1 Wi: 2
Attr: Chan2[node].Cmd Level: 1 Wi: 2
Attr: Cache[8].State Level: 0 Wi: 4
Attr: Cache[7].State Level: 0 Wi: 4
Attr: Cache[1].State Level: 0 Wi: 4
Attr: Cache[3].State Level: 0 Wi: 4
Attr: Cache[node].State Level: 1 Wi: 2
Attr: Cache[4].State Level: 0 Wi: 4
Attr: Cache[2].State Level: 0 Wi: 4
Attr: Cache[5].State Level: 0 Wi: 4
Attr: Cache[6].State Level: 0 Wi: 4

===== Init heuristics! =====

Progress Report:

	100000 states explored in 8.62s, with 533361 rules fired and 75514 states in the queue.
	200000 states explored in 14.40s, with 1209419 rules fired and 140784 states in the queue.
	300000 states explored in 19.04s, with 1711135 rules fired and 215769 states in the queue.
	400000 states explored in 25.09s, with 2401908 rules fired and 283212 states in the queue.
	500000 states explored in 32.31s, with 3226449 rules fired and 338903 states in the queue.
	600000 states explored in 36.37s, with 3665254 rules fired and 417715 states in the queue.
	700000 states explored in 41.09s, with 4167467 rules fired and 493391 states in the queue.
	800000 states explored in 46.28s, with 4720290 rules fired and 566106 states in the queue.
	900000 states explored in 52.30s, with 5348646 rules fired and 634836 states in the queue.
	1000000 states explored in 62.26s, with 6399596 rules fired and 679415 states in the queue.
	1100000 states explored in 75.74s, with 7787869 rules fired and 702826 states in the queue.
	1200000 states explored in 81.68s, with 8381021 rules fired and 769698 states in the queue.
	1300000 states explored in 85.79s, with 8769946 rules fired and 849485 states in the queue.
	1400000 states explored in 90.23s, with 9195503 rules fired and 927349 states in the queue.
	1500000 states explored in 95.39s, with 9649799 rules fired and 1003301 states in the queue.
	1600000 states explored in 102.26s, with 10267875 rules fired and 1069402 states in the queue.
	1700000 states explored in 109.54s, with 10957622 rules fired and 1131078 states in the queue.
	1800000 states explored in 116.26s, with 11570601 rules fired and 1198594 states in the queue.
	1900000 states explored in 123.48s, with 12204239 rules fired and 1263471 states in the queue.
	2000000 states explored in 130.79s, with 12869025 rules fired and 1327924 states in the queue.
	2100000 states explored in 139.91s, with 13718310 rules fired and 1380729 states in the queue.
	2200000 states explored in 148.78s, with 14483582 rules fired and 1439348 states in the queue.
	2300000 states explored in 162.16s, with 15657845 rules fired and 1471701 states in the queue.
	2400000 states explored in 178.19s, with 17094075 rules fired and 1486724 states in the queue.
	2500000 states explored in 198.13s, with 18849587 rules fired and 1477442 states in the queue.
	2600000 states explored in 206.10s, with 19530382 rules fired and 1537006 states in the queue.
	2700000 states explored in 210.88s, with 19905973 rules fired and 1614921 states in the queue.
	2800000 states explored in 215.86s, with 20299030 rules fired and 1692823 states in the queue.
	2900000 states explored in 220.93s, with 20717367 rules fired and 1769296 states in the queue.
	3000000 states explored in 226.52s, with 21164863 rules fired and 1843411 states in the queue.
	3100000 states explored in 232.92s, with 21625903 rules fired and 1916355 states in the queue.
	3200000 states explored in 243.68s, with 22415348 rules fired and 1965171 states in the queue.
	3300000 states explored in 253.80s, with 23105678 rules fired and 2020660 states in the queue.
	3400000 states explored in 262.54s, with 23775871 rules fired and 2080066 states in the queue.
	3500000 states explored in 270.88s, with 24432644 rules fired and 2140419 states in the queue.
	3600000 states explored in 280.36s, with 25105145 rules fired and 2198028 states in the queue.
	3700000 states explored in 289.72s, with 25796358 rules fired and 2255486 states in the queue.
	3800000 states explored in 300.23s, with 26532132 rules fired and 2309175 states in the queue.
	3900000 states explored in 310.68s, with 27284506 rules fired and 2361190 states in the queue.
	4000000 states explored in 322.65s, with 28133920 rules fired and 2404026 states in the queue.
	4100000 states explored in 331.56s, with 28825143 rules fired and 2463552 states in the queue.
	4200000 states explored in 338.57s, with 29396982 rules fired and 2532757 states in the queue.
	4300000 states explored in 348.37s, with 30153904 rules fired and 2589928 states in the queue.
	4400000 states explored in 358.90s, with 30916978 rules fired and 2647067 states in the queue.
	4500000 states explored in 376.38s, with 32223432 rules fired and 2668111 states in the queue.
	4600000 states explored in 394.02s, with 33581375 rules fired and 2683989 states in the queue.
	4700000 states explored in 408.15s, with 34678342 rules fired and 2721518 states in the queue.
	4800000 states explored in 426.06s, with 35973004 rules fired and 2742762 states in the queue.
	4900000 states explored in 445.53s, with 37351218 rules fired and 2757471 states in the queue.
	5000000 states explored in 466.54s, with 38924665 rules fired and 2759346 states in the queue.
	5100000 states explored in 489.29s, with 40580978 rules fired and 2756000 states in the queue.
	5200000 states explored in 494.31s, with 40926214 rules fired and 2835920 states in the queue.
	5300000 states explored in 499.31s, with 41286491 rules fired and 2913690 states in the queue.
	5400000 states explored in 504.56s, with 41655177 rules fired and 2991594 states in the queue.
	5500000 states explored in 509.52s, with 42011660 rules fired and 3070171 states in the queue.
	5600000 states explored in 515.33s, with 42422757 rules fired and 3146063 states in the queue.
	5700000 states explored in 521.35s, with 42821536 rules fired and 3221863 states in the queue.
	5800000 states explored in 527.24s, with 43230847 rules fired and 3296948 states in the queue.
	5900000 states explored in 533.86s, with 43660950 rules fired and 3369994 states in the queue.
	6000000 states explored in 541.66s, with 44114916 rules fired and 3441769 states in the queue.
	6100000 states explored in 549.95s, with 44599598 rules fired and 3511018 states in the queue.
	6200000 states explored in 557.26s, with 45057987 rules fired and 3583802 states in the queue.
	6300000 states explored in 567.75s, with 45704442 rules fired and 3644501 states in the queue.
	6400000 states explored in 585.12s, with 46700208 rules fired and 3674734 states in the queue.
	6500000 states explored in 604.30s, with 47792444 rules fired and 3693916 states in the queue.
	6600000 states explored in 622.02s, with 48915982 rules fired and 3710634 states in the queue.
	6700000 states explored in 634.01s, with 49673169 rules fired and 3758398 states in the queue.
	6800000 states explored in 646.11s, with 50442031 rules fired and 3806045 states in the queue.
	6900000 states explored in 658.84s, with 51204234 rules fired and 3852798 states in the queue.
	7000000 states explored in 671.94s, with 52010754 rules fired and 3897784 states in the queue.
	7100000 states explored in 686.33s, with 52843239 rules fired and 3939165 states in the queue.
	7200000 states explored in 700.27s, with 53660033 rules fired and 3981658 states in the queue.
	7300000 states explored in 713.53s, with 54463768 rules fired and 4024450 states in the queue.
	7400000 states explored in 727.55s, with 55316594 rules fired and 4060033 states in the queue.
	7500000 states explored in 744.38s, with 56298991 rules fired and 4085954 states in the queue.
	7600000 states explored in 757.20s, with 57105851 rules fired and 4131761 states in the queue.
	7700000 states explored in 766.18s, with 57724916 rules fired and 4196719 states in the queue.
	7800000 states explored in 777.37s, with 58437097 rules fired and 4254827 states in the queue.
	7900000 states explored in 788.90s, with 59089413 rules fired and 4317776 states in the queue.
	8000000 states explored in 799.74s, with 59767878 rules fired and 4381551 states in the queue.
	8100000 states explored in 808.04s, with 60315525 rules fired and 4454660 states in the queue.
	8200000 states explored in 814.95s, with 60844933 rules fired and 4529960 states in the queue.
	8300000 states explored in 823.46s, with 61425880 rules fired and 4602550 states in the queue.
	8400000 states explored in 831.91s, with 62021061 rules fired and 4673822 states in the queue.
	8500000 states explored in 841.70s, with 62704558 rules fired and 4740843 states in the queue.
	8600000 states explored in 853.98s, with 63558284 rules fired and 4796578 states in the queue.
	8700000 states explored in 873.29s, with 64762300 rules fired and 4830056 states in the queue.
	8800000 states explored in 892.53s, with 66018847 rules fired and 4862543 states in the queue.
	8900000 states explored in 914.44s, with 67463295 rules fired and 4880751 states in the queue.
	9000000 states explored in 936.84s, with 69020393 rules fired and 4891596 states in the queue.
	9100000 states explored in 960.53s, with 70632245 rules fired and 4897947 states in the queue.
	9200000 states explored in 987.91s, with 72262005 rules fired and 4893468 states in the queue.
	9300000 states explored in 1015.79s, with 73960783 rules fired and 4885555 states in the queue.
	9400000 states explored in 1042.24s, with 75537556 rules fired and 4886041 states in the queue.
	9500000 states explored in 1070.48s, with 77210564 rules fired and 4880128 states in the queue.
	9600000 states explored in 1093.28s, with 78612709 rules fired and 4885478 states in the queue.
	9700000 states explored in 1098.23s, with 78959984 rules fired and 4965566 states in the queue.
	9800000 states explored in 1103.35s, with 79312207 rules fired and 5044493 states in the queue.
	9900000 states explored in 1108.27s, with 79659835 rules fired and 5123110 states in the queue.
	10000000 states explored in 1114.31s, with 80024167 rules fired and 5200658 states in the queue.
	10100000 states explored in 1119.81s, with 80395659 rules fired and 5278548 states in the queue.
	10200000 states explored in 1125.94s, with 80773047 rules fired and 5356397 states in the queue.
	10300000 states explored in 1131.21s, with 81136058 rules fired and 5435181 states in the queue.
	10400000 states explored in 1136.65s, with 81493249 rules fired and 5514661 states in the queue.
	10500000 states explored in 1142.26s, with 81878535 rules fired and 5592908 states in the queue.
	10600000 states explored in 1147.97s, with 82254043 rules fired and 5670479 states in the queue.
	10700000 states explored in 1154.53s, with 82632999 rules fired and 5747443 states in the queue.
	10800000 states explored in 1161.48s, with 83041127 rules fired and 5822684 states in the queue.
	10900000 states explored in 1168.21s, with 83450445 rules fired and 5897495 states in the queue.
	11000000 states explored in 1173.94s, with 83830010 rules fired and 5974794 states in the queue.
	11100000 states explored in 1181.34s, with 84254041 rules fired and 6049169 states in the queue.
	11200000 states explored in 1188.99s, with 84678607 rules fired and 6121909 states in the queue.
	11300000 states explored in 1197.13s, with 85099145 rules fired and 6196449 states in the queue.
	11400000 states explored in 1205.47s, with 85541355 rules fired and 6269692 states in the queue.
	11500000 states explored in 1214.14s, with 85985742 rules fired and 6342632 states in the queue.
	11600000 states explored in 1222.52s, with 86447567 rules fired and 6414172 states in the queue.
	11700000 states explored in 1231.36s, with 86908370 rules fired and 6486540 states in the queue.
	11800000 states explored in 1239.74s, with 87372098 rules fired and 6559239 states in the queue.
	11900000 states explored in 1247.55s, with 87830326 rules fired and 6632867 states in the queue.
	12000000 states explored in 1256.67s, with 88330541 rules fired and 6704408 states in the queue.
	12100000 states explored in 1266.76s, with 88874464 rules fired and 6772938 states in the queue.
	12200000 states explored in 1276.22s, with 89431633 rules fired and 6840435 states in the queue.
	12300000 states explored in 1287.34s, with 89999313 rules fired and 6906220 states in the queue.
	12400000 states explored in 1298.79s, with 90603495 rules fired and 6969496 states in the queue.
	12500000 states explored in 1310.69s, with 91156699 rules fired and 7037199 states in the queue.
	12600000 states explored in 1320.39s, with 91743417 rules fired and 7103291 states in the queue.
	12700000 states explored in 1331.37s, with 92366571 rules fired and 7167846 states in the queue.
	12800000 states explored in 1343.22s, with 93034524 rules fired and 7228144 states in the queue.
	12900000 states explored in 1354.78s, with 93697015 rules fired and 7289480 states in the queue.
	13000000 states explored in 1371.68s, with 94565149 rules fired and 7337666 states in the queue.
	13100000 states explored in 1388.58s, with 95470475 rules fired and 7383857 states in the queue.
	13200000 states explored in 1409.34s, with 96535862 rules fired and 7415044 states in the queue.
	13300000 states explored in 1435.98s, with 97935958 rules fired and 7415076 states in the queue.
	13400000 states explored in 1464.58s, with 99312835 rules fired and 7416265 states in the queue.
	13500000 states explored in 1491.81s, with 100554056 rules fired and 7427252 states in the queue.
	13600000 states explored in 1523.03s, with 101957831 rules fired and 7422397 states in the queue.
	13700000 states explored in 1551.53s, with 103406011 rules fired and 7414942 states in the queue.
	13800000 states explored in 1581.50s, with 104902935 rules fired and 7402135 states in the queue.
	13900000 states explored in 1611.73s, with 106439435 rules fired and 7386396 states in the queue.
	14000000 states explored in 1638.92s, with 107890340 rules fired and 7377603 states in the queue.
	14100000 states explored in 1667.28s, with 109372906 rules fired and 7368853 states in the queue.
	14200000 states explored in 1695.56s, with 110909235 rules fired and 7358833 states in the queue.
	14300000 states explored in 1723.38s, with 112437402 rules fired and 7343704 states in the queue.
	14400000 states explored in 1744.76s, with 113524790 rules fired and 7364677 states in the queue.
	14500000 states explored in 1766.88s, with 114517870 rules fired and 7392632 states in the queue.
	14600000 states explored in 1787.71s, with 115542623 rules fired and 7423129 states in the queue.
	14700000 states explored in 1806.94s, with 116464799 rules fired and 7463866 states in the queue.
	14800000 states explored in 1819.29s, with 117150068 rules fired and 7526955 states in the queue.
	14900000 states explored in 1834.39s, with 117916864 rules fired and 7584741 states in the queue.
	15000000 states explored in 1849.75s, with 118748798 rules fired and 7638971 states in the queue.
	15100000 states explored in 1865.74s, with 119609533 rules fired and 7689849 states in the queue.
	15200000 states explored in 1881.87s, with 120440937 rules fired and 7741917 states in the queue.
	15300000 states explored in 1900.95s, with 121313117 rules fired and 7791025 states in the queue.
	15400000 states explored in 1919.51s, with 122283205 rules fired and 7834986 states in the queue.
	15500000 states explored in 1938.58s, with 123311512 rules fired and 7875141 states in the queue.
	15600000 states explored in 1956.43s, with 124344599 rules fired and 7915666 states in the queue.
	15700000 states explored in 1971.34s, with 125200253 rules fired and 7969930 states in the queue.
	15800000 states explored in 1984.20s, with 125995018 rules fired and 8030224 states in the queue.
	15900000 states explored in 2001.59s, with 126962637 rules fired and 8080764 states in the queue.
	16000000 states explored in 2020.60s, with 128025759 rules fired and 8121804 states in the queue.
	16100000 states explored in 2041.53s, with 129218806 rules fired and 8157094 states in the queue.
	16200000 states explored in 2063.07s, with 130406658 rules fired and 8190818 states in the queue.
	16300000 states explored in 2087.20s, with 131644874 rules fired and 8223695 states in the queue.
	16400000 states explored in 2110.17s, with 132980896 rules fired and 8246939 states in the queue.
	16500000 states explored in 2136.28s, with 134434940 rules fired and 8268106 states in the queue.
	16600000 states explored in 2160.81s, with 135882653 rules fired and 8285634 states in the queue.
	16700000 states explored in 2189.04s, with 137334919 rules fired and 8301913 states in the queue.
	16800000 states explored in 2216.58s, with 138772986 rules fired and 8321874 states in the queue.
	16900000 states explored in 2246.91s, with 140293703 rules fired and 8332549 states in the queue.
	17000000 states explored in 2294.90s, with 142546447 rules fired and 8283067 states in the queue.
	17100000 states explored in 2318.81s, with 143816210 rules fired and 8302817 states in the queue.
	17200000 states explored in 2325.17s, with 144161858 rules fired and 8379432 states in the queue.
	17300000 states explored in 2331.54s, with 144518805 rules fired and 8453640 states in the queue.
	17400000 states explored in 2338.87s, with 144880281 rules fired and 8527582 states in the queue.
	17500000 states explored in 2346.48s, with 145240985 rules fired and 8602379 states in the queue.

Error:

	Internal Error: Too many active states.



