This program should be regarded as a DEBUGGING aid, not as a 
certifier of correctness.
Call with the -l flag or read the license file for terms
and conditions of use.
Run this program with "-h" for the list of options.

Bugs, questions, and comments should be directed to
"melatti@di.uniroma1.it".

CMurphi compiler last modified date: Apr 18 2024
Include files last modified date:    Jul 23 2021
==========================================================================

==========================================================================
Caching Murphi Release 5.5.0
Finite-state Concurrent System Verifier.

Caching Murphi Release 5.5.0 is based on various versions of Murphi.
Caching Murphi Release 5.5.0 :
Copyright (C) 2009-2012 by Sapienza University of Rome.
Murphi release 3.1 :
Copyright (C) 1992 - 1999 by the Board of Trustees of
Leland Stanford Junior University.

==========================================================================

Protocol: ./protocols/exec/German_node8/German_node8_inv257
===========================================
  You are using LS algorithm.  
===========================================

===== Startstates are generated! =====
Carelist Layer 0: Cache[1].State Cache[2].State Cache[3].State Cache[4].State Cache[5].State Cache[6].State Cache[7].State Cache[8].State 
Carelist Layer 1: Chan2[node].Cmd Chan3[node].Cmd Cache[node].State 
Attr: Chan3[node].Cmd Level: 1 Wi: 2
Attr: Chan2[node].Cmd Level: 1 Wi: 2
Attr: Cache[8].State Level: 0 Wi: 4
Attr: Cache[7].State Level: 0 Wi: 4
Attr: Cache[1].State Level: 0 Wi: 4
Attr: Cache[3].State Level: 0 Wi: 4
Attr: Cache[node].State Level: 1 Wi: 2
Attr: Cache[4].State Level: 0 Wi: 4
Attr: Cache[2].State Level: 0 Wi: 4
Attr: Cache[5].State Level: 0 Wi: 4
Attr: Cache[6].State Level: 0 Wi: 4

===== Init heuristics! =====

Progress Report:

	100000 states explored in 8.55s, with 538942 rules fired and 75304 states in the queue.
	200000 states explored in 14.04s, with 1212754 rules fired and 140577 states in the queue.
	300000 states explored in 18.22s, with 1702891 rules fired and 216191 states in the queue.
	400000 states explored in 23.19s, with 2307988 rules fired and 289169 states in the queue.
	500000 states explored in 31.42s, with 3266410 rules fired and 336472 states in the queue.
	600000 states explored in 35.16s, with 3694930 rules fired and 415539 states in the queue.
	700000 states explored in 39.44s, with 4174048 rules fired and 492012 states in the queue.
	800000 states explored in 44.52s, with 4723383 rules fired and 564812 states in the queue.
	900000 states explored in 50.22s, with 5340695 rules fired and 633947 states in the queue.
	1000000 states explored in 58.93s, with 6288621 rules fired and 685067 states in the queue.
	1100000 states explored in 70.16s, with 7460757 rules fired and 721981 states in the queue.
	1200000 states explored in 80.63s, with 8559326 rules fired and 758516 states in the queue.
	1300000 states explored in 84.34s, with 8938184 rules fired and 839247 states in the queue.
	1400000 states explored in 88.41s, with 9344365 rules fired and 918700 states in the queue.
	1500000 states explored in 92.92s, with 9775168 rules fired and 996019 states in the queue.
	1600000 states explored in 97.80s, with 10237917 rules fired and 1071831 states in the queue.
	1700000 states explored in 106.06s, with 11010403 rules fired and 1128128 states in the queue.
	1800000 states explored in 112.71s, with 11600698 rules fired and 1195227 states in the queue.
	1900000 states explored in 119.58s, with 12235474 rules fired and 1259951 states in the queue.
	2000000 states explored in 126.44s, with 12872448 rules fired and 1326614 states in the queue.
	2100000 states explored in 134.25s, with 13587774 rules fired and 1386638 states in the queue.
	2200000 states explored in 142.24s, with 14309225 rules fired and 1446771 states in the queue.
	2300000 states explored in 150.19s, with 14999604 rules fired and 1510445 states in the queue.
	2400000 states explored in 163.94s, with 16212986 rules fired and 1539625 states in the queue.
	2500000 states explored in 182.42s, with 17833738 rules fired and 1538544 states in the queue.
	2600000 states explored in 200.32s, with 19381084 rules fired and 1541727 states in the queue.
	2700000 states explored in 212.68s, with 20421874 rules fired and 1577535 states in the queue.
	2800000 states explored in 217.15s, with 20791029 rules fired and 1656191 states in the queue.
	2900000 states explored in 222.21s, with 21195663 rules fired and 1732577 states in the queue.
	3000000 states explored in 227.85s, with 21613822 rules fired and 1807456 states in the queue.
	3100000 states explored in 233.32s, with 22041887 rules fired and 1882631 states in the queue.
	3200000 states explored in 240.82s, with 22582442 rules fired and 1948859 states in the queue.
	3300000 states explored in 250.77s, with 23320553 rules fired and 1999715 states in the queue.
	3400000 states explored in 259.12s, with 23946994 rules fired and 2062441 states in the queue.
	3500000 states explored in 267.78s, with 24572793 rules fired and 2124220 states in the queue.
	3600000 states explored in 276.50s, with 25203212 rules fired and 2185300 states in the queue.
	3700000 states explored in 286.00s, with 25855652 rules fired and 2243970 states in the queue.
	3800000 states explored in 295.53s, with 26548389 rules fired and 2301996 states in the queue.
	3900000 states explored in 306.22s, with 27283493 rules fired and 2353995 states in the queue.
	4000000 states explored in 316.32s, with 28022637 rules fired and 2408323 states in the queue.
	4100000 states explored in 326.28s, with 28760173 rules fired and 2461954 states in the queue.
	4200000 states explored in 333.23s, with 29294357 rules fired and 2531408 states in the queue.
	4300000 states explored in 341.13s, with 29892745 rules fired and 2598395 states in the queue.
	4400000 states explored in 350.45s, with 30586949 rules fired and 2660386 states in the queue.
	4500000 states explored in 361.66s, with 31384832 rules fired and 2714286 states in the queue.
	4600000 states explored in 372.46s, with 32166995 rules fired and 2770521 states in the queue.
	4700000 states explored in 392.20s, with 33520683 rules fired and 2783679 states in the queue.
	4800000 states explored in 408.61s, with 34727321 rules fired and 2807987 states in the queue.
	4900000 states explored in 423.14s, with 35832802 rules fired and 2847902 states in the queue.
	5000000 states explored in 438.74s, with 37034739 rules fired and 2880326 states in the queue.
	5100000 states explored in 459.76s, with 38565586 rules fired and 2884023 states in the queue.
	5200000 states explored in 479.09s, with 39985146 rules fired and 2895424 states in the queue.
	5300000 states explored in 500.82s, with 41324548 rules fired and 2905271 states in the queue.
	5400000 states explored in 527.44s, with 43113118 rules fired and 2884546 states in the queue.
	5500000 states explored in 531.93s, with 43453481 rules fired and 2964864 states in the queue.
	5600000 states explored in 537.85s, with 43818585 rules fired and 3042830 states in the queue.
	5700000 states explored in 543.69s, with 44191380 rules fired and 3120445 states in the queue.
	5800000 states explored in 549.57s, with 44584312 rules fired and 3197231 states in the queue.
	5900000 states explored in 556.00s, with 44982635 rules fired and 3272150 states in the queue.
	6000000 states explored in 562.30s, with 45410669 rules fired and 3347465 states in the queue.
	6100000 states explored in 569.48s, with 45830795 rules fired and 3420693 states in the queue.
	6200000 states explored in 576.74s, with 46285865 rules fired and 3493117 states in the queue.
	6300000 states explored in 584.77s, with 46788898 rules fired and 3560729 states in the queue.
	6400000 states explored in 593.83s, with 47302379 rules fired and 3626670 states in the queue.
	6500000 states explored in 603.21s, with 47915609 rules fired and 3687705 states in the queue.
	6600000 states explored in 623.07s, with 49039607 rules fired and 3699999 states in the queue.
	6700000 states explored in 645.70s, with 50307480 rules fired and 3699666 states in the queue.
	6800000 states explored in 657.43s, with 50972813 rules fired and 3754048 states in the queue.
	6900000 states explored in 670.27s, with 51667006 rules fired and 3803016 states in the queue.
	7000000 states explored in 683.53s, with 52379809 rules fired and 3851845 states in the queue.
	7100000 states explored in 697.73s, with 53124518 rules fired and 3896673 states in the queue.
	7200000 states explored in 711.88s, with 53902125 rules fired and 3938956 states in the queue.
	7300000 states explored in 726.84s, with 54710345 rules fired and 3978626 states in the queue.
	7400000 states explored in 740.77s, with 55542290 rules fired and 4020226 states in the queue.
	7500000 states explored in 754.54s, with 56344017 rules fired and 4061797 states in the queue.
	7600000 states explored in 767.89s, with 57108454 rules fired and 4109838 states in the queue.
	7700000 states explored in 781.19s, with 57933871 rules fired and 4150448 states in the queue.
	7800000 states explored in 790.76s, with 58517119 rules fired and 4213518 states in the queue.
	7900000 states explored in 801.22s, with 59140432 rules fired and 4276142 states in the queue.
	8000000 states explored in 812.05s, with 59808312 rules fired and 4337050 states in the queue.
	8100000 states explored in 824.45s, with 60482573 rules fired and 4395277 states in the queue.
	8200000 states explored in 834.95s, with 61054909 rules fired and 4462615 states in the queue.
	8300000 states explored in 841.46s, with 61517659 rules fired and 4540578 states in the queue.
	8400000 states explored in 848.04s, with 61984152 rules fired and 4619321 states in the queue.
	8500000 states explored in 856.12s, with 62518256 rules fired and 4694063 states in the queue.
	8600000 states explored in 863.71s, with 63059482 rules fired and 4768300 states in the queue.
	8700000 states explored in 872.88s, with 63640339 rules fired and 4841058 states in the queue.
	8800000 states explored in 881.72s, with 64227453 rules fired and 4913822 states in the queue.
	8900000 states explored in 890.89s, with 64873221 rules fired and 4983129 states in the queue.
	9000000 states explored in 904.94s, with 65815796 rules fired and 5033591 states in the queue.
	9100000 states explored in 925.45s, with 66946817 rules fired and 5070108 states in the queue.
	9200000 states explored in 946.30s, with 68225942 rules fired and 5097900 states in the queue.
	9300000 states explored in 971.23s, with 69712427 rules fired and 5112997 states in the queue.
	9400000 states explored in 994.74s, with 71250419 rules fired and 5123484 states in the queue.
	9500000 states explored in 1019.11s, with 72769989 rules fired and 5132984 states in the queue.
	9600000 states explored in 1040.00s, with 74103566 rules fired and 5156430 states in the queue.
	9700000 states explored in 1062.51s, with 75627866 rules fired and 5166054 states in the queue.
	9800000 states explored in 1088.03s, with 77191867 rules fired and 5170100 states in the queue.
	9900000 states explored in 1114.46s, with 78594981 rules fired and 5178685 states in the queue.
	10000000 states explored in 1142.73s, with 80125625 rules fired and 5178444 states in the queue.
	10100000 states explored in 1175.62s, with 81755508 rules fired and 5169415 states in the queue.
	10200000 states explored in 1208.21s, with 83502053 rules fired and 5147817 states in the queue.
	10300000 states explored in 1223.90s, with 84472097 rules fired and 5184071 states in the queue.
	10400000 states explored in 1228.96s, with 84832692 rules fired and 5262381 states in the queue.
	10500000 states explored in 1235.63s, with 85201174 rules fired and 5340459 states in the queue.
	10600000 states explored in 1241.55s, with 85546602 rules fired and 5419761 states in the queue.
	10700000 states explored in 1247.49s, with 85889512 rules fired and 5498653 states in the queue.
	10800000 states explored in 1252.91s, with 86240410 rules fired and 5577685 states in the queue.
	10900000 states explored in 1258.75s, with 86604293 rules fired and 5655963 states in the queue.
	11000000 states explored in 1264.62s, with 86962808 rules fired and 5734482 states in the queue.
	11100000 states explored in 1271.11s, with 87344482 rules fired and 5811286 states in the queue.
	11200000 states explored in 1277.66s, with 87717774 rules fired and 5888951 states in the queue.
	11300000 states explored in 1285.01s, with 88096628 rules fired and 5965972 states in the queue.
	11400000 states explored in 1291.75s, with 88484368 rules fired and 6043718 states in the queue.
	11500000 states explored in 1298.41s, with 88874549 rules fired and 6120177 states in the queue.
	11600000 states explored in 1306.49s, with 89276878 rules fired and 6195140 states in the queue.
	11700000 states explored in 1314.03s, with 89679213 rules fired and 6270799 states in the queue.
	11800000 states explored in 1321.56s, with 90088166 rules fired and 6346691 states in the queue.
	11900000 states explored in 1329.03s, with 90520763 rules fired and 6420358 states in the queue.
	12000000 states explored in 1336.79s, with 90973040 rules fired and 6492101 states in the queue.
	12100000 states explored in 1346.27s, with 91463055 rules fired and 6561723 states in the queue.
	12200000 states explored in 1356.13s, with 91919738 rules fired and 6632499 states in the queue.
	12300000 states explored in 1364.75s, with 92385285 rules fired and 6703807 states in the queue.
	12400000 states explored in 1373.82s, with 92859971 rules fired and 6774433 states in the queue.
	12500000 states explored in 1383.63s, with 93354382 rules fired and 6844677 states in the queue.
	12600000 states explored in 1393.12s, with 93857944 rules fired and 6915223 states in the queue.
	12700000 states explored in 1404.14s, with 94386806 rules fired and 6981986 states in the queue.
	12800000 states explored in 1415.54s, with 94923854 rules fired and 7049615 states in the queue.
	12900000 states explored in 1427.83s, with 95524428 rules fired and 7112984 states in the queue.
	13000000 states explored in 1439.77s, with 96100823 rules fired and 7178422 states in the queue.
	13100000 states explored in 1451.51s, with 96711301 rules fired and 7242646 states in the queue.
	13200000 states explored in 1464.70s, with 97363965 rules fired and 7302584 states in the queue.
	13300000 states explored in 1476.73s, with 98034762 rules fired and 7361906 states in the queue.
	13400000 states explored in 1489.12s, with 98696662 rules fired and 7422995 states in the queue.
	13500000 states explored in 1502.18s, with 99329039 rules fired and 7486196 states in the queue.
	13600000 states explored in 1518.28s, with 100188773 rules fired and 7532231 states in the queue.
	13700000 states explored in 1545.54s, with 101518730 rules fired and 7533298 states in the queue.
	13800000 states explored in 1575.80s, with 102849872 rules fired and 7528009 states in the queue.
	13900000 states explored in 1605.96s, with 104243797 rules fired and 7520207 states in the queue.
	14000000 states explored in 1635.41s, with 105574887 rules fired and 7522151 states in the queue.
	14100000 states explored in 1665.31s, with 106969289 rules fired and 7517174 states in the queue.
	14200000 states explored in 1694.47s, with 108292074 rules fired and 7516139 states in the queue.
	14300000 states explored in 1720.68s, with 109646372 rules fired and 7518839 states in the queue.
	14400000 states explored in 1750.38s, with 111028475 rules fired and 7513090 states in the queue.
	14500000 states explored in 1783.10s, with 112603665 rules fired and 7494452 states in the queue.
	14600000 states explored in 1815.19s, with 114196799 rules fired and 7468196 states in the queue.
	14700000 states explored in 1839.72s, with 115327134 rules fired and 7480075 states in the queue.
	14800000 states explored in 1862.63s, with 116330252 rules fired and 7504741 states in the queue.
	14900000 states explored in 1886.73s, with 117355792 rules fired and 7530445 states in the queue.
	15000000 states explored in 1907.49s, with 118315652 rules fired and 7562591 states in the queue.
	15100000 states explored in 1925.37s, with 119146710 rules fired and 7604408 states in the queue.
	15200000 states explored in 1937.00s, with 119738971 rules fired and 7673648 states in the queue.
	15300000 states explored in 1949.92s, with 120390538 rules fired and 7738264 states in the queue.
	15400000 states explored in 1962.79s, with 121066594 rules fired and 7801085 states in the queue.
	15500000 states explored in 1978.74s, with 121819365 rules fired and 7860495 states in the queue.
	15600000 states explored in 1992.58s, with 122550528 rules fired and 7920304 states in the queue.
	15700000 states explored in 2007.00s, with 123291659 rules fired and 7978072 states in the queue.
	15800000 states explored in 2024.24s, with 124134173 rules fired and 8028838 states in the queue.
	15900000 states explored in 2041.87s, with 124888639 rules fired and 8086744 states in the queue.
	16000000 states explored in 2060.47s, with 125790883 rules fired and 8133991 states in the queue.
	16100000 states explored in 2078.57s, with 126688802 rules fired and 8182939 states in the queue.
	16200000 states explored in 2096.75s, with 127611848 rules fired and 8230414 states in the queue.
	16300000 states explored in 2110.99s, with 128433254 rules fired and 8284891 states in the queue.
	16400000 states explored in 2122.38s, with 129063573 rules fired and 8352792 states in the queue.
	16500000 states explored in 2132.46s, with 129685948 rules fired and 8422971 states in the queue.
	16600000 states explored in 2149.02s, with 130613050 rules fired and 8476146 states in the queue.
	16700000 states explored in 2168.74s, with 131665584 rules fired and 8521830 states in the queue.
	16800000 states explored in 2188.14s, with 132656860 rules fired and 8570552 states in the queue.
	16900000 states explored in 2206.31s, with 133584281 rules fired and 8622087 states in the queue.
	17000000 states explored in 2225.25s, with 134735145 rules fired and 8660215 states in the queue.

Error:

	Internal Error: Too many active states.



