This program should be regarded as a DEBUGGING aid, not as a 
certifier of correctness.
Call with the -l flag or read the license file for terms
and conditions of use.
Run this program with "-h" for the list of options.

Bugs, questions, and comments should be directed to
"melatti@di.uniroma1.it".

CMurphi compiler last modified date: Apr 18 2024
Include files last modified date:    Jul 23 2021
==========================================================================

==========================================================================
Caching Murphi Release 5.5.0
Finite-state Concurrent System Verifier.

Caching Murphi Release 5.5.0 is based on various versions of Murphi.
Caching Murphi Release 5.5.0 :
Copyright (C) 2009-2012 by Sapienza University of Rome.
Murphi release 3.1 :
Copyright (C) 1992 - 1999 by the Board of Trustees of
Leland Stanford Junior University.

==========================================================================

Protocol: ./protocols/exec/German_node8/German_node8_inv232
===========================================
  You are using LS algorithm.  
===========================================

===== Startstates are generated! =====
Carelist Layer 0: Cache[1].State Cache[2].State Cache[3].State Cache[4].State Cache[5].State Cache[6].State Cache[7].State Cache[8].State 
Carelist Layer 1: Chan2[node].Cmd Chan3[node].Cmd Cache[node].State 
Attr: Chan3[node].Cmd Level: 1 Wi: 2
Attr: Chan2[node].Cmd Level: 1 Wi: 2
Attr: Cache[8].State Level: 0 Wi: 4
Attr: Cache[7].State Level: 0 Wi: 4
Attr: Cache[1].State Level: 0 Wi: 4
Attr: Cache[3].State Level: 0 Wi: 4
Attr: Cache[node].State Level: 1 Wi: 2
Attr: Cache[4].State Level: 0 Wi: 4
Attr: Cache[2].State Level: 0 Wi: 4
Attr: Cache[5].State Level: 0 Wi: 4
Attr: Cache[6].State Level: 0 Wi: 4

===== Init heuristics! =====

Progress Report:

	100000 states explored in 6.15s, with 540557 rules fired and 74926 states in the queue.
	200000 states explored in 10.68s, with 1181096 rules fired and 141469 states in the queue.
	300000 states explored in 14.67s, with 1725663 rules fired and 213926 states in the queue.
	400000 states explored in 21.51s, with 2677053 rules fired and 266164 states in the queue.
	500000 states explored in 24.72s, with 3115637 rules fired and 344668 states in the queue.
	600000 states explored in 27.95s, with 3544554 rules fired and 423711 states in the queue.
	700000 states explored in 31.63s, with 4025093 rules fired and 500426 states in the queue.
	800000 states explored in 36.23s, with 4606204 rules fired and 570996 states in the queue.
	900000 states explored in 42.41s, with 5397075 rules fired and 632601 states in the queue.
	1000000 states explored in 54.60s, with 6937118 rules fired and 652479 states in the queue.
	1100000 states explored in 60.50s, with 7660248 rules fired and 711626 states in the queue.
	1200000 states explored in 63.64s, with 8044393 rules fired and 792482 states in the queue.
	1300000 states explored in 67.10s, with 8449921 rules fired and 871802 states in the queue.

==========================================================================

Result:

	Invariant "test_232" failed.

State Space Explored:

	1365090 states, 8724806 rules fired in 69.47s.

