This program should be regarded as a DEBUGGING aid, not as a 
certifier of correctness.
Call with the -l flag or read the license file for terms
and conditions of use.
Run this program with "-h" for the list of options.

Bugs, questions, and comments should be directed to
"melatti@di.uniroma1.it".

CMurphi compiler last modified date: Apr 18 2024
Include files last modified date:    Jul 23 2021
==========================================================================

==========================================================================
Caching Murphi Release 5.5.0
Finite-state Concurrent System Verifier.

Caching Murphi Release 5.5.0 is based on various versions of Murphi.
Caching Murphi Release 5.5.0 :
Copyright (C) 2009-2012 by Sapienza University of Rome.
Murphi release 3.1 :
Copyright (C) 1992 - 1999 by the Board of Trustees of
Leland Stanford Junior University.

==========================================================================

Protocol: ./protocols/exec/German_node8/German_node8_inv66
===========================================
  You are using LS algorithm.  
===========================================

===== Startstates are generated! =====
Carelist Layer 0: Cache[1].State Cache[2].State Cache[3].State Cache[4].State Cache[5].State Cache[6].State Cache[7].State Cache[8].State 
Carelist Layer 1: Chan2[node].Cmd Chan3[node].Cmd Cache[node].State 
Attr: Chan3[node].Cmd Level: 1 Wi: 2
Attr: Chan2[node].Cmd Level: 1 Wi: 2
Attr: Cache[8].State Level: 0 Wi: 4
Attr: Cache[7].State Level: 0 Wi: 4
Attr: Cache[1].State Level: 0 Wi: 4
Attr: Cache[3].State Level: 0 Wi: 4
Attr: Cache[node].State Level: 1 Wi: 2
Attr: Cache[4].State Level: 0 Wi: 4
Attr: Cache[2].State Level: 0 Wi: 4
Attr: Cache[5].State Level: 0 Wi: 4
Attr: Cache[6].State Level: 0 Wi: 4

===== Init heuristics! =====

Progress Report:

	100000 states explored in 7.85s, with 537668 rules fired and 75299 states in the queue.
	200000 states explored in 13.25s, with 1195324 rules fired and 141401 states in the queue.
	300000 states explored in 17.64s, with 1719664 rules fired and 215011 states in the queue.
	400000 states explored in 24.39s, with 2553409 rules fired and 273618 states in the queue.
	500000 states explored in 29.56s, with 3183019 rules fired and 340985 states in the queue.
	600000 states explored in 33.21s, with 3600476 rules fired and 420958 states in the queue.
	700000 states explored in 37.65s, with 4104242 rules fired and 496664 states in the queue.
	800000 states explored in 42.89s, with 4682883 rules fired and 567429 states in the queue.
	900000 states explored in 49.04s, with 5370894 rules fired and 633953 states in the queue.
	1000000 states explored in 60.30s, with 6619873 rules fired and 668004 states in the queue.
	1100000 states explored in 71.52s, with 7840854 rules fired and 699839 states in the queue.
	1200000 states explored in 75.14s, with 8209938 rules fired and 780163 states in the queue.
	1300000 states explored in 79.13s, with 8610682 rules fired and 859098 states in the queue.
	1400000 states explored in 83.56s, with 9043708 rules fired and 936559 states in the queue.
	1500000 states explored in 88.27s, with 9513027 rules fired and 1012615 states in the queue.
	1600000 states explored in 95.55s, with 10235351 rules fired and 1073013 states in the queue.
	1700000 states explored in 102.25s, with 10872931 rules fired and 1137740 states in the queue.
	1800000 states explored in 109.08s, with 11532211 rules fired and 1202585 states in the queue.
	1900000 states explored in 116.07s, with 12192876 rules fired and 1267848 states in the queue.
	2000000 states explored in 124.48s, with 13019281 rules fired and 1322928 states in the queue.
	2100000 states explored in 134.57s, with 13978322 rules fired and 1369559 states in the queue.
	2200000 states explored in 146.79s, with 15102102 rules fired and 1406278 states in the queue.
	2300000 states explored in 161.51s, with 16484032 rules fired and 1426125 states in the queue.
	2400000 states explored in 180.59s, with 18258479 rules fired and 1416734 states in the queue.
	2500000 states explored in 184.69s, with 18630766 rules fired and 1496501 states in the queue.
	2600000 states explored in 188.84s, with 19030016 rules fired and 1574792 states in the queue.
	2700000 states explored in 193.19s, with 19420337 rules fired and 1652850 states in the queue.
	2800000 states explored in 198.01s, with 19844141 rules fired and 1728711 states in the queue.
	2900000 states explored in 202.95s, with 20264395 rules fired and 1804633 states in the queue.
	3000000 states explored in 208.52s, with 20718172 rules fired and 1878091 states in the queue.
	3100000 states explored in 217.11s, with 21410294 rules fired and 1936233 states in the queue.
	3200000 states explored in 227.44s, with 22249138 rules fired and 1983237 states in the queue.
	3300000 states explored in 236.71s, with 22980456 rules fired and 2037185 states in the queue.
	3400000 states explored in 245.74s, with 23661136 rules fired and 2093442 states in the queue.
	3500000 states explored in 254.61s, with 24365125 rules fired and 2149853 states in the queue.
	3600000 states explored in 264.22s, with 25107873 rules fired and 2201860 states in the queue.
	3700000 states explored in 274.14s, with 25853471 rules fired and 2255134 states in the queue.
	3800000 states explored in 284.47s, with 26656368 rules fired and 2303583 states in the queue.
	3900000 states explored in 296.69s, with 27614533 rules fired and 2340526 states in the queue.
	4000000 states explored in 306.01s, with 28372123 rules fired and 2394393 states in the queue.
	4100000 states explored in 312.41s, with 28924583 rules fired and 2465831 states in the queue.
	4200000 states explored in 321.97s, with 29662669 rules fired and 2525400 states in the queue.
	4300000 states explored in 335.22s, with 30691752 rules fired and 2565162 states in the queue.
	4400000 states explored in 353.98s, with 32189007 rules fired and 2571817 states in the queue.
	4500000 states explored in 370.91s, with 33552833 rules fired and 2594226 states in the queue.
	4600000 states explored in 388.18s, with 34865359 rules fired and 2616015 states in the queue.
	4700000 states explored in 408.22s, with 36420075 rules fired and 2620053 states in the queue.
	4800000 states explored in 427.96s, with 37971211 rules fired and 2623735 states in the queue.
	4900000 states explored in 432.36s, with 38293332 rules fired and 2704703 states in the queue.
	5000000 states explored in 437.01s, with 38625620 rules fired and 2784226 states in the queue.
	5100000 states explored in 441.46s, with 38982548 rules fired and 2863209 states in the queue.
	5200000 states explored in 446.01s, with 39347608 rules fired and 2941315 states in the queue.
	5300000 states explored in 450.82s, with 39724826 rules fired and 3018755 states in the queue.
	5400000 states explored in 456.70s, with 40110762 rules fired and 3093033 states in the queue.
	5500000 states explored in 462.11s, with 40516599 rules fired and 3168977 states in the queue.
	5600000 states explored in 468.14s, with 40959856 rules fired and 3242199 states in the queue.
	5700000 states explored in 474.70s, with 41422303 rules fired and 3313854 states in the queue.
	5800000 states explored in 481.49s, with 41909487 rules fired and 3383652 states in the queue.
	5900000 states explored in 488.78s, with 42404464 rules fired and 3454633 states in the queue.
	6000000 states explored in 496.38s, with 42927204 rules fired and 3524283 states in the queue.
	6100000 states explored in 509.22s, with 43805206 rules fired and 3569425 states in the queue.
	6200000 states explored in 525.95s, with 44891083 rules fired and 3591199 states in the queue.
	6300000 states explored in 544.23s, with 46091809 rules fired and 3600464 states in the queue.
	6400000 states explored in 559.15s, with 47118058 rules fired and 3626401 states in the queue.
	6500000 states explored in 571.17s, with 47938583 rules fired and 3668024 states in the queue.
	6600000 states explored in 582.39s, with 48726283 rules fired and 3714207 states in the queue.
	6700000 states explored in 595.47s, with 49569793 rules fired and 3754179 states in the queue.
	6800000 states explored in 607.74s, with 50392024 rules fired and 3797386 states in the queue.
	6900000 states explored in 619.69s, with 51179813 rules fired and 3845076 states in the queue.
	7000000 states explored in 630.96s, with 51997873 rules fired and 3889779 states in the queue.
	7100000 states explored in 645.45s, with 53012168 rules fired and 3918267 states in the queue.
	7200000 states explored in 659.57s, with 53996717 rules fired and 3950157 states in the queue.
	7300000 states explored in 675.32s, with 55025207 rules fired and 3980563 states in the queue.
	7400000 states explored in 684.62s, with 55675334 rules fired and 4041621 states in the queue.
	7500000 states explored in 692.98s, with 56249774 rules fired and 4110208 states in the queue.
	7600000 states explored in 705.34s, with 56985025 rules fired and 4167676 states in the queue.
	7700000 states explored in 717.53s, with 57803643 rules fired and 4222203 states in the queue.
	7800000 states explored in 728.68s, with 58603772 rules fired and 4278060 states in the queue.
	7900000 states explored in 736.40s, with 59148800 rules fired and 4351670 states in the queue.
	8000000 states explored in 744.98s, with 59768470 rules fired and 4421154 states in the queue.
	8100000 states explored in 753.99s, with 60432403 rules fired and 4488400 states in the queue.
	8200000 states explored in 769.13s, with 61546499 rules fired and 4529377 states in the queue.
	8300000 states explored in 789.73s, with 62775336 rules fired and 4560186 states in the queue.
	8400000 states explored in 811.48s, with 64226037 rules fired and 4576944 states in the queue.
	8500000 states explored in 830.61s, with 65560356 rules fired and 4605584 states in the queue.
	8600000 states explored in 853.21s, with 67163491 rules fired and 4616482 states in the queue.
	8700000 states explored in 878.50s, with 68888316 rules fired and 4611544 states in the queue.
	8800000 states explored in 909.11s, with 70739406 rules fired and 4593651 states in the queue.
	8900000 states explored in 936.87s, with 72588135 rules fired and 4573943 states in the queue.
	9000000 states explored in 942.38s, with 72952086 rules fired and 4653025 states in the queue.
	9100000 states explored in 948.18s, with 73310045 rules fired and 4731373 states in the queue.
	9200000 states explored in 953.42s, with 73660081 rules fired and 4810384 states in the queue.
	9300000 states explored in 959.47s, with 74039415 rules fired and 4886723 states in the queue.
	9400000 states explored in 965.99s, with 74426419 rules fired and 4962706 states in the queue.
	9500000 states explored in 972.39s, with 74817946 rules fired and 5039275 states in the queue.
	9600000 states explored in 978.39s, with 75202072 rules fired and 5116107 states in the queue.
	9700000 states explored in 984.19s, with 75603515 rules fired and 5192068 states in the queue.
	9800000 states explored in 990.41s, with 76001173 rules fired and 5268394 states in the queue.
	9900000 states explored in 997.98s, with 76416514 rules fired and 5343808 states in the queue.
	10000000 states explored in 1004.87s, with 76830928 rules fired and 5416833 states in the queue.
	10100000 states explored in 1010.54s, with 77224585 rules fired and 5493131 states in the queue.
	10200000 states explored in 1017.19s, with 77620042 rules fired and 5570200 states in the queue.
	10300000 states explored in 1023.26s, with 78022581 rules fired and 5647258 states in the queue.
	10400000 states explored in 1030.68s, with 78456283 rules fired and 5721895 states in the queue.
	10500000 states explored in 1037.74s, with 78872319 rules fired and 5797559 states in the queue.
	10600000 states explored in 1043.91s, with 79279273 rules fired and 5874234 states in the queue.
	10700000 states explored in 1050.66s, with 79719557 rules fired and 5949114 states in the queue.

==========================================================================

Result:

	Invariant "test_66" failed.

State Space Explored:

	10797455 states, 80150034 rules fired in 1058.61s.

