This program should be regarded as a DEBUGGING aid, not as a 
certifier of correctness.
Call with the -l flag or read the license file for terms
and conditions of use.
Run this program with "-h" for the list of options.

Bugs, questions, and comments should be directed to
"melatti@di.uniroma1.it".

CMurphi compiler last modified date: Apr  8 2024
Include files last modified date:    Jul 23 2021
==========================================================================

==========================================================================
Caching Murphi Release 5.5.0
Finite-state Concurrent System Verifier.

Caching Murphi Release 5.5.0 is based on various versions of Murphi.
Caching Murphi Release 5.5.0 :
Copyright (C) 2009-2012 by Sapienza University of Rome.
Murphi release 3.1 :
Copyright (C) 1992 - 1999 by the Board of Trustees of
Leland Stanford Junior University.

==========================================================================

Protocol: ./protocols/exec/TL-C_In_M_data/TL-C_In_M_data_inv29
===========================================
  You are using EDMC algorithm.  
===========================================

===== Startstates are generated! =====
Carelist Layer 0: Tree[1].cache[1].state Tree[2].cache[1].state Tree[3].cache[1].state Tree[4].cache[1].state Tree[5].cache[1].state Tree[6].cache[1].state Tree[7].cache[1].state 

===== Init heuristics! =====

Progress Report:

	100000 states explored in 17.47s, with 1019422 rules fired and 49241 states in the queue.
	200000 states explored in 36.94s, with 1944799 rules fired and 74489 states in the queue.
	300000 states explored in 53.67s, with 2824003 rules fired and 112085 states in the queue.
	400000 states explored in 68.28s, with 4040040 rules fired and 168270 states in the queue.
	500000 states explored in 76.41s, with 4602618 rules fired and 241165 states in the queue.
	600000 states explored in 97.65s, with 5816664 rules fired and 264296 states in the queue.
	700000 states explored in 111.11s, with 7153855 rules fired and 328870 states in the queue.
	800000 states explored in 118.18s, with 7621315 rules fired and 404784 states in the queue.
	900000 states explored in 127.26s, with 8145557 rules fired and 472038 states in the queue.
	1000000 states explored in 141.76s, with 9156810 rules fired and 523845 states in the queue.
	1100000 states explored in 159.24s, with 10478784 rules fired and 568211 states in the queue.
	1200000 states explored in 177.39s, with 11966964 rules fired and 613112 states in the queue.
	1300000 states explored in 189.15s, with 13164226 rules fired and 682959 states in the queue.
	1400000 states explored in 208.66s, with 15351763 rules fired and 737468 states in the queue.
	1500000 states explored in 214.75s, with 15845008 rules fired and 818931 states in the queue.
	1600000 states explored in 220.96s, with 16351472 rules fired and 900055 states in the queue.
	1700000 states explored in 227.96s, with 16900976 rules fired and 978329 states in the queue.
	1800000 states explored in 235.18s, with 17467362 rules fired and 1055941 states in the queue.
	1900000 states explored in 242.89s, with 18009552 rules fired and 1130494 states in the queue.
	2000000 states explored in 259.46s, with 19242552 rules fired and 1177226 states in the queue.
	2100000 states explored in 278.41s, with 20638922 rules fired and 1216149 states in the queue.
	2200000 states explored in 291.62s, with 21609744 rules fired and 1273421 states in the queue.
	2300000 states explored in 305.55s, with 22681597 rules fired and 1329566 states in the queue.
	2400000 states explored in 318.37s, with 23748174 rules fired and 1391004 states in the queue.
	2500000 states explored in 327.08s, with 24642522 rules fired and 1468873 states in the queue.
	2600000 states explored in 338.15s, with 25707859 rules fired and 1539106 states in the queue.
	2700000 states explored in 351.16s, with 26975677 rules fired and 1604501 states in the queue.
	2800000 states explored in 364.61s, with 28341015 rules fired and 1669908 states in the queue.
	2900000 states explored in 382.94s, with 30060912 rules fired and 1719494 states in the queue.
	3000000 states explored in 436.98s, with 35532400 rules fired and 1680092 states in the queue.
	3100000 states explored in 455.16s, with 37332803 rules fired and 1732236 states in the queue.
	3200000 states explored in 462.58s, with 37897798 rules fired and 1808727 states in the queue.
	3300000 states explored in 470.19s, with 38441114 rules fired and 1883798 states in the queue.
	3400000 states explored in 477.57s, with 38982523 rules fired and 1959964 states in the queue.
	3500000 states explored in 484.72s, with 39465991 rules fired and 2035884 states in the queue.
	3600000 states explored in 493.00s, with 39982861 rules fired and 2107071 states in the queue.
	3700000 states explored in 507.08s, with 41037773 rules fired and 2161979 states in the queue.
	3800000 states explored in 516.73s, with 41676047 rules fired and 2229209 states in the queue.
	3900000 states explored in 527.11s, with 42402398 rules fired and 2294873 states in the queue.
	4000000 states explored in 537.96s, with 43163018 rules fired and 2358980 states in the queue.
	4100000 states explored in 550.98s, with 44102569 rules fired and 2416597 states in the queue.
	4200000 states explored in 563.71s, with 44960953 rules fired and 2473695 states in the queue.

Error:

	Internal Error: Too many active states.



