This program should be regarded as a DEBUGGING aid, not as a 
certifier of correctness.
Call with the -l flag or read the license file for terms
and conditions of use.
Run this program with "-h" for the list of options.

Bugs, questions, and comments should be directed to
"melatti@di.uniroma1.it".

CMurphi compiler last modified date: Apr 18 2024
Include files last modified date:    Jul 23 2021
==========================================================================

==========================================================================
Caching Murphi Release 5.5.0
Finite-state Concurrent System Verifier.

Caching Murphi Release 5.5.0 is based on various versions of Murphi.
Caching Murphi Release 5.5.0 :
Copyright (C) 2009-2012 by Sapienza University of Rome.
Murphi release 3.1 :
Copyright (C) 1992 - 1999 by the Board of Trustees of
Leland Stanford Junior University.

==========================================================================

Protocol: ./protocols/exec/Flash_node8/Flash_node8_inv196
===========================================
  You are using LS algorithm.  
===========================================

===== Startstates are generated! =====
Carelist Layer 0: Sta.Proc[1].CacheState Sta.Proc[2].CacheState Sta.Proc[3].CacheState Sta.Proc[4].CacheState Sta.Proc[5].CacheState Sta.Proc[6].CacheState Sta.Proc[7].CacheState Sta.Proc[8].CacheState 
Carelist Layer 1: Sta.InvMsg[node].Cmd Sta.UniMsg[node].Cmd Sta.Proc[node].ProcCmd Sta.HomeUniMsg.Cmd Sta.HomeUniMsg.Proc Sta.HomeUniMsg.HomeProc Sta.Proc[node].CacheState Sta.UniMsg[node].Proc Sta.UniMsg[node].HomeProc 
Carelist Layer 2: Sta.Dir.Pending Sta.Dir.InvSet[node] Sta.Dir.Dirty Sta.Dir.HomeInvSet Sta.Dir.Local Sta.Dir.HeadVld Sta.Dir.HeadPtr Sta.Dir.HomeHeadPtr Sta.Dir.ShrSet[node] Sta.Dir.HomeShrSet Sta.HomeProc.ProcCmd Sta.HomeProc.CacheState Sta.RpMsg[node].Cmd 
Carelist Layer 3: Sta.ShWbMsg.Cmd Sta.NakcMsg.Cmd Sta.WbMsg.Cmd Sta.HomeRpMsg.Cmd 
Attr: Sta.HomeRpMsg.Cmd Level: 3 Wi: 2
Attr: Sta.WbMsg.Cmd Level: 3 Wi: 2
Attr: Sta.ShWbMsg.Cmd Level: 3 Wi: 2
Attr: Sta.HomeProc.CacheState Level: 2 Wi: 4
Attr: Sta.Dir.ShrSet[node] Level: 2 Wi: 4
Attr: Sta.Dir.HomeHeadPtr Level: 2 Wi: 4
Attr: Sta.Dir.HomeShrSet Level: 2 Wi: 4
Attr: Sta.Dir.HeadPtr Level: 2 Wi: 4
Attr: Sta.Dir.HeadVld Level: 2 Wi: 4
Attr: Sta.Dir.HomeInvSet Level: 2 Wi: 4
Attr: Sta.Dir.Dirty Level: 2 Wi: 4
Attr: Sta.HomeProc.ProcCmd Level: 2 Wi: 4
Attr: Sta.Dir.InvSet[node] Level: 2 Wi: 4
Attr: Sta.Dir.Pending Level: 2 Wi: 4
Attr: Sta.Proc[6].CacheState Level: 0 Wi: 16
Attr: Sta.UniMsg[node].Proc Level: 1 Wi: 8
Attr: Sta.UniMsg[node].HomeProc Level: 1 Wi: 8
Attr: Sta.Proc[4].CacheState Level: 0 Wi: 16
Attr: Sta.Proc[3].CacheState Level: 0 Wi: 16
Attr: Sta.Proc[2].CacheState Level: 0 Wi: 16
Attr: Sta.HomeUniMsg.HomeProc Level: 1 Wi: 8
Attr: Sta.Proc[8].CacheState Level: 0 Wi: 16
Attr: Sta.NakcMsg.Cmd Level: 3 Wi: 2
Attr: Sta.Proc[node].ProcCmd Level: 1 Wi: 8
Attr: Sta.InvMsg[node].Cmd Level: 1 Wi: 8
Attr: Sta.RpMsg[node].Cmd Level: 2 Wi: 4
Attr: Sta.UniMsg[node].Cmd Level: 1 Wi: 8
Attr: Sta.Dir.Local Level: 2 Wi: 4
Attr: Sta.Proc[5].CacheState Level: 0 Wi: 16
Attr: Sta.Proc[1].CacheState Level: 0 Wi: 16
Attr: Sta.Proc[7].CacheState Level: 0 Wi: 16
Attr: Sta.HomeUniMsg.Proc Level: 1 Wi: 8
Attr: Sta.HomeUniMsg.Cmd Level: 1 Wi: 8
Attr: Sta.Proc[node].CacheState Level: 1 Wi: 8

===== Init heuristics! =====

Progress Report:

	100000 states explored in 14.81s, with 514644 rules fired and 81413 states in the queue.
	200000 states explored in 25.04s, with 1011904 rules fired and 162207 states in the queue.
	300000 states explored in 37.24s, with 1605112 rules fired and 239407 states in the queue.
	400000 states explored in 48.31s, with 2147454 rules fired and 318611 states in the queue.
	500000 states explored in 65.85s, with 3005668 rules fired and 383674 states in the queue.
	600000 states explored in 73.31s, with 3371525 rules fired and 469602 states in the queue.
	700000 states explored in 81.58s, with 3775144 rules fired and 554101 states in the queue.
	800000 states explored in 90.55s, with 4215947 rules fired and 637227 states in the queue.
	900000 states explored in 99.85s, with 4669150 rules fired and 719615 states in the queue.
	1000000 states explored in 110.60s, with 5193862 rules fired and 799285 states in the queue.
	1100000 states explored in 127.86s, with 6032884 rules fired and 865091 states in the queue.
	1200000 states explored in 141.98s, with 6722115 rules fired and 937380 states in the queue.
	1300000 states explored in 152.88s, with 7258973 rules fired and 1016813 states in the queue.
	1400000 states explored in 165.07s, with 7854132 rules fired and 1093100 states in the queue.
	1500000 states explored in 180.04s, with 8584821 rules fired and 1163421 states in the queue.
	1600000 states explored in 204.47s, with 9767804 rules fired and 1211632 states in the queue.
	1700000 states explored in 224.70s, with 10748184 rules fired and 1268149 states in the queue.
	1800000 states explored in 232.00s, with 11102791 rules fired and 1354085 states in the queue.
	1900000 states explored in 239.93s, with 11490808 rules fired and 1438974 states in the queue.
	2000000 states explored in 247.84s, with 11873783 rules fired and 1523649 states in the queue.
	2100000 states explored in 256.17s, with 12282067 rules fired and 1607635 states in the queue.
	2200000 states explored in 264.95s, with 12708870 rules fired and 1690858 states in the queue.
	2300000 states explored in 275.05s, with 13202969 rules fired and 1772088 states in the queue.
	2400000 states explored in 283.83s, with 13630075 rules fired and 1855435 states in the queue.
	2500000 states explored in 292.89s, with 14072075 rules fired and 1937997 states in the queue.
	2600000 states explored in 302.88s, with 14557915 rules fired and 2019253 states in the queue.
	2700000 states explored in 311.98s, with 15002653 rules fired and 2102006 states in the queue.
	2800000 states explored in 321.83s, with 15482235 rules fired and 2182918 states in the queue.
	2900000 states explored in 332.40s, with 15995411 rules fired and 2263208 states in the queue.
	3000000 states explored in 342.87s, with 16504210 rules fired and 2342907 states in the queue.
	3100000 states explored in 353.48s, with 17020165 rules fired and 2422492 states in the queue.
	3200000 states explored in 363.72s, with 17518467 rules fired and 2502610 states in the queue.
	3300000 states explored in 374.21s, with 18028533 rules fired and 2582073 states in the queue.
	3400000 states explored in 384.94s, with 18546633 rules fired and 2661019 states in the queue.
	3500000 states explored in 396.20s, with 19092700 rules fired and 2739293 states in the queue.
	3600000 states explored in 407.67s, with 19648857 rules fired and 2817042 states in the queue.
	3700000 states explored in 420.06s, with 20248053 rules fired and 2892630 states in the queue.
	3800000 states explored in 436.12s, with 21023077 rules fired and 2960469 states in the queue.
	3900000 states explored in 453.26s, with 21849290 rules fired and 3025962 states in the queue.
	4000000 states explored in 474.11s, with 22849230 rules fired and 3082364 states in the queue.
	4100000 states explored in 496.53s, with 23924600 rules fired and 3134432 states in the queue.
	4200000 states explored in 521.44s, with 25128828 rules fired and 3181392 states in the queue.
	4300000 states explored in 543.66s, with 26194349 rules fired and 3233458 states in the queue.
	4400000 states explored in 562.29s, with 27090085 rules fired and 3294233 states in the queue.
	4500000 states explored in 584.09s, with 28134334 rules fired and 3345915 states in the queue.
	4600000 states explored in 598.95s, with 28857429 rules fired and 3416289 states in the queue.
	4700000 states explored in 615.83s, with 29677745 rules fired and 3481469 states in the queue.
	4800000 states explored in 638.38s, with 30760545 rules fired and 3533468 states in the queue.
	4900000 states explored in 657.98s, with 31704649 rules fired and 3591602 states in the queue.
	5000000 states explored in 682.58s, with 32886685 rules fired and 3637280 states in the queue.
	5100000 states explored in 707.66s, with 34088359 rules fired and 3681821 states in the queue.
	5200000 states explored in 724.86s, with 34916159 rules fired and 3744620 states in the queue.
	5300000 states explored in 732.58s, with 35292645 rules fired and 3830119 states in the queue.
	5400000 states explored in 740.64s, with 35682155 rules fired and 3914668 states in the queue.
	5500000 states explored in 748.76s, with 36077088 rules fired and 3999161 states in the queue.
	5600000 states explored in 756.83s, with 36468187 rules fired and 4083716 states in the queue.
	5700000 states explored in 765.12s, with 36868560 rules fired and 4167733 states in the queue.
	5800000 states explored in 773.38s, with 37269188 rules fired and 4251821 states in the queue.
	5900000 states explored in 782.20s, with 37696953 rules fired and 4334844 states in the queue.
	6000000 states explored in 791.31s, with 38140601 rules fired and 4417368 states in the queue.
	6100000 states explored in 799.92s, with 38558307 rules fired and 4501049 states in the queue.
	6200000 states explored in 808.85s, with 38990270 rules fired and 4584170 states in the queue.
	6300000 states explored in 818.90s, with 39472342 rules fired and 4665323 states in the queue.
	6400000 states explored in 829.25s, with 39972046 rules fired and 4745554 states in the queue.
	6500000 states explored in 839.08s, with 40447640 rules fired and 4826668 states in the queue.
	6600000 states explored in 848.64s, with 40908825 rules fired and 4908256 states in the queue.
	6700000 states explored in 859.23s, with 41421488 rules fired and 4987280 states in the queue.
	6800000 states explored in 873.69s, with 42115021 rules fired and 5057606 states in the queue.
	6900000 states explored in 887.09s, with 42762254 rules fired and 5130946 states in the queue.
	7000000 states explored in 897.26s, with 43252092 rules fired and 5210945 states in the queue.
	7100000 states explored in 907.08s, with 43726552 rules fired and 5291727 states in the queue.
	7200000 states explored in 917.60s, with 44231443 rules fired and 5371599 states in the queue.
	7300000 states explored in 927.83s, with 44721995 rules fired and 5451863 states in the queue.
	7400000 states explored in 936.78s, with 45156535 rules fired and 5534681 states in the queue.
	7500000 states explored in 945.82s, with 45594011 rules fired and 5617359 states in the queue.
	7600000 states explored in 955.19s, with 46047994 rules fired and 5699353 states in the queue.
	7700000 states explored in 964.78s, with 46509530 rules fired and 5780731 states in the queue.
	7800000 states explored in 974.51s, with 46979658 rules fired and 5861803 states in the queue.
	7900000 states explored in 984.00s, with 47440033 rules fired and 5943231 states in the queue.
	8000000 states explored in 993.66s, with 47906603 rules fired and 6024394 states in the queue.
	8100000 states explored in 1002.93s, with 48359504 rules fired and 6106354 states in the queue.
	8200000 states explored in 1012.14s, with 48802659 rules fired and 6188712 states in the queue.
	8300000 states explored in 1021.92s, with 49274465 rules fired and 6269554 states in the queue.
	8400000 states explored in 1031.33s, with 49728546 rules fired and 6351254 states in the queue.
	8500000 states explored in 1040.92s, with 50192685 rules fired and 6432435 states in the queue.
	8600000 states explored in 1051.40s, with 50701246 rules fired and 6511621 states in the queue.
	8700000 states explored in 1061.62s, with 51192666 rules fired and 6591600 states in the queue.
	8800000 states explored in 1071.64s, with 51677384 rules fired and 6672109 states in the queue.
	8900000 states explored in 1081.46s, with 52150846 rules fired and 6752825 states in the queue.
	9000000 states explored in 1091.77s, with 52647965 rules fired and 6832535 states in the queue.
	9100000 states explored in 1101.63s, with 53123845 rules fired and 6913158 states in the queue.
	9200000 states explored in 1112.27s, with 53637631 rules fired and 6992570 states in the queue.
	9300000 states explored in 1123.42s, with 54172884 rules fired and 7070897 states in the queue.
	9400000 states explored in 1134.81s, with 54723054 rules fired and 7149133 states in the queue.
	9500000 states explored in 1145.99s, with 55262937 rules fired and 7227871 states in the queue.
	9600000 states explored in 1157.93s, with 55838269 rules fired and 7305269 states in the queue.
	9700000 states explored in 1169.28s, with 56386952 rules fired and 7383520 states in the queue.
	9800000 states explored in 1180.11s, with 56913134 rules fired and 7462517 states in the queue.
	9900000 states explored in 1191.92s, with 57482825 rules fired and 7539845 states in the queue.
	10000000 states explored in 1203.50s, with 58042688 rules fired and 7617603 states in the queue.

Error:

	Internal Error: Too many active states.



