This program should be regarded as a DEBUGGING aid, not as a 
certifier of correctness.
Call with the -l flag or read the license file for terms
and conditions of use.
Run this program with "-h" for the list of options.

Bugs, questions, and comments should be directed to
"melatti@di.uniroma1.it".

CMurphi compiler last modified date: Apr 18 2024
Include files last modified date:    Jul 23 2021
==========================================================================

==========================================================================
Caching Murphi Release 5.5.0
Finite-state Concurrent System Verifier.

Caching Murphi Release 5.5.0 is based on various versions of Murphi.
Caching Murphi Release 5.5.0 :
Copyright (C) 2009-2012 by Sapienza University of Rome.
Murphi release 3.1 :
Copyright (C) 1992 - 1999 by the Board of Trustees of
Leland Stanford Junior University.

==========================================================================

Protocol: ./protocols/exec/Flash_node8/Flash_node8_inv52
===========================================
  You are using LS algorithm.  
===========================================

===== Startstates are generated! =====
Carelist Layer 0: Sta.Proc[1].CacheState Sta.Proc[2].CacheState Sta.Proc[3].CacheState Sta.Proc[4].CacheState Sta.Proc[5].CacheState Sta.Proc[6].CacheState Sta.Proc[7].CacheState Sta.Proc[8].CacheState 
Carelist Layer 1: Sta.InvMsg[node].Cmd Sta.UniMsg[node].Cmd Sta.Proc[node].ProcCmd Sta.HomeUniMsg.Cmd Sta.HomeUniMsg.Proc Sta.HomeUniMsg.HomeProc Sta.Proc[node].CacheState Sta.UniMsg[node].Proc Sta.UniMsg[node].HomeProc 
Carelist Layer 2: Sta.Dir.Pending Sta.Dir.InvSet[node] Sta.Dir.Dirty Sta.Dir.HomeInvSet Sta.Dir.Local Sta.Dir.HeadVld Sta.Dir.HeadPtr Sta.Dir.HomeHeadPtr Sta.Dir.ShrSet[node] Sta.Dir.HomeShrSet Sta.HomeProc.ProcCmd Sta.HomeProc.CacheState Sta.RpMsg[node].Cmd 
Carelist Layer 3: Sta.ShWbMsg.Cmd Sta.NakcMsg.Cmd Sta.WbMsg.Cmd Sta.HomeRpMsg.Cmd 
Attr: Sta.HomeRpMsg.Cmd Level: 3 Wi: 2
Attr: Sta.WbMsg.Cmd Level: 3 Wi: 2
Attr: Sta.ShWbMsg.Cmd Level: 3 Wi: 2
Attr: Sta.HomeProc.CacheState Level: 2 Wi: 4
Attr: Sta.Dir.ShrSet[node] Level: 2 Wi: 4
Attr: Sta.Dir.HomeHeadPtr Level: 2 Wi: 4
Attr: Sta.Dir.HomeShrSet Level: 2 Wi: 4
Attr: Sta.Dir.HeadPtr Level: 2 Wi: 4
Attr: Sta.Dir.HeadVld Level: 2 Wi: 4
Attr: Sta.Dir.HomeInvSet Level: 2 Wi: 4
Attr: Sta.Dir.Dirty Level: 2 Wi: 4
Attr: Sta.HomeProc.ProcCmd Level: 2 Wi: 4
Attr: Sta.Dir.InvSet[node] Level: 2 Wi: 4
Attr: Sta.Dir.Pending Level: 2 Wi: 4
Attr: Sta.Proc[6].CacheState Level: 0 Wi: 16
Attr: Sta.UniMsg[node].Proc Level: 1 Wi: 8
Attr: Sta.UniMsg[node].HomeProc Level: 1 Wi: 8
Attr: Sta.Proc[4].CacheState Level: 0 Wi: 16
Attr: Sta.Proc[3].CacheState Level: 0 Wi: 16
Attr: Sta.Proc[2].CacheState Level: 0 Wi: 16
Attr: Sta.HomeUniMsg.HomeProc Level: 1 Wi: 8
Attr: Sta.Proc[8].CacheState Level: 0 Wi: 16
Attr: Sta.NakcMsg.Cmd Level: 3 Wi: 2
Attr: Sta.Proc[node].ProcCmd Level: 1 Wi: 8
Attr: Sta.InvMsg[node].Cmd Level: 1 Wi: 8
Attr: Sta.RpMsg[node].Cmd Level: 2 Wi: 4
Attr: Sta.UniMsg[node].Cmd Level: 1 Wi: 8
Attr: Sta.Dir.Local Level: 2 Wi: 4
Attr: Sta.Proc[5].CacheState Level: 0 Wi: 16
Attr: Sta.Proc[1].CacheState Level: 0 Wi: 16
Attr: Sta.Proc[7].CacheState Level: 0 Wi: 16
Attr: Sta.HomeUniMsg.Proc Level: 1 Wi: 8
Attr: Sta.HomeUniMsg.Cmd Level: 1 Wi: 8
Attr: Sta.Proc[node].CacheState Level: 1 Wi: 8

===== Init heuristics! =====

Progress Report:

	100000 states explored in 12.90s, with 523644 rules fired and 80955 states in the queue.
	200000 states explored in 22.65s, with 1011198 rules fired and 162377 states in the queue.
	300000 states explored in 34.59s, with 1604619 rules fired and 239422 states in the queue.
	400000 states explored in 46.70s, with 2210273 rules fired and 316207 states in the queue.
	500000 states explored in 61.17s, with 2930313 rules fired and 386790 states in the queue.
	600000 states explored in 68.60s, with 3300697 rules fired and 472772 states in the queue.
	700000 states explored in 77.36s, with 3738127 rules fired and 556354 states in the queue.
	800000 states explored in 86.00s, with 4166864 rules fired and 639849 states in the queue.
	900000 states explored in 95.84s, with 4654064 rules fired and 720777 states in the queue.
	1000000 states explored in 108.20s, with 5262415 rules fired and 796487 states in the queue.
	1100000 states explored in 126.37s, with 6156398 rules fired and 859160 states in the queue.
	1200000 states explored in 141.17s, with 6893584 rules fired and 929356 states in the queue.
	1300000 states explored in 152.68s, with 7467297 rules fired and 1006578 states in the queue.
	1400000 states explored in 166.27s, with 8142289 rules fired and 1079528 states in the queue.
	1500000 states explored in 187.94s, with 9215196 rules fired and 1134477 states in the queue.
	1600000 states explored in 205.99s, with 10107627 rules fired and 1195890 states in the queue.
	1700000 states explored in 213.02s, with 10455835 rules fired and 1282207 states in the queue.
	1800000 states explored in 220.60s, with 10832660 rules fired and 1367754 states in the queue.
	1900000 states explored in 228.56s, with 11228919 rules fired and 1452598 states in the queue.
	2000000 states explored in 236.62s, with 11630513 rules fired and 1537237 states in the queue.
	2100000 states explored in 245.11s, with 12052074 rules fired and 1621080 states in the queue.
	2200000 states explored in 254.17s, with 12501066 rules fired and 1703710 states in the queue.
	2300000 states explored in 264.64s, with 13018465 rules fired and 1783033 states in the queue.
	2400000 states explored in 273.63s, with 13464973 rules fired and 1865547 states in the queue.
	2500000 states explored in 283.00s, with 13931053 rules fired and 1947477 states in the queue.
	2600000 states explored in 292.00s, with 14377252 rules fired and 2029949 states in the queue.
	2700000 states explored in 301.96s, with 14870445 rules fired and 2110671 states in the queue.
	2800000 states explored in 312.31s, with 15384907 rules fired and 2190822 states in the queue.

==========================================================================

Result:

	Invariant "test_52" failed.

State Space Explored:

	2834619 states, 15564852 rules fired in 315.92s.

Analysis of State Space:

	There are rules that are never fired.
	If you are running with symmetry, this may be why.  Otherwise,
	please run this program with "-pr" for the rules information.
