This program should be regarded as a DEBUGGING aid, not as a 
certifier of correctness.
Call with the -l flag or read the license file for terms
and conditions of use.
Run this program with "-h" for the list of options.

Bugs, questions, and comments should be directed to
"melatti@di.uniroma1.it".

CMurphi compiler last modified date: Apr 18 2024
Include files last modified date:    Jul 23 2021
==========================================================================

==========================================================================
Caching Murphi Release 5.5.0
Finite-state Concurrent System Verifier.

Caching Murphi Release 5.5.0 is based on various versions of Murphi.
Caching Murphi Release 5.5.0 :
Copyright (C) 2009-2012 by Sapienza University of Rome.
Murphi release 3.1 :
Copyright (C) 1992 - 1999 by the Board of Trustees of
Leland Stanford Junior University.

==========================================================================

Protocol: ./protocols/exec/Flash_node8/Flash_node8_inv249
===========================================
  You are using LS algorithm.  
===========================================

===== Startstates are generated! =====
Carelist Layer 0: Sta.Proc[1].CacheState Sta.Proc[2].CacheState Sta.Proc[3].CacheState Sta.Proc[4].CacheState Sta.Proc[5].CacheState Sta.Proc[6].CacheState Sta.Proc[7].CacheState Sta.Proc[8].CacheState 
Carelist Layer 1: Sta.InvMsg[node].Cmd Sta.UniMsg[node].Cmd Sta.Proc[node].ProcCmd Sta.HomeUniMsg.Cmd Sta.HomeUniMsg.Proc Sta.HomeUniMsg.HomeProc Sta.Proc[node].CacheState Sta.UniMsg[node].Proc Sta.UniMsg[node].HomeProc 
Carelist Layer 2: Sta.Dir.Pending Sta.Dir.InvSet[node] Sta.Dir.Dirty Sta.Dir.HomeInvSet Sta.Dir.Local Sta.Dir.HeadVld Sta.Dir.HeadPtr Sta.Dir.HomeHeadPtr Sta.Dir.ShrSet[node] Sta.Dir.HomeShrSet Sta.HomeProc.ProcCmd Sta.HomeProc.CacheState Sta.RpMsg[node].Cmd 
Carelist Layer 3: Sta.ShWbMsg.Cmd Sta.NakcMsg.Cmd Sta.WbMsg.Cmd Sta.HomeRpMsg.Cmd 
Attr: Sta.HomeRpMsg.Cmd Level: 3 Wi: 2
Attr: Sta.WbMsg.Cmd Level: 3 Wi: 2
Attr: Sta.ShWbMsg.Cmd Level: 3 Wi: 2
Attr: Sta.HomeProc.CacheState Level: 2 Wi: 4
Attr: Sta.Dir.ShrSet[node] Level: 2 Wi: 4
Attr: Sta.Dir.HomeHeadPtr Level: 2 Wi: 4
Attr: Sta.Dir.HomeShrSet Level: 2 Wi: 4
Attr: Sta.Dir.HeadPtr Level: 2 Wi: 4
Attr: Sta.Dir.HeadVld Level: 2 Wi: 4
Attr: Sta.Dir.HomeInvSet Level: 2 Wi: 4
Attr: Sta.Dir.Dirty Level: 2 Wi: 4
Attr: Sta.HomeProc.ProcCmd Level: 2 Wi: 4
Attr: Sta.Dir.InvSet[node] Level: 2 Wi: 4
Attr: Sta.Dir.Pending Level: 2 Wi: 4
Attr: Sta.Proc[6].CacheState Level: 0 Wi: 16
Attr: Sta.UniMsg[node].Proc Level: 1 Wi: 8
Attr: Sta.UniMsg[node].HomeProc Level: 1 Wi: 8
Attr: Sta.Proc[4].CacheState Level: 0 Wi: 16
Attr: Sta.Proc[3].CacheState Level: 0 Wi: 16
Attr: Sta.Proc[2].CacheState Level: 0 Wi: 16
Attr: Sta.HomeUniMsg.HomeProc Level: 1 Wi: 8
Attr: Sta.Proc[8].CacheState Level: 0 Wi: 16
Attr: Sta.NakcMsg.Cmd Level: 3 Wi: 2
Attr: Sta.Proc[node].ProcCmd Level: 1 Wi: 8
Attr: Sta.InvMsg[node].Cmd Level: 1 Wi: 8
Attr: Sta.RpMsg[node].Cmd Level: 2 Wi: 4
Attr: Sta.UniMsg[node].Cmd Level: 1 Wi: 8
Attr: Sta.Dir.Local Level: 2 Wi: 4
Attr: Sta.Proc[5].CacheState Level: 0 Wi: 16
Attr: Sta.Proc[1].CacheState Level: 0 Wi: 16
Attr: Sta.Proc[7].CacheState Level: 0 Wi: 16
Attr: Sta.HomeUniMsg.Proc Level: 1 Wi: 8
Attr: Sta.HomeUniMsg.Cmd Level: 1 Wi: 8
Attr: Sta.Proc[node].CacheState Level: 1 Wi: 8

===== Init heuristics! =====

Progress Report:

	100000 states explored in 12.88s, with 517866 rules fired and 81243 states in the queue.
	200000 states explored in 22.81s, with 1009882 rules fired and 162356 states in the queue.
	300000 states explored in 34.76s, with 1597157 rules fired and 239570 states in the queue.
	400000 states explored in 45.73s, with 2142544 rules fired and 319015 states in the queue.
	500000 states explored in 63.06s, with 2999265 rules fired and 383685 states in the queue.
	600000 states explored in 70.41s, with 3363360 rules fired and 469937 states in the queue.
	700000 states explored in 78.71s, with 3773502 rules fired and 554396 states in the queue.
	800000 states explored in 87.44s, with 4204747 rules fired and 637928 states in the queue.
	900000 states explored in 96.82s, with 4665253 rules fired and 719970 states in the queue.
	1000000 states explored in 107.76s, with 5200947 rules fired and 798784 states in the queue.
	1100000 states explored in 125.52s, with 6066349 rules fired and 862761 states in the queue.
	1200000 states explored in 139.50s, with 6755078 rules fired and 935167 states in the queue.
	1300000 states explored in 150.17s, with 7284587 rules fired and 1014893 states in the queue.
	1400000 states explored in 161.52s, with 7846152 rules fired and 1093106 states in the queue.
	1500000 states explored in 177.81s, with 8647521 rules fired and 1160500 states in the queue.
	1600000 states explored in 200.40s, with 9753713 rules fired and 1212883 states in the queue.
	1700000 states explored in 220.99s, with 10762141 rules fired and 1267934 states in the queue.
	1800000 states explored in 228.14s, with 11113611 rules fired and 1354139 states in the queue.
	1900000 states explored in 235.59s, with 11480180 rules fired and 1439738 states in the queue.
	2000000 states explored in 243.19s, with 11854099 rules fired and 1525121 states in the queue.
	2100000 states explored in 251.37s, with 12256773 rules fired and 1609402 states in the queue.
	2200000 states explored in 260.01s, with 12681294 rules fired and 1692621 states in the queue.
	2300000 states explored in 269.96s, with 13171421 rules fired and 1773209 states in the queue.
	2400000 states explored in 278.54s, with 13594416 rules fired and 1856668 states in the queue.
	2500000 states explored in 287.74s, with 14047694 rules fired and 1938791 states in the queue.
	2600000 states explored in 296.67s, with 14486953 rules fired and 2021713 states in the queue.
	2700000 states explored in 306.64s, with 14978407 rules fired and 2103400 states in the queue.
	2800000 states explored in 316.24s, with 15451259 rules fired and 2184894 states in the queue.
	2900000 states explored in 325.99s, with 15930270 rules fired and 2265938 states in the queue.
	3000000 states explored in 336.08s, with 16426292 rules fired and 2346410 states in the queue.
	3100000 states explored in 346.13s, with 16920633 rules fired and 2427151 states in the queue.
	3200000 states explored in 356.47s, with 17428594 rules fired and 2506914 states in the queue.
	3300000 states explored in 367.45s, with 17968510 rules fired and 2585699 states in the queue.
	3400000 states explored in 378.42s, with 18504708 rules fired and 2663890 states in the queue.
	3500000 states explored in 390.09s, with 19074285 rules fired and 2740749 states in the queue.
	3600000 states explored in 401.84s, with 19646369 rules fired and 2817304 states in the queue.
	3700000 states explored in 415.03s, with 20287927 rules fired and 2890949 states in the queue.
	3800000 states explored in 430.68s, with 21047738 rules fired and 2959219 states in the queue.
	3900000 states explored in 449.14s, with 21942886 rules fired and 3020682 states in the queue.
	4000000 states explored in 470.66s, with 22982930 rules fired and 3074072 states in the queue.
	4100000 states explored in 492.73s, with 24050669 rules fired and 3125640 states in the queue.
	4200000 states explored in 516.27s, with 25196051 rules fired and 3174936 states in the queue.
	4300000 states explored in 536.48s, with 26179533 rules fired and 3231383 states in the queue.
	4400000 states explored in 554.62s, with 27062540 rules fired and 3293154 states in the queue.
	4500000 states explored in 576.42s, with 28115118 rules fired and 3343796 states in the queue.
	4600000 states explored in 591.51s, with 28855587 rules fired and 3412802 states in the queue.
	4700000 states explored in 608.13s, with 29668282 rules fired and 3478414 states in the queue.
	4800000 states explored in 629.75s, with 30721660 rules fired and 3532150 states in the queue.
	4900000 states explored in 650.71s, with 31739262 rules fired and 3586158 states in the queue.
	5000000 states explored in 674.60s, with 32900380 rules fired and 3633474 states in the queue.
	5100000 states explored in 699.64s, with 34124540 rules fired and 3678886 states in the queue.
	5200000 states explored in 716.03s, with 34924399 rules fired and 3744252 states in the queue.
	5300000 states explored in 724.14s, with 35321502 rules fired and 3828789 states in the queue.
	5400000 states explored in 732.10s, with 35710517 rules fired and 3913575 states in the queue.
	5500000 states explored in 740.52s, with 36124105 rules fired and 3997582 states in the queue.
	5600000 states explored in 748.62s, with 36521515 rules fired and 4082024 states in the queue.
	5700000 states explored in 756.79s, with 36921559 rules fired and 4166654 states in the queue.
	5800000 states explored in 765.62s, with 37355248 rules fired and 4250164 states in the queue.
	5900000 states explored in 774.84s, with 37807027 rules fired and 4332741 states in the queue.
	6000000 states explored in 784.39s, with 38273739 rules fired and 4414276 states in the queue.
	6100000 states explored in 793.48s, with 38718061 rules fired and 4496664 states in the queue.
	6200000 states explored in 802.88s, with 39178632 rules fired and 4578465 states in the queue.
	6300000 states explored in 812.70s, with 39658300 rules fired and 4659037 states in the queue.
	6400000 states explored in 821.92s, with 40109639 rules fired and 4740948 states in the queue.
	6500000 states explored in 830.77s, with 40544779 rules fired and 4823809 states in the queue.
	6600000 states explored in 839.69s, with 40981056 rules fired and 4906439 states in the queue.
	6700000 states explored in 849.34s, with 41451941 rules fired and 4987386 states in the queue.
	6800000 states explored in 863.15s, with 42123603 rules fired and 5059531 states in the queue.
	6900000 states explored in 877.07s, with 42799557 rules fired and 5130676 states in the queue.
	7000000 states explored in 886.94s, with 43282726 rules fired and 5211407 states in the queue.
	7100000 states explored in 896.66s, with 43757144 rules fired and 5292127 states in the queue.
	7200000 states explored in 906.54s, with 44241854 rules fired and 5372536 states in the queue.
	7300000 states explored in 917.11s, with 44758539 rules fired and 5451650 states in the queue.
	7400000 states explored in 926.43s, with 45217893 rules fired and 5533715 states in the queue.
	7500000 states explored in 934.87s, with 45633106 rules fired and 5617486 states in the queue.
	7600000 states explored in 944.42s, with 46102643 rules fired and 5700047 states in the queue.
	7700000 states explored in 954.32s, with 46589743 rules fired and 5781357 states in the queue.
	7800000 states explored in 963.74s, with 47053628 rules fired and 5863496 states in the queue.
	7900000 states explored in 972.97s, with 47505686 rules fired and 5945419 states in the queue.
	8000000 states explored in 982.28s, with 47963327 rules fired and 6027273 states in the queue.
	8100000 states explored in 991.70s, with 48423830 rules fired and 6108794 states in the queue.
	8200000 states explored in 1001.34s, with 48896184 rules fired and 6190298 states in the queue.
	8300000 states explored in 1011.56s, with 49394183 rules fired and 6270498 states in the queue.
	8400000 states explored in 1021.07s, with 49858252 rules fired and 6351568 states in the queue.
	8500000 states explored in 1030.53s, with 50320405 rules fired and 6432864 states in the queue.
	8600000 states explored in 1040.30s, with 50799351 rules fired and 6513976 states in the queue.
	8700000 states explored in 1050.34s, with 51288513 rules fired and 6594078 states in the queue.
	8800000 states explored in 1059.95s, with 51756799 rules fired and 6675134 states in the queue.
	8900000 states explored in 1069.70s, with 52235105 rules fired and 6756113 states in the queue.
	9000000 states explored in 1079.57s, with 52717403 rules fired and 6836396 states in the queue.
	9100000 states explored in 1089.84s, with 53216985 rules fired and 6916066 states in the queue.
	9200000 states explored in 1100.83s, with 53752178 rules fired and 6994697 states in the queue.
	9300000 states explored in 1111.74s, with 54284545 rules fired and 7073073 states in the queue.
	9400000 states explored in 1123.02s, with 54833967 rules fired and 7150640 states in the queue.
	9500000 states explored in 1134.31s, with 55384103 rules fired and 7228315 states in the queue.
	9600000 states explored in 1145.95s, with 55950171 rules fired and 7304939 states in the queue.
	9700000 states explored in 1156.86s, with 56485152 rules fired and 7383364 states in the queue.
	9800000 states explored in 1167.73s, with 57015477 rules fired and 7462071 states in the queue.
	9900000 states explored in 1179.10s, with 57569293 rules fired and 7539458 states in the queue.
	10000000 states explored in 1190.26s, with 58115875 rules fired and 7617671 states in the queue.

Error:

	Internal Error: Too many active states.



