This program should be regarded as a DEBUGGING aid, not as a 
certifier of correctness.
Call with the -l flag or read the license file for terms
and conditions of use.
Run this program with "-h" for the list of options.

Bugs, questions, and comments should be directed to
"melatti@di.uniroma1.it".

CMurphi compiler last modified date: Apr 18 2024
Include files last modified date:    Jul 23 2021
==========================================================================

==========================================================================
Caching Murphi Release 5.5.0
Finite-state Concurrent System Verifier.

Caching Murphi Release 5.5.0 is based on various versions of Murphi.
Caching Murphi Release 5.5.0 :
Copyright (C) 2009-2012 by Sapienza University of Rome.
Murphi release 3.1 :
Copyright (C) 1992 - 1999 by the Board of Trustees of
Leland Stanford Junior University.

==========================================================================

Protocol: ./protocols/exec/Flash_node8/Flash_node8_inv98
===========================================
  You are using LS algorithm.  
===========================================

===== Startstates are generated! =====
Carelist Layer 0: Sta.Proc[1].CacheState Sta.Proc[2].CacheState Sta.Proc[3].CacheState Sta.Proc[4].CacheState Sta.Proc[5].CacheState Sta.Proc[6].CacheState Sta.Proc[7].CacheState Sta.Proc[8].CacheState 
Carelist Layer 1: Sta.InvMsg[node].Cmd Sta.UniMsg[node].Cmd Sta.Proc[node].ProcCmd Sta.HomeUniMsg.Cmd Sta.HomeUniMsg.Proc Sta.HomeUniMsg.HomeProc Sta.Proc[node].CacheState Sta.UniMsg[node].Proc Sta.UniMsg[node].HomeProc 
Carelist Layer 2: Sta.Dir.Pending Sta.Dir.InvSet[node] Sta.Dir.Dirty Sta.Dir.HomeInvSet Sta.Dir.Local Sta.Dir.HeadVld Sta.Dir.HeadPtr Sta.Dir.HomeHeadPtr Sta.Dir.ShrSet[node] Sta.Dir.HomeShrSet Sta.HomeProc.ProcCmd Sta.HomeProc.CacheState Sta.RpMsg[node].Cmd 
Carelist Layer 3: Sta.ShWbMsg.Cmd Sta.NakcMsg.Cmd Sta.WbMsg.Cmd Sta.HomeRpMsg.Cmd 
Attr: Sta.HomeRpMsg.Cmd Level: 3 Wi: 2
Attr: Sta.WbMsg.Cmd Level: 3 Wi: 2
Attr: Sta.ShWbMsg.Cmd Level: 3 Wi: 2
Attr: Sta.HomeProc.CacheState Level: 2 Wi: 4
Attr: Sta.Dir.ShrSet[node] Level: 2 Wi: 4
Attr: Sta.Dir.HomeHeadPtr Level: 2 Wi: 4
Attr: Sta.Dir.HomeShrSet Level: 2 Wi: 4
Attr: Sta.Dir.HeadPtr Level: 2 Wi: 4
Attr: Sta.Dir.HeadVld Level: 2 Wi: 4
Attr: Sta.Dir.HomeInvSet Level: 2 Wi: 4
Attr: Sta.Dir.Dirty Level: 2 Wi: 4
Attr: Sta.HomeProc.ProcCmd Level: 2 Wi: 4
Attr: Sta.Dir.InvSet[node] Level: 2 Wi: 4
Attr: Sta.Dir.Pending Level: 2 Wi: 4
Attr: Sta.Proc[6].CacheState Level: 0 Wi: 16
Attr: Sta.UniMsg[node].Proc Level: 1 Wi: 8
Attr: Sta.UniMsg[node].HomeProc Level: 1 Wi: 8
Attr: Sta.Proc[4].CacheState Level: 0 Wi: 16
Attr: Sta.Proc[3].CacheState Level: 0 Wi: 16
Attr: Sta.Proc[2].CacheState Level: 0 Wi: 16
Attr: Sta.HomeUniMsg.HomeProc Level: 1 Wi: 8
Attr: Sta.Proc[8].CacheState Level: 0 Wi: 16
Attr: Sta.NakcMsg.Cmd Level: 3 Wi: 2
Attr: Sta.Proc[node].ProcCmd Level: 1 Wi: 8
Attr: Sta.InvMsg[node].Cmd Level: 1 Wi: 8
Attr: Sta.RpMsg[node].Cmd Level: 2 Wi: 4
Attr: Sta.UniMsg[node].Cmd Level: 1 Wi: 8
Attr: Sta.Dir.Local Level: 2 Wi: 4
Attr: Sta.Proc[5].CacheState Level: 0 Wi: 16
Attr: Sta.Proc[1].CacheState Level: 0 Wi: 16
Attr: Sta.Proc[7].CacheState Level: 0 Wi: 16
Attr: Sta.HomeUniMsg.Proc Level: 1 Wi: 8
Attr: Sta.HomeUniMsg.Cmd Level: 1 Wi: 8
Attr: Sta.Proc[node].CacheState Level: 1 Wi: 8

===== Init heuristics! =====

Progress Report:

	100000 states explored in 12.88s, with 509684 rules fired and 81617 states in the queue.
	200000 states explored in 23.10s, with 1010722 rules fired and 162251 states in the queue.
	300000 states explored in 35.08s, with 1595501 rules fired and 239672 states in the queue.
	400000 states explored in 46.02s, with 2133409 rules fired and 319324 states in the queue.
	500000 states explored in 63.90s, with 3007469 rules fired and 383596 states in the queue.
	600000 states explored in 71.45s, with 3375832 rules fired and 469401 states in the queue.
	700000 states explored in 80.16s, with 3801842 rules fired and 553194 states in the queue.
	800000 states explored in 88.81s, with 4225227 rules fired and 637007 states in the queue.
	900000 states explored in 98.25s, with 4683961 rules fired and 719181 states in the queue.
	1000000 states explored in 108.88s, with 5202169 rules fired and 798897 states in the queue.
	1100000 states explored in 125.37s, with 5999698 rules fired and 866269 states in the queue.
	1200000 states explored in 139.78s, with 6702230 rules fired and 937981 states in the queue.
	1300000 states explored in 151.40s, with 7273120 rules fired and 1015863 states in the queue.
	1400000 states explored in 163.71s, with 7874840 rules fired and 1092520 states in the queue.
	1500000 states explored in 180.04s, with 8670087 rules fired and 1160395 states in the queue.
	1600000 states explored in 204.17s, with 9842692 rules fired and 1209788 states in the queue.
	1700000 states explored in 223.41s, with 10773928 rules fired and 1268055 states in the queue.
	1800000 states explored in 230.78s, with 11132606 rules fired and 1353988 states in the queue.
	1900000 states explored in 238.35s, with 11500922 rules fired and 1439460 states in the queue.
	2000000 states explored in 246.23s, with 11884308 rules fired and 1524468 states in the queue.
	2100000 states explored in 254.13s, with 12269835 rules fired and 1609443 states in the queue.
	2200000 states explored in 262.51s, with 12677143 rules fired and 1693444 states in the queue.
	2300000 states explored in 271.67s, with 13125253 rules fired and 1776288 states in the queue.
	2400000 states explored in 280.86s, with 13573284 rules fired and 1858774 states in the queue.
	2500000 states explored in 289.61s, with 13999018 rules fired and 1942148 states in the queue.
	2600000 states explored in 299.12s, with 14461827 rules fired and 2024013 states in the queue.
	2700000 states explored in 308.59s, with 14923734 rules fired and 2105951 states in the queue.
	2800000 states explored in 318.82s, with 15422798 rules fired and 2186759 states in the queue.
	2900000 states explored in 329.46s, with 15939418 rules fired and 2266154 states in the queue.
	3000000 states explored in 340.01s, with 16452932 rules fired and 2345610 states in the queue.
	3100000 states explored in 350.51s, with 16964581 rules fired and 2425247 states in the queue.
	3200000 states explored in 361.07s, with 17478485 rules fired and 2505072 states in the queue.
	3300000 states explored in 371.89s, with 18002533 rules fired and 2584046 states in the queue.
	3400000 states explored in 382.99s, with 18540220 rules fired and 2662532 states in the queue.
	3500000 states explored in 395.03s, with 19119792 rules fired and 2738658 states in the queue.
	3600000 states explored in 407.56s, with 19722135 rules fired and 2813700 states in the queue.
	3700000 states explored in 420.57s, with 20352109 rules fired and 2888502 states in the queue.
	3800000 states explored in 436.20s, with 21103738 rules fired and 2956996 states in the queue.
	3900000 states explored in 453.91s, with 21954034 rules fired and 3020569 states in the queue.
	4000000 states explored in 475.00s, with 22962161 rules fired and 3075360 states in the queue.
	4100000 states explored in 497.63s, with 24046214 rules fired and 3125732 states in the queue.
	4200000 states explored in 522.27s, with 25235100 rules fired and 3173693 states in the queue.
	4300000 states explored in 543.77s, with 26268862 rules fired and 3227105 states in the queue.
	4400000 states explored in 562.54s, with 27171071 rules fired and 3286620 states in the queue.
	4500000 states explored in 583.07s, with 28159966 rules fired and 3341943 states in the queue.
	4600000 states explored in 598.25s, with 28898439 rules fired and 3411699 states in the queue.
	4700000 states explored in 613.76s, with 29653699 rules fired and 3480248 states in the queue.
	4800000 states explored in 636.40s, with 30747362 rules fired and 3532396 states in the queue.
	4900000 states explored in 657.77s, with 31775479 rules fired and 3586685 states in the queue.
	5000000 states explored in 681.54s, with 32917165 rules fired and 3634690 states in the queue.
	5100000 states explored in 707.66s, with 34175106 rules fired and 3677899 states in the queue.
	5200000 states explored in 723.40s, with 34936226 rules fired and 3744527 states in the queue.
	5300000 states explored in 730.78s, with 35293833 rules fired and 3830360 states in the queue.
	5400000 states explored in 738.49s, with 35667380 rules fired and 3915502 states in the queue.
	5500000 states explored in 746.54s, with 36058763 rules fired and 4000100 states in the queue.
	5600000 states explored in 754.37s, with 36438904 rules fired and 4085055 states in the queue.
	5700000 states explored in 762.37s, with 36827716 rules fired and 4169787 states in the queue.
	5800000 states explored in 770.19s, with 37207842 rules fired and 4255110 states in the queue.
	5900000 states explored in 778.60s, with 37617916 rules fired and 4339251 states in the queue.
	6000000 states explored in 787.34s, with 38043424 rules fired and 4422521 states in the queue.
	6100000 states explored in 796.51s, with 38488456 rules fired and 4505081 states in the queue.
	6200000 states explored in 805.30s, with 38915176 rules fired and 4588293 states in the queue.
	6300000 states explored in 814.32s, with 39354087 rules fired and 4671079 states in the queue.
	6400000 states explored in 823.74s, with 39809140 rules fired and 4752842 states in the queue.
	6500000 states explored in 833.26s, with 40269851 rules fired and 4834646 states in the queue.
	6600000 states explored in 842.50s, with 40716179 rules fired and 4916846 states in the queue.
	6700000 states explored in 854.04s, with 41272450 rules fired and 4994291 states in the queue.
	6800000 states explored in 869.30s, with 42009361 rules fired and 5063755 states in the queue.
	6900000 states explored in 882.43s, with 42642748 rules fired and 5137644 states in the queue.
	7000000 states explored in 892.39s, with 43124639 rules fired and 5218172 states in the queue.
	7100000 states explored in 903.16s, with 43644495 rules fired and 5297376 states in the queue.
	7200000 states explored in 913.76s, with 44155814 rules fired and 5376585 states in the queue.
	7300000 states explored in 924.58s, with 44678531 rules fired and 5455595 states in the queue.
	7400000 states explored in 933.92s, with 45132253 rules fired and 5537483 states in the queue.
	7500000 states explored in 943.11s, with 45579862 rules fired and 5619790 states in the queue.
	7600000 states explored in 952.41s, with 46032061 rules fired and 5702312 states in the queue.
	7700000 states explored in 962.86s, with 46539406 rules fired and 5783138 states in the queue.
	7800000 states explored in 972.40s, with 47001771 rules fired and 5864965 states in the queue.
	7900000 states explored in 981.80s, with 47458388 rules fired and 5947123 states in the queue.
	8000000 states explored in 991.47s, with 47927227 rules fired and 6028455 states in the queue.
	8100000 states explored in 1001.54s, with 48413929 rules fired and 6109040 states in the queue.
	8200000 states explored in 1011.40s, with 48890551 rules fired and 6189791 states in the queue.
	8300000 states explored in 1021.17s, with 49362241 rules fired and 6270660 states in the queue.
	8400000 states explored in 1030.66s, with 49820601 rules fired and 6352007 states in the queue.
	8500000 states explored in 1040.55s, with 50299376 rules fired and 6432689 states in the queue.
	8600000 states explored in 1050.46s, with 50777155 rules fired and 6513269 states in the queue.
	8700000 states explored in 1060.54s, with 51264609 rules fired and 6593520 states in the queue.
	8800000 states explored in 1071.04s, with 51773815 rules fired and 6672976 states in the queue.
	8900000 states explored in 1081.19s, with 52263819 rules fired and 6753467 states in the queue.
	9000000 states explored in 1091.23s, with 52749548 rules fired and 6834139 states in the queue.
	9100000 states explored in 1101.09s, with 53227702 rules fired and 6915109 states in the queue.
	9200000 states explored in 1111.94s, with 53753291 rules fired and 6993887 states in the queue.
	9300000 states explored in 1122.82s, with 54280851 rules fired and 7072684 states in the queue.
	9400000 states explored in 1134.11s, with 54826590 rules fired and 7150366 states in the queue.
	9500000 states explored in 1145.99s, with 55400637 rules fired and 7226789 states in the queue.
	9600000 states explored in 1157.54s, with 55956860 rules fired and 7304016 states in the queue.
	9700000 states explored in 1168.76s, with 56498623 rules fired and 7381802 states in the queue.
	9800000 states explored in 1180.05s, with 57043153 rules fired and 7459442 states in the queue.
	9900000 states explored in 1191.35s, with 57588687 rules fired and 7536844 states in the queue.
	10000000 states explored in 1203.06s, with 58150858 rules fired and 7613490 states in the queue.

Error:

	Internal Error: Too many active states.



