This program should be regarded as a DEBUGGING aid, not as a 
certifier of correctness.
Call with the -l flag or read the license file for terms
and conditions of use.
Run this program with "-h" for the list of options.

Bugs, questions, and comments should be directed to
"melatti@di.uniroma1.it".

CMurphi compiler last modified date: Apr 10 2024
Include files last modified date:    Jul 23 2021
==========================================================================

==========================================================================
Caching Murphi Release 5.5.0
Finite-state Concurrent System Verifier.

Caching Murphi Release 5.5.0 is based on various versions of Murphi.
Caching Murphi Release 5.5.0 :
Copyright (C) 2009-2012 by Sapienza University of Rome.
Murphi release 3.1 :
Copyright (C) 1992 - 1999 by the Board of Trustees of
Leland Stanford Junior University.

==========================================================================

Protocol: ./protocols/exec/Flash_node8/Flash_node8_inv208

Algorithm:
	Verification by depth first search.
	with symmetry algorithm 3 -- Heuristic Small Memory Normalization
	with permutation trial limit 10.

Memory usage:

	* The size of each state is 832 bits (rounded up to 104 bytes).
	* The memory allocated for the hash table and state queue is
	  10485 Mbytes.
	  With two words of overhead per state, the maximum size of
	  the state space is 76650307 states.
	   * Use option "-k" or "-m" to increase this, if necessary.
	* Capacity in queue for depth-first search: 7665030 states.
	   * Change the constant gPercentActiveStates in mu_prolog.inc
	     to increase this, if necessary.

Warning: No trace will not be printed in the case of protocol errors!
         Check the options if you want to have error traces.

Progress Report:

	100000 states explored in 5.70s, with 150359 rules fired and 100000 states in the queue.
	200000 states explored in 7.90s, with 301594 rules fired and 200000 states in the queue.
	300000 states explored in 10.14s, with 452985 rules fired and 300000 states in the queue.
	400000 states explored in 12.47s, with 604843 rules fired and 400000 states in the queue.
	500000 states explored in 14.75s, with 759171 rules fired and 500000 states in the queue.
	600000 states explored in 17.08s, with 916641 rules fired and 600000 states in the queue.
	700000 states explored in 19.44s, with 1075742 rules fired and 700000 states in the queue.
	800000 states explored in 21.87s, with 1228454 rules fired and 800000 states in the queue.
	900000 states explored in 24.35s, with 1380457 rules fired and 900000 states in the queue.
	1000000 states explored in 26.82s, with 1534420 rules fired and 1000000 states in the queue.
	1100000 states explored in 29.27s, with 1689024 rules fired and 1100000 states in the queue.
	1200000 states explored in 31.74s, with 1845910 rules fired and 1200000 states in the queue.
	1300000 states explored in 34.22s, with 2001032 rules fired and 1300000 states in the queue.
	1400000 states explored in 36.72s, with 2158514 rules fired and 1400000 states in the queue.
	1500000 states explored in 39.24s, with 2316072 rules fired and 1500000 states in the queue.
	1600000 states explored in 41.78s, with 2475695 rules fired and 1600000 states in the queue.
	1700000 states explored in 44.31s, with 2635886 rules fired and 1700000 states in the queue.
	1800000 states explored in 46.84s, with 2792703 rules fired and 1800000 states in the queue.
	1900000 states explored in 49.49s, with 2948807 rules fired and 1900000 states in the queue.
	2000000 states explored in 52.05s, with 3108656 rules fired and 2000000 states in the queue.
	2100000 states explored in 54.65s, with 3269444 rules fired and 2100000 states in the queue.
	2200000 states explored in 57.27s, with 3429151 rules fired and 2200000 states in the queue.
	2300000 states explored in 59.94s, with 3590471 rules fired and 2300000 states in the queue.
	2400000 states explored in 62.58s, with 3750259 rules fired and 2400000 states in the queue.
	2500000 states explored in 65.27s, with 3910591 rules fired and 2500000 states in the queue.
	2600000 states explored in 67.86s, with 4070256 rules fired and 2600000 states in the queue.
	2700000 states explored in 70.51s, with 4231004 rules fired and 2700000 states in the queue.
	2800000 states explored in 73.16s, with 4390750 rules fired and 2800000 states in the queue.
	2900000 states explored in 75.75s, with 4550584 rules fired and 2900000 states in the queue.
	3000000 states explored in 78.42s, with 4713800 rules fired and 3000000 states in the queue.
	3100000 states explored in 81.06s, with 4878868 rules fired and 3100000 states in the queue.
	3200000 states explored in 83.64s, with 5039894 rules fired and 3200000 states in the queue.
	3300000 states explored in 86.21s, with 5203198 rules fired and 3300000 states in the queue.
	3400000 states explored in 88.46s, with 5355815 rules fired and 3400000 states in the queue.
	3500000 states explored in 90.66s, with 5507698 rules fired and 3500000 states in the queue.
	3600000 states explored in 92.89s, with 5657646 rules fired and 3600000 states in the queue.
	3700000 states explored in 95.14s, with 5810637 rules fired and 3700000 states in the queue.
	3800000 states explored in 97.39s, with 5964752 rules fired and 3800000 states in the queue.
	3900000 states explored in 99.67s, with 6119867 rules fired and 3900000 states in the queue.
	4000000 states explored in 102.06s, with 6272913 rules fired and 4000000 states in the queue.
	4100000 states explored in 104.38s, with 6430956 rules fired and 4100000 states in the queue.
	4200000 states explored in 106.75s, with 6587535 rules fired and 4200000 states in the queue.
	4300000 states explored in 109.16s, with 6743979 rules fired and 4300000 states in the queue.
	4400000 states explored in 111.59s, with 6899768 rules fired and 4400000 states in the queue.
	4500000 states explored in 113.94s, with 7058004 rules fired and 4500000 states in the queue.
	4600000 states explored in 116.31s, with 7214019 rules fired and 4600000 states in the queue.
	4700000 states explored in 118.77s, with 7370590 rules fired and 4700000 states in the queue.
	4800000 states explored in 121.10s, with 7524782 rules fired and 4800000 states in the queue.
	4900000 states explored in 123.26s, with 7676136 rules fired and 4900000 states in the queue.
	5000000 states explored in 125.49s, with 7828625 rules fired and 5000000 states in the queue.
	5100000 states explored in 127.77s, with 7979288 rules fired and 5100000 states in the queue.
	5200000 states explored in 130.06s, with 8131716 rules fired and 5200000 states in the queue.
	5300000 states explored in 132.35s, with 8287528 rules fired and 5300000 states in the queue.
	5400000 states explored in 134.72s, with 8440886 rules fired and 5400000 states in the queue.
	5500000 states explored in 137.12s, with 8593365 rules fired and 5500000 states in the queue.
	5600000 states explored in 139.50s, with 8749704 rules fired and 5600000 states in the queue.
	5700000 states explored in 141.95s, with 8907938 rules fired and 5700000 states in the queue.
	5800000 states explored in 144.39s, with 9066465 rules fired and 5800000 states in the queue.
	5900000 states explored in 146.83s, with 9226657 rules fired and 5900000 states in the queue.
	6000000 states explored in 149.28s, with 9386516 rules fired and 6000000 states in the queue.
	6100000 states explored in 151.71s, with 9546242 rules fired and 6100000 states in the queue.
	6200000 states explored in 153.50s, with 9703040 rules fired and 6200000 states in the queue.
	6300000 states explored in 155.28s, with 9858350 rules fired and 6300000 states in the queue.
	6400000 states explored in 157.40s, with 10019650 rules fired and 6400000 states in the queue.
	6500000 states explored in 160.07s, with 10181867 rules fired and 6500000 states in the queue.
	6600000 states explored in 162.76s, with 10342160 rules fired and 6600000 states in the queue.
	6700000 states explored in 165.47s, with 10502647 rules fired and 6700000 states in the queue.
	6800000 states explored in 168.11s, with 10660371 rules fired and 6800000 states in the queue.
	6900000 states explored in 170.78s, with 10818096 rules fired and 6900000 states in the queue.
	7000000 states explored in 173.48s, with 10977976 rules fired and 7000000 states in the queue.
	7100000 states explored in 176.17s, with 11134256 rules fired and 7100000 states in the queue.
	7200000 states explored in 178.90s, with 11296156 rules fired and 7200000 states in the queue.
	7300000 states explored in 181.60s, with 11454108 rules fired and 7300000 states in the queue.
	7400000 states explored in 184.34s, with 11613932 rules fired and 7400000 states in the queue.
	7500000 states explored in 187.02s, with 11771358 rules fired and 7500000 states in the queue.
	7600000 states explored in 189.81s, with 11931816 rules fired and 7600000 states in the queue.

Error:

	Internal: Too many active states.



