This program should be regarded as a DEBUGGING aid, not as a 
certifier of correctness.
Call with the -l flag or read the license file for terms
and conditions of use.
Run this program with "-h" for the list of options.

Bugs, questions, and comments should be directed to
"melatti@di.uniroma1.it".

CMurphi compiler last modified date: Apr 10 2024
Include files last modified date:    Jul 23 2021
==========================================================================

==========================================================================
Caching Murphi Release 5.5.0
Finite-state Concurrent System Verifier.

Caching Murphi Release 5.5.0 is based on various versions of Murphi.
Caching Murphi Release 5.5.0 :
Copyright (C) 2009-2012 by Sapienza University of Rome.
Murphi release 3.1 :
Copyright (C) 1992 - 1999 by the Board of Trustees of
Leland Stanford Junior University.

==========================================================================

Protocol: ./protocols/exec/TL-C_NonIn_M_data/TL-C_NonIn_M_data_inv140
===========================================
  You are using EDMC algorithm.  
===========================================

===== Startstates are generated! =====
Carelist Layer 0: Tree[1].cache[1].state Tree[2].cache[1].state Tree[3].cache[1].state Tree[4].cache[1].state Tree[5].cache[1].state Tree[6].cache[1].state Tree[7].cache[1].state 
Attr: Tree[7].cache[1].state Level: 2 Wi: 2
Attr: Tree[1].cache[1].state Level: 0 Wi: 8
Attr: Tree[3].cache[1].state Level: 1 Wi: 4
Attr: Tree[4].cache[1].state Level: 2 Wi: 2
Attr: Tree[5].cache[1].state Level: 2 Wi: 2
Attr: Tree[2].cache[1].state Level: 1 Wi: 4
Attr: Tree[6].cache[1].state Level: 2 Wi: 2

===== Init heuristics! =====

Progress Report:

	100000 states explored in 5.84s, with 229747 rules fired and 78956 states in the queue.
	200000 states explored in 8.69s, with 473096 rules fired and 155531 states in the queue.
	300000 states explored in 11.64s, with 725855 rules fired and 231482 states in the queue.
	400000 states explored in 14.58s, with 977311 rules fired and 307658 states in the queue.
	500000 states explored in 17.41s, with 1233116 rules fired and 386081 states in the queue.
	600000 states explored in 20.50s, with 1501329 rules fired and 461689 states in the queue.
	700000 states explored in 23.52s, with 1772979 rules fired and 539182 states in the queue.
	800000 states explored in 26.55s, with 2042165 rules fired and 616302 states in the queue.
	900000 states explored in 30.08s, with 2344417 rules fired and 688318 states in the queue.
	1000000 states explored in 33.56s, with 2642416 rules fired and 761567 states in the queue.
	1100000 states explored in 36.88s, with 2933329 rules fired and 834671 states in the queue.
	1200000 states explored in 40.10s, with 3203188 rules fired and 909063 states in the queue.
	1300000 states explored in 43.44s, with 3466554 rules fired and 982285 states in the queue.
	1400000 states explored in 46.89s, with 3740090 rules fired and 1054498 states in the queue.
	1500000 states explored in 50.07s, with 4006160 rules fired and 1128608 states in the queue.
	1600000 states explored in 53.34s, with 4278437 rules fired and 1203057 states in the queue.
	1700000 states explored in 56.44s, with 4537382 rules fired and 1278692 states in the queue.
	1800000 states explored in 59.69s, with 4808411 rules fired and 1353317 states in the queue.
	1900000 states explored in 63.12s, with 5093281 rules fired and 1426613 states in the queue.
	2000000 states explored in 66.59s, with 5383933 rules fired and 1499528 states in the queue.
	2100000 states explored in 70.05s, with 5661767 rules fired and 1572488 states in the queue.
	2200000 states explored in 73.36s, with 5923097 rules fired and 1646690 states in the queue.
	2300000 states explored in 76.69s, with 6184180 rules fired and 1720184 states in the queue.
	2400000 states explored in 80.30s, with 6470124 rules fired and 1791350 states in the queue.
	2500000 states explored in 83.84s, with 6746755 rules fired and 1863102 states in the queue.
	2600000 states explored in 87.44s, with 7031939 rules fired and 1934678 states in the queue.
	2700000 states explored in 91.02s, with 7317983 rules fired and 2006532 states in the queue.
	2800000 states explored in 94.66s, with 7611959 rules fired and 2077859 states in the queue.
	2900000 states explored in 98.39s, with 7915615 rules fired and 2148934 states in the queue.
	3000000 states explored in 101.71s, with 8195209 rules fired and 2223329 states in the queue.
	3100000 states explored in 105.01s, with 8473088 rules fired and 2298117 states in the queue.
	3200000 states explored in 108.38s, with 8754150 rules fired and 2371612 states in the queue.
	3300000 states explored in 111.95s, with 9050365 rules fired and 2443537 states in the queue.
	3400000 states explored in 115.32s, with 9332594 rules fired and 2517601 states in the queue.
	3500000 states explored in 118.90s, with 9629891 rules fired and 2589911 states in the queue.

Error:

	Internal Error: Too many active states.



