This program should be regarded as a DEBUGGING aid, not as a 
certifier of correctness.
Call with the -l flag or read the license file for terms
and conditions of use.
Run this program with "-h" for the list of options.

Bugs, questions, and comments should be directed to
"melatti@di.uniroma1.it".

CMurphi compiler last modified date: Apr 10 2024
Include files last modified date:    Jul 23 2021
==========================================================================

==========================================================================
Caching Murphi Release 5.5.0
Finite-state Concurrent System Verifier.

Caching Murphi Release 5.5.0 is based on various versions of Murphi.
Caching Murphi Release 5.5.0 :
Copyright (C) 2009-2012 by Sapienza University of Rome.
Murphi release 3.1 :
Copyright (C) 1992 - 1999 by the Board of Trustees of
Leland Stanford Junior University.

==========================================================================

Protocol: ./protocols/exec/TL-C_NonIn_M_data/TL-C_NonIn_M_data_inv103
===========================================
  You are using EDMC algorithm.  
===========================================

===== Startstates are generated! =====
Carelist Layer 0: Tree[1].cache[1].state Tree[2].cache[1].state Tree[3].cache[1].state Tree[4].cache[1].state Tree[5].cache[1].state Tree[6].cache[1].state Tree[7].cache[1].state 

===== Init heuristics! =====

Progress Report:

	100000 states explored in 9.97s, with 386769 rules fired and 73778 states in the queue.
	200000 states explored in 17.25s, with 989586 rules fired and 129865 states in the queue.
	300000 states explored in 20.19s, with 1232081 rules fired and 210814 states in the queue.
	400000 states explored in 26.01s, with 1707455 rules fired and 273602 states in the queue.
	500000 states explored in 36.54s, with 2577471 rules fired and 306785 states in the queue.
	600000 states explored in 39.45s, with 2810753 rules fired and 387216 states in the queue.
	700000 states explored in 43.21s, with 3105098 rules fired and 462363 states in the queue.
	800000 states explored in 48.84s, with 3548163 rules fired and 525443 states in the queue.
	900000 states explored in 58.35s, with 4298481 rules fired and 563810 states in the queue.
	1000000 states explored in 70.14s, with 5248388 rules fired and 589063 states in the queue.
	1100000 states explored in 78.59s, with 5938939 rules fired and 635715 states in the queue.
	1200000 states explored in 81.09s, with 6131217 rules fired and 718542 states in the queue.
	1300000 states explored in 84.09s, with 6360292 rules fired and 798302 states in the queue.
	1400000 states explored in 87.57s, with 6624180 rules fired and 874766 states in the queue.
	1500000 states explored in 91.78s, with 6939918 rules fired and 946409 states in the queue.
	1600000 states explored in 99.79s, with 7531356 rules fired and 993687 states in the queue.
	1700000 states explored in 107.56s, with 8116147 rules fired and 1043813 states in the queue.
	1800000 states explored in 115.88s, with 8746690 rules fired and 1088150 states in the queue.
	1900000 states explored in 124.82s, with 9444114 rules fired and 1128818 states in the queue.
	2000000 states explored in 133.74s, with 10154390 rules fired and 1170293 states in the queue.
	2100000 states explored in 144.27s, with 10963024 rules fired and 1205397 states in the queue.
	2200000 states explored in 150.35s, with 11475196 rules fired and 1268337 states in the queue.
	2300000 states explored in 164.30s, with 12620303 rules fired and 1283249 states in the queue.
	2400000 states explored in 168.96s, with 12988491 rules fired and 1354461 states in the queue.
	2500000 states explored in 171.38s, with 13167678 rules fired and 1438528 states in the queue.
	2600000 states explored in 173.97s, with 13363257 rules fired and 1520491 states in the queue.
	2700000 states explored in 176.56s, with 13570936 rules fired and 1601449 states in the queue.
	2800000 states explored in 179.28s, with 13791295 rules fired and 1681937 states in the queue.
	2900000 states explored in 182.35s, with 14021398 rules fired and 1760805 states in the queue.
	3000000 states explored in 185.61s, with 14259708 rules fired and 1839175 states in the queue.
	3100000 states explored in 189.09s, with 14514453 rules fired and 1916243 states in the queue.
	3200000 states explored in 193.82s, with 14857193 rules fired and 1984538 states in the queue.
	3300000 states explored in 202.00s, with 15452824 rules fired and 2030091 states in the queue.
	3400000 states explored in 211.64s, with 16178266 rules fired and 2063701 states in the queue.
	3500000 states explored in 222.24s, with 16975538 rules fired and 2092125 states in the queue.
	3600000 states explored in 232.04s, with 17701893 rules fired and 2126651 states in the queue.
	3700000 states explored in 241.25s, with 18378864 rules fired and 2164486 states in the queue.
	3800000 states explored in 249.95s, with 19035817 rules fired and 2206318 states in the queue.
	3900000 states explored in 257.94s, with 19652715 rules fired and 2252579 states in the queue.
	4000000 states explored in 266.70s, with 20328764 rules fired and 2294072 states in the queue.
	4100000 states explored in 275.66s, with 21009417 rules fired and 2335443 states in the queue.
	4200000 states explored in 284.44s, with 21656035 rules fired and 2381044 states in the queue.
	4300000 states explored in 288.15s, with 21947045 rules fired and 2460267 states in the queue.
	4400000 states explored in 292.43s, with 22281606 rules fired and 2535888 states in the queue.
	4500000 states explored in 297.21s, with 22647447 rules fired and 2608753 states in the queue.

Error:

	Internal Error: Too many active states.



