This program should be regarded as a DEBUGGING aid, not as a 
certifier of correctness.
Call with the -l flag or read the license file for terms
and conditions of use.
Run this program with "-h" for the list of options.

Bugs, questions, and comments should be directed to
"melatti@di.uniroma1.it".

CMurphi compiler last modified date: Apr 10 2024
Include files last modified date:    Jul 23 2021
==========================================================================

==========================================================================
Caching Murphi Release 5.5.0
Finite-state Concurrent System Verifier.

Caching Murphi Release 5.5.0 is based on various versions of Murphi.
Caching Murphi Release 5.5.0 :
Copyright (C) 2009-2012 by Sapienza University of Rome.
Murphi release 3.1 :
Copyright (C) 1992 - 1999 by the Board of Trustees of
Leland Stanford Junior University.

==========================================================================

Protocol: ./protocols/exec/TL-C_NonIn_M_data/TL-C_NonIn_M_data_inv116
===========================================
  You are using EDMC algorithm.  
===========================================

===== Startstates are generated! =====
Carelist Layer 0: Tree[1].cache[1].state Tree[2].cache[1].state Tree[3].cache[1].state Tree[4].cache[1].state Tree[5].cache[1].state Tree[6].cache[1].state Tree[7].cache[1].state 

===== Init heuristics! =====

Progress Report:

	100000 states explored in 7.75s, with 386940 rules fired and 73760 states in the queue.
	200000 states explored in 15.05s, with 989356 rules fired and 129769 states in the queue.
	300000 states explored in 18.09s, with 1233169 rules fired and 210645 states in the queue.
	400000 states explored in 24.17s, with 1720523 rules fired and 272606 states in the queue.
	500000 states explored in 34.79s, with 2578080 rules fired and 306472 states in the queue.
	600000 states explored in 37.83s, with 2814268 rules fired and 386365 states in the queue.
	700000 states explored in 41.64s, with 3109597 rules fired and 461401 states in the queue.
	800000 states explored in 47.76s, with 3579882 rules fired and 522030 states in the queue.
	900000 states explored in 58.44s, with 4396452 rules fired and 555040 states in the queue.
	1000000 states explored in 69.35s, with 5314501 rules fired and 583491 states in the queue.
	1100000 states explored in 76.11s, with 5924578 rules fired and 636088 states in the queue.
	1200000 states explored in 78.32s, with 6111865 rules fired and 719219 states in the queue.
	1300000 states explored in 81.13s, with 6349144 rules fired and 797890 states in the queue.
	1400000 states explored in 84.33s, with 6615185 rules fired and 873917 states in the queue.
	1500000 states explored in 88.49s, with 6934582 rules fired and 945129 states in the queue.
	1600000 states explored in 96.15s, with 7519560 rules fired and 993391 states in the queue.
	1700000 states explored in 104.73s, with 8184157 rules fired and 1036643 states in the queue.
	1800000 states explored in 112.93s, with 8824841 rules fired and 1080386 states in the queue.
	1900000 states explored in 121.75s, with 9564566 rules fired and 1118366 states in the queue.
	2000000 states explored in 132.00s, with 10347938 rules fired and 1153270 states in the queue.
	2100000 states explored in 141.44s, with 11097638 rules fired and 1193392 states in the queue.
	2200000 states explored in 149.73s, with 11874466 rules fired and 1236376 states in the queue.
	2300000 states explored in 159.18s, with 12746205 rules fired and 1271673 states in the queue.
	2400000 states explored in 161.13s, with 12910760 rules fired and 1356645 states in the queue.
	2500000 states explored in 163.25s, with 13088778 rules fired and 1440598 states in the queue.
	2600000 states explored in 165.59s, with 13285697 rules fired and 1522672 states in the queue.
	2700000 states explored in 168.11s, with 13494656 rules fired and 1603473 states in the queue.
	2800000 states explored in 170.72s, with 13716672 rules fired and 1684234 states in the queue.
	2900000 states explored in 173.46s, with 13942892 rules fired and 1763441 states in the queue.
	3000000 states explored in 176.42s, with 14187745 rules fired and 1841269 states in the queue.
	3100000 states explored in 179.70s, with 14460623 rules fired and 1916820 states in the queue.
	3200000 states explored in 184.08s, with 14820554 rules fired and 1983614 states in the queue.
	3300000 states explored in 192.34s, with 15505063 rules fired and 2021233 states in the queue.
	3400000 states explored in 201.83s, with 16228553 rules fired and 2055492 states in the queue.
	3500000 states explored in 212.48s, with 17017402 rules fired and 2084216 states in the queue.
	3600000 states explored in 223.95s, with 17863153 rules fired and 2107114 states in the queue.
	3700000 states explored in 233.20s, with 18547679 rules fired and 2145293 states in the queue.
	3800000 states explored in 242.01s, with 19213394 rules fired and 2186812 states in the queue.
	3900000 states explored in 251.65s, with 19937974 rules fired and 2222784 states in the queue.
	4000000 states explored in 261.64s, with 20693759 rules fired and 2256661 states in the queue.
	4100000 states explored in 269.88s, with 21328832 rules fired and 2302977 states in the queue.
	4200000 states explored in 277.63s, with 21941891 rules fired and 2353578 states in the queue.
	4300000 states explored in 281.69s, with 22277625 rules fired and 2428751 states in the queue.
	4400000 states explored in 285.36s, with 22584610 rules fired and 2506700 states in the queue.
	4500000 states explored in 289.92s, with 22965257 rules fired and 2578866 states in the queue.

Error:

	Internal Error: Too many active states.



