This program should be regarded as a DEBUGGING aid, not as a 
certifier of correctness.
Call with the -l flag or read the license file for terms
and conditions of use.
Run this program with "-h" for the list of options.

Bugs, questions, and comments should be directed to
"melatti@di.uniroma1.it".

CMurphi compiler last modified date: Apr 10 2024
Include files last modified date:    Jul 23 2021
==========================================================================

==========================================================================
Caching Murphi Release 5.5.0
Finite-state Concurrent System Verifier.

Caching Murphi Release 5.5.0 is based on various versions of Murphi.
Caching Murphi Release 5.5.0 :
Copyright (C) 2009-2012 by Sapienza University of Rome.
Murphi release 3.1 :
Copyright (C) 1992 - 1999 by the Board of Trustees of
Leland Stanford Junior University.

==========================================================================

Protocol: ./protocols/exec/TL-C_NonIn_M_data/TL-C_NonIn_M_data_inv175
===========================================
  You are using EDMC algorithm.  
===========================================

===== Startstates are generated! =====
Carelist Layer 0: Tree[1].cache[1].state Tree[2].cache[1].state Tree[3].cache[1].state Tree[4].cache[1].state Tree[5].cache[1].state Tree[6].cache[1].state Tree[7].cache[1].state 

===== Init heuristics! =====

Progress Report:

	100000 states explored in 6.93s, with 330432 rules fired and 77643 states in the queue.
	200000 states explored in 11.12s, with 687685 rules fired and 151289 states in the queue.
	300000 states explored in 17.08s, with 1292178 rules fired and 206261 states in the queue.
	400000 states explored in 20.77s, with 1611745 rules fired and 280462 states in the queue.
	500000 states explored in 24.74s, with 1951186 rules fired and 352455 states in the queue.
	600000 states explored in 28.63s, with 2286619 rules fired and 426090 states in the queue.
	700000 states explored in 38.93s, with 3172371 rules fired and 456375 states in the queue.
	800000 states explored in 43.91s, with 3592044 rules fired and 521096 states in the queue.
	900000 states explored in 47.81s, with 3907214 rules fired and 592099 states in the queue.
	1000000 states explored in 51.35s, with 4196632 rules fired and 666665 states in the queue.
	1100000 states explored in 54.63s, with 4470114 rules fired and 743534 states in the queue.
	1200000 states explored in 59.04s, with 4840032 rules fired and 812501 states in the queue.
	1300000 states explored in 63.79s, with 5242504 rules fired and 880295 states in the queue.
	1400000 states explored in 72.29s, with 5960204 rules fired and 923339 states in the queue.
	1500000 states explored in 84.14s, with 6945497 rules fired and 942651 states in the queue.
	1600000 states explored in 91.49s, with 7659624 rules fired and 982742 states in the queue.
	1700000 states explored in 94.09s, with 7938327 rules fired and 1053851 states in the queue.
	1800000 states explored in 97.14s, with 8265026 rules fired and 1121123 states in the queue.
	1900000 states explored in 99.69s, with 8551736 rules fired and 1194869 states in the queue.
	2000000 states explored in 101.78s, with 8792270 rules fired and 1273474 states in the queue.
	2100000 states explored in 103.87s, with 9043455 rules fired and 1353291 states in the queue.
	2200000 states explored in 106.28s, with 9287250 rules fired and 1434014 states in the queue.
	2300000 states explored in 109.35s, with 9547451 rules fired and 1512929 states in the queue.
	2400000 states explored in 112.91s, with 9844580 rules fired and 1588063 states in the queue.
	2500000 states explored in 116.85s, with 10180440 rules fired and 1660897 states in the queue.
	2600000 states explored in 121.42s, with 10568625 rules fired and 1729333 states in the queue.
	2700000 states explored in 127.62s, with 11094754 rules fired and 1786451 states in the queue.
	2800000 states explored in 136.34s, with 11818852 rules fired and 1825588 states in the queue.
	2900000 states explored in 144.27s, with 12498265 rules fired and 1871807 states in the queue.
	3000000 states explored in 154.79s, with 13373710 rules fired and 1898626 states in the queue.
	3100000 states explored in 165.05s, with 14242849 rules fired and 1928361 states in the queue.
	3200000 states explored in 178.56s, with 15361047 rules fired and 1933822 states in the queue.
	3300000 states explored in 185.64s, with 15940252 rules fired and 1981963 states in the queue.
	3400000 states explored in 188.71s, with 16171940 rules fired and 2056556 states in the queue.
	3500000 states explored in 193.75s, with 16554256 rules fired and 2115552 states in the queue.
	3600000 states explored in 198.23s, with 16890446 rules fired and 2178938 states in the queue.
	3700000 states explored in 201.27s, with 17136860 rules fired and 2256147 states in the queue.
	3800000 states explored in 203.98s, with 17366334 rules fired and 2336861 states in the queue.
	3900000 states explored in 206.79s, with 17599487 rules fired and 2416385 states in the queue.
	4000000 states explored in 209.41s, with 17818960 rules fired and 2497480 states in the queue.
	4100000 states explored in 211.95s, with 18033902 rules fired and 2580016 states in the queue.

Error:

	Internal Error: Too many active states.



