This program should be regarded as a DEBUGGING aid, not as a 
certifier of correctness.
Call with the -l flag or read the license file for terms
and conditions of use.
Run this program with "-h" for the list of options.

Bugs, questions, and comments should be directed to
"melatti@di.uniroma1.it".

CMurphi compiler last modified date: Apr 10 2024
Include files last modified date:    Jul 23 2021
==========================================================================

==========================================================================
Caching Murphi Release 5.5.0
Finite-state Concurrent System Verifier.

Caching Murphi Release 5.5.0 is based on various versions of Murphi.
Caching Murphi Release 5.5.0 :
Copyright (C) 2009-2012 by Sapienza University of Rome.
Murphi release 3.1 :
Copyright (C) 1992 - 1999 by the Board of Trustees of
Leland Stanford Junior University.

==========================================================================

Protocol: ./protocols/exec/TL-C_NonIn_M_data/TL-C_NonIn_M_data_inv222
===========================================
  You are using EDMC algorithm.  
===========================================

===== Startstates are generated! =====
Carelist Layer 0: Tree[1].cache[1].state Tree[2].cache[1].state Tree[3].cache[1].state Tree[4].cache[1].state Tree[5].cache[1].state Tree[6].cache[1].state Tree[7].cache[1].state 

===== Init heuristics! =====

Progress Report:

	100000 states explored in 6.90s, with 313203 rules fired and 78994 states in the queue.
	200000 states explored in 11.34s, with 685285 rules fired and 151863 states in the queue.
	300000 states explored in 16.95s, with 1151026 rules fired and 217509 states in the queue.
	400000 states explored in 22.49s, with 1609964 rules fired and 282626 states in the queue.
	500000 states explored in 25.87s, with 1896894 rules fired and 359723 states in the queue.
	600000 states explored in 28.21s, with 2149746 rules fired and 440829 states in the queue.
	700000 states explored in 31.15s, with 2494391 rules fired and 514322 states in the queue.
	800000 states explored in 38.37s, with 3329922 rules fired and 549443 states in the queue.
	900000 states explored in 44.23s, with 3923499 rules fired and 602915 states in the queue.
	1000000 states explored in 46.88s, with 4132507 rules fired and 684937 states in the queue.
	1100000 states explored in 49.19s, with 4384282 rules fired and 763708 states in the queue.
	1200000 states explored in 51.81s, with 4679974 rules fired and 838931 states in the queue.
	1300000 states explored in 54.96s, with 5022424 rules fired and 909558 states in the queue.
	1400000 states explored in 57.50s, with 5321982 rules fired and 986537 states in the queue.
	1500000 states explored in 60.52s, with 5676550 rules fired and 1059280 states in the queue.
	1600000 states explored in 65.96s, with 6303933 rules fired and 1109058 states in the queue.
	1700000 states explored in 72.20s, with 6917420 rules fired and 1161375 states in the queue.
	1800000 states explored in 79.20s, with 7480366 rules fired and 1219004 states in the queue.
	1900000 states explored in 90.58s, with 8373202 rules fired and 1248569 states in the queue.
	2000000 states explored in 100.15s, with 9127306 rules fired and 1289199 states in the queue.
	2100000 states explored in 102.71s, with 9320245 rules fired and 1371841 states in the queue.
	2200000 states explored in 105.52s, with 9535370 rules fired and 1453421 states in the queue.
	2300000 states explored in 108.57s, with 9769486 rules fired and 1533611 states in the queue.
	2400000 states explored in 111.49s, with 9995369 rules fired and 1614568 states in the queue.
	2500000 states explored in 114.51s, with 10231080 rules fired and 1695035 states in the queue.
	2600000 states explored in 117.71s, with 10487372 rules fired and 1775255 states in the queue.
	2700000 states explored in 121.08s, with 10749584 rules fired and 1853696 states in the queue.
	2800000 states explored in 124.55s, with 11021745 rules fired and 1931794 states in the queue.
	2900000 states explored in 128.32s, with 11312443 rules fired and 2007572 states in the queue.
	3000000 states explored in 132.66s, with 11649206 rules fired and 2079786 states in the queue.
	3100000 states explored in 139.32s, with 12176647 rules fired and 2137780 states in the queue.
	3200000 states explored in 145.67s, with 12656447 rules fired and 2196997 states in the queue.
	3300000 states explored in 151.26s, with 13081960 rules fired and 2261627 states in the queue.
	3400000 states explored in 157.47s, with 13553762 rules fired and 2321976 states in the queue.
	3500000 states explored in 164.14s, with 14071258 rules fired and 2379906 states in the queue.
	3600000 states explored in 170.49s, with 14566183 rules fired and 2440275 states in the queue.
	3700000 states explored in 177.02s, with 15087170 rules fired and 2499804 states in the queue.
	3800000 states explored in 184.71s, with 15679487 rules fired and 2550919 states in the queue.
	3900000 states explored in 192.76s, with 16308276 rules fired and 2600147 states in the queue.

Error:

	Internal Error: Too many active states.



