This program should be regarded as a DEBUGGING aid, not as a 
certifier of correctness.
Call with the -l flag or read the license file for terms
and conditions of use.
Run this program with "-h" for the list of options.

Bugs, questions, and comments should be directed to
"melatti@di.uniroma1.it".

CMurphi compiler last modified date: Apr 10 2024
Include files last modified date:    Jul 23 2021
==========================================================================

==========================================================================
Caching Murphi Release 5.5.0
Finite-state Concurrent System Verifier.

Caching Murphi Release 5.5.0 is based on various versions of Murphi.
Caching Murphi Release 5.5.0 :
Copyright (C) 2009-2012 by Sapienza University of Rome.
Murphi release 3.1 :
Copyright (C) 1992 - 1999 by the Board of Trustees of
Leland Stanford Junior University.

==========================================================================

Protocol: ./protocols/exec/TL-C_NonIn_M_data/TL-C_NonIn_M_data_inv72
===========================================
  You are using EDMC algorithm.  
===========================================

===== Startstates are generated! =====
Carelist Layer 0: Tree[1].cache[1].state Tree[2].cache[1].state Tree[3].cache[1].state Tree[4].cache[1].state Tree[5].cache[1].state Tree[6].cache[1].state Tree[7].cache[1].state 

===== Init heuristics! =====

Progress Report:

	100000 states explored in 6.56s, with 347746 rules fired and 76222 states in the queue.
	200000 states explored in 12.29s, with 825440 rules fired and 141277 states in the queue.
	300000 states explored in 14.93s, with 1075672 rules fired and 221800 states in the queue.
	400000 states explored in 20.21s, with 1574592 rules fired and 283807 states in the queue.
	500000 states explored in 26.52s, with 2160229 rules fired and 337515 states in the queue.
	600000 states explored in 29.38s, with 2422762 rules fired and 416182 states in the queue.
	700000 states explored in 33.12s, with 2758695 rules fired and 488509 states in the queue.
	800000 states explored in 39.56s, with 3344578 rules fired and 541095 states in the queue.
	900000 states explored in 48.19s, with 4147158 rules fired and 577396 states in the queue.
	1000000 states explored in 54.68s, with 4762414 rules fired and 629205 states in the queue.
	1100000 states explored in 56.80s, with 4969307 rules fired and 711448 states in the queue.
	1200000 states explored in 58.94s, with 5206661 rules fired and 790767 states in the queue.
	1300000 states explored in 61.10s, with 5450630 rules fired and 870262 states in the queue.
	1400000 states explored in 64.34s, with 5806728 rules fired and 939391 states in the queue.
	1500000 states explored in 71.77s, with 6451112 rules fired and 983351 states in the queue.
	1600000 states explored in 77.06s, with 7046561 rules fired and 1033679 states in the queue.
	1700000 states explored in 82.70s, with 7658961 rules fired and 1083136 states in the queue.
	1800000 states explored in 89.59s, with 8423369 rules fired and 1118887 states in the queue.
	1900000 states explored in 94.82s, with 9020279 rules fired and 1170799 states in the queue.
	2000000 states explored in 97.82s, with 9382496 rules fired and 1244438 states in the queue.
	2100000 states explored in 106.66s, with 10387735 rules fired and 1270547 states in the queue.
	2200000 states explored in 109.05s, with 10571914 rules fired and 1354720 states in the queue.
	2300000 states explored in 111.10s, with 10762804 rules fired and 1437993 states in the queue.
	2400000 states explored in 112.95s, with 10972257 rules fired and 1520024 states in the queue.
	2500000 states explored in 114.96s, with 11198849 rules fired and 1600578 states in the queue.
	2600000 states explored in 117.17s, with 11439766 rules fired and 1679989 states in the queue.
	2700000 states explored in 119.32s, with 11679289 rules fired and 1759516 states in the queue.
	2800000 states explored in 121.84s, with 11954237 rules fired and 1835272 states in the queue.
	2900000 states explored in 124.70s, with 12261981 rules fired and 1907875 states in the queue.
	3000000 states explored in 130.09s, with 12674955 rules fired and 1970994 states in the queue.
	3100000 states explored in 137.05s, with 13418255 rules fired and 2003798 states in the queue.
	3200000 states explored in 144.50s, with 14231258 rules fired and 2032348 states in the queue.
	3300000 states explored in 151.42s, with 15003002 rules fired and 2067118 states in the queue.
	3400000 states explored in 157.74s, with 15700234 rules fired and 2107784 states in the queue.
	3500000 states explored in 165.71s, with 16321408 rules fired and 2152404 states in the queue.
	3600000 states explored in 175.16s, with 17002883 rules fired and 2193912 states in the queue.
	3700000 states explored in 183.95s, with 17642323 rules fired and 2239484 states in the queue.
	3800000 states explored in 190.55s, with 18129999 rules fired and 2299142 states in the queue.
	3900000 states explored in 194.15s, with 18414567 rules fired and 2378723 states in the queue.
	4000000 states explored in 198.71s, with 18764398 rules fired and 2451742 states in the queue.
	4100000 states explored in 204.09s, with 19185439 rules fired and 2520591 states in the queue.
	4200000 states explored in 209.07s, with 19581738 rules fired and 2592278 states in the queue.

Error:

	Internal Error: Too many active states.



