This program should be regarded as a DEBUGGING aid, not as a 
certifier of correctness.
Call with the -l flag or read the license file for terms
and conditions of use.
Run this program with "-h" for the list of options.

Bugs, questions, and comments should be directed to
"melatti@di.uniroma1.it".

CMurphi compiler last modified date: Apr 10 2024
Include files last modified date:    Jul 23 2021
==========================================================================

==========================================================================
Caching Murphi Release 5.5.0
Finite-state Concurrent System Verifier.

Caching Murphi Release 5.5.0 is based on various versions of Murphi.
Caching Murphi Release 5.5.0 :
Copyright (C) 2009-2012 by Sapienza University of Rome.
Murphi release 3.1 :
Copyright (C) 1992 - 1999 by the Board of Trustees of
Leland Stanford Junior University.

==========================================================================

Protocol: ./protocols/exec/TL-C_NonIn_M_data/TL-C_NonIn_M_data_inv189
===========================================
  You are using EDMC algorithm.  
===========================================

===== Startstates are generated! =====
Carelist Layer 0: Tree[1].cache[1].state Tree[2].cache[1].state Tree[3].cache[1].state Tree[4].cache[1].state Tree[5].cache[1].state Tree[6].cache[1].state Tree[7].cache[1].state 

===== Init heuristics! =====

Progress Report:

	100000 states explored in 5.22s, with 321126 rules fired and 78374 states in the queue.
	200000 states explored in 8.15s, with 687046 rules fired and 151537 states in the queue.
	300000 states explored in 12.85s, with 1236136 rules fired and 210783 states in the queue.
	400000 states explored in 15.90s, with 1606909 rules fired and 281652 states in the queue.
	500000 states explored in 18.67s, with 1937926 rules fired and 354526 states in the queue.
	600000 states explored in 20.94s, with 2215438 rules fired and 433294 states in the queue.
	700000 states explored in 26.03s, with 2801671 rules fired and 486744 states in the queue.
	800000 states explored in 33.09s, with 3650759 rules fired and 520214 states in the queue.
	900000 states explored in 35.48s, with 3921334 rules fired and 595363 states in the queue.
	1000000 states explored in 37.37s, with 4144377 rules fired and 676900 states in the queue.
	1100000 states explored in 39.60s, with 4397476 rules fired and 755034 states in the queue.
	1200000 states explored in 42.42s, with 4720070 rules fired and 827385 states in the queue.
	1300000 states explored in 45.67s, with 5098472 rules fired and 895812 states in the queue.
	1400000 states explored in 48.91s, with 5483289 rules fired and 965718 states in the queue.
	1500000 states explored in 54.64s, with 6164506 rules fired and 1011393 states in the queue.
	1600000 states explored in 61.13s, with 6938427 rules fired and 1050103 states in the queue.
	1700000 states explored in 71.14s, with 8129943 rules fired and 1053641 states in the queue.
	1800000 states explored in 72.68s, with 8306961 rules fired and 1137133 states in the queue.
	1900000 states explored in 74.59s, with 8528448 rules fired and 1217070 states in the queue.
	2000000 states explored in 76.48s, with 8753692 rules fired and 1297813 states in the queue.
	2100000 states explored in 78.42s, with 8986089 rules fired and 1378413 states in the queue.
	2200000 states explored in 80.43s, with 9222768 rules fired and 1458079 states in the queue.
	2300000 states explored in 82.37s, with 9457422 rules fired and 1539272 states in the queue.
	2400000 states explored in 84.50s, with 9708039 rules fired and 1618347 states in the queue.
	2500000 states explored in 87.00s, with 10002161 rules fired and 1693936 states in the queue.
	2600000 states explored in 89.69s, with 10319490 rules fired and 1767380 states in the queue.
	2700000 states explored in 93.82s, with 10659994 rules fired and 1838907 states in the queue.
	2800000 states explored in 98.58s, with 11022147 rules fired and 1908470 states in the queue.
	2900000 states explored in 103.51s, with 11392451 rules fired and 1976930 states in the queue.
	3000000 states explored in 111.76s, with 12022931 rules fired and 2025288 states in the queue.
	3100000 states explored in 121.01s, with 12722544 rules fired and 2067056 states in the queue.
	3200000 states explored in 130.28s, with 13434281 rules fired and 2108806 states in the queue.
	3300000 states explored in 141.19s, with 14274211 rules fired and 2139400 states in the queue.
	3400000 states explored in 153.47s, with 15224978 rules fired and 2160657 states in the queue.
	3500000 states explored in 163.94s, with 16050315 rules fired and 2194539 states in the queue.
	3600000 states explored in 173.45s, with 17035215 rules fired and 2213143 states in the queue.
	3700000 states explored in 178.17s, with 17583872 rules fired and 2266106 states in the queue.
	3800000 states explored in 180.00s, with 17787810 rules fired and 2348533 states in the queue.
	3900000 states explored in 182.40s, with 17990506 rules fired and 2430889 states in the queue.
	4000000 states explored in 184.98s, with 18189405 rules fired and 2513446 states in the queue.
	4100000 states explored in 187.82s, with 18415237 rules fired and 2595755 states in the queue.

Error:

	Internal Error: Too many active states.



