This program should be regarded as a DEBUGGING aid, not as a 
certifier of correctness.
Call with the -l flag or read the license file for terms
and conditions of use.
Run this program with "-h" for the list of options.

Bugs, questions, and comments should be directed to
"melatti@di.uniroma1.it".

CMurphi compiler last modified date: Oct 24 2023
Include files last modified date:    Jul 23 2021
==========================================================================

==========================================================================
Caching Murphi Release 5.5.0
Finite-state Concurrent System Verifier.

Caching Murphi Release 5.5.0 is based on various versions of Murphi.
Caching Murphi Release 5.5.0 :
Copyright (C) 2009-2012 by Sapienza University of Rome.
Murphi release 3.1 :
Copyright (C) 1992 - 1999 by the Board of Trustees of
Leland Stanford Junior University.

==========================================================================

Protocol: TL-C_In_S_nodata

Algorithm:
	Verification by depth first search.
	with symmetry algorithm 3 -- Heuristic Small Memory Normalization
	with permutation trial limit 10.

Memory usage:

	* The size of each state is 1456 bits (rounded up to 184 bytes).
	* The memory allocated for the hash table and state queue is
	  10485 Mbytes.
	  With two words of overhead per state, the maximum size of
	  the state space is 54386729 states.
	   * Use option "-k" or "-m" to increase this, if necessary.
	* Capacity in queue for depth-first search: 5438672 states.
	   * Change the constant gPercentActiveStates in mu_prolog.inc
	     to increase this, if necessary.

Warning: No trace will not be printed in the case of protocol errors!
         Check the options if you want to have error traces.

Progress Report:

	10000 states explored in 2.61s, with 29154 rules fired and 5766 states in the queue.
	20000 states explored in 2.67s, with 55819 rules fired and 11455 states in the queue.
	30000 states explored in 2.74s, with 85056 rules fired and 16929 states in the queue.
	40000 states explored in 2.81s, with 114284 rules fired and 22388 states in the queue.
	50000 states explored in 2.88s, with 145934 rules fired and 27395 states in the queue.
	60000 states explored in 2.95s, with 178376 rules fired and 32516 states in the queue.
	70000 states explored in 3.02s, with 209283 rules fired and 37575 states in the queue.
	80000 states explored in 3.10s, with 244511 rules fired and 41774 states in the queue.
	90000 states explored in 3.17s, with 275357 rules fired and 46872 states in the queue.
	100000 states explored in 3.24s, with 306852 rules fired and 51904 states in the queue.
	110000 states explored in 3.32s, with 338613 rules fired and 56775 states in the queue.
	120000 states explored in 3.40s, with 373403 rules fired and 61201 states in the queue.
	130000 states explored in 3.47s, with 409458 rules fired and 65533 states in the queue.
	140000 states explored in 3.55s, with 441758 rules fired and 70404 states in the queue.
	150000 states explored in 3.62s, with 477619 rules fired and 75107 states in the queue.
	160000 states explored in 3.70s, with 514158 rules fired and 79253 states in the queue.
	170000 states explored in 3.78s, with 548837 rules fired and 84000 states in the queue.
	180000 states explored in 3.86s, with 584512 rules fired and 88416 states in the queue.
	190000 states explored in 3.93s, with 618182 rules fired and 93587 states in the queue.
	200000 states explored in 4.01s, with 654025 rules fired and 97767 states in the queue.
	210000 states explored in 4.08s, with 684723 rules fired and 102761 states in the queue.
	220000 states explored in 4.15s, with 718385 rules fired and 107901 states in the queue.
	230000 states explored in 4.23s, with 751723 rules fired and 112755 states in the queue.
	240000 states explored in 4.31s, with 791070 rules fired and 116975 states in the queue.
	250000 states explored in 4.38s, with 824815 rules fired and 121919 states in the queue.
	260000 states explored in 4.46s, with 858096 rules fired and 126699 states in the queue.
	270000 states explored in 4.54s, with 894230 rules fired and 131010 states in the queue.
	280000 states explored in 4.62s, with 930851 rules fired and 135276 states in the queue.
	290000 states explored in 4.69s, with 968793 rules fired and 139513 states in the queue.
	300000 states explored in 4.77s, with 1005278 rules fired and 144000 states in the queue.
	310000 states explored in 4.85s, with 1037314 rules fired and 148926 states in the queue.
	320000 states explored in 4.93s, with 1076003 rules fired and 152801 states in the queue.
	330000 states explored in 5.02s, with 1119683 rules fired and 155632 states in the queue.
	340000 states explored in 5.10s, with 1158897 rules fired and 159717 states in the queue.
	350000 states explored in 5.18s, with 1193267 rules fired and 164072 states in the queue.
	360000 states explored in 5.26s, with 1229740 rules fired and 168062 states in the queue.
	370000 states explored in 5.34s, with 1267600 rules fired and 172724 states in the queue.
	380000 states explored in 5.42s, with 1304882 rules fired and 177073 states in the queue.
	390000 states explored in 5.50s, with 1343800 rules fired and 180429 states in the queue.
	400000 states explored in 5.59s, with 1384591 rules fired and 184104 states in the queue.
	410000 states explored in 5.67s, with 1420342 rules fired and 188487 states in the queue.
	420000 states explored in 5.75s, with 1463270 rules fired and 191783 states in the queue.
	430000 states explored in 5.83s, with 1499761 rules fired and 196305 states in the queue.
	440000 states explored in 5.91s, with 1537032 rules fired and 200265 states in the queue.
	450000 states explored in 5.99s, with 1574066 rules fired and 204626 states in the queue.
	460000 states explored in 6.07s, with 1613204 rules fired and 209116 states in the queue.
	470000 states explored in 6.15s, with 1652235 rules fired and 213170 states in the queue.
	480000 states explored in 6.23s, with 1687543 rules fired and 217942 states in the queue.
	490000 states explored in 6.31s, with 1725324 rules fired and 222296 states in the queue.
	500000 states explored in 6.39s, with 1762827 rules fired and 226699 states in the queue.
	510000 states explored in 6.46s, with 1796735 rules fired and 231495 states in the queue.
	520000 states explored in 6.54s, with 1835507 rules fired and 235561 states in the queue.
	530000 states explored in 6.62s, with 1873367 rules fired and 240063 states in the queue.
	540000 states explored in 6.70s, with 1906945 rules fired and 244961 states in the queue.
	550000 states explored in 6.78s, with 1944724 rules fired and 248622 states in the queue.
	560000 states explored in 6.86s, with 1981783 rules fired and 253339 states in the queue.
	570000 states explored in 6.94s, with 2021007 rules fired and 257329 states in the queue.
	580000 states explored in 7.02s, with 2058246 rules fired and 261660 states in the queue.
	590000 states explored in 7.10s, with 2099338 rules fired and 265834 states in the queue.
	600000 states explored in 7.18s, with 2137189 rules fired and 269822 states in the queue.
	610000 states explored in 7.26s, with 2175916 rules fired and 274153 states in the queue.
	620000 states explored in 7.35s, with 2217077 rules fired and 278127 states in the queue.
	630000 states explored in 7.43s, with 2260376 rules fired and 282160 states in the queue.
	640000 states explored in 7.51s, with 2299291 rules fired and 286112 states in the queue.
	650000 states explored in 7.59s, with 2336880 rules fired and 289934 states in the queue.
	660000 states explored in 7.68s, with 2375401 rules fired and 294126 states in the queue.
	670000 states explored in 7.76s, with 2414073 rules fired and 298346 states in the queue.
	680000 states explored in 7.84s, with 2453323 rules fired and 302618 states in the queue.
	690000 states explored in 7.93s, with 2497747 rules fired and 305898 states in the queue.
	700000 states explored in 8.02s, with 2540576 rules fired and 309333 states in the queue.
	710000 states explored in 8.11s, with 2584558 rules fired and 312031 states in the queue.
	720000 states explored in 8.19s, with 2623613 rules fired and 316121 states in the queue.
	730000 states explored in 8.27s, with 2662836 rules fired and 320188 states in the queue.
	740000 states explored in 8.36s, with 2704027 rules fired and 324060 states in the queue.
	750000 states explored in 8.44s, with 2746400 rules fired and 327327 states in the queue.
	760000 states explored in 8.52s, with 2783423 rules fired and 331918 states in the queue.
	770000 states explored in 8.61s, with 2823687 rules fired and 335809 states in the queue.
	780000 states explored in 8.69s, with 2866532 rules fired and 339459 states in the queue.
	790000 states explored in 8.78s, with 2911810 rules fired and 342157 states in the queue.
	800000 states explored in 8.88s, with 2952346 rules fired and 344825 states in the queue.
	810000 states explored in 8.96s, with 2992561 rules fired and 348893 states in the queue.
	820000 states explored in 9.04s, with 3032279 rules fired and 352870 states in the queue.
	830000 states explored in 9.14s, with 3078966 rules fired and 355711 states in the queue.
	840000 states explored in 9.22s, with 3121534 rules fired and 359376 states in the queue.
	850000 states explored in 9.31s, with 3165727 rules fired and 362461 states in the queue.
	860000 states explored in 9.40s, with 3208905 rules fired and 366156 states in the queue.
	870000 states explored in 9.49s, with 3250718 rules fired and 369585 states in the queue.
	880000 states explored in 9.57s, with 3292410 rules fired and 372949 states in the queue.
	890000 states explored in 9.65s, with 3330148 rules fired and 377059 states in the queue.
	900000 states explored in 9.74s, with 3375500 rules fired and 380185 states in the queue.
	910000 states explored in 9.82s, with 3414754 rules fired and 384362 states in the queue.
	920000 states explored in 9.91s, with 3456513 rules fired and 387884 states in the queue.
	930000 states explored in 10.01s, with 3501338 rules fired and 390437 states in the queue.
	940000 states explored in 10.10s, with 3546826 rules fired and 393757 states in the queue.
	950000 states explored in 10.18s, with 3590453 rules fired and 397098 states in the queue.
	960000 states explored in 10.28s, with 3634683 rules fired and 400195 states in the queue.
	970000 states explored in 10.36s, with 3673079 rules fired and 404183 states in the queue.
	980000 states explored in 10.44s, with 3714340 rules fired and 407819 states in the queue.
	990000 states explored in 10.54s, with 3757693 rules fired and 410663 states in the queue.
	1000000 states explored in 10.64s, with 3817930 rules fired and 411407 states in the queue.
	1010000 states explored in 10.73s, with 3862106 rules fired and 414547 states in the queue.
	1020000 states explored in 10.82s, with 3903038 rules fired and 418151 states in the queue.
	1030000 states explored in 10.89s, with 3937735 rules fired and 422756 states in the queue.
	1040000 states explored in 10.99s, with 3987628 rules fired and 425358 states in the queue.
	1050000 states explored in 11.07s, with 4023061 rules fired and 429858 states in the queue.
	1060000 states explored in 11.16s, with 4066597 rules fired and 433303 states in the queue.
	1070000 states explored in 11.24s, with 4108809 rules fired and 436904 states in the queue.

==========================================================================

Result:

	Invariant "test_reachable_state_37" failed.

State Space Explored:

	1072048 states, 4117368 rules fired in 11.26s.

Analysis of State Space:

	There are rules that are never fired.
	If you are running with symmetry, this may be why.  Otherwise,
	please run this program with "-pr" for the rules information.
