This program should be regarded as a DEBUGGING aid, not as a 
certifier of correctness.
Call with the -l flag or read the license file for terms
and conditions of use.
Run this program with "-h" for the list of options.

Bugs, questions, and comments should be directed to
"melatti@di.uniroma1.it".

CMurphi compiler last modified date: Apr 10 2024
Include files last modified date:    Jul 23 2021
==========================================================================

==========================================================================
Caching Murphi Release 5.5.0
Finite-state Concurrent System Verifier.

Caching Murphi Release 5.5.0 is based on various versions of Murphi.
Caching Murphi Release 5.5.0 :
Copyright (C) 2009-2012 by Sapienza University of Rome.
Murphi release 3.1 :
Copyright (C) 1992 - 1999 by the Board of Trustees of
Leland Stanford Junior University.

==========================================================================

Protocol: ./protocols/exec/TL-C_In_M_data/TL-C_In_M_data_inv9
===========================================
  You are using EDMC algorithm.  
===========================================

===== Startstates are generated! =====
Carelist Layer 0: Tree[1].cache[1].state Tree[2].cache[1].state Tree[3].cache[1].state Tree[4].cache[1].state Tree[5].cache[1].state Tree[6].cache[1].state Tree[7].cache[1].state 
Attr: Tree[7].cache[1].state Level: 2 Wi: 2
Attr: Tree[1].cache[1].state Level: 0 Wi: 8
Attr: Tree[3].cache[1].state Level: 1 Wi: 4
Attr: Tree[4].cache[1].state Level: 2 Wi: 2
Attr: Tree[5].cache[1].state Level: 2 Wi: 2
Attr: Tree[2].cache[1].state Level: 1 Wi: 4
Attr: Tree[6].cache[1].state Level: 2 Wi: 2

===== Init heuristics! =====

Progress Report:

	100000 states explored in 14.66s, with 480580 rules fired and 53825 states in the queue.
	200000 states explored in 27.06s, with 958963 rules fired and 104360 states in the queue.
	300000 states explored in 43.29s, with 1401451 rules fired and 156356 states in the queue.
	400000 states explored in 61.16s, with 1880666 rules fired and 208755 states in the queue.
	500000 states explored in 83.34s, with 2513695 rules fired and 250327 states in the queue.
	600000 states explored in 101.51s, with 3098562 rules fired and 280776 states in the queue.
	700000 states explored in 118.07s, with 3660303 rules fired and 328730 states in the queue.
	800000 states explored in 133.52s, with 4206621 rules fired and 377567 states in the queue.
	900000 states explored in 146.65s, with 4756355 rules fired and 426200 states in the queue.
	1000000 states explored in 159.14s, with 5266495 rules fired and 477421 states in the queue.
	1100000 states explored in 175.75s, with 5888717 rules fired and 511234 states in the queue.
	1200000 states explored in 193.45s, with 6500609 rules fired and 540139 states in the queue.
	1300000 states explored in 206.03s, with 7010893 rules fired and 591102 states in the queue.
	1400000 states explored in 218.39s, with 7521591 rules fired and 642686 states in the queue.
	1500000 states explored in 231.35s, with 8061731 rules fired and 691853 states in the queue.
	1600000 states explored in 244.58s, with 8611287 rules fired and 740271 states in the queue.
	1700000 states explored in 257.30s, with 9146183 rules fired and 790877 states in the queue.
	1800000 states explored in 269.71s, with 9651043 rules fired and 842170 states in the queue.
	1900000 states explored in 282.40s, with 10190529 rules fired and 893010 states in the queue.
	2000000 states explored in 294.80s, with 10701623 rules fired and 944881 states in the queue.
	2100000 states explored in 307.18s, with 11198434 rules fired and 996770 states in the queue.
	2200000 states explored in 330.12s, with 12053589 rules fired and 1005917 states in the queue.
	2300000 states explored in 351.54s, with 12718165 rules fired and 1028574 states in the queue.
	2400000 states explored in 374.90s, with 13413460 rules fired and 1044778 states in the queue.
	2500000 states explored in 392.00s, with 13981191 rules fired and 1085156 states in the queue.
	2600000 states explored in 408.23s, with 14480264 rules fired and 1136313 states in the queue.
	2700000 states explored in 426.62s, with 15043629 rules fired and 1181183 states in the queue.
	2800000 states explored in 447.57s, with 15664675 rules fired and 1222031 states in the queue.
	2900000 states explored in 465.34s, with 16200460 rules fired and 1272081 states in the queue.
	3000000 states explored in 484.67s, with 16757296 rules fired and 1317165 states in the queue.
	3100000 states explored in 501.92s, with 17248271 rules fired and 1368648 states in the queue.
	3200000 states explored in 523.25s, with 17901043 rules fired and 1408710 states in the queue.
	3300000 states explored in 541.47s, with 18443285 rules fired and 1457113 states in the queue.
	3400000 states explored in 559.47s, with 19008272 rules fired and 1506138 states in the queue.
	3500000 states explored in 580.00s, with 19630970 rules fired and 1548053 states in the queue.
	3600000 states explored in 600.03s, with 20234298 rules fired and 1591659 states in the queue.
	3700000 states explored in 621.75s, with 20899130 rules fired and 1630663 states in the queue.
	3800000 states explored in 639.48s, with 21423618 rules fired and 1680306 states in the queue.
	3900000 states explored in 660.65s, with 22070435 rules fired and 1719200 states in the queue.
	4000000 states explored in 677.77s, with 22590237 rules fired and 1770417 states in the queue.
	4100000 states explored in 695.65s, with 23143983 rules fired and 1819249 states in the queue.
	4200000 states explored in 714.41s, with 23750684 rules fired and 1862449 states in the queue.
	4300000 states explored in 735.31s, with 24394805 rules fired and 1903047 states in the queue.
	4400000 states explored in 753.27s, with 24924369 rules fired and 1952615 states in the queue.
	4500000 states explored in 774.62s, with 25496213 rules fired and 1989328 states in the queue.
	4600000 states explored in 799.12s, with 26131805 rules fired and 2011157 states in the queue.
	4700000 states explored in 822.73s, with 26683123 rules fired and 2039913 states in the queue.
	4800000 states explored in 854.10s, with 27536296 rules fired and 2047265 states in the queue.
	4900000 states explored in 874.12s, with 28086597 rules fired and 2077911 states in the queue.
	5000000 states explored in 891.09s, with 28678927 rules fired and 2109515 states in the queue.
	5100000 states explored in 905.62s, with 29282460 rules fired and 2152670 states in the queue.
	5200000 states explored in 922.35s, with 29974368 rules fired and 2187651 states in the queue.
	5300000 states explored in 937.10s, with 30449648 rules fired and 2240516 states in the queue.
	5400000 states explored in 949.99s, with 30981668 rules fired and 2290114 states in the queue.
	5500000 states explored in 962.36s, with 31480264 rules fired and 2341523 states in the queue.
	5600000 states explored in 975.73s, with 32029100 rules fired and 2389207 states in the queue.
	5700000 states explored in 988.94s, with 32585302 rules fired and 2437922 states in the queue.
	5800000 states explored in 1002.25s, with 33143549 rules fired and 2486043 states in the queue.

Error:

	Internal Error: Too many active states.



