This program should be regarded as a DEBUGGING aid, not as a 
certifier of correctness.
Call with the -l flag or read the license file for terms
and conditions of use.
Run this program with "-h" for the list of options.

Bugs, questions, and comments should be directed to
"melatti@di.uniroma1.it".

CMurphi compiler last modified date: Jul 24 2024
Include files last modified date:    Jul 23 2021
==========================================================================

==========================================================================
Caching Murphi Release 5.5.0
Finite-state Concurrent System Verifier.

Caching Murphi Release 5.5.0 is based on various versions of Murphi.
Caching Murphi Release 5.5.0 :
Copyright (C) 2009-2012 by Sapienza University of Rome.
Murphi release 3.1 :
Copyright (C) 1992 - 1999 by the Board of Trustees of
Leland Stanford Junior University.

==========================================================================

Protocol: ./protocols/exec/Godsont_node4/Godsont_node4_inv9

Algorithm:
	Verification by depth first search.
	with symmetry algorithm 3 -- Heuristic Small Memory Normalization
	with permutation trial limit 10.

Memory usage:

	* The size of each state is 424 bits (rounded up to 56 bytes).
	* The memory allocated for the hash table and state queue is
	  10485 Mbytes.
	  With two words of overhead per state, the maximum size of
	  the state space is 118082893 states.
	   * Use option "-k" or "-m" to increase this, if necessary.
	* Capacity in queue for depth-first search: 11808289 states.
	   * Change the constant gPercentActiveStates in mu_prolog.inc
	     to increase this, if necessary.

Warning: No trace will not be printed in the case of protocol errors!
         Check the options if you want to have error traces.

Progress Report:

	100000 states explored in 2.81s, with 217611 rules fired and 99853 states in the queue.
	200000 states explored in 3.03s, with 437948 rules fired and 199606 states in the queue.
	300000 states explored in 3.32s, with 662504 rules fired and 299162 states in the queue.
	400000 states explored in 3.66s, with 885418 rules fired and 398653 states in the queue.
	500000 states explored in 4.05s, with 1110817 rules fired and 497960 states in the queue.
	600000 states explored in 4.49s, with 1337562 rules fired and 597178 states in the queue.
	700000 states explored in 4.97s, with 1561558 rules fired and 696514 states in the queue.
	800000 states explored in 5.50s, with 1787978 rules fired and 795681 states in the queue.
	900000 states explored in 6.05s, with 2012969 rules fired and 894674 states in the queue.
	1000000 states explored in 6.62s, with 2238741 rules fired and 993680 states in the queue.
	1100000 states explored in 7.26s, with 2464609 rules fired and 1092450 states in the queue.
	1200000 states explored in 7.92s, with 2691079 rules fired and 1191351 states in the queue.
	1300000 states explored in 8.58s, with 2917320 rules fired and 1290155 states in the queue.
	1400000 states explored in 9.26s, with 3142795 rules fired and 1389048 states in the queue.
	1500000 states explored in 10.09s, with 3368212 rules fired and 1488066 states in the queue.
	1600000 states explored in 11.18s, with 3588121 rules fired and 1587873 states in the queue.
	1700000 states explored in 12.33s, with 3810034 rules fired and 1687596 states in the queue.
	1800000 states explored in 13.43s, with 4034388 rules fired and 1787177 states in the queue.
	1900000 states explored in 14.50s, with 4259930 rules fired and 1886683 states in the queue.
	2000000 states explored in 15.48s, with 4483151 rules fired and 1985807 states in the queue.
	2100000 states explored in 16.60s, with 4709951 rules fired and 2084946 states in the queue.
	2200000 states explored in 17.75s, with 4933277 rules fired and 2184187 states in the queue.
	2300000 states explored in 18.92s, with 5160134 rules fired and 2283212 states in the queue.
	2400000 states explored in 20.07s, with 5386058 rules fired and 2381943 states in the queue.
	2500000 states explored in 21.33s, with 5613844 rules fired and 2480631 states in the queue.
	2600000 states explored in 22.63s, with 5838871 rules fired and 2579675 states in the queue.
	2700000 states explored in 23.89s, with 6065012 rules fired and 2678530 states in the queue.
	2800000 states explored in 25.17s, with 6292375 rules fired and 2777423 states in the queue.
	2900000 states explored in 26.43s, with 6518037 rules fired and 2876138 states in the queue.
	3000000 states explored in 27.86s, with 6745256 rules fired and 2974933 states in the queue.
	3100000 states explored in 29.04s, with 6973206 rules fired and 3073519 states in the queue.
	3200000 states explored in 30.49s, with 7200558 rules fired and 3172245 states in the queue.
	3300000 states explored in 31.94s, with 7430010 rules fired and 3270785 states in the queue.
	3400000 states explored in 33.24s, with 7658810 rules fired and 3369363 states in the queue.
	3500000 states explored in 34.64s, with 7883739 rules fired and 3468026 states in the queue.
	3600000 states explored in 36.04s, with 8110374 rules fired and 3566584 states in the queue.
	3700000 states explored in 37.23s, with 8330657 rules fired and 3665950 states in the queue.
	3800000 states explored in 38.42s, with 8552509 rules fired and 3765802 states in the queue.
	3900000 states explored in 39.84s, with 8778453 rules fired and 3865507 states in the queue.
	4000000 states explored in 41.38s, with 9006367 rules fired and 3965040 states in the queue.
	4100000 states explored in 42.92s, with 9233153 rules fired and 4064441 states in the queue.
	4200000 states explored in 44.54s, with 9460675 rules fired and 4163738 states in the queue.
	4300000 states explored in 46.13s, with 9687825 rules fired and 4262844 states in the queue.
	4400000 states explored in 47.80s, with 9916911 rules fired and 4361869 states in the queue.
	4500000 states explored in 49.48s, with 10145310 rules fired and 4460932 states in the queue.
	4600000 states explored in 51.17s, with 10373132 rules fired and 4559987 states in the queue.
	4700000 states explored in 52.87s, with 10601803 rules fired and 4658912 states in the queue.
	4800000 states explored in 54.57s, with 10830205 rules fired and 4757497 states in the queue.
	4900000 states explored in 56.32s, with 11059485 rules fired and 4856342 states in the queue.
	5000000 states explored in 57.98s, with 11286288 rules fired and 4955277 states in the queue.
	5100000 states explored in 59.83s, with 11511058 rules fired and 5054374 states in the queue.
	5200000 states explored in 62.15s, with 11732296 rules fired and 5154275 states in the queue.
	5300000 states explored in 64.61s, with 11957935 rules fired and 5253949 states in the queue.
	5400000 states explored in 67.01s, with 12182142 rules fired and 5353513 states in the queue.
	5500000 states explored in 69.26s, with 12408208 rules fired and 5452885 states in the queue.
	5600000 states explored in 71.74s, with 12636044 rules fired and 5552129 states in the queue.
	5700000 states explored in 74.18s, with 12862568 rules fired and 5651388 states in the queue.
	5800000 states explored in 76.65s, with 13089825 rules fired and 5750498 states in the queue.
	5900000 states explored in 79.16s, with 13317889 rules fired and 5849619 states in the queue.
	6000000 states explored in 81.55s, with 13545437 rules fired and 5948671 states in the queue.
	6100000 states explored in 84.03s, with 13769958 rules fired and 6047657 states in the queue.
	6200000 states explored in 86.34s, with 13996269 rules fired and 6146554 states in the queue.
	6300000 states explored in 88.94s, with 14224803 rules fired and 6245491 states in the queue.
	6400000 states explored in 91.39s, with 14452497 rules fired and 6344235 states in the queue.
	6500000 states explored in 94.03s, with 14680145 rules fired and 6442924 states in the queue.
	6600000 states explored in 96.40s, with 14908660 rules fired and 6541781 states in the queue.
	6700000 states explored in 98.64s, with 15134060 rules fired and 6640662 states in the queue.
	6800000 states explored in 101.04s, with 15362344 rules fired and 6739313 states in the queue.
	6900000 states explored in 103.55s, with 15589826 rules fired and 6837967 states in the queue.
	7000000 states explored in 106.05s, with 15817587 rules fired and 6936594 states in the queue.
	7100000 states explored in 108.57s, with 16044961 rules fired and 7035256 states in the queue.
	7200000 states explored in 111.25s, with 16272599 rules fired and 7133672 states in the queue.
	7300000 states explored in 113.73s, with 16500039 rules fired and 7232226 states in the queue.
	7400000 states explored in 116.34s, with 16730340 rules fired and 7330758 states in the queue.
	7500000 states explored in 118.94s, with 16959390 rules fired and 7429468 states in the queue.
	7600000 states explored in 121.32s, with 17185228 rules fired and 7527942 states in the queue.
	7700000 states explored in 124.05s, with 17413365 rules fired and 7626449 states in the queue.
	7800000 states explored in 126.76s, with 17644370 rules fired and 7724659 states in the queue.
	7900000 states explored in 129.42s, with 17874899 rules fired and 7823259 states in the queue.
	8000000 states explored in 132.24s, with 18101394 rules fired and 7921918 states in the queue.
	8100000 states explored in 134.85s, with 18329190 rules fired and 8020483 states in the queue.
	8200000 states explored in 137.37s, with 18558270 rules fired and 8118584 states in the queue.
	8300000 states explored in 139.48s, with 18786144 rules fired and 8217329 states in the queue.
	8400000 states explored in 141.01s, with 19007245 rules fired and 8317195 states in the queue.
	8500000 states explored in 142.61s, with 19229319 rules fired and 8417008 states in the queue.
	8600000 states explored in 144.29s, with 19452669 rules fired and 8516713 states in the queue.
	8700000 states explored in 146.09s, with 19679532 rules fired and 8616184 states in the queue.
	8800000 states explored in 148.07s, with 19906890 rules fired and 8715497 states in the queue.
	8900000 states explored in 149.97s, with 20133110 rules fired and 8814912 states in the queue.
	9000000 states explored in 151.85s, with 20361742 rules fired and 8914094 states in the queue.
	9100000 states explored in 153.72s, with 20589321 rules fired and 9013256 states in the queue.
	9200000 states explored in 155.72s, with 20815876 rules fired and 9112478 states in the queue.
	9300000 states explored in 157.65s, with 21042556 rules fired and 9211530 states in the queue.
	9400000 states explored in 159.38s, with 21268113 rules fired and 9310544 states in the queue.
	9500000 states explored in 161.47s, with 21495570 rules fired and 9409664 states in the queue.
	9600000 states explored in 163.62s, with 21724476 rules fired and 9508533 states in the queue.
	9700000 states explored in 165.68s, with 21952500 rules fired and 9607495 states in the queue.
	9800000 states explored in 167.39s, with 22176263 rules fired and 9706372 states in the queue.
	9900000 states explored in 169.34s, with 22402805 rules fired and 9805020 states in the queue.
	10000000 states explored in 171.75s, with 22621763 rules fired and 9904867 states in the queue.
	10100000 states explored in 174.46s, with 22844121 rules fired and 10004676 states in the queue.
	10200000 states explored in 177.08s, with 23066457 rules fired and 10104350 states in the queue.
	10300000 states explored in 179.83s, with 23293991 rules fired and 10203897 states in the queue.
	10400000 states explored in 182.74s, with 23522332 rules fired and 10303408 states in the queue.
	10500000 states explored in 185.60s, with 23747722 rules fired and 10402585 states in the queue.
	10600000 states explored in 188.26s, with 23975456 rules fired and 10501792 states in the queue.
	10700000 states explored in 190.86s, with 24202370 rules fired and 10600848 states in the queue.
	10800000 states explored in 193.52s, with 24428374 rules fired and 10699910 states in the queue.
	10900000 states explored in 196.13s, with 24652797 rules fired and 10799188 states in the queue.
	11000000 states explored in 198.87s, with 24874297 rules fired and 10899063 states in the queue.
	11100000 states explored in 201.47s, with 25097028 rules fired and 10998832 states in the queue.
	11200000 states explored in 203.91s, with 25324408 rules fired and 11098447 states in the queue.
	11300000 states explored in 206.45s, with 25550413 rules fired and 11197856 states in the queue.
	11400000 states explored in 209.04s, with 25778107 rules fired and 11297044 states in the queue.
	11500000 states explored in 211.54s, with 26005312 rules fired and 11396394 states in the queue.
	11600000 states explored in 214.11s, with 26233190 rules fired and 11495580 states in the queue.
	11700000 states explored in 216.53s, with 26459935 rules fired and 11594661 states in the queue.
	11800000 states explored in 219.11s, with 26688075 rules fired and 11693708 states in the queue.
	11900000 states explored in 221.53s, with 26914506 rules fired and 11792625 states in the queue.

Error:

	Internal: Too many active states.



