This program should be regarded as a DEBUGGING aid, not as a 
certifier of correctness.
Call with the -l flag or read the license file for terms
and conditions of use.
Run this program with "-h" for the list of options.

Bugs, questions, and comments should be directed to
"melatti@di.uniroma1.it".

CMurphi compiler last modified date: Oct  9 2023
Include files last modified date:    Jul 23 2021
==========================================================================

==========================================================================
Caching Murphi Release 5.5.0
Finite-state Concurrent System Verifier.

Caching Murphi Release 5.5.0 is based on various versions of Murphi.
Caching Murphi Release 5.5.0 :
Copyright (C) 2009-2012 by Sapienza University of Rome.
Murphi release 3.1 :
Copyright (C) 1992 - 1999 by the Board of Trustees of
Leland Stanford Junior University.

==========================================================================

Protocol: ./models/TL-C_NonIn_S_nodata

Algorithm:
	Verification by breadth first search.
	with symmetry algorithm 3 -- Heuristic Small Memory Normalization
	with permutation trial limit 10.

Memory usage:

	* The size of each state is 1456 bits (rounded up to 184 bytes).
	* The memory allocated for the hash table and state queue is
	  10485 Mbytes.
	  With two words of overhead per state, the maximum size of
	  the state space is 54386729 states.
	   * Use option "-k" or "-m" to increase this, if necessary.
	* Capacity in queue for breadth-first search: 5438672 states.
	   * Change the constant gPercentActiveStates in mu_prolog.inc
	     to increase this, if necessary.

Warning: No trace will not be printed in the case of protocol errors!
         Check the options if you want to have error traces.

Progress Report:

	10000 states explored in 2.63s, with 35444 rules fired and 4580 states in the queue.
	20000 states explored in 2.74s, with 75063 rules fired and 8903 states in the queue.
	30000 states explored in 2.85s, with 118595 rules fired and 12833 states in the queue.
	40000 states explored in 2.97s, with 161353 rules fired and 16280 states in the queue.
	50000 states explored in 3.08s, with 208169 rules fired and 19829 states in the queue.
	60000 states explored in 3.21s, with 251528 rules fired and 22841 states in the queue.
	70000 states explored in 3.33s, with 297179 rules fired and 26159 states in the queue.
	80000 states explored in 3.45s, with 345392 rules fired and 29353 states in the queue.
	90000 states explored in 3.59s, with 391009 rules fired and 32125 states in the queue.
	100000 states explored in 3.71s, with 436106 rules fired and 35054 states in the queue.
	110000 states explored in 3.83s, with 484145 rules fired and 38510 states in the queue.
	120000 states explored in 3.97s, with 534340 rules fired and 41422 states in the queue.
	130000 states explored in 4.11s, with 579351 rules fired and 44022 states in the queue.
	140000 states explored in 4.24s, with 625712 rules fired and 46639 states in the queue.
	150000 states explored in 4.37s, with 672565 rules fired and 49688 states in the queue.
	160000 states explored in 4.49s, with 721234 rules fired and 52728 states in the queue.
	170000 states explored in 4.61s, with 773579 rules fired and 56370 states in the queue.
	180000 states explored in 4.75s, with 823553 rules fired and 58959 states in the queue.
	190000 states explored in 4.88s, with 867715 rules fired and 61489 states in the queue.
	200000 states explored in 5.01s, with 916128 rules fired and 64460 states in the queue.
	210000 states explored in 5.14s, with 959891 rules fired and 67499 states in the queue.
	220000 states explored in 5.27s, with 1009107 rules fired and 70276 states in the queue.
	230000 states explored in 5.40s, with 1057868 rules fired and 73290 states in the queue.
	240000 states explored in 5.51s, with 1108081 rules fired and 77060 states in the queue.
	250000 states explored in 5.63s, with 1163616 rules fired and 80462 states in the queue.
	260000 states explored in 5.77s, with 1213211 rules fired and 83064 states in the queue.
	270000 states explored in 5.91s, with 1262250 rules fired and 85497 states in the queue.
	280000 states explored in 6.03s, with 1306121 rules fired and 88858 states in the queue.
	290000 states explored in 6.16s, with 1356000 rules fired and 91684 states in the queue.
	300000 states explored in 6.29s, with 1401931 rules fired and 94333 states in the queue.
	310000 states explored in 6.42s, with 1449964 rules fired and 97515 states in the queue.
	320000 states explored in 6.55s, with 1498388 rules fired and 100476 states in the queue.
	330000 states explored in 6.68s, with 1548863 rules fired and 103389 states in the queue.
	340000 states explored in 6.80s, with 1598591 rules fired and 106694 states in the queue.
	350000 states explored in 6.91s, with 1649202 rules fired and 110825 states in the queue.
	360000 states explored in 7.05s, with 1705457 rules fired and 114173 states in the queue.
	370000 states explored in 7.21s, with 1765236 rules fired and 117064 states in the queue.
	380000 states explored in 7.35s, with 1811423 rules fired and 120135 states in the queue.
	390000 states explored in 7.51s, with 1860931 rules fired and 122879 states in the queue.
	400000 states explored in 7.66s, with 1909022 rules fired and 125339 states in the queue.
	410000 states explored in 7.78s, with 1953838 rules fired and 129283 states in the queue.
	420000 states explored in 7.93s, with 2004173 rules fired and 131887 states in the queue.
	430000 states explored in 8.08s, with 2054242 rules fired and 134422 states in the queue.
	440000 states explored in 8.21s, with 2098009 rules fired and 137888 states in the queue.
	450000 states explored in 8.36s, with 2149267 rules fired and 140881 states in the queue.
	460000 states explored in 8.51s, with 2200300 rules fired and 143538 states in the queue.
	470000 states explored in 8.64s, with 2249265 rules fired and 147035 states in the queue.
	480000 states explored in 8.79s, with 2299688 rules fired and 149902 states in the queue.
	490000 states explored in 8.92s, with 2350489 rules fired and 153248 states in the queue.
	500000 states explored in 9.05s, with 2402404 rules fired and 156955 states in the queue.
	510000 states explored in 9.17s, with 2453588 rules fired and 160947 states in the queue.
	520000 states explored in 9.29s, with 2512494 rules fired and 164950 states in the queue.

==========================================================================

Result:

	Invariant "test_reachable_state_102" failed.

State Space Explored:

	527543 states, 2556372 rules fired in 9.41s.

Analysis of State Space:

	There are rules that are never fired.
	If you are running with symmetry, this may be why.  Otherwise,
	please run this program with "-pr" for the rules information.
