This program should be regarded as a DEBUGGING aid, not as a 
certifier of correctness.
Call with the -l flag or read the license file for terms
and conditions of use.
Run this program with "-h" for the list of options.

Bugs, questions, and comments should be directed to
"melatti@di.uniroma1.it".

CMurphi compiler last modified date: Oct  9 2023
Include files last modified date:    Jul 23 2021
==========================================================================

==========================================================================
Caching Murphi Release 5.5.0
Finite-state Concurrent System Verifier.

Caching Murphi Release 5.5.0 is based on various versions of Murphi.
Caching Murphi Release 5.5.0 :
Copyright (C) 2009-2012 by Sapienza University of Rome.
Murphi release 3.1 :
Copyright (C) 1992 - 1999 by the Board of Trustees of
Leland Stanford Junior University.

==========================================================================

Protocol: ./models/TL-C_NonIn_S_nodata

Algorithm:
	Verification by breadth first search.
	with symmetry algorithm 3 -- Heuristic Small Memory Normalization
	with permutation trial limit 10.

Memory usage:

	* The size of each state is 1456 bits (rounded up to 184 bytes).
	* The memory allocated for the hash table and state queue is
	  10485 Mbytes.
	  With two words of overhead per state, the maximum size of
	  the state space is 54386729 states.
	   * Use option "-k" or "-m" to increase this, if necessary.
	* Capacity in queue for breadth-first search: 5438672 states.
	   * Change the constant gPercentActiveStates in mu_prolog.inc
	     to increase this, if necessary.

Warning: No trace will not be printed in the case of protocol errors!
         Check the options if you want to have error traces.

Progress Report:

	10000 states explored in 3.04s, with 35444 rules fired and 4580 states in the queue.
	20000 states explored in 3.17s, with 75063 rules fired and 8903 states in the queue.
	30000 states explored in 3.31s, with 118595 rules fired and 12833 states in the queue.
	40000 states explored in 3.53s, with 161353 rules fired and 16280 states in the queue.
	50000 states explored in 3.90s, with 208169 rules fired and 19829 states in the queue.
	60000 states explored in 4.24s, with 251528 rules fired and 22841 states in the queue.
	70000 states explored in 4.37s, with 297179 rules fired and 26159 states in the queue.
	80000 states explored in 4.52s, with 345392 rules fired and 29353 states in the queue.
	90000 states explored in 4.68s, with 391009 rules fired and 32125 states in the queue.
	100000 states explored in 5.02s, with 436106 rules fired and 35054 states in the queue.
	110000 states explored in 5.43s, with 484145 rules fired and 38510 states in the queue.
	120000 states explored in 5.88s, with 534340 rules fired and 41422 states in the queue.
	130000 states explored in 6.09s, with 579351 rules fired and 44022 states in the queue.
	140000 states explored in 6.28s, with 625712 rules fired and 46639 states in the queue.
	150000 states explored in 6.42s, with 672565 rules fired and 49688 states in the queue.
	160000 states explored in 6.59s, with 721234 rules fired and 52728 states in the queue.
	170000 states explored in 6.72s, with 773579 rules fired and 56370 states in the queue.
	180000 states explored in 6.88s, with 823553 rules fired and 58959 states in the queue.
	190000 states explored in 7.05s, with 867715 rules fired and 61489 states in the queue.
	200000 states explored in 7.20s, with 916128 rules fired and 64460 states in the queue.
	210000 states explored in 7.35s, with 959891 rules fired and 67499 states in the queue.
	220000 states explored in 7.50s, with 1009107 rules fired and 70276 states in the queue.
	230000 states explored in 7.70s, with 1057868 rules fired and 73290 states in the queue.
	240000 states explored in 8.03s, with 1108081 rules fired and 77060 states in the queue.
	250000 states explored in 8.39s, with 1163616 rules fired and 80462 states in the queue.
	260000 states explored in 8.55s, with 1213211 rules fired and 83064 states in the queue.
	270000 states explored in 8.72s, with 1262250 rules fired and 85497 states in the queue.
	280000 states explored in 8.86s, with 1306121 rules fired and 88858 states in the queue.
	290000 states explored in 9.17s, with 1356000 rules fired and 91684 states in the queue.
	300000 states explored in 9.59s, with 1401931 rules fired and 94333 states in the queue.
	310000 states explored in 10.04s, with 1449964 rules fired and 97515 states in the queue.
	320000 states explored in 10.26s, with 1498388 rules fired and 100476 states in the queue.
	330000 states explored in 10.40s, with 1548863 rules fired and 103389 states in the queue.
	340000 states explored in 10.53s, with 1598591 rules fired and 106694 states in the queue.
	350000 states explored in 10.64s, with 1649202 rules fired and 110825 states in the queue.
	360000 states explored in 10.76s, with 1705457 rules fired and 114173 states in the queue.
	370000 states explored in 10.89s, with 1765236 rules fired and 117064 states in the queue.
	380000 states explored in 11.02s, with 1811423 rules fired and 120135 states in the queue.
	390000 states explored in 11.15s, with 1860931 rules fired and 122879 states in the queue.
	400000 states explored in 11.29s, with 1909022 rules fired and 125339 states in the queue.
	410000 states explored in 11.40s, with 1953838 rules fired and 129283 states in the queue.
	420000 states explored in 11.54s, with 2004173 rules fired and 131887 states in the queue.
	430000 states explored in 11.68s, with 2054242 rules fired and 134422 states in the queue.
	440000 states explored in 11.80s, with 2098009 rules fired and 137888 states in the queue.
	450000 states explored in 11.92s, with 2149267 rules fired and 140881 states in the queue.
	460000 states explored in 12.06s, with 2200300 rules fired and 143538 states in the queue.
	470000 states explored in 12.18s, with 2249265 rules fired and 147035 states in the queue.
	480000 states explored in 12.31s, with 2299688 rules fired and 149902 states in the queue.
	490000 states explored in 12.43s, with 2350489 rules fired and 153248 states in the queue.
	500000 states explored in 12.55s, with 2402404 rules fired and 156955 states in the queue.
	510000 states explored in 12.66s, with 2453588 rules fired and 160947 states in the queue.
	520000 states explored in 12.77s, with 2512494 rules fired and 164950 states in the queue.
	530000 states explored in 12.90s, with 2569313 rules fired and 167756 states in the queue.
	540000 states explored in 13.04s, with 2634328 rules fired and 170376 states in the queue.
	550000 states explored in 13.17s, with 2680874 rules fired and 173270 states in the queue.
	560000 states explored in 13.30s, with 2732031 rules fired and 176493 states in the queue.
	570000 states explored in 13.44s, with 2778738 rules fired and 179135 states in the queue.
	580000 states explored in 13.57s, with 2828257 rules fired and 181650 states in the queue.
	590000 states explored in 13.69s, with 2873344 rules fired and 185185 states in the queue.
	600000 states explored in 13.81s, with 2926381 rules fired and 188543 states in the queue.
	610000 states explored in 13.95s, with 2975185 rules fired and 191079 states in the queue.
	620000 states explored in 14.08s, with 3026971 rules fired and 194019 states in the queue.
	630000 states explored in 14.22s, with 3073864 rules fired and 196721 states in the queue.
	640000 states explored in 14.34s, with 3118945 rules fired and 200248 states in the queue.
	650000 states explored in 14.49s, with 3172244 rules fired and 203616 states in the queue.
	660000 states explored in 14.67s, with 3223400 rules fired and 206286 states in the queue.
	670000 states explored in 15.01s, with 3274253 rules fired and 208808 states in the queue.
	680000 states explored in 15.32s, with 3324737 rules fired and 212274 states in the queue.
	690000 states explored in 15.45s, with 3378884 rules fired and 215369 states in the queue.
	700000 states explored in 15.58s, with 3425919 rules fired and 218469 states in the queue.
	710000 states explored in 15.71s, with 3481208 rules fired and 221548 states in the queue.
	720000 states explored in 15.83s, with 3531425 rules fired and 225028 states in the queue.
	730000 states explored in 15.94s, with 3584559 rules fired and 229101 states in the queue.
	740000 states explored in 16.10s, with 3638932 rules fired and 232569 states in the queue.
	750000 states explored in 16.26s, with 3696555 rules fired and 236601 states in the queue.
	760000 states explored in 16.57s, with 3758092 rules fired and 240374 states in the queue.
	770000 states explored in 16.95s, with 3816999 rules fired and 242766 states in the queue.
	780000 states explored in 17.29s, with 3878272 rules fired and 246193 states in the queue.
	790000 states explored in 17.68s, with 3940752 rules fired and 248452 states in the queue.
	800000 states explored in 17.89s, with 3989324 rules fired and 251243 states in the queue.
	810000 states explored in 18.01s, with 4036362 rules fired and 254703 states in the queue.
	820000 states explored in 18.15s, with 4093648 rules fired and 257687 states in the queue.
	830000 states explored in 18.29s, with 4138429 rules fired and 260143 states in the queue.
	840000 states explored in 18.43s, with 4188803 rules fired and 262543 states in the queue.
	850000 states explored in 18.56s, with 4236202 rules fired and 265378 states in the queue.
	860000 states explored in 18.68s, with 4284840 rules fired and 268995 states in the queue.
	870000 states explored in 18.81s, with 4338547 rules fired and 272056 states in the queue.
	880000 states explored in 19.04s, with 4393314 rules fired and 273944 states in the queue.
	890000 states explored in 19.37s, with 4440870 rules fired and 277385 states in the queue.
	900000 states explored in 19.66s, with 4494467 rules fired and 280420 states in the queue.
	910000 states explored in 19.82s, with 4543261 rules fired and 282857 states in the queue.
	920000 states explored in 19.95s, with 4590381 rules fired and 285757 states in the queue.
	930000 states explored in 20.08s, with 4638151 rules fired and 289330 states in the queue.
	940000 states explored in 20.20s, with 4691577 rules fired and 292459 states in the queue.
	950000 states explored in 20.37s, with 4748256 rules fired and 294541 states in the queue.
	960000 states explored in 20.61s, with 4799951 rules fired and 298120 states in the queue.
	970000 states explored in 20.97s, with 4849547 rules fired and 300568 states in the queue.
	980000 states explored in 21.32s, with 4899001 rules fired and 303825 states in the queue.
	990000 states explored in 21.68s, with 4955865 rules fired and 306810 states in the queue.
	1000000 states explored in 22.01s, with 5009686 rules fired and 310047 states in the queue.
	1010000 states explored in 22.17s, with 5057760 rules fired and 312999 states in the queue.
	1020000 states explored in 22.29s, with 5110479 rules fired and 316134 states in the queue.
	1030000 states explored in 22.43s, with 5166968 rules fired and 319021 states in the queue.
	1040000 states explored in 22.54s, with 5219165 rules fired and 322624 states in the queue.
	1050000 states explored in 22.66s, with 5270328 rules fired and 326533 states in the queue.
	1060000 states explored in 22.79s, with 5326209 rules fired and 330456 states in the queue.
	1070000 states explored in 22.92s, with 5380179 rules fired and 333717 states in the queue.
	1080000 states explored in 23.04s, with 5437912 rules fired and 337206 states in the queue.
	1090000 states explored in 23.15s, with 5498425 rules fired and 341148 states in the queue.
	1100000 states explored in 23.27s, with 5565611 rules fired and 344716 states in the queue.
	1110000 states explored in 23.40s, with 5625486 rules fired and 347931 states in the queue.
	1120000 states explored in 23.54s, with 5685726 rules fired and 350197 states in the queue.
	1130000 states explored in 23.67s, with 5745762 rules fired and 353702 states in the queue.
	1140000 states explored in 23.81s, with 5818413 rules fired and 356277 states in the queue.
	1150000 states explored in 23.97s, with 5875830 rules fired and 357820 states in the queue.
	1160000 states explored in 24.10s, with 5923388 rules fired and 360935 states in the queue.
	1170000 states explored in 24.22s, with 5970614 rules fired and 364666 states in the queue.
	1180000 states explored in 24.34s, with 6018189 rules fired and 368085 states in the queue.
	1190000 states explored in 24.48s, with 6078096 rules fired and 370983 states in the queue.
	1200000 states explored in 24.62s, with 6124512 rules fired and 373514 states in the queue.
	1210000 states explored in 24.78s, with 6178770 rules fired and 374982 states in the queue.
	1220000 states explored in 24.91s, with 6226299 rules fired and 377925 states in the queue.
	1230000 states explored in 25.06s, with 6275484 rules fired and 380566 states in the queue.
	1240000 states explored in 25.18s, with 6324746 rules fired and 384002 states in the queue.
	1250000 states explored in 25.32s, with 6380179 rules fired and 386991 states in the queue.
	1260000 states explored in 25.45s, with 6435137 rules fired and 389651 states in the queue.
	1270000 states explored in 25.61s, with 6491413 rules fired and 391426 states in the queue.
	1280000 states explored in 25.74s, with 6538682 rules fired and 394778 states in the queue.
	1290000 states explored in 25.86s, with 6588989 rules fired and 398273 states in the queue.
	1300000 states explored in 25.99s, with 6644367 rules fired and 401396 states in the queue.
	1310000 states explored in 26.14s, with 6695382 rules fired and 403343 states in the queue.
	1320000 states explored in 26.28s, with 6745737 rules fired and 405835 states in the queue.
	1330000 states explored in 26.42s, with 6794727 rules fired and 408448 states in the queue.
	1340000 states explored in 26.55s, with 6842534 rules fired and 412220 states in the queue.
	1350000 states explored in 26.71s, with 6898005 rules fired and 415192 states in the queue.
	1360000 states explored in 26.86s, with 6956999 rules fired and 417665 states in the queue.
	1370000 states explored in 27.03s, with 7011535 rules fired and 419721 states in the queue.
	1380000 states explored in 27.17s, with 7059940 rules fired and 423551 states in the queue.
	1390000 states explored in 27.32s, with 7114950 rules fired and 426673 states in the queue.
	1400000 states explored in 27.48s, with 7164495 rules fired and 429149 states in the queue.
	1410000 states explored in 27.61s, with 7214637 rules fired and 432379 states in the queue.
	1420000 states explored in 27.76s, with 7273955 rules fired and 435040 states in the queue.
	1430000 states explored in 27.92s, with 7332674 rules fired and 437410 states in the queue.
	1440000 states explored in 28.05s, with 7382657 rules fired and 441266 states in the queue.
	1450000 states explored in 28.19s, with 7435367 rules fired and 444116 states in the queue.
	1460000 states explored in 28.33s, with 7485066 rules fired and 447462 states in the queue.
	1470000 states explored in 28.48s, with 7540043 rules fired and 450183 states in the queue.
	1480000 states explored in 28.63s, with 7598816 rules fired and 452828 states in the queue.
	1490000 states explored in 28.76s, with 7652832 rules fired and 456381 states in the queue.
	1500000 states explored in 28.90s, with 7706791 rules fired and 459840 states in the queue.
	1510000 states explored in 29.02s, with 7757331 rules fired and 463704 states in the queue.
	1520000 states explored in 29.15s, with 7813409 rules fired and 467474 states in the queue.
	1530000 states explored in 29.28s, with 7872664 rules fired and 471176 states in the queue.
	1540000 states explored in 29.42s, with 7924938 rules fired and 474570 states in the queue.
	1550000 states explored in 29.57s, with 7984469 rules fired and 477379 states in the queue.
	1560000 states explored in 29.71s, with 8044360 rules fired and 480704 states in the queue.
	1570000 states explored in 29.85s, with 8107118 rules fired and 484263 states in the queue.
	1580000 states explored in 29.98s, with 8170517 rules fired and 487961 states in the queue.
	1590000 states explored in 30.12s, with 8239406 rules fired and 491464 states in the queue.
	1600000 states explored in 30.27s, with 8306577 rules fired and 494215 states in the queue.
	1610000 states explored in 30.43s, with 8371449 rules fired and 496394 states in the queue.
	1620000 states explored in 30.57s, with 8425138 rules fired and 499680 states in the queue.

==========================================================================

Result:

	Invariant "test_reachable_state_104" failed.

State Space Explored:

	1621714 states, 8434593 rules fired in 30.59s.

Analysis of State Space:

	There are rules that are never fired.
	If you are running with symmetry, this may be why.  Otherwise,
	please run this program with "-pr" for the rules information.
