This program should be regarded as a DEBUGGING aid, not as a 
certifier of correctness.
Call with the -l flag or read the license file for terms
and conditions of use.
Run this program with "-h" for the list of options.

Bugs, questions, and comments should be directed to
"melatti@di.uniroma1.it".

CMurphi compiler last modified date: Apr 10 2024
Include files last modified date:    Jul 23 2021
==========================================================================

==========================================================================
Caching Murphi Release 5.5.0
Finite-state Concurrent System Verifier.

Caching Murphi Release 5.5.0 is based on various versions of Murphi.
Caching Murphi Release 5.5.0 :
Copyright (C) 2009-2012 by Sapienza University of Rome.
Murphi release 3.1 :
Copyright (C) 1992 - 1999 by the Board of Trustees of
Leland Stanford Junior University.

==========================================================================

Protocol: ./protocols/exec/Flash_node8/Flash_node8_inv242
===========================================
  You are using LS algorithm.  
===========================================

===== Startstates are generated! =====
Carelist Layer 0: Sta.Proc[1].CacheState Sta.Proc[2].CacheState Sta.Proc[3].CacheState Sta.Proc[4].CacheState Sta.Proc[5].CacheState Sta.Proc[6].CacheState Sta.Proc[7].CacheState Sta.Proc[8].CacheState 
Attr: Sta.Proc[8].CacheState Level: 0 Wi: 8
Attr: Sta.Proc[7].CacheState Level: 0 Wi: 8
Attr: Sta.Proc[2].CacheState Level: 0 Wi: 8
Attr: Sta.Proc[1].CacheState Level: 0 Wi: 8
Attr: Sta.Proc[4].CacheState Level: 0 Wi: 8
Attr: Sta.Proc[5].CacheState Level: 0 Wi: 8
Attr: Sta.Proc[3].CacheState Level: 0 Wi: 8
Attr: Sta.Proc[6].CacheState Level: 0 Wi: 8

===== Init heuristics! =====

Progress Report:

	100000 states explored in 5.85s, with 353820 rules fired and 86337 states in the queue.
	200000 states explored in 8.95s, with 688716 rules fired and 173281 states in the queue.
	300000 states explored in 13.61s, with 1194636 rules fired and 252834 states in the queue.
	400000 states explored in 16.73s, with 1526386 rules fired and 339550 states in the queue.
	500000 states explored in 19.35s, with 1805597 rules fired and 428038 states in the queue.
	600000 states explored in 22.43s, with 2131439 rules fired and 514710 states in the queue.
	700000 states explored in 25.80s, with 2493777 rules fired and 600361 states in the queue.
	800000 states explored in 30.07s, with 2953668 rules fired and 682064 states in the queue.
	900000 states explored in 37.49s, with 3754732 rules fired and 748778 states in the queue.
	1000000 states explored in 42.23s, with 4257025 rules fired and 826864 states in the queue.
	1100000 states explored in 45.16s, with 4562465 rules fired and 914193 states in the queue.
	1200000 states explored in 48.42s, with 4904149 rules fired and 999949 states in the queue.
	1300000 states explored in 52.09s, with 5289834 rules fired and 1083894 states in the queue.
	1400000 states explored in 55.61s, with 5659702 rules fired and 1168534 states in the queue.
	1500000 states explored in 59.51s, with 6071735 rules fired and 1251564 states in the queue.
	1600000 states explored in 63.52s, with 6500275 rules fired and 1334106 states in the queue.
	1700000 states explored in 66.97s, with 6869826 rules fired and 1419094 states in the queue.
	1800000 states explored in 69.82s, with 7171625 rules fired and 1506579 states in the queue.
	1900000 states explored in 72.99s, with 7509739 rules fired and 1592948 states in the queue.
	2000000 states explored in 76.39s, with 7874227 rules fired and 1678068 states in the queue.
	2100000 states explored in 79.93s, with 8248062 rules fired and 1762628 states in the queue.
	2200000 states explored in 83.45s, with 8623710 rules fired and 1847353 states in the queue.
	2300000 states explored in 87.02s, with 9002400 rules fired and 1931829 states in the queue.
	2400000 states explored in 90.67s, with 9391810 rules fired and 2015793 states in the queue.
	2500000 states explored in 94.50s, with 9803846 rules fired and 2099265 states in the queue.
	2600000 states explored in 98.46s, with 10225076 rules fired and 2182096 states in the queue.
	2700000 states explored in 104.04s, with 10822508 rules fired and 2257367 states in the queue.
	2800000 states explored in 112.09s, with 11683911 rules fired and 2321134 states in the queue.
	2900000 states explored in 122.03s, with 12741152 rules fired and 2374934 states in the queue.
	3000000 states explored in 134.28s, with 14034914 rules fired and 2415271 states in the queue.
	3100000 states explored in 136.99s, with 14321085 rules fired and 2503549 states in the queue.
	3200000 states explored in 139.57s, with 14589437 rules fired and 2592003 states in the queue.
	3300000 states explored in 142.16s, with 14857448 rules fired and 2680364 states in the queue.
	3400000 states explored in 144.94s, with 15142081 rules fired and 2768010 states in the queue.
	3500000 states explored in 147.71s, with 15426935 rules fired and 2855660 states in the queue.
	3600000 states explored in 150.61s, with 15727263 rules fired and 2942840 states in the queue.
	3700000 states explored in 153.50s, with 16023439 rules fired and 3030041 states in the queue.
	3800000 states explored in 156.48s, with 16332530 rules fired and 3116937 states in the queue.
	3900000 states explored in 159.60s, with 16654854 rules fired and 3203209 states in the queue.
	4000000 states explored in 162.82s, with 16988273 rules fired and 3288958 states in the queue.
	4100000 states explored in 165.97s, with 17314510 rules fired and 3375014 states in the queue.
	4200000 states explored in 169.34s, with 17666151 rules fired and 3460517 states in the queue.
	4300000 states explored in 172.62s, with 18006685 rules fired and 3546211 states in the queue.
	4400000 states explored in 175.83s, with 18340444 rules fired and 3632115 states in the queue.
	4500000 states explored in 179.42s, with 18716928 rules fired and 3716230 states in the queue.
	4600000 states explored in 183.15s, with 19108139 rules fired and 3799865 states in the queue.
	4700000 states explored in 186.88s, with 19496732 rules fired and 3883477 states in the queue.
	4800000 states explored in 190.75s, with 19899423 rules fired and 3966228 states in the queue.
	4900000 states explored in 194.65s, with 20305673 rules fired and 4049317 states in the queue.
	5000000 states explored in 198.76s, with 20737279 rules fired and 4131437 states in the queue.
	5100000 states explored in 202.84s, with 21160927 rules fired and 4213574 states in the queue.
	5200000 states explored in 206.59s, with 21549716 rules fired and 4296990 states in the queue.
	5300000 states explored in 210.54s, with 21959268 rules fired and 4379619 states in the queue.
	5400000 states explored in 214.60s, with 22384055 rules fired and 4461937 states in the queue.
	5500000 states explored in 218.82s, with 22826255 rules fired and 4543421 states in the queue.
	5600000 states explored in 222.66s, with 23229706 rules fired and 4626515 states in the queue.
	5700000 states explored in 226.79s, with 23662230 rules fired and 4708324 states in the queue.
	5800000 states explored in 231.11s, with 24116763 rules fired and 4789264 states in the queue.
	5900000 states explored in 235.74s, with 24606791 rules fired and 4868794 states in the queue.
	6000000 states explored in 240.32s, with 25088543 rules fired and 4948738 states in the queue.
	6100000 states explored in 244.88s, with 25567491 rules fired and 5028697 states in the queue.
	6200000 states explored in 249.86s, with 26090451 rules fired and 5106669 states in the queue.
	6300000 states explored in 254.16s, with 26547205 rules fired and 5187999 states in the queue.
	6400000 states explored in 259.03s, with 27064344 rules fired and 5266556 states in the queue.
	6500000 states explored in 264.87s, with 27685898 rules fired and 5340615 states in the queue.
	6600000 states explored in 270.97s, with 28335750 rules fired and 5413484 states in the queue.
	6700000 states explored in 276.67s, with 28946378 rules fired and 5488820 states in the queue.
	6800000 states explored in 282.03s, with 29514703 rules fired and 5565005 states in the queue.
	6900000 states explored in 287.69s, with 30113498 rules fired and 5639717 states in the queue.
	7000000 states explored in 293.68s, with 30745598 rules fired and 5712783 states in the queue.
	7100000 states explored in 299.78s, with 31388415 rules fired and 5785347 states in the queue.
	7200000 states explored in 306.49s, with 32099132 rules fired and 5854832 states in the queue.
	7300000 states explored in 313.63s, with 32854000 rules fired and 5921950 states in the queue.
	7400000 states explored in 321.70s, with 33703006 rules fired and 5984410 states in the queue.
	7500000 states explored in 330.07s, with 34576637 rules fired and 6044769 states in the queue.
	7600000 states explored in 335.70s, with 35164950 rules fired and 6118468 states in the queue.
	7700000 states explored in 340.39s, with 35662390 rules fired and 6197465 states in the queue.
	7800000 states explored in 345.86s, with 36242250 rules fired and 6272717 states in the queue.
	7900000 states explored in 351.31s, with 36819263 rules fired and 6347917 states in the queue.
	8000000 states explored in 357.35s, with 37452689 rules fired and 6420659 states in the queue.
	8100000 states explored in 365.90s, with 38354177 rules fired and 6481151 states in the queue.
	8200000 states explored in 376.70s, with 39484607 rules fired and 6529334 states in the queue.
	8300000 states explored in 387.30s, with 40594691 rules fired and 6578228 states in the queue.
	8400000 states explored in 398.28s, with 41741731 rules fired and 6624942 states in the queue.
	8500000 states explored in 412.70s, with 43240898 rules fired and 6652387 states in the queue.
	8600000 states explored in 417.41s, with 43727355 rules fired and 6730122 states in the queue.
	8700000 states explored in 420.35s, with 44025719 rules fired and 6817041 states in the queue.
	8800000 states explored in 423.12s, with 44310708 rules fired and 6904987 states in the queue.
	8900000 states explored in 426.43s, with 44654246 rules fired and 6990620 states in the queue.
	9000000 states explored in 429.61s, with 44981781 rules fired and 7076678 states in the queue.
	9100000 states explored in 432.74s, with 45305376 rules fired and 7163070 states in the queue.
	9200000 states explored in 436.02s, with 45643070 rules fired and 7248534 states in the queue.
	9300000 states explored in 439.19s, with 45964929 rules fired and 7334500 states in the queue.
	9400000 states explored in 442.41s, with 46291793 rules fired and 7420428 states in the queue.
	9500000 states explored in 445.72s, with 46632017 rules fired and 7505984 states in the queue.
	9600000 states explored in 448.98s, with 46963077 rules fired and 7591468 states in the queue.

Error:

	Internal Error: Too many active states.



