This program should be regarded as a DEBUGGING aid, not as a 
certifier of correctness.
Call with the -l flag or read the license file for terms
and conditions of use.
Run this program with "-h" for the list of options.

Bugs, questions, and comments should be directed to
"melatti@di.uniroma1.it".

CMurphi compiler last modified date: Apr 10 2024
Include files last modified date:    Jul 23 2021
==========================================================================

==========================================================================
Caching Murphi Release 5.5.0
Finite-state Concurrent System Verifier.

Caching Murphi Release 5.5.0 is based on various versions of Murphi.
Caching Murphi Release 5.5.0 :
Copyright (C) 2009-2012 by Sapienza University of Rome.
Murphi release 3.1 :
Copyright (C) 1992 - 1999 by the Board of Trustees of
Leland Stanford Junior University.

==========================================================================

Protocol: ./protocols/exec/Flash_node8/Flash_node8_inv263
===========================================
  You are using LS algorithm.  
===========================================

===== Startstates are generated! =====
Carelist Layer 0: Sta.Proc[1].CacheState Sta.Proc[2].CacheState Sta.Proc[3].CacheState Sta.Proc[4].CacheState Sta.Proc[5].CacheState Sta.Proc[6].CacheState Sta.Proc[7].CacheState Sta.Proc[8].CacheState 
Attr: Sta.Proc[8].CacheState Level: 0 Wi: 8
Attr: Sta.Proc[7].CacheState Level: 0 Wi: 8
Attr: Sta.Proc[2].CacheState Level: 0 Wi: 8
Attr: Sta.Proc[1].CacheState Level: 0 Wi: 8
Attr: Sta.Proc[4].CacheState Level: 0 Wi: 8
Attr: Sta.Proc[5].CacheState Level: 0 Wi: 8
Attr: Sta.Proc[3].CacheState Level: 0 Wi: 8
Attr: Sta.Proc[6].CacheState Level: 0 Wi: 8

===== Init heuristics! =====

Progress Report:

	100000 states explored in 5.94s, with 351908 rules fired and 86441 states in the queue.
	200000 states explored in 8.82s, with 642196 rules fired and 174987 states in the queue.
	300000 states explored in 13.57s, with 1132193 rules fired and 255722 states in the queue.
	400000 states explored in 16.90s, with 1468302 rules fired and 341364 states in the queue.
	500000 states explored in 19.52s, with 1730630 rules fired and 430611 states in the queue.
	600000 states explored in 22.61s, with 2039974 rules fired and 518017 states in the queue.
	700000 states explored in 25.98s, with 2382424 rules fired and 604489 states in the queue.
	800000 states explored in 29.76s, with 2767300 rules fired and 689405 states in the queue.
	900000 states explored in 34.90s, with 3292139 rules fired and 768618 states in the queue.
	1000000 states explored in 41.61s, with 3980600 rules fired and 840440 states in the queue.
	1100000 states explored in 49.39s, with 4775224 rules fired and 905617 states in the queue.
	1200000 states explored in 52.42s, with 5076876 rules fired and 993207 states in the queue.
	1300000 states explored in 55.87s, with 5423226 rules fired and 1079075 states in the queue.
	1400000 states explored in 59.16s, with 5753075 rules fired and 1165739 states in the queue.
	1500000 states explored in 62.78s, with 6117563 rules fired and 1250900 states in the queue.
	1600000 states explored in 65.47s, with 6386128 rules fired and 1339585 states in the queue.
	1700000 states explored in 68.24s, with 6662174 rules fired and 1427991 states in the queue.
	1800000 states explored in 71.10s, with 6946646 rules fired and 1516159 states in the queue.
	1900000 states explored in 73.98s, with 7235180 rules fired and 1604193 states in the queue.
	2000000 states explored in 76.94s, with 7530695 rules fired and 1691828 states in the queue.
	2100000 states explored in 80.30s, with 7866652 rules fired and 1777816 states in the queue.
	2200000 states explored in 83.70s, with 8206891 rules fired and 1863631 states in the queue.
	2300000 states explored in 87.20s, with 8557488 rules fired and 1949153 states in the queue.
	2400000 states explored in 90.72s, with 8911293 rules fired and 2034645 states in the queue.
	2500000 states explored in 94.46s, with 9287185 rules fired and 2119271 states in the queue.
	2600000 states explored in 97.95s, with 9636287 rules fired and 2204936 states in the queue.
	2700000 states explored in 101.57s, with 9998609 rules fired and 2290107 states in the queue.
	2800000 states explored in 105.24s, with 10366910 rules fired and 2375014 states in the queue.
	2900000 states explored in 109.23s, with 10766877 rules fired and 2458561 states in the queue.
	3000000 states explored in 114.04s, with 11247527 rules fired and 2538709 states in the queue.
	3100000 states explored in 119.49s, with 11797820 rules fired and 2616317 states in the queue.
	3200000 states explored in 125.19s, with 12372931 rules fired and 2692661 states in the queue.
	3300000 states explored in 131.85s, with 13045145 rules fired and 2764586 states in the queue.
	3400000 states explored in 139.09s, with 13776620 rules fired and 2833384 states in the queue.
	3500000 states explored in 147.21s, with 14596113 rules fired and 2897549 states in the queue.
	3600000 states explored in 158.33s, with 15709265 rules fired and 2946189 states in the queue.
	3700000 states explored in 171.64s, with 17041554 rules fired and 2982321 states in the queue.
	3800000 states explored in 174.86s, with 17356480 rules fired and 3068223 states in the queue.
	3900000 states explored in 177.67s, with 17631345 rules fired and 3156401 states in the queue.
	4000000 states explored in 180.66s, with 17923628 rules fired and 3243935 states in the queue.
	4100000 states explored in 183.62s, with 18212296 rules fired and 3331511 states in the queue.
	4200000 states explored in 186.68s, with 18512587 rules fired and 3418723 states in the queue.
	4300000 states explored in 189.65s, with 18802235 rules fired and 3506315 states in the queue.
	4400000 states explored in 192.72s, with 19101464 rules fired and 3593387 states in the queue.
	4500000 states explored in 195.94s, with 19419476 rules fired and 3680008 states in the queue.
	4600000 states explored in 199.39s, with 19759137 rules fired and 3765691 states in the queue.
	4700000 states explored in 202.72s, with 20086259 rules fired and 3851762 states in the queue.
	4800000 states explored in 206.45s, with 20453486 rules fired and 3936281 states in the queue.
	4900000 states explored in 210.25s, with 20827050 rules fired and 4020366 states in the queue.
	5000000 states explored in 214.18s, with 21212011 rules fired and 4103834 states in the queue.
	5100000 states explored in 217.91s, with 21579665 rules fired and 4188287 states in the queue.
	5200000 states explored in 221.69s, with 21949068 rules fired and 4272667 states in the queue.
	5300000 states explored in 225.28s, with 22301430 rules fired and 4357653 states in the queue.
	5400000 states explored in 228.94s, with 22661942 rules fired and 4442394 states in the queue.
	5500000 states explored in 232.83s, with 23046014 rules fired and 4526333 states in the queue.
	5600000 states explored in 236.81s, with 23438616 rules fired and 4609889 states in the queue.
	5700000 states explored in 240.77s, with 23828986 rules fired and 4693333 states in the queue.
	5800000 states explored in 244.59s, with 24209750 rules fired and 4777557 states in the queue.
	5900000 states explored in 248.51s, with 24598779 rules fired and 4861421 states in the queue.
	6000000 states explored in 252.64s, with 25007665 rules fired and 4944394 states in the queue.
	6100000 states explored in 256.69s, with 25410698 rules fired and 5027771 states in the queue.
	6200000 states explored in 260.70s, with 25810683 rules fired and 5111216 states in the queue.
	6300000 states explored in 264.88s, with 26227661 rules fired and 5193951 states in the queue.
	6400000 states explored in 269.79s, with 26719463 rules fired and 5273864 states in the queue.
	6500000 states explored in 275.32s, with 27273576 rules fired and 5351045 states in the queue.
	6600000 states explored in 280.98s, with 27841179 rules fired and 5427654 states in the queue.
	6700000 states explored in 285.66s, with 28309327 rules fired and 5508348 states in the queue.
	6800000 states explored in 290.26s, with 28769742 rules fired and 5589702 states in the queue.
	6900000 states explored in 294.87s, with 29231478 rules fired and 5670932 states in the queue.
	7000000 states explored in 298.69s, with 29611874 rules fired and 5755074 states in the queue.
	7100000 states explored in 301.64s, with 29904178 rules fired and 5842819 states in the queue.
	7200000 states explored in 304.79s, with 30216493 rules fired and 5929661 states in the queue.
	7300000 states explored in 308.28s, with 30562224 rules fired and 6015203 states in the queue.
	7400000 states explored in 311.82s, with 30913483 rules fired and 6100484 states in the queue.
	7500000 states explored in 315.29s, with 31258689 rules fired and 6186064 states in the queue.
	7600000 states explored in 318.92s, with 31619083 rules fired and 6270983 states in the queue.
	7700000 states explored in 322.80s, with 32004418 rules fired and 6354832 states in the queue.
	7800000 states explored in 326.68s, with 32391978 rules fired and 6438635 states in the queue.
	7900000 states explored in 330.75s, with 32796750 rules fired and 6521784 states in the queue.
	8000000 states explored in 334.62s, with 33180605 rules fired and 6605745 states in the queue.
	8100000 states explored in 338.50s, with 33566445 rules fired and 6689655 states in the queue.
	8200000 states explored in 342.54s, with 33969882 rules fired and 6772935 states in the queue.
	8300000 states explored in 346.65s, with 34381603 rules fired and 6855891 states in the queue.
	8400000 states explored in 350.63s, with 34778009 rules fired and 6939266 states in the queue.
	8500000 states explored in 354.99s, with 35210565 rules fired and 7021065 states in the queue.
	8600000 states explored in 359.65s, with 35674290 rules fired and 7101741 states in the queue.
	8700000 states explored in 364.43s, with 36151063 rules fired and 7181751 states in the queue.
	8800000 states explored in 369.38s, with 36644311 rules fired and 7261085 states in the queue.
	8900000 states explored in 374.36s, with 37139866 rules fired and 7340324 states in the queue.
	9000000 states explored in 379.44s, with 37645267 rules fired and 7419153 states in the queue.
	9100000 states explored in 384.63s, with 38162210 rules fired and 7497332 states in the queue.
	9200000 states explored in 389.77s, with 38674778 rules fired and 7575778 states in the queue.
	9300000 states explored in 394.98s, with 39191922 rules fired and 7653954 states in the queue.

Error:

	Internal Error: Too many active states.



