This program should be regarded as a DEBUGGING aid, not as a 
certifier of correctness.
Call with the -l flag or read the license file for terms
and conditions of use.
Run this program with "-h" for the list of options.

Bugs, questions, and comments should be directed to
"melatti@di.uniroma1.it".

CMurphi compiler last modified date: Apr 10 2024
Include files last modified date:    Jul 23 2021
==========================================================================

==========================================================================
Caching Murphi Release 5.5.0
Finite-state Concurrent System Verifier.

Caching Murphi Release 5.5.0 is based on various versions of Murphi.
Caching Murphi Release 5.5.0 :
Copyright (C) 2009-2012 by Sapienza University of Rome.
Murphi release 3.1 :
Copyright (C) 1992 - 1999 by the Board of Trustees of
Leland Stanford Junior University.

==========================================================================

Protocol: ./protocols/exec/Flash_node8/Flash_node8_inv247
===========================================
  You are using LS algorithm.  
===========================================

===== Startstates are generated! =====
Carelist Layer 0: Sta.Proc[1].CacheState Sta.Proc[2].CacheState Sta.Proc[3].CacheState Sta.Proc[4].CacheState Sta.Proc[5].CacheState Sta.Proc[6].CacheState Sta.Proc[7].CacheState Sta.Proc[8].CacheState 
Attr: Sta.Proc[8].CacheState Level: 0 Wi: 8
Attr: Sta.Proc[7].CacheState Level: 0 Wi: 8
Attr: Sta.Proc[2].CacheState Level: 0 Wi: 8
Attr: Sta.Proc[1].CacheState Level: 0 Wi: 8
Attr: Sta.Proc[4].CacheState Level: 0 Wi: 8
Attr: Sta.Proc[5].CacheState Level: 0 Wi: 8
Attr: Sta.Proc[3].CacheState Level: 0 Wi: 8
Attr: Sta.Proc[6].CacheState Level: 0 Wi: 8

===== Init heuristics! =====

Progress Report:

	100000 states explored in 5.95s, with 355383 rules fired and 86278 states in the queue.
	200000 states explored in 8.89s, with 661337 rules fired and 174340 states in the queue.
	300000 states explored in 14.18s, with 1214337 rules fired and 251946 states in the queue.
	400000 states explored in 16.79s, with 1479821 rules fired and 340950 states in the queue.
	500000 states explored in 19.48s, with 1755540 rules fired and 429768 states in the queue.
	600000 states explored in 22.45s, with 2059204 rules fired and 517421 states in the queue.
	700000 states explored in 25.88s, with 2413430 rules fired and 603356 states in the queue.
	800000 states explored in 29.64s, with 2804160 rules fired and 688023 states in the queue.
	900000 states explored in 34.96s, with 3358910 rules fired and 765998 states in the queue.
	1000000 states explored in 43.02s, with 4196754 rules fired and 830300 states in the queue.
	1100000 states explored in 47.84s, with 4688416 rules fired and 908626 states in the queue.
	1200000 states explored in 51.00s, with 5009088 rules fired and 995272 states in the queue.
	1300000 states explored in 54.42s, with 5358141 rules fired and 1081134 states in the queue.
	1400000 states explored in 57.85s, with 5708767 rules fired and 1166947 states in the queue.
	1500000 states explored in 61.79s, with 6112069 rules fired and 1250721 states in the queue.
	1600000 states explored in 64.88s, with 6428488 rules fired and 1337803 states in the queue.
	1700000 states explored in 67.67s, with 6713520 rules fired and 1425957 states in the queue.
	1800000 states explored in 70.39s, with 6988689 rules fired and 1514387 states in the queue.
	1900000 states explored in 73.37s, with 7293452 rules fired and 1601876 states in the queue.
	2000000 states explored in 76.62s, with 7625467 rules fired and 1688187 states in the queue.
	2100000 states explored in 79.89s, with 7957858 rules fired and 1774276 states in the queue.
	2200000 states explored in 83.15s, with 8289605 rules fired and 1860468 states in the queue.
	2300000 states explored in 86.62s, with 8646429 rules fired and 1946005 states in the queue.
	2400000 states explored in 90.35s, with 9026755 rules fired and 2030274 states in the queue.
	2500000 states explored in 94.03s, with 9401705 rules fired and 2114822 states in the queue.
	2600000 states explored in 97.62s, with 9769295 rules fired and 2199835 states in the queue.
	2700000 states explored in 101.34s, with 10149096 rules fired and 2284387 states in the queue.
	2800000 states explored in 105.46s, with 10568934 rules fired and 2367060 states in the queue.
	2900000 states explored in 110.32s, with 11070433 rules fired and 2446712 states in the queue.
	3000000 states explored in 115.94s, with 11651158 rules fired and 2523175 states in the queue.
	3100000 states explored in 122.39s, with 12315374 rules fired and 2595679 states in the queue.
	3200000 states explored in 130.71s, with 13168033 rules fired and 2658834 states in the queue.
	3300000 states explored in 139.92s, with 14112031 rules fired and 2717110 states in the queue.
	3400000 states explored in 151.91s, with 15330614 rules fired and 2760110 states in the queue.
	3500000 states explored in 159.89s, with 16136874 rules fired and 2821506 states in the queue.
	3600000 states explored in 162.59s, with 16404845 rules fired and 2909815 states in the queue.
	3700000 states explored in 165.49s, with 16692886 rules fired and 2997430 states in the queue.
	3800000 states explored in 168.42s, with 16984774 rules fired and 3084929 states in the queue.
	3900000 states explored in 171.36s, with 17276444 rules fired and 3172395 states in the queue.
	4000000 states explored in 174.26s, with 17563529 rules fired and 3260011 states in the queue.
	4100000 states explored in 177.24s, with 17858338 rules fired and 3347186 states in the queue.
	4200000 states explored in 180.25s, with 18155264 rules fired and 3434323 states in the queue.
	4300000 states explored in 183.24s, with 18451308 rules fired and 3521557 states in the queue.
	4400000 states explored in 186.59s, with 18785878 rules fired and 3607394 states in the queue.
	4500000 states explored in 189.78s, with 19104680 rules fired and 3693838 states in the queue.
	4600000 states explored in 193.07s, with 19435481 rules fired and 3780046 states in the queue.
	4700000 states explored in 196.79s, with 19811577 rules fired and 3864411 states in the queue.
	4800000 states explored in 200.52s, with 20187925 rules fired and 3948714 states in the queue.
	4900000 states explored in 204.39s, with 20572979 rules fired and 4032268 states in the queue.
	5000000 states explored in 208.19s, with 20953754 rules fired and 4116043 states in the queue.
	5100000 states explored in 212.25s, with 21360513 rules fired and 4199121 states in the queue.
	5200000 states explored in 215.92s, with 21731824 rules fired and 4283668 states in the queue.
	5300000 states explored in 219.98s, with 22141501 rules fired and 4366622 states in the queue.
	5400000 states explored in 223.73s, with 22518654 rules fired and 4450801 states in the queue.
	5500000 states explored in 227.69s, with 22915775 rules fired and 4534010 states in the queue.
	5600000 states explored in 231.70s, with 23316331 rules fired and 4617071 states in the queue.
	5700000 states explored in 235.91s, with 23737770 rules fired and 4699159 states in the queue.
	5800000 states explored in 240.17s, with 24166898 rules fired and 4781086 states in the queue.
	5900000 states explored in 244.22s, with 24575411 rules fired and 4863971 states in the queue.
	6000000 states explored in 248.21s, with 24980697 rules fired and 4947168 states in the queue.
	6100000 states explored in 252.31s, with 25396922 rules fired and 5029968 states in the queue.
	6200000 states explored in 256.52s, with 25824860 rules fired and 5112285 states in the queue.
	6300000 states explored in 261.02s, with 26284113 rules fired and 5193561 states in the queue.
	6400000 states explored in 266.30s, with 26822726 rules fired and 5271269 states in the queue.
	6500000 states explored in 271.91s, with 27392307 rules fired and 5347429 states in the queue.
	6600000 states explored in 276.85s, with 27893823 rules fired and 5426639 states in the queue.
	6700000 states explored in 281.49s, with 28366834 rules fired and 5507248 states in the queue.
	6800000 states explored in 286.01s, with 28826732 rules fired and 5588252 states in the queue.
	6900000 states explored in 290.59s, with 29291593 rules fired and 5668849 states in the queue.
	7000000 states explored in 295.35s, with 29775356 rules fired and 5748613 states in the queue.
	7100000 states explored in 300.17s, with 30266341 rules fired and 5828167 states in the queue.
	7200000 states explored in 304.94s, with 30750132 rules fired and 5907726 states in the queue.
	7300000 states explored in 309.54s, with 31217732 rules fired and 5988258 states in the queue.
	7400000 states explored in 312.79s, with 31548057 rules fired and 6074264 states in the queue.
	7500000 states explored in 316.41s, with 31916961 rules fired and 6158799 states in the queue.
	7600000 states explored in 320.26s, with 32306531 rules fired and 6242494 states in the queue.
	7700000 states explored in 324.08s, with 32693599 rules fired and 6326201 states in the queue.
	7800000 states explored in 327.95s, with 33086877 rules fired and 6409800 states in the queue.
	7900000 states explored in 331.86s, with 33486990 rules fired and 6493193 states in the queue.
	8000000 states explored in 336.30s, with 33938210 rules fired and 6574282 states in the queue.
	8100000 states explored in 340.94s, with 34411804 rules fired and 6654593 states in the queue.
	8200000 states explored in 345.68s, with 34893148 rules fired and 6734593 states in the queue.
	8300000 states explored in 350.52s, with 35386393 rules fired and 6813982 states in the queue.
	8400000 states explored in 355.48s, with 35890611 rules fired and 6892765 states in the queue.
	8500000 states explored in 360.44s, with 36393296 rules fired and 6971577 states in the queue.
	8600000 states explored in 365.48s, with 36906751 rules fired and 7049880 states in the queue.
	8700000 states explored in 370.60s, with 37425246 rules fired and 7127855 states in the queue.
	8800000 states explored in 375.73s, with 37945578 rules fired and 7205836 states in the queue.
	8900000 states explored in 381.68s, with 38545695 rules fired and 7280330 states in the queue.
	9000000 states explored in 389.58s, with 39347480 rules fired and 7345684 states in the queue.
	9100000 states explored in 397.34s, with 40133053 rules fired and 7410862 states in the queue.
	9200000 states explored in 404.66s, with 40871429 rules fired and 7478303 states in the queue.
	9300000 states explored in 412.60s, with 41670765 rules fired and 7542300 states in the queue.
	9400000 states explored in 420.55s, with 42468459 rules fired and 7606548 states in the queue.

Error:

	Internal Error: Too many active states.



