This program should be regarded as a DEBUGGING aid, not as a 
certifier of correctness.
Call with the -l flag or read the license file for terms
and conditions of use.
Run this program with "-h" for the list of options.

Bugs, questions, and comments should be directed to
"melatti@di.uniroma1.it".

CMurphi compiler last modified date: Apr 10 2024
Include files last modified date:    Jul 23 2021
==========================================================================

==========================================================================
Caching Murphi Release 5.5.0
Finite-state Concurrent System Verifier.

Caching Murphi Release 5.5.0 is based on various versions of Murphi.
Caching Murphi Release 5.5.0 :
Copyright (C) 2009-2012 by Sapienza University of Rome.
Murphi release 3.1 :
Copyright (C) 1992 - 1999 by the Board of Trustees of
Leland Stanford Junior University.

==========================================================================

Protocol: ./protocols/exec/Flash_node8/Flash_node8_inv167
===========================================
  You are using LS algorithm.  
===========================================

===== Startstates are generated! =====
Carelist Layer 0: Sta.Proc[1].CacheState Sta.Proc[2].CacheState Sta.Proc[3].CacheState Sta.Proc[4].CacheState Sta.Proc[5].CacheState Sta.Proc[6].CacheState Sta.Proc[7].CacheState Sta.Proc[8].CacheState 
Attr: Sta.Proc[8].CacheState Level: 0 Wi: 8
Attr: Sta.Proc[7].CacheState Level: 0 Wi: 8
Attr: Sta.Proc[2].CacheState Level: 0 Wi: 8
Attr: Sta.Proc[1].CacheState Level: 0 Wi: 8
Attr: Sta.Proc[4].CacheState Level: 0 Wi: 8
Attr: Sta.Proc[5].CacheState Level: 0 Wi: 8
Attr: Sta.Proc[3].CacheState Level: 0 Wi: 8
Attr: Sta.Proc[6].CacheState Level: 0 Wi: 8

===== Init heuristics! =====

Progress Report:

	100000 states explored in 5.91s, with 359149 rules fired and 86202 states in the queue.
	200000 states explored in 8.85s, with 670169 rules fired and 174057 states in the queue.
	300000 states explored in 13.86s, with 1202908 rules fired and 252467 states in the queue.
	400000 states explored in 16.77s, with 1506501 rules fired and 340275 states in the queue.
	500000 states explored in 19.42s, with 1783132 rules fired and 428993 states in the queue.
	600000 states explored in 22.48s, with 2103462 rules fired and 515981 states in the queue.
	700000 states explored in 25.70s, with 2440145 rules fired and 602511 states in the queue.
	800000 states explored in 29.75s, with 2865965 rules fired and 685722 states in the queue.
	900000 states explored in 35.51s, with 3478333 rules fired and 761088 states in the queue.
	1000000 states explored in 43.39s, with 4308004 rules fired and 824571 states in the queue.
	1100000 states explored in 46.18s, with 4593449 rules fired and 912582 states in the queue.
	1200000 states explored in 49.23s, with 4906114 rules fired and 999479 states in the queue.
	1300000 states explored in 52.83s, with 5277687 rules fired and 1084259 states in the queue.
	1400000 states explored in 56.41s, with 5649599 rules fired and 1169019 states in the queue.
	1500000 states explored in 59.79s, with 6000451 rules fired and 1254611 states in the queue.
	1600000 states explored in 63.59s, with 6398799 rules fired and 1338499 states in the queue.
	1700000 states explored in 67.35s, with 6793595 rules fired and 1422454 states in the queue.
	1800000 states explored in 70.17s, with 7085366 rules fired and 1510350 states in the queue.
	1900000 states explored in 72.91s, with 7367953 rules fired and 1598520 states in the queue.
	2000000 states explored in 75.96s, with 7686097 rules fired and 1685313 states in the queue.
	2100000 states explored in 79.18s, with 8021371 rules fired and 1771419 states in the queue.
	2200000 states explored in 82.74s, with 8393589 rules fired and 1856314 states in the queue.
	2300000 states explored in 86.25s, with 8762587 rules fired and 1941440 states in the queue.
	2400000 states explored in 90.03s, with 9157469 rules fired and 2025349 states in the queue.
	2500000 states explored in 93.78s, with 9546439 rules fired and 2109474 states in the queue.
	2600000 states explored in 97.29s, with 9913343 rules fired and 2194579 states in the queue.
	2700000 states explored in 101.19s, with 10319865 rules fired and 2277953 states in the queue.
	2800000 states explored in 106.23s, with 10845147 rules fired and 2356342 states in the queue.
	2900000 states explored in 112.37s, with 11486305 rules fired and 2429679 states in the queue.
	3000000 states explored in 120.30s, with 12322559 rules fired and 2494800 states in the queue.
	3100000 states explored in 130.36s, with 13370518 rules fired and 2548250 states in the queue.
	3200000 states explored in 142.02s, with 14577569 rules fired and 2592134 states in the queue.
	3300000 states explored in 147.97s, with 15189153 rules fired and 2663556 states in the queue.
	3400000 states explored in 150.62s, with 15458344 rules fired and 2751952 states in the queue.
	3500000 states explored in 153.33s, with 15733968 rules fired and 2840281 states in the queue.
	3600000 states explored in 156.18s, with 16024693 rules fired and 2928044 states in the queue.
	3700000 states explored in 159.21s, with 16331653 rules fired and 3014943 states in the queue.
	3800000 states explored in 162.18s, with 16630933 rules fired and 3102058 states in the queue.
	3900000 states explored in 165.18s, with 16934573 rules fired and 3189122 states in the queue.
	4000000 states explored in 168.24s, with 17245739 rules fired and 3275914 states in the queue.
	4100000 states explored in 171.29s, with 17556230 rules fired and 3362730 states in the queue.
	4200000 states explored in 174.48s, with 17883019 rules fired and 3449033 states in the queue.
	4300000 states explored in 177.85s, with 18229609 rules fired and 3534718 states in the queue.
	4400000 states explored in 181.03s, with 18554475 rules fired and 3620994 states in the queue.
	4500000 states explored in 184.16s, with 18873390 rules fired and 3707472 states in the queue.
	4600000 states explored in 187.84s, with 19248256 rules fired and 3791679 states in the queue.
	4700000 states explored in 191.58s, with 19630394 rules fired and 3875509 states in the queue.
	4800000 states explored in 195.41s, with 20025734 rules fired and 3959148 states in the queue.
	4900000 states explored in 199.26s, with 20418626 rules fired and 4042429 states in the queue.
	5000000 states explored in 203.13s, with 20814615 rules fired and 4125815 states in the queue.
	5100000 states explored in 206.96s, with 21207143 rules fired and 4209539 states in the queue.
	5200000 states explored in 210.72s, with 21590787 rules fired and 4293361 states in the queue.
	5300000 states explored in 214.55s, with 21984607 rules fired and 4377015 states in the queue.
	5400000 states explored in 218.56s, with 22398073 rules fired and 4459876 states in the queue.
	5500000 states explored in 222.71s, with 22827810 rules fired and 4542024 states in the queue.
	5600000 states explored in 226.72s, with 23240304 rules fired and 4624803 states in the queue.
	5700000 states explored in 230.97s, with 23677670 rules fired and 4706511 states in the queue.
	5800000 states explored in 235.43s, with 24136614 rules fired and 4787148 states in the queue.
	5900000 states explored in 239.69s, with 24578326 rules fired and 4868799 states in the queue.
	6000000 states explored in 244.11s, with 25035136 rules fired and 4949648 states in the queue.
	6100000 states explored in 248.23s, with 25462521 rules fired and 5031991 states in the queue.
	6200000 states explored in 252.53s, with 25908494 rules fired and 5113651 states in the queue.
	6300000 states explored in 257.43s, with 26421524 rules fired and 5192537 states in the queue.
	6400000 states explored in 263.13s, with 27016935 rules fired and 5267835 states in the queue.
	6500000 states explored in 268.96s, with 27623282 rules fired and 5342464 states in the queue.
	6600000 states explored in 274.21s, with 28167765 rules fired and 5419863 states in the queue.
	6700000 states explored in 278.95s, with 28660883 rules fired and 5499522 states in the queue.
	6800000 states explored in 283.68s, with 29154441 rules fired and 5579349 states in the queue.
	6900000 states explored in 288.61s, with 29667740 rules fired and 5658148 states in the queue.
	7000000 states explored in 293.99s, with 30223260 rules fired and 5734614 states in the queue.
	7100000 states explored in 299.79s, with 30818537 rules fired and 5808989 states in the queue.
	7200000 states explored in 305.78s, with 31435743 rules fired and 5882689 states in the queue.
	7300000 states explored in 311.72s, with 32045705 rules fired and 5956428 states in the queue.
	7400000 states explored in 318.52s, with 32747351 rules fired and 6026134 states in the queue.
	7500000 states explored in 322.92s, with 33206479 rules fired and 6107024 states in the queue.
	7600000 states explored in 327.05s, with 33636276 rules fired and 6189009 states in the queue.
	7700000 states explored in 331.21s, with 34069762 rules fired and 6270851 states in the queue.
	7800000 states explored in 335.52s, with 34515708 rules fired and 6352012 states in the queue.
	7900000 states explored in 340.09s, with 34987601 rules fired and 6432047 states in the queue.
	8000000 states explored in 344.90s, with 35485110 rules fired and 6510858 states in the queue.
	8100000 states explored in 349.94s, with 36005525 rules fired and 6588657 states in the queue.
	8200000 states explored in 355.34s, with 36562621 rules fired and 6664786 states in the queue.
	8300000 states explored in 360.73s, with 37124670 rules fired and 6740937 states in the queue.
	8400000 states explored in 367.54s, with 37832988 rules fired and 6810691 states in the queue.
	8500000 states explored in 375.63s, with 38674830 rules fired and 6874467 states in the queue.
	8600000 states explored in 383.71s, with 39508668 rules fired and 6937665 states in the queue.
	8700000 states explored in 391.73s, with 40328045 rules fired and 7000508 states in the queue.
	8800000 states explored in 401.03s, with 41281133 rules fired and 7056935 states in the queue.
	8900000 states explored in 411.31s, with 42329940 rules fired and 7107943 states in the queue.
	9000000 states explored in 423.94s, with 43619374 rules fired and 7146777 states in the queue.
	9100000 states explored in 436.38s, with 44891152 rules fired and 7185567 states in the queue.
	9200000 states explored in 451.48s, with 46426946 rules fired and 7209131 states in the queue.
	9300000 states explored in 458.23s, with 47109485 rules fired and 7277410 states in the queue.
	9400000 states explored in 461.47s, with 47436052 rules fired and 7363620 states in the queue.
	9500000 states explored in 464.75s, with 47764405 rules fired and 7449415 states in the queue.
	9600000 states explored in 467.93s, with 48085145 rules fired and 7535597 states in the queue.
	9700000 states explored in 471.25s, with 48416754 rules fired and 7621033 states in the queue.

Error:

	Internal Error: Too many active states.



