This program should be regarded as a DEBUGGING aid, not as a 
certifier of correctness.
Call with the -l flag or read the license file for terms
and conditions of use.
Run this program with "-h" for the list of options.

Bugs, questions, and comments should be directed to
"melatti@di.uniroma1.it".

CMurphi compiler last modified date: Apr 10 2024
Include files last modified date:    Jul 23 2021
==========================================================================

==========================================================================
Caching Murphi Release 5.5.0
Finite-state Concurrent System Verifier.

Caching Murphi Release 5.5.0 is based on various versions of Murphi.
Caching Murphi Release 5.5.0 :
Copyright (C) 2009-2012 by Sapienza University of Rome.
Murphi release 3.1 :
Copyright (C) 1992 - 1999 by the Board of Trustees of
Leland Stanford Junior University.

==========================================================================

Protocol: ./protocols/exec/Flash_node8/Flash_node8_inv175
===========================================
  You are using LS algorithm.  
===========================================

===== Startstates are generated! =====
Carelist Layer 0: Sta.Proc[1].CacheState Sta.Proc[2].CacheState Sta.Proc[3].CacheState Sta.Proc[4].CacheState Sta.Proc[5].CacheState Sta.Proc[6].CacheState Sta.Proc[7].CacheState Sta.Proc[8].CacheState 
Attr: Sta.Proc[8].CacheState Level: 0 Wi: 8
Attr: Sta.Proc[7].CacheState Level: 0 Wi: 8
Attr: Sta.Proc[2].CacheState Level: 0 Wi: 8
Attr: Sta.Proc[1].CacheState Level: 0 Wi: 8
Attr: Sta.Proc[4].CacheState Level: 0 Wi: 8
Attr: Sta.Proc[5].CacheState Level: 0 Wi: 8
Attr: Sta.Proc[3].CacheState Level: 0 Wi: 8
Attr: Sta.Proc[6].CacheState Level: 0 Wi: 8

===== Init heuristics! =====

Progress Report:

	100000 states explored in 5.73s, with 356515 rules fired and 86329 states in the queue.
	200000 states explored in 8.89s, with 698571 rules fired and 172968 states in the queue.
	300000 states explored in 13.45s, with 1194415 rules fired and 252746 states in the queue.
	400000 states explored in 16.63s, with 1534967 rules fired and 339239 states in the queue.
	500000 states explored in 19.51s, with 1843561 rules fired and 426702 states in the queue.
	600000 states explored in 22.58s, with 2172723 rules fired and 513370 states in the queue.
	700000 states explored in 25.79s, with 2519923 rules fired and 599514 states in the queue.
	800000 states explored in 30.15s, with 2992327 rules fired and 680876 states in the queue.
	900000 states explored in 38.00s, with 3844191 rules fired and 745024 states in the queue.
	1000000 states explored in 41.77s, with 4244670 rules fired and 827664 states in the queue.
	1100000 states explored in 44.69s, with 4551059 rules fired and 914814 states in the queue.
	1200000 states explored in 47.84s, with 4881175 rules fired and 1001031 states in the queue.
	1300000 states explored in 51.35s, with 5251231 rules fired and 1085735 states in the queue.
	1400000 states explored in 54.69s, with 5604467 rules fired and 1171213 states in the queue.
	1500000 states explored in 58.34s, with 5993701 rules fired and 1255367 states in the queue.
	1600000 states explored in 62.02s, with 6387308 rules fired and 1339408 states in the queue.
	1700000 states explored in 66.15s, with 6831119 rules fired and 1421504 states in the queue.
	1800000 states explored in 68.98s, with 7134018 rules fired and 1508968 states in the queue.
	1900000 states explored in 72.15s, with 7472276 rules fired and 1595014 states in the queue.
	2000000 states explored in 75.54s, with 7831324 rules fired and 1680000 states in the queue.
	2100000 states explored in 78.93s, with 8196028 rules fired and 1765082 states in the queue.
	2200000 states explored in 82.56s, with 8588343 rules fired and 1849401 states in the queue.
	2300000 states explored in 86.32s, with 8990783 rules fired and 1933048 states in the queue.
	2400000 states explored in 90.24s, with 9412101 rules fired and 2015825 states in the queue.
	2500000 states explored in 94.39s, with 9854216 rules fired and 2097673 states in the queue.
	2600000 states explored in 98.83s, with 10329019 rules fired and 2178172 states in the queue.
	2700000 states explored in 104.12s, with 10894757 rules fired and 2254783 states in the queue.
	2800000 states explored in 111.66s, with 11705025 rules fired and 2320756 states in the queue.
	2900000 states explored in 121.34s, with 12737451 rules fired and 2375093 states in the queue.
	3000000 states explored in 133.65s, with 14047161 rules fired and 2414794 states in the queue.
	3100000 states explored in 136.18s, with 14311029 rules fired and 2503575 states in the queue.
	3200000 states explored in 138.72s, with 14574749 rules fired and 2592177 states in the queue.
	3300000 states explored in 141.38s, with 14853015 rules fired and 2680299 states in the queue.
	3400000 states explored in 144.13s, with 15138516 rules fired and 2768296 states in the queue.
	3500000 states explored in 147.02s, with 15436640 rules fired and 2855475 states in the queue.
	3600000 states explored in 149.80s, with 15726119 rules fired and 2943085 states in the queue.
	3700000 states explored in 152.77s, with 16035068 rules fired and 3029914 states in the queue.
	3800000 states explored in 155.63s, with 16329789 rules fired and 3117167 states in the queue.
	3900000 states explored in 158.65s, with 16642434 rules fired and 3203744 states in the queue.
	4000000 states explored in 161.94s, with 16981812 rules fired and 3289167 states in the queue.
	4100000 states explored in 165.23s, with 17324733 rules fired and 3374726 states in the queue.
	4200000 states explored in 168.47s, with 17663617 rules fired and 3460538 states in the queue.
	4300000 states explored in 171.84s, with 18017321 rules fired and 3545921 states in the queue.
	4400000 states explored in 174.98s, with 18348979 rules fired and 3632369 states in the queue.
	4500000 states explored in 178.61s, with 18730294 rules fired and 3716287 states in the queue.
	4600000 states explored in 182.22s, with 19109147 rules fired and 3800474 states in the queue.
	4700000 states explored in 186.03s, with 19508882 rules fired and 3883747 states in the queue.
	4800000 states explored in 189.69s, with 19894146 rules fired and 3967732 states in the queue.
	4900000 states explored in 193.44s, with 20288498 rules fired and 4051196 states in the queue.
	5000000 states explored in 197.24s, with 20688326 rules fired and 4134537 states in the queue.
	5100000 states explored in 201.20s, with 21102615 rules fired and 4217210 states in the queue.
	5200000 states explored in 204.95s, with 21496581 rules fired and 4300778 states in the queue.
	5300000 states explored in 208.51s, with 21872664 rules fired and 4385241 states in the queue.
	5400000 states explored in 212.51s, with 22292960 rules fired and 4467696 states in the queue.
	5500000 states explored in 216.53s, with 22713084 rules fired and 4549925 states in the queue.
	5600000 states explored in 220.57s, with 23135865 rules fired and 4632070 states in the queue.
	5700000 states explored in 224.90s, with 23591228 rules fired and 4712806 states in the queue.
	5800000 states explored in 229.25s, with 24048617 rules fired and 4793536 states in the queue.
	5900000 states explored in 233.55s, with 24501248 rules fired and 4874623 states in the queue.
	6000000 states explored in 238.10s, with 24979070 rules fired and 4954383 states in the queue.
	6100000 states explored in 242.55s, with 25452743 rules fired and 5034983 states in the queue.
	6200000 states explored in 247.26s, with 25948730 rules fired and 5114040 states in the queue.
	6300000 states explored in 251.95s, with 26446853 rules fired and 5193115 states in the queue.
	6400000 states explored in 256.24s, with 26903440 rules fired and 5274337 states in the queue.
	6500000 states explored in 261.23s, with 27439077 rules fired and 5352456 states in the queue.
	6600000 states explored in 266.21s, with 27971224 rules fired and 5430616 states in the queue.
	6700000 states explored in 272.07s, with 28596117 rules fired and 5504503 states in the queue.
	6800000 states explored in 278.32s, with 29256420 rules fired and 5576463 states in the queue.
	6900000 states explored in 284.91s, with 29954191 rules fired and 5646871 states in the queue.
	7000000 states explored in 290.87s, with 30586608 rules fired and 5720087 states in the queue.
	7100000 states explored in 297.39s, with 31275680 rules fired and 5790460 states in the queue.
	7200000 states explored in 304.19s, with 31994304 rules fired and 5859214 states in the queue.
	7300000 states explored in 311.19s, with 32736579 rules fired and 5927074 states in the queue.
	7400000 states explored in 318.85s, with 33547999 rules fired and 5991569 states in the queue.
	7500000 states explored in 327.51s, with 34458837 rules fired and 6050495 states in the queue.
	7600000 states explored in 334.34s, with 35183483 rules fired and 6118701 states in the queue.
	7700000 states explored in 338.88s, with 35666162 rules fired and 6198306 states in the queue.
	7800000 states explored in 343.56s, with 36160454 rules fired and 6276942 states in the queue.
	7900000 states explored in 348.93s, with 36727551 rules fired and 6352268 states in the queue.
	8000000 states explored in 354.27s, with 37292508 rules fired and 6427748 states in the queue.
	8100000 states explored in 360.31s, with 37934255 rules fired and 6500321 states in the queue.
	8200000 states explored in 369.44s, with 38900501 rules fired and 6557331 states in the queue.
	8300000 states explored in 380.30s, with 40044982 rules fired and 6605168 states in the queue.
	8400000 states explored in 390.87s, with 41155604 rules fired and 6654616 states in the queue.
	8500000 states explored in 403.33s, with 42461938 rules fired and 6693428 states in the queue.
	8600000 states explored in 416.02s, with 43787994 rules fired and 6730020 states in the queue.
	8700000 states explored in 418.92s, with 44085910 rules fired and 6817230 states in the queue.
	8800000 states explored in 421.81s, with 44382961 rules fired and 6904397 states in the queue.
	8900000 states explored in 425.09s, with 44718812 rules fired and 6989866 states in the queue.
	9000000 states explored in 428.39s, with 45056437 rules fired and 7074977 states in the queue.
	9100000 states explored in 431.59s, with 45386782 rules fired and 7160851 states in the queue.
	9200000 states explored in 434.99s, with 45736834 rules fired and 7245668 states in the queue.
	9300000 states explored in 438.18s, with 46066462 rules fired and 7331715 states in the queue.
	9400000 states explored in 441.49s, with 46408501 rules fired and 7417139 states in the queue.
	9500000 states explored in 444.82s, with 46752762 rules fired and 7502422 states in the queue.
	9600000 states explored in 448.07s, with 47088987 rules fired and 7587967 states in the queue.

Error:

	Internal Error: Too many active states.



