This program should be regarded as a DEBUGGING aid, not as a 
certifier of correctness.
Call with the -l flag or read the license file for terms
and conditions of use.
Run this program with "-h" for the list of options.

Bugs, questions, and comments should be directed to
"melatti@di.uniroma1.it".

CMurphi compiler last modified date: Apr 10 2024
Include files last modified date:    Jul 23 2021
==========================================================================

==========================================================================
Caching Murphi Release 5.5.0
Finite-state Concurrent System Verifier.

Caching Murphi Release 5.5.0 is based on various versions of Murphi.
Caching Murphi Release 5.5.0 :
Copyright (C) 2009-2012 by Sapienza University of Rome.
Murphi release 3.1 :
Copyright (C) 1992 - 1999 by the Board of Trustees of
Leland Stanford Junior University.

==========================================================================

Protocol: ./protocols/exec/Flash_node8/Flash_node8_inv190
===========================================
  You are using LS algorithm.  
===========================================

===== Startstates are generated! =====
Carelist Layer 0: Sta.Proc[1].CacheState Sta.Proc[2].CacheState Sta.Proc[3].CacheState Sta.Proc[4].CacheState Sta.Proc[5].CacheState Sta.Proc[6].CacheState Sta.Proc[7].CacheState Sta.Proc[8].CacheState 
Attr: Sta.Proc[8].CacheState Level: 0 Wi: 8
Attr: Sta.Proc[7].CacheState Level: 0 Wi: 8
Attr: Sta.Proc[2].CacheState Level: 0 Wi: 8
Attr: Sta.Proc[1].CacheState Level: 0 Wi: 8
Attr: Sta.Proc[4].CacheState Level: 0 Wi: 8
Attr: Sta.Proc[5].CacheState Level: 0 Wi: 8
Attr: Sta.Proc[3].CacheState Level: 0 Wi: 8
Attr: Sta.Proc[6].CacheState Level: 0 Wi: 8

===== Init heuristics! =====

Progress Report:

	100000 states explored in 5.86s, with 358118 rules fired and 86231 states in the queue.
	200000 states explored in 9.04s, with 701073 rules fired and 172875 states in the queue.
	300000 states explored in 13.66s, with 1197428 rules fired and 252650 states in the queue.
	400000 states explored in 16.72s, with 1525102 rules fired and 339764 states in the queue.
	500000 states explored in 19.34s, with 1803562 rules fired and 428424 states in the queue.
	600000 states explored in 22.40s, with 2129562 rules fired and 515229 states in the queue.
	700000 states explored in 25.76s, with 2483969 rules fired and 600951 states in the queue.
	800000 states explored in 30.12s, with 2950462 rules fired and 682506 states in the queue.
	900000 states explored in 38.09s, with 3801882 rules fired and 746432 states in the queue.
	1000000 states explored in 42.36s, with 4256371 rules fired and 827186 states in the queue.
	1100000 states explored in 45.19s, with 4550997 rules fired and 914890 states in the queue.
	1200000 states explored in 48.52s, with 4900042 rules fired and 1000392 states in the queue.
	1300000 states explored in 51.95s, with 5258314 rules fired and 1085652 states in the queue.
	1400000 states explored in 55.38s, with 5620684 rules fired and 1170893 states in the queue.
	1500000 states explored in 58.99s, with 6002212 rules fired and 1255476 states in the queue.
	1600000 states explored in 62.78s, with 6408847 rules fired and 1339261 states in the queue.
	1700000 states explored in 66.42s, with 6793164 rules fired and 1423532 states in the queue.
	1800000 states explored in 69.12s, with 7077576 rules fired and 1511692 states in the queue.
	1900000 states explored in 72.27s, with 7407601 rules fired and 1597785 states in the queue.
	2000000 states explored in 75.46s, with 7746089 rules fired and 1683963 states in the queue.
	2100000 states explored in 79.04s, with 8125140 rules fired and 1768679 states in the queue.
	2200000 states explored in 82.60s, with 8503340 rules fired and 1853287 states in the queue.
	2300000 states explored in 86.21s, with 8883202 rules fired and 1937572 states in the queue.
	2400000 states explored in 90.03s, with 9288862 rules fired and 2021074 states in the queue.
	2500000 states explored in 94.13s, with 9725756 rules fired and 2103686 states in the queue.
	2600000 states explored in 98.35s, with 10172622 rules fired and 2185528 states in the queue.
	2700000 states explored in 104.43s, with 10818105 rules fired and 2259119 states in the queue.
	2800000 states explored in 112.42s, with 11666403 rules fired and 2323249 states in the queue.
	2900000 states explored in 122.18s, with 12697848 rules fired and 2377897 states in the queue.
	3000000 states explored in 135.17s, with 14059668 rules fired and 2414623 states in the queue.
	3100000 states explored in 137.88s, with 14339583 rules fired and 2502880 states in the queue.
	3200000 states explored in 140.71s, with 14634361 rules fired and 2590718 states in the queue.
	3300000 states explored in 143.32s, with 14902262 rules fired and 2679090 states in the queue.
	3400000 states explored in 145.99s, with 15174570 rules fired and 2767214 states in the queue.
	3500000 states explored in 148.86s, with 15467265 rules fired and 2854599 states in the queue.
	3600000 states explored in 151.76s, with 15764510 rules fired and 2941773 states in the queue.
	3700000 states explored in 154.71s, with 16066387 rules fired and 3028767 states in the queue.
	3800000 states explored in 157.74s, with 16377968 rules fired and 3115489 states in the queue.
	3900000 states explored in 160.78s, with 16691088 rules fired and 3202010 states in the queue.
	4000000 states explored in 164.09s, with 17031710 rules fired and 3287433 states in the queue.
	4100000 states explored in 167.34s, with 17366162 rules fired and 3373220 states in the queue.
	4200000 states explored in 170.60s, with 17701201 rules fired and 3459035 states in the queue.
	4300000 states explored in 173.93s, with 18045700 rules fired and 3544576 states in the queue.
	4400000 states explored in 177.15s, with 18378084 rules fired and 3630489 states in the queue.
	4500000 states explored in 180.83s, with 18759925 rules fired and 3714465 states in the queue.
	4600000 states explored in 184.70s, with 19163249 rules fired and 3797868 states in the queue.
	4700000 states explored in 188.65s, with 19573863 rules fired and 3880719 states in the queue.
	4800000 states explored in 192.44s, with 19970389 rules fired and 3964246 states in the queue.
	4900000 states explored in 196.40s, with 20383898 rules fired and 4046957 states in the queue.
	5000000 states explored in 200.39s, with 20799683 rules fired and 4129612 states in the queue.
	5100000 states explored in 204.51s, with 21225960 rules fired and 4211703 states in the queue.
	5200000 states explored in 208.48s, with 21639702 rules fired and 4294550 states in the queue.
	5300000 states explored in 212.22s, with 22029266 rules fired and 4378291 states in the queue.
	5400000 states explored in 216.01s, with 22424259 rules fired and 4461916 states in the queue.
	5500000 states explored in 220.14s, with 22857304 rules fired and 4544553 states in the queue.
	5600000 states explored in 224.15s, with 23275038 rules fired and 4627158 states in the queue.
	5700000 states explored in 228.17s, with 23696062 rules fired and 4709720 states in the queue.
	5800000 states explored in 232.30s, with 24127959 rules fired and 4791890 states in the queue.
	5900000 states explored in 236.48s, with 24566146 rules fired and 4873614 states in the queue.
	6000000 states explored in 240.90s, with 25026428 rules fired and 4954148 states in the queue.
	6100000 states explored in 245.53s, with 25510326 rules fired and 5033909 states in the queue.
	6200000 states explored in 250.33s, with 26010042 rules fired and 5112836 states in the queue.
	6300000 states explored in 255.42s, with 26544993 rules fired and 5190410 states in the queue.
	6400000 states explored in 260.08s, with 27037753 rules fired and 5270029 states in the queue.
	6500000 states explored in 265.76s, with 27636912 rules fired and 5345087 states in the queue.
	6600000 states explored in 272.13s, with 28311181 rules fired and 5417033 states in the queue.
	6700000 states explored in 278.26s, with 28959496 rules fired and 5490095 states in the queue.
	6800000 states explored in 284.30s, with 29588513 rules fired and 5563024 states in the queue.
	6900000 states explored in 290.60s, with 30250673 rules fired and 5634974 states in the queue.
	7000000 states explored in 296.41s, with 30862626 rules fired and 5709278 states in the queue.
	7100000 states explored in 302.43s, with 31494973 rules fired and 5782511 states in the queue.
	7200000 states explored in 309.58s, with 32245731 rules fired and 5850126 states in the queue.
	7300000 states explored in 317.24s, with 33046682 rules fired and 5914778 states in the queue.
	7400000 states explored in 325.29s, with 33887189 rules fired and 5977340 states in the queue.
	7500000 states explored in 333.48s, with 34739097 rules fired and 6039409 states in the queue.
	7600000 states explored in 338.75s, with 35293822 rules fired and 6115682 states in the queue.
	7700000 states explored in 343.44s, with 35791494 rules fired and 6195062 states in the queue.
	7800000 states explored in 348.97s, with 36375044 rules fired and 6270198 states in the queue.
	7900000 states explored in 354.47s, with 36951404 rules fired and 6345392 states in the queue.
	8000000 states explored in 362.68s, with 37811693 rules fired and 6407218 states in the queue.
	8100000 states explored in 371.74s, with 38759462 rules fired and 6464928 states in the queue.
	8200000 states explored in 382.82s, with 39909562 rules fired and 6511860 states in the queue.
	8300000 states explored in 393.94s, with 41062000 rules fired and 6557864 states in the queue.
	8400000 states explored in 406.34s, with 42351333 rules fired and 6597294 states in the queue.
	8500000 states explored in 417.48s, with 43497500 rules fired and 6641260 states in the queue.
	8600000 states explored in 420.27s, with 43780030 rules fired and 6728913 states in the queue.
	8700000 states explored in 423.12s, with 44067464 rules fired and 6816303 states in the queue.
	8800000 states explored in 426.16s, with 44374867 rules fired and 6902812 states in the queue.
	8900000 states explored in 429.43s, with 44709205 rules fired and 6988407 states in the queue.
	9000000 states explored in 432.66s, with 45040942 rules fired and 7074361 states in the queue.
	9100000 states explored in 436.03s, with 45386859 rules fired and 7159464 states in the queue.
	9200000 states explored in 439.44s, with 45736987 rules fired and 7244481 states in the queue.
	9300000 states explored in 442.76s, with 46075680 rules fired and 7329823 states in the queue.
	9400000 states explored in 446.00s, with 46405471 rules fired and 7415664 states in the queue.
	9500000 states explored in 449.35s, with 46748664 rules fired and 7501012 states in the queue.
	9600000 states explored in 452.66s, with 47087847 rules fired and 7586633 states in the queue.

Error:

	Internal Error: Too many active states.



