This program should be regarded as a DEBUGGING aid, not as a 
certifier of correctness.
Call with the -l flag or read the license file for terms
and conditions of use.
Run this program with "-h" for the list of options.

Bugs, questions, and comments should be directed to
"melatti@di.uniroma1.it".

CMurphi compiler last modified date: Apr 10 2024
Include files last modified date:    Jul 23 2021
==========================================================================

==========================================================================
Caching Murphi Release 5.5.0
Finite-state Concurrent System Verifier.

Caching Murphi Release 5.5.0 is based on various versions of Murphi.
Caching Murphi Release 5.5.0 :
Copyright (C) 2009-2012 by Sapienza University of Rome.
Murphi release 3.1 :
Copyright (C) 1992 - 1999 by the Board of Trustees of
Leland Stanford Junior University.

==========================================================================

Protocol: ./protocols/exec/Flash_node8/Flash_node8_inv214
===========================================
  You are using LS algorithm.  
===========================================

===== Startstates are generated! =====
Carelist Layer 0: Sta.Proc[1].CacheState Sta.Proc[2].CacheState Sta.Proc[3].CacheState Sta.Proc[4].CacheState Sta.Proc[5].CacheState Sta.Proc[6].CacheState Sta.Proc[7].CacheState Sta.Proc[8].CacheState 
Attr: Sta.Proc[8].CacheState Level: 0 Wi: 8
Attr: Sta.Proc[7].CacheState Level: 0 Wi: 8
Attr: Sta.Proc[2].CacheState Level: 0 Wi: 8
Attr: Sta.Proc[1].CacheState Level: 0 Wi: 8
Attr: Sta.Proc[4].CacheState Level: 0 Wi: 8
Attr: Sta.Proc[5].CacheState Level: 0 Wi: 8
Attr: Sta.Proc[3].CacheState Level: 0 Wi: 8
Attr: Sta.Proc[6].CacheState Level: 0 Wi: 8

===== Init heuristics! =====

Progress Report:

	100000 states explored in 5.78s, with 353654 rules fired and 86386 states in the queue.
	200000 states explored in 8.83s, with 684806 rules fired and 173484 states in the queue.
	300000 states explored in 13.56s, with 1201963 rules fired and 252678 states in the queue.
	400000 states explored in 16.61s, with 1532084 rules fired and 339589 states in the queue.
	500000 states explored in 19.19s, with 1807040 rules fired and 428170 states in the queue.
	600000 states explored in 22.19s, with 2125076 rules fired and 515058 states in the queue.
	700000 states explored in 25.51s, with 2481621 rules fired and 600700 states in the queue.
	800000 states explored in 29.54s, with 2918680 rules fired and 683458 states in the queue.
	900000 states explored in 36.56s, with 3680999 rules fired and 751942 states in the queue.
	1000000 states explored in 41.95s, with 4260540 rules fired and 826732 states in the queue.
	1100000 states explored in 44.67s, with 4547640 rules fired and 914742 states in the queue.
	1200000 states explored in 47.83s, with 4879480 rules fired and 1000888 states in the queue.
	1300000 states explored in 51.15s, with 5232018 rules fired and 1086364 states in the queue.
	1400000 states explored in 54.49s, with 5585536 rules fired and 1171735 states in the queue.
	1500000 states explored in 58.09s, with 5972118 rules fired and 1256044 states in the queue.
	1600000 states explored in 61.95s, with 6386848 rules fired and 1339288 states in the queue.
	1700000 states explored in 65.69s, with 6790109 rules fired and 1422914 states in the queue.
	1800000 states explored in 68.48s, with 7086620 rules fired and 1510666 states in the queue.
	1900000 states explored in 71.70s, with 7431166 rules fired and 1596598 states in the queue.
	2000000 states explored in 75.06s, with 7789117 rules fired and 1681762 states in the queue.
	2100000 states explored in 78.51s, with 8159005 rules fired and 1766706 states in the queue.
	2200000 states explored in 81.89s, with 8522186 rules fired and 1851965 states in the queue.
	2300000 states explored in 85.59s, with 8919816 rules fired and 1935666 states in the queue.
	2400000 states explored in 89.35s, with 9322208 rules fired and 2019208 states in the queue.
	2500000 states explored in 93.18s, with 9731726 rules fired and 2102394 states in the queue.
	2600000 states explored in 97.25s, with 10169676 rules fired and 2184597 states in the queue.
	2700000 states explored in 102.46s, with 10731477 rules fired and 2261628 states in the queue.
	2800000 states explored in 110.20s, with 11562714 rules fired and 2326622 states in the queue.
	2900000 states explored in 119.42s, with 12551602 rules fired and 2383442 states in the queue.
	3000000 states explored in 131.41s, with 13830239 rules fired and 2425171 states in the queue.
	3100000 states explored in 135.94s, with 14303686 rules fired and 2503319 states in the queue.
	3200000 states explored in 138.53s, with 14574537 rules fired and 2591780 states in the queue.
	3300000 states explored in 141.04s, with 14834533 rules fired and 2680429 states in the queue.
	3400000 states explored in 143.72s, with 15112970 rules fired and 2768504 states in the queue.
	3500000 states explored in 146.63s, with 15416799 rules fired and 2855541 states in the queue.
	3600000 states explored in 149.52s, with 15715384 rules fired and 2942822 states in the queue.
	3700000 states explored in 152.51s, with 16024024 rules fired and 3029450 states in the queue.
	3800000 states explored in 155.65s, with 16353360 rules fired and 3115592 states in the queue.
	3900000 states explored in 158.83s, with 16684782 rules fired and 3201441 states in the queue.
	4000000 states explored in 161.93s, with 17008130 rules fired and 3287716 states in the queue.
	4100000 states explored in 165.05s, with 17334994 rules fired and 3373834 states in the queue.
	4200000 states explored in 168.15s, with 17659184 rules fired and 3460057 states in the queue.
	4300000 states explored in 171.59s, with 18020390 rules fired and 3544993 states in the queue.
	4400000 states explored in 175.00s, with 18379250 rules fired and 3629890 states in the queue.
	4500000 states explored in 178.69s, with 18768496 rules fired and 3713677 states in the queue.
	4600000 states explored in 182.38s, with 19156768 rules fired and 3797408 states in the queue.
	4700000 states explored in 186.06s, with 19542058 rules fired and 3881101 states in the queue.
	4800000 states explored in 190.00s, with 19959393 rules fired and 3963694 states in the queue.
	4900000 states explored in 193.85s, with 20363516 rules fired and 4046699 states in the queue.
	5000000 states explored in 197.86s, with 20784888 rules fired and 4129011 states in the queue.
	5100000 states explored in 201.72s, with 21189242 rules fired and 4212062 states in the queue.
	5200000 states explored in 205.42s, with 21580348 rules fired and 4295863 states in the queue.
	5300000 states explored in 209.32s, with 21991886 rules fired and 4378802 states in the queue.
	5400000 states explored in 213.23s, with 22405152 rules fired and 4461588 states in the queue.
	5500000 states explored in 217.19s, with 22823981 rules fired and 4544085 states in the queue.
	5600000 states explored in 221.44s, with 23272469 rules fired and 4625229 states in the queue.
	5700000 states explored in 225.89s, with 23742122 rules fired and 4705619 states in the queue.
	5800000 states explored in 230.56s, with 24234944 rules fired and 4784940 states in the queue.
	5900000 states explored in 234.77s, with 24681341 rules fired and 4866493 states in the queue.
	6000000 states explored in 239.27s, with 25157464 rules fired and 4946655 states in the queue.
	6100000 states explored in 244.12s, with 25671739 rules fired and 5025083 states in the queue.
	6200000 states explored in 248.72s, with 26163743 rules fired and 5104938 states in the queue.
	6300000 states explored in 254.12s, with 26739514 rules fired and 5181140 states in the queue.
	6400000 states explored in 259.91s, with 27359411 rules fired and 5255658 states in the queue.
	6500000 states explored in 265.86s, with 27997564 rules fired and 5329292 states in the queue.
	6600000 states explored in 271.01s, with 28546037 rules fired and 5406688 states in the queue.
	6700000 states explored in 276.17s, with 29093228 rules fired and 5483696 states in the queue.
	6800000 states explored in 281.77s, with 29692471 rules fired and 5558863 states in the queue.
	6900000 states explored in 288.14s, with 30369415 rules fired and 5630089 states in the queue.
	7000000 states explored in 294.57s, with 31052627 rules fired and 5700896 states in the queue.
	7100000 states explored in 300.96s, with 31732973 rules fired and 5771833 states in the queue.
	7200000 states explored in 308.13s, with 32492622 rules fired and 5838733 states in the queue.
	7300000 states explored in 315.68s, with 33293053 rules fired and 5903820 states in the queue.
	7400000 states explored in 324.11s, with 34183275 rules fired and 5964055 states in the queue.
	7500000 states explored in 329.62s, with 34765911 rules fired and 6038515 states in the queue.
	7600000 states explored in 334.02s, with 35237065 rules fired and 6118585 states in the queue.
	7700000 states explored in 339.13s, with 35780223 rules fired and 6195292 states in the queue.
	7800000 states explored in 344.79s, with 36377745 rules fired and 6269482 states in the queue.
	7900000 states explored in 351.29s, with 37063742 rules fired and 6339174 states in the queue.
	8000000 states explored in 360.47s, with 38038868 rules fired and 6396065 states in the queue.
	8100000 states explored in 370.73s, with 39124483 rules fired and 6446632 states in the queue.
	8200000 states explored in 381.59s, with 40263124 rules fired and 6493860 states in the queue.
	8300000 states explored in 392.57s, with 41419095 rules fired and 6540359 states in the queue.
	8400000 states explored in 406.17s, with 42848351 rules fired and 6571801 states in the queue.
	8500000 states explored in 412.15s, with 43470680 rules fired and 6642431 states in the queue.
	8600000 states explored in 415.01s, with 43765163 rules fired and 6729639 states in the queue.
	8700000 states explored in 417.88s, with 44056984 rules fired and 6816801 states in the queue.
	8800000 states explored in 421.00s, with 44378332 rules fired and 6902886 states in the queue.
	8900000 states explored in 424.19s, with 44707535 rules fired and 6988652 states in the queue.
	9000000 states explored in 427.53s, with 45051674 rules fired and 7073647 states in the queue.
	9100000 states explored in 430.73s, with 45379640 rules fired and 7159272 states in the queue.
	9200000 states explored in 433.98s, with 45715397 rules fired and 7244820 states in the queue.
	9300000 states explored in 437.24s, with 46052955 rules fired and 7330396 states in the queue.
	9400000 states explored in 440.50s, with 46390618 rules fired and 7415975 states in the queue.
	9500000 states explored in 443.67s, with 46717507 rules fired and 7501900 states in the queue.
	9600000 states explored in 446.90s, with 47048480 rules fired and 7587647 states in the queue.

Error:

	Internal Error: Too many active states.



