This program should be regarded as a DEBUGGING aid, not as a 
certifier of correctness.
Call with the -l flag or read the license file for terms
and conditions of use.
Run this program with "-h" for the list of options.

Bugs, questions, and comments should be directed to
"melatti@di.uniroma1.it".

CMurphi compiler last modified date: Apr 10 2024
Include files last modified date:    Jul 23 2021
==========================================================================

==========================================================================
Caching Murphi Release 5.5.0
Finite-state Concurrent System Verifier.

Caching Murphi Release 5.5.0 is based on various versions of Murphi.
Caching Murphi Release 5.5.0 :
Copyright (C) 2009-2012 by Sapienza University of Rome.
Murphi release 3.1 :
Copyright (C) 1992 - 1999 by the Board of Trustees of
Leland Stanford Junior University.

==========================================================================

Protocol: ./protocols/exec/Flash_node8/Flash_node8_inv249
===========================================
  You are using LS algorithm.  
===========================================

===== Startstates are generated! =====
Carelist Layer 0: Sta.Proc[1].CacheState Sta.Proc[2].CacheState Sta.Proc[3].CacheState Sta.Proc[4].CacheState Sta.Proc[5].CacheState Sta.Proc[6].CacheState Sta.Proc[7].CacheState Sta.Proc[8].CacheState 
Attr: Sta.Proc[8].CacheState Level: 0 Wi: 8
Attr: Sta.Proc[7].CacheState Level: 0 Wi: 8
Attr: Sta.Proc[2].CacheState Level: 0 Wi: 8
Attr: Sta.Proc[1].CacheState Level: 0 Wi: 8
Attr: Sta.Proc[4].CacheState Level: 0 Wi: 8
Attr: Sta.Proc[5].CacheState Level: 0 Wi: 8
Attr: Sta.Proc[3].CacheState Level: 0 Wi: 8
Attr: Sta.Proc[6].CacheState Level: 0 Wi: 8

===== Init heuristics! =====

Progress Report:

	100000 states explored in 5.70s, with 346636 rules fired and 86586 states in the queue.
	200000 states explored in 8.90s, with 692829 rules fired and 173081 states in the queue.
	300000 states explored in 13.48s, with 1188081 rules fired and 253003 states in the queue.
	400000 states explored in 16.51s, with 1510677 rules fired and 340136 states in the queue.
	500000 states explored in 19.07s, with 1783490 rules fired and 428956 states in the queue.
	600000 states explored in 22.12s, with 2105390 rules fired and 515684 states in the queue.
	700000 states explored in 25.36s, with 2452279 rules fired and 601724 states in the queue.
	800000 states explored in 29.62s, with 2911202 rules fired and 683660 states in the queue.
	900000 states explored in 36.66s, with 3669936 rules fired and 752468 states in the queue.
	1000000 states explored in 42.08s, with 4249155 rules fired and 827467 states in the queue.
	1100000 states explored in 44.89s, with 4545874 rules fired and 915280 states in the queue.
	1200000 states explored in 48.12s, with 4887135 rules fired and 1001347 states in the queue.
	1300000 states explored in 51.63s, with 5256175 rules fired and 1086202 states in the queue.
	1400000 states explored in 54.91s, with 5604007 rules fired and 1172019 states in the queue.
	1500000 states explored in 58.64s, with 6000092 rules fired and 1256010 states in the queue.
	1600000 states explored in 62.98s, with 6463712 rules fired and 1337283 states in the queue.
	1700000 states explored in 65.82s, with 6765047 rules fired and 1424869 states in the queue.
	1800000 states explored in 68.65s, with 7065002 rules fired and 1512589 states in the queue.
	1900000 states explored in 71.87s, with 7405614 rules fired and 1598439 states in the queue.
	2000000 states explored in 75.36s, with 7779891 rules fired and 1683367 states in the queue.
	2100000 states explored in 78.83s, with 8150008 rules fired and 1768511 states in the queue.
	2200000 states explored in 82.26s, with 8514854 rules fired and 1853574 states in the queue.
	2300000 states explored in 85.90s, with 8901124 rules fired and 1937741 states in the queue.
	2400000 states explored in 89.73s, with 9304861 rules fired and 2020907 states in the queue.
	2500000 states explored in 93.66s, with 9721875 rules fired and 2103822 states in the queue.
	2600000 states explored in 97.55s, with 10138191 rules fired and 2187058 states in the queue.
	2700000 states explored in 103.57s, with 10779672 rules fired and 2260761 states in the queue.
	2800000 states explored in 111.34s, with 11606067 rules fired and 2325853 states in the queue.
	2900000 states explored in 121.25s, with 12651940 rules fired and 2379574 states in the queue.
	3000000 states explored in 134.48s, with 14045042 rules fired and 2414905 states in the queue.
	3100000 states explored in 137.02s, with 14307200 rules fired and 2503512 states in the queue.
	3200000 states explored in 139.61s, with 14574124 rules fired and 2591990 states in the queue.
	3300000 states explored in 142.17s, with 14838184 rules fired and 2680627 states in the queue.
	3400000 states explored in 144.82s, with 15109257 rules fired and 2768782 states in the queue.
	3500000 states explored in 147.68s, with 15402517 rules fired and 2856073 states in the queue.
	3600000 states explored in 150.53s, with 15695137 rules fired and 2943402 states in the queue.
	3700000 states explored in 153.36s, with 15986313 rules fired and 3030855 states in the queue.
	3800000 states explored in 156.26s, with 16284722 rules fired and 3117958 states in the queue.
	3900000 states explored in 159.41s, with 16609365 rules fired and 3204067 states in the queue.
	4000000 states explored in 162.59s, with 16937227 rules fired and 3290239 states in the queue.
	4100000 states explored in 165.67s, with 17256037 rules fired and 3376670 states in the queue.
	4200000 states explored in 168.86s, with 17584956 rules fired and 3462623 states in the queue.
	4300000 states explored in 172.16s, with 17928558 rules fired and 3548309 states in the queue.
	4400000 states explored in 175.36s, with 18261965 rules fired and 3634431 states in the queue.
	4500000 states explored in 178.91s, with 18633043 rules fired and 3719025 states in the queue.
	4600000 states explored in 182.70s, with 19027022 rules fired and 3802535 states in the queue.
	4700000 states explored in 186.32s, with 19405952 rules fired and 3886741 states in the queue.
	4800000 states explored in 190.27s, with 19820682 rules fired and 3969610 states in the queue.
	4900000 states explored in 194.30s, with 20242215 rules fired and 4051890 states in the queue.
	5000000 states explored in 198.23s, with 20653634 rules fired and 4134796 states in the queue.
	5100000 states explored in 202.14s, with 21060238 rules fired and 4217921 states in the queue.
	5200000 states explored in 206.07s, with 21471040 rules fired and 4300955 states in the queue.
	5300000 states explored in 210.08s, with 21890687 rules fired and 4383517 states in the queue.
	5400000 states explored in 214.21s, with 22318253 rules fired and 4465920 states in the queue.
	5500000 states explored in 218.34s, with 22753841 rules fired and 4548194 states in the queue.
	5600000 states explored in 222.12s, with 23148433 rules fired and 4631888 states in the queue.
	5700000 states explored in 226.36s, with 23590711 rules fired and 4713388 states in the queue.
	5800000 states explored in 230.86s, with 24063547 rules fired and 4793760 states in the queue.
	5900000 states explored in 235.34s, with 24529475 rules fired and 4874222 states in the queue.
	6000000 states explored in 239.57s, with 24972489 rules fired and 4955654 states in the queue.
	6100000 states explored in 244.05s, with 25442398 rules fired and 5036111 states in the queue.
	6200000 states explored in 248.72s, with 25932383 rules fired and 5115674 states in the queue.
	6300000 states explored in 253.33s, with 26419235 rules fired and 5195821 states in the queue.
	6400000 states explored in 258.39s, with 26954832 rules fired and 5273736 states in the queue.
	6500000 states explored in 264.16s, with 27567312 rules fired and 5348849 states in the queue.
	6600000 states explored in 270.75s, with 28264968 rules fired and 5419931 states in the queue.
	6700000 states explored in 277.04s, with 28927515 rules fired and 5492248 states in the queue.
	6800000 states explored in 282.33s, with 29488242 rules fired and 5569154 states in the queue.
	6900000 states explored in 288.22s, with 30106640 rules fired and 5642989 states in the queue.
	7000000 states explored in 294.10s, with 30726101 rules fired and 5717124 states in the queue.
	7100000 states explored in 300.68s, with 31415890 rules fired and 5787663 states in the queue.
	7200000 states explored in 307.97s, with 32178140 rules fired and 5854594 states in the queue.
	7300000 states explored in 315.18s, with 32931966 rules fired and 5921562 states in the queue.
	7400000 states explored in 323.14s, with 33764063 rules fired and 5984705 states in the queue.
	7500000 states explored in 332.04s, with 34690196 rules fired and 6043107 states in the queue.
	7600000 states explored in 337.65s, with 35277249 rules fired and 6117574 states in the queue.
	7700000 states explored in 342.68s, with 35806831 rules fired and 6194540 states in the queue.
	7800000 states explored in 348.30s, with 36397249 rules fired and 6269018 states in the queue.
	7900000 states explored in 354.09s, with 37005354 rules fired and 6342645 states in the queue.
	8000000 states explored in 362.97s, with 37932797 rules fired and 6400970 states in the queue.
	8100000 states explored in 372.68s, with 38945371 rules fired and 6454939 states in the queue.
	8200000 states explored in 384.10s, with 40135462 rules fired and 6499909 states in the queue.
	8300000 states explored in 393.47s, with 41111038 rules fired and 6554640 states in the queue.
	8400000 states explored in 404.80s, with 42287669 rules fired and 6599226 states in the queue.
	8500000 states explored in 416.09s, with 43451896 rules fired and 6642769 states in the queue.
	8600000 states explored in 418.85s, with 43734373 rules fired and 6730728 states in the queue.
	8700000 states explored in 421.57s, with 44011516 rules fired and 6818632 states in the queue.
	8800000 states explored in 424.68s, with 44328484 rules fired and 6904946 states in the queue.
	8900000 states explored in 427.86s, with 44653796 rules fired and 6990941 states in the queue.
	9000000 states explored in 431.11s, with 44985698 rules fired and 7076665 states in the queue.
	9100000 states explored in 434.39s, with 45320429 rules fired and 7162172 states in the queue.
	9200000 states explored in 437.71s, with 45659715 rules fired and 7247457 states in the queue.
	9300000 states explored in 440.84s, with 45979196 rules fired and 7333713 states in the queue.
	9400000 states explored in 444.07s, with 46308382 rules fired and 7419278 states in the queue.
	9500000 states explored in 447.47s, with 46657483 rules fired and 7504383 states in the queue.
	9600000 states explored in 450.67s, with 46985110 rules fired and 7590387 states in the queue.

Error:

	Internal Error: Too many active states.



