This program should be regarded as a DEBUGGING aid, not as a 
certifier of correctness.
Call with the -l flag or read the license file for terms
and conditions of use.
Run this program with "-h" for the list of options.

Bugs, questions, and comments should be directed to
"melatti@di.uniroma1.it".

CMurphi compiler last modified date: Apr 10 2024
Include files last modified date:    Jul 23 2021
==========================================================================

==========================================================================
Caching Murphi Release 5.5.0
Finite-state Concurrent System Verifier.

Caching Murphi Release 5.5.0 is based on various versions of Murphi.
Caching Murphi Release 5.5.0 :
Copyright (C) 2009-2012 by Sapienza University of Rome.
Murphi release 3.1 :
Copyright (C) 1992 - 1999 by the Board of Trustees of
Leland Stanford Junior University.

==========================================================================

Protocol: ./protocols/exec/Flash_node8/Flash_node8_inv262
===========================================
  You are using LS algorithm.  
===========================================

===== Startstates are generated! =====
Carelist Layer 0: Sta.Proc[1].CacheState Sta.Proc[2].CacheState Sta.Proc[3].CacheState Sta.Proc[4].CacheState Sta.Proc[5].CacheState Sta.Proc[6].CacheState Sta.Proc[7].CacheState Sta.Proc[8].CacheState 
Attr: Sta.Proc[8].CacheState Level: 0 Wi: 8
Attr: Sta.Proc[7].CacheState Level: 0 Wi: 8
Attr: Sta.Proc[2].CacheState Level: 0 Wi: 8
Attr: Sta.Proc[1].CacheState Level: 0 Wi: 8
Attr: Sta.Proc[4].CacheState Level: 0 Wi: 8
Attr: Sta.Proc[5].CacheState Level: 0 Wi: 8
Attr: Sta.Proc[3].CacheState Level: 0 Wi: 8
Attr: Sta.Proc[6].CacheState Level: 0 Wi: 8

===== Init heuristics! =====

Progress Report:

	100000 states explored in 6.11s, with 355505 rules fired and 86315 states in the queue.
	200000 states explored in 9.01s, with 655421 rules fired and 174490 states in the queue.
	300000 states explored in 14.48s, with 1209007 rules fired and 251984 states in the queue.
	400000 states explored in 17.11s, with 1477334 rules fired and 340973 states in the queue.
	500000 states explored in 19.81s, with 1749011 rules fired and 429732 states in the queue.
	600000 states explored in 22.92s, with 2068395 rules fired and 516666 states in the queue.
	700000 states explored in 26.20s, with 2405515 rules fired and 603201 states in the queue.
	800000 states explored in 29.70s, with 2767172 rules fired and 688963 states in the queue.
	900000 states explored in 34.73s, with 3289850 rules fired and 768137 states in the queue.
	1000000 states explored in 42.12s, with 4059382 rules fired and 836413 states in the queue.
	1100000 states explored in 48.54s, with 4721215 rules fired and 907544 states in the queue.
	1200000 states explored in 51.66s, with 5036846 rules fired and 994516 states in the queue.
	1300000 states explored in 55.07s, with 5381709 rules fired and 1080199 states in the queue.
	1400000 states explored in 58.66s, with 5746507 rules fired and 1165330 states in the queue.
	1500000 states explored in 62.69s, with 6163301 rules fired and 1248553 states in the queue.
	1600000 states explored in 65.32s, with 6429188 rules fired and 1337234 states in the queue.
	1700000 states explored in 68.05s, with 6706195 rules fired and 1425561 states in the queue.
	1800000 states explored in 71.00s, with 6996402 rules fired and 1513482 states in the queue.
	1900000 states explored in 74.56s, with 7287773 rules fired and 1601372 states in the queue.
	2000000 states explored in 79.11s, with 7605780 rules fired and 1688174 states in the queue.
	2100000 states explored in 82.82s, with 7956784 rules fired and 1773782 states in the queue.
	2200000 states explored in 86.55s, with 8322357 rules fired and 1858723 states in the queue.
	2300000 states explored in 90.13s, with 8673703 rules fired and 1944060 states in the queue.
	2400000 states explored in 93.50s, with 9020585 rules fired and 2029983 states in the queue.
	2500000 states explored in 97.06s, with 9383178 rules fired and 2115123 states in the queue.
	2600000 states explored in 100.74s, with 9759608 rules fired and 2199703 states in the queue.
	2700000 states explored in 104.54s, with 10146447 rules fired and 2283787 states in the queue.
	2800000 states explored in 108.68s, with 10569567 rules fired and 2366386 states in the queue.
	2900000 states explored in 113.65s, with 11080503 rules fired and 2445441 states in the queue.
	3000000 states explored in 119.46s, with 11678438 rules fired and 2520906 states in the queue.
	3100000 states explored in 125.69s, with 12323543 rules fired and 2594338 states in the queue.
	3200000 states explored in 132.78s, with 13057069 rules fired and 2663235 states in the queue.
	3300000 states explored in 141.55s, with 13956108 rules fired and 2723435 states in the queue.
	3400000 states explored in 152.14s, with 15038275 rules fired and 2773605 states in the queue.
	3500000 states explored in 162.99s, with 16137157 rules fired and 2821019 states in the queue.
	3600000 states explored in 165.78s, with 16415888 rules fired and 2909129 states in the queue.
	3700000 states explored in 168.73s, with 16712929 rules fired and 2996570 states in the queue.
	3800000 states explored in 171.68s, with 17007363 rules fired and 3083995 states in the queue.
	3900000 states explored in 174.75s, with 17314414 rules fired and 3170989 states in the queue.
	4000000 states explored in 177.89s, with 17628329 rules fired and 3257635 states in the queue.
	4100000 states explored in 180.96s, with 17934988 rules fired and 3344638 states in the queue.
	4200000 states explored in 184.00s, with 18238100 rules fired and 3431782 states in the queue.
	4300000 states explored in 187.45s, with 18584932 rules fired and 3517341 states in the queue.
	4400000 states explored in 190.92s, with 18933670 rules fired and 3602772 states in the queue.
	4500000 states explored in 194.22s, with 19263117 rules fired and 3688809 states in the queue.
	4600000 states explored in 197.62s, with 19604526 rules fired and 3774444 states in the queue.
	4700000 states explored in 201.31s, with 19976802 rules fired and 3858810 states in the queue.
	4800000 states explored in 205.12s, with 20360031 rules fired and 3942662 states in the queue.
	4900000 states explored in 208.94s, with 20742923 rules fired and 4026475 states in the queue.
	5000000 states explored in 212.72s, with 21123346 rules fired and 4110376 states in the queue.
	5100000 states explored in 216.74s, with 21526214 rules fired and 4193215 states in the queue.
	5200000 states explored in 220.28s, with 21880787 rules fired and 4278182 states in the queue.
	5300000 states explored in 224.14s, with 22267430 rules fired and 4361962 states in the queue.
	5400000 states explored in 228.11s, with 22665675 rules fired and 4445107 states in the queue.
	5500000 states explored in 232.33s, with 23092440 rules fired and 4527158 states in the queue.
	5600000 states explored in 236.50s, with 23512886 rules fired and 4609610 states in the queue.
	5700000 states explored in 240.90s, with 23958355 rules fired and 4690843 states in the queue.
	5800000 states explored in 245.06s, with 24383483 rules fired and 4773394 states in the queue.
	5900000 states explored in 249.10s, with 24795280 rules fired and 4856572 states in the queue.
	6000000 states explored in 253.41s, with 25236399 rules fired and 4938656 states in the queue.
	6100000 states explored in 257.47s, with 25650219 rules fired and 5021553 states in the queue.
	6200000 states explored in 262.26s, with 26139145 rules fired and 5101364 states in the queue.
	6300000 states explored in 267.85s, with 26710110 rules fired and 5177711 states in the queue.
	6400000 states explored in 273.07s, with 27241891 rules fired and 5255669 states in the queue.
	6500000 states explored in 277.49s, with 27693198 rules fired and 5337231 states in the queue.
	6600000 states explored in 282.06s, with 28157524 rules fired and 5418038 states in the queue.
	6700000 states explored in 286.62s, with 28622245 rules fired and 5498804 states in the queue.
	6800000 states explored in 291.35s, with 29100775 rules fired and 5578869 states in the queue.
	6900000 states explored in 295.94s, with 29568209 rules fired and 5659538 states in the queue.
	7000000 states explored in 301.07s, with 30088810 rules fired and 5737737 states in the queue.
	7100000 states explored in 305.39s, with 30524876 rules fired and 5819192 states in the queue.
	7200000 states explored in 308.86s, with 30875950 rules fired and 5904378 states in the queue.
	7300000 states explored in 312.45s, with 31239904 rules fired and 5988946 states in the queue.
	7400000 states explored in 316.34s, with 31634786 rules fired and 6072377 states in the queue.
	7500000 states explored in 320.32s, with 32039396 rules fired and 6155575 states in the queue.
	7600000 states explored in 324.49s, with 32463120 rules fired and 6237956 states in the queue.
	7700000 states explored in 328.69s, with 32889685 rules fired and 6320037 states in the queue.
	7800000 states explored in 332.82s, with 33309717 rules fired and 6402457 states in the queue.
	7900000 states explored in 337.23s, with 33759355 rules fired and 6483709 states in the queue.
	8000000 states explored in 341.72s, with 34214639 rules fired and 6564632 states in the queue.
	8100000 states explored in 346.56s, with 34706415 rules fired and 6644183 states in the queue.
	8200000 states explored in 351.46s, with 35205287 rules fired and 6723684 states in the queue.
	8300000 states explored in 356.52s, with 35721515 rules fired and 6802053 states in the queue.
	8400000 states explored in 361.75s, with 36255924 rules fired and 6879826 states in the queue.
	8500000 states explored in 366.85s, with 36775091 rules fired and 6957914 states in the queue.
	8600000 states explored in 371.68s, with 37268075 rules fired and 7037075 states in the queue.
	8700000 states explored in 376.82s, with 37790917 rules fired and 7115058 states in the queue.
	8800000 states explored in 383.70s, with 38492856 rules fired and 7185230 states in the queue.
	8900000 states explored in 390.83s, with 39219825 rules fired and 7253937 states in the queue.
	9000000 states explored in 398.23s, with 39973048 rules fired and 7321556 states in the queue.
	9100000 states explored in 405.67s, with 40729257 rules fired and 7388716 states in the queue.
	9200000 states explored in 413.77s, with 41547160 rules fired and 7452651 states in the queue.
	9300000 states explored in 422.57s, with 42428310 rules fired and 7512359 states in the queue.
	9400000 states explored in 431.55s, with 43331694 rules fired and 7570851 states in the queue.
	9500000 states explored in 441.05s, with 44282099 rules fired and 7626973 states in the queue.

Error:

	Internal Error: Too many active states.



