This program should be regarded as a DEBUGGING aid, not as a 
certifier of correctness.
Call with the -l flag or read the license file for terms
and conditions of use.
Run this program with "-h" for the list of options.

Bugs, questions, and comments should be directed to
"melatti@di.uniroma1.it".

CMurphi compiler last modified date: May 21 2024
Include files last modified date:    Jul 23 2021
==========================================================================

==========================================================================
Caching Murphi Release 5.5.0
Finite-state Concurrent System Verifier.

Caching Murphi Release 5.5.0 is based on various versions of Murphi.
Caching Murphi Release 5.5.0 :
Copyright (C) 2009-2012 by Sapienza University of Rome.
Murphi release 3.1 :
Copyright (C) 1992 - 1999 by the Board of Trustees of
Leland Stanford Junior University.

==========================================================================

Protocol: ./protocols/exec/Godsont_node8/Godsont_node8_inv94
===========================================
  You are using EDMC algorithm.  
===========================================

===== Startstates are generated! =====
Carelist Layer 0: node[1].cache[0].state node[2].cache[0].state node[3].cache[0].state node[4].cache[0].state node[5].cache[0].state node[6].cache[0].state node[7].cache[0].state node[8].cache[0].state 
Carelist Layer 1: node[node].inchan[node].msg.addr node[node].inchan[node].msg.source node[node].inchan[node].valid node[node].home_requests[node].status node[node].inchan[node].msg.op node[node].remote_requests[node].status node[node].remote_requests[node].op 
Carelist Layer 2: node[node].outchan[node].msg.dest node[node].outchan[node].valid node[node].home_requests[node].source 
Carelist Layer 3: node[node].home_requests[node].invalidate_list[node] node[node].local_requests[node] node[node].cache[node].state 
Attr: node[node].cache[node].state Level: 3 Wi: 2
Attr: node[node].home_requests[node].source Level: 2 Wi: 4
Attr: node[node].home_requests[node].invalidate_list[node] Level: 3 Wi: 2
Attr: node[5].cache[0].state Level: 0 Wi: 16
Attr: node[4].cache[0].state Level: 0 Wi: 16
Attr: node[6].cache[0].state Level: 0 Wi: 16
Attr: node[node].home_requests[node].status Level: 1 Wi: 8
Attr: node[1].cache[0].state Level: 0 Wi: 16
Attr: node[node].inchan[node].msg.op Level: 1 Wi: 8
Attr: node[3].cache[0].state Level: 0 Wi: 16
Attr: node[7].cache[0].state Level: 0 Wi: 16
Attr: node[node].inchan[node].valid Level: 1 Wi: 8
Attr: node[node].local_requests[node] Level: 3 Wi: 2
Attr: node[8].cache[0].state Level: 0 Wi: 16
Attr: node[node].inchan[node].msg.source Level: 1 Wi: 8
Attr: node[node].outchan[node].valid Level: 2 Wi: 4
Attr: node[2].cache[0].state Level: 0 Wi: 16
Attr: node[node].inchan[node].msg.addr Level: 1 Wi: 8
Attr: node[node].remote_requests[node].status Level: 1 Wi: 8
Attr: node[node].remote_requests[node].op Level: 1 Wi: 8
Attr: node[node].outchan[node].msg.dest Level: 2 Wi: 4

===== Init heuristics! =====

Progress Report:

	100000 states explored in 13.11s, with 264206 rules fired and 37049 states in the queue.
	200000 states explored in 22.33s, with 566670 rules fired and 73157 states in the queue.
	300000 states explored in 33.87s, with 960816 rules fired and 89766 states in the queue.
	400000 states explored in 44.27s, with 1277809 rules fired and 111347 states in the queue.
	500000 states explored in 59.36s, with 1798510 rules fired and 99509 states in the queue.
	600000 states explored in 75.10s, with 2366380 rules fired and 84542 states in the queue.
	700000 states explored in 84.65s, with 2650482 rules fired and 112861 states in the queue.
	800000 states explored in 93.11s, with 2922125 rules fired and 156242 states in the queue.
	900000 states explored in 103.88s, with 3278309 rules fired and 178536 states in the queue.
	1000000 states explored in 114.96s, with 3647429 rules fired and 198388 states in the queue.
	1100000 states explored in 127.37s, with 4132127 rules fired and 217809 states in the queue.
	1200000 states explored in 137.81s, with 4491317 rules fired and 246012 states in the queue.
	1300000 states explored in 147.16s, with 4823252 rules fired and 286065 states in the queue.
	1400000 states explored in 157.95s, with 5168113 rules fired and 306917 states in the queue.
	1500000 states explored in 169.07s, with 5568186 rules fired and 331805 states in the queue.
	1600000 states explored in 181.30s, with 6029141 rules fired and 351286 states in the queue.
	1700000 states explored in 191.66s, with 6395007 rules fired and 381781 states in the queue.
	1800000 states explored in 202.28s, with 6735479 rules fired and 404361 states in the queue.
	1900000 states explored in 212.01s, with 7039184 rules fired and 433307 states in the queue.
	2000000 states explored in 222.64s, with 7392993 rules fired and 457305 states in the queue.
	2100000 states explored in 233.20s, with 7737541 rules fired and 480762 states in the queue.
	2200000 states explored in 244.64s, with 8177249 rules fired and 507429 states in the queue.
	2300000 states explored in 253.48s, with 8499384 rules fired and 552808 states in the queue.
	2400000 states explored in 264.81s, with 8892391 rules fired and 573782 states in the queue.
	2500000 states explored in 275.28s, with 9240959 rules fired and 599922 states in the queue.
	2600000 states explored in 285.58s, with 9582662 rules fired and 627082 states in the queue.
	2700000 states explored in 295.39s, with 9909663 rules fired and 659261 states in the queue.
	2800000 states explored in 306.19s, with 10275950 rules fired and 683645 states in the queue.
	2900000 states explored in 316.72s, with 10640697 rules fired and 711552 states in the queue.
	3000000 states explored in 328.71s, with 11105766 rules fired and 734537 states in the queue.
	3100000 states explored in 339.00s, with 11450314 rules fired and 762191 states in the queue.
	3200000 states explored in 351.03s, with 11922982 rules fired and 786634 states in the queue.
	3300000 states explored in 362.23s, with 12329896 rules fired and 811563 states in the queue.
	3400000 states explored in 373.05s, with 12741116 rules fired and 842835 states in the queue.
	3500000 states explored in 386.43s, with 13275841 rules fired and 857263 states in the queue.
	3600000 states explored in 398.72s, with 13723238 rules fired and 872519 states in the queue.
	3700000 states explored in 408.95s, with 14092042 rules fired and 905495 states in the queue.
	3800000 states explored in 420.24s, with 14536048 rules fired and 936105 states in the queue.
	3900000 states explored in 430.59s, with 14917463 rules fired and 969819 states in the queue.
	4000000 states explored in 443.80s, with 15434688 rules fired and 984176 states in the queue.
	4100000 states explored in 454.06s, with 15813633 rules fired and 1018297 states in the queue.
	4200000 states explored in 467.03s, with 16346623 rules fired and 1038575 states in the queue.
	4300000 states explored in 475.60s, with 16664490 rules fired and 1087420 states in the queue.
	4400000 states explored in 487.45s, with 17117370 rules fired and 1110965 states in the queue.
	4500000 states explored in 500.55s, with 17662943 rules fired and 1131469 states in the queue.
	4600000 states explored in 513.38s, with 18176407 rules fired and 1150224 states in the queue.
	4700000 states explored in 523.46s, with 18547409 rules fired and 1186643 states in the queue.
	4800000 states explored in 537.36s, with 19102913 rules fired and 1197617 states in the queue.
	4900000 states explored in 549.33s, with 19576457 rules fired and 1222798 states in the queue.
	5000000 states explored in 560.32s, with 19967086 rules fired and 1248135 states in the queue.
	5100000 states explored in 570.27s, with 20351369 rules fired and 1287822 states in the queue.
	5200000 states explored in 581.35s, with 20751536 rules fired and 1314851 states in the queue.
	5300000 states explored in 594.16s, with 21237090 rules fired and 1330639 states in the queue.
	5400000 states explored in 606.44s, with 21717982 rules fired and 1353204 states in the queue.
	5500000 states explored in 618.58s, with 22187438 rules fired and 1376213 states in the queue.
	5600000 states explored in 629.26s, with 22604407 rules fired and 1411108 states in the queue.
	5700000 states explored in 640.31s, with 23016523 rules fired and 1439846 states in the queue.
	5800000 states explored in 649.92s, with 23371942 rules fired and 1480241 states in the queue.
	5900000 states explored in 663.34s, with 23920474 rules fired and 1496174 states in the queue.
	6000000 states explored in 674.97s, with 24380346 rules fired and 1524347 states in the queue.
	6100000 states explored in 686.70s, with 24869161 rules fired and 1556131 states in the queue.
	6200000 states explored in 699.37s, with 25397863 rules fired and 1580746 states in the queue.
	6300000 states explored in 710.68s, with 25821669 rules fired and 1607249 states in the queue.
	6400000 states explored in 720.20s, with 26140745 rules fired and 1641793 states in the queue.

Error:

	Internal Error: Too many active states.



