This program should be regarded as a DEBUGGING aid, not as a 
certifier of correctness.
Call with the -l flag or read the license file for terms
and conditions of use.
Run this program with "-h" for the list of options.

Bugs, questions, and comments should be directed to
"melatti@di.uniroma1.it".

CMurphi compiler last modified date: May 21 2024
Include files last modified date:    Jul 23 2021
==========================================================================

==========================================================================
Caching Murphi Release 5.5.0
Finite-state Concurrent System Verifier.

Caching Murphi Release 5.5.0 is based on various versions of Murphi.
Caching Murphi Release 5.5.0 :
Copyright (C) 2009-2012 by Sapienza University of Rome.
Murphi release 3.1 :
Copyright (C) 1992 - 1999 by the Board of Trustees of
Leland Stanford Junior University.

==========================================================================

Protocol: ./protocols/exec/Godsont_node8/Godsont_node8_inv182
===========================================
  You are using EDMC algorithm.  
===========================================

===== Startstates are generated! =====
Carelist Layer 0: node[1].cache[0].state node[2].cache[0].state node[3].cache[0].state node[4].cache[0].state node[5].cache[0].state node[6].cache[0].state node[7].cache[0].state node[8].cache[0].state 
Carelist Layer 1: node[node].inchan[node].msg.addr node[node].inchan[node].msg.source node[node].inchan[node].valid node[node].home_requests[node].status node[node].inchan[node].msg.op node[node].remote_requests[node].status node[node].remote_requests[node].op 
Carelist Layer 2: node[node].outchan[node].msg.dest node[node].outchan[node].valid node[node].home_requests[node].source 
Carelist Layer 3: node[node].home_requests[node].invalidate_list[node] node[node].local_requests[node] node[node].cache[node].state 
Attr: node[node].cache[node].state Level: 3 Wi: 2
Attr: node[node].home_requests[node].source Level: 2 Wi: 4
Attr: node[node].home_requests[node].invalidate_list[node] Level: 3 Wi: 2
Attr: node[5].cache[0].state Level: 0 Wi: 16
Attr: node[4].cache[0].state Level: 0 Wi: 16
Attr: node[6].cache[0].state Level: 0 Wi: 16
Attr: node[node].home_requests[node].status Level: 1 Wi: 8
Attr: node[1].cache[0].state Level: 0 Wi: 16
Attr: node[node].inchan[node].msg.op Level: 1 Wi: 8
Attr: node[3].cache[0].state Level: 0 Wi: 16
Attr: node[7].cache[0].state Level: 0 Wi: 16
Attr: node[node].inchan[node].valid Level: 1 Wi: 8
Attr: node[node].local_requests[node] Level: 3 Wi: 2
Attr: node[8].cache[0].state Level: 0 Wi: 16
Attr: node[node].inchan[node].msg.source Level: 1 Wi: 8
Attr: node[node].outchan[node].valid Level: 2 Wi: 4
Attr: node[2].cache[0].state Level: 0 Wi: 16
Attr: node[node].inchan[node].msg.addr Level: 1 Wi: 8
Attr: node[node].remote_requests[node].status Level: 1 Wi: 8
Attr: node[node].remote_requests[node].op Level: 1 Wi: 8
Attr: node[node].outchan[node].msg.dest Level: 2 Wi: 4

===== Init heuristics! =====

Progress Report:

	100000 states explored in 11.15s, with 255437 rules fired and 36727 states in the queue.
	200000 states explored in 21.72s, with 595896 rules fired and 60750 states in the queue.
	300000 states explored in 32.76s, with 955542 rules fired and 81310 states in the queue.
	400000 states explored in 45.07s, with 1385484 rules fired and 94855 states in the queue.
	500000 states explored in 56.13s, with 1754789 rules fired and 116566 states in the queue.
	600000 states explored in 66.89s, with 2106375 rules fired and 139600 states in the queue.
	700000 states explored in 78.01s, with 2478187 rules fired and 160636 states in the queue.
	800000 states explored in 87.10s, with 2745588 rules fired and 194487 states in the queue.
	900000 states explored in 95.52s, with 3004669 rules fired and 236540 states in the queue.
	1000000 states explored in 102.35s, with 3245366 rules fired and 298495 states in the queue.
	1100000 states explored in 109.68s, with 3499814 rules fired and 355299 states in the queue.
	1200000 states explored in 116.95s, with 3760228 rules fired and 413665 states in the queue.
	1300000 states explored in 125.52s, with 4081126 rules fired and 463107 states in the queue.
	1400000 states explored in 134.57s, with 4410781 rules fired and 506795 states in the queue.
	1500000 states explored in 141.81s, with 4682566 rules fired and 567387 states in the queue.
	1600000 states explored in 147.70s, with 4883548 rules fired and 636097 states in the queue.
	1700000 states explored in 155.37s, with 5132162 rules fired and 687159 states in the queue.
	1800000 states explored in 163.82s, with 5437318 rules fired and 736053 states in the queue.
	1900000 states explored in 172.41s, with 5767627 rules fired and 786821 states in the queue.
	2000000 states explored in 181.41s, with 6129880 rules fired and 836892 states in the queue.
	2100000 states explored in 188.74s, with 6386947 rules fired and 894413 states in the queue.
	2200000 states explored in 196.57s, with 6658518 rules fired and 947219 states in the queue.
	2300000 states explored in 204.37s, with 6925686 rules fired and 999181 states in the queue.
	2400000 states explored in 214.27s, with 7284671 rules fired and 1035566 states in the queue.
	2500000 states explored in 221.50s, with 7535981 rules fired and 1093325 states in the queue.
	2600000 states explored in 226.93s, with 7711390 rules fired and 1164621 states in the queue.
	2700000 states explored in 232.73s, with 7903977 rules fired and 1233547 states in the queue.
	2800000 states explored in 240.24s, with 8149819 rules fired and 1286280 states in the queue.
	2900000 states explored in 247.95s, with 8419548 rules fired and 1340177 states in the queue.
	3000000 states explored in 255.68s, with 8690628 rules fired and 1393798 states in the queue.
	3100000 states explored in 262.96s, with 8946311 rules fired and 1451476 states in the queue.
	3200000 states explored in 270.68s, with 9237576 rules fired and 1508650 states in the queue.
	3300000 states explored in 279.03s, with 9549567 rules fired and 1559990 states in the queue.
	3400000 states explored in 287.02s, with 9847352 rules fired and 1614479 states in the queue.

Error:

	Internal Error: Too many active states.



