This program should be regarded as a DEBUGGING aid, not as a 
certifier of correctness.
Call with the -l flag or read the license file for terms
and conditions of use.
Run this program with "-h" for the list of options.

Bugs, questions, and comments should be directed to
"melatti@di.uniroma1.it".

CMurphi compiler last modified date: May 21 2024
Include files last modified date:    Jul 23 2021
==========================================================================

==========================================================================
Caching Murphi Release 5.5.0
Finite-state Concurrent System Verifier.

Caching Murphi Release 5.5.0 is based on various versions of Murphi.
Caching Murphi Release 5.5.0 :
Copyright (C) 2009-2012 by Sapienza University of Rome.
Murphi release 3.1 :
Copyright (C) 1992 - 1999 by the Board of Trustees of
Leland Stanford Junior University.

==========================================================================

Protocol: ./protocols/exec/Godsont_node8/Godsont_node8_inv51
===========================================
  You are using EDMC algorithm.  
===========================================

===== Startstates are generated! =====
Carelist Layer 0: node[1].cache[0].state node[2].cache[0].state node[3].cache[0].state node[4].cache[0].state node[5].cache[0].state node[6].cache[0].state node[7].cache[0].state node[8].cache[0].state 
Carelist Layer 1: node[node].inchan[node].msg.addr node[node].inchan[node].msg.source node[node].inchan[node].valid node[node].home_requests[node].status node[node].inchan[node].msg.op node[node].remote_requests[node].status node[node].remote_requests[node].op 
Carelist Layer 2: node[node].outchan[node].msg.dest node[node].outchan[node].valid node[node].home_requests[node].source 
Carelist Layer 3: node[node].home_requests[node].invalidate_list[node] node[node].local_requests[node] node[node].cache[node].state 
Attr: node[node].cache[node].state Level: 3 Wi: 2
Attr: node[node].home_requests[node].source Level: 2 Wi: 4
Attr: node[node].home_requests[node].invalidate_list[node] Level: 3 Wi: 2
Attr: node[5].cache[0].state Level: 0 Wi: 16
Attr: node[4].cache[0].state Level: 0 Wi: 16
Attr: node[6].cache[0].state Level: 0 Wi: 16
Attr: node[node].home_requests[node].status Level: 1 Wi: 8
Attr: node[1].cache[0].state Level: 0 Wi: 16
Attr: node[node].inchan[node].msg.op Level: 1 Wi: 8
Attr: node[3].cache[0].state Level: 0 Wi: 16
Attr: node[7].cache[0].state Level: 0 Wi: 16
Attr: node[node].inchan[node].valid Level: 1 Wi: 8
Attr: node[node].local_requests[node] Level: 3 Wi: 2
Attr: node[8].cache[0].state Level: 0 Wi: 16
Attr: node[node].inchan[node].msg.source Level: 1 Wi: 8
Attr: node[node].outchan[node].valid Level: 2 Wi: 4
Attr: node[2].cache[0].state Level: 0 Wi: 16
Attr: node[node].inchan[node].msg.addr Level: 1 Wi: 8
Attr: node[node].remote_requests[node].status Level: 1 Wi: 8
Attr: node[node].remote_requests[node].op Level: 1 Wi: 8
Attr: node[node].outchan[node].msg.dest Level: 2 Wi: 4

===== Init heuristics! =====

Progress Report:

	100000 states explored in 11.15s, with 263219 rules fired and 34320 states in the queue.
	200000 states explored in 20.61s, with 570099 rules fired and 66756 states in the queue.
	300000 states explored in 32.27s, with 965234 rules fired and 81951 states in the queue.
	400000 states explored in 42.92s, with 1320658 rules fired and 105533 states in the queue.
	500000 states explored in 58.46s, with 1883878 rules fired and 90626 states in the queue.
	600000 states explored in 63.31s, with 2044502 rules fired and 166823 states in the queue.
	700000 states explored in 69.19s, with 2263057 rules fired and 238125 states in the queue.
	800000 states explored in 75.00s, with 2470331 rules fired and 307667 states in the queue.
	900000 states explored in 81.07s, with 2691612 rules fired and 376116 states in the queue.
	1000000 states explored in 86.51s, with 2885708 rules fired and 449202 states in the queue.
	1100000 states explored in 94.49s, with 3185105 rules fired and 501490 states in the queue.
	1200000 states explored in 101.01s, with 3423741 rules fired and 565655 states in the queue.
	1300000 states explored in 106.90s, with 3640783 rules fired and 636052 states in the queue.
	1400000 states explored in 112.33s, with 3831361 rules fired and 708737 states in the queue.
	1500000 states explored in 117.74s, with 4025355 rules fired and 782163 states in the queue.
	1600000 states explored in 124.54s, with 4263466 rules fired and 842222 states in the queue.
	1700000 states explored in 132.76s, with 4550291 rules fired and 889391 states in the queue.
	1800000 states explored in 142.07s, with 4888928 rules fired and 928712 states in the queue.
	1900000 states explored in 151.16s, with 5221042 rules fired and 970370 states in the queue.
	2000000 states explored in 160.46s, with 5573789 rules fired and 1012052 states in the queue.
	2100000 states explored in 168.58s, with 5880373 rules fired and 1063676 states in the queue.
	2200000 states explored in 173.91s, with 6060762 rules fired and 1136218 states in the queue.
	2300000 states explored in 179.21s, with 6241803 rules fired and 1209241 states in the queue.
	2400000 states explored in 185.03s, with 6451067 rules fired and 1279094 states in the queue.
	2500000 states explored in 190.58s, with 6641524 rules fired and 1349878 states in the queue.
	2600000 states explored in 196.18s, with 6843585 rules fired and 1421674 states in the queue.
	2700000 states explored in 201.83s, with 7037178 rules fired and 1491636 states in the queue.
	2800000 states explored in 207.47s, with 7237511 rules fired and 1562739 states in the queue.
	2900000 states explored in 214.93s, with 7488515 rules fired and 1615193 states in the queue.

Error:

	Internal Error: Too many active states.



