This program should be regarded as a DEBUGGING aid, not as a 
certifier of correctness.
Call with the -l flag or read the license file for terms
and conditions of use.
Run this program with "-h" for the list of options.

Bugs, questions, and comments should be directed to
"melatti@di.uniroma1.it".

CMurphi compiler last modified date: May 21 2024
Include files last modified date:    Jul 23 2021
==========================================================================

==========================================================================
Caching Murphi Release 5.5.0
Finite-state Concurrent System Verifier.

Caching Murphi Release 5.5.0 is based on various versions of Murphi.
Caching Murphi Release 5.5.0 :
Copyright (C) 2009-2012 by Sapienza University of Rome.
Murphi release 3.1 :
Copyright (C) 1992 - 1999 by the Board of Trustees of
Leland Stanford Junior University.

==========================================================================

Protocol: ./protocols/exec/Godsont_node8/Godsont_node8_inv260
===========================================
  You are using EDMC algorithm.  
===========================================

===== Startstates are generated! =====
Carelist Layer 0: node[1].cache[0].state node[2].cache[0].state node[3].cache[0].state node[4].cache[0].state node[5].cache[0].state node[6].cache[0].state node[7].cache[0].state node[8].cache[0].state 
Carelist Layer 1: node[node].inchan[node].msg.addr node[node].inchan[node].msg.source node[node].inchan[node].valid node[node].home_requests[node].status node[node].inchan[node].msg.op node[node].remote_requests[node].status node[node].remote_requests[node].op 
Carelist Layer 2: node[node].outchan[node].msg.dest node[node].outchan[node].valid node[node].home_requests[node].source 
Carelist Layer 3: node[node].home_requests[node].invalidate_list[node] node[node].local_requests[node] node[node].cache[node].state 
Attr: node[node].cache[node].state Level: 3 Wi: 2
Attr: node[node].home_requests[node].source Level: 2 Wi: 4
Attr: node[node].home_requests[node].invalidate_list[node] Level: 3 Wi: 2
Attr: node[5].cache[0].state Level: 0 Wi: 16
Attr: node[4].cache[0].state Level: 0 Wi: 16
Attr: node[6].cache[0].state Level: 0 Wi: 16
Attr: node[node].home_requests[node].status Level: 1 Wi: 8
Attr: node[1].cache[0].state Level: 0 Wi: 16
Attr: node[node].inchan[node].msg.op Level: 1 Wi: 8
Attr: node[3].cache[0].state Level: 0 Wi: 16
Attr: node[7].cache[0].state Level: 0 Wi: 16
Attr: node[node].inchan[node].valid Level: 1 Wi: 8
Attr: node[node].local_requests[node] Level: 3 Wi: 2
Attr: node[8].cache[0].state Level: 0 Wi: 16
Attr: node[node].inchan[node].msg.source Level: 1 Wi: 8
Attr: node[node].outchan[node].valid Level: 2 Wi: 4
Attr: node[2].cache[0].state Level: 0 Wi: 16
Attr: node[node].inchan[node].msg.addr Level: 1 Wi: 8
Attr: node[node].remote_requests[node].status Level: 1 Wi: 8
Attr: node[node].remote_requests[node].op Level: 1 Wi: 8
Attr: node[node].outchan[node].msg.dest Level: 2 Wi: 4

===== Init heuristics! =====

Progress Report:

	100000 states explored in 12.00s, with 289162 rules fired and 30260 states in the queue.
	200000 states explored in 22.41s, with 622474 rules fired and 55719 states in the queue.
	300000 states explored in 32.88s, with 970601 rules fired and 82417 states in the queue.
	400000 states explored in 44.80s, with 1368714 rules fired and 96411 states in the queue.
	500000 states explored in 55.01s, with 1675071 rules fired and 120020 states in the queue.
	600000 states explored in 65.63s, with 2016564 rules fired and 143500 states in the queue.
	700000 states explored in 76.96s, with 2406921 rules fired and 165083 states in the queue.
	800000 states explored in 87.80s, with 2771421 rules fired and 189282 states in the queue.
	900000 states explored in 97.18s, with 3071196 rules fired and 222407 states in the queue.
	1000000 states explored in 104.72s, with 3331358 rules fired and 274813 states in the queue.
	1100000 states explored in 112.46s, with 3611017 rules fired and 328081 states in the queue.
	1200000 states explored in 120.45s, with 3884967 rules fired and 376963 states in the queue.
	1300000 states explored in 129.14s, with 4181404 rules fired and 419385 states in the queue.
	1400000 states explored in 139.73s, with 4565741 rules fired and 448210 states in the queue.
	1500000 states explored in 150.29s, with 4943839 rules fired and 476463 states in the queue.
	1600000 states explored in 160.50s, with 5328469 rules fired and 510878 states in the queue.
	1700000 states explored in 168.87s, with 5633454 rules fired and 559321 states in the queue.
	1800000 states explored in 178.94s, with 6016347 rules fired and 595400 states in the queue.
	1900000 states explored in 189.60s, with 6408406 rules fired and 624685 states in the queue.
	2000000 states explored in 198.42s, with 6712235 rules fired and 667509 states in the queue.
	2100000 states explored in 205.87s, with 6957697 rules fired and 720771 states in the queue.
	2200000 states explored in 214.46s, with 7244807 rules fired and 764408 states in the queue.
	2300000 states explored in 222.90s, with 7519811 rules fired and 808008 states in the queue.
	2400000 states explored in 230.92s, with 7779496 rules fired and 854980 states in the queue.
	2500000 states explored in 241.61s, with 8152290 rules fired and 881798 states in the queue.
	2600000 states explored in 252.07s, with 8528636 rules fired and 911969 states in the queue.
	2700000 states explored in 264.29s, with 8958620 rules fired and 925666 states in the queue.
	2800000 states explored in 279.78s, with 9546596 rules fired and 917801 states in the queue.
	2900000 states explored in 293.59s, with 10054508 rules fired and 921413 states in the queue.
	3000000 states explored in 305.94s, with 10506539 rules fired and 936945 states in the queue.
	3100000 states explored in 315.70s, with 10853460 rules fired and 972101 states in the queue.
	3200000 states explored in 324.67s, with 11174498 rules fired and 1014206 states in the queue.
	3300000 states explored in 334.03s, with 11514613 rules fired and 1053973 states in the queue.
	3400000 states explored in 343.09s, with 11858840 rules fired and 1099843 states in the queue.
	3500000 states explored in 352.77s, with 12233090 rules fired and 1141151 states in the queue.
	3600000 states explored in 362.63s, with 12604087 rules fired and 1180432 states in the queue.
	3700000 states explored in 372.69s, with 12945897 rules fired and 1212366 states in the queue.
	3800000 states explored in 384.72s, with 13379541 rules fired and 1231524 states in the queue.
	3900000 states explored in 394.99s, with 13742628 rules fired and 1262989 states in the queue.
	4000000 states explored in 405.33s, with 14138954 rules fired and 1297820 states in the queue.
	4100000 states explored in 414.86s, with 14523895 rules fired and 1342346 states in the queue.
	4200000 states explored in 424.19s, with 14898306 rules fired and 1387936 states in the queue.
	4300000 states explored in 433.64s, with 15276360 rules fired and 1432198 states in the queue.
	4400000 states explored in 443.01s, with 15654409 rules fired and 1477831 states in the queue.
	4500000 states explored in 455.44s, with 16175224 rules fired and 1501647 states in the queue.
	4600000 states explored in 466.49s, with 16583088 rules fired and 1528768 states in the queue.
	4700000 states explored in 476.96s, with 16980147 rules fired and 1562688 states in the queue.
	4800000 states explored in 487.91s, with 17403513 rules fired and 1593977 states in the queue.
	4900000 states explored in 499.24s, with 17823853 rules fired and 1619257 states in the queue.
	5000000 states explored in 510.04s, with 18246130 rules fired and 1652719 states in the queue.

Error:

	Internal Error: Too many active states.



