This program should be regarded as a DEBUGGING aid, not as a 
certifier of correctness.
Call with the -l flag or read the license file for terms
and conditions of use.
Run this program with "-h" for the list of options.

Bugs, questions, and comments should be directed to
"melatti@di.uniroma1.it".

CMurphi compiler last modified date: May 21 2024
Include files last modified date:    Jul 23 2021
==========================================================================

==========================================================================
Caching Murphi Release 5.5.0
Finite-state Concurrent System Verifier.

Caching Murphi Release 5.5.0 is based on various versions of Murphi.
Caching Murphi Release 5.5.0 :
Copyright (C) 2009-2012 by Sapienza University of Rome.
Murphi release 3.1 :
Copyright (C) 1992 - 1999 by the Board of Trustees of
Leland Stanford Junior University.

==========================================================================

Protocol: ./protocols/exec/Godsont_node8/Godsont_node8_inv241
===========================================
  You are using EDMC algorithm.  
===========================================

===== Startstates are generated! =====
Carelist Layer 0: node[1].cache[0].state node[2].cache[0].state node[3].cache[0].state node[4].cache[0].state node[5].cache[0].state node[6].cache[0].state node[7].cache[0].state node[8].cache[0].state 
Carelist Layer 1: node[node].inchan[node].msg.addr node[node].inchan[node].msg.source node[node].inchan[node].valid node[node].home_requests[node].status node[node].inchan[node].msg.op node[node].remote_requests[node].status node[node].remote_requests[node].op 
Carelist Layer 2: node[node].outchan[node].msg.dest node[node].outchan[node].valid node[node].home_requests[node].source 
Carelist Layer 3: node[node].home_requests[node].invalidate_list[node] node[node].local_requests[node] node[node].cache[node].state 
Attr: node[node].cache[node].state Level: 3 Wi: 2
Attr: node[node].home_requests[node].source Level: 2 Wi: 4
Attr: node[node].home_requests[node].invalidate_list[node] Level: 3 Wi: 2
Attr: node[5].cache[0].state Level: 0 Wi: 16
Attr: node[4].cache[0].state Level: 0 Wi: 16
Attr: node[6].cache[0].state Level: 0 Wi: 16
Attr: node[node].home_requests[node].status Level: 1 Wi: 8
Attr: node[1].cache[0].state Level: 0 Wi: 16
Attr: node[node].inchan[node].msg.op Level: 1 Wi: 8
Attr: node[3].cache[0].state Level: 0 Wi: 16
Attr: node[7].cache[0].state Level: 0 Wi: 16
Attr: node[node].inchan[node].valid Level: 1 Wi: 8
Attr: node[node].local_requests[node] Level: 3 Wi: 2
Attr: node[8].cache[0].state Level: 0 Wi: 16
Attr: node[node].inchan[node].msg.source Level: 1 Wi: 8
Attr: node[node].outchan[node].valid Level: 2 Wi: 4
Attr: node[2].cache[0].state Level: 0 Wi: 16
Attr: node[node].inchan[node].msg.addr Level: 1 Wi: 8
Attr: node[node].remote_requests[node].status Level: 1 Wi: 8
Attr: node[node].remote_requests[node].op Level: 1 Wi: 8
Attr: node[node].outchan[node].msg.dest Level: 2 Wi: 4

===== Init heuristics! =====

Progress Report:

	100000 states explored in 10.40s, with 224519 rules fired and 40404 states in the queue.
	200000 states explored in 17.73s, with 467178 rules fired and 93124 states in the queue.
	300000 states explored in 26.28s, with 758317 rules fired and 136180 states in the queue.
	400000 states explored in 35.07s, with 1058733 rules fired and 176873 states in the queue.
	500000 states explored in 45.90s, with 1448175 rules fired and 202087 states in the queue.
	600000 states explored in 55.10s, with 1783514 rules fired and 241828 states in the queue.
	700000 states explored in 62.99s, with 2079229 rules fired and 295019 states in the queue.
	800000 states explored in 70.90s, with 2364452 rules fired and 346227 states in the queue.
	900000 states explored in 81.27s, with 2751264 rules fired and 377501 states in the queue.
	1000000 states explored in 91.74s, with 3146368 rules fired and 408906 states in the queue.
	1100000 states explored in 102.01s, with 3552556 rules fired and 445399 states in the queue.
	1200000 states explored in 110.81s, with 3874573 rules fired and 489103 states in the queue.
	1300000 states explored in 119.72s, with 4227911 rules fired and 536151 states in the queue.
	1400000 states explored in 127.76s, with 4536941 rules fired and 588431 states in the queue.
	1500000 states explored in 136.33s, with 4870898 rules fired and 637694 states in the queue.
	1600000 states explored in 146.05s, with 5252304 rules fired and 677561 states in the queue.
	1700000 states explored in 155.24s, with 5616977 rules fired and 722282 states in the queue.
	1800000 states explored in 164.01s, with 5955897 rules fired and 769524 states in the queue.
	1900000 states explored in 173.36s, with 6322161 rules fired and 812752 states in the queue.
	2000000 states explored in 183.59s, with 6730314 rules fired and 849478 states in the queue.
	2100000 states explored in 196.05s, with 7247364 rules fired and 870857 states in the queue.
	2200000 states explored in 206.64s, with 7672043 rules fired and 905222 states in the queue.
	2300000 states explored in 213.12s, with 7885762 rules fired and 967005 states in the queue.
	2400000 states explored in 220.76s, with 8133936 rules fired and 1017400 states in the queue.
	2500000 states explored in 229.54s, with 8428011 rules fired and 1058545 states in the queue.
	2600000 states explored in 237.49s, with 8677021 rules fired and 1104676 states in the queue.
	2700000 states explored in 245.01s, with 8913667 rules fired and 1155056 states in the queue.
	2800000 states explored in 253.85s, with 9211490 rules fired and 1195988 states in the queue.
	2900000 states explored in 264.17s, with 9576283 rules fired and 1226193 states in the queue.
	3000000 states explored in 273.95s, with 9925349 rules fired and 1261372 states in the queue.
	3100000 states explored in 284.75s, with 10310337 rules fired and 1287890 states in the queue.
	3200000 states explored in 296.33s, with 10732583 rules fired and 1309231 states in the queue.
	3300000 states explored in 307.81s, with 11129573 rules fired and 1327722 states in the queue.
	3400000 states explored in 315.08s, with 11372551 rules fired and 1382894 states in the queue.
	3500000 states explored in 324.75s, with 11715827 rules fired and 1419311 states in the queue.
	3600000 states explored in 335.85s, with 12135382 rules fired and 1447270 states in the queue.
	3700000 states explored in 343.54s, with 12392634 rules fired and 1498456 states in the queue.
	3800000 states explored in 350.70s, with 12631952 rules fired and 1554855 states in the queue.
	3900000 states explored in 358.37s, with 12893548 rules fired and 1607199 states in the queue.

Error:

	Internal Error: Too many active states.



