This program should be regarded as a DEBUGGING aid, not as a 
certifier of correctness.
Call with the -l flag or read the license file for terms
and conditions of use.
Run this program with "-h" for the list of options.

Bugs, questions, and comments should be directed to
"melatti@di.uniroma1.it".

CMurphi compiler last modified date: May 21 2024
Include files last modified date:    Jul 23 2021
==========================================================================

==========================================================================
Caching Murphi Release 5.5.0
Finite-state Concurrent System Verifier.

Caching Murphi Release 5.5.0 is based on various versions of Murphi.
Caching Murphi Release 5.5.0 :
Copyright (C) 2009-2012 by Sapienza University of Rome.
Murphi release 3.1 :
Copyright (C) 1992 - 1999 by the Board of Trustees of
Leland Stanford Junior University.

==========================================================================

Protocol: ./protocols/exec/Godsont_node8/Godsont_node8_inv49
===========================================
  You are using EDMC algorithm.  
===========================================

===== Startstates are generated! =====
Carelist Layer 0: node[1].cache[0].state node[2].cache[0].state node[3].cache[0].state node[4].cache[0].state node[5].cache[0].state node[6].cache[0].state node[7].cache[0].state node[8].cache[0].state 
Carelist Layer 1: node[node].inchan[node].msg.addr node[node].inchan[node].msg.source node[node].inchan[node].valid node[node].home_requests[node].status node[node].inchan[node].msg.op node[node].remote_requests[node].status node[node].remote_requests[node].op 
Carelist Layer 2: node[node].outchan[node].msg.dest node[node].outchan[node].valid node[node].home_requests[node].source 
Carelist Layer 3: node[node].home_requests[node].invalidate_list[node] node[node].local_requests[node] node[node].cache[node].state 
Attr: node[node].cache[node].state Level: 3 Wi: 2
Attr: node[node].home_requests[node].source Level: 2 Wi: 4
Attr: node[node].home_requests[node].invalidate_list[node] Level: 3 Wi: 2
Attr: node[5].cache[0].state Level: 0 Wi: 16
Attr: node[4].cache[0].state Level: 0 Wi: 16
Attr: node[6].cache[0].state Level: 0 Wi: 16
Attr: node[node].home_requests[node].status Level: 1 Wi: 8
Attr: node[1].cache[0].state Level: 0 Wi: 16
Attr: node[node].inchan[node].msg.op Level: 1 Wi: 8
Attr: node[3].cache[0].state Level: 0 Wi: 16
Attr: node[7].cache[0].state Level: 0 Wi: 16
Attr: node[node].inchan[node].valid Level: 1 Wi: 8
Attr: node[node].local_requests[node] Level: 3 Wi: 2
Attr: node[8].cache[0].state Level: 0 Wi: 16
Attr: node[node].inchan[node].msg.source Level: 1 Wi: 8
Attr: node[node].outchan[node].valid Level: 2 Wi: 4
Attr: node[2].cache[0].state Level: 0 Wi: 16
Attr: node[node].inchan[node].msg.addr Level: 1 Wi: 8
Attr: node[node].remote_requests[node].status Level: 1 Wi: 8
Attr: node[node].remote_requests[node].op Level: 1 Wi: 8
Attr: node[node].outchan[node].msg.dest Level: 2 Wi: 4

===== Init heuristics! =====

Progress Report:

	100000 states explored in 11.15s, with 254131 rules fired and 34984 states in the queue.
	200000 states explored in 21.49s, with 595181 rules fired and 60323 states in the queue.
	300000 states explored in 32.10s, with 949177 rules fired and 83726 states in the queue.
	400000 states explored in 44.62s, with 1395571 rules fired and 94170 states in the queue.
	500000 states explored in 51.36s, with 1620314 rules fired and 152909 states in the queue.
	600000 states explored in 57.05s, with 1824380 rules fired and 223874 states in the queue.
	700000 states explored in 63.93s, with 2060020 rules fired and 282313 states in the queue.
	800000 states explored in 70.11s, with 2265240 rules fired and 346148 states in the queue.
	900000 states explored in 76.30s, with 2476761 rules fired and 410775 states in the queue.
	1000000 states explored in 83.80s, with 2727228 rules fired and 462341 states in the queue.
	1100000 states explored in 93.55s, with 3078136 rules fired and 497025 states in the queue.
	1200000 states explored in 102.64s, with 3392909 rules fired and 535900 states in the queue.
	1300000 states explored in 109.22s, with 3640779 rules fired and 600750 states in the queue.
	1400000 states explored in 115.77s, with 3865228 rules fired and 662196 states in the queue.
	1500000 states explored in 122.10s, with 4077781 rules fired and 725009 states in the queue.
	1600000 states explored in 128.66s, with 4313089 rules fired and 788022 states in the queue.
	1700000 states explored in 135.51s, with 4556677 rules fired and 848174 states in the queue.
	1800000 states explored in 143.08s, with 4825966 rules fired and 902128 states in the queue.
	1900000 states explored in 153.13s, with 5183389 rules fired and 933684 states in the queue.
	2000000 states explored in 162.27s, with 5498316 rules fired and 972043 states in the queue.
	2100000 states explored in 171.69s, with 5839094 rules fired and 1010074 states in the queue.
	2200000 states explored in 181.60s, with 6206541 rules fired and 1045423 states in the queue.
	2300000 states explored in 188.93s, with 6467713 rules fired and 1101513 states in the queue.
	2400000 states explored in 195.61s, with 6698439 rules fired and 1162286 states in the queue.
	2500000 states explored in 202.50s, with 6934252 rules fired and 1220665 states in the queue.
	2600000 states explored in 209.14s, with 7176374 rules fired and 1283603 states in the queue.
	2700000 states explored in 216.47s, with 7436130 rules fired and 1340002 states in the queue.
	2800000 states explored in 224.09s, with 7706436 rules fired and 1393223 states in the queue.
	2900000 states explored in 232.42s, with 8016900 rules fired and 1441658 states in the queue.
	3000000 states explored in 239.52s, with 8269671 rules fired and 1499397 states in the queue.
	3100000 states explored in 246.58s, with 8520104 rules fired and 1557783 states in the queue.
	3200000 states explored in 254.09s, with 8782830 rules fired and 1611623 states in the queue.
	3300000 states explored in 263.83s, with 9162867 rules fired and 1651139 states in the queue.

Error:

	Internal Error: Too many active states.



