This program should be regarded as a DEBUGGING aid, not as a 
certifier of correctness.
Call with the -l flag or read the license file for terms
and conditions of use.
Run this program with "-h" for the list of options.

Bugs, questions, and comments should be directed to
"melatti@di.uniroma1.it".

CMurphi compiler last modified date: May 21 2024
Include files last modified date:    Jul 23 2021
==========================================================================

==========================================================================
Caching Murphi Release 5.5.0
Finite-state Concurrent System Verifier.

Caching Murphi Release 5.5.0 is based on various versions of Murphi.
Caching Murphi Release 5.5.0 :
Copyright (C) 2009-2012 by Sapienza University of Rome.
Murphi release 3.1 :
Copyright (C) 1992 - 1999 by the Board of Trustees of
Leland Stanford Junior University.

==========================================================================

Protocol: ./protocols/exec/Godsont_node8/Godsont_node8_inv138
===========================================
  You are using EDMC algorithm.  
===========================================

===== Startstates are generated! =====
Carelist Layer 0: node[1].cache[0].state node[2].cache[0].state node[3].cache[0].state node[4].cache[0].state node[5].cache[0].state node[6].cache[0].state node[7].cache[0].state node[8].cache[0].state 
Carelist Layer 1: node[node].inchan[node].msg.addr node[node].inchan[node].msg.source node[node].inchan[node].valid node[node].home_requests[node].status node[node].inchan[node].msg.op node[node].remote_requests[node].status node[node].remote_requests[node].op 
Carelist Layer 2: node[node].outchan[node].msg.dest node[node].outchan[node].valid node[node].home_requests[node].source 
Carelist Layer 3: node[node].home_requests[node].invalidate_list[node] node[node].local_requests[node] node[node].cache[node].state 
Attr: node[node].cache[node].state Level: 3 Wi: 2
Attr: node[node].home_requests[node].source Level: 2 Wi: 4
Attr: node[node].home_requests[node].invalidate_list[node] Level: 3 Wi: 2
Attr: node[5].cache[0].state Level: 0 Wi: 16
Attr: node[4].cache[0].state Level: 0 Wi: 16
Attr: node[6].cache[0].state Level: 0 Wi: 16
Attr: node[node].home_requests[node].status Level: 1 Wi: 8
Attr: node[1].cache[0].state Level: 0 Wi: 16
Attr: node[node].inchan[node].msg.op Level: 1 Wi: 8
Attr: node[3].cache[0].state Level: 0 Wi: 16
Attr: node[7].cache[0].state Level: 0 Wi: 16
Attr: node[node].inchan[node].valid Level: 1 Wi: 8
Attr: node[node].local_requests[node] Level: 3 Wi: 2
Attr: node[8].cache[0].state Level: 0 Wi: 16
Attr: node[node].inchan[node].msg.source Level: 1 Wi: 8
Attr: node[node].outchan[node].valid Level: 2 Wi: 4
Attr: node[2].cache[0].state Level: 0 Wi: 16
Attr: node[node].inchan[node].msg.addr Level: 1 Wi: 8
Attr: node[node].remote_requests[node].status Level: 1 Wi: 8
Attr: node[node].remote_requests[node].op Level: 1 Wi: 8
Attr: node[node].outchan[node].msg.dest Level: 2 Wi: 4

===== Init heuristics! =====

Progress Report:

	100000 states explored in 9.72s, with 220404 rules fired and 48006 states in the queue.
	200000 states explored in 15.84s, with 408253 rules fired and 109549 states in the queue.
	300000 states explored in 21.89s, with 596086 rules fired and 172318 states in the queue.
	400000 states explored in 28.49s, with 782304 rules fired and 226843 states in the queue.
	500000 states explored in 34.60s, with 973345 rules fired and 289204 states in the queue.
	600000 states explored in 40.89s, with 1153928 rules fired and 347424 states in the queue.
	700000 states explored in 47.59s, with 1358394 rules fired and 403534 states in the queue.
	800000 states explored in 53.26s, with 1522463 rules fired and 468247 states in the queue.
	900000 states explored in 58.02s, with 1668912 rules fired and 543446 states in the queue.
	1000000 states explored in 63.23s, with 1830656 rules fired and 614501 states in the queue.
	1100000 states explored in 68.40s, with 2009405 rules fired and 688769 states in the queue.
	1200000 states explored in 73.90s, with 2185514 rules fired and 757859 states in the queue.
	1300000 states explored in 79.48s, with 2361509 rules fired and 825603 states in the queue.
	1400000 states explored in 84.85s, with 2532690 rules fired and 895869 states in the queue.
	1500000 states explored in 89.70s, with 2683823 rules fired and 970597 states in the queue.
	1600000 states explored in 94.96s, with 2846369 rules fired and 1040938 states in the queue.
	1700000 states explored in 100.62s, with 3028150 rules fired and 1108541 states in the queue.
	1800000 states explored in 106.74s, with 3205088 rules fired and 1168752 states in the queue.
	1900000 states explored in 113.21s, with 3394814 rules fired and 1225711 states in the queue.
	2000000 states explored in 119.63s, with 3584468 rules fired and 1283312 states in the queue.
	2100000 states explored in 125.57s, with 3761754 rules fired and 1346155 states in the queue.
	2200000 states explored in 131.17s, with 3933786 rules fired and 1413224 states in the queue.
	2300000 states explored in 137.68s, with 4123740 rules fired and 1469669 states in the queue.
	2400000 states explored in 144.48s, with 4333559 rules fired and 1525069 states in the queue.
	2500000 states explored in 150.19s, with 4511257 rules fired and 1591448 states in the queue.

Error:

	Internal Error: Too many active states.



