This program should be regarded as a DEBUGGING aid, not as a 
certifier of correctness.
Call with the -l flag or read the license file for terms
and conditions of use.
Run this program with "-h" for the list of options.

Bugs, questions, and comments should be directed to
"melatti@di.uniroma1.it".

CMurphi compiler last modified date: May 21 2024
Include files last modified date:    Jul 23 2021
==========================================================================

==========================================================================
Caching Murphi Release 5.5.0
Finite-state Concurrent System Verifier.

Caching Murphi Release 5.5.0 is based on various versions of Murphi.
Caching Murphi Release 5.5.0 :
Copyright (C) 2009-2012 by Sapienza University of Rome.
Murphi release 3.1 :
Copyright (C) 1992 - 1999 by the Board of Trustees of
Leland Stanford Junior University.

==========================================================================

Protocol: ./protocols/exec/Godsont_node8/Godsont_node8_inv86
===========================================
  You are using EDMC algorithm.  
===========================================

===== Startstates are generated! =====
Carelist Layer 0: node[1].cache[0].state node[2].cache[0].state node[3].cache[0].state node[4].cache[0].state node[5].cache[0].state node[6].cache[0].state node[7].cache[0].state node[8].cache[0].state 
Carelist Layer 1: node[node].inchan[node].msg.addr node[node].inchan[node].msg.source node[node].inchan[node].valid node[node].home_requests[node].status node[node].inchan[node].msg.op node[node].remote_requests[node].status node[node].remote_requests[node].op 
Carelist Layer 2: node[node].outchan[node].msg.dest node[node].outchan[node].valid node[node].home_requests[node].source 
Carelist Layer 3: node[node].home_requests[node].invalidate_list[node] node[node].local_requests[node] node[node].cache[node].state 
Attr: node[node].cache[node].state Level: 3 Wi: 2
Attr: node[node].home_requests[node].source Level: 2 Wi: 4
Attr: node[node].home_requests[node].invalidate_list[node] Level: 3 Wi: 2
Attr: node[5].cache[0].state Level: 0 Wi: 16
Attr: node[4].cache[0].state Level: 0 Wi: 16
Attr: node[6].cache[0].state Level: 0 Wi: 16
Attr: node[node].home_requests[node].status Level: 1 Wi: 8
Attr: node[1].cache[0].state Level: 0 Wi: 16
Attr: node[node].inchan[node].msg.op Level: 1 Wi: 8
Attr: node[3].cache[0].state Level: 0 Wi: 16
Attr: node[7].cache[0].state Level: 0 Wi: 16
Attr: node[node].inchan[node].valid Level: 1 Wi: 8
Attr: node[node].local_requests[node] Level: 3 Wi: 2
Attr: node[8].cache[0].state Level: 0 Wi: 16
Attr: node[node].inchan[node].msg.source Level: 1 Wi: 8
Attr: node[node].outchan[node].valid Level: 2 Wi: 4
Attr: node[2].cache[0].state Level: 0 Wi: 16
Attr: node[node].inchan[node].msg.addr Level: 1 Wi: 8
Attr: node[node].remote_requests[node].status Level: 1 Wi: 8
Attr: node[node].remote_requests[node].op Level: 1 Wi: 8
Attr: node[node].outchan[node].msg.dest Level: 2 Wi: 4

===== Init heuristics! =====

Progress Report:

	100000 states explored in 13.22s, with 276808 rules fired and 29399 states in the queue.
	200000 states explored in 23.31s, with 609951 rules fired and 58550 states in the queue.
	300000 states explored in 33.36s, with 958968 rules fired and 90919 states in the queue.
	400000 states explored in 43.80s, with 1273836 rules fired and 112418 states in the queue.
	500000 states explored in 58.83s, with 1785818 rules fired and 99316 states in the queue.
	600000 states explored in 74.82s, with 2370745 rules fired and 83934 states in the queue.
	700000 states explored in 84.62s, with 2674201 rules fired and 111666 states in the queue.
	800000 states explored in 94.43s, with 2997530 rules fired and 143262 states in the queue.
	900000 states explored in 105.22s, with 3365969 rules fired and 168892 states in the queue.
	1000000 states explored in 118.32s, with 3794506 rules fired and 170794 states in the queue.
	1100000 states explored in 132.68s, with 4282129 rules fired and 164502 states in the queue.
	1200000 states explored in 146.15s, with 4745432 rules fired and 166663 states in the queue.
	1300000 states explored in 155.71s, with 5020223 rules fired and 193338 states in the queue.
	1400000 states explored in 165.84s, with 5358067 rules fired and 222423 states in the queue.
	1500000 states explored in 177.62s, with 5758407 rules fired and 238054 states in the queue.
	1600000 states explored in 189.35s, with 6159748 rules fired and 254561 states in the queue.
	1700000 states explored in 202.44s, with 6600877 rules fired and 257711 states in the queue.
	1800000 states explored in 212.66s, with 6923326 rules fired and 282717 states in the queue.
	1900000 states explored in 222.47s, with 7259139 rules fired and 315429 states in the queue.
	2000000 states explored in 233.39s, with 7620334 rules fired and 336343 states in the queue.
	2100000 states explored in 244.35s, with 7952679 rules fired and 352805 states in the queue.
	2200000 states explored in 257.80s, with 8411395 rules fired and 354128 states in the queue.
	2300000 states explored in 272.00s, with 8909465 rules fired and 351089 states in the queue.
	2400000 states explored in 284.73s, with 9350634 rules fired and 359026 states in the queue.
	2500000 states explored in 294.75s, with 9681184 rules fired and 387658 states in the queue.
	2600000 states explored in 305.00s, with 10021145 rules fired and 414902 states in the queue.
	2700000 states explored in 317.46s, with 10449481 rules fired and 425403 states in the queue.
	2800000 states explored in 332.25s, with 10945439 rules fired and 413009 states in the queue.
	2900000 states explored in 345.95s, with 11414111 rules fired and 411879 states in the queue.
	3000000 states explored in 354.28s, with 11682500 rules fired and 455363 states in the queue.
	3100000 states explored in 363.60s, with 11990958 rules fired and 490731 states in the queue.
	3200000 states explored in 374.21s, with 12397196 rules fired and 523290 states in the queue.
	3300000 states explored in 382.18s, with 12672537 rules fired and 573078 states in the queue.
	3400000 states explored in 389.86s, with 12925206 rules fired and 623484 states in the queue.
	3500000 states explored in 398.39s, with 13224225 rules fired and 669081 states in the queue.
	3600000 states explored in 406.66s, with 13526104 rules fired and 718851 states in the queue.
	3700000 states explored in 416.33s, with 13880077 rules fired and 756739 states in the queue.
	3800000 states explored in 427.13s, with 14269052 rules fired and 783692 states in the queue.
	3900000 states explored in 438.49s, with 14715723 rules fired and 812036 states in the queue.
	4000000 states explored in 450.13s, with 15187233 rules fired and 839868 states in the queue.
	4100000 states explored in 462.29s, with 15670365 rules fired and 862048 states in the queue.
	4200000 states explored in 471.43s, with 16001652 rules fired and 903989 states in the queue.
	4300000 states explored in 481.76s, with 16424692 rules fired and 943658 states in the queue.
	4400000 states explored in 493.20s, with 16878872 rules fired and 971856 states in the queue.
	4500000 states explored in 504.94s, with 17344287 rules fired and 997481 states in the queue.
	4600000 states explored in 513.68s, with 17658861 rules fired and 1042691 states in the queue.
	4700000 states explored in 521.50s, with 17941742 rules fired and 1096250 states in the queue.
	4800000 states explored in 531.13s, with 18265190 rules fired and 1129891 states in the queue.
	4900000 states explored in 542.12s, with 18658601 rules fired and 1155078 states in the queue.
	5000000 states explored in 553.41s, with 19065344 rules fired and 1177957 states in the queue.
	5100000 states explored in 564.18s, with 19456827 rules fired and 1206182 states in the queue.
	5200000 states explored in 574.97s, with 19844165 rules fired and 1233447 states in the queue.
	5300000 states explored in 585.31s, with 20237199 rules fired and 1268089 states in the queue.
	5400000 states explored in 596.31s, with 20663992 rules fired and 1298755 states in the queue.
	5500000 states explored in 607.75s, with 21084560 rules fired and 1321587 states in the queue.
	5600000 states explored in 618.79s, with 21529082 rules fired and 1354414 states in the queue.
	5700000 states explored in 629.78s, with 21947529 rules fired and 1383858 states in the queue.
	5800000 states explored in 640.69s, with 22362211 rules fired and 1413793 states in the queue.
	5900000 states explored in 652.70s, with 22855343 rules fired and 1440551 states in the queue.
	6000000 states explored in 664.19s, with 23338889 rules fired and 1473343 states in the queue.
	6100000 states explored in 675.19s, with 23794274 rules fired and 1509101 states in the queue.
	6200000 states explored in 688.29s, with 24345753 rules fired and 1529626 states in the queue.
	6300000 states explored in 696.40s, with 24620963 rules fired and 1578934 states in the queue.
	6400000 states explored in 705.20s, with 24921177 rules fired and 1622187 states in the queue.
	6500000 states explored in 715.44s, with 25272339 rules fired and 1653041 states in the queue.

Error:

	Internal Error: Too many active states.



