This program should be regarded as a DEBUGGING aid, not as a 
certifier of correctness.
Call with the -l flag or read the license file for terms
and conditions of use.
Run this program with "-h" for the list of options.

Bugs, questions, and comments should be directed to
"melatti@di.uniroma1.it".

CMurphi compiler last modified date: May 21 2024
Include files last modified date:    Jul 23 2021
==========================================================================

==========================================================================
Caching Murphi Release 5.5.0
Finite-state Concurrent System Verifier.

Caching Murphi Release 5.5.0 is based on various versions of Murphi.
Caching Murphi Release 5.5.0 :
Copyright (C) 2009-2012 by Sapienza University of Rome.
Murphi release 3.1 :
Copyright (C) 1992 - 1999 by the Board of Trustees of
Leland Stanford Junior University.

==========================================================================

Protocol: ./protocols/exec/Godsont_node8/Godsont_node8_inv13
===========================================
  You are using EDMC algorithm.  
===========================================

===== Startstates are generated! =====
Carelist Layer 0: node[1].cache[0].state node[2].cache[0].state node[3].cache[0].state node[4].cache[0].state node[5].cache[0].state node[6].cache[0].state node[7].cache[0].state node[8].cache[0].state 
Carelist Layer 1: node[node].inchan[node].msg.addr node[node].inchan[node].msg.source node[node].inchan[node].valid node[node].home_requests[node].status node[node].inchan[node].msg.op node[node].remote_requests[node].status node[node].remote_requests[node].op 
Carelist Layer 2: node[node].outchan[node].msg.dest node[node].outchan[node].valid node[node].home_requests[node].source 
Carelist Layer 3: node[node].home_requests[node].invalidate_list[node] node[node].local_requests[node] node[node].cache[node].state 
Attr: node[node].cache[node].state Level: 3 Wi: 2
Attr: node[node].home_requests[node].source Level: 2 Wi: 4
Attr: node[node].home_requests[node].invalidate_list[node] Level: 3 Wi: 2
Attr: node[5].cache[0].state Level: 0 Wi: 16
Attr: node[4].cache[0].state Level: 0 Wi: 16
Attr: node[6].cache[0].state Level: 0 Wi: 16
Attr: node[node].home_requests[node].status Level: 1 Wi: 8
Attr: node[1].cache[0].state Level: 0 Wi: 16
Attr: node[node].inchan[node].msg.op Level: 1 Wi: 8
Attr: node[3].cache[0].state Level: 0 Wi: 16
Attr: node[7].cache[0].state Level: 0 Wi: 16
Attr: node[node].inchan[node].valid Level: 1 Wi: 8
Attr: node[node].local_requests[node] Level: 3 Wi: 2
Attr: node[8].cache[0].state Level: 0 Wi: 16
Attr: node[node].inchan[node].msg.source Level: 1 Wi: 8
Attr: node[node].outchan[node].valid Level: 2 Wi: 4
Attr: node[2].cache[0].state Level: 0 Wi: 16
Attr: node[node].inchan[node].msg.addr Level: 1 Wi: 8
Attr: node[node].remote_requests[node].status Level: 1 Wi: 8
Attr: node[node].remote_requests[node].op Level: 1 Wi: 8
Attr: node[node].outchan[node].msg.dest Level: 2 Wi: 4

===== Init heuristics! =====

Progress Report:

	100000 states explored in 7.50s, with 148221 rules fired and 76064 states in the queue.
	200000 states explored in 12.57s, with 314300 rules fired and 150114 states in the queue.
	300000 states explored in 17.56s, with 465438 rules fired and 222710 states in the queue.
	400000 states explored in 23.43s, with 643510 rules fired and 286877 states in the queue.
	500000 states explored in 29.03s, with 832252 rules fired and 356303 states in the queue.
	600000 states explored in 34.97s, with 1016614 rules fired and 420185 states in the queue.
	700000 states explored in 40.77s, with 1201072 rules fired and 486311 states in the queue.
	800000 states explored in 50.21s, with 1500990 rules fired and 517126 states in the queue.
	900000 states explored in 58.76s, with 1792808 rules fired and 559664 states in the queue.
	1000000 states explored in 63.64s, with 1968152 rules fired and 637485 states in the queue.
	1100000 states explored in 69.02s, with 2162366 rules fired and 711082 states in the queue.
	1200000 states explored in 74.63s, with 2350600 rules fired and 780362 states in the queue.
	1300000 states explored in 79.75s, with 2536968 rules fired and 856659 states in the queue.
	1400000 states explored in 86.05s, with 2745651 rules fired and 918893 states in the queue.
	1500000 states explored in 91.82s, with 2950387 rules fired and 988514 states in the queue.
	1600000 states explored in 101.69s, with 3254746 rules fired and 1013445 states in the queue.
	1700000 states explored in 110.24s, with 3475903 rules fired and 1045313 states in the queue.
	1800000 states explored in 117.10s, with 3670586 rules fired and 1097090 states in the queue.
	1900000 states explored in 122.91s, with 3856586 rules fired and 1162961 states in the queue.
	2000000 states explored in 129.39s, with 4066240 rules fired and 1222917 states in the queue.
	2100000 states explored in 135.74s, with 4278811 rules fired and 1284999 states in the queue.
	2200000 states explored in 142.46s, with 4511453 rules fired and 1344607 states in the queue.
	2300000 states explored in 148.53s, with 4712408 rules fired and 1409230 states in the queue.
	2400000 states explored in 154.05s, with 4893618 rules fired and 1479009 states in the queue.
	2500000 states explored in 160.17s, with 5096362 rules fired and 1543066 states in the queue.
	2600000 states explored in 165.94s, with 5293676 rules fired and 1611404 states in the queue.

Error:

	Internal Error: Too many active states.



