This program should be regarded as a DEBUGGING aid, not as a 
certifier of correctness.
Call with the -l flag or read the license file for terms
and conditions of use.
Run this program with "-h" for the list of options.

Bugs, questions, and comments should be directed to
"melatti@di.uniroma1.it".

CMurphi compiler last modified date: Apr 10 2024
Include files last modified date:    Jul 23 2021
==========================================================================

==========================================================================
Caching Murphi Release 5.5.0
Finite-state Concurrent System Verifier.

Caching Murphi Release 5.5.0 is based on various versions of Murphi.
Caching Murphi Release 5.5.0 :
Copyright (C) 2009-2012 by Sapienza University of Rome.
Murphi release 3.1 :
Copyright (C) 1992 - 1999 by the Board of Trustees of
Leland Stanford Junior University.

==========================================================================

Protocol: ./protocols/exec/TL-C_NonIn_M_data/TL-C_NonIn_M_data_inv13
===========================================
  You are using LS algorithm.  
===========================================

===== Startstates are generated! =====
Carelist Layer 0: Tree[1].cache[1].state Tree[2].cache[1].state Tree[3].cache[1].state Tree[4].cache[1].state Tree[5].cache[1].state Tree[6].cache[1].state Tree[7].cache[1].state 
Attr: Tree[7].cache[1].state Level: 2 Wi: 2
Attr: Tree[1].cache[1].state Level: 0 Wi: 8
Attr: Tree[3].cache[1].state Level: 1 Wi: 4
Attr: Tree[4].cache[1].state Level: 2 Wi: 2
Attr: Tree[5].cache[1].state Level: 2 Wi: 2
Attr: Tree[2].cache[1].state Level: 1 Wi: 4
Attr: Tree[6].cache[1].state Level: 2 Wi: 2

===== Init heuristics! =====

Progress Report:

	100000 states explored in 49.72s, with 427084 rules fired and 64994 states in the queue.
	200000 states explored in 58.72s, with 878731 rules fired and 127930 states in the queue.
	300000 states explored in 66.97s, with 1292484 rules fired and 194614 states in the queue.
	400000 states explored in 76.48s, with 1813912 rules fired and 251463 states in the queue.
	500000 states explored in 83.26s, with 2186482 rules fired and 321468 states in the queue.
	600000 states explored in 90.60s, with 2653770 rules fired and 383691 states in the queue.
	700000 states explored in 96.47s, with 3107182 rules fired and 446046 states in the queue.
	800000 states explored in 103.12s, with 3589062 rules fired and 506308 states in the queue.
	900000 states explored in 108.26s, with 3983031 rules fired and 574344 states in the queue.
	1000000 states explored in 113.10s, with 4352079 rules fired and 644918 states in the queue.
	1100000 states explored in 118.52s, with 4765918 rules fired and 711059 states in the queue.
	1200000 states explored in 124.39s, with 5219480 rules fired and 773917 states in the queue.
	1300000 states explored in 129.77s, with 5629118 rules fired and 839963 states in the queue.
	1400000 states explored in 135.94s, with 6102184 rules fired and 900752 states in the queue.
	1500000 states explored in 142.22s, with 6582975 rules fired and 960632 states in the queue.
	1600000 states explored in 148.09s, with 7027770 rules fired and 1023734 states in the queue.
	1700000 states explored in 153.42s, with 7432885 rules fired and 1091123 states in the queue.
	1800000 states explored in 158.40s, with 7813682 rules fired and 1161023 states in the queue.
	1900000 states explored in 163.29s, with 8176749 rules fired and 1232219 states in the queue.
	2000000 states explored in 170.38s, with 8554544 rules fired and 1302200 states in the queue.
	2100000 states explored in 177.30s, with 8926867 rules fired and 1372698 states in the queue.
	2200000 states explored in 185.19s, with 9344328 rules fired and 1438201 states in the queue.
	2300000 states explored in 193.00s, with 9753919 rules fired and 1503767 states in the queue.
	2400000 states explored in 200.61s, with 10156635 rules fired and 1570569 states in the queue.
	2500000 states explored in 208.46s, with 10577017 rules fired and 1636498 states in the queue.
	2600000 states explored in 216.49s, with 11004262 rules fired and 1701512 states in the queue.
	2700000 states explored in 224.14s, with 11404689 rules fired and 1768068 states in the queue.
	2800000 states explored in 232.65s, with 11854476 rules fired and 1830668 states in the queue.
	2900000 states explored in 239.48s, with 12208633 rules fired and 1901234 states in the queue.
	3000000 states explored in 247.35s, with 12624666 rules fired and 1967008 states in the queue.
	3100000 states explored in 254.92s, with 13018572 rules fired and 2033989 states in the queue.
	3200000 states explored in 262.83s, with 13428044 rules fired and 2099663 states in the queue.
	3300000 states explored in 269.95s, with 13804944 rules fired and 2169696 states in the queue.
	3400000 states explored in 277.19s, with 14188713 rules fired and 2239245 states in the queue.
	3500000 states explored in 284.57s, with 14579318 rules fired and 2307995 states in the queue.
	3600000 states explored in 291.64s, with 14958144 rules fired and 2378104 states in the queue.
	3700000 states explored in 298.82s, with 15338206 rules fired and 2447704 states in the queue.
	3800000 states explored in 306.16s, with 15726964 rules fired and 2516654 states in the queue.
	3900000 states explored in 313.50s, with 16118561 rules fired and 2585577 states in the queue.
	4000000 states explored in 321.09s, with 16530053 rules fired and 2653521 states in the queue.
	4100000 states explored in 328.82s, with 16945440 rules fired and 2720783 states in the queue.
	4200000 states explored in 336.07s, with 17330198 rules fired and 2790136 states in the queue.
	4300000 states explored in 343.65s, with 17731145 rules fired and 2857655 states in the queue.
	4400000 states explored in 351.74s, with 18164290 rules fired and 2923023 states in the queue.
	4500000 states explored in 359.26s, with 18558121 rules fired and 2990322 states in the queue.
	4600000 states explored in 366.79s, with 18947376 rules fired and 3057886 states in the queue.
	4700000 states explored in 375.18s, with 19390240 rules fired and 3121503 states in the queue.
	4800000 states explored in 383.75s, with 19838762 rules fired and 3184397 states in the queue.
	4900000 states explored in 392.15s, with 20284019 rules fired and 3247837 states in the queue.
	5000000 states explored in 399.69s, with 20673327 rules fired and 3315327 states in the queue.
	5100000 states explored in 407.64s, with 21089473 rules fired and 3380970 states in the queue.
	5200000 states explored in 415.01s, with 21467277 rules fired and 3449359 states in the queue.
	5300000 states explored in 422.73s, with 21870080 rules fired and 3515940 states in the queue.
	5400000 states explored in 430.77s, with 22287935 rules fired and 3580980 states in the queue.
	5500000 states explored in 438.71s, with 22708440 rules fired and 3646605 states in the queue.
	5600000 states explored in 446.34s, with 23103482 rules fired and 3714092 states in the queue.
	5700000 states explored in 453.55s, with 23475350 rules fired and 3783244 states in the queue.
	5800000 states explored in 461.32s, with 23879602 rules fired and 3849935 states in the queue.
	5900000 states explored in 469.30s, with 24290811 rules fired and 3915466 states in the queue.
	6000000 states explored in 477.26s, with 24712158 rules fired and 3981577 states in the queue.
	6100000 states explored in 485.23s, with 25127806 rules fired and 4047680 states in the queue.
	6200000 states explored in 492.22s, with 25485947 rules fired and 4118043 states in the queue.
	6300000 states explored in 499.72s, with 25869948 rules fired and 4185905 states in the queue.
	6400000 states explored in 507.73s, with 26299081 rules fired and 4252309 states in the queue.
	6500000 states explored in 514.88s, with 26677461 rules fired and 4322368 states in the queue.
	6600000 states explored in 522.34s, with 27069674 rules fired and 4391261 states in the queue.
	6700000 states explored in 529.90s, with 27468272 rules fired and 4459706 states in the queue.
	6800000 states explored in 537.54s, with 27874098 rules fired and 4527814 states in the queue.
	6900000 states explored in 545.00s, with 28265435 rules fired and 4596595 states in the queue.
	7000000 states explored in 552.72s, with 28673314 rules fired and 4664395 states in the queue.
	7100000 states explored in 560.34s, with 29075180 rules fired and 4732613 states in the queue.
	7200000 states explored in 567.91s, with 29469960 rules fired and 4801438 states in the queue.
	7300000 states explored in 575.71s, with 29878024 rules fired and 4868845 states in the queue.
	7400000 states explored in 583.05s, with 30263593 rules fired and 4938073 states in the queue.
	7500000 states explored in 590.41s, with 30652726 rules fired and 5007411 states in the queue.
	7600000 states explored in 597.91s, with 31046292 rules fired and 5076261 states in the queue.
	7700000 states explored in 605.49s, with 31443617 rules fired and 5144611 states in the queue.
	7800000 states explored in 613.09s, with 31840358 rules fired and 5212764 states in the queue.
	7900000 states explored in 620.68s, with 32240859 rules fired and 5280987 states in the queue.
	8000000 states explored in 628.69s, with 32662970 rules fired and 5347544 states in the queue.
	8100000 states explored in 636.34s, with 33064888 rules fired and 5415587 states in the queue.
	8200000 states explored in 643.99s, with 33465579 rules fired and 5483618 states in the queue.
	8300000 states explored in 651.72s, with 33872291 rules fired and 5551166 states in the queue.
	8400000 states explored in 659.83s, with 34301541 rules fired and 5617353 states in the queue.
	8500000 states explored in 667.72s, with 34707493 rules fired and 5684176 states in the queue.
	8600000 states explored in 675.17s, with 35085192 rules fired and 5752596 states in the queue.
	8700000 states explored in 682.73s, with 35469034 rules fired and 5820679 states in the queue.
	8800000 states explored in 690.91s, with 35888117 rules fired and 5886153 states in the queue.
	8900000 states explored in 699.24s, with 36327386 rules fired and 5950559 states in the queue.
	9000000 states explored in 708.27s, with 36802648 rules fired and 6011964 states in the queue.
	9100000 states explored in 716.00s, with 37193173 rules fired and 6078914 states in the queue.
	9200000 states explored in 723.60s, with 37594787 rules fired and 6146156 states in the queue.
	9300000 states explored in 730.70s, with 37974056 rules fired and 6214209 states in the queue.
	9400000 states explored in 738.20s, with 38376221 rules fired and 6280558 states in the queue.
	9500000 states explored in 745.70s, with 38781990 rules fired and 6346861 states in the queue.
	9600000 states explored in 753.50s, with 39211438 rules fired and 6411826 states in the queue.
	9700000 states explored in 761.02s, with 39619764 rules fired and 6478339 states in the queue.
	9800000 states explored in 768.61s, with 40037294 rules fired and 6544595 states in the queue.
	9900000 states explored in 776.28s, with 40451095 rules fired and 6610100 states in the queue.
	10000000 states explored in 783.22s, with 40821962 rules fired and 6679111 states in the queue.
	10100000 states explored in 791.04s, with 41249541 rules fired and 6744680 states in the queue.
	10200000 states explored in 798.11s, with 41628675 rules fired and 6812988 states in the queue.
	10300000 states explored in 805.64s, with 42033961 rules fired and 6879818 states in the queue.
	10400000 states explored in 812.67s, with 42409064 rules fired and 6948655 states in the queue.
	10500000 states explored in 820.40s, with 42830668 rules fired and 7014453 states in the queue.
	10600000 states explored in 828.07s, with 43240058 rules fired and 7080679 states in the queue.
	10700000 states explored in 835.91s, with 43665402 rules fired and 7145544 states in the queue.
	10800000 states explored in 842.89s, with 44042424 rules fired and 7214297 states in the queue.
	10900000 states explored in 849.77s, with 44408525 rules fired and 7283784 states in the queue.
	11000000 states explored in 857.27s, with 44815643 rules fired and 7350752 states in the queue.
	11100000 states explored in 865.04s, with 45230528 rules fired and 7416645 states in the queue.
	11200000 states explored in 872.45s, with 45630118 rules fired and 7483240 states in the queue.
	11300000 states explored in 879.62s, with 46012255 rules fired and 7551486 states in the queue.
	11400000 states explored in 886.70s, with 46392000 rules fired and 7620371 states in the queue.
	11500000 states explored in 894.54s, with 46817389 rules fired and 7685792 states in the queue.
	11600000 states explored in 902.01s, with 47223657 rules fired and 7752371 states in the queue.
	11700000 states explored in 909.68s, with 47635586 rules fired and 7818131 states in the queue.
	11800000 states explored in 917.53s, with 48057780 rules fired and 7883639 states in the queue.
	11900000 states explored in 926.07s, with 48530434 rules fired and 7946493 states in the queue.
	12000000 states explored in 933.64s, with 48943749 rules fired and 8012872 states in the queue.
	12100000 states explored in 941.21s, with 49354659 rules fired and 8079066 states in the queue.
	12200000 states explored in 947.95s, with 49711234 rules fired and 8149366 states in the queue.
	12300000 states explored in 955.79s, with 50138383 rules fired and 8214670 states in the queue.
	12400000 states explored in 963.57s, with 50560946 rules fired and 8279979 states in the queue.
	12500000 states explored in 971.60s, with 51005502 rules fired and 8344495 states in the queue.
	12600000 states explored in 978.58s, with 51380917 rules fired and 8414020 states in the queue.
	12700000 states explored in 985.89s, with 51779435 rules fired and 8482639 states in the queue.
	12800000 states explored in 993.28s, with 52181139 rules fired and 8550674 states in the queue.
	12900000 states explored in 1000.57s, with 52583101 rules fired and 8619210 states in the queue.
	13000000 states explored in 1008.07s, with 52990314 rules fired and 8686590 states in the queue.
	13100000 states explored in 1015.42s, with 53392287 rules fired and 8754964 states in the queue.
	13200000 states explored in 1022.88s, with 53801631 rules fired and 8822899 states in the queue.
	13300000 states explored in 1030.28s, with 54207308 rules fired and 8890823 states in the queue.
	13400000 states explored in 1037.62s, with 54611728 rules fired and 8958953 states in the queue.
	13500000 states explored in 1045.40s, with 55038119 rules fired and 9025299 states in the queue.
	13600000 states explored in 1053.08s, with 55459399 rules fired and 9092202 states in the queue.
	13700000 states explored in 1060.79s, with 55882812 rules fired and 9158890 states in the queue.
	13800000 states explored in 1068.43s, with 56300808 rules fired and 9225639 states in the queue.
	13900000 states explored in 1075.71s, with 56699073 rules fired and 9293993 states in the queue.
	14000000 states explored in 1082.83s, with 57084485 rules fired and 9363134 states in the queue.
	14100000 states explored in 1090.29s, with 57496938 rules fired and 9430672 states in the queue.
	14200000 states explored in 1098.06s, with 57921545 rules fired and 9497167 states in the queue.
	14300000 states explored in 1105.50s, with 58333911 rules fired and 9565085 states in the queue.
	14400000 states explored in 1112.61s, with 58718971 rules fired and 9634263 states in the queue.
	14500000 states explored in 1120.14s, with 59128768 rules fired and 9701670 states in the queue.
	14600000 states explored in 1127.80s, with 59542045 rules fired and 9768670 states in the queue.
	14700000 states explored in 1135.37s, with 59951244 rules fired and 9836124 states in the queue.
	14800000 states explored in 1142.74s, with 60355124 rules fired and 9904361 states in the queue.
	14900000 states explored in 1150.25s, with 60761253 rules fired and 9972081 states in the queue.
	15000000 states explored in 1158.13s, with 61195320 rules fired and 10037886 states in the queue.
	15100000 states explored in 1165.71s, with 61603106 rules fired and 10105160 states in the queue.
	15200000 states explored in 1173.53s, with 62024210 rules fired and 10171915 states in the queue.
	15300000 states explored in 1181.13s, with 62436005 rules fired and 10239186 states in the queue.
	15400000 states explored in 1188.81s, with 62844739 rules fired and 10306550 states in the queue.
	15500000 states explored in 1196.74s, with 63269033 rules fired and 10372780 states in the queue.
	15600000 states explored in 1204.43s, with 63686290 rules fired and 10439992 states in the queue.
	15700000 states explored in 1212.06s, with 64104296 rules fired and 10507100 states in the queue.
	15800000 states explored in 1219.84s, with 64528797 rules fired and 10573751 states in the queue.
	15900000 states explored in 1227.59s, with 64944216 rules fired and 10640532 states in the queue.
	16000000 states explored in 1235.38s, with 65359352 rules fired and 10707107 states in the queue.
	16100000 states explored in 1243.33s, with 65792356 rules fired and 10773024 states in the queue.
	16200000 states explored in 1250.87s, with 66194659 rules fired and 10840688 states in the queue.
	16300000 states explored in 1258.82s, with 66619196 rules fired and 10906484 states in the queue.
	16400000 states explored in 1266.85s, with 67055869 rules fired and 10971973 states in the queue.
	16500000 states explored in 1274.74s, with 67482023 rules fired and 11038334 states in the queue.
	16600000 states explored in 1282.66s, with 67896905 rules fired and 11104982 states in the queue.
	16700000 states explored in 1291.03s, with 68331423 rules fired and 11170049 states in the queue.
	16800000 states explored in 1299.52s, with 68787931 rules fired and 11234550 states in the queue.
	16900000 states explored in 1308.28s, with 69248367 rules fired and 11297127 states in the queue.
	17000000 states explored in 1316.96s, with 69715333 rules fired and 11360257 states in the queue.
	17100000 states explored in 1324.19s, with 70082164 rules fired and 11429737 states in the queue.
	17200000 states explored in 1332.22s, with 70499651 rules fired and 11494857 states in the queue.
	17300000 states explored in 1340.01s, with 70916859 rules fired and 11561413 states in the queue.
	17400000 states explored in 1347.77s, with 71320106 rules fired and 11627675 states in the queue.
	17500000 states explored in 1354.95s, with 71685641 rules fired and 11697170 states in the queue.
	17600000 states explored in 1362.66s, with 72080274 rules fired and 11763969 states in the queue.
	17700000 states explored in 1370.13s, with 72467954 rules fired and 11832227 states in the queue.
	17800000 states explored in 1379.89s, with 72952107 rules fired and 11893972 states in the queue.
	17900000 states explored in 1388.22s, with 73349112 rules fired and 11961083 states in the queue.
	18000000 states explored in 1395.99s, with 73722454 rules fired and 12030401 states in the queue.
	18100000 states explored in 1403.40s, with 74076967 rules fired and 12100853 states in the queue.
	18200000 states explored in 1411.28s, with 74448628 rules fired and 12169576 states in the queue.
	18300000 states explored in 1419.31s, with 74838977 rules fired and 12237718 states in the queue.
	18400000 states explored in 1426.49s, with 75246561 rules fired and 12304360 states in the queue.
	18500000 states explored in 1432.22s, with 75657938 rules fired and 12370909 states in the queue.
	18600000 states explored in 1440.93s, with 76109489 rules fired and 12434428 states in the queue.
	18700000 states explored in 1446.60s, with 76504921 rules fired and 12501691 states in the queue.
	18800000 states explored in 1451.97s, with 76883556 rules fired and 12570578 states in the queue.
	18900000 states explored in 1457.73s, with 77282852 rules fired and 12637498 states in the queue.
	19000000 states explored in 1463.50s, with 77676668 rules fired and 12705171 states in the queue.
	19100000 states explored in 1469.02s, with 78064110 rules fired and 12773099 states in the queue.
	19200000 states explored in 1474.58s, with 78452925 rules fired and 12841129 states in the queue.
	19300000 states explored in 1481.22s, with 78936182 rules fired and 12902905 states in the queue.
	19400000 states explored in 1487.17s, with 79358308 rules fired and 12968168 states in the queue.
	19500000 states explored in 1493.44s, with 79803268 rules fired and 13031730 states in the queue.

Error:

	Internal Error: Too many active states.



