This program should be regarded as a DEBUGGING aid, not as a 
certifier of correctness.
Call with the -l flag or read the license file for terms
and conditions of use.
Run this program with "-h" for the list of options.

Bugs, questions, and comments should be directed to
"melatti@di.uniroma1.it".

CMurphi compiler last modified date: Apr 10 2024
Include files last modified date:    Jul 23 2021
==========================================================================

==========================================================================
Caching Murphi Release 5.5.0
Finite-state Concurrent System Verifier.

Caching Murphi Release 5.5.0 is based on various versions of Murphi.
Caching Murphi Release 5.5.0 :
Copyright (C) 2009-2012 by Sapienza University of Rome.
Murphi release 3.1 :
Copyright (C) 1992 - 1999 by the Board of Trustees of
Leland Stanford Junior University.

==========================================================================

Protocol: ./protocols/exec/TL-C_NonIn_S_nodata/TL-C_NonIn_S_nodata_inv138
===========================================
  You are using LS algorithm.  
===========================================

===== Startstates are generated! =====
Carelist Layer 0: Tree[1].cache.state Tree[2].cache.state Tree[3].cache.state Tree[4].cache.state Tree[5].cache.state Tree[6].cache.state Tree[7].cache.state 
Carelist Layer 1: Tree[1].chanA[b].opcode.isundefined Tree[1].chanA[b].opcode Tree[1].chanA[b].para Tree[1].cache.state Tree[1].directory[k Tree[1].directory[b 
Attr: Tree[7].cache.state Level: 2 Wi: 2
Attr: Tree[2].cache.state Level: 1 Wi: 4
Attr: Tree[1].cache.state Level: 0 Wi: 8
Attr: Tree[6].cache.state Level: 2 Wi: 2
Attr: Tree[4].cache.state Level: 2 Wi: 2
Attr: Tree[3].cache.state Level: 1 Wi: 4
Attr: Tree[5].cache.state Level: 2 Wi: 2

===== Init heuristics! =====

Progress Report:

	100000 states explored in 7.61s, with 415621 rules fired and 74672 states in the queue.
	200000 states explored in 13.01s, with 964937 rules fired and 144214 states in the queue.
	300000 states explored in 17.87s, with 1427158 rules fired and 216417 states in the queue.
	400000 states explored in 21.06s, with 1858233 rules fired and 290289 states in the queue.
	500000 states explored in 24.95s, with 2368297 rules fired and 356621 states in the queue.
	600000 states explored in 29.35s, with 2942442 rules fired and 420006 states in the queue.
	700000 states explored in 34.09s, with 3551739 rules fired and 479223 states in the queue.
	800000 states explored in 39.18s, with 4187773 rules fired and 534927 states in the queue.
	900000 states explored in 43.84s, with 4809952 rules fired and 594434 states in the queue.
	1000000 states explored in 49.19s, with 5499148 rules fired and 646551 states in the queue.
	1100000 states explored in 56.39s, with 6192434 rules fired and 698868 states in the queue.
	1200000 states explored in 66.11s, with 7020538 rules fired and 741043 states in the queue.
	1300000 states explored in 72.94s, with 7585178 rules fired and 802805 states in the queue.
	1400000 states explored in 80.17s, with 8196650 rules fired and 864429 states in the queue.
	1500000 states explored in 84.33s, with 8746038 rules fired and 930508 states in the queue.
	1600000 states explored in 88.67s, with 9297795 rules fired and 993469 states in the queue.
	1700000 states explored in 92.55s, with 9797365 rules fired and 1061536 states in the queue.
	1800000 states explored in 98.41s, with 10563898 rules fired and 1108994 states in the queue.
	1900000 states explored in 103.68s, with 11248883 rules fired and 1162793 states in the queue.
	2000000 states explored in 109.74s, with 12027113 rules fired and 1208321 states in the queue.
	2100000 states explored in 116.79s, with 12914783 rules fired and 1244217 states in the queue.
	2200000 states explored in 122.98s, with 13691343 rules fired and 1289143 states in the queue.
	2300000 states explored in 127.31s, with 14267774 rules fired and 1354079 states in the queue.
	2400000 states explored in 131.58s, with 14812617 rules fired and 1418658 states in the queue.
	2500000 states explored in 136.07s, with 15408646 rules fired and 1481872 states in the queue.
	2600000 states explored in 141.01s, with 16068531 rules fired and 1541071 states in the queue.
	2700000 states explored in 147.51s, with 16756803 rules fired and 1602843 states in the queue.
	2800000 states explored in 153.77s, with 17413716 rules fired and 1662926 states in the queue.
	2900000 states explored in 159.81s, with 17989878 rules fired and 1727694 states in the queue.
	3000000 states explored in 164.51s, with 18625140 rules fired and 1791100 states in the queue.
	3100000 states explored in 170.17s, with 19351323 rules fired and 1842039 states in the queue.
	3200000 states explored in 177.87s, with 20088043 rules fired and 1890381 states in the queue.
	3300000 states explored in 186.14s, with 20884675 rules fired and 1942899 states in the queue.
	3400000 states explored in 194.65s, with 21747500 rules fired and 1987144 states in the queue.
	3500000 states explored in 202.68s, with 22689133 rules fired and 2017839 states in the queue.
	3600000 states explored in 207.63s, with 23248105 rules fired and 2081100 states in the queue.
	3700000 states explored in 215.98s, with 24155899 rules fired and 2116599 states in the queue.
	3800000 states explored in 224.02s, with 25125328 rules fired and 2146590 states in the queue.
	3900000 states explored in 237.13s, with 26318738 rules fired and 2154639 states in the queue.
	4000000 states explored in 247.19s, with 27383893 rules fired and 2178111 states in the queue.
	4100000 states explored in 254.21s, with 28283179 rules fired and 2212850 states in the queue.
	4200000 states explored in 258.13s, with 28794620 rules fired and 2280504 states in the queue.
	4300000 states explored in 262.16s, with 29294087 rules fired and 2348236 states in the queue.
	4400000 states explored in 266.31s, with 29838551 rules fired and 2412091 states in the queue.
	4500000 states explored in 270.08s, with 30329942 rules fired and 2480898 states in the queue.
	4600000 states explored in 274.39s, with 30903696 rules fired and 2544248 states in the queue.
	4700000 states explored in 278.73s, with 31475303 rules fired and 2608813 states in the queue.
	4800000 states explored in 283.50s, with 32118342 rules fired and 2669038 states in the queue.
	4900000 states explored in 288.13s, with 32728392 rules fired and 2729364 states in the queue.
	5000000 states explored in 292.58s, with 33318994 rules fired and 2792645 states in the queue.
	5100000 states explored in 297.24s, with 33959581 rules fired and 2854195 states in the queue.
	5200000 states explored in 301.38s, with 34532220 rules fired and 2920370 states in the queue.
	5300000 states explored in 305.12s, with 35054884 rules fired and 2989924 states in the queue.
	5400000 states explored in 308.93s, with 35599251 rules fired and 3059280 states in the queue.
	5500000 states explored in 313.38s, with 36213704 rules fired and 3122138 states in the queue.
	5600000 states explored in 317.80s, with 36827948 rules fired and 3185318 states in the queue.
	5700000 states explored in 322.35s, with 37472438 rules fired and 3249167 states in the queue.
	5800000 states explored in 326.93s, with 38127114 rules fired and 3313523 states in the queue.
	5900000 states explored in 331.59s, with 38806661 rules fired and 3377154 states in the queue.
	6000000 states explored in 335.67s, with 39407440 rules fired and 3445937 states in the queue.
	6100000 states explored in 340.13s, with 40040427 rules fired and 3509684 states in the queue.
	6200000 states explored in 344.74s, with 40692784 rules fired and 3571782 states in the queue.
	6300000 states explored in 349.83s, with 41368479 rules fired and 3633154 states in the queue.
	6400000 states explored in 354.91s, with 41998181 rules fired and 3700908 states in the queue.
	6500000 states explored in 359.44s, with 42691810 rules fired and 3767084 states in the queue.
	6600000 states explored in 364.94s, with 43471562 rules fired and 3819819 states in the queue.

==========================================================================

Result:

	Invariant "test_reachable_state_138" failed.

State Space Explored:

	6627409 states, 43695781 rules fired in 367.21s.

Analysis of State Space:

	There are rules that are never fired.
	If you are running with symmetry, this may be why.  Otherwise,
	please run this program with "-pr" for the rules information.
