This program should be regarded as a DEBUGGING aid, not as a 
certifier of correctness.
Call with the -l flag or read the license file for terms
and conditions of use.
Run this program with "-h" for the list of options.

Bugs, questions, and comments should be directed to
"melatti@di.uniroma1.it".

CMurphi compiler last modified date: Apr 10 2024
Include files last modified date:    Jul 23 2021
==========================================================================

==========================================================================
Caching Murphi Release 5.5.0
Finite-state Concurrent System Verifier.

Caching Murphi Release 5.5.0 is based on various versions of Murphi.
Caching Murphi Release 5.5.0 :
Copyright (C) 2009-2012 by Sapienza University of Rome.
Murphi release 3.1 :
Copyright (C) 1992 - 1999 by the Board of Trustees of
Leland Stanford Junior University.

==========================================================================

Protocol: ./protocols/exec/Flash_node8/Flash_node8_inv245
===========================================
  You are using EDMC algorithm.  
===========================================

===== Startstates are generated! =====
Carelist Layer 0: Sta.Proc[1].CacheState Sta.Proc[2].CacheState Sta.Proc[3].CacheState Sta.Proc[4].CacheState Sta.Proc[5].CacheState Sta.Proc[6].CacheState Sta.Proc[7].CacheState Sta.Proc[8].CacheState 

===== Init heuristics! =====

Progress Report:

	100000 states explored in 7.76s, with 277683 rules fired and 80854 states in the queue.
	200000 states explored in 11.33s, with 547460 rules fired and 161628 states in the queue.
	300000 states explored in 15.26s, with 829653 rules fired and 240678 states in the queue.
	400000 states explored in 19.00s, with 1104721 rules fired and 320707 states in the queue.
	500000 states explored in 25.84s, with 1617838 rules fired and 383600 states in the queue.
	600000 states explored in 28.91s, with 1844647 rules fired and 466812 states in the queue.
	700000 states explored in 31.80s, with 2053486 rules fired and 551043 states in the queue.
	800000 states explored in 35.03s, with 2287943 rules fired and 633552 states in the queue.
	900000 states explored in 38.38s, with 2525953 rules fired and 715584 states in the queue.
	1000000 states explored in 42.01s, with 2780292 rules fired and 795910 states in the queue.
	1100000 states explored in 48.46s, with 3238070 rules fired and 860715 states in the queue.
	1200000 states explored in 52.52s, with 3530125 rules fired and 939023 states in the queue.
	1300000 states explored in 56.10s, with 3786430 rules fired and 1019950 states in the queue.
	1400000 states explored in 60.01s, with 4065560 rules fired and 1098954 states in the queue.
	1500000 states explored in 64.32s, with 4374530 rules fired and 1175921 states in the queue.
	1600000 states explored in 72.62s, with 4971977 rules fired and 1230647 states in the queue.
	1700000 states explored in 81.80s, with 5635069 rules fired and 1280602 states in the queue.
	1800000 states explored in 89.38s, with 6183803 rules fired and 1339419 states in the queue.
	1900000 states explored in 91.96s, with 6366726 rules fired and 1425136 states in the queue.
	2000000 states explored in 94.74s, with 6562387 rules fired and 1509854 states in the queue.
	2100000 states explored in 97.61s, with 6764580 rules fired and 1594211 states in the queue.
	2200000 states explored in 100.46s, with 6967023 rules fired and 1678643 states in the queue.
	2300000 states explored in 103.82s, with 7204867 rules fired and 1760612 states in the queue.
	2400000 states explored in 107.51s, with 7465717 rules fired and 1840683 states in the queue.
	2500000 states explored in 110.65s, with 7687299 rules fired and 1923225 states in the queue.
	2600000 states explored in 113.80s, with 7906996 rules fired and 2005946 states in the queue.
	2700000 states explored in 117.15s, with 8142936 rules fired and 2087607 states in the queue.
	2800000 states explored in 120.51s, with 8379653 rules fired and 2169008 states in the queue.
	2900000 states explored in 124.06s, with 8632977 rules fired and 2249089 states in the queue.
	3000000 states explored in 127.70s, with 8892480 rules fired and 2328923 states in the queue.
	3100000 states explored in 131.24s, with 9145453 rules fired and 2409605 states in the queue.
	3200000 states explored in 134.93s, with 9409031 rules fired and 2488975 states in the queue.
	3300000 states explored in 138.61s, with 9671099 rules fired and 2568673 states in the queue.
	3400000 states explored in 142.36s, with 9938190 rules fired and 2647776 states in the queue.
	3500000 states explored in 146.20s, with 10210573 rules fired and 2726309 states in the queue.
	3600000 states explored in 150.20s, with 10493145 rules fired and 2804259 states in the queue.
	3700000 states explored in 154.54s, with 10798824 rules fired and 2880121 states in the queue.
	3800000 states explored in 159.32s, with 11137068 rules fired and 2953447 states in the queue.
	3900000 states explored in 165.78s, with 11595195 rules fired and 3017387 states in the queue.
	4000000 states explored in 173.38s, with 12136474 rules fired and 3074439 states in the queue.
	4100000 states explored in 182.45s, with 12780519 rules fired and 3123567 states in the queue.
	4200000 states explored in 191.93s, with 13453479 rules fired and 3170982 states in the queue.
	4300000 states explored in 197.73s, with 13860153 rules fired and 3238865 states in the queue.
	4400000 states explored in 203.08s, with 14242719 rules fired and 3309320 states in the queue.
	4500000 states explored in 209.33s, with 14689856 rules fired and 3375607 states in the queue.
	4600000 states explored in 215.59s, with 15139040 rules fired and 3440966 states in the queue.
	4700000 states explored in 220.47s, with 15492032 rules fired and 3513975 states in the queue.
	4800000 states explored in 225.64s, with 15865414 rules fired and 3585077 states in the queue.
	4900000 states explored in 231.09s, with 16260056 rules fired and 3654835 states in the queue.
	5000000 states explored in 237.60s, with 16734206 rules fired and 3718391 states in the queue.
	5100000 states explored in 245.68s, with 17324245 rules fired and 3773328 states in the queue.
	5200000 states explored in 254.27s, with 17953318 rules fired and 3825404 states in the queue.
	5300000 states explored in 264.29s, with 18684993 rules fired and 3869645 states in the queue.
	5400000 states explored in 274.63s, with 19456254 rules fired and 3910287 states in the queue.
	5500000 states explored in 285.62s, with 20315491 rules fired and 3943932 states in the queue.
	5600000 states explored in 288.03s, with 20499588 rules fired and 4029205 states in the queue.
	5700000 states explored in 290.49s, with 20682654 rules fired and 4114049 states in the queue.
	5800000 states explored in 293.10s, with 20876085 rules fired and 4197988 states in the queue.
	5900000 states explored in 295.69s, with 21069554 rules fired and 4282061 states in the queue.
	6000000 states explored in 298.34s, with 21268895 rules fired and 4365966 states in the queue.
	6100000 states explored in 301.02s, with 21469196 rules fired and 4449510 states in the queue.
	6200000 states explored in 303.80s, with 21677543 rules fired and 4532848 states in the queue.
	6300000 states explored in 306.60s, with 21888032 rules fired and 4615796 states in the queue.
	6400000 states explored in 309.40s, with 22099271 rules fired and 4699038 states in the queue.
	6500000 states explored in 312.54s, with 22314525 rules fired and 4781728 states in the queue.
	6600000 states explored in 315.93s, with 22548022 rules fired and 4863183 states in the queue.
	6700000 states explored in 319.27s, with 22775256 rules fired and 4944503 states in the queue.
	6800000 states explored in 322.45s, with 22992200 rules fired and 5026600 states in the queue.
	6900000 states explored in 325.78s, with 23218163 rules fired and 5108134 states in the queue.
	7000000 states explored in 328.63s, with 23417011 rules fired and 5192544 states in the queue.
	7100000 states explored in 331.47s, with 23616150 rules fired and 5277128 states in the queue.
	7200000 states explored in 334.89s, with 23855594 rules fired and 5358435 states in the queue.
	7300000 states explored in 338.55s, with 24111447 rules fired and 5438232 states in the queue.
	7400000 states explored in 342.17s, with 24369804 rules fired and 5517908 states in the queue.
	7500000 states explored in 345.88s, with 24634759 rules fired and 5597123 states in the queue.
	7600000 states explored in 349.78s, with 24915923 rules fired and 5674813 states in the queue.
	7700000 states explored in 353.16s, with 25157808 rules fired and 5755804 states in the queue.
	7800000 states explored in 356.23s, with 25380068 rules fired and 5838693 states in the queue.
	7900000 states explored in 359.56s, with 25619160 rules fired and 5920432 states in the queue.
	8000000 states explored in 362.81s, with 25852238 rules fired and 6002007 states in the queue.
	8100000 states explored in 366.12s, with 26089901 rules fired and 6083067 states in the queue.
	8200000 states explored in 369.31s, with 26317613 rules fired and 6164896 states in the queue.
	8300000 states explored in 372.41s, with 26538983 rules fired and 6247396 states in the queue.
	8400000 states explored in 375.83s, with 26784340 rules fired and 6328129 states in the queue.
	8500000 states explored in 379.25s, with 27028489 rules fired and 6409061 states in the queue.
	8600000 states explored in 382.57s, with 27264347 rules fired and 6490520 states in the queue.
	8700000 states explored in 385.82s, with 27494183 rules fired and 6572112 states in the queue.
	8800000 states explored in 389.11s, with 27729734 rules fired and 6653511 states in the queue.
	8900000 states explored in 392.21s, with 27953986 rules fired and 6735880 states in the queue.
	9000000 states explored in 395.44s, with 28185631 rules fired and 6817854 states in the queue.
	9100000 states explored in 398.84s, with 28431205 rules fired and 6898584 states in the queue.
	9200000 states explored in 402.42s, with 28687904 rules fired and 6978098 states in the queue.
	9300000 states explored in 405.96s, with 28943252 rules fired and 7057814 states in the queue.
	9400000 states explored in 409.62s, with 29205737 rules fired and 7136805 states in the queue.
	9500000 states explored in 413.19s, with 29460400 rules fired and 7216763 states in the queue.
	9600000 states explored in 416.71s, with 29710406 rules fired and 7296814 states in the queue.
	9700000 states explored in 420.22s, with 29960427 rules fired and 7376813 states in the queue.
	9800000 states explored in 424.02s, with 30231937 rules fired and 7455340 states in the queue.
	9900000 states explored in 427.60s, with 30488461 rules fired and 7535045 states in the queue.
	10000000 states explored in 431.31s, with 30756242 rules fired and 7613955 states in the queue.

Error:

	Internal Error: Too many active states.



