This program should be regarded as a DEBUGGING aid, not as a 
certifier of correctness.
Call with the -l flag or read the license file for terms
and conditions of use.
Run this program with "-h" for the list of options.

Bugs, questions, and comments should be directed to
"melatti@di.uniroma1.it".

CMurphi compiler last modified date: Apr 10 2024
Include files last modified date:    Jul 23 2021
==========================================================================

==========================================================================
Caching Murphi Release 5.5.0
Finite-state Concurrent System Verifier.

Caching Murphi Release 5.5.0 is based on various versions of Murphi.
Caching Murphi Release 5.5.0 :
Copyright (C) 2009-2012 by Sapienza University of Rome.
Murphi release 3.1 :
Copyright (C) 1992 - 1999 by the Board of Trustees of
Leland Stanford Junior University.

==========================================================================

Protocol: ./protocols/exec/German_node8/German_node8_inv114
===========================================
  You are using EDMC algorithm.  
===========================================

===== Startstates are generated! =====
Carelist Layer 0: Cache[1].State Cache[2].State Cache[3].State Cache[4].State Cache[5].State Cache[6].State Cache[7].State Cache[8].State 

===== Init heuristics! =====

Progress Report:

	100000 states explored in 6.11s, with 288556 rules fired and 75890 states in the queue.
	200000 states explored in 9.99s, with 673921 rules fired and 142398 states in the queue.
	300000 states explored in 12.55s, with 914686 rules fired and 220860 states in the queue.
	400000 states explored in 17.17s, with 1326980 rules fired and 283698 states in the queue.
	500000 states explored in 22.52s, with 1820893 rules fired and 340185 states in the queue.
	600000 states explored in 24.69s, with 2014723 rules fired and 423148 states in the queue.
	700000 states explored in 27.54s, with 2254539 rules fired and 501689 states in the queue.
	800000 states explored in 30.39s, with 2533717 rules fired and 576167 states in the queue.
	900000 states explored in 34.91s, with 2897803 rules fired and 641250 states in the queue.
	1000000 states explored in 41.88s, with 3488502 rules fired and 685745 states in the queue.
	1100000 states explored in 54.31s, with 4449043 rules fired and 700057 states in the queue.
	1200000 states explored in 58.40s, with 4758391 rules fired and 772099 states in the queue.
	1300000 states explored in 61.00s, with 4943084 rules fired and 854235 states in the queue.
	1400000 states explored in 64.00s, with 5143698 rules fired and 934506 states in the queue.
	1500000 states explored in 67.00s, with 5359966 rules fired and 1013565 states in the queue.
	1600000 states explored in 71.61s, with 5698678 rules fired and 1080236 states in the queue.
	1700000 states explored in 75.56s, with 5978477 rules fired and 1152408 states in the queue.
	1800000 states explored in 79.65s, with 6260028 rules fired and 1224673 states in the queue.
	1900000 states explored in 84.79s, with 6605036 rules fired and 1290178 states in the queue.
	2000000 states explored in 91.17s, with 7059158 rules fired and 1347234 states in the queue.
	2100000 states explored in 98.45s, with 7555593 rules fired and 1399068 states in the queue.
	2200000 states explored in 105.47s, with 8025573 rules fired and 1454075 states in the queue.
	2300000 states explored in 116.70s, with 8741921 rules fired and 1485623 states in the queue.
	2400000 states explored in 132.71s, with 9722354 rules fired and 1488866 states in the queue.
	2500000 states explored in 150.40s, with 10877172 rules fired and 1475931 states in the queue.
	2600000 states explored in 156.39s, with 11251014 rules fired and 1539604 states in the queue.
	2700000 states explored in 159.46s, with 11439057 rules fired and 1622005 states in the queue.
	2800000 states explored in 162.94s, with 11652523 rules fired and 1700944 states in the queue.
	2900000 states explored in 166.37s, with 11873753 rules fired and 1779658 states in the queue.
	3000000 states explored in 170.16s, with 12109873 rules fired and 1856108 states in the queue.
	3100000 states explored in 175.20s, with 12372172 rules fired and 1930185 states in the queue.
	3200000 states explored in 182.04s, with 12759665 rules fired and 1990054 states in the queue.
	3300000 states explored in 188.54s, with 13141492 rules fired and 2049808 states in the queue.
	3400000 states explored in 194.50s, with 13480250 rules fired and 2114396 states in the queue.
	3500000 states explored in 200.96s, with 13831671 rules fired and 2177303 states in the queue.
	3600000 states explored in 207.51s, with 14176385 rules fired and 2240137 states in the queue.
	3700000 states explored in 214.73s, with 14551444 rules fired and 2300030 states in the queue.
	3800000 states explored in 224.36s, with 15041403 rules fired and 2347933 states in the queue.
	3900000 states explored in 234.25s, with 15554566 rules fired and 2395933 states in the queue.
	4000000 states explored in 245.66s, with 16139788 rules fired and 2433369 states in the queue.
	4100000 states explored in 253.96s, with 16572030 rules fired and 2489827 states in the queue.
	4200000 states explored in 260.68s, with 16899920 rules fired and 2556504 states in the queue.
	4300000 states explored in 269.29s, with 17342203 rules fired and 2612127 states in the queue.
	4400000 states explored in 278.02s, with 17790796 rules fired and 2666069 states in the queue.
	4500000 states explored in 292.35s, with 18461687 rules fired and 2696593 states in the queue.
	4600000 states explored in 309.04s, with 19185355 rules fired and 2721126 states in the queue.
	4700000 states explored in 324.27s, with 19882600 rules fired and 2747623 states in the queue.
	4800000 states explored in 343.12s, with 20685301 rules fired and 2763956 states in the queue.
	4900000 states explored in 362.71s, with 21526051 rules fired and 2776027 states in the queue.
	5000000 states explored in 386.91s, with 22606963 rules fired and 2765913 states in the queue.
	5100000 states explored in 409.72s, with 23719796 rules fired and 2755939 states in the queue.
	5200000 states explored in 413.60s, with 23886068 rules fired and 2837941 states in the queue.
	5300000 states explored in 417.42s, with 24063888 rules fired and 2919667 states in the queue.
	5400000 states explored in 421.32s, with 24253130 rules fired and 3000184 states in the queue.
	5500000 states explored in 425.90s, with 24457858 rules fired and 3078656 states in the queue.
	5600000 states explored in 430.70s, with 24659289 rules fired and 3156433 states in the queue.
	5700000 states explored in 435.58s, with 24868683 rules fired and 3233740 states in the queue.
	5800000 states explored in 441.15s, with 25096476 rules fired and 3309046 states in the queue.
	5900000 states explored in 446.61s, with 25334201 rules fired and 3382135 states in the queue.
	6000000 states explored in 452.54s, with 25576367 rules fired and 3456159 states in the queue.
	6100000 states explored in 458.43s, with 25830804 rules fired and 3528458 states in the queue.
	6200000 states explored in 465.14s, with 26109432 rules fired and 3599019 states in the queue.
	6300000 states explored in 478.84s, with 26642185 rules fired and 3639541 states in the queue.
	6400000 states explored in 494.29s, with 27284501 rules fired and 3668307 states in the queue.
	6500000 states explored in 509.62s, with 27908230 rules fired and 3699350 states in the queue.
	6600000 states explored in 519.31s, with 28302532 rules fired and 3755261 states in the queue.
	6700000 states explored in 529.70s, with 28734776 rules fired and 3806580 states in the queue.
	6800000 states explored in 541.37s, with 29173710 rules fired and 3856764 states in the queue.
	6900000 states explored in 552.55s, with 29641790 rules fired and 3904995 states in the queue.
	7000000 states explored in 564.25s, with 30123382 rules fired and 3953134 states in the queue.
	7100000 states explored in 580.35s, with 30728205 rules fired and 3983491 states in the queue.
	7200000 states explored in 593.76s, with 31264470 rules fired and 4025785 states in the queue.
	7300000 states explored in 607.90s, with 31850287 rules fired and 4064154 states in the queue.
	7400000 states explored in 623.59s, with 32441014 rules fired and 4102058 states in the queue.
	7500000 states explored in 642.41s, with 33167598 rules fired and 4122515 states in the queue.
	7600000 states explored in 662.16s, with 33900520 rules fired and 4139726 states in the queue.
	7700000 states explored in 671.27s, with 34229918 rules fired and 4204188 states in the queue.
	7800000 states explored in 680.21s, with 34545843 rules fired and 4269765 states in the queue.
	7900000 states explored in 688.76s, with 34848371 rules fired and 4336755 states in the queue.
	8000000 states explored in 697.88s, with 35189394 rules fired and 4403036 states in the queue.
	8100000 states explored in 704.85s, with 35464266 rules fired and 4475738 states in the queue.
	8200000 states explored in 712.43s, with 35765478 rules fired and 4547200 states in the queue.
	8300000 states explored in 720.02s, with 36103528 rules fired and 4615844 states in the queue.
	8400000 states explored in 730.42s, with 36538326 rules fired and 4675353 states in the queue.
	8500000 states explored in 742.13s, with 37026213 rules fired and 4728870 states in the queue.
	8600000 states explored in 759.11s, with 37668203 rules fired and 4764841 states in the queue.
	8700000 states explored in 774.72s, with 38303430 rules fired and 4803241 states in the queue.
	8800000 states explored in 789.79s, with 38912026 rules fired and 4842005 states in the queue.
	8900000 states explored in 808.49s, with 39621551 rules fired and 4869465 states in the queue.
	9000000 states explored in 824.58s, with 40213102 rules fired and 4910995 states in the queue.
	9100000 states explored in 850.47s, with 41169059 rules fired and 4912882 states in the queue.
	9200000 states explored in 877.87s, with 42153334 rules fired and 4911663 states in the queue.
	9300000 states explored in 907.22s, with 43244861 rules fired and 4900146 states in the queue.
	9400000 states explored in 932.97s, with 44310091 rules fired and 4895916 states in the queue.
	9500000 states explored in 965.95s, with 45607820 rules fired and 4864072 states in the queue.
	9600000 states explored in 985.53s, with 46402346 rules fired and 4886055 states in the queue.
	9700000 states explored in 991.86s, with 46577686 rules fired and 4966710 states in the queue.
	9800000 states explored in 997.65s, with 46754888 rules fired and 5048148 states in the queue.
	9900000 states explored in 1003.19s, with 46948283 rules fired and 5127763 states in the queue.
	10000000 states explored in 1008.13s, with 47149091 rules fired and 5206881 states in the queue.
	10100000 states explored in 1013.19s, with 47325242 rules fired and 5289762 states in the queue.
	10200000 states explored in 1018.51s, with 47502777 rules fired and 5371843 states in the queue.
	10300000 states explored in 1024.18s, with 47700700 rules fired and 5451980 states in the queue.
	10400000 states explored in 1029.17s, with 47892891 rules fired and 5532826 states in the queue.
	10500000 states explored in 1034.88s, with 48097168 rules fired and 5611155 states in the queue.
	10600000 states explored in 1040.03s, with 48311520 rules fired and 5688445 states in the queue.
	10700000 states explored in 1045.60s, with 48523854 rules fired and 5766735 states in the queue.
	10800000 states explored in 1053.37s, with 48740790 rules fired and 5843873 states in the queue.
	10900000 states explored in 1058.78s, with 48947582 rules fired and 5922920 states in the queue.
	11000000 states explored in 1064.60s, with 49171300 rules fired and 5999650 states in the queue.
	11100000 states explored in 1070.59s, with 49409215 rules fired and 6074836 states in the queue.
	11200000 states explored in 1076.58s, with 49642028 rules fired and 6150548 states in the queue.
	11300000 states explored in 1083.12s, with 49861911 rules fired and 6227520 states in the queue.
	11400000 states explored in 1091.36s, with 50107741 rules fired and 6302397 states in the queue.
	11500000 states explored in 1097.37s, with 50333027 rules fired and 6378722 states in the queue.
	11600000 states explored in 1103.57s, with 50568218 rules fired and 6453537 states in the queue.
	11700000 states explored in 1110.14s, with 50801765 rules fired and 6529315 states in the queue.
	11800000 states explored in 1118.71s, with 51060173 rules fired and 6601890 states in the queue.
	11900000 states explored in 1126.09s, with 51327823 rules fired and 6673471 states in the queue.
	12000000 states explored in 1134.24s, with 51610666 rules fired and 6743815 states in the queue.
	12100000 states explored in 1142.72s, with 51913329 rules fired and 6811238 states in the queue.
	12200000 states explored in 1152.37s, with 52233740 rules fired and 6876123 states in the queue.
	12300000 states explored in 1160.77s, with 52554410 rules fired and 6940837 states in the queue.
	12400000 states explored in 1171.15s, with 52885923 rules fired and 7003692 states in the queue.
	12500000 states explored in 1181.96s, with 53231993 rules fired and 7065904 states in the queue.
	12600000 states explored in 1192.25s, with 53576768 rules fired and 7128793 states in the queue.
	12700000 states explored in 1202.62s, with 53949742 rules fired and 7189130 states in the queue.
	12800000 states explored in 1213.17s, with 54347687 rules fired and 7246503 states in the queue.
	12900000 states explored in 1223.16s, with 54732887 rules fired and 7304851 states in the queue.
	13000000 states explored in 1234.59s, with 55149279 rules fired and 7359577 states in the queue.
	13100000 states explored in 1251.22s, with 55708560 rules fired and 7399037 states in the queue.
	13200000 states explored in 1269.96s, with 56304613 rules fired and 7434200 states in the queue.
	13300000 states explored in 1292.80s, with 57013467 rules fired and 7453324 states in the queue.
	13400000 states explored in 1320.94s, with 57844370 rules fired and 7456602 states in the queue.
	13500000 states explored in 1346.84s, with 58695140 rules fired and 7460537 states in the queue.
	13600000 states explored in 1381.05s, with 59685563 rules fired and 7448995 states in the queue.
	13700000 states explored in 1413.39s, with 60711918 rules fired and 7429104 states in the queue.
	13800000 states explored in 1447.28s, with 61772811 rules fired and 7406861 states in the queue.
	13900000 states explored in 1478.64s, with 62779484 rules fired and 7393827 states in the queue.
	14000000 states explored in 1516.05s, with 63912499 rules fired and 7365461 states in the queue.
	14100000 states explored in 1546.32s, with 64910032 rules fired and 7353113 states in the queue.
	14200000 states explored in 1576.25s, with 65901097 rules fired and 7344944 states in the queue.
	14300000 states explored in 1610.91s, with 66986233 rules fired and 7331253 states in the queue.
	14400000 states explored in 1643.85s, with 68032848 rules fired and 7316460 states in the queue.
	14500000 states explored in 1665.96s, with 68745930 rules fired and 7339611 states in the queue.
	14600000 states explored in 1697.59s, with 69678995 rules fired and 7335493 states in the queue.
	14700000 states explored in 1712.80s, with 70139006 rules fired and 7386414 states in the queue.
	14800000 states explored in 1722.34s, with 70476437 rules fired and 7454120 states in the queue.
	14900000 states explored in 1736.97s, with 70920062 rules fired and 7510867 states in the queue.
	15000000 states explored in 1755.52s, with 71404964 rules fired and 7561109 states in the queue.
	15100000 states explored in 1770.48s, with 71917782 rules fired and 7608827 states in the queue.
	15200000 states explored in 1788.40s, with 72413317 rules fired and 7656207 states in the queue.
	15300000 states explored in 1809.36s, with 73030798 rules fired and 7693714 states in the queue.
	15400000 states explored in 1826.85s, with 73517266 rules fired and 7742067 states in the queue.
	15500000 states explored in 1838.02s, with 73896314 rules fired and 7804864 states in the queue.
	15600000 states explored in 1851.55s, with 74325836 rules fired and 7863989 states in the queue.
	15700000 states explored in 1865.32s, with 74827597 rules fired and 7916899 states in the queue.
	15800000 states explored in 1880.92s, with 75372456 rules fired and 7964852 states in the queue.
	15900000 states explored in 1893.82s, with 75863395 rules fired and 8019441 states in the queue.
	16000000 states explored in 1910.75s, with 76393077 rules fired and 8069817 states in the queue.
	16100000 states explored in 1928.67s, with 76969632 rules fired and 8115286 states in the queue.
	16200000 states explored in 1948.66s, with 77570402 rules fired and 8158873 states in the queue.
	16300000 states explored in 1970.92s, with 78281432 rules fired and 8190969 states in the queue.
	16400000 states explored in 1995.12s, with 79004318 rules fired and 8223245 states in the queue.
	16500000 states explored in 2013.59s, with 79730626 rules fired and 8257036 states in the queue.
	16600000 states explored in 2042.02s, with 80581016 rules fired and 8275957 states in the queue.
	16700000 states explored in 2067.09s, with 81377120 rules fired and 8300691 states in the queue.
	16800000 states explored in 2097.48s, with 82349898 rules fired and 8306664 states in the queue.
	16900000 states explored in 2129.57s, with 83331603 rules fired and 8312504 states in the queue.
	17000000 states explored in 2181.26s, with 84629407 rules fired and 8283400 states in the queue.
	17100000 states explored in 2207.70s, with 85417950 rules fired and 8303840 states in the queue.
	17200000 states explored in 2216.84s, with 85599953 rules fired and 8381815 states in the queue.
	17300000 states explored in 2223.91s, with 85792004 rules fired and 8459650 states in the queue.
	17400000 states explored in 2229.54s, with 85961621 rules fired and 8541002 states in the queue.
	17500000 states explored in 2234.93s, with 86117440 rules fired and 8625261 states in the queue.

Error:

	Internal Error: Too many active states.



