This program should be regarded as a DEBUGGING aid, not as a 
certifier of correctness.
Call with the -l flag or read the license file for terms
and conditions of use.
Run this program with "-h" for the list of options.

Bugs, questions, and comments should be directed to
"melatti@di.uniroma1.it".

CMurphi compiler last modified date: Apr 10 2024
Include files last modified date:    Jul 23 2021
==========================================================================

==========================================================================
Caching Murphi Release 5.5.0
Finite-state Concurrent System Verifier.

Caching Murphi Release 5.5.0 is based on various versions of Murphi.
Caching Murphi Release 5.5.0 :
Copyright (C) 2009-2012 by Sapienza University of Rome.
Murphi release 3.1 :
Copyright (C) 1992 - 1999 by the Board of Trustees of
Leland Stanford Junior University.

==========================================================================

Protocol: ./protocols/exec/German_node8/German_node8_inv91
===========================================
  You are using EDMC algorithm.  
===========================================

===== Startstates are generated! =====
Carelist Layer 0: Cache[1].State Cache[2].State Cache[3].State Cache[4].State Cache[5].State Cache[6].State Cache[7].State Cache[8].State 

===== Init heuristics! =====

Progress Report:

	100000 states explored in 6.01s, with 290403 rules fired and 75353 states in the queue.
	200000 states explored in 9.37s, with 655314 rules fired and 143321 states in the queue.
	300000 states explored in 12.03s, with 920126 rules fired and 218015 states in the queue.
	400000 states explored in 17.83s, with 1512799 rules fired and 265601 states in the queue.
	500000 states explored in 19.85s, with 1733949 rules fired and 346496 states in the queue.
	600000 states explored in 21.79s, with 1927601 rules fired and 429280 states in the queue.
	700000 states explored in 24.32s, with 2180434 rules fired and 506746 states in the queue.
	800000 states explored in 27.38s, with 2490531 rules fired and 578186 states in the queue.
	900000 states explored in 32.02s, with 2930013 rules fired and 636871 states in the queue.
	1000000 states explored in 42.72s, with 3866283 rules fired and 649642 states in the queue.
	1100000 states explored in 47.37s, with 4270614 rules fired and 713131 states in the queue.

==========================================================================

Result:

	Invariant "test_91" failed.

State Space Explored:

	1145253 states, 4352931 rules fired in 48.33s.

