This program should be regarded as a DEBUGGING aid, not as a 
certifier of correctness.
Call with the -l flag or read the license file for terms
and conditions of use.
Run this program with "-h" for the list of options.

Bugs, questions, and comments should be directed to
"melatti@di.uniroma1.it".

CMurphi compiler last modified date: Apr 10 2024
Include files last modified date:    Jul 23 2021
==========================================================================

==========================================================================
Caching Murphi Release 5.5.0
Finite-state Concurrent System Verifier.

Caching Murphi Release 5.5.0 is based on various versions of Murphi.
Caching Murphi Release 5.5.0 :
Copyright (C) 2009-2012 by Sapienza University of Rome.
Murphi release 3.1 :
Copyright (C) 1992 - 1999 by the Board of Trustees of
Leland Stanford Junior University.

==========================================================================

Protocol: ./protocols/exec/German_node8/German_node8_inv113
===========================================
  You are using EDMC algorithm.  
===========================================

===== Startstates are generated! =====
Carelist Layer 0: Cache[1].State Cache[2].State Cache[3].State Cache[4].State Cache[5].State Cache[6].State Cache[7].State Cache[8].State 

===== Init heuristics! =====

Progress Report:

	100000 states explored in 6.86s, with 288299 rules fired and 75770 states in the queue.
	200000 states explored in 10.54s, with 665835 rules fired and 142787 states in the queue.
	300000 states explored in 13.19s, with 913119 rules fired and 220380 states in the queue.
	400000 states explored in 18.82s, with 1416220 rules fired and 274514 states in the queue.
	500000 states explored in 22.84s, with 1776861 rules fired and 343123 states in the queue.
	600000 states explored in 24.91s, with 1968406 rules fired and 426492 states in the queue.
	700000 states explored in 27.85s, with 2223663 rules fired and 503288 states in the queue.
	800000 states explored in 31.71s, with 2521761 rules fired and 575913 states in the queue.
	900000 states explored in 37.38s, with 2942823 rules fired and 635911 states in the queue.
	1000000 states explored in 47.01s, with 3644424 rules fired and 670194 states in the queue.
	1100000 states explored in 57.70s, with 4427559 rules fired and 700704 states in the queue.
	1200000 states explored in 60.24s, with 4601313 rules fired and 784066 states in the queue.
	1300000 states explored in 62.95s, with 4794774 rules fired and 866609 states in the queue.
	1400000 states explored in 66.01s, with 5000167 rules fired and 946422 states in the queue.
	1500000 states explored in 69.97s, with 5253534 rules fired and 1020729 states in the queue.
	1600000 states explored in 74.91s, with 5569620 rules fired and 1089242 states in the queue.
	1700000 states explored in 80.03s, with 5864332 rules fired and 1159609 states in the queue.
	1800000 states explored in 85.83s, with 6184306 rules fired and 1227500 states in the queue.
	1900000 states explored in 92.93s, with 6613058 rules fired and 1286250 states in the queue.
	2000000 states explored in 101.91s, with 7168644 rules fired and 1333384 states in the queue.
	2100000 states explored in 111.32s, with 7716210 rules fired and 1380448 states in the queue.
	2200000 states explored in 122.64s, with 8363527 rules fired and 1418501 states in the queue.
	2300000 states explored in 141.39s, with 9334257 rules fired and 1420867 states in the queue.
	2400000 states explored in 161.58s, with 10415760 rules fired and 1416729 states in the queue.
	2500000 states explored in 164.79s, with 10583254 rules fired and 1498734 states in the queue.
	2600000 states explored in 168.26s, with 10766546 rules fired and 1579639 states in the queue.
	2700000 states explored in 171.92s, with 10979952 rules fired and 1660674 states in the queue.
	2800000 states explored in 176.09s, with 11192358 rules fired and 1739121 states in the queue.
	2900000 states explored in 181.09s, with 11435177 rules fired and 1813367 states in the queue.
	3000000 states explored in 186.60s, with 11705010 rules fired and 1884198 states in the queue.
	3100000 states explored in 193.29s, with 12114933 rules fired and 1939591 states in the queue.
	3200000 states explored in 201.50s, with 12543038 rules fired and 1994881 states in the queue.
	3300000 states explored in 209.58s, with 12902677 rules fired and 2055290 states in the queue.
	3400000 states explored in 219.36s, with 13326148 rules fired and 2110286 states in the queue.
	3500000 states explored in 228.74s, with 13722101 rules fired and 2169325 states in the queue.
	3600000 states explored in 238.89s, with 14167998 rules fired and 2226385 states in the queue.
	3700000 states explored in 250.24s, with 14655909 rules fired and 2277603 states in the queue.
	3800000 states explored in 263.45s, with 15250781 rules fired and 2316145 states in the queue.
	3900000 states explored in 277.61s, with 15835013 rules fired and 2355842 states in the queue.
	4000000 states explored in 286.95s, with 16250153 rules fired and 2414210 states in the queue.
	4100000 states explored in 295.22s, with 16636350 rules fired and 2475682 states in the queue.
	4200000 states explored in 304.47s, with 17028195 rules fired and 2536134 states in the queue.
	4300000 states explored in 321.50s, with 17709615 rules fired and 2564233 states in the queue.
	4400000 states explored in 340.01s, with 18478723 rules fired and 2584488 states in the queue.
	4500000 states explored in 358.16s, with 19229462 rules fired and 2603347 states in the queue.
	4600000 states explored in 380.54s, with 20041918 rules fired and 2618580 states in the queue.
	4700000 states explored in 401.13s, with 20911495 rules fired and 2630499 states in the queue.
	4800000 states explored in 428.93s, with 21959998 rules fired and 2623719 states in the queue.
	4900000 states explored in 433.05s, with 22128434 rules fired and 2705603 states in the queue.
	5000000 states explored in 438.04s, with 22304293 rules fired and 2786066 states in the queue.
	5100000 states explored in 443.71s, with 22494703 rules fired and 2865378 states in the queue.
	5200000 states explored in 449.28s, with 22698624 rules fired and 2943996 states in the queue.
	5300000 states explored in 455.44s, with 22899053 rules fired and 3021945 states in the queue.
	5400000 states explored in 461.69s, with 23117396 rules fired and 3097711 states in the queue.
	5500000 states explored in 467.66s, with 23339621 rules fired and 3174214 states in the queue.
	5600000 states explored in 475.28s, with 23571465 rules fired and 3247227 states in the queue.
	5700000 states explored in 483.05s, with 23815769 rules fired and 3320907 states in the queue.
	5800000 states explored in 490.96s, with 24073677 rules fired and 3392157 states in the queue.
	5900000 states explored in 498.74s, with 24354108 rules fired and 3460627 states in the queue.
	6000000 states explored in 506.52s, with 24655564 rules fired and 3528805 states in the queue.
	6100000 states explored in 518.29s, with 25055934 rules fired and 3581392 states in the queue.
	6200000 states explored in 538.31s, with 25747853 rules fired and 3601401 states in the queue.
	6300000 states explored in 562.81s, with 26530058 rules fired and 3612609 states in the queue.
	6400000 states explored in 585.59s, with 27291041 rules fired and 3626518 states in the queue.
	6500000 states explored in 601.57s, with 27765736 rules fired and 3672980 states in the queue.
	6600000 states explored in 616.98s, with 28237133 rules fired and 3720910 states in the queue.
	6700000 states explored in 631.56s, with 28717922 rules fired and 3770162 states in the queue.
	6800000 states explored in 644.77s, with 29176221 rules fired and 3823665 states in the queue.
	6900000 states explored in 660.51s, with 29689590 rules fired and 3869988 states in the queue.
	7000000 states explored in 675.45s, with 30205817 rules fired and 3918070 states in the queue.
	7100000 states explored in 695.12s, with 30865318 rules fired and 3945272 states in the queue.
	7200000 states explored in 715.50s, with 31555898 rules fired and 3967826 states in the queue.
	7300000 states explored in 738.65s, with 32271151 rules fired and 3985177 states in the queue.
	7400000 states explored in 755.78s, with 32838573 rules fired and 4022474 states in the queue.
	7500000 states explored in 766.38s, with 33179463 rules fired and 4086101 states in the queue.
	7600000 states explored in 781.22s, with 33661181 rules fired and 4133897 states in the queue.
	7700000 states explored in 790.48s, with 34011837 rules fired and 4200557 states in the queue.
	7800000 states explored in 799.08s, with 34306917 rules fired and 4273400 states in the queue.
	7900000 states explored in 807.82s, with 34639800 rules fired and 4342253 states in the queue.
	8000000 states explored in 818.99s, with 35020425 rules fired and 4406498 states in the queue.
	8100000 states explored in 834.41s, with 35546565 rules fired and 4454218 states in the queue.
	8200000 states explored in 853.11s, with 36168549 rules fired and 4491665 states in the queue.
	8300000 states explored in 868.76s, with 36805040 rules fired and 4528903 states in the queue.
	8400000 states explored in 886.21s, with 37467350 rules fired and 4562665 states in the queue.
	8500000 states explored in 908.22s, with 38241348 rules fired and 4588098 states in the queue.
	8600000 states explored in 932.13s, with 39211108 rules fired and 4594004 states in the queue.
	8700000 states explored in 963.04s, with 40272414 rules fired and 4589310 states in the queue.
	8800000 states explored in 995.66s, with 41291583 rules fired and 4589193 states in the queue.
	8900000 states explored in 1036.27s, with 42457543 rules fired and 4575007 states in the queue.
	9000000 states explored in 1041.44s, with 42672088 rules fired and 4654201 states in the queue.
	9100000 states explored in 1046.50s, with 42845949 rules fired and 4737034 states in the queue.

==========================================================================

Result:

	Invariant "test_113" failed.

State Space Explored:

	9187718 states, 42998879 rules fired in 1050.96s.

