This program should be regarded as a DEBUGGING aid, not as a 
certifier of correctness.
Call with the -l flag or read the license file for terms
and conditions of use.
Run this program with "-h" for the list of options.

Bugs, questions, and comments should be directed to
"melatti@di.uniroma1.it".

CMurphi compiler last modified date: Apr 10 2024
Include files last modified date:    Jul 23 2021
==========================================================================

==========================================================================
Caching Murphi Release 5.5.0
Finite-state Concurrent System Verifier.

Caching Murphi Release 5.5.0 is based on various versions of Murphi.
Caching Murphi Release 5.5.0 :
Copyright (C) 2009-2012 by Sapienza University of Rome.
Murphi release 3.1 :
Copyright (C) 1992 - 1999 by the Board of Trustees of
Leland Stanford Junior University.

==========================================================================

Protocol: ./protocols/exec/German_node8/German_node8_inv238
===========================================
  You are using EDMC algorithm.  
===========================================

===== Startstates are generated! =====
Carelist Layer 0: Cache[1].State Cache[2].State Cache[3].State Cache[4].State Cache[5].State Cache[6].State Cache[7].State Cache[8].State 

===== Init heuristics! =====

Progress Report:

	100000 states explored in 6.59s, with 288770 rules fired and 75746 states in the queue.
	200000 states explored in 10.26s, with 672226 rules fired and 142384 states in the queue.
	300000 states explored in 12.97s, with 921088 rules fired and 220288 states in the queue.
	400000 states explored in 17.16s, with 1330001 rules fired and 283342 states in the queue.
	500000 states explored in 22.12s, with 1823660 rules fired and 339789 states in the queue.
	600000 states explored in 24.23s, with 2022240 rules fired and 421956 states in the queue.
	700000 states explored in 26.87s, with 2260063 rules fired and 500399 states in the queue.
	800000 states explored in 30.05s, with 2535918 rules fired and 575047 states in the queue.
	900000 states explored in 34.28s, with 2905861 rules fired and 640424 states in the queue.
	1000000 states explored in 41.19s, with 3486305 rules fired and 686535 states in the queue.
	1100000 states explored in 53.39s, with 4441965 rules fired and 700704 states in the queue.
	1200000 states explored in 57.67s, with 4767540 rules fired and 771492 states in the queue.
	1300000 states explored in 60.30s, with 4953942 rules fired and 853464 states in the queue.
	1400000 states explored in 63.35s, with 5162596 rules fired and 932965 states in the queue.
	1500000 states explored in 66.72s, with 5387711 rules fired and 1010447 states in the queue.
	1600000 states explored in 71.52s, with 5718009 rules fired and 1078689 states in the queue.
	1700000 states explored in 75.88s, with 6003036 rules fired and 1150350 states in the queue.
	1800000 states explored in 80.00s, with 6280257 rules fired and 1223374 states in the queue.
	1900000 states explored in 85.32s, with 6620946 rules fired and 1289695 states in the queue.
	2000000 states explored in 92.50s, with 7082127 rules fired and 1344790 states in the queue.
	2100000 states explored in 99.98s, with 7561457 rules fired and 1398329 states in the queue.
	2200000 states explored in 107.93s, with 8024310 rules fired and 1453073 states in the queue.
	2300000 states explored in 121.24s, with 8757332 rules fired and 1482317 states in the queue.
	2400000 states explored in 139.09s, with 9754300 rules fired and 1484974 states in the queue.
	2500000 states explored in 158.56s, with 10834039 rules fired and 1480966 states in the queue.
	2600000 states explored in 166.97s, with 11259406 rules fired and 1540344 states in the queue.
	2700000 states explored in 170.28s, with 11434526 rules fired and 1623165 states in the queue.
	2800000 states explored in 174.18s, with 11632813 rules fired and 1703791 states in the queue.
	2900000 states explored in 179.06s, with 11878311 rules fired and 1779588 states in the queue.
	3000000 states explored in 183.96s, with 12110009 rules fired and 1854854 states in the queue.
	3100000 states explored in 189.14s, with 12355337 rules fired and 1929618 states in the queue.
	3200000 states explored in 196.79s, with 12717932 rules fired and 1993533 states in the queue.
	3300000 states explored in 205.88s, with 13150935 rules fired and 2048414 states in the queue.
	3400000 states explored in 213.06s, with 13500423 rules fired and 2112833 states in the queue.
	3500000 states explored in 221.33s, with 13877600 rules fired and 2172815 states in the queue.
	3600000 states explored in 229.45s, with 14238182 rules fired and 2233882 states in the queue.
	3700000 states explored in 238.72s, with 14637311 rules fired and 2291162 states in the queue.
	3800000 states explored in 249.26s, with 15092666 rules fired and 2341915 states in the queue.
	3900000 states explored in 261.26s, with 15608056 rules fired and 2388020 states in the queue.
	4000000 states explored in 273.82s, with 16162714 rules fired and 2431414 states in the queue.
	4100000 states explored in 282.81s, with 16542175 rules fired and 2493725 states in the queue.
	4200000 states explored in 289.70s, with 16859936 rules fired and 2562097 states in the queue.
	4300000 states explored in 300.55s, with 17303871 rules fired and 2614171 states in the queue.
	4400000 states explored in 311.06s, with 17754413 rules fired and 2669112 states in the queue.
	4500000 states explored in 328.32s, with 18463664 rules fired and 2695173 states in the queue.
	4600000 states explored in 347.18s, with 19267507 rules fired and 2710200 states in the queue.
	4700000 states explored in 364.47s, with 20095045 rules fired and 2721104 states in the queue.
	4800000 states explored in 383.53s, with 20923126 rules fired and 2735206 states in the queue.
	4900000 states explored in 400.47s, with 21727485 rules fired and 2755601 states in the queue.
	5000000 states explored in 420.45s, with 22613876 rules fired and 2765389 states in the queue.
	5100000 states explored in 442.61s, with 23719061 rules fired and 2756054 states in the queue.
	5200000 states explored in 446.24s, with 23888819 rules fired and 2839408 states in the queue.
	5300000 states explored in 450.26s, with 24079029 rules fired and 2919820 states in the queue.
	5400000 states explored in 454.40s, with 24262935 rules fired and 3001322 states in the queue.
	5500000 states explored in 458.77s, with 24459759 rules fired and 3080712 states in the queue.
	5600000 states explored in 463.61s, with 24661833 rules fired and 3159879 states in the queue.
	5700000 states explored in 468.52s, with 24872901 rules fired and 3237422 states in the queue.
	5800000 states explored in 473.32s, with 25091652 rules fired and 3314887 states in the queue.
	5900000 states explored in 479.28s, with 25323406 rules fired and 3389689 states in the queue.
	6000000 states explored in 485.68s, with 25560990 rules fired and 3463548 states in the queue.
	6100000 states explored in 491.88s, with 25811405 rules fired and 3537769 states in the queue.
	6200000 states explored in 499.80s, with 26067161 rules fired and 3610373 states in the queue.
	6300000 states explored in 511.50s, with 26499778 rules fired and 3665851 states in the queue.
	6400000 states explored in 526.10s, with 27086030 rules fired and 3699977 states in the queue.
	6500000 states explored in 541.75s, with 27772530 rules fired and 3724567 states in the queue.
	6600000 states explored in 555.11s, with 28307230 rules fired and 3763101 states in the queue.
	6700000 states explored in 567.16s, with 28762745 rules fired and 3810747 states in the queue.
	6800000 states explored in 581.13s, with 29270289 rules fired and 3852841 states in the queue.
	6900000 states explored in 592.76s, with 29740097 rules fired and 3900289 states in the queue.
	7000000 states explored in 607.90s, with 30261067 rules fired and 3940742 states in the queue.
	7100000 states explored in 623.34s, with 30789480 rules fired and 3981050 states in the queue.
	7200000 states explored in 636.51s, with 31298238 rules fired and 4022453 states in the queue.
	7300000 states explored in 648.04s, with 31777407 rules fired and 4072263 states in the queue.
	7400000 states explored in 663.25s, with 32356124 rules fired and 4108423 states in the queue.
	7500000 states explored in 681.73s, with 33063636 rules fired and 4130973 states in the queue.
	7600000 states explored in 697.49s, with 33687034 rules fired and 4167420 states in the queue.
	7700000 states explored in 711.65s, with 34149125 rules fired and 4218241 states in the queue.
	7800000 states explored in 720.96s, with 34464425 rules fired and 4282473 states in the queue.
	7900000 states explored in 730.38s, with 34771403 rules fired and 4350246 states in the queue.
	8000000 states explored in 740.89s, with 35178526 rules fired and 4406930 states in the queue.
	8100000 states explored in 747.15s, with 35454963 rules fired and 4480314 states in the queue.
	8200000 states explored in 753.45s, with 35736232 rules fired and 4554251 states in the queue.
	8300000 states explored in 759.62s, with 36031923 rules fired and 4627198 states in the queue.
	8400000 states explored in 767.05s, with 36368423 rules fired and 4695435 states in the queue.
	8500000 states explored in 776.87s, with 36843863 rules fired and 4750735 states in the queue.
	8600000 states explored in 792.51s, with 37462495 rules fired and 4789564 states in the queue.
	8700000 states explored in 808.03s, with 38073862 rules fired and 4829183 states in the queue.
	8800000 states explored in 825.33s, with 38802860 rules fired and 4852199 states in the queue.
	8900000 states explored in 842.30s, with 39513767 rules fired and 4882298 states in the queue.
	9000000 states explored in 860.66s, with 40203086 rules fired and 4912194 states in the queue.
	9100000 states explored in 883.69s, with 41049800 rules fired and 4929350 states in the queue.
	9200000 states explored in 908.66s, with 42139234 rules fired and 4922425 states in the queue.
	9300000 states explored in 938.12s, with 43313836 rules fired and 4901119 states in the queue.
	9400000 states explored in 964.87s, with 44382346 rules fired and 4889835 states in the queue.
	9500000 states explored in 994.31s, with 45584978 rules fired and 4868025 states in the queue.
	9600000 states explored in 1015.98s, with 46402326 rules fired and 4886691 states in the queue.
	9700000 states explored in 1021.36s, with 46568799 rules fired and 4970368 states in the queue.
	9800000 states explored in 1026.98s, with 46747213 rules fired and 5052558 states in the queue.
	9900000 states explored in 1032.17s, with 46923119 rules fired and 5135077 states in the queue.
	10000000 states explored in 1037.77s, with 47103283 rules fired and 5216856 states in the queue.
	10100000 states explored in 1043.08s, with 47291955 rules fired and 5297449 states in the queue.
	10200000 states explored in 1048.59s, with 47484332 rules fired and 5378212 states in the queue.
	10300000 states explored in 1053.78s, with 47675360 rules fired and 5459214 states in the queue.
	10400000 states explored in 1059.16s, with 47860106 rules fired and 5540594 states in the queue.
	10500000 states explored in 1065.47s, with 48053145 rules fired and 5620007 states in the queue.
	10600000 states explored in 1072.43s, with 48257348 rules fired and 5698752 states in the queue.
	10700000 states explored in 1079.16s, with 48472921 rules fired and 5775770 states in the queue.
	10800000 states explored in 1084.86s, with 48671665 rules fired and 5855358 states in the queue.
	10900000 states explored in 1091.04s, with 48893461 rules fired and 5933952 states in the queue.
	11000000 states explored in 1096.77s, with 49118169 rules fired and 6010895 states in the queue.
	11100000 states explored in 1102.18s, with 49346786 rules fired and 6087414 states in the queue.
	11200000 states explored in 1108.14s, with 49578405 rules fired and 6162361 states in the queue.
	11300000 states explored in 1114.79s, with 49804821 rules fired and 6237914 states in the queue.
	11400000 states explored in 1121.88s, with 50042773 rules fired and 6312307 states in the queue.
	11500000 states explored in 1128.12s, with 50268688 rules fired and 6387677 states in the queue.
	11600000 states explored in 1135.48s, with 50507850 rules fired and 6463045 states in the queue.
	11700000 states explored in 1143.58s, with 50762473 rules fired and 6535803 states in the queue.
	11800000 states explored in 1152.15s, with 51015488 rules fired and 6608488 states in the queue.
	11900000 states explored in 1159.90s, with 51273936 rules fired and 6680453 states in the queue.
	12000000 states explored in 1168.04s, with 51548187 rules fired and 6750484 states in the queue.
	12100000 states explored in 1175.33s, with 51819445 rules fired and 6821430 states in the queue.
	12200000 states explored in 1183.02s, with 52104227 rules fired and 6891050 states in the queue.
	12300000 states explored in 1191.45s, with 52396115 rules fired and 6958886 states in the queue.
	12400000 states explored in 1201.89s, with 52726081 rules fired and 7022092 states in the queue.
	12500000 states explored in 1212.76s, with 53066300 rules fired and 7082619 states in the queue.
	12600000 states explored in 1222.88s, with 53409082 rules fired and 7144437 states in the queue.
	12700000 states explored in 1234.64s, with 53764788 rules fired and 7204256 states in the queue.
	12800000 states explored in 1246.04s, with 54148411 rules fired and 7260998 states in the queue.
	12900000 states explored in 1258.24s, with 54527717 rules fired and 7319285 states in the queue.
	13000000 states explored in 1271.76s, with 55014318 rules fired and 7366245 states in the queue.
	13100000 states explored in 1288.46s, with 55562047 rules fired and 7405183 states in the queue.
	13200000 states explored in 1307.38s, with 56237891 rules fired and 7431819 states in the queue.
	13300000 states explored in 1339.15s, with 57069196 rules fired and 7435865 states in the queue.
	13400000 states explored in 1369.66s, with 57976182 rules fired and 7429844 states in the queue.
	13500000 states explored in 1397.50s, with 58894074 rules fired and 7425626 states in the queue.
	13600000 states explored in 1422.27s, with 59656553 rules fired and 7436552 states in the queue.
	13700000 states explored in 1456.43s, with 60690447 rules fired and 7416884 states in the queue.
	13800000 states explored in 1487.44s, with 61730255 rules fired and 7398659 states in the queue.
	13900000 states explored in 1514.43s, with 62659647 rules fired and 7397923 states in the queue.
	14000000 states explored in 1549.53s, with 63737822 rules fired and 7376539 states in the queue.
	14100000 states explored in 1584.50s, with 64829288 rules fired and 7356008 states in the queue.
	14200000 states explored in 1615.53s, with 65856218 rules fired and 7345508 states in the queue.
	14300000 states explored in 1652.62s, with 66996215 rules fired and 7327372 states in the queue.
	14400000 states explored in 1680.77s, with 67913085 rules fired and 7325038 states in the queue.
	14500000 states explored in 1705.34s, with 68710829 rules fired and 7339481 states in the queue.
	14600000 states explored in 1731.20s, with 69555641 rules fired and 7349696 states in the queue.
	14700000 states explored in 1753.09s, with 70236614 rules fired and 7379654 states in the queue.
	14800000 states explored in 1761.51s, with 70500177 rules fired and 7454101 states in the queue.
	14900000 states explored in 1771.12s, with 70845271 rules fired and 7521088 states in the queue.
	15000000 states explored in 1784.69s, with 71310798 rules fired and 7573169 states in the queue.
	15100000 states explored in 1802.91s, with 71817332 rules fired and 7621203 states in the queue.
	15200000 states explored in 1819.54s, with 72345207 rules fired and 7666341 states in the queue.
	15300000 states explored in 1836.02s, with 72906879 rules fired and 7709688 states in the queue.
	15400000 states explored in 1854.15s, with 73405305 rules fired and 7757469 states in the queue.
	15500000 states explored in 1868.33s, with 73811834 rules fired and 7818767 states in the queue.
	15600000 states explored in 1880.27s, with 74236372 rules fired and 7880395 states in the queue.
	15700000 states explored in 1895.05s, with 74734014 rules fired and 7933518 states in the queue.
	15800000 states explored in 1907.63s, with 75262110 rules fired and 7984808 states in the queue.
	15900000 states explored in 1923.90s, with 75839132 rules fired and 8030607 states in the queue.
	16000000 states explored in 1937.83s, with 76399723 rules fired and 8078373 states in the queue.
	16100000 states explored in 1951.30s, with 76958120 rules fired and 8125463 states in the queue.
	16200000 states explored in 1970.95s, with 77681277 rules fired and 8158552 states in the queue.
	16300000 states explored in 1991.27s, with 78485535 rules fired and 8182268 states in the queue.
	16400000 states explored in 2014.18s, with 79194414 rules fired and 8214302 states in the queue.
	16500000 states explored in 2040.14s, with 79900071 rules fired and 8243793 states in the queue.
	16600000 states explored in 2056.12s, with 80550869 rules fired and 8281080 states in the queue.
	16700000 states explored in 2076.20s, with 81295284 rules fired and 8309210 states in the queue.
	16800000 states explored in 2103.43s, with 82201887 rules fired and 8321671 states in the queue.
	16900000 states explored in 2137.89s, with 83311237 rules fired and 8313976 states in the queue.
	17000000 states explored in 2182.28s, with 84607886 rules fired and 8283943 states in the queue.
	17100000 states explored in 2212.35s, with 85415358 rules fired and 8305129 states in the queue.
	17200000 states explored in 2219.84s, with 85586670 rules fired and 8386959 states in the queue.
	17300000 states explored in 2226.55s, with 85753860 rules fired and 8469261 states in the queue.
	17400000 states explored in 2232.20s, with 85912073 rules fired and 8552622 states in the queue.
	17500000 states explored in 2237.20s, with 86070394 rules fired and 8636296 states in the queue.

Error:

	Internal Error: Too many active states.



