This program should be regarded as a DEBUGGING aid, not as a 
certifier of correctness.
Call with the -l flag or read the license file for terms
and conditions of use.
Run this program with "-h" for the list of options.

Bugs, questions, and comments should be directed to
"melatti@di.uniroma1.it".

CMurphi compiler last modified date: Apr 10 2024
Include files last modified date:    Jul 23 2021
==========================================================================

==========================================================================
Caching Murphi Release 5.5.0
Finite-state Concurrent System Verifier.

Caching Murphi Release 5.5.0 is based on various versions of Murphi.
Caching Murphi Release 5.5.0 :
Copyright (C) 2009-2012 by Sapienza University of Rome.
Murphi release 3.1 :
Copyright (C) 1992 - 1999 by the Board of Trustees of
Leland Stanford Junior University.

==========================================================================

Protocol: ./protocols/exec/German_node8/German_node8_inv126
===========================================
  You are using EDMC algorithm.  
===========================================

===== Startstates are generated! =====
Carelist Layer 0: Cache[1].State Cache[2].State Cache[3].State Cache[4].State Cache[5].State Cache[6].State Cache[7].State Cache[8].State 

===== Init heuristics! =====

Progress Report:

	100000 states explored in 10.10s, with 289309 rules fired and 75949 states in the queue.
	200000 states explored in 15.10s, with 678209 rules fired and 142015 states in the queue.
	300000 states explored in 18.34s, with 917526 rules fired and 221423 states in the queue.
	400000 states explored in 23.82s, with 1279650 rules fired and 289444 states in the queue.
	500000 states explored in 32.53s, with 1860314 rules fired and 337246 states in the queue.
	600000 states explored in 35.62s, with 2060568 rules fired and 419580 states in the queue.
	700000 states explored in 39.22s, with 2288196 rules fired and 498999 states in the queue.
	800000 states explored in 43.49s, with 2549561 rules fired and 575208 states in the queue.
	900000 states explored in 48.99s, with 2885741 rules fired and 643972 states in the queue.
	1000000 states explored in 57.51s, with 3395015 rules fired and 696432 states in the queue.
	1100000 states explored in 71.19s, with 4222448 rules fired and 721690 states in the queue.
	1200000 states explored in 83.22s, with 4922061 rules fired and 759122 states in the queue.
	1300000 states explored in 86.56s, with 5098427 rules fired and 842589 states in the queue.
	1400000 states explored in 90.33s, with 5290418 rules fired and 924341 states in the queue.
	1500000 states explored in 94.52s, with 5497140 rules fired and 1004138 states in the queue.
	1600000 states explored in 99.77s, with 5771515 rules fired and 1077435 states in the queue.
	1700000 states explored in 105.70s, with 6062898 rules fired and 1149325 states in the queue.
	1800000 states explored in 111.59s, with 6337580 rules fired and 1222312 states in the queue.
	1900000 states explored in 118.16s, with 6650007 rules fired and 1291818 states in the queue.
	2000000 states explored in 126.26s, with 7041930 rules fired and 1353738 states in the queue.
	2100000 states explored in 135.49s, with 7497663 rules fired and 1411187 states in the queue.
	2200000 states explored in 145.25s, with 7948053 rules fired and 1468638 states in the queue.
	2300000 states explored in 154.71s, with 8333196 rules fired and 1531141 states in the queue.
	2400000 states explored in 170.41s, with 9034536 rules fired and 1563605 states in the queue.
	2500000 states explored in 196.25s, with 10136341 rules fired and 1553869 states in the queue.
	2600000 states explored in 223.44s, with 11369457 rules fired and 1533509 states in the queue.
	2700000 states explored in 235.92s, with 11944262 rules fired and 1578892 states in the queue.
	2800000 states explored in 240.48s, with 12125749 rules fired and 1660257 states in the queue.
	2900000 states explored in 245.68s, with 12323489 rules fired and 1739527 states in the queue.
	3000000 states explored in 251.01s, with 12527096 rules fired and 1819542 states in the queue.
	3100000 states explored in 256.77s, with 12741806 rules fired and 1897594 states in the queue.
	3200000 states explored in 263.57s, with 12977049 rules fired and 1973226 states in the queue.
	3300000 states explored in 273.31s, with 13358837 rules fired and 2033982 states in the queue.
	3400000 states explored in 282.51s, with 13712829 rules fired and 2097581 states in the queue.
	3500000 states explored in 291.23s, with 14043664 rules fired and 2162735 states in the queue.
	3600000 states explored in 299.79s, with 14354817 rules fired and 2229587 states in the queue.
	3700000 states explored in 308.15s, with 14675194 rules fired and 2296573 states in the queue.
	3800000 states explored in 318.33s, with 15048449 rules fired and 2357943 states in the queue.
	3900000 states explored in 328.91s, with 15430705 rules fired and 2418930 states in the queue.
	4000000 states explored in 342.14s, with 15912212 rules fired and 2468695 states in the queue.
	4100000 states explored in 357.83s, with 16447605 rules fired and 2511807 states in the queue.
	4200000 states explored in 369.14s, with 16873441 rules fired and 2569580 states in the queue.
	4300000 states explored in 379.98s, with 17214968 rules fired and 2634058 states in the queue.
	4400000 states explored in 391.44s, with 17584962 rules fired and 2694464 states in the queue.
	4500000 states explored in 404.68s, with 17990675 rules fired and 2752019 states in the queue.
	4600000 states explored in 418.77s, with 18462991 rules fired and 2803248 states in the queue.
	4700000 states explored in 438.12s, with 19119493 rules fired and 2837406 states in the queue.
	4800000 states explored in 455.78s, with 19740540 rules fired and 2875397 states in the queue.
	4900000 states explored in 478.91s, with 20504395 rules fired and 2895145 states in the queue.
	5000000 states explored in 503.38s, with 21287155 rules fired and 2912201 states in the queue.
	5100000 states explored in 533.90s, with 22267080 rules fired and 2910752 states in the queue.
	5200000 states explored in 563.51s, with 23279985 rules fired and 2906276 states in the queue.
	5300000 states explored in 597.32s, with 24379975 rules fired and 2897327 states in the queue.
	5400000 states explored in 631.79s, with 25528379 rules fired and 2884506 states in the queue.
	5500000 states explored in 636.26s, with 25699401 rules fired and 2966817 states in the queue.
	5600000 states explored in 642.68s, with 25882734 rules fired and 3048416 states in the queue.
	5700000 states explored in 647.72s, with 26071754 rules fired and 3129962 states in the queue.
	5800000 states explored in 653.44s, with 26274558 rules fired and 3208943 states in the queue.
	5900000 states explored in 660.22s, with 26480366 rules fired and 3286022 states in the queue.
	6000000 states explored in 667.18s, with 26685576 rules fired and 3363110 states in the queue.
	6100000 states explored in 674.55s, with 26912133 rules fired and 3438650 states in the queue.
	6200000 states explored in 681.95s, with 27159684 rules fired and 3513597 states in the queue.
	6300000 states explored in 689.74s, with 27403118 rules fired and 3587224 states in the queue.
	6400000 states explored in 698.89s, with 27671263 rules fired and 3657986 states in the queue.
	6500000 states explored in 718.89s, with 28228323 rules fired and 3697454 states in the queue.
	6600000 states explored in 742.11s, with 28869107 rules fired and 3725577 states in the queue.
	6700000 states explored in 759.33s, with 29337762 rules fired and 3772840 states in the queue.
	6800000 states explored in 773.02s, with 29707063 rules fired and 3832463 states in the queue.
	6900000 states explored in 785.90s, with 30076749 rules fired and 3890768 states in the queue.
	7000000 states explored in 799.61s, with 30467898 rules fired and 3947524 states in the queue.
	7100000 states explored in 812.94s, with 30855821 rules fired and 4004753 states in the queue.
	7200000 states explored in 827.04s, with 31258849 rules fired and 4060658 states in the queue.
	7300000 states explored in 844.63s, with 31716913 rules fired and 4110365 states in the queue.
	7400000 states explored in 861.60s, with 32210293 rules fired and 4156885 states in the queue.
	7500000 states explored in 884.57s, with 32812389 rules fired and 4186939 states in the queue.
	7600000 states explored in 905.66s, with 33382076 rules fired and 4221930 states in the queue.
	7700000 states explored in 927.12s, with 33990699 rules fired and 4253407 states in the queue.
	7800000 states explored in 949.93s, with 34598639 rules fired and 4288072 states in the queue.
	7900000 states explored in 965.92s, with 35119659 rules fired and 4333885 states in the queue.
	8000000 states explored in 980.52s, with 35446408 rules fired and 4396966 states in the queue.
	8100000 states explored in 991.10s, with 35714438 rules fired and 4467316 states in the queue.
	8200000 states explored in 1005.11s, with 35994813 rules fired and 4536548 states in the queue.
	8300000 states explored in 1015.12s, with 36266375 rules fired and 4606817 states in the queue.
	8400000 states explored in 1024.85s, with 36507750 rules fired and 4683396 states in the queue.
	8500000 states explored in 1032.83s, with 36771576 rules fired and 4758622 states in the queue.
	8600000 states explored in 1040.53s, with 37064351 rules fired and 4831749 states in the queue.
	8700000 states explored in 1051.64s, with 37390137 rules fired and 4900525 states in the queue.
	8800000 states explored in 1064.25s, with 37826309 rules fired and 4960908 states in the queue.
	8900000 states explored in 1078.69s, with 38308861 rules fired and 5016556 states in the queue.
	9000000 states explored in 1099.05s, with 38927804 rules fired and 5053965 states in the queue.
	9100000 states explored in 1127.84s, with 39583921 rules fired and 5086987 states in the queue.
	9200000 states explored in 1155.96s, with 40308989 rules fired and 5110021 states in the queue.
	9300000 states explored in 1180.46s, with 40919160 rules fired and 5147449 states in the queue.
	9400000 states explored in 1210.05s, with 41608283 rules fired and 5175395 states in the queue.
	9500000 states explored in 1236.79s, with 42350006 rules fired and 5201659 states in the queue.
	9600000 states explored in 1268.90s, with 43268107 rules fired and 5210810 states in the queue.
	9700000 states explored in 1308.34s, with 44291389 rules fired and 5205976 states in the queue.
	9800000 states explored in 1340.99s, with 45236861 rules fired and 5208944 states in the queue.
	9900000 states explored in 1380.88s, with 46341281 rules fired and 5199220 states in the queue.
	10000000 states explored in 1419.69s, with 47428356 rules fired and 5192713 states in the queue.
	10100000 states explored in 1465.70s, with 48543367 rules fired and 5184000 states in the queue.
	10200000 states explored in 1515.11s, with 49783504 rules fired and 5157670 states in the queue.
	10300000 states explored in 1544.79s, with 50493021 rules fired and 5186132 states in the queue.
	10400000 states explored in 1550.67s, with 50664803 rules fired and 5268634 states in the queue.
	10500000 states explored in 1557.49s, with 50836830 rules fired and 5350498 states in the queue.
	10600000 states explored in 1564.94s, with 51014020 rules fired and 5431812 states in the queue.
	10700000 states explored in 1570.79s, with 51189909 rules fired and 5513216 states in the queue.
	10800000 states explored in 1577.85s, with 51371401 rules fired and 5593807 states in the queue.
	10900000 states explored in 1585.01s, with 51559787 rules fired and 5674375 states in the queue.
	11000000 states explored in 1592.31s, with 51751818 rules fired and 5754204 states in the queue.
	11100000 states explored in 1599.73s, with 51952815 rules fired and 5833143 states in the queue.
	11200000 states explored in 1608.00s, with 52161521 rules fired and 5909959 states in the queue.
	11300000 states explored in 1617.51s, with 52371599 rules fired and 5986565 states in the queue.
	11400000 states explored in 1627.45s, with 52587034 rules fired and 6062209 states in the queue.
	11500000 states explored in 1635.37s, with 52801385 rules fired and 6139237 states in the queue.
	11600000 states explored in 1644.58s, with 53035777 rules fired and 6212528 states in the queue.
	11700000 states explored in 1653.64s, with 53269092 rules fired and 6287244 states in the queue.
	11800000 states explored in 1663.13s, with 53498417 rules fired and 6361989 states in the queue.
	11900000 states explored in 1672.37s, with 53742989 rules fired and 6435631 states in the queue.
	12000000 states explored in 1681.55s, with 54005672 rules fired and 6506766 states in the queue.
	12100000 states explored in 1690.95s, with 54256894 rules fired and 6580509 states in the queue.
	12200000 states explored in 1703.53s, with 54524156 rules fired and 6650327 states in the queue.
	12300000 states explored in 1715.77s, with 54802616 rules fired and 6720645 states in the queue.
	12400000 states explored in 1728.70s, with 55115206 rules fired and 6788690 states in the queue.
	12500000 states explored in 1743.79s, with 55438261 rules fired and 6853562 states in the queue.
	12600000 states explored in 1758.32s, with 55796169 rules fired and 6915167 states in the queue.
	12700000 states explored in 1773.58s, with 56143911 rules fired and 6976721 states in the queue.
	12800000 states explored in 1788.70s, with 56494376 rules fired and 7037286 states in the queue.
	12900000 states explored in 1802.57s, with 56840540 rules fired and 7100065 states in the queue.
	13000000 states explored in 1817.77s, with 57178413 rules fired and 7162593 states in the queue.
	13100000 states explored in 1834.02s, with 57517465 rules fired and 7224769 states in the queue.
	13200000 states explored in 1851.21s, with 57890506 rules fired and 7282692 states in the queue.
	13300000 states explored in 1873.82s, with 58400878 rules fired and 7324475 states in the queue.
	13400000 states explored in 1901.46s, with 59019549 rules fired and 7356783 states in the queue.
	13500000 states explored in 1938.13s, with 59825178 rules fired and 7365348 states in the queue.
	13600000 states explored in 1983.51s, with 60796787 rules fired and 7352851 states in the queue.
	13700000 states explored in 2024.51s, with 61790139 rules fired and 7338321 states in the queue.
	13800000 states explored in 2065.34s, with 62717981 rules fired and 7333029 states in the queue.
	13900000 states explored in 2106.50s, with 63723756 rules fired and 7323163 states in the queue.
	14000000 states explored in 2155.24s, with 64847683 rules fired and 7292586 states in the queue.
	14100000 states explored in 2192.02s, with 65660876 rules fired and 7298348 states in the queue.
	14200000 states explored in 2223.85s, with 66367024 rules fired and 7316357 states in the queue.
	14300000 states explored in 2258.68s, with 67168358 rules fired and 7324947 states in the queue.
	14400000 states explored in 2293.32s, with 67948822 rules fired and 7337096 states in the queue.
	14500000 states explored in 2319.39s, with 68627959 rules fired and 7365298 states in the queue.
	14600000 states explored in 2344.25s, with 69250336 rules fired and 7399174 states in the queue.
	14700000 states explored in 2384.57s, with 70071683 rules fired and 7409284 states in the queue.
	14800000 states explored in 2422.75s, with 70699495 rules fired and 7439362 states in the queue.
	14900000 states explored in 2451.75s, with 71249004 rules fired and 7480717 states in the queue.
	15000000 states explored in 2481.51s, with 71869465 rules fired and 7512306 states in the queue.
	15100000 states explored in 2501.00s, with 72356184 rules fired and 7560186 states in the queue.
	15200000 states explored in 2514.95s, with 72682812 rules fired and 7627516 states in the queue.
	15300000 states explored in 2526.34s, with 72982281 rules fired and 7698346 states in the queue.
	15400000 states explored in 2541.05s, with 73332109 rules fired and 7765786 states in the queue.
	15500000 states explored in 2558.42s, with 73721723 rules fired and 7828366 states in the queue.
	15600000 states explored in 2576.37s, with 74125440 rules fired and 7887724 states in the queue.
	15700000 states explored in 2599.51s, with 74547920 rules fired and 7944019 states in the queue.
	15800000 states explored in 2620.81s, with 74924859 rules fired and 8005510 states in the queue.
	15900000 states explored in 2641.75s, with 75341444 rules fired and 8062424 states in the queue.
	16000000 states explored in 2667.83s, with 75781765 rules fired and 8115859 states in the queue.
	16100000 states explored in 2688.92s, with 76196149 rules fired and 8176234 states in the queue.
	16200000 states explored in 2703.32s, with 76490829 rules fired and 8246835 states in the queue.
	16300000 states explored in 2723.53s, with 76910336 rules fired and 8308131 states in the queue.
	16400000 states explored in 2746.71s, with 77373457 rules fired and 8363309 states in the queue.
	16500000 states explored in 2770.60s, with 77877528 rules fired and 8414331 states in the queue.
	16600000 states explored in 2793.30s, with 78353543 rules fired and 8467635 states in the queue.
	16700000 states explored in 2813.46s, with 78860319 rules fired and 8518307 states in the queue.
	16800000 states explored in 2837.56s, with 79396624 rules fired and 8566143 states in the queue.
	16900000 states explored in 2859.42s, with 79883368 rules fired and 8619975 states in the queue.
	17000000 states explored in 2880.33s, with 80354378 rules fired and 8675458 states in the queue.

Error:

	Internal Error: Too many active states.



