This program should be regarded as a DEBUGGING aid, not as a 
certifier of correctness.
Call with the -l flag or read the license file for terms
and conditions of use.
Run this program with "-h" for the list of options.

Bugs, questions, and comments should be directed to
"melatti@di.uniroma1.it".

CMurphi compiler last modified date: Apr 10 2024
Include files last modified date:    Jul 23 2021
==========================================================================

==========================================================================
Caching Murphi Release 5.5.0
Finite-state Concurrent System Verifier.

Caching Murphi Release 5.5.0 is based on various versions of Murphi.
Caching Murphi Release 5.5.0 :
Copyright (C) 2009-2012 by Sapienza University of Rome.
Murphi release 3.1 :
Copyright (C) 1992 - 1999 by the Board of Trustees of
Leland Stanford Junior University.

==========================================================================

Protocol: ./protocols/exec/German_node8/German_node8_inv162
===========================================
  You are using EDMC algorithm.  
===========================================

===== Startstates are generated! =====
Carelist Layer 0: Cache[1].State Cache[2].State Cache[3].State Cache[4].State Cache[5].State Cache[6].State Cache[7].State Cache[8].State 

===== Init heuristics! =====

Progress Report:

	100000 states explored in 8.19s, with 288384 rules fired and 75780 states in the queue.
	200000 states explored in 11.88s, with 664805 rules fired and 142857 states in the queue.
	300000 states explored in 14.50s, with 922344 rules fired and 219533 states in the queue.
	400000 states explored in 20.32s, with 1459238 rules fired and 270345 states in the queue.
	500000 states explored in 23.58s, with 1776826 rules fired and 343348 states in the queue.
	600000 states explored in 25.80s, with 1980415 rules fired and 425313 states in the queue.
	700000 states explored in 28.55s, with 2228324 rules fired and 502961 states in the queue.
	800000 states explored in 32.23s, with 2541580 rules fired and 573847 states in the queue.
	900000 states explored in 37.37s, with 2966088 rules fired and 633840 states in the queue.
	1000000 states explored in 46.76s, with 3727473 rules fired and 662723 states in the queue.
	1100000 states explored in 55.00s, with 4423968 rules fired and 700960 states in the queue.
	1200000 states explored in 57.11s, with 4588492 rules fired and 785084 states in the queue.
	1300000 states explored in 59.56s, with 4775360 rules fired and 866753 states in the queue.
	1400000 states explored in 62.37s, with 4984217 rules fired and 946499 states in the queue.
	1500000 states explored in 65.82s, with 5231046 rules fired and 1021772 states in the queue.
	1600000 states explored in 70.41s, with 5570259 rules fired and 1088050 states in the queue.
	1700000 states explored in 75.01s, with 5888325 rules fired and 1157010 states in the queue.
	1800000 states explored in 79.74s, with 6222117 rules fired and 1224927 states in the queue.
	1900000 states explored in 86.01s, with 6647775 rules fired and 1283809 states in the queue.
	2000000 states explored in 94.56s, with 7207222 rules fired and 1329342 states in the queue.
	2100000 states explored in 103.28s, with 7780892 rules fired and 1374091 states in the queue.
	2200000 states explored in 110.69s, with 8297542 rules fired and 1425337 states in the queue.
	2300000 states explored in 124.68s, with 9206697 rules fired and 1434560 states in the queue.
	2400000 states explored in 142.97s, with 10415789 rules fired and 1416729 states in the queue.
	2500000 states explored in 145.66s, with 10595221 rules fired and 1498631 states in the queue.
	2600000 states explored in 148.36s, with 10772987 rules fired and 1580002 states in the queue.
	2700000 states explored in 151.30s, with 10960171 rules fired and 1660500 states in the queue.
	2800000 states explored in 155.05s, with 11189032 rules fired and 1736201 states in the queue.
	2900000 states explored in 158.89s, with 11421866 rules fired and 1812041 states in the queue.
	3000000 states explored in 163.30s, with 11677805 rules fired and 1885994 states in the queue.
	3100000 states explored in 170.33s, with 12099575 rules fired and 1942146 states in the queue.
	3200000 states explored in 177.30s, with 12518200 rules fired and 1999343 states in the queue.
	3300000 states explored in 183.57s, with 12875364 rules fired and 2062484 states in the queue.
	3400000 states explored in 190.70s, with 13255990 rules fired and 2122262 states in the queue.
	3500000 states explored in 198.40s, with 13688169 rules fired and 2177400 states in the queue.
	3600000 states explored in 206.76s, with 14129399 rules fired and 2229049 states in the queue.
	3700000 states explored in 216.02s, with 14652015 rules fired and 2275022 states in the queue.
	3800000 states explored in 226.76s, with 15228756 rules fired and 2314805 states in the queue.
	3900000 states explored in 238.38s, with 15834374 rules fired and 2350442 states in the queue.
	4000000 states explored in 245.61s, with 16244220 rules fired and 2408397 states in the queue.
	4100000 states explored in 252.45s, with 16608010 rules fired and 2470563 states in the queue.
	4200000 states explored in 259.64s, with 17012815 rules fired and 2531202 states in the queue.
	4300000 states explored in 270.33s, with 17501735 rules fired and 2581722 states in the queue.
	4400000 states explored in 282.71s, with 18149904 rules fired and 2614347 states in the queue.
	4500000 states explored in 297.35s, with 18908888 rules fired and 2634150 states in the queue.
	4600000 states explored in 315.28s, with 19787699 rules fired and 2640504 states in the queue.
	4700000 states explored in 333.84s, with 20792582 rules fired and 2639954 states in the queue.
	4800000 states explored in 356.06s, with 21960013 rules fired and 2623698 states in the queue.
	4900000 states explored in 359.56s, with 22131095 rules fired and 2705584 states in the queue.
	5000000 states explored in 363.44s, with 22308421 rules fired and 2786944 states in the queue.
	5100000 states explored in 367.74s, with 22490812 rules fired and 2867411 states in the queue.
	5200000 states explored in 372.34s, with 22686154 rules fired and 2946981 states in the queue.
	5300000 states explored in 376.58s, with 22889200 rules fired and 3025403 states in the queue.
	5400000 states explored in 381.10s, with 23098350 rules fired and 3103431 states in the queue.
	5500000 states explored in 386.04s, with 23328068 rules fired and 3178791 states in the queue.
	5600000 states explored in 391.73s, with 23566517 rules fired and 3253665 states in the queue.
	5700000 states explored in 396.83s, with 23808344 rules fired and 3327632 states in the queue.
	5800000 states explored in 402.30s, with 24072033 rules fired and 3399512 states in the queue.
	5900000 states explored in 409.08s, with 24326668 rules fired and 3472148 states in the queue.
	6000000 states explored in 415.59s, with 24598058 rules fired and 3543039 states in the queue.
	6100000 states explored in 422.38s, with 24918760 rules fired and 3608658 states in the queue.
	6200000 states explored in 433.68s, with 25402909 rules fired and 3655251 states in the queue.
	6300000 states explored in 449.64s, with 26065363 rules fired and 3684848 states in the queue.
	6400000 states explored in 468.12s, with 26834248 rules fired and 3698422 states in the queue.
	6500000 states explored in 483.41s, with 27462058 rules fired and 3728095 states in the queue.
	6600000 states explored in 494.99s, with 27952863 rules fired and 3775303 states in the queue.
	6700000 states explored in 510.11s, with 28564758 rules fired and 3803517 states in the queue.
	6800000 states explored in 525.16s, with 29156175 rules fired and 3835167 states in the queue.
	6900000 states explored in 540.26s, with 29762593 rules fired and 3865693 states in the queue.
	7000000 states explored in 554.32s, with 30395755 rules fired and 3896005 states in the queue.
	7100000 states explored in 567.93s, with 30983011 rules fired and 3929722 states in the queue.
	7200000 states explored in 585.23s, with 31665570 rules fired and 3950908 states in the queue.
	7300000 states explored in 600.39s, with 32335529 rules fired and 3977078 states in the queue.
	7400000 states explored in 611.42s, with 32818850 rules fired and 4023199 states in the queue.
	7500000 states explored in 619.57s, with 33140961 rules fired and 4088501 states in the queue.
	7600000 states explored in 627.92s, with 33415113 rules fired and 4159405 states in the queue.
	7700000 states explored in 638.20s, with 33874361 rules fired and 4214473 states in the queue.
	7800000 states explored in 646.23s, with 34212273 rules fired and 4281458 states in the queue.
	7900000 states explored in 655.43s, with 34659549 rules fired and 4339779 states in the queue.
	8000000 states explored in 669.85s, with 35210652 rules fired and 4385582 states in the queue.
	8100000 states explored in 682.68s, with 35736276 rules fired and 4436675 states in the queue.
	8200000 states explored in 698.92s, with 36363437 rules fired and 4473465 states in the queue.
	8300000 states explored in 714.68s, with 36995254 rules fired and 4509956 states in the queue.
	8400000 states explored in 728.41s, with 37577255 rules fired and 4550612 states in the queue.
	8500000 states explored in 742.12s, with 38283298 rules fired and 4582246 states in the queue.
	8600000 states explored in 762.41s, with 39176338 rules fired and 4593941 states in the queue.
	8700000 states explored in 781.97s, with 40112872 rules fired and 4605785 states in the queue.
	8800000 states explored in 812.07s, with 41264334 rules fired and 4591039 states in the queue.
	8900000 states explored in 839.57s, with 42450175 rules fired and 4576063 states in the queue.

==========================================================================

Result:

	Invariant "test_162" failed.

State Space Explored:

	8933507 states, 42550632 rules fired in 842.51s.

