This program should be regarded as a DEBUGGING aid, not as a 
certifier of correctness.
Call with the -l flag or read the license file for terms
and conditions of use.
Run this program with "-h" for the list of options.

Bugs, questions, and comments should be directed to
"melatti@di.uniroma1.it".

CMurphi compiler last modified date: Apr 10 2024
Include files last modified date:    Jul 23 2021
==========================================================================

==========================================================================
Caching Murphi Release 5.5.0
Finite-state Concurrent System Verifier.

Caching Murphi Release 5.5.0 is based on various versions of Murphi.
Caching Murphi Release 5.5.0 :
Copyright (C) 2009-2012 by Sapienza University of Rome.
Murphi release 3.1 :
Copyright (C) 1992 - 1999 by the Board of Trustees of
Leland Stanford Junior University.

==========================================================================

Protocol: ./protocols/exec/German_node8/German_node8_inv132
===========================================
  You are using EDMC algorithm.  
===========================================

===== Startstates are generated! =====
Carelist Layer 0: Cache[1].State Cache[2].State Cache[3].State Cache[4].State Cache[5].State Cache[6].State Cache[7].State Cache[8].State 

===== Init heuristics! =====

Progress Report:

	100000 states explored in 6.34s, with 287611 rules fired and 76003 states in the queue.
	200000 states explored in 10.35s, with 677076 rules fired and 142063 states in the queue.
	300000 states explored in 12.72s, with 912449 rules fired and 221241 states in the queue.
	400000 states explored in 16.68s, with 1284540 rules fired and 287761 states in the queue.
	500000 states explored in 22.69s, with 1858235 rules fired and 337277 states in the queue.
	600000 states explored in 24.72s, with 2049583 rules fired and 420282 states in the queue.
	700000 states explored in 27.19s, with 2277577 rules fired and 500265 states in the queue.
	800000 states explored in 30.27s, with 2545595 rules fired and 575292 states in the queue.
	900000 states explored in 33.95s, with 2859244 rules fired and 646691 states in the queue.
	1000000 states explored in 40.02s, with 3366695 rules fired and 699803 states in the queue.
	1100000 states explored in 49.92s, with 4166844 rules fired and 726791 states in the queue.
	1200000 states explored in 59.33s, with 4920588 rules fired and 759126 states in the queue.
	1300000 states explored in 61.55s, with 5101554 rules fired and 841796 states in the queue.
	1400000 states explored in 64.03s, with 5291899 rules fired and 923090 states in the queue.
	1500000 states explored in 66.63s, with 5498003 rules fired and 1003606 states in the queue.
	1600000 states explored in 70.41s, with 5777184 rules fired and 1076921 states in the queue.
	1700000 states explored in 74.39s, with 6077374 rules fired and 1147364 states in the queue.
	1800000 states explored in 78.14s, with 6354793 rules fired and 1220635 states in the queue.
	1900000 states explored in 82.37s, with 6654677 rules fired and 1291896 states in the queue.
	2000000 states explored in 87.41s, with 7012334 rules fired and 1357954 states in the queue.
	2100000 states explored in 93.66s, with 7439237 rules fired and 1416765 states in the queue.
	2200000 states explored in 100.86s, with 7921105 rules fired and 1469553 states in the queue.
	2300000 states explored in 108.13s, with 8396311 rules fired and 1523532 states in the queue.
	2400000 states explored in 120.57s, with 9202024 rules fired and 1546425 states in the queue.
	2500000 states explored in 137.46s, with 10233058 rules fired and 1543800 states in the queue.
	2600000 states explored in 153.69s, with 11294300 rules fired and 1540427 states in the queue.
	2700000 states explored in 164.02s, with 11936853 rules fired and 1578655 states in the queue.
	2800000 states explored in 166.95s, with 12119349 rules fired and 1660295 states in the queue.
	2900000 states explored in 169.75s, with 12316218 rules fired and 1741359 states in the queue.
	3000000 states explored in 173.05s, with 12522025 rules fired and 1820177 states in the queue.
	3100000 states explored in 176.51s, with 12738014 rules fired and 1898766 states in the queue.
	3200000 states explored in 180.02s, with 12962353 rules fired and 1975825 states in the queue.
	3300000 states explored in 185.66s, with 13319693 rules fired and 2041976 states in the queue.
	3400000 states explored in 191.62s, with 13678105 rules fired and 2105122 states in the queue.
	3500000 states explored in 197.43s, with 14035319 rules fired and 2168237 states in the queue.
	3600000 states explored in 203.14s, with 14376469 rules fired and 2232642 states in the queue.
	3700000 states explored in 209.20s, with 14726591 rules fired and 2295766 states in the queue.
	3800000 states explored in 215.51s, with 15078594 rules fired and 2359966 states in the queue.
	3900000 states explored in 222.29s, with 15458329 rules fired and 2419279 states in the queue.
	4000000 states explored in 230.02s, with 15900324 rules fired and 2473252 states in the queue.
	4100000 states explored in 238.86s, with 16399937 rules fired and 2521513 states in the queue.
	4200000 states explored in 247.54s, with 16875042 rules fired and 2571561 states in the queue.
	4300000 states explored in 252.98s, with 17186621 rules fired and 2640694 states in the queue.
	4400000 states explored in 260.03s, with 17549630 rules fired and 2702584 states in the queue.
	4500000 states explored in 269.06s, with 18006009 rules fired and 2753843 states in the queue.
	4600000 states explored in 280.34s, with 18607628 rules fired and 2789836 states in the queue.
	4700000 states explored in 293.74s, with 19309464 rules fired and 2817887 states in the queue.
	4800000 states explored in 307.56s, with 19998191 rules fired and 2845630 states in the queue.
	4900000 states explored in 320.67s, with 20694581 rules fired and 2874721 states in the queue.
	5000000 states explored in 337.07s, with 21450240 rules fired and 2894677 states in the queue.
	5100000 states explored in 354.72s, with 22336629 rules fired and 2905091 states in the queue.
	5200000 states explored in 371.12s, with 23271172 rules fired and 2912635 states in the queue.
	5300000 states explored in 388.63s, with 24162875 rules fired and 2920840 states in the queue.
	5400000 states explored in 415.39s, with 25528177 rules fired and 2884467 states in the queue.
	5500000 states explored in 418.71s, with 25695615 rules fired and 2965683 states in the queue.
	5600000 states explored in 422.18s, with 25870224 rules fired and 3046829 states in the queue.
	5700000 states explored in 426.07s, with 26050888 rules fired and 3126372 states in the queue.
	5800000 states explored in 429.61s, with 26243639 rules fired and 3206705 states in the queue.
	5900000 states explored in 433.66s, with 26458309 rules fired and 3284708 states in the queue.
	6000000 states explored in 438.13s, with 26679377 rules fired and 3360911 states in the queue.
	6100000 states explored in 442.61s, with 26901374 rules fired and 3438462 states in the queue.
	6200000 states explored in 447.01s, with 27121759 rules fired and 3516038 states in the queue.
	6300000 states explored in 452.11s, with 27392091 rules fired and 3588875 states in the queue.
	6400000 states explored in 458.66s, with 27725635 rules fired and 3654667 states in the queue.
	6500000 states explored in 470.43s, with 28344342 rules fired and 3689645 states in the queue.
	6600000 states explored in 480.93s, with 28881971 rules fired and 3729927 states in the queue.
	6700000 states explored in 487.62s, with 29227590 rules fired and 3791725 states in the queue.
	6800000 states explored in 494.22s, with 29562673 rules fired and 3854994 states in the queue.
	6900000 states explored in 501.99s, with 29937859 rules fired and 3913248 states in the queue.
	7000000 states explored in 510.43s, with 30339834 rules fired and 3968837 states in the queue.
	7100000 states explored in 520.14s, with 30778398 rules fired and 4020007 states in the queue.
	7200000 states explored in 529.84s, with 31207936 rules fired and 4071891 states in the queue.
	7300000 states explored in 539.56s, with 31648872 rules fired and 4122394 states in the queue.
	7400000 states explored in 549.96s, with 32141954 rules fired and 4166486 states in the queue.
	7500000 states explored in 559.23s, with 32590635 rules fired and 4217775 states in the queue.
	7600000 states explored in 570.32s, with 33142134 rules fired and 4258645 states in the queue.
	7700000 states explored in 583.70s, with 33738021 rules fired and 4291587 states in the queue.
	7800000 states explored in 597.94s, with 34347463 rules fired and 4323320 states in the queue.
	7900000 states explored in 613.22s, with 35002137 rules fired and 4349147 states in the queue.
	8000000 states explored in 621.53s, with 35365823 rules fired and 4409762 states in the queue.
	8100000 states explored in 628.90s, with 35659880 rules fired and 4476815 states in the queue.
	8200000 states explored in 638.25s, with 36027515 rules fired and 4534581 states in the queue.
	8300000 states explored in 644.09s, with 36312967 rules fired and 4604126 states in the queue.
	8400000 states explored in 651.09s, with 36613013 rules fired and 4674378 states in the queue.
	8500000 states explored in 657.40s, with 36869278 rules fired and 4749732 states in the queue.
	8600000 states explored in 662.78s, with 37159333 rules fired and 4823229 states in the queue.
	8700000 states explored in 668.63s, with 37448349 rules fired and 4896250 states in the queue.
	8800000 states explored in 675.97s, with 37766404 rules fired and 4966097 states in the queue.
	8900000 states explored in 683.37s, with 38166156 rules fired and 5029231 states in the queue.
	9000000 states explored in 693.56s, with 38645851 rules fired and 5085238 states in the queue.
	9100000 states explored in 707.06s, with 39280324 rules fired and 5122326 states in the queue.
	9200000 states explored in 723.09s, with 39923068 rules fired and 5155206 states in the queue.
	9300000 states explored in 740.78s, with 40690932 rules fired and 5176591 states in the queue.
	9400000 states explored in 757.45s, with 41422202 rules fired and 5201739 states in the queue.
	9500000 states explored in 774.51s, with 42135316 rules fired and 5230988 states in the queue.
	9600000 states explored in 796.70s, with 43016121 rules fired and 5241623 states in the queue.
	9700000 states explored in 820.54s, with 44035490 rules fired and 5238647 states in the queue.
	9800000 states explored in 843.95s, with 45075175 rules fired and 5232966 states in the queue.
	9900000 states explored in 867.95s, with 46143032 rules fired and 5224256 states in the queue.
	10000000 states explored in 892.97s, with 47251968 rules fired and 5214935 states in the queue.
	10100000 states explored in 920.98s, with 48393774 rules fired and 5195776 states in the queue.
	10200000 states explored in 954.63s, with 49848409 rules fired and 5150503 states in the queue.
	10300000 states explored in 970.23s, with 50496384 rules fired and 5185179 states in the queue.
	10400000 states explored in 974.08s, with 50679705 rules fired and 5265873 states in the queue.
	10500000 states explored in 978.19s, with 50861510 rules fired and 5345951 states in the queue.
	10600000 states explored in 982.29s, with 51042371 rules fired and 5426330 states in the queue.
	10700000 states explored in 987.02s, with 51232576 rules fired and 5505255 states in the queue.
	10800000 states explored in 991.49s, with 51418185 rules fired and 5584897 states in the queue.
	10900000 states explored in 995.98s, with 51605486 rules fired and 5664293 states in the queue.
	11000000 states explored in 1000.25s, with 51800036 rules fired and 5743774 states in the queue.
	11100000 states explored in 1005.41s, with 52000835 rules fired and 5822565 states in the queue.
	11200000 states explored in 1010.23s, with 52213798 rules fired and 5900858 states in the queue.
	11300000 states explored in 1014.82s, with 52420650 rules fired and 5978754 states in the queue.
	11400000 states explored in 1020.00s, with 52639118 rules fired and 6055088 states in the queue.
	11500000 states explored in 1024.63s, with 52851101 rules fired and 6133282 states in the queue.
	11600000 states explored in 1029.46s, with 53069009 rules fired and 6210386 states in the queue.
	11700000 states explored in 1035.26s, with 53299120 rules fired and 6286036 states in the queue.
	11800000 states explored in 1040.31s, with 53525729 rules fired and 6363086 states in the queue.
	11900000 states explored in 1045.31s, with 53753953 rules fired and 6439879 states in the queue.
	12000000 states explored in 1050.93s, with 53995464 rules fired and 6514931 states in the queue.
	12100000 states explored in 1057.13s, with 54254998 rules fired and 6587504 states in the queue.
	12200000 states explored in 1063.36s, with 54520478 rules fired and 6659867 states in the queue.
	12300000 states explored in 1070.09s, with 54801370 rules fired and 6729999 states in the queue.
	12400000 states explored in 1076.95s, with 55108991 rules fired and 6797507 states in the queue.
	12500000 states explored in 1083.90s, with 55427457 rules fired and 6863522 states in the queue.
	12600000 states explored in 1091.84s, with 55740030 rules fired and 6928517 states in the queue.
	12700000 states explored in 1098.49s, with 56038714 rules fired and 6996549 states in the queue.
	12800000 states explored in 1104.65s, with 56335170 rules fired and 7064277 states in the queue.
	12900000 states explored in 1111.69s, with 56655892 rules fired and 7129574 states in the queue.
	13000000 states explored in 1120.37s, with 57031399 rules fired and 7187988 states in the queue.
	13100000 states explored in 1128.86s, with 57406801 rules fired and 7245694 states in the queue.
	13200000 states explored in 1137.63s, with 57772213 rules fired and 7303588 states in the queue.
	13300000 states explored in 1152.11s, with 58372121 rules fired and 7334227 states in the queue.
	13400000 states explored in 1168.14s, with 59051080 rules fired and 7357551 states in the queue.
	13500000 states explored in 1183.00s, with 59723181 rules fired and 7384826 states in the queue.
	13600000 states explored in 1207.64s, with 60674518 rules fired and 7379118 states in the queue.
	13700000 states explored in 1234.67s, with 61692516 rules fired and 7366097 states in the queue.
	13800000 states explored in 1261.05s, with 62775248 rules fired and 7341341 states in the queue.
	13900000 states explored in 1289.65s, with 63805499 rules fired and 7322201 states in the queue.
	14000000 states explored in 1305.03s, with 64405594 rules fired and 7354628 states in the queue.
	14100000 states explored in 1322.05s, with 65079434 rules fired and 7377682 states in the queue.
	14200000 states explored in 1340.01s, with 65779058 rules fired and 7395940 states in the queue.
	14300000 states explored in 1358.78s, with 66512733 rules fired and 7412560 states in the queue.
	14400000 states explored in 1378.24s, with 67262448 rules fired and 7429297 states in the queue.
	14500000 states explored in 1397.41s, with 68023302 rules fired and 7444893 states in the queue.
	14600000 states explored in 1417.90s, with 68845232 rules fired and 7452331 states in the queue.
	14700000 states explored in 1436.34s, with 69486021 rules fired and 7479205 states in the queue.
	14800000 states explored in 1459.52s, with 70319269 rules fired and 7486435 states in the queue.
	14900000 states explored in 1486.62s, with 71239710 rules fired and 7481292 states in the queue.
	15000000 states explored in 1503.56s, with 71866967 rules fired and 7509891 states in the queue.
	15100000 states explored in 1517.65s, with 72391377 rules fired and 7551376 states in the queue.
	15200000 states explored in 1524.12s, with 72629115 rules fired and 7628928 states in the queue.
	15300000 states explored in 1530.86s, with 72895836 rules fired and 7703781 states in the queue.
	15400000 states explored in 1538.60s, with 73152455 rules fired and 7779175 states in the queue.
	15500000 states explored in 1546.42s, with 73468847 rules fired and 7848914 states in the queue.
	15600000 states explored in 1557.81s, with 73851479 rules fired and 7911297 states in the queue.
	15700000 states explored in 1569.26s, with 74258368 rules fired and 7969757 states in the queue.
	15800000 states explored in 1585.13s, with 74705761 rules fired and 8023033 states in the queue.
	15900000 states explored in 1600.68s, with 75187730 rules fired and 8075541 states in the queue.
	16000000 states explored in 1612.66s, with 75627975 rules fired and 8131446 states in the queue.
	16100000 states explored in 1624.81s, with 75983602 rules fired and 8194902 states in the queue.
	16200000 states explored in 1633.88s, with 76295983 rules fired and 8264877 states in the queue.
	16300000 states explored in 1643.95s, with 76672718 rules fired and 8329139 states in the queue.
	16400000 states explored in 1656.37s, with 77061487 rules fired and 8392920 states in the queue.
	16500000 states explored in 1670.41s, with 77539754 rules fired and 8446756 states in the queue.
	16600000 states explored in 1683.05s, with 78001830 rules fired and 8502148 states in the queue.
	16700000 states explored in 1698.57s, with 78552057 rules fired and 8551933 states in the queue.
	16800000 states explored in 1713.04s, with 79065756 rules fired and 8603750 states in the queue.
	16900000 states explored in 1728.17s, with 79669766 rules fired and 8646043 states in the queue.
	17000000 states explored in 1751.28s, with 80375641 rules fired and 8673851 states in the queue.

Error:

	Internal Error: Too many active states.



