This program should be regarded as a DEBUGGING aid, not as a 
certifier of correctness.
Call with the -l flag or read the license file for terms
and conditions of use.
Run this program with "-h" for the list of options.

Bugs, questions, and comments should be directed to
"melatti@di.uniroma1.it".

CMurphi compiler last modified date: Apr 10 2024
Include files last modified date:    Jul 23 2021
==========================================================================

==========================================================================
Caching Murphi Release 5.5.0
Finite-state Concurrent System Verifier.

Caching Murphi Release 5.5.0 is based on various versions of Murphi.
Caching Murphi Release 5.5.0 :
Copyright (C) 2009-2012 by Sapienza University of Rome.
Murphi release 3.1 :
Copyright (C) 1992 - 1999 by the Board of Trustees of
Leland Stanford Junior University.

==========================================================================

Protocol: ./protocols/exec/German_node8/German_node8_inv257
===========================================
  You are using EDMC algorithm.  
===========================================

===== Startstates are generated! =====
Carelist Layer 0: Cache[1].State Cache[2].State Cache[3].State Cache[4].State Cache[5].State Cache[6].State Cache[7].State Cache[8].State 

===== Init heuristics! =====

Progress Report:

	100000 states explored in 7.08s, with 287895 rules fired and 76006 states in the queue.
	200000 states explored in 11.71s, with 678036 rules fired and 142031 states in the queue.
	300000 states explored in 14.10s, with 909629 rules fired and 221556 states in the queue.
	400000 states explored in 18.31s, with 1295220 rules fired and 286735 states in the queue.
	500000 states explored in 24.44s, with 1859891 rules fired and 337202 states in the queue.
	600000 states explored in 26.56s, with 2052255 rules fired and 419797 states in the queue.
	700000 states explored in 29.12s, with 2276391 rules fired and 499594 states in the queue.
	800000 states explored in 32.08s, with 2538825 rules fired and 575857 states in the queue.
	900000 states explored in 36.29s, with 2877630 rules fired and 644555 states in the queue.
	1000000 states explored in 42.94s, with 3407829 rules fired and 695556 states in the queue.
	1100000 states explored in 53.24s, with 4216036 rules fired and 721864 states in the queue.
	1200000 states explored in 62.56s, with 4924949 rules fired and 758984 states in the queue.
	1300000 states explored in 64.82s, with 5098943 rules fired and 842646 states in the queue.
	1400000 states explored in 67.33s, with 5287691 rules fired and 924273 states in the queue.
	1500000 states explored in 70.04s, with 5483540 rules fired and 1005234 states in the queue.
	1600000 states explored in 73.72s, with 5739749 rules fired and 1081112 states in the queue.
	1700000 states explored in 78.01s, with 6048136 rules fired and 1150966 states in the queue.
	1800000 states explored in 81.95s, with 6323376 rules fired and 1224163 states in the queue.
	1900000 states explored in 86.49s, with 6625430 rules fired and 1294303 states in the queue.
	2000000 states explored in 92.17s, with 6983060 rules fired and 1359931 states in the queue.
	2100000 states explored in 99.20s, with 7436529 rules fired and 1416821 states in the queue.
	2200000 states explored in 107.53s, with 7955984 rules fired and 1465254 states in the queue.
	2300000 states explored in 114.12s, with 8356175 rules fired and 1525902 states in the queue.
	2400000 states explored in 125.99s, with 9100660 rules fired and 1554810 states in the queue.
	2500000 states explored in 145.75s, with 10260686 rules fired and 1540093 states in the queue.
	2600000 states explored in 163.60s, with 11350191 rules fired and 1533666 states in the queue.
	2700000 states explored in 173.65s, with 11946375 rules fired and 1578884 states in the queue.
	2800000 states explored in 177.08s, with 12136304 rules fired and 1660815 states in the queue.
	2900000 states explored in 180.48s, with 12341309 rules fired and 1741101 states in the queue.
	3000000 states explored in 184.35s, with 12545948 rules fired and 1820782 states in the queue.
	3100000 states explored in 188.41s, with 12759542 rules fired and 1898165 states in the queue.
	3200000 states explored in 192.83s, with 13008746 rules fired and 1971979 states in the queue.
	3300000 states explored in 199.40s, with 13363628 rules fired and 2037278 states in the queue.
	3400000 states explored in 205.77s, with 13702673 rules fired and 2102606 states in the queue.
	3500000 states explored in 212.39s, with 14047741 rules fired and 2166399 states in the queue.
	3600000 states explored in 217.82s, with 14360325 rules fired and 2234439 states in the queue.
	3700000 states explored in 224.58s, with 14712010 rules fired and 2296544 states in the queue.
	3800000 states explored in 231.59s, with 15069276 rules fired and 2359032 states in the queue.
	3900000 states explored in 239.61s, with 15466741 rules fired and 2416765 states in the queue.
	4000000 states explored in 249.16s, with 15931087 rules fired and 2468558 states in the queue.
	4100000 states explored in 260.50s, with 16492606 rules fired and 2509468 states in the queue.
	4200000 states explored in 268.77s, with 16924079 rules fired and 2566115 states in the queue.
	4300000 states explored in 275.70s, with 17251999 rules fired and 2631412 states in the queue.
	4400000 states explored in 283.89s, with 17643725 rules fired and 2691178 states in the queue.
	4500000 states explored in 291.61s, with 18015970 rules fired and 2752501 states in the queue.
	4600000 states explored in 303.18s, with 18551639 rules fired and 2796486 states in the queue.
	4700000 states explored in 317.44s, with 19209896 rules fired and 2827503 states in the queue.
	4800000 states explored in 333.92s, with 19970297 rules fired and 2848942 states in the queue.
	4900000 states explored in 348.18s, with 20619733 rules fired and 2883108 states in the queue.
	5000000 states explored in 364.13s, with 21375337 rules fired and 2906435 states in the queue.
	5100000 states explored in 386.09s, with 22344622 rules fired and 2904637 states in the queue.
	5200000 states explored in 408.01s, with 23412092 rules fired and 2890927 states in the queue.
	5300000 states explored in 427.92s, with 24425390 rules fired and 2892084 states in the queue.
	5400000 states explored in 450.05s, with 25528221 rules fired and 2884515 states in the queue.
	5500000 states explored in 453.83s, with 25705516 rules fired and 2965444 states in the queue.
	5600000 states explored in 457.83s, with 25888441 rules fired and 3045678 states in the queue.
	5700000 states explored in 461.94s, with 26076990 rules fired and 3125308 states in the queue.
	5800000 states explored in 466.07s, with 26267808 rules fired and 3205261 states in the queue.
	5900000 states explored in 470.50s, with 26475488 rules fired and 3284178 states in the queue.
	6000000 states explored in 475.52s, with 26688740 rules fired and 3362072 states in the queue.
	6100000 states explored in 481.96s, with 26923965 rules fired and 3436953 states in the queue.
	6200000 states explored in 487.42s, with 27160787 rules fired and 3511024 states in the queue.
	6300000 states explored in 493.05s, with 27410931 rules fired and 3585398 states in the queue.
	6400000 states explored in 498.48s, with 27673171 rules fired and 3657456 states in the queue.
	6500000 states explored in 509.30s, with 28116483 rules fired and 3708354 states in the queue.
	6600000 states explored in 524.81s, with 28802620 rules fired and 3733766 states in the queue.
	6700000 states explored in 536.14s, with 29294968 rules fired and 3780179 states in the queue.
	6800000 states explored in 545.81s, with 29681348 rules fired and 3834615 states in the queue.
	6900000 states explored in 555.05s, with 30057356 rules fired and 3891301 states in the queue.
	7000000 states explored in 565.73s, with 30461426 rules fired and 3943798 states in the queue.
	7100000 states explored in 578.19s, with 30927496 rules fired and 3989966 states in the queue.
	7200000 states explored in 590.41s, with 31377207 rules fired and 4039512 states in the queue.
	7300000 states explored in 603.87s, with 31900206 rules fired and 4081756 states in the queue.
	7400000 states explored in 618.00s, with 32452088 rules fired and 4120549 states in the queue.
	7500000 states explored in 633.38s, with 33055709 rules fired and 4153952 states in the queue.
	7600000 states explored in 652.59s, with 33722559 rules fired and 4179974 states in the queue.
	7700000 states explored in 671.78s, with 34420799 rules fired and 4202947 states in the queue.
	7800000 states explored in 685.66s, with 34959448 rules fired and 4247693 states in the queue.
	7900000 states explored in 693.85s, with 35285628 rules fired and 4313270 states in the queue.
	8000000 states explored in 703.79s, with 35619384 rules fired and 4375082 states in the queue.
	8100000 states explored in 710.29s, with 35857182 rules fired and 4449186 states in the queue.
	8200000 states explored in 717.06s, with 36116698 rules fired and 4521653 states in the queue.
	8300000 states explored in 724.73s, with 36409719 rules fired and 4591510 states in the queue.
	8400000 states explored in 731.71s, with 36664937 rules fired and 4666383 states in the queue.
	8500000 states explored in 739.16s, with 36944791 rules fired and 4738842 states in the queue.
	8600000 states explored in 746.42s, with 37237033 rules fired and 4811676 states in the queue.
	8700000 states explored in 753.08s, with 37530380 rules fired and 4884648 states in the queue.
	8800000 states explored in 763.26s, with 37954178 rules fired and 4945170 states in the queue.
	8900000 states explored in 774.92s, with 38431641 rules fired and 4999665 states in the queue.
	9000000 states explored in 790.83s, with 39063158 rules fired and 5036612 states in the queue.
	9100000 states explored in 808.46s, with 39738132 rules fired and 5068910 states in the queue.
	9200000 states explored in 827.50s, with 40429550 rules fired and 5098446 states in the queue.
	9300000 states explored in 845.82s, with 41121811 rules fired and 5128764 states in the queue.
	9400000 states explored in 864.29s, with 41856342 rules fired and 5150812 states in the queue.
	9500000 states explored in 878.89s, with 42489341 rules fired and 5188090 states in the queue.
	9600000 states explored in 903.54s, with 43391739 rules fired and 5198165 states in the queue.
	9700000 states explored in 928.57s, with 44380541 rules fired and 5197278 states in the queue.
	9800000 states explored in 954.90s, with 45455143 rules fired and 5185323 states in the queue.
	9900000 states explored in 981.30s, with 46492022 rules fired and 5180830 states in the queue.
	10000000 states explored in 1006.45s, with 47462732 rules fired and 5183831 states in the queue.
	10100000 states explored in 1032.19s, with 48650066 rules fired and 5169058 states in the queue.
	10200000 states explored in 1061.06s, with 49912662 rules fired and 5145476 states in the queue.
	10300000 states explored in 1078.18s, with 50489347 rules fired and 5186433 states in the queue.
	10400000 states explored in 1081.98s, with 50656306 rules fired and 5269145 states in the queue.
	10500000 states explored in 1086.40s, with 50829086 rules fired and 5350968 states in the queue.
	10600000 states explored in 1091.79s, with 51006782 rules fired and 5432205 states in the queue.
	10700000 states explored in 1096.48s, with 51189715 rules fired and 5513299 states in the queue.
	10800000 states explored in 1100.63s, with 51374970 rules fired and 5594666 states in the queue.
	10900000 states explored in 1105.22s, with 51558197 rules fired and 5675226 states in the queue.
	11000000 states explored in 1110.18s, with 51746755 rules fired and 5755462 states in the queue.
	11100000 states explored in 1114.79s, with 51932973 rules fired and 5836339 states in the queue.
	11200000 states explored in 1120.42s, with 52128703 rules fired and 5915765 states in the queue.
	11300000 states explored in 1125.47s, with 52331458 rules fired and 5994033 states in the queue.
	11400000 states explored in 1130.51s, with 52532392 rules fired and 6072962 states in the queue.
	11500000 states explored in 1136.06s, with 52737878 rules fired and 6151577 states in the queue.
	11600000 states explored in 1143.27s, with 52959309 rules fired and 6227724 states in the queue.
	11700000 states explored in 1150.51s, with 53189476 rules fired and 6302048 states in the queue.
	11800000 states explored in 1158.03s, with 53427098 rules fired and 6375636 states in the queue.
	11900000 states explored in 1164.42s, with 53657020 rules fired and 6450919 states in the queue.
	12000000 states explored in 1170.84s, with 53888378 rules fired and 6527042 states in the queue.
	12100000 states explored in 1177.35s, with 54130701 rules fired and 6601927 states in the queue.
	12200000 states explored in 1183.35s, with 54375623 rules fired and 6675876 states in the queue.
	12300000 states explored in 1190.97s, with 54633565 rules fired and 6747463 states in the queue.
	12400000 states explored in 1199.01s, with 54896594 rules fired and 6818274 states in the queue.
	12500000 states explored in 1207.83s, with 55197453 rules fired and 6885447 states in the queue.
	12600000 states explored in 1216.30s, with 55517472 rules fired and 6950675 states in the queue.
	12700000 states explored in 1224.49s, with 55839188 rules fired and 7016326 states in the queue.
	12800000 states explored in 1233.24s, with 56176513 rules fired and 7079652 states in the queue.
	12900000 states explored in 1242.46s, with 56534480 rules fired and 7141573 states in the queue.
	13000000 states explored in 1251.84s, with 56918141 rules fired and 7200750 states in the queue.
	13100000 states explored in 1261.46s, with 57289762 rules fired and 7260303 states in the queue.
	13200000 states explored in 1273.62s, with 57686424 rules fired and 7314148 states in the queue.
	13300000 states explored in 1289.59s, with 58205257 rules fired and 7353864 states in the queue.
	13400000 states explored in 1306.57s, with 58825999 rules fired and 7385370 states in the queue.
	13500000 states explored in 1324.79s, with 59420649 rules fired and 7418606 states in the queue.
	13600000 states explored in 1352.59s, with 60321736 rules fired and 7411322 states in the queue.
	13700000 states explored in 1379.02s, with 61243996 rules fired and 7403000 states in the queue.
	13800000 states explored in 1407.65s, with 62173230 rules fired and 7398225 states in the queue.
	13900000 states explored in 1438.39s, with 63216877 rules fired and 7377255 states in the queue.
	14000000 states explored in 1477.67s, with 64355653 rules fired and 7344366 states in the queue.
	14100000 states explored in 1507.99s, with 65509474 rules fired and 7315015 states in the queue.
	14200000 states explored in 1535.17s, with 66444198 rules fired and 7311630 states in the queue.
	14300000 states explored in 1561.90s, with 67389372 rules fired and 7308890 states in the queue.
	14400000 states explored in 1587.73s, with 68279747 rules fired and 7310977 states in the queue.
	14500000 states explored in 1607.95s, with 68950020 rules fired and 7337853 states in the queue.
	14600000 states explored in 1627.47s, with 69636098 rules fired and 7362651 states in the queue.
	14700000 states explored in 1653.70s, with 70479714 rules fired and 7367938 states in the queue.
	14800000 states explored in 1678.46s, with 71203404 rules fired and 7384628 states in the queue.
	14900000 states explored in 1691.66s, with 71645076 rules fired and 7436192 states in the queue.
	15000000 states explored in 1709.56s, with 72256427 rules fired and 7470005 states in the queue.
	15100000 states explored in 1720.03s, with 72614271 rules fired and 7533367 states in the queue.
	15200000 states explored in 1728.62s, with 72875137 rules fired and 7608122 states in the queue.
	15300000 states explored in 1737.31s, with 73159786 rules fired and 7681837 states in the queue.
	15400000 states explored in 1745.96s, with 73471485 rules fired and 7752482 states in the queue.
	15500000 states explored in 1756.90s, with 73826221 rules fired and 7818277 states in the queue.
	15600000 states explored in 1768.68s, with 74224111 rules fired and 7877581 states in the queue.
	15700000 states explored in 1779.48s, with 74613289 rules fired and 7938478 states in the queue.
	15800000 states explored in 1792.22s, with 75008811 rules fired and 7998277 states in the queue.
	15900000 states explored in 1806.89s, with 75450051 rules fired and 8053130 states in the queue.
	16000000 states explored in 1822.76s, with 75900695 rules fired and 8106866 states in the queue.
	16100000 states explored in 1837.05s, with 76353924 rules fired and 8160560 states in the queue.
	16200000 states explored in 1845.92s, with 76688079 rules fired and 8226130 states in the queue.
	16300000 states explored in 1856.27s, with 77031902 rules fired and 8292567 states in the queue.
	16400000 states explored in 1869.16s, with 77516981 rules fired and 8346420 states in the queue.
	16500000 states explored in 1884.13s, with 78000916 rules fired and 8397843 states in the queue.
	16600000 states explored in 1899.99s, with 78455729 rules fired and 8452645 states in the queue.
	16700000 states explored in 1915.66s, with 78970916 rules fired and 8502719 states in the queue.
	16800000 states explored in 1929.22s, with 79486679 rules fired and 8553397 states in the queue.
	16900000 states explored in 1945.81s, with 80039738 rules fired and 8598864 states in the queue.
	17000000 states explored in 1960.10s, with 80609939 rules fired and 8646005 states in the queue.

Error:

	Internal Error: Too many active states.



