This program should be regarded as a DEBUGGING aid, not as a 
certifier of correctness.
Call with the -l flag or read the license file for terms
and conditions of use.
Run this program with "-h" for the list of options.

Bugs, questions, and comments should be directed to
"melatti@di.uniroma1.it".

CMurphi compiler last modified date: Apr 10 2024
Include files last modified date:    Jul 23 2021
==========================================================================

==========================================================================
Caching Murphi Release 5.5.0
Finite-state Concurrent System Verifier.

Caching Murphi Release 5.5.0 is based on various versions of Murphi.
Caching Murphi Release 5.5.0 :
Copyright (C) 2009-2012 by Sapienza University of Rome.
Murphi release 3.1 :
Copyright (C) 1992 - 1999 by the Board of Trustees of
Leland Stanford Junior University.

==========================================================================

Protocol: ./protocols/exec/German_node8/German_node8_inv24
===========================================
  You are using EDMC algorithm.  
===========================================

===== Startstates are generated! =====
Carelist Layer 0: Cache[1].State Cache[2].State Cache[3].State Cache[4].State Cache[5].State Cache[6].State Cache[7].State Cache[8].State 

===== Init heuristics! =====

Progress Report:

	100000 states explored in 5.76s, with 291299 rules fired and 75242 states in the queue.
	200000 states explored in 8.90s, with 659373 rules fired and 143033 states in the queue.
	300000 states explored in 11.33s, with 917565 rules fired and 218758 states in the queue.
	400000 states explored in 16.85s, with 1512451 rules fired and 265543 states in the queue.
	500000 states explored in 18.90s, with 1738915 rules fired and 346065 states in the queue.
	600000 states explored in 20.72s, with 1933257 rules fired and 428727 states in the queue.
	700000 states explored in 23.21s, with 2183676 rules fired and 506156 states in the queue.
	800000 states explored in 26.18s, with 2491397 rules fired and 578105 states in the queue.
	900000 states explored in 31.05s, with 3012852 rules fired and 628484 states in the queue.
	1000000 states explored in 36.83s, with 3819399 rules fired and 654136 states in the queue.
	1100000 states explored in 40.00s, with 4272555 rules fired and 712617 states in the queue.
	1200000 states explored in 41.34s, with 4454711 rules fired and 794654 states in the queue.
	1300000 states explored in 42.96s, with 4665248 rules fired and 873836 states in the queue.

==========================================================================

Result:

	Invariant "test_24" failed.

State Space Explored:

	1314553 states, 4695070 rules fired in 43.23s.

