This program should be regarded as a DEBUGGING aid, not as a 
certifier of correctness.
Call with the -l flag or read the license file for terms
and conditions of use.
Run this program with "-h" for the list of options.

Bugs, questions, and comments should be directed to
"melatti@di.uniroma1.it".

CMurphi compiler last modified date: Apr 10 2024
Include files last modified date:    Jul 23 2021
==========================================================================

==========================================================================
Caching Murphi Release 5.5.0
Finite-state Concurrent System Verifier.

Caching Murphi Release 5.5.0 is based on various versions of Murphi.
Caching Murphi Release 5.5.0 :
Copyright (C) 2009-2012 by Sapienza University of Rome.
Murphi release 3.1 :
Copyright (C) 1992 - 1999 by the Board of Trustees of
Leland Stanford Junior University.

==========================================================================

Protocol: ./protocols/exec/German_node8/German_node8_inv203
===========================================
  You are using EDMC algorithm.  
===========================================

===== Startstates are generated! =====
Carelist Layer 0: Cache[1].State Cache[2].State Cache[3].State Cache[4].State Cache[5].State Cache[6].State Cache[7].State Cache[8].State 

===== Init heuristics! =====

Progress Report:

	100000 states explored in 5.74s, with 287828 rules fired and 75820 states in the queue.
	200000 states explored in 9.12s, with 664331 rules fired and 142773 states in the queue.
	300000 states explored in 11.58s, with 919623 rules fired and 219565 states in the queue.
	400000 states explored in 16.57s, with 1417819 rules fired and 274519 states in the queue.
	500000 states explored in 20.01s, with 1778607 rules fired and 343153 states in the queue.
	600000 states explored in 21.93s, with 1972824 rules fired and 426150 states in the queue.
	700000 states explored in 24.59s, with 2224288 rules fired and 503383 states in the queue.
	800000 states explored in 27.81s, with 2525521 rules fired and 575686 states in the queue.
	900000 states explored in 32.55s, with 2933446 rules fired and 637250 states in the queue.
	1000000 states explored in 41.05s, with 3656340 rules fired and 670040 states in the queue.
	1100000 states explored in 49.64s, with 4428916 rules fired and 700498 states in the queue.
	1200000 states explored in 51.66s, with 4605859 rules fired and 783817 states in the queue.
	1300000 states explored in 54.08s, with 4812540 rules fired and 865067 states in the queue.
	1400000 states explored in 56.87s, with 5036380 rules fired and 942987 states in the queue.
	1500000 states explored in 60.21s, with 5298731 rules fired and 1016565 states in the queue.
	1600000 states explored in 64.05s, with 5593101 rules fired and 1087484 states in the queue.
	1700000 states explored in 68.12s, with 5891536 rules fired and 1157448 states in the queue.
	1800000 states explored in 72.28s, with 6200782 rules fired and 1227275 states in the queue.
	1900000 states explored in 77.69s, with 6605114 rules fired and 1287226 states in the queue.
	2000000 states explored in 84.84s, with 7133035 rules fired and 1336704 states in the queue.
	2100000 states explored in 92.58s, with 7692823 rules fired and 1383087 states in the queue.
	2200000 states explored in 101.72s, with 8295051 rules fired and 1424799 states in the queue.
	2300000 states explored in 116.49s, with 9297909 rules fired and 1425610 states in the queue.
	2400000 states explored in 132.33s, with 10415744 rules fired and 1416728 states in the queue.
	2500000 states explored in 135.00s, with 10591590 rules fired and 1498204 states in the queue.
	2600000 states explored in 137.95s, with 10777595 rules fired and 1578960 states in the queue.
	2700000 states explored in 141.02s, with 10967663 rules fired and 1659908 states in the queue.
	2800000 states explored in 144.45s, with 11181816 rules fired and 1737448 states in the queue.
	2900000 states explored in 148.35s, with 11416147 rules fired and 1812833 states in the queue.
	3000000 states explored in 153.15s, with 11695856 rules fired and 1883455 states in the queue.
	3100000 states explored in 160.03s, with 12095749 rules fired and 1940840 states in the queue.
	3200000 states explored in 167.84s, with 12562880 rules fired and 1990954 states in the queue.
	3300000 states explored in 173.14s, with 12886907 rules fired and 2058193 states in the queue.
	3400000 states explored in 180.59s, with 13323674 rules fired and 2112014 states in the queue.
	3500000 states explored in 186.33s, with 13702515 rules fired and 2174822 states in the queue.
	3600000 states explored in 194.66s, with 14156816 rules fired and 2228730 states in the queue.
	3700000 states explored in 203.18s, with 14639550 rules fired and 2278963 states in the queue.
	3800000 states explored in 214.17s, with 15253736 rules fired and 2315877 states in the queue.
	3900000 states explored in 224.93s, with 15841058 rules fired and 2356352 states in the queue.
	4000000 states explored in 232.07s, with 16231164 rules fired and 2416318 states in the queue.
	4100000 states explored in 239.86s, with 16626943 rules fired and 2474831 states in the queue.
	4200000 states explored in 247.62s, with 17064563 rules fired and 2530451 states in the queue.
	4300000 states explored in 260.94s, with 17744345 rules fired and 2560805 states in the queue.
	4400000 states explored in 275.13s, with 18412607 rules fired and 2587192 states in the queue.
	4500000 states explored in 289.96s, with 19148681 rules fired and 2608483 states in the queue.
	4600000 states explored in 305.26s, with 19954805 rules fired and 2625951 states in the queue.
	4700000 states explored in 323.95s, with 20939033 rules fired and 2622995 states in the queue.
	4800000 states explored in 343.35s, with 21960146 rules fired and 2623682 states in the queue.
	4900000 states explored in 347.00s, with 22135871 rules fired and 2704744 states in the queue.
	5000000 states explored in 350.58s, with 22311120 rules fired and 2785646 states in the queue.
	5100000 states explored in 354.43s, with 22497030 rules fired and 2865873 states in the queue.
	5200000 states explored in 358.30s, with 22685195 rules fired and 2946293 states in the queue.
	5300000 states explored in 362.10s, with 22888744 rules fired and 3026508 states in the queue.
	5400000 states explored in 366.40s, with 23096550 rules fired and 3105812 states in the queue.
	5500000 states explored in 370.63s, with 23312854 rules fired and 3183873 states in the queue.
	5600000 states explored in 375.34s, with 23550434 rules fired and 3259004 states in the queue.
	5700000 states explored in 380.90s, with 23799652 rules fired and 3332471 states in the queue.
	5800000 states explored in 386.48s, with 24057007 rules fired and 3403447 states in the queue.
	5900000 states explored in 392.04s, with 24326747 rules fired and 3475273 states in the queue.
	6000000 states explored in 398.38s, with 24612014 rules fired and 3542215 states in the queue.
	6100000 states explored in 405.60s, with 24938931 rules fired and 3605945 states in the queue.
	6200000 states explored in 419.39s, with 25537111 rules fired and 3637887 states in the queue.
	6300000 states explored in 434.50s, with 26201435 rules fired and 3664609 states in the queue.
	6400000 states explored in 449.93s, with 26858355 rules fired and 3690663 states in the queue.
	6500000 states explored in 464.25s, with 27487141 rules fired and 3719541 states in the queue.
	6600000 states explored in 475.78s, with 28006791 rules fired and 3760609 states in the queue.
	6700000 states explored in 486.91s, with 28488998 rules fired and 3808646 states in the queue.
	6800000 states explored in 499.65s, with 29051764 rules fired and 3847479 states in the queue.
	6900000 states explored in 510.64s, with 29569260 rules fired and 3891734 states in the queue.
	7000000 states explored in 524.75s, with 30132668 rules fired and 3930378 states in the queue.
	7100000 states explored in 540.39s, with 30796451 rules fired and 3956157 states in the queue.
	7200000 states explored in 557.33s, with 31482222 rules fired and 3978361 states in the queue.
	7300000 states explored in 575.13s, with 32227546 rules fired and 3995580 states in the queue.
	7400000 states explored in 589.57s, with 32839719 rules fired and 4026900 states in the queue.
	7500000 states explored in 598.79s, with 33163133 rules fired and 4089686 states in the queue.
	7600000 states explored in 607.24s, with 33535269 rules fired and 4149052 states in the queue.
	7700000 states explored in 618.88s, with 34016419 rules fired and 4200295 states in the queue.
	7800000 states explored in 624.73s, with 34291323 rules fired and 4275202 states in the queue.
	7900000 states explored in 631.24s, with 34602762 rules fired and 4346248 states in the queue.
	8000000 states explored in 640.02s, with 35010467 rules fired and 4404831 states in the queue.
	8100000 states explored in 650.59s, with 35523026 rules fired and 4454783 states in the queue.
	8200000 states explored in 661.84s, with 36088953 rules fired and 4501801 states in the queue.
	8300000 states explored in 675.69s, with 36768891 rules fired and 4532764 states in the queue.
	8400000 states explored in 693.25s, with 37480364 rules fired and 4560533 states in the queue.
	8500000 states explored in 707.62s, with 38204333 rules fired and 4590805 states in the queue.
	8600000 states explored in 727.04s, with 39133404 rules fired and 4600034 states in the queue.
	8700000 states explored in 750.93s, with 40276026 rules fired and 4587296 states in the queue.
	8800000 states explored in 777.12s, with 41406043 rules fired and 4576018 states in the queue.
	8900000 states explored in 798.00s, with 42453211 rules fired and 4575710 states in the queue.
	9000000 states explored in 802.42s, with 42658097 rules fired and 4655330 states in the queue.
	9100000 states explored in 805.87s, with 42817515 rules fired and 4739212 states in the queue.
	9200000 states explored in 809.89s, with 42985135 rules fired and 4821536 states in the queue.
	9300000 states explored in 813.95s, with 43155735 rules fired and 4904036 states in the queue.
	9400000 states explored in 817.71s, with 43323954 rules fired and 4986662 states in the queue.
	9500000 states explored in 822.10s, with 43495819 rules fired and 5068515 states in the queue.
	9600000 states explored in 825.59s, with 43678339 rules fired and 5150112 states in the queue.
	9700000 states explored in 830.49s, with 43880840 rules fired and 5229194 states in the queue.

==========================================================================

Result:

	Invariant "test_203" failed.

State Space Explored:

	9741547 states, 43958061 rules fired in 832.67s.

