This program should be regarded as a DEBUGGING aid, not as a 
certifier of correctness.
Call with the -l flag or read the license file for terms
and conditions of use.
Run this program with "-h" for the list of options.

Bugs, questions, and comments should be directed to
"melatti@di.uniroma1.it".

CMurphi compiler last modified date: Apr 10 2024
Include files last modified date:    Jul 23 2021
==========================================================================

==========================================================================
Caching Murphi Release 5.5.0
Finite-state Concurrent System Verifier.

Caching Murphi Release 5.5.0 is based on various versions of Murphi.
Caching Murphi Release 5.5.0 :
Copyright (C) 2009-2012 by Sapienza University of Rome.
Murphi release 3.1 :
Copyright (C) 1992 - 1999 by the Board of Trustees of
Leland Stanford Junior University.

==========================================================================

Protocol: ./protocols/exec/German_node8/German_node8_inv259
===========================================
  You are using EDMC algorithm.  
===========================================

===== Startstates are generated! =====
Carelist Layer 0: Cache[1].State Cache[2].State Cache[3].State Cache[4].State Cache[5].State Cache[6].State Cache[7].State Cache[8].State 

===== Init heuristics! =====

Progress Report:

	100000 states explored in 5.96s, with 288997 rules fired and 76034 states in the queue.
	200000 states explored in 10.00s, with 684368 rules fired and 141581 states in the queue.
	300000 states explored in 12.34s, with 915091 rules fired and 221793 states in the queue.
	400000 states explored in 15.93s, with 1242557 rules fired and 292926 states in the queue.
	500000 states explored in 23.47s, with 1901002 rules fired and 334183 states in the queue.
	600000 states explored in 25.60s, with 2085676 rules fired and 417464 states in the queue.
	700000 states explored in 28.30s, with 2309823 rules fired and 497309 states in the queue.
	800000 states explored in 31.32s, with 2562386 rules fired and 574922 states in the queue.
	900000 states explored in 35.42s, with 2879418 rules fired and 645555 states in the queue.
	1000000 states explored in 41.45s, with 3348167 rules fired and 702606 states in the queue.
	1100000 states explored in 50.51s, with 4032641 rules fired and 740665 states in the queue.
	1200000 states explored in 63.74s, with 5009038 rules fired and 753451 states in the queue.
	1300000 states explored in 67.27s, with 5258671 rules fired and 829957 states in the queue.
	1400000 states explored in 69.76s, with 5444340 rules fired and 912617 states in the queue.
	1500000 states explored in 72.52s, with 5639960 rules fired and 994288 states in the queue.
	1600000 states explored in 75.64s, with 5845868 rules fired and 1074558 states in the queue.
	1700000 states explored in 80.36s, with 6180423 rules fired and 1142819 states in the queue.
	1800000 states explored in 84.12s, with 6451413 rules fired and 1218089 states in the queue.
	1900000 states explored in 88.59s, with 6737562 rules fired and 1289964 states in the queue.
	2000000 states explored in 93.84s, with 7066713 rules fired and 1357825 states in the queue.
	2100000 states explored in 100.57s, with 7488996 rules fired and 1417403 states in the queue.
	2200000 states explored in 107.18s, with 7897039 rules fired and 1477798 states in the queue.
	2300000 states explored in 114.11s, with 8273223 rules fired and 1540298 states in the queue.
	2400000 states explored in 122.07s, with 8714428 rules fired and 1596852 states in the queue.
	2500000 states explored in 136.25s, with 9502270 rules fired and 1620071 states in the queue.
	2600000 states explored in 154.33s, with 10532339 rules fired and 1620464 states in the queue.
	2700000 states explored in 178.35s, with 11853762 rules fired and 1589073 states in the queue.
	2800000 states explored in 192.59s, with 12632526 rules fired and 1617013 states in the queue.
	2900000 states explored in 195.97s, with 12811359 rules fired and 1699438 states in the queue.
	3000000 states explored in 199.63s, with 13003170 rules fired and 1780776 states in the queue.
	3100000 states explored in 203.54s, with 13204653 rules fired and 1860543 states in the queue.
	3200000 states explored in 207.40s, with 13408261 rules fired and 1940315 states in the queue.
	3300000 states explored in 211.95s, with 13632642 rules fired and 2017430 states in the queue.
	3400000 states explored in 219.12s, with 13987618 rules fired and 2081840 states in the queue.
	3500000 states explored in 225.52s, with 14309183 rules fired and 2148933 states in the queue.
	3600000 states explored in 231.46s, with 14630747 rules fired and 2217195 states in the queue.
	3700000 states explored in 237.56s, with 14949877 rules fired and 2285479 states in the queue.
	3800000 states explored in 243.71s, with 15271872 rules fired and 2353472 states in the queue.
	3900000 states explored in 251.47s, with 15646221 rules fired and 2414322 states in the queue.
	4000000 states explored in 259.60s, with 16040261 rules fired and 2472795 states in the queue.
	4100000 states explored in 268.16s, with 16421504 rules fired and 2535170 states in the queue.
	4200000 states explored in 278.25s, with 16892385 rules fired and 2586367 states in the queue.
	4300000 states explored in 288.07s, with 17342793 rules fired and 2639287 states in the queue.
	4400000 states explored in 293.80s, with 17607951 rules fired and 2713085 states in the queue.
	4500000 states explored in 302.56s, with 17952484 rules fired and 2776109 states in the queue.
	4600000 states explored in 311.52s, with 18322954 rules fired and 2835094 states in the queue.
	4700000 states explored in 322.62s, with 18720941 rules fired and 2890791 states in the queue.
	4800000 states explored in 334.08s, with 19150059 rules fired and 2944988 states in the queue.
	4900000 states explored in 352.18s, with 19814972 rules fired and 2973447 states in the queue.
	5000000 states explored in 366.19s, with 20400008 rules fired and 3013531 states in the queue.
	5100000 states explored in 387.18s, with 21195480 rules fired and 3028576 states in the queue.
	5200000 states explored in 404.81s, with 21884621 rules fired and 3058787 states in the queue.
	5300000 states explored in 424.48s, with 22658956 rules fired and 3079457 states in the queue.
	5400000 states explored in 447.74s, with 23678335 rules fired and 3072576 states in the queue.
	5500000 states explored in 472.98s, with 24745343 rules fired and 3063870 states in the queue.
	5600000 states explored in 496.94s, with 25857087 rules fired and 3058452 states in the queue.
	5700000 states explored in 526.24s, with 27132609 rules fired and 3033495 states in the queue.
	5800000 states explored in 537.63s, with 27563783 rules fired and 3090893 states in the queue.
	5900000 states explored in 542.55s, with 27753427 rules fired and 3171939 states in the queue.
	6000000 states explored in 546.93s, with 27948112 rules fired and 3252078 states in the queue.
	6100000 states explored in 551.54s, with 28151985 rules fired and 3332190 states in the queue.
	6200000 states explored in 557.14s, with 28361025 rules fired and 3410545 states in the queue.
	6300000 states explored in 562.28s, with 28575641 rules fired and 3488414 states in the queue.
	6400000 states explored in 568.05s, with 28793914 rules fired and 3565286 states in the queue.
	6500000 states explored in 574.14s, with 29010849 rules fired and 3642275 states in the queue.
	6600000 states explored in 583.00s, with 29319896 rules fired and 3708938 states in the queue.
	6700000 states explored in 599.76s, with 29931864 rules fired and 3741669 states in the queue.
	6800000 states explored in 611.78s, with 30379648 rules fired and 3791953 states in the queue.
	6900000 states explored in 621.75s, with 30754063 rules fired and 3851540 states in the queue.
	7000000 states explored in 631.02s, with 31105990 rules fired and 3912938 states in the queue.
	7100000 states explored in 639.15s, with 31457304 rules fired and 3976015 states in the queue.
	7200000 states explored in 648.21s, with 31831373 rules fired and 4035956 states in the queue.
	7300000 states explored in 658.05s, with 32221118 rules fired and 4093454 states in the queue.
	7400000 states explored in 668.99s, with 32633144 rules fired and 4146513 states in the queue.
	7500000 states explored in 680.93s, with 33061268 rules fired and 4198770 states in the queue.
	7600000 states explored in 693.16s, with 33508128 rules fired and 4249690 states in the queue.
	7700000 states explored in 705.77s, with 33974714 rules fired and 4297206 states in the queue.
	7800000 states explored in 718.22s, with 34430954 rules fired and 4348939 states in the queue.
	7900000 states explored in 732.55s, with 34941106 rules fired and 4393041 states in the queue.
	8000000 states explored in 749.98s, with 35517269 rules fired and 4429613 states in the queue.
	8100000 states explored in 765.51s, with 36079983 rules fired and 4465089 states in the queue.
	8200000 states explored in 774.81s, with 36401420 rules fired and 4529969 states in the queue.
	8300000 states explored in 783.22s, with 36664350 rules fired and 4600707 states in the queue.
	8400000 states explored in 792.66s, with 36952306 rules fired and 4668122 states in the queue.
	8500000 states explored in 800.33s, with 37195929 rules fired and 4740169 states in the queue.
	8600000 states explored in 809.54s, with 37437938 rules fired and 4812893 states in the queue.
	8700000 states explored in 818.56s, with 37688248 rules fired and 4884220 states in the queue.
	8800000 states explored in 827.00s, with 37931782 rules fired and 4960536 states in the queue.
	8900000 states explored in 834.91s, with 38192524 rules fired and 5036653 states in the queue.
	9000000 states explored in 842.83s, with 38495813 rules fired and 5105891 states in the queue.
	9100000 states explored in 851.63s, with 38790546 rules fired and 5177655 states in the queue.
	9200000 states explored in 865.97s, with 39211872 rules fired and 5234662 states in the queue.
	9300000 states explored in 885.48s, with 39804190 rules fired and 5275931 states in the queue.
	9400000 states explored in 911.55s, with 40555723 rules fired and 5291619 states in the queue.
	9500000 states explored in 937.33s, with 41313843 rules fired and 5308808 states in the queue.
	9600000 states explored in 957.07s, with 41959832 rules fired and 5338146 states in the queue.
	9700000 states explored in 977.68s, with 42590689 rules fired and 5372964 states in the queue.
	9800000 states explored in 997.87s, with 43233863 rules fired and 5403488 states in the queue.
	9900000 states explored in 1013.37s, with 43784237 rules fired and 5448722 states in the queue.
	10000000 states explored in 1032.24s, with 44396871 rules fired and 5487278 states in the queue.
	10100000 states explored in 1056.22s, with 45190553 rules fired and 5508368 states in the queue.
	10200000 states explored in 1080.36s, with 46046135 rules fired and 5522865 states in the queue.
	10300000 states explored in 1107.60s, with 46964539 rules fired and 5531748 states in the queue.
	10400000 states explored in 1132.81s, with 47913847 rules fired and 5543213 states in the queue.
	10500000 states explored in 1164.04s, with 49050083 rules fired and 5528966 states in the queue.
	10600000 states explored in 1188.38s, with 49890064 rules fired and 5545692 states in the queue.
	10700000 states explored in 1214.19s, with 50912206 rules fired and 5550256 states in the queue.
	10800000 states explored in 1246.14s, with 52137731 rules fired and 5533133 states in the queue.
	10900000 states explored in 1290.54s, with 53662980 rules fired and 5483037 states in the queue.
	11000000 states explored in 1327.43s, with 54759465 rules fired and 5469913 states in the queue.
	11100000 states explored in 1332.77s, with 54934705 rules fired and 5550783 states in the queue.
	11200000 states explored in 1338.45s, with 55115030 rules fired and 5631346 states in the queue.
	11300000 states explored in 1343.67s, with 55302113 rules fired and 5711863 states in the queue.
	11400000 states explored in 1349.66s, with 55495935 rules fired and 5790579 states in the queue.
	11500000 states explored in 1355.32s, with 55684767 rules fired and 5869938 states in the queue.
	11600000 states explored in 1360.60s, with 55872553 rules fired and 5950056 states in the queue.
	11700000 states explored in 1366.82s, with 56074777 rules fired and 6028874 states in the queue.
	11800000 states explored in 1373.12s, with 56277406 rules fired and 6107291 states in the queue.
	11900000 states explored in 1379.67s, with 56485729 rules fired and 6185251 states in the queue.
	12000000 states explored in 1386.01s, with 56702537 rules fired and 6262605 states in the queue.
	12100000 states explored in 1391.63s, with 56909478 rules fired and 6341278 states in the queue.
	12200000 states explored in 1399.14s, with 57132084 rules fired and 6416682 states in the queue.
	12300000 states explored in 1405.67s, with 57353016 rules fired and 6493489 states in the queue.
	12400000 states explored in 1413.45s, with 57579888 rules fired and 6568634 states in the queue.
	12500000 states explored in 1422.60s, with 57828832 rules fired and 6641295 states in the queue.
	12600000 states explored in 1431.47s, with 58109485 rules fired and 6711719 states in the queue.
	12700000 states explored in 1441.16s, with 58415801 rules fired and 6778508 states in the queue.
	12800000 states explored in 1449.47s, with 58727419 rules fired and 6845313 states in the queue.
	12900000 states explored in 1457.59s, with 59026921 rules fired and 6912824 states in the queue.
	13000000 states explored in 1466.61s, with 59333420 rules fired and 6979531 states in the queue.
	13100000 states explored in 1475.86s, with 59639833 rules fired and 7046492 states in the queue.
	13200000 states explored in 1487.12s, with 59951786 rules fired and 7112686 states in the queue.
	13300000 states explored in 1497.38s, with 60291295 rules fired and 7174802 states in the queue.
	13400000 states explored in 1508.05s, with 60610122 rules fired and 7238071 states in the queue.
	13500000 states explored in 1519.43s, with 60963027 rules fired and 7298181 states in the queue.
	13600000 states explored in 1536.50s, with 61489603 rules fired and 7337468 states in the queue.
	13700000 states explored in 1554.56s, with 62230891 rules fired and 7351380 states in the queue.
	13800000 states explored in 1574.32s, with 63025472 rules fired and 7362024 states in the queue.
	13900000 states explored in 1610.18s, with 64157681 rules fired and 7330887 states in the queue.
	14000000 states explored in 1647.54s, with 65341542 rules fired and 7293576 states in the queue.
	14100000 states explored in 1662.26s, with 66026202 rules fired and 7314397 states in the queue.
	14200000 states explored in 1677.87s, with 66711166 rules fired and 7333096 states in the queue.
	14300000 states explored in 1689.74s, with 67295224 rules fired and 7370088 states in the queue.
	14400000 states explored in 1701.62s, with 67864710 rules fired and 7406875 states in the queue.
	14500000 states explored in 1714.70s, with 68432096 rules fired and 7440715 states in the queue.
	14600000 states explored in 1729.27s, with 69074831 rules fired and 7469147 states in the queue.
	14700000 states explored in 1742.91s, with 69690823 rules fired and 7502714 states in the queue.
	14800000 states explored in 1763.06s, with 70410949 rules fired and 7523070 states in the queue.
	14900000 states explored in 1775.97s, with 71069562 rules fired and 7552129 states in the queue.
	15000000 states explored in 1788.67s, with 71719183 rules fired and 7580572 states in the queue.
	15100000 states explored in 1798.97s, with 72230889 rules fired and 7624875 states in the queue.
	15200000 states explored in 1810.71s, with 72734221 rules fired and 7670132 states in the queue.
	15300000 states explored in 1823.58s, with 73281605 rules fired and 7710129 states in the queue.
	15400000 states explored in 1838.83s, with 73905518 rules fired and 7738411 states in the queue.
	15500000 states explored in 1851.44s, with 74308897 rules fired and 7794493 states in the queue.
	15600000 states explored in 1860.39s, with 74729951 rules fired and 7845699 states in the queue.
	15700000 states explored in 1866.67s, with 75007354 rules fired and 7917114 states in the queue.
	15800000 states explored in 1872.87s, with 75245007 rules fired and 7994580 states in the queue.
	15900000 states explored in 1877.29s, with 75476586 rules fired and 8072170 states in the queue.
	16000000 states explored in 1881.96s, with 75721882 rules fired and 8147909 states in the queue.
	16100000 states explored in 1888.19s, with 75983879 rules fired and 8222232 states in the queue.
	16200000 states explored in 1895.20s, with 76286725 rules fired and 8291506 states in the queue.
	16300000 states explored in 1903.43s, with 76617238 rules fired and 8357969 states in the queue.
	16400000 states explored in 1910.20s, with 76989607 rules fired and 8418946 states in the queue.
	16500000 states explored in 1919.07s, with 77413662 rules fired and 8473951 states in the queue.
	16600000 states explored in 1927.57s, with 77818027 rules fired and 8532301 states in the queue.
	16700000 states explored in 1936.92s, with 78232353 rules fired and 8588893 states in the queue.
	16800000 states explored in 1944.86s, with 78650731 rules fired and 8646680 states in the queue.

Error:

	Internal Error: Too many active states.



