This program should be regarded as a DEBUGGING aid, not as a 
certifier of correctness.
Call with the -l flag or read the license file for terms
and conditions of use.
Run this program with "-h" for the list of options.

Bugs, questions, and comments should be directed to
"melatti@di.uniroma1.it".

CMurphi compiler last modified date: Apr 10 2024
Include files last modified date:    Jul 23 2021
==========================================================================

==========================================================================
Caching Murphi Release 5.5.0
Finite-state Concurrent System Verifier.

Caching Murphi Release 5.5.0 is based on various versions of Murphi.
Caching Murphi Release 5.5.0 :
Copyright (C) 2009-2012 by Sapienza University of Rome.
Murphi release 3.1 :
Copyright (C) 1992 - 1999 by the Board of Trustees of
Leland Stanford Junior University.

==========================================================================

Protocol: ./protocols/exec/German_node8/German_node8_inv105
===========================================
  You are using EDMC algorithm.  
===========================================

===== Startstates are generated! =====
Carelist Layer 0: Cache[1].State Cache[2].State Cache[3].State Cache[4].State Cache[5].State Cache[6].State Cache[7].State Cache[8].State 

===== Init heuristics! =====

Progress Report:

	100000 states explored in 6.17s, with 289370 rules fired and 75581 states in the queue.
	200000 states explored in 9.94s, with 656663 rules fired and 143261 states in the queue.
	300000 states explored in 12.88s, with 917322 rules fired and 219015 states in the queue.
	400000 states explored in 19.53s, with 1520196 rules fired and 264968 states in the queue.
	500000 states explored in 21.88s, with 1738375 rules fired and 346220 states in the queue.
	600000 states explored in 24.13s, with 1932075 rules fired and 429026 states in the queue.
	700000 states explored in 26.99s, with 2180570 rules fired and 506733 states in the queue.
	800000 states explored in 30.68s, with 2476922 rules fired and 579655 states in the queue.
	900000 states explored in 37.37s, with 2968451 rules fired and 632063 states in the queue.
	1000000 states explored in 48.86s, with 3840352 rules fired and 651582 states in the queue.

==========================================================================

Result:

	Invariant "test_105" failed.

State Space Explored:

	1060681 states, 4202662 rules fired in 53.56s.

