This program should be regarded as a DEBUGGING aid, not as a 
certifier of correctness.
Call with the -l flag or read the license file for terms
and conditions of use.
Run this program with "-h" for the list of options.

Bugs, questions, and comments should be directed to
"melatti@di.uniroma1.it".

CMurphi compiler last modified date: Apr 10 2024
Include files last modified date:    Jul 23 2021
==========================================================================

==========================================================================
Caching Murphi Release 5.5.0
Finite-state Concurrent System Verifier.

Caching Murphi Release 5.5.0 is based on various versions of Murphi.
Caching Murphi Release 5.5.0 :
Copyright (C) 2009-2012 by Sapienza University of Rome.
Murphi release 3.1 :
Copyright (C) 1992 - 1999 by the Board of Trustees of
Leland Stanford Junior University.

==========================================================================

Protocol: ./protocols/exec/German_node8/German_node8_inv93
===========================================
  You are using EDMC algorithm.  
===========================================

===== Startstates are generated! =====
Carelist Layer 0: Cache[1].State Cache[2].State Cache[3].State Cache[4].State Cache[5].State Cache[6].State Cache[7].State Cache[8].State 

===== Init heuristics! =====

Progress Report:

	100000 states explored in 6.12s, with 289882 rules fired and 75652 states in the queue.
	200000 states explored in 9.68s, with 665844 rules fired and 142894 states in the queue.
	300000 states explored in 12.24s, with 914363 rules fired and 219987 states in the queue.
	400000 states explored in 17.56s, with 1417483 rules fired and 274489 states in the queue.
	500000 states explored in 21.30s, with 1780234 rules fired and 343300 states in the queue.
	600000 states explored in 23.43s, with 1981303 rules fired and 425808 states in the queue.
	700000 states explored in 26.14s, with 2232472 rules fired and 503323 states in the queue.
	800000 states explored in 29.23s, with 2511251 rules fired and 577714 states in the queue.
	900000 states explored in 34.16s, with 2928832 rules fired and 638341 states in the queue.
	1000000 states explored in 42.41s, with 3613677 rules fired and 674023 states in the queue.
	1100000 states explored in 52.07s, with 4428014 rules fired and 700369 states in the queue.
	1200000 states explored in 54.24s, with 4611506 rules fired and 782674 states in the queue.
	1300000 states explored in 56.66s, with 4810442 rules fired and 863413 states in the queue.
	1400000 states explored in 59.40s, with 5027834 rules fired and 941624 states in the queue.
	1500000 states explored in 62.90s, with 5309760 rules fired and 1014964 states in the queue.
	1600000 states explored in 66.53s, with 5590495 rules fired and 1086381 states in the queue.
	1700000 states explored in 70.40s, with 5886153 rules fired and 1157423 states in the queue.
	1800000 states explored in 74.92s, with 6213985 rules fired and 1224197 states in the queue.
	1900000 states explored in 80.84s, with 6641006 rules fired and 1282320 states in the queue.
	2000000 states explored in 88.63s, with 7185875 rules fired and 1329643 states in the queue.
	2100000 states explored in 96.72s, with 7733958 rules fired and 1377238 states in the queue.
	2200000 states explored in 106.69s, with 8398095 rules fired and 1412931 states in the queue.
	2300000 states explored in 120.26s, with 9342154 rules fired and 1420393 states in the queue.
	2400000 states explored in 135.26s, with 10415774 rules fired and 1416724 states in the queue.
	2500000 states explored in 137.86s, with 10592579 rules fired and 1497999 states in the queue.
	2600000 states explored in 140.95s, with 10796840 rules fired and 1576672 states in the queue.
	2700000 states explored in 144.29s, with 11005837 rules fired and 1654694 states in the queue.
	2800000 states explored in 147.75s, with 11226699 rules fired and 1733411 states in the queue.
	2900000 states explored in 151.13s, with 11452935 rules fired and 1810099 states in the queue.
	3000000 states explored in 155.03s, with 11720128 rules fired and 1884188 states in the queue.
	3100000 states explored in 160.81s, with 12093844 rules fired and 1947288 states in the queue.
	3200000 states explored in 168.65s, with 12594805 rules fired and 1994351 states in the queue.
	3300000 states explored in 174.39s, with 12966393 rules fired and 2054671 states in the queue.
	3400000 states explored in 180.51s, with 13341421 rules fired and 2115223 states in the queue.
	3500000 states explored in 187.05s, with 13746811 rules fired and 2172115 states in the queue.
	3600000 states explored in 194.68s, with 14207459 rules fired and 2223104 states in the queue.
	3700000 states explored in 203.57s, with 14755922 rules fired and 2265586 states in the queue.
	3800000 states explored in 213.61s, with 15350287 rules fired and 2303722 states in the queue.
	3900000 states explored in 223.94s, with 15964182 rules fired and 2339266 states in the queue.
	4000000 states explored in 228.87s, with 16283082 rules fired and 2408937 states in the queue.
	4100000 states explored in 234.59s, with 16635546 rules fired and 2473927 states in the queue.
	4200000 states explored in 241.80s, with 17061256 rules fired and 2530369 states in the queue.
	4300000 states explored in 252.60s, with 17667337 rules fired and 2568992 states in the queue.
	4400000 states explored in 266.04s, with 18404683 rules fired and 2589605 states in the queue.
	4500000 states explored in 279.87s, with 19193736 rules fired and 2606675 states in the queue.
	4600000 states explored in 296.33s, with 20097356 rules fired and 2610793 states in the queue.
	4700000 states explored in 310.58s, with 20929675 rules fired and 2627848 states in the queue.
	4800000 states explored in 328.54s, with 21960022 rules fired and 2623675 states in the queue.
	4900000 states explored in 331.23s, with 22121914 rules fired and 2706381 states in the queue.
	5000000 states explored in 334.39s, with 22300322 rules fired and 2786925 states in the queue.
	5100000 states explored in 337.47s, with 22485315 rules fired and 2866741 states in the queue.
	5200000 states explored in 341.13s, with 22686248 rules fired and 2944755 states in the queue.
	5300000 states explored in 344.93s, with 22885989 rules fired and 3022229 states in the queue.
	5400000 states explored in 348.20s, with 23097796 rules fired and 3100336 states in the queue.
	5500000 states explored in 352.35s, with 23335669 rules fired and 3175803 states in the queue.
	5600000 states explored in 356.45s, with 23564110 rules fired and 3249234 states in the queue.
	5700000 states explored in 360.30s, with 23795002 rules fired and 3325193 states in the queue.
	5800000 states explored in 364.58s, with 24030539 rules fired and 3400056 states in the queue.
	5900000 states explored in 369.07s, with 24284348 rules fired and 3473639 states in the queue.
	6000000 states explored in 374.03s, with 24540560 rules fired and 3546448 states in the queue.
	6100000 states explored in 380.19s, with 24905219 rules fired and 3609294 states in the queue.
	6200000 states explored in 392.69s, with 25536661 rules fired and 3640114 states in the queue.
	6300000 states explored in 404.17s, with 26165655 rules fired and 3673772 states in the queue.
	6400000 states explored in 417.38s, with 26895730 rules fired and 3692979 states in the queue.
	6500000 states explored in 428.43s, with 27510127 rules fired and 3725909 states in the queue.
	6600000 states explored in 438.15s, with 28022172 rules fired and 3767869 states in the queue.
	6700000 states explored in 447.87s, with 28504809 rules fired and 3816807 states in the queue.
	6800000 states explored in 459.19s, with 29059028 rules fired and 3857010 states in the queue.
	6900000 states explored in 472.62s, with 29710340 rules fired and 3883404 states in the queue.
	7000000 states explored in 485.37s, with 30327205 rules fired and 3913513 states in the queue.
	7100000 states explored in 497.71s, with 30958641 rules fired and 3942148 states in the queue.
	7200000 states explored in 510.91s, with 31613680 rules fired and 3967477 states in the queue.
	7300000 states explored in 526.01s, with 32384368 rules fired and 3979296 states in the queue.
	7400000 states explored in 536.82s, with 32944917 rules fired and 4017450 states in the queue.
	7500000 states explored in 543.07s, with 33246307 rules fired and 4085006 states in the queue.
	7600000 states explored in 551.84s, with 33606359 rules fired and 4145216 states in the queue.
	7700000 states explored in 561.87s, with 34066824 rules fired and 4198162 states in the queue.
	7800000 states explored in 567.35s, with 34352793 rules fired and 4271509 states in the queue.
	7900000 states explored in 573.15s, with 34646642 rules fired and 4343950 states in the queue.
	8000000 states explored in 581.76s, with 35056950 rules fired and 4404639 states in the queue.
	8100000 states explored in 593.40s, with 35617261 rules fired and 4451920 states in the queue.
	8200000 states explored in 606.32s, with 36234251 rules fired and 4490821 states in the queue.
	8300000 states explored in 617.96s, with 36852181 rules fired and 4532354 states in the queue.
	8400000 states explored in 631.34s, with 37476999 rules fired and 4571378 states in the queue.
	8500000 states explored in 643.89s, with 38142368 rules fired and 4609098 states in the queue.
	8600000 states explored in 661.13s, with 39024547 rules fired and 4624599 states in the queue.
	8700000 states explored in 686.31s, with 40215975 rules fired and 4603278 states in the queue.
	8800000 states explored in 709.04s, with 41353749 rules fired and 4586427 states in the queue.
	8900000 states explored in 731.56s, with 42460214 rules fired and 4575214 states in the queue.

==========================================================================

Result:

	Invariant "test_93" failed.

State Space Explored:

	8908686 states, 42509254 rules fired in 732.52s.

