This program should be regarded as a DEBUGGING aid, not as a 
certifier of correctness.
Call with the -l flag or read the license file for terms
and conditions of use.
Run this program with "-h" for the list of options.

Bugs, questions, and comments should be directed to
"melatti@di.uniroma1.it".

CMurphi compiler last modified date: Apr 10 2024
Include files last modified date:    Jul 23 2021
==========================================================================

==========================================================================
Caching Murphi Release 5.5.0
Finite-state Concurrent System Verifier.

Caching Murphi Release 5.5.0 is based on various versions of Murphi.
Caching Murphi Release 5.5.0 :
Copyright (C) 2009-2012 by Sapienza University of Rome.
Murphi release 3.1 :
Copyright (C) 1992 - 1999 by the Board of Trustees of
Leland Stanford Junior University.

==========================================================================

Protocol: ./protocols/exec/German_node8/German_node8_inv254
===========================================
  You are using EDMC algorithm.  
===========================================

===== Startstates are generated! =====
Carelist Layer 0: Cache[1].State Cache[2].State Cache[3].State Cache[4].State Cache[5].State Cache[6].State Cache[7].State Cache[8].State 

===== Init heuristics! =====

Progress Report:

	100000 states explored in 6.04s, with 287979 rules fired and 75963 states in the queue.
	200000 states explored in 9.87s, with 678184 rules fired and 141848 states in the queue.
	300000 states explored in 12.31s, with 918070 rules fired and 220847 states in the queue.
	400000 states explored in 16.21s, with 1281876 rules fired and 288608 states in the queue.
	500000 states explored in 22.35s, with 1857942 rules fired and 337151 states in the queue.
	600000 states explored in 24.59s, with 2061749 rules fired and 419041 states in the queue.
	700000 states explored in 27.19s, with 2289055 rules fired and 498691 states in the queue.
	800000 states explored in 30.31s, with 2554590 rules fired and 574255 states in the queue.
	900000 states explored in 34.37s, with 2901738 rules fired and 641900 states in the queue.
	1000000 states explored in 40.49s, with 3402162 rules fired and 695857 states in the queue.
	1100000 states explored in 50.63s, with 4226381 rules fired and 721504 states in the queue.
	1200000 states explored in 59.34s, with 4921118 rules fired and 759335 states in the queue.
	1300000 states explored in 61.67s, with 5096869 rules fired and 842796 states in the queue.
	1400000 states explored in 64.39s, with 5292796 rules fired and 924119 states in the queue.
	1500000 states explored in 67.20s, with 5502016 rules fired and 1004383 states in the queue.
	1600000 states explored in 70.69s, with 5750060 rules fired and 1080743 states in the queue.
	1700000 states explored in 75.08s, with 6065492 rules fired and 1149854 states in the queue.
	1800000 states explored in 79.41s, with 6357063 rules fired and 1221395 states in the queue.
	1900000 states explored in 84.17s, with 6673783 rules fired and 1289890 states in the queue.
	2000000 states explored in 89.43s, with 7046545 rules fired and 1354740 states in the queue.
	2100000 states explored in 96.12s, with 7492028 rules fired and 1412913 states in the queue.
	2200000 states explored in 103.65s, with 7962494 rules fired and 1466964 states in the queue.
	2300000 states explored in 108.90s, with 8295627 rules fired and 1534731 states in the queue.
	2400000 states explored in 120.32s, with 9012649 rules fired and 1566498 states in the queue.
	2500000 states explored in 139.25s, with 10151241 rules fired and 1554424 states in the queue.
	2600000 states explored in 158.59s, with 11347086 rules fired and 1536319 states in the queue.
	2700000 states explored in 168.23s, with 11939436 rules fired and 1578517 states in the queue.
	2800000 states explored in 171.28s, with 12113119 rules fired and 1660293 states in the queue.
	2900000 states explored in 174.82s, with 12311173 rules fired and 1740534 states in the queue.
	3000000 states explored in 178.82s, with 12523223 rules fired and 1819719 states in the queue.
	3100000 states explored in 183.21s, with 12750804 rules fired and 1897487 states in the queue.
	3200000 states explored in 187.39s, with 12987756 rules fired and 1974478 states in the queue.
	3300000 states explored in 194.36s, with 13363942 rules fired and 2036753 states in the queue.
	3400000 states explored in 200.30s, with 13685440 rules fired and 2105345 states in the queue.
	3500000 states explored in 206.27s, with 14022574 rules fired and 2170860 states in the queue.
	3600000 states explored in 212.32s, with 14345288 rules fired and 2236741 states in the queue.
	3700000 states explored in 219.52s, with 14707418 rules fired and 2300076 states in the queue.
	3800000 states explored in 227.09s, with 15049216 rules fired and 2363643 states in the queue.
	3900000 states explored in 235.09s, with 15426229 rules fired and 2424039 states in the queue.
	4000000 states explored in 244.70s, with 15869221 rules fired and 2478562 states in the queue.
	4100000 states explored in 256.56s, with 16400117 rules fired and 2524306 states in the queue.
	4200000 states explored in 266.89s, with 16851217 rules fired and 2577166 states in the queue.
	4300000 states explored in 274.12s, with 17177081 rules fired and 2643950 states in the queue.
	4400000 states explored in 283.78s, with 17560834 rules fired and 2702915 states in the queue.
	4500000 states explored in 292.63s, with 17925922 rules fired and 2765288 states in the queue.
	4600000 states explored in 303.36s, with 18374729 rules fired and 2817028 states in the queue.
	4700000 states explored in 319.80s, with 19053423 rules fired and 2846492 states in the queue.
	4800000 states explored in 337.63s, with 19768225 rules fired and 2872067 states in the queue.
	4900000 states explored in 355.07s, with 20534019 rules fired and 2895766 states in the queue.
	5000000 states explored in 372.82s, with 21329967 rules fired and 2912705 states in the queue.
	5100000 states explored in 392.48s, with 22329643 rules fired and 2909001 states in the queue.
	5200000 states explored in 412.89s, with 23368562 rules fired and 2898682 states in the queue.
	5300000 states explored in 434.64s, with 24444045 rules fired and 2889980 states in the queue.
	5400000 states explored in 456.61s, with 25528299 rules fired and 2884471 states in the queue.
	5500000 states explored in 460.63s, with 25704863 rules fired and 2965653 states in the queue.
	5600000 states explored in 464.38s, with 25899164 rules fired and 3046016 states in the queue.
	5700000 states explored in 468.74s, with 26096512 rules fired and 3125766 states in the queue.
	5800000 states explored in 473.64s, with 26300543 rules fired and 3204812 states in the queue.
	5900000 states explored in 478.55s, with 26513880 rules fired and 3282949 states in the queue.
	6000000 states explored in 483.58s, with 26743707 rules fired and 3360635 states in the queue.
	6100000 states explored in 489.27s, with 26964472 rules fired and 3437360 states in the queue.
	6200000 states explored in 494.88s, with 27211214 rules fired and 3510696 states in the queue.
	6300000 states explored in 500.05s, with 27438413 rules fired and 3586796 states in the queue.
	6400000 states explored in 505.93s, with 27684628 rules fired and 3661733 states in the queue.
	6500000 states explored in 520.05s, with 28273074 rules fired and 3699005 states in the queue.
	6600000 states explored in 534.40s, with 28915899 rules fired and 3732452 states in the queue.
	6700000 states explored in 543.46s, with 29314115 rules fired and 3790568 states in the queue.
	6800000 states explored in 551.67s, with 29667314 rules fired and 3852352 states in the queue.
	6900000 states explored in 560.91s, with 30053175 rules fired and 3909047 states in the queue.
	7000000 states explored in 571.35s, with 30447233 rules fired and 3966079 states in the queue.
	7100000 states explored in 581.15s, with 30859709 rules fired and 4020683 states in the queue.
	7200000 states explored in 592.70s, with 31303442 rules fired and 4071764 states in the queue.
	7300000 states explored in 604.59s, with 31737094 rules fired and 4123306 states in the queue.
	7400000 states explored in 616.69s, with 32240956 rules fired and 4166234 states in the queue.
	7500000 states explored in 628.25s, with 32722125 rules fired and 4215356 states in the queue.
	7600000 states explored in 642.12s, with 33259923 rules fired and 4254343 states in the queue.
	7700000 states explored in 656.29s, with 33831493 rules fired and 4291667 states in the queue.
	7800000 states explored in 671.38s, with 34414435 rules fired and 4325664 states in the queue.
	7900000 states explored in 685.07s, with 34956539 rules fired and 4363867 states in the queue.
	8000000 states explored in 694.27s, with 35316912 rules fired and 4424528 states in the queue.
	8100000 states explored in 704.03s, with 35641519 rules fired and 4486492 states in the queue.
	8200000 states explored in 711.11s, with 35892360 rules fired and 4558704 states in the queue.
	8300000 states explored in 717.96s, with 36145471 rules fired and 4630541 states in the queue.
	8400000 states explored in 726.85s, with 36466148 rules fired and 4694549 states in the queue.
	8500000 states explored in 733.86s, with 36751479 rules fired and 4767220 states in the queue.
	8600000 states explored in 741.58s, with 37059397 rules fired and 4837549 states in the queue.
	8700000 states explored in 748.37s, with 37366494 rules fired and 4908644 states in the queue.
	8800000 states explored in 757.44s, with 37807547 rules fired and 4968987 states in the queue.
	8900000 states explored in 772.16s, with 38400036 rules fired and 5007708 states in the queue.
	9000000 states explored in 787.52s, with 38955515 rules fired and 5051988 states in the queue.
	9100000 states explored in 803.80s, with 39614937 rules fired and 5086619 states in the queue.
	9200000 states explored in 822.47s, with 40291508 rules fired and 5114871 states in the queue.
	9300000 states explored in 840.59s, with 40966778 rules fired and 5143126 states in the queue.
	9400000 states explored in 857.51s, with 41639655 rules fired and 5172652 states in the queue.
	9500000 states explored in 872.09s, with 42280335 rules fired and 5207866 states in the queue.
	9600000 states explored in 890.93s, with 43104845 rules fired and 5226290 states in the queue.
	9700000 states explored in 912.29s, with 44062915 rules fired and 5231583 states in the queue.
	9800000 states explored in 938.27s, with 45253418 rules fired and 5209488 states in the queue.
	9900000 states explored in 963.72s, with 46322234 rules fired and 5200660 states in the queue.
	10000000 states explored in 991.66s, with 47452137 rules fired and 5187690 states in the queue.
	10100000 states explored in 1017.65s, with 48576169 rules fired and 5178246 states in the queue.
	10200000 states explored in 1048.55s, with 49855619 rules fired and 5151280 states in the queue.
	10300000 states explored in 1064.97s, with 50502819 rules fired and 5184829 states in the queue.
	10400000 states explored in 1069.39s, with 50686247 rules fired and 5264972 states in the queue.
	10500000 states explored in 1073.82s, with 50874626 rules fired and 5345973 states in the queue.
	10600000 states explored in 1078.60s, with 51070406 rules fired and 5425676 states in the queue.
	10700000 states explored in 1082.88s, with 51252192 rules fired and 5506400 states in the queue.
	10800000 states explored in 1087.25s, with 51433186 rules fired and 5587082 states in the queue.
	10900000 states explored in 1092.60s, with 51627753 rules fired and 5666254 states in the queue.
	11000000 states explored in 1097.63s, with 51829176 rules fired and 5744583 states in the queue.
	11100000 states explored in 1102.84s, with 52038174 rules fired and 5823253 states in the queue.
	11200000 states explored in 1108.19s, with 52250017 rules fired and 5901508 states in the queue.
	11300000 states explored in 1115.36s, with 52466509 rules fired and 5978139 states in the queue.
	11400000 states explored in 1121.66s, with 52684827 rules fired and 6054182 states in the queue.
	11500000 states explored in 1127.96s, with 52905957 rules fired and 6129987 states in the queue.
	11600000 states explored in 1135.58s, with 53133135 rules fired and 6205186 states in the queue.
	11700000 states explored in 1142.97s, with 53371200 rules fired and 6278142 states in the queue.
	11800000 states explored in 1149.58s, with 53624357 rules fired and 6350126 states in the queue.
	11900000 states explored in 1155.13s, with 53860832 rules fired and 6425095 states in the queue.
	12000000 states explored in 1161.27s, with 54104746 rules fired and 6499338 states in the queue.
	12100000 states explored in 1168.09s, with 54351349 rules fired and 6573504 states in the queue.
	12200000 states explored in 1176.12s, with 54604559 rules fired and 6646880 states in the queue.
	12300000 states explored in 1185.12s, with 54892857 rules fired and 6715420 states in the queue.
	12400000 states explored in 1195.17s, with 55208927 rules fired and 6780612 states in the queue.
	12500000 states explored in 1203.82s, with 55527084 rules fired and 6846174 states in the queue.
	12600000 states explored in 1213.07s, with 55869217 rules fired and 6907941 states in the queue.
	12700000 states explored in 1222.90s, with 56241529 rules fired and 6966550 states in the queue.
	12800000 states explored in 1232.87s, with 56596021 rules fired and 7028352 states in the queue.
	12900000 states explored in 1241.94s, with 56938648 rules fired and 7090583 states in the queue.
	13000000 states explored in 1250.67s, with 57254121 rules fired and 7155551 states in the queue.
	13100000 states explored in 1259.00s, with 57570005 rules fired and 7221087 states in the queue.
	13200000 states explored in 1269.83s, with 58008285 rules fired and 7274110 states in the queue.
	13300000 states explored in 1286.80s, with 58636949 rules fired and 7305849 states in the queue.
	13400000 states explored in 1304.98s, with 59293407 rules fired and 7332634 states in the queue.
	13500000 states explored in 1327.89s, with 60000510 rules fired and 7354508 states in the queue.
	13600000 states explored in 1358.75s, with 61003469 rules fired and 7341019 states in the queue.
	13700000 states explored in 1393.85s, with 62106762 rules fired and 7313336 states in the queue.
	13800000 states explored in 1424.48s, with 63169094 rules fired and 7288039 states in the queue.
	13900000 states explored in 1453.94s, with 64156291 rules fired and 7276469 states in the queue.
	14000000 states explored in 1472.19s, with 64786165 rules fired and 7306851 states in the queue.
	14100000 states explored in 1490.33s, with 65424309 rules fired and 7337285 states in the queue.
	14200000 states explored in 1509.51s, with 66049890 rules fired and 7371242 states in the queue.
	14300000 states explored in 1529.75s, with 66792733 rules fired and 7389275 states in the queue.
	14400000 states explored in 1553.47s, with 67550448 rules fired and 7405283 states in the queue.
	14500000 states explored in 1577.20s, with 68345390 rules fired and 7415703 states in the queue.
	14600000 states explored in 1596.18s, with 68933964 rules fired and 7450554 states in the queue.
	14700000 states explored in 1614.37s, with 69572238 rules fired and 7480960 states in the queue.
	14800000 states explored in 1635.86s, with 70330275 rules fired and 7494640 states in the queue.
	14900000 states explored in 1652.91s, with 70886983 rules fired and 7532354 states in the queue.
	15000000 states explored in 1669.66s, with 71431616 rules fired and 7573736 states in the queue.
	15100000 states explored in 1689.59s, with 72068780 rules fired and 7599558 states in the queue.
	15200000 states explored in 1702.97s, with 72503873 rules fired and 7652432 states in the queue.
	15300000 states explored in 1711.27s, with 72780186 rules fired and 7725738 states in the queue.
	15400000 states explored in 1720.11s, with 73114130 rules fired and 7794204 states in the queue.
	15500000 states explored in 1732.73s, with 73507914 rules fired and 7854945 states in the queue.
	15600000 states explored in 1743.79s, with 73867729 rules fired and 7917452 states in the queue.
	15700000 states explored in 1758.10s, with 74272492 rules fired and 7975598 states in the queue.
	15800000 states explored in 1772.67s, with 74725642 rules fired and 8030565 states in the queue.
	15900000 states explored in 1784.45s, with 75111089 rules fired and 8090497 states in the queue.
	16000000 states explored in 1800.21s, with 75566558 rules fired and 8143437 states in the queue.
	16100000 states explored in 1814.20s, with 76046230 rules fired and 8194452 states in the queue.
	16200000 states explored in 1823.30s, with 76360556 rules fired and 8262784 states in the queue.
	16300000 states explored in 1833.35s, with 76683431 rules fired and 8329650 states in the queue.
	16400000 states explored in 1844.10s, with 77081990 rules fired and 8391316 states in the queue.
	16500000 states explored in 1858.82s, with 77569194 rules fired and 8444114 states in the queue.
	16600000 states explored in 1873.63s, with 78099749 rules fired and 8492323 states in the queue.
	16700000 states explored in 1883.94s, with 78540287 rules fired and 8552578 states in the queue.
	16800000 states explored in 1897.27s, with 79046340 rules fired and 8604068 states in the queue.
	16900000 states explored in 1909.51s, with 79531168 rules fired and 8657814 states in the queue.

Error:

	Internal Error: Too many active states.



