This program should be regarded as a DEBUGGING aid, not as a 
certifier of correctness.
Call with the -l flag or read the license file for terms
and conditions of use.
Run this program with "-h" for the list of options.

Bugs, questions, and comments should be directed to
"melatti@di.uniroma1.it".

CMurphi compiler last modified date: Apr 10 2024
Include files last modified date:    Jul 23 2021
==========================================================================

==========================================================================
Caching Murphi Release 5.5.0
Finite-state Concurrent System Verifier.

Caching Murphi Release 5.5.0 is based on various versions of Murphi.
Caching Murphi Release 5.5.0 :
Copyright (C) 2009-2012 by Sapienza University of Rome.
Murphi release 3.1 :
Copyright (C) 1992 - 1999 by the Board of Trustees of
Leland Stanford Junior University.

==========================================================================

Protocol: ./protocols/exec/German_node8/German_node8_inv68
===========================================
  You are using EDMC algorithm.  
===========================================

===== Startstates are generated! =====
Carelist Layer 0: Cache[1].State Cache[2].State Cache[3].State Cache[4].State Cache[5].State Cache[6].State Cache[7].State Cache[8].State 

===== Init heuristics! =====

Progress Report:

	100000 states explored in 8.58s, with 286550 rules fired and 76052 states in the queue.
	200000 states explored in 12.24s, with 673463 rules fired and 142259 states in the queue.
	300000 states explored in 14.68s, with 919687 rules fired and 220269 states in the queue.
	400000 states explored in 19.59s, with 1372808 rules fired and 279005 states in the queue.
	500000 states explored in 24.18s, with 1823258 rules fired and 340126 states in the queue.
	600000 states explored in 26.25s, with 2019683 rules fired and 422430 states in the queue.
	700000 states explored in 28.92s, with 2258618 rules fired and 500839 states in the queue.
	800000 states explored in 32.00s, with 2533708 rules fired and 576315 states in the queue.
	900000 states explored in 36.33s, with 2899313 rules fired and 641540 states in the queue.
	1000000 states explored in 43.86s, with 3508300 rules fired and 684811 states in the queue.
	1100000 states explored in 55.37s, with 4425935 rules fired and 702620 states in the queue.
	1200000 states explored in 59.60s, with 4755873 rules fired and 772308 states in the queue.
	1300000 states explored in 61.98s, with 4940825 rules fired and 854357 states in the queue.
	1400000 states explored in 64.78s, with 5145872 rules fired and 934191 states in the queue.
	1500000 states explored in 67.79s, with 5365723 rules fired and 1012614 states in the queue.
	1600000 states explored in 72.43s, with 5697823 rules fired and 1080057 states in the queue.
	1700000 states explored in 76.44s, with 5979593 rules fired and 1152975 states in the queue.
	1800000 states explored in 80.96s, with 6279047 rules fired and 1222883 states in the queue.
	1900000 states explored in 86.20s, with 6636737 rules fired and 1287374 states in the queue.
	2000000 states explored in 93.54s, with 7135559 rules fired and 1338775 states in the queue.
	2100000 states explored in 102.11s, with 7693669 rules fired and 1383946 states in the queue.
	2200000 states explored in 109.12s, with 8106203 rules fired and 1444239 states in the queue.
	2300000 states explored in 122.09s, with 8891380 rules fired and 1467961 states in the queue.
	2400000 states explored in 137.37s, with 9845760 rules fired and 1473910 states in the queue.
	2500000 states explored in 151.64s, with 10827908 rules fired and 1480918 states in the queue.
	2600000 states explored in 156.89s, with 11256089 rules fired and 1538997 states in the queue.
	2700000 states explored in 160.04s, with 11434504 rules fired and 1620711 states in the queue.
	2800000 states explored in 163.86s, with 11648281 rules fired and 1698450 states in the queue.
	2900000 states explored in 167.65s, with 11863091 rules fired and 1775937 states in the queue.
	3000000 states explored in 171.57s, with 12085978 rules fired and 1853476 states in the queue.
	3100000 states explored in 175.84s, with 12327613 rules fired and 1928977 states in the queue.
	3200000 states explored in 183.50s, with 12762870 rules fired and 1984745 states in the queue.
	3300000 states explored in 190.41s, with 13166604 rules fired and 2042287 states in the queue.
	3400000 states explored in 197.18s, with 13536832 rules fired and 2103133 states in the queue.
	3500000 states explored in 204.77s, with 13947365 rules fired and 2159348 states in the queue.
	3600000 states explored in 212.11s, with 14346568 rules fired and 2217725 states in the queue.
	3700000 states explored in 219.85s, with 14760783 rules fired and 2273485 states in the queue.
	3800000 states explored in 229.60s, with 15271592 rules fired and 2319075 states in the queue.
	3900000 states explored in 239.68s, with 15793682 rules fired and 2364169 states in the queue.
	4000000 states explored in 250.69s, with 16344932 rules fired and 2407601 states in the queue.
	4100000 states explored in 255.83s, with 16631046 rules fired and 2480981 states in the queue.
	4200000 states explored in 261.73s, with 16933335 rules fired and 2551478 states in the queue.
	4300000 states explored in 268.30s, with 17288676 rules fired and 2615962 states in the queue.
	4400000 states explored in 277.23s, with 17730559 rules fired and 2670549 states in the queue.
	4500000 states explored in 288.84s, with 18225427 rules fired and 2718651 states in the queue.
	4600000 states explored in 305.07s, with 19007906 rules fired and 2735920 states in the queue.
	4700000 states explored in 322.31s, with 19809693 rules fired and 2750526 states in the queue.
	4800000 states explored in 339.89s, with 20654429 rules fired and 2762741 states in the queue.
	4900000 states explored in 360.12s, with 21614136 rules fired and 2760147 states in the queue.
	5000000 states explored in 378.67s, with 22599885 rules fired and 2762965 states in the queue.
	5100000 states explored in 399.51s, with 23718994 rules fired and 2756014 states in the queue.
	5200000 states explored in 402.79s, with 23886868 rules fired and 2837749 states in the queue.
	5300000 states explored in 406.37s, with 24069565 rules fired and 2918102 states in the queue.
	5400000 states explored in 410.37s, with 24255342 rules fired and 2998668 states in the queue.
	5500000 states explored in 414.75s, with 24461529 rules fired and 3077088 states in the queue.
	5600000 states explored in 419.07s, with 24668453 rules fired and 3154906 states in the queue.
	5700000 states explored in 423.57s, with 24879017 rules fired and 3232615 states in the queue.
	5800000 states explored in 428.51s, with 25098479 rules fired and 3308181 states in the queue.
	5900000 states explored in 433.60s, with 25325453 rules fired and 3383027 states in the queue.
	6000000 states explored in 438.45s, with 25569605 rules fired and 3457286 states in the queue.
	6100000 states explored in 444.02s, with 25821793 rules fired and 3530203 states in the queue.
	6200000 states explored in 449.61s, with 26077012 rules fired and 3603585 states in the queue.
	6300000 states explored in 456.45s, with 26415488 rules fired and 3668295 states in the queue.
	6400000 states explored in 470.90s, with 27039344 rules fired and 3702098 states in the queue.
	6500000 states explored in 486.50s, with 27727802 rules fired and 3724327 states in the queue.
	6600000 states explored in 502.51s, with 28454567 rules fired and 3744652 states in the queue.
	6700000 states explored in 514.47s, with 28964737 rules fired and 3786968 states in the queue.
	6800000 states explored in 526.53s, with 29450106 rules fired and 3830847 states in the queue.
	6900000 states explored in 539.20s, with 29991792 rules fired and 3870151 states in the queue.
	7000000 states explored in 552.10s, with 30513220 rules fired and 3911110 states in the queue.
	7100000 states explored in 568.78s, with 31151827 rules fired and 3938266 states in the queue.
	7200000 states explored in 584.94s, with 31783903 rules fired and 3966718 states in the queue.
	7300000 states explored in 602.34s, with 32443372 rules fired and 3993193 states in the queue.
	7400000 states explored in 615.57s, with 32988525 rules fired and 4033232 states in the queue.
	7500000 states explored in 630.10s, with 33564492 rules fired and 4067668 states in the queue.
	7600000 states explored in 642.46s, with 34051604 rules fired and 4114482 states in the queue.
	7700000 states explored in 648.54s, with 34290935 rules fired and 4189721 states in the queue.
	7800000 states explored in 656.82s, with 34583256 rules fired and 4257340 states in the queue.
	7900000 states explored in 665.37s, with 34864233 rules fired and 4325423 states in the queue.
	8000000 states explored in 674.17s, with 35205348 rules fired and 4390154 states in the queue.
	8100000 states explored in 681.08s, with 35494905 rules fired and 4462775 states in the queue.
	8200000 states explored in 688.34s, with 35837438 rules fired and 4530321 states in the queue.
	8300000 states explored in 699.88s, with 36311866 rules fired and 4583751 states in the queue.
	8400000 states explored in 715.33s, with 36889564 rules fired and 4623221 states in the queue.
	8500000 states explored in 729.16s, with 37465343 rules fired and 4667185 states in the queue.
	8600000 states explored in 742.68s, with 38052207 rules fired and 4708977 states in the queue.
	8700000 states explored in 753.28s, with 38600054 rules fired and 4755844 states in the queue.
	8800000 states explored in 767.32s, with 39210553 rules fired and 4798295 states in the queue.
	8900000 states explored in 784.95s, with 39867937 rules fired and 4832947 states in the queue.
	9000000 states explored in 797.96s, with 40430231 rules fired and 4878206 states in the queue.
	9100000 states explored in 814.94s, with 41124079 rules fired and 4910752 states in the queue.
	9200000 states explored in 841.16s, with 42149442 rules fired and 4907985 states in the queue.
	9300000 states explored in 869.48s, with 43291936 rules fired and 4894753 states in the queue.
	9400000 states explored in 895.14s, with 44439480 rules fired and 4881621 states in the queue.
	9500000 states explored in 923.03s, with 45618561 rules fired and 4865210 states in the queue.
	9600000 states explored in 941.41s, with 46405003 rules fired and 4886433 states in the queue.
	9700000 states explored in 945.17s, with 46585072 rules fired and 4967712 states in the queue.
	9800000 states explored in 949.63s, with 46762447 rules fired and 5048436 states in the queue.
	9900000 states explored in 954.31s, with 46956610 rules fired and 5128441 states in the queue.
	10000000 states explored in 959.04s, with 47148427 rules fired and 5208830 states in the queue.
	10100000 states explored in 964.97s, with 47340729 rules fired and 5288645 states in the queue.
	10200000 states explored in 970.46s, with 47532998 rules fired and 5368035 states in the queue.
	10300000 states explored in 975.40s, with 47723910 rules fired and 5448089 states in the queue.
	10400000 states explored in 980.38s, with 47916483 rules fired and 5527386 states in the queue.
	10500000 states explored in 985.46s, with 48116985 rules fired and 5606022 states in the queue.
	10600000 states explored in 990.78s, with 48311538 rules fired and 5684480 states in the queue.
	10700000 states explored in 996.87s, with 48507528 rules fired and 5763548 states in the queue.
	10800000 states explored in 1003.01s, with 48700877 rules fired and 5843002 states in the queue.
	10900000 states explored in 1008.54s, with 48915492 rules fired and 5920386 states in the queue.
	11000000 states explored in 1014.61s, with 49143260 rules fired and 5997091 states in the queue.
	11100000 states explored in 1021.24s, with 49373876 rules fired and 6073071 states in the queue.
	11200000 states explored in 1028.03s, with 49600265 rules fired and 6150305 states in the queue.
	11300000 states explored in 1034.31s, with 49831981 rules fired and 6227386 states in the queue.
	11400000 states explored in 1040.05s, with 50059800 rules fired and 6304088 states in the queue.
	11500000 states explored in 1046.08s, with 50280485 rules fired and 6381701 states in the queue.
	11600000 states explored in 1052.43s, with 50510229 rules fired and 6457441 states in the queue.
	11700000 states explored in 1059.08s, with 50751714 rules fired and 6531312 states in the queue.
	11800000 states explored in 1065.94s, with 50990958 rules fired and 6606136 states in the queue.
	11900000 states explored in 1072.49s, with 51223954 rules fired and 6682334 states in the queue.
	12000000 states explored in 1079.00s, with 51470542 rules fired and 6758345 states in the queue.
	12100000 states explored in 1085.79s, with 51722454 rules fired and 6831364 states in the queue.
	12200000 states explored in 1093.45s, with 52008486 rules fired and 6900608 states in the queue.
	12300000 states explored in 1101.89s, with 52310529 rules fired and 6968965 states in the queue.
	12400000 states explored in 1110.30s, with 52623521 rules fired and 7035948 states in the queue.
	12500000 states explored in 1119.34s, with 52930000 rules fired and 7103019 states in the queue.
	12600000 states explored in 1129.32s, with 53249756 rules fired and 7167960 states in the queue.
	12700000 states explored in 1138.40s, with 53568841 rules fired and 7232038 states in the queue.
	12800000 states explored in 1147.54s, with 53913791 rules fired and 7295503 states in the queue.
	12900000 states explored in 1157.18s, with 54273632 rules fired and 7356059 states in the queue.
	13000000 states explored in 1167.24s, with 54618621 rules fired and 7418526 states in the queue.
	13100000 states explored in 1179.46s, with 55045175 rules fired and 7473260 states in the queue.
	13200000 states explored in 1195.10s, with 55540465 rules fired and 7519245 states in the queue.
	13300000 states explored in 1209.23s, with 56074194 rules fired and 7560689 states in the queue.
	13400000 states explored in 1228.45s, with 56821039 rules fired and 7581058 states in the queue.
	13500000 states explored in 1253.25s, with 57675007 rules fired and 7584882 states in the queue.
	13600000 states explored in 1283.97s, with 58652848 rules fired and 7570816 states in the queue.
	13700000 states explored in 1305.91s, with 59439309 rules fired and 7585059 states in the queue.
	13800000 states explored in 1332.54s, with 60390187 rules fired and 7577353 states in the queue.
	13900000 states explored in 1365.65s, with 61455558 rules fired and 7554950 states in the queue.
	14000000 states explored in 1400.42s, with 62591547 rules fired and 7521476 states in the queue.
	14100000 states explored in 1429.53s, with 63552580 rules fired and 7513019 states in the queue.
	14200000 states explored in 1460.59s, with 64645738 rules fired and 7490481 states in the queue.
	14300000 states explored in 1497.73s, with 65902894 rules fired and 7449801 states in the queue.
	14400000 states explored in 1540.76s, with 67265458 rules fired and 7400690 states in the queue.
	14500000 states explored in 1577.08s, with 68541311 rules fired and 7365858 states in the queue.
	14600000 states explored in 1603.03s, with 69385782 rules fired and 7368824 states in the queue.
	14700000 states explored in 1625.12s, with 70050118 rules fired and 7393669 states in the queue.
	14800000 states explored in 1638.98s, with 70542802 rules fired and 7442737 states in the queue.
	14900000 states explored in 1652.64s, with 70994186 rules fired and 7497336 states in the queue.
	15000000 states explored in 1668.34s, with 71481319 rules fired and 7546852 states in the queue.
	15100000 states explored in 1685.67s, with 72005651 rules fired and 7593840 states in the queue.
	15200000 states explored in 1700.78s, with 72495491 rules fired and 7642651 states in the queue.
	15300000 states explored in 1717.94s, with 73052358 rules fired and 7687131 states in the queue.
	15400000 states explored in 1736.99s, with 73583236 rules fired and 7732587 states in the queue.
	15500000 states explored in 1749.87s, with 73989019 rules fired and 7791696 states in the queue.
	15600000 states explored in 1762.24s, with 74386732 rules fired and 7853501 states in the queue.
	15700000 states explored in 1780.95s, with 75035922 rules fired and 7889846 states in the queue.
	15800000 states explored in 1800.51s, with 75678796 rules fired and 7929589 states in the queue.
	15900000 states explored in 1814.01s, with 76262521 rules fired and 7977654 states in the queue.
	16000000 states explored in 1824.75s, with 76805982 rules fired and 8027906 states in the queue.
	16100000 states explored in 1841.41s, with 77358754 rules fired and 8075564 states in the queue.
	16200000 states explored in 1860.42s, with 77989042 rules fired and 8116716 states in the queue.
	16300000 states explored in 1877.38s, with 78612199 rules fired and 8159948 states in the queue.
	16400000 states explored in 1896.43s, with 79239973 rules fired and 8200406 states in the queue.
	16500000 states explored in 1913.22s, with 79895071 rules fired and 8239830 states in the queue.
	16600000 states explored in 1936.33s, with 80680520 rules fired and 8265168 states in the queue.
	16700000 states explored in 1959.03s, with 81514599 rules fired and 8285134 states in the queue.
	16800000 states explored in 1982.79s, with 82404342 rules fired and 8302509 states in the queue.
	16900000 states explored in 2022.55s, with 83573622 rules fired and 8286624 states in the queue.
	17000000 states explored in 2063.23s, with 84737096 rules fired and 8271772 states in the queue.
	17100000 states explored in 2083.93s, with 85415626 rules fired and 8304162 states in the queue.
	17200000 states explored in 2090.14s, with 85595162 rules fired and 8382510 states in the queue.
	17300000 states explored in 2096.98s, with 85779552 rules fired and 8460880 states in the queue.
	17400000 states explored in 2102.93s, with 85952180 rules fired and 8541825 states in the queue.
	17500000 states explored in 2108.59s, with 86121554 rules fired and 8624066 states in the queue.

Error:

	Internal Error: Too many active states.



