This program should be regarded as a DEBUGGING aid, not as a 
certifier of correctness.
Call with the -l flag or read the license file for terms
and conditions of use.
Run this program with "-h" for the list of options.

Bugs, questions, and comments should be directed to
"melatti@di.uniroma1.it".

CMurphi compiler last modified date: Apr 10 2024
Include files last modified date:    Jul 23 2021
==========================================================================

==========================================================================
Caching Murphi Release 5.5.0
Finite-state Concurrent System Verifier.

Caching Murphi Release 5.5.0 is based on various versions of Murphi.
Caching Murphi Release 5.5.0 :
Copyright (C) 2009-2012 by Sapienza University of Rome.
Murphi release 3.1 :
Copyright (C) 1992 - 1999 by the Board of Trustees of
Leland Stanford Junior University.

==========================================================================

Protocol: ./protocols/exec/German_node8/German_node8_inv219
===========================================
  You are using EDMC algorithm.  
===========================================

===== Startstates are generated! =====
Carelist Layer 0: Cache[1].State Cache[2].State Cache[3].State Cache[4].State Cache[5].State Cache[6].State Cache[7].State Cache[8].State 

===== Init heuristics! =====

Progress Report:

	100000 states explored in 6.51s, with 288479 rules fired and 75846 states in the queue.
	200000 states explored in 9.97s, with 671626 rules fired and 142315 states in the queue.
	300000 states explored in 12.21s, with 915201 rules fired and 220826 states in the queue.
	400000 states explored in 16.33s, with 1330563 rules fired and 283443 states in the queue.
	500000 states explored in 21.07s, with 1817948 rules fired and 340330 states in the queue.
	600000 states explored in 23.01s, with 2014323 rules fired and 423095 states in the queue.
	700000 states explored in 25.40s, with 2250775 rules fired and 501883 states in the queue.
	800000 states explored in 28.29s, with 2523038 rules fired and 576881 states in the queue.
	900000 states explored in 32.31s, with 2889066 rules fired and 642674 states in the queue.
	1000000 states explored in 38.61s, with 3451478 rules fired and 690346 states in the queue.
	1100000 states explored in 49.45s, with 4417219 rules fired and 703151 states in the queue.
	1200000 states explored in 53.24s, with 4758419 rules fired and 772056 states in the queue.
	1300000 states explored in 55.50s, with 4955291 rules fired and 853148 states in the queue.
	1400000 states explored in 57.88s, with 5158348 rules fired and 933211 states in the queue.
	1500000 states explored in 60.55s, with 5373277 rules fired and 1012164 states in the queue.
	1600000 states explored in 64.58s, with 5707435 rules fired and 1080143 states in the queue.
	1700000 states explored in 68.02s, with 5979969 rules fired and 1154060 states in the queue.
	1800000 states explored in 72.10s, with 6288139 rules fired and 1223466 states in the queue.
	1900000 states explored in 76.72s, with 6618294 rules fired and 1290852 states in the queue.
	2000000 states explored in 83.46s, with 7085270 rules fired and 1346768 states in the queue.
	2100000 states explored in 90.77s, with 7547308 rules fired and 1401670 states in the queue.
	2200000 states explored in 98.68s, with 8053054 rules fired and 1452286 states in the queue.
	2300000 states explored in 109.57s, with 8737887 rules fired and 1486729 states in the queue.
	2400000 states explored in 125.04s, with 9715296 rules fired and 1489986 states in the queue.
	2500000 states explored in 143.73s, with 10870799 rules fired and 1476588 states in the queue.
	2600000 states explored in 150.18s, with 11258147 rules fired and 1539490 states in the queue.
	2700000 states explored in 153.21s, with 11438455 rules fired and 1622179 states in the queue.
	2800000 states explored in 156.60s, with 11629835 rules fired and 1703192 states in the queue.
	2900000 states explored in 161.23s, with 11881253 rules fired and 1777491 states in the queue.
	3000000 states explored in 165.54s, with 12120986 rules fired and 1853606 states in the queue.
	3100000 states explored in 170.17s, with 12361900 rules fired and 1928142 states in the queue.
	3200000 states explored in 176.68s, with 12755159 rules fired and 1988519 states in the queue.
	3300000 states explored in 183.58s, with 13155145 rules fired and 2046793 states in the queue.
	3400000 states explored in 189.22s, with 13491697 rules fired and 2111697 states in the queue.
	3500000 states explored in 195.15s, with 13838466 rules fired and 2175293 states in the queue.
	3600000 states explored in 201.57s, with 14222940 rules fired and 2235639 states in the queue.
	3700000 states explored in 208.49s, with 14612192 rules fired and 2294179 states in the queue.
	3800000 states explored in 216.83s, with 15063853 rules fired and 2345439 states in the queue.
	3900000 states explored in 225.12s, with 15559046 rules fired and 2394714 states in the queue.
	4000000 states explored in 234.04s, with 16082971 rules fired and 2441907 states in the queue.
	4100000 states explored in 242.40s, with 16552433 rules fired and 2493933 states in the queue.
	4200000 states explored in 248.01s, with 16872361 rules fired and 2562070 states in the queue.
	4300000 states explored in 253.74s, with 17205650 rules fired and 2628260 states in the queue.
	4400000 states explored in 263.68s, with 17696401 rules fired and 2675128 states in the queue.
	4500000 states explored in 277.57s, with 18410722 rules fired and 2698841 states in the queue.
	4600000 states explored in 291.78s, with 19110864 rules fired and 2727183 states in the queue.
	4700000 states explored in 306.80s, with 19879462 rules fired and 2746642 states in the queue.
	4800000 states explored in 324.56s, with 20771413 rules fired and 2752808 states in the queue.
	4900000 states explored in 341.25s, with 21735199 rules fired and 2750555 states in the queue.
	5000000 states explored in 356.52s, with 22602475 rules fired and 2763401 states in the queue.
	5100000 states explored in 376.95s, with 23719709 rules fired and 2756078 states in the queue.
	5200000 states explored in 380.29s, with 23889674 rules fired and 2837692 states in the queue.
	5300000 states explored in 384.09s, with 24072844 rules fired and 2917374 states in the queue.
	5400000 states explored in 387.73s, with 24252301 rules fired and 2998926 states in the queue.
	5500000 states explored in 391.76s, with 24450724 rules fired and 3078933 states in the queue.
	5600000 states explored in 395.99s, with 24662696 rules fired and 3157348 states in the queue.
	5700000 states explored in 400.92s, with 24873923 rules fired and 3234019 states in the queue.
	5800000 states explored in 405.81s, with 25089001 rules fired and 3310009 states in the queue.
	5900000 states explored in 411.40s, with 25319747 rules fired and 3385897 states in the queue.
	6000000 states explored in 416.74s, with 25559835 rules fired and 3460242 states in the queue.
	6100000 states explored in 422.23s, with 25805333 rules fired and 3533305 states in the queue.
	6200000 states explored in 428.37s, with 26091212 rules fired and 3603645 states in the queue.
	6300000 states explored in 437.13s, with 26496625 rules fired and 3659956 states in the queue.
	6400000 states explored in 451.18s, with 27108832 rules fired and 3693727 states in the queue.
	6500000 states explored in 465.39s, with 27720190 rules fired and 3724711 states in the queue.
	6600000 states explored in 478.25s, with 28262771 rules fired and 3764569 states in the queue.
	6700000 states explored in 487.81s, with 28691629 rules fired and 3818747 states in the queue.
	6800000 states explored in 497.24s, with 29107394 rules fired and 3872874 states in the queue.
	6900000 states explored in 507.56s, with 29558351 rules fired and 3922004 states in the queue.
	7000000 states explored in 519.72s, with 30040672 rules fired and 3966687 states in the queue.
	7100000 states explored in 532.96s, with 30577389 rules fired and 4005404 states in the queue.
	7200000 states explored in 545.57s, with 31149941 rules fired and 4040950 states in the queue.
	7300000 states explored in 557.29s, with 31691215 rules fired and 4083026 states in the queue.
	7400000 states explored in 569.43s, with 32279448 rules fired and 4121965 states in the queue.
	7500000 states explored in 581.89s, with 32851567 rules fired and 4160088 states in the queue.
	7600000 states explored in 594.78s, with 33448264 rules fired and 4194643 states in the queue.
	7700000 states explored in 607.68s, with 34021698 rules fired and 4231529 states in the queue.
	7800000 states explored in 613.96s, with 34319859 rules fired and 4300188 states in the queue.
	7900000 states explored in 622.56s, with 34664375 rules fired and 4361257 states in the queue.
	8000000 states explored in 632.44s, with 35079256 rules fired and 4415115 states in the queue.
	8100000 states explored in 639.90s, with 35402856 rules fired and 4482948 states in the queue.
	8200000 states explored in 646.19s, with 35694415 rules fired and 4555206 states in the queue.
	8300000 states explored in 653.19s, with 36029093 rules fired and 4625349 states in the queue.
	8400000 states explored in 663.34s, with 36469593 rules fired and 4683524 states in the queue.
	8500000 states explored in 676.31s, with 37013690 rules fired and 4728392 states in the queue.
	8600000 states explored in 692.68s, with 37656965 rules fired and 4761985 states in the queue.
	8700000 states explored in 705.96s, with 38293975 rules fired and 4796080 states in the queue.
	8800000 states explored in 718.70s, with 38910101 rules fired and 4835636 states in the queue.
	8900000 states explored in 734.16s, with 39594896 rules fired and 4866769 states in the queue.
	9000000 states explored in 752.25s, with 40402608 rules fired and 4885612 states in the queue.
	9100000 states explored in 768.68s, with 41172014 rules fired and 4906528 states in the queue.
	9200000 states explored in 787.57s, with 42139642 rules fired and 4913393 states in the queue.
	9300000 states explored in 810.97s, with 43233890 rules fired and 4903285 states in the queue.
	9400000 states explored in 835.42s, with 44278298 rules fired and 4897444 states in the queue.
	9500000 states explored in 862.88s, with 45562616 rules fired and 4870871 states in the queue.
	9600000 states explored in 882.42s, with 46408331 rules fired and 4885690 states in the queue.
	9700000 states explored in 886.29s, with 46574491 rules fired and 4968173 states in the queue.
	9800000 states explored in 890.12s, with 46755882 rules fired and 5049916 states in the queue.
	9900000 states explored in 893.62s, with 46943545 rules fired and 5131035 states in the queue.
	10000000 states explored in 898.06s, with 47135502 rules fired and 5210337 states in the queue.
	10100000 states explored in 902.13s, with 47315510 rules fired and 5292687 states in the queue.
	10200000 states explored in 906.05s, with 47509395 rules fired and 5373337 states in the queue.
	10300000 states explored in 910.36s, with 47712770 rules fired and 5452409 states in the queue.
	10400000 states explored in 914.46s, with 47918111 rules fired and 5531896 states in the queue.
	10500000 states explored in 918.43s, with 48120949 rules fired and 5611624 states in the queue.
	10600000 states explored in 923.16s, with 48329920 rules fired and 5690600 states in the queue.
	10700000 states explored in 927.93s, with 48535357 rules fired and 5769284 states in the queue.
	10800000 states explored in 932.65s, with 48734607 rules fired and 5848085 states in the queue.
	10900000 states explored in 937.28s, with 48935823 rules fired and 5927523 states in the queue.
	11000000 states explored in 942.45s, with 49162226 rules fired and 6004150 states in the queue.
	11100000 states explored in 947.68s, with 49384763 rules fired and 6081039 states in the queue.
	11200000 states explored in 953.17s, with 49606138 rules fired and 6158064 states in the queue.
	11300000 states explored in 958.29s, with 49820200 rules fired and 6236450 states in the queue.
	11400000 states explored in 964.21s, with 50042649 rules fired and 6313135 states in the queue.
	11500000 states explored in 969.97s, with 50276947 rules fired and 6388251 states in the queue.
	11600000 states explored in 976.57s, with 50528130 rules fired and 6461706 states in the queue.
	11700000 states explored in 983.13s, with 50782426 rules fired and 6533981 states in the queue.
	11800000 states explored in 990.03s, with 51035944 rules fired and 6607532 states in the queue.
	11900000 states explored in 996.47s, with 51293236 rules fired and 6679352 states in the queue.
	12000000 states explored in 1003.13s, with 51569638 rules fired and 6748644 states in the queue.
	12100000 states explored in 1010.78s, with 51858310 rules fired and 6818448 states in the queue.
	12200000 states explored in 1018.54s, with 52167069 rules fired and 6885314 states in the queue.
	12300000 states explored in 1026.37s, with 52508824 rules fired and 6949542 states in the queue.
	12400000 states explored in 1035.14s, with 52845586 rules fired and 7011556 states in the queue.
	12500000 states explored in 1043.40s, with 53173300 rules fired and 7075717 states in the queue.
	12600000 states explored in 1052.46s, with 53508213 rules fired and 7138988 states in the queue.
	12700000 states explored in 1061.13s, with 53883435 rules fired and 7199402 states in the queue.
	12800000 states explored in 1070.23s, with 54276058 rules fired and 7258449 states in the queue.
	12900000 states explored in 1079.14s, with 54653211 rules fired and 7318552 states in the queue.
	13000000 states explored in 1090.44s, with 55136661 rules fired and 7367932 states in the queue.
	13100000 states explored in 1103.31s, with 55661596 rules fired and 7411295 states in the queue.
	13200000 states explored in 1117.72s, with 56262072 rules fired and 7446537 states in the queue.
	13300000 states explored in 1139.03s, with 57092848 rules fired and 7451069 states in the queue.
	13400000 states explored in 1162.12s, with 57994676 rules fired and 7448236 states in the queue.
	13500000 states explored in 1185.74s, with 58914370 rules fired and 7441670 states in the queue.
	13600000 states explored in 1211.53s, with 59874579 rules fired and 7432058 states in the queue.
	13700000 states explored in 1240.08s, with 60867075 rules fired and 7419651 states in the queue.
	13800000 states explored in 1266.29s, with 61824763 rules fired and 7408743 states in the queue.
	13900000 states explored in 1291.22s, with 62787699 rules fired and 7402151 states in the queue.
	14000000 states explored in 1322.45s, with 63981759 rules fired and 7368122 states in the queue.
	14100000 states explored in 1346.13s, with 64948381 rules fired and 7363084 states in the queue.
	14200000 states explored in 1369.98s, with 65878903 rules fired and 7360802 states in the queue.
	14300000 states explored in 1388.47s, with 66599290 rules fired and 7382514 states in the queue.
	14400000 states explored in 1412.67s, with 67486757 rules fired and 7387017 states in the queue.
	14500000 states explored in 1442.04s, with 68537937 rules fired and 7368119 states in the queue.
	14600000 states explored in 1468.35s, with 69439640 rules fired and 7362798 states in the queue.
	14700000 states explored in 1488.74s, with 70210120 rules fired and 7377826 states in the queue.
	14800000 states explored in 1499.39s, with 70562161 rules fired and 7443320 states in the queue.
	14900000 states explored in 1515.33s, with 71074441 rules fired and 7491338 states in the queue.
	15000000 states explored in 1535.73s, with 71640125 rules fired and 7533618 states in the queue.
	15100000 states explored in 1549.51s, with 72144059 rules fired and 7581127 states in the queue.
	15200000 states explored in 1562.62s, with 72596284 rules fired and 7634056 states in the queue.
	15300000 states explored in 1577.41s, with 73107331 rules fired and 7682800 states in the queue.
	15400000 states explored in 1590.32s, with 73552369 rules fired and 7738681 states in the queue.
	15500000 states explored in 1600.59s, with 73963636 rules fired and 7799087 states in the queue.
	15600000 states explored in 1612.12s, with 74424411 rules fired and 7855504 states in the queue.
	15700000 states explored in 1622.38s, with 74904322 rules fired and 7908906 states in the queue.
	15800000 states explored in 1633.67s, with 75413824 rules fired and 7959955 states in the queue.
	15900000 states explored in 1645.93s, with 75932804 rules fired and 8012275 states in the queue.
	16000000 states explored in 1660.15s, with 76467041 rules fired and 8062887 states in the queue.
	16100000 states explored in 1673.24s, with 77020146 rules fired and 8111219 states in the queue.
	16200000 states explored in 1688.28s, with 77618807 rules fired and 8155602 states in the queue.
	16300000 states explored in 1703.05s, with 78256339 rules fired and 8196384 states in the queue.
	16400000 states explored in 1722.67s, with 78961989 rules fired and 8231398 states in the queue.
	16500000 states explored in 1742.80s, with 79716751 rules fired and 8259117 states in the queue.
	16600000 states explored in 1768.82s, with 80502085 rules fired and 8281971 states in the queue.
	16700000 states explored in 1792.73s, with 81352511 rules fired and 8300841 states in the queue.
	16800000 states explored in 1815.24s, with 82222145 rules fired and 8317648 states in the queue.
	16900000 states explored in 1851.25s, with 83469848 rules fired and 8293527 states in the queue.
	17000000 states explored in 1879.40s, with 84680949 rules fired and 8276768 states in the queue.
	17100000 states explored in 1900.86s, with 85413276 rules fired and 8305062 states in the queue.
	17200000 states explored in 1906.13s, with 85576369 rules fired and 8385699 states in the queue.
	17300000 states explored in 1911.03s, with 85744477 rules fired and 8466640 states in the queue.
	17400000 states explored in 1915.96s, with 85905646 rules fired and 8549492 states in the queue.
	17500000 states explored in 1920.61s, with 86067542 rules fired and 8632351 states in the queue.

Error:

	Internal Error: Too many active states.



