This program should be regarded as a DEBUGGING aid, not as a 
certifier of correctness.
Call with the -l flag or read the license file for terms
and conditions of use.
Run this program with "-h" for the list of options.

Bugs, questions, and comments should be directed to
"melatti@di.uniroma1.it".

CMurphi compiler last modified date: Apr 10 2024
Include files last modified date:    Jul 23 2021
==========================================================================

==========================================================================
Caching Murphi Release 5.5.0
Finite-state Concurrent System Verifier.

Caching Murphi Release 5.5.0 is based on various versions of Murphi.
Caching Murphi Release 5.5.0 :
Copyright (C) 2009-2012 by Sapienza University of Rome.
Murphi release 3.1 :
Copyright (C) 1992 - 1999 by the Board of Trustees of
Leland Stanford Junior University.

==========================================================================

Protocol: ./protocols/exec/German_node8/German_node8_inv195
===========================================
  You are using EDMC algorithm.  
===========================================

===== Startstates are generated! =====
Carelist Layer 0: Cache[1].State Cache[2].State Cache[3].State Cache[4].State Cache[5].State Cache[6].State Cache[7].State Cache[8].State 

===== Init heuristics! =====

Progress Report:

	100000 states explored in 6.06s, with 288307 rules fired and 75925 states in the queue.
	200000 states explored in 9.98s, with 679058 rules fired and 141897 states in the queue.
	300000 states explored in 12.39s, with 918581 rules fired and 220938 states in the queue.
	400000 states explored in 16.49s, with 1288300 rules fired and 287986 states in the queue.
	500000 states explored in 22.99s, with 1865278 rules fired and 336821 states in the queue.
	600000 states explored in 25.29s, with 2060587 rules fired and 418870 states in the queue.
	700000 states explored in 28.08s, with 2299512 rules fired and 497573 states in the queue.
	800000 states explored in 31.24s, with 2561014 rules fired and 574001 states in the queue.
	900000 states explored in 35.60s, with 2909069 rules fired and 641782 states in the queue.
	1000000 states explored in 41.97s, with 3399174 rules fired and 696791 states in the queue.
	1100000 states explored in 52.65s, with 4225776 rules fired and 721460 states in the queue.
	1200000 states explored in 61.73s, with 4925743 rules fired and 759199 states in the queue.
	1300000 states explored in 63.84s, with 5104816 rules fired and 842800 states in the queue.
	1400000 states explored in 66.21s, with 5292846 rules fired and 924300 states in the queue.
	1500000 states explored in 68.95s, with 5502707 rules fired and 1003873 states in the queue.
	1600000 states explored in 72.40s, with 5746480 rules fired and 1080178 states in the queue.
	1700000 states explored in 76.91s, with 6076917 rules fired and 1148231 states in the queue.
	1800000 states explored in 80.59s, with 6364781 rules fired and 1221410 states in the queue.
	1900000 states explored in 84.86s, with 6673034 rules fired and 1291692 states in the queue.
	2000000 states explored in 90.30s, with 7047620 rules fired and 1355199 states in the queue.
	2100000 states explored in 97.09s, with 7511297 rules fired and 1409833 states in the queue.
	2200000 states explored in 104.03s, with 7973959 rules fired and 1463798 states in the queue.
	2300000 states explored in 111.15s, with 8421299 rules fired and 1519774 states in the queue.
	2400000 states explored in 123.19s, with 9178756 rules fired and 1546627 states in the queue.
	2500000 states explored in 140.17s, with 10238512 rules fired and 1542587 states in the queue.
	2600000 states explored in 162.23s, with 11402746 rules fired and 1528620 states in the queue.
	2700000 states explored in 171.81s, with 11940497 rules fired and 1578745 states in the queue.
	2800000 states explored in 174.94s, with 12129839 rules fired and 1660057 states in the queue.
	2900000 states explored in 178.35s, with 12332977 rules fired and 1740114 states in the queue.
	3000000 states explored in 181.67s, with 12539810 rules fired and 1819729 states in the queue.
	3100000 states explored in 185.30s, with 12755152 rules fired and 1898083 states in the queue.
	3200000 states explored in 189.54s, with 12993140 rules fired and 1973749 states in the queue.
	3300000 states explored in 196.07s, with 13371576 rules fired and 2034956 states in the queue.
	3400000 states explored in 202.67s, with 13721308 rules fired and 2098437 states in the queue.
	3500000 states explored in 208.94s, with 14081403 rules fired and 2160714 states in the queue.
	3600000 states explored in 215.14s, with 14432277 rules fired and 2224651 states in the queue.
	3700000 states explored in 221.44s, with 14795693 rules fired and 2286054 states in the queue.
	3800000 states explored in 228.12s, with 15163176 rules fired and 2346537 states in the queue.
	3900000 states explored in 236.32s, with 15562944 rules fired and 2403144 states in the queue.
	4000000 states explored in 244.97s, with 16026000 rules fired and 2454236 states in the queue.
	4100000 states explored in 255.23s, with 16555719 rules fired and 2497605 states in the queue.
	4200000 states explored in 261.96s, with 16914823 rules fired and 2562853 states in the queue.
	4300000 states explored in 267.93s, with 17212837 rules fired and 2632925 states in the queue.
	4400000 states explored in 274.53s, with 17577355 rules fired and 2697189 states in the queue.
	4500000 states explored in 283.35s, with 17989166 rules fired and 2753263 states in the queue.
	4600000 states explored in 292.61s, with 18414928 rules fired and 2808915 states in the queue.
	4700000 states explored in 308.05s, with 19112911 rules fired and 2834744 states in the queue.
	4800000 states explored in 325.00s, with 19894020 rules fired and 2851991 states in the queue.
	4900000 states explored in 340.37s, with 20596570 rules fired and 2878442 states in the queue.
	5000000 states explored in 356.50s, with 21330013 rules fired and 2902610 states in the queue.
	5100000 states explored in 375.91s, with 22276816 rules fired and 2907558 states in the queue.
	5200000 states explored in 397.39s, with 23381554 rules fired and 2895766 states in the queue.
	5300000 states explored in 418.06s, with 24354223 rules fired and 2902066 states in the queue.
	5400000 states explored in 444.61s, with 25528636 rules fired and 2884404 states in the queue.
	5500000 states explored in 448.38s, with 25708382 rules fired and 2965395 states in the queue.
	5600000 states explored in 452.94s, with 25905686 rules fired and 3044997 states in the queue.
	5700000 states explored in 457.50s, with 26094196 rules fired and 3124214 states in the queue.
	5800000 states explored in 462.05s, with 26291676 rules fired and 3201831 states in the queue.
	5900000 states explored in 466.90s, with 26493273 rules fired and 3279691 states in the queue.
	6000000 states explored in 472.18s, with 26720620 rules fired and 3355940 states in the queue.
	6100000 states explored in 478.45s, with 26964514 rules fired and 3429804 states in the queue.
	6200000 states explored in 483.68s, with 27203448 rules fired and 3504209 states in the queue.
	6300000 states explored in 489.32s, with 27454809 rules fired and 3577559 states in the queue.
	6400000 states explored in 495.48s, with 27719417 rules fired and 3649174 states in the queue.
	6500000 states explored in 511.22s, with 28366999 rules fired and 3677414 states in the queue.
	6600000 states explored in 527.12s, with 29029420 rules fired and 3704820 states in the queue.
	6700000 states explored in 537.42s, with 29436996 rules fired and 3757338 states in the queue.
	6800000 states explored in 545.48s, with 29804658 rules fired and 3817568 states in the queue.
	6900000 states explored in 555.11s, with 30187418 rules fired and 3875593 states in the queue.
	7000000 states explored in 565.47s, with 30619681 rules fired and 3928938 states in the queue.
	7100000 states explored in 577.91s, with 31124068 rules fired and 3972911 states in the queue.
	7200000 states explored in 591.01s, with 31646600 rules fired and 4013228 states in the queue.
	7300000 states explored in 603.51s, with 32121928 rules fired and 4059045 states in the queue.
	7400000 states explored in 617.51s, with 32618546 rules fired and 4102591 states in the queue.
	7500000 states explored in 632.10s, with 33202124 rules fired and 4138048 states in the queue.
	7600000 states explored in 647.83s, with 33785397 rules fired and 4174201 states in the queue.
	7700000 states explored in 664.70s, with 34400317 rules fired and 4204209 states in the queue.
	7800000 states explored in 677.15s, with 34904055 rules fired and 4250289 states in the queue.
	7900000 states explored in 685.86s, with 35193685 rules fired and 4319565 states in the queue.
	8000000 states explored in 692.88s, with 35469232 rules fired and 4389315 states in the queue.
	8100000 states explored in 701.68s, with 35760728 rules fired and 4456285 states in the queue.
	8200000 states explored in 709.56s, with 36024392 rules fired and 4526925 states in the queue.
	8300000 states explored in 717.39s, with 36278465 rules fired and 4601306 states in the queue.
	8400000 states explored in 724.87s, with 36552809 rules fired and 4674593 states in the queue.
	8500000 states explored in 732.56s, with 36819400 rules fired and 4748962 states in the queue.
	8600000 states explored in 741.06s, with 37109486 rules fired and 4821457 states in the queue.
	8700000 states explored in 749.30s, with 37454583 rules fired and 4888996 states in the queue.
	8800000 states explored in 763.53s, with 37954497 rules fired and 4940187 states in the queue.
	8900000 states explored in 782.57s, with 38624087 rules fired and 4971549 states in the queue.
	9000000 states explored in 797.66s, with 39221214 rules fired and 5009264 states in the queue.
	9100000 states explored in 814.20s, with 39857453 rules fired and 5045587 states in the queue.
	9200000 states explored in 830.86s, with 40533102 rules fired and 5077730 states in the queue.
	9300000 states explored in 845.40s, with 41179821 rules fired and 5111284 states in the queue.
	9400000 states explored in 863.30s, with 41850865 rules fired and 5143143 states in the queue.
	9500000 states explored in 881.19s, with 42488601 rules fired and 5181293 states in the queue.
	9600000 states explored in 900.08s, with 43269640 rules fired and 5206686 states in the queue.
	9700000 states explored in 921.49s, with 44171030 rules fired and 5216128 states in the queue.
	9800000 states explored in 947.27s, with 45250494 rules fired and 5206310 states in the queue.
	9900000 states explored in 977.24s, with 46338175 rules fired and 5198657 states in the queue.
	10000000 states explored in 1005.33s, with 47310997 rules fired and 5201009 states in the queue.
	10100000 states explored in 1031.81s, with 48377329 rules fired and 5195399 states in the queue.
	10200000 states explored in 1069.94s, with 49796243 rules fired and 5157649 states in the queue.
	10300000 states explored in 1090.68s, with 50493373 rules fired and 5185293 states in the queue.
	10400000 states explored in 1095.91s, with 50668614 rules fired and 5267164 states in the queue.
	10500000 states explored in 1100.40s, with 50847538 rules fired and 5348865 states in the queue.
	10600000 states explored in 1104.99s, with 51035012 rules fired and 5429480 states in the queue.
	10700000 states explored in 1111.00s, with 51219443 rules fired and 5510701 states in the queue.
	10800000 states explored in 1117.10s, with 51407434 rules fired and 5590601 states in the queue.
	10900000 states explored in 1122.31s, with 51596851 rules fired and 5671012 states in the queue.
	11000000 states explored in 1127.95s, with 51793516 rules fired and 5750178 states in the queue.
	11100000 states explored in 1133.76s, with 51997202 rules fired and 5827488 states in the queue.
	11200000 states explored in 1139.53s, with 52196587 rules fired and 5906007 states in the queue.
	11300000 states explored in 1145.80s, with 52419649 rules fired and 5981107 states in the queue.
	11400000 states explored in 1152.39s, with 52641726 rules fired and 6057123 states in the queue.
	11500000 states explored in 1160.44s, with 52853751 rules fired and 6133447 states in the queue.
	11600000 states explored in 1167.34s, with 53078806 rules fired and 6209795 states in the queue.
	11700000 states explored in 1174.01s, with 53311320 rules fired and 6284778 states in the queue.
	11800000 states explored in 1181.53s, with 53545363 rules fired and 6359193 states in the queue.
	11900000 states explored in 1188.43s, with 53785003 rules fired and 6433142 states in the queue.
	12000000 states explored in 1195.31s, with 54029751 rules fired and 6506479 states in the queue.
	12100000 states explored in 1201.57s, with 54263400 rules fired and 6581575 states in the queue.
	12200000 states explored in 1208.20s, with 54512974 rules fired and 6655000 states in the queue.
	12300000 states explored in 1215.39s, with 54761878 rules fired and 6727542 states in the queue.
	12400000 states explored in 1223.24s, with 55039334 rules fired and 6795815 states in the queue.
	12500000 states explored in 1231.44s, with 55341210 rules fired and 6864024 states in the queue.
	12600000 states explored in 1240.93s, with 55675380 rules fired and 6926880 states in the queue.
	12700000 states explored in 1249.92s, with 56025436 rules fired and 6988951 states in the queue.
	12800000 states explored in 1259.86s, with 56368732 rules fired and 7051927 states in the queue.
	12900000 states explored in 1271.86s, with 56726488 rules fired and 7113769 states in the queue.
	13000000 states explored in 1283.18s, with 57094829 rules fired and 7173946 states in the queue.
	13100000 states explored in 1293.10s, with 57455337 rules fired and 7235444 states in the queue.
	13200000 states explored in 1302.89s, with 57814084 rules fired and 7296817 states in the queue.
	13300000 states explored in 1315.35s, with 58214063 rules fired and 7349677 states in the queue.
	13400000 states explored in 1332.09s, with 58760738 rules fired and 7387930 states in the queue.
	13500000 states explored in 1351.08s, with 59423410 rules fired and 7415794 states in the queue.
	13600000 states explored in 1374.25s, with 60197568 rules fired and 7429213 states in the queue.
	13700000 states explored in 1403.83s, with 61131835 rules fired and 7423215 states in the queue.
	13800000 states explored in 1437.13s, with 62231911 rules fired and 7395662 states in the queue.
	13900000 states explored in 1475.44s, with 63497751 rules fired and 7350523 states in the queue.
	14000000 states explored in 1518.76s, with 64744314 rules fired and 7306044 states in the queue.
	14100000 states explored in 1552.41s, with 65827002 rules fired and 7283783 states in the queue.
	14200000 states explored in 1591.41s, with 67018723 rules fired and 7247331 states in the queue.
	14300000 states explored in 1622.87s, with 67955909 rules fired and 7238374 states in the queue.
	14400000 states explored in 1645.57s, with 68697956 rules fired and 7255069 states in the queue.
	14500000 states explored in 1666.65s, with 69302037 rules fired and 7287654 states in the queue.
	14600000 states explored in 1688.05s, with 69994470 rules fired and 7313812 states in the queue.
	14700000 states explored in 1708.16s, with 70628606 rules fired and 7343365 states in the queue.
	14800000 states explored in 1729.52s, with 71227707 rules fired and 7377573 states in the queue.
	14900000 states explored in 1748.05s, with 71791932 rules fired and 7414680 states in the queue.
	15000000 states explored in 1762.06s, with 72202561 rules fired and 7470864 states in the queue.
	15100000 states explored in 1772.87s, with 72517496 rules fired and 7538359 states in the queue.
	15200000 states explored in 1782.98s, with 72774246 rules fired and 7614386 states in the queue.
	15300000 states explored in 1791.44s, with 73042248 rules fired and 7689259 states in the queue.
	15400000 states explored in 1800.84s, with 73355408 rules fired and 7759251 states in the queue.
	15500000 states explored in 1816.63s, with 73740708 rules fired and 7819872 states in the queue.
	15600000 states explored in 1830.62s, with 74154509 rules fired and 7878250 states in the queue.
	15700000 states explored in 1842.84s, with 74534735 rules fired and 7938986 states in the queue.
	15800000 states explored in 1857.68s, with 74977221 rules fired and 7993504 states in the queue.
	15900000 states explored in 1871.90s, with 75397640 rules fired and 8051478 states in the queue.
	16000000 states explored in 1882.79s, with 75788524 rules fired and 8110908 states in the queue.
	16100000 states explored in 1895.98s, with 76234401 rules fired and 8164955 states in the queue.
	16200000 states explored in 1905.86s, with 76538924 rules fired and 8235351 states in the queue.
	16300000 states explored in 1916.54s, with 76849696 rules fired and 8304955 states in the queue.
	16400000 states explored in 1928.35s, with 77228156 rules fired and 8368274 states in the queue.
	16500000 states explored in 1941.77s, with 77711655 rules fired and 8421592 states in the queue.
	16600000 states explored in 1955.43s, with 78201738 rules fired and 8473112 states in the queue.
	16700000 states explored in 1972.40s, with 78741180 rules fired and 8522713 states in the queue.
	16800000 states explored in 1988.61s, with 79261722 rules fired and 8573555 states in the queue.
	16900000 states explored in 2003.76s, with 79808017 rules fired and 8621231 states in the queue.
	17000000 states explored in 2020.73s, with 80392729 rules fired and 8665816 states in the queue.

Error:

	Internal Error: Too many active states.



