This program should be regarded as a DEBUGGING aid, not as a 
certifier of correctness.
Call with the -l flag or read the license file for terms
and conditions of use.
Run this program with "-h" for the list of options.

Bugs, questions, and comments should be directed to
"melatti@di.uniroma1.it".

CMurphi compiler last modified date: Apr 10 2024
Include files last modified date:    Jul 23 2021
==========================================================================

==========================================================================
Caching Murphi Release 5.5.0
Finite-state Concurrent System Verifier.

Caching Murphi Release 5.5.0 is based on various versions of Murphi.
Caching Murphi Release 5.5.0 :
Copyright (C) 2009-2012 by Sapienza University of Rome.
Murphi release 3.1 :
Copyright (C) 1992 - 1999 by the Board of Trustees of
Leland Stanford Junior University.

==========================================================================

Protocol: ./protocols/exec/German_node8/German_node8_inv159
===========================================
  You are using EDMC algorithm.  
===========================================

===== Startstates are generated! =====
Carelist Layer 0: Cache[1].State Cache[2].State Cache[3].State Cache[4].State Cache[5].State Cache[6].State Cache[7].State Cache[8].State 

===== Init heuristics! =====

Progress Report:

	100000 states explored in 5.89s, with 287779 rules fired and 75842 states in the queue.
	200000 states explored in 9.49s, with 669576 rules fired and 142280 states in the queue.
	300000 states explored in 11.90s, with 918025 rules fired and 220135 states in the queue.
	400000 states explored in 16.68s, with 1367953 rules fired and 279120 states in the queue.
	500000 states explored in 21.19s, with 1818998 rules fired and 340482 states in the queue.
	600000 states explored in 23.20s, with 2013168 rules fired and 422886 states in the queue.
	700000 states explored in 25.81s, with 2258427 rules fired and 500768 states in the queue.
	800000 states explored in 29.08s, with 2547633 rules fired and 574031 states in the queue.
	900000 states explored in 33.34s, with 2922360 rules fired and 639181 states in the queue.
	1000000 states explored in 39.87s, with 3486029 rules fired and 687200 states in the queue.
	1100000 states explored in 50.36s, with 4406586 rules fired and 704303 states in the queue.
	1200000 states explored in 54.36s, with 4755701 rules fired and 772559 states in the queue.
	1300000 states explored in 56.54s, with 4940762 rules fired and 855694 states in the queue.
	1400000 states explored in 59.03s, with 5139783 rules fired and 935984 states in the queue.
	1500000 states explored in 61.93s, with 5367105 rules fired and 1013821 states in the queue.
	1600000 states explored in 66.07s, with 5689437 rules fired and 1081342 states in the queue.
	1700000 states explored in 69.59s, with 5974751 rules fired and 1154412 states in the queue.
	1800000 states explored in 73.35s, with 6256591 rules fired and 1226757 states in the queue.
	1900000 states explored in 77.86s, with 6590394 rules fired and 1293784 states in the queue.
	2000000 states explored in 84.39s, with 7053985 rules fired and 1347660 states in the queue.
	2100000 states explored in 91.86s, with 7581305 rules fired and 1395397 states in the queue.
	2200000 states explored in 98.78s, with 8075618 rules fired and 1447819 states in the queue.
	2300000 states explored in 109.28s, with 8794652 rules fired and 1479427 states in the queue.
	2400000 states explored in 123.55s, with 9708062 rules fired and 1490211 states in the queue.
	2500000 states explored in 140.08s, with 10828864 rules fired and 1480662 states in the queue.
	2600000 states explored in 146.23s, with 11250383 rules fired and 1540300 states in the queue.
	2700000 states explored in 148.85s, with 11421452 rules fired and 1622729 states in the queue.
	2800000 states explored in 151.95s, with 11628668 rules fired and 1701552 states in the queue.
	2900000 states explored in 155.37s, with 11845587 rules fired and 1779124 states in the queue.
	3000000 states explored in 159.26s, with 12088724 rules fired and 1853840 states in the queue.
	3100000 states explored in 163.27s, with 12340064 rules fired and 1929251 states in the queue.
	3200000 states explored in 171.30s, with 12807120 rules fired and 1980454 states in the queue.
	3300000 states explored in 178.04s, with 13219180 rules fired and 2037366 states in the queue.
	3400000 states explored in 183.83s, with 13565543 rules fired and 2100402 states in the queue.
	3500000 states explored in 189.17s, with 13894557 rules fired and 2164990 states in the queue.
	3600000 states explored in 195.15s, with 14268826 rules fired and 2225371 states in the queue.
	3700000 states explored in 200.83s, with 14628822 rules fired and 2288299 states in the queue.
	3800000 states explored in 208.67s, with 15094816 rules fired and 2340742 states in the queue.
	3900000 states explored in 219.46s, with 15713481 rules fired and 2375937 states in the queue.
	4000000 states explored in 229.13s, with 16295170 rules fired and 2417581 states in the queue.
	4100000 states explored in 234.81s, with 16651614 rules fired and 2483175 states in the queue.
	4200000 states explored in 239.53s, with 16958155 rules fired and 2553763 states in the queue.
	4300000 states explored in 245.87s, with 17329966 rules fired and 2617055 states in the queue.
	4400000 states explored in 252.87s, with 17747453 rules fired and 2674832 states in the queue.
	4500000 states explored in 263.85s, with 18364161 rules fired and 2710217 states in the queue.
	4600000 states explored in 278.63s, with 19142773 rules fired and 2728548 states in the queue.
	4700000 states explored in 294.01s, with 19934244 rules fired and 2741803 states in the queue.
	4800000 states explored in 308.83s, with 20768348 rules fired and 2752840 states in the queue.
	4900000 states explored in 325.68s, with 21631847 rules fired and 2764113 states in the queue.
	5000000 states explored in 344.22s, with 22612496 rules fired and 2766944 states in the queue.
	5100000 states explored in 366.60s, with 23718199 rules fired and 2756112 states in the queue.
	5200000 states explored in 369.75s, with 23886792 rules fired and 2839102 states in the queue.
	5300000 states explored in 373.24s, with 24062162 rules fired and 2920688 states in the queue.
	5400000 states explored in 377.32s, with 24243937 rules fired and 3001048 states in the queue.
	5500000 states explored in 381.01s, with 24434131 rules fired and 3080576 states in the queue.
	5600000 states explored in 384.64s, with 24649702 rules fired and 3157740 states in the queue.
	5700000 states explored in 388.33s, with 24857482 rules fired and 3235574 states in the queue.
	5800000 states explored in 391.94s, with 25075138 rules fired and 3312900 states in the queue.
	5900000 states explored in 396.07s, with 25297825 rules fired and 3389197 states in the queue.
	6000000 states explored in 400.48s, with 25539038 rules fired and 3463417 states in the queue.
	6100000 states explored in 405.10s, with 25798268 rules fired and 3536553 states in the queue.
	6200000 states explored in 410.03s, with 26055278 rules fired and 3608794 states in the queue.
	6300000 states explored in 415.96s, with 26335692 rules fired and 3678138 states in the queue.
	6400000 states explored in 427.97s, with 26890954 rules fired and 3717435 states in the queue.
	6500000 states explored in 442.54s, with 27534279 rules fired and 3746585 states in the queue.
	6600000 states explored in 459.44s, with 28277317 rules fired and 3763231 states in the queue.
	6700000 states explored in 472.29s, with 28837173 rules fired and 3800193 states in the queue.
	6800000 states explored in 484.01s, with 29347090 rules fired and 3842841 states in the queue.
	6900000 states explored in 495.94s, with 29866037 rules fired and 3883678 states in the queue.
	7000000 states explored in 508.28s, with 30387587 rules fired and 3924643 states in the queue.
	7100000 states explored in 521.93s, with 30983777 rules fired and 3958105 states in the queue.
	7200000 states explored in 535.92s, with 31634967 rules fired and 3984639 states in the queue.
	7300000 states explored in 552.74s, with 32366177 rules fired and 4001276 states in the queue.
	7400000 states explored in 565.70s, with 32979919 rules fired and 4035121 states in the queue.
	7500000 states explored in 577.97s, with 33572309 rules fired and 4070339 states in the queue.
	7600000 states explored in 586.97s, with 34059328 rules fired and 4118837 states in the queue.
	7700000 states explored in 591.84s, with 34302800 rules fired and 4193467 states in the queue.
	7800000 states explored in 599.04s, with 34611234 rules fired and 4260290 states in the queue.
	7900000 states explored in 605.12s, with 34898222 rules fired and 4329110 states in the queue.
	8000000 states explored in 613.14s, with 35247350 rules fired and 4393150 states in the queue.
	8100000 states explored in 618.67s, with 35517819 rules fired and 4466861 states in the queue.
	8200000 states explored in 624.47s, with 35828536 rules fired and 4538660 states in the queue.
	8300000 states explored in 632.89s, with 36236682 rules fired and 4599044 states in the queue.
	8400000 states explored in 645.69s, with 36837867 rules fired and 4637331 states in the queue.
	8500000 states explored in 659.10s, with 37469257 rules fired and 4674156 states in the queue.
	8600000 states explored in 672.72s, with 38060985 rules fired and 4714164 states in the queue.
	8700000 states explored in 684.14s, with 38662421 rules fired and 4754632 states in the queue.
	8800000 states explored in 697.40s, with 39370269 rules fired and 4783621 states in the queue.
	8900000 states explored in 709.52s, with 39998087 rules fired and 4822678 states in the queue.
	9000000 states explored in 722.07s, with 40673755 rules fired and 4857081 states in the queue.
	9100000 states explored in 741.43s, with 41577908 rules fired and 4868064 states in the queue.
	9200000 states explored in 759.38s, with 42429783 rules fired and 4882499 states in the queue.
	9300000 states explored in 781.21s, with 43503506 rules fired and 4875665 states in the queue.
	9400000 states explored in 801.14s, with 44462164 rules fired and 4880689 states in the queue.
	9500000 states explored in 825.77s, with 45580624 rules fired and 4870238 states in the queue.
	9600000 states explored in 842.31s, with 46411414 rules fired and 4885684 states in the queue.
	9700000 states explored in 845.45s, with 46591232 rules fired and 4967468 states in the queue.
	9800000 states explored in 848.76s, with 46784519 rules fired and 5047761 states in the queue.
	9900000 states explored in 852.40s, with 46978242 rules fired and 5127462 states in the queue.
	10000000 states explored in 855.94s, with 47148080 rules fired and 5209211 states in the queue.
	10100000 states explored in 859.95s, with 47338385 rules fired and 5288627 states in the queue.
	10200000 states explored in 863.14s, with 47515939 rules fired and 5370551 states in the queue.
	10300000 states explored in 867.08s, with 47702115 rules fired and 5451313 states in the queue.
	10400000 states explored in 870.62s, with 47902221 rules fired and 5530415 states in the queue.
	10500000 states explored in 874.12s, with 48089105 rules fired and 5611483 states in the queue.
	10600000 states explored in 877.91s, with 48295840 rules fired and 5690573 states in the queue.
	10700000 states explored in 881.87s, with 48498963 rules fired and 5769591 states in the queue.
	10800000 states explored in 886.00s, with 48700329 rules fired and 5849405 states in the queue.
	10900000 states explored in 890.19s, with 48911539 rules fired and 5928403 states in the queue.
	11000000 states explored in 894.71s, with 49137704 rules fired and 6005832 states in the queue.
	11100000 states explored in 899.24s, with 49348069 rules fired and 6085438 states in the queue.
	11200000 states explored in 903.98s, with 49570960 rules fired and 6162666 states in the queue.
	11300000 states explored in 908.51s, with 49785918 rules fired and 6240380 states in the queue.
	11400000 states explored in 913.16s, with 49999346 rules fired and 6318731 states in the queue.
	11500000 states explored in 917.98s, with 50234521 rules fired and 6393621 states in the queue.
	11600000 states explored in 922.88s, with 50463197 rules fired and 6470147 states in the queue.
	11700000 states explored in 927.82s, with 50683539 rules fired and 6547578 states in the queue.
	11800000 states explored in 933.29s, with 50921495 rules fired and 6623514 states in the queue.
	11900000 states explored in 939.03s, with 51159299 rules fired and 6697410 states in the queue.
	12000000 states explored in 945.09s, with 51408454 rules fired and 6770728 states in the queue.
	12100000 states explored in 951.04s, with 51661671 rules fired and 6844016 states in the queue.
	12200000 states explored in 958.44s, with 51941606 rules fired and 6914276 states in the queue.
	12300000 states explored in 966.57s, with 52231373 rules fired and 6982676 states in the queue.
	12400000 states explored in 974.27s, with 52534725 rules fired and 7049734 states in the queue.
	12500000 states explored in 981.47s, with 52833583 rules fired and 7117319 states in the queue.
	12600000 states explored in 989.13s, with 53142640 rules fired and 7183397 states in the queue.
	12700000 states explored in 997.28s, with 53479087 rules fired and 7246468 states in the queue.
	12800000 states explored in 1005.01s, with 53824183 rules fired and 7308555 states in the queue.
	12900000 states explored in 1012.78s, with 54154486 rules fired and 7373100 states in the queue.
	13000000 states explored in 1022.02s, with 54571251 rules fired and 7429027 states in the queue.
	13100000 states explored in 1034.42s, with 55075901 rules fired and 7474565 states in the queue.
	13200000 states explored in 1047.94s, with 55576209 rules fired and 7519683 states in the queue.
	13300000 states explored in 1064.52s, with 56188708 rules fired and 7551442 states in the queue.
	13400000 states explored in 1086.77s, with 57009557 rules fired and 7556225 states in the queue.
	13500000 states explored in 1107.83s, with 57870704 rules fired and 7557252 states in the queue.
	13600000 states explored in 1127.36s, with 58689635 rules fired and 7566018 states in the queue.
	13700000 states explored in 1149.17s, with 59562087 rules fired and 7566746 states in the queue.
	13800000 states explored in 1171.36s, with 60452661 rules fired and 7568027 states in the queue.
	13900000 states explored in 1197.03s, with 61449005 rules fired and 7555666 states in the queue.
	14000000 states explored in 1220.52s, with 62439904 rules fired and 7547005 states in the queue.
	14100000 states explored in 1245.66s, with 63481304 rules fired and 7529443 states in the queue.
	14200000 states explored in 1269.81s, with 64466805 rules fired and 7519063 states in the queue.
	14300000 states explored in 1296.08s, with 65562572 rules fired and 7499181 states in the queue.
	14400000 states explored in 1321.24s, with 66651498 rules fired and 7480912 states in the queue.
	14500000 states explored in 1361.90s, with 68222457 rules fired and 7408711 states in the queue.
	14600000 states explored in 1386.81s, with 69107740 rules fired and 7411738 states in the queue.
	14700000 states explored in 1406.10s, with 69864953 rules fired and 7429539 states in the queue.
	14800000 states explored in 1422.40s, with 70516812 rules fired and 7460723 states in the queue.
	14900000 states explored in 1431.39s, with 70872998 rules fired and 7525514 states in the queue.
	15000000 states explored in 1446.86s, with 71366862 rules fired and 7573299 states in the queue.
	15100000 states explored in 1460.23s, with 71848374 rules fired and 7623531 states in the queue.
	15200000 states explored in 1480.04s, with 72407381 rules fired and 7664049 states in the queue.
	15300000 states explored in 1493.70s, with 72939090 rules fired and 7709178 states in the queue.
	15400000 states explored in 1509.90s, with 73544281 rules fired and 7746556 states in the queue.
	15500000 states explored in 1520.27s, with 74003256 rules fired and 7801013 states in the queue.
	15600000 states explored in 1530.41s, with 74406997 rules fired and 7861410 states in the queue.
	15700000 states explored in 1541.94s, with 74961905 rules fired and 7908360 states in the queue.
	15800000 states explored in 1557.36s, with 75592775 rules fired and 7950989 states in the queue.
	15900000 states explored in 1570.53s, with 76165789 rules fired and 7995298 states in the queue.
	16000000 states explored in 1583.45s, with 76765859 rules fired and 8039377 states in the queue.
	16100000 states explored in 1597.74s, with 77339735 rules fired and 8086381 states in the queue.
	16200000 states explored in 1611.97s, with 77959179 rules fired and 8127891 states in the queue.
	16300000 states explored in 1628.20s, with 78633691 rules fired and 8161923 states in the queue.
	16400000 states explored in 1643.36s, with 79308675 rules fired and 8198657 states in the queue.
	16500000 states explored in 1662.00s, with 79998585 rules fired and 8232736 states in the queue.
	16600000 states explored in 1680.67s, with 80784060 rules fired and 8259470 states in the queue.
	16700000 states explored in 1698.63s, with 81547661 rules fired and 8287129 states in the queue.
	16800000 states explored in 1718.18s, with 82277729 rules fired and 8318112 states in the queue.
	16900000 states explored in 1745.25s, with 83257897 rules fired and 8322677 states in the queue.
	17000000 states explored in 1784.94s, with 84617011 rules fired and 8284542 states in the queue.
	17100000 states explored in 1807.58s, with 85418102 rules fired and 8305081 states in the queue.
	17200000 states explored in 1812.36s, with 85597066 rules fired and 8384972 states in the queue.
	17300000 states explored in 1817.33s, with 85775761 rules fired and 8464401 states in the queue.
	17400000 states explored in 1822.77s, with 85941557 rules fired and 8545892 states in the queue.
	17500000 states explored in 1828.17s, with 86111204 rules fired and 8626719 states in the queue.

Error:

	Internal Error: Too many active states.



