This program should be regarded as a DEBUGGING aid, not as a 
certifier of correctness.
Call with the -l flag or read the license file for terms
and conditions of use.
Run this program with "-h" for the list of options.

Bugs, questions, and comments should be directed to
"melatti@di.uniroma1.it".

CMurphi compiler last modified date: Jul 24 2024
Include files last modified date:    Jul 23 2021
==========================================================================

==========================================================================
Caching Murphi Release 5.5.0
Finite-state Concurrent System Verifier.

Caching Murphi Release 5.5.0 is based on various versions of Murphi.
Caching Murphi Release 5.5.0 :
Copyright (C) 2009-2012 by Sapienza University of Rome.
Murphi release 3.1 :
Copyright (C) 1992 - 1999 by the Board of Trustees of
Leland Stanford Junior University.

==========================================================================

Protocol: ./protocols/exec/TL-C_NonIn_S_data/TL-C_NonIn_S_data_inv34
===========================================
  You are using EDMC algorithm.  
===========================================

===== Startstates are generated! =====
Carelist Layer 0: Tree[1].cache.state Tree[2].cache.state Tree[3].cache.state Tree[4].cache.state Tree[5].cache.state Tree[6].cache.state Tree[7].cache.state 
Carelist Layer 1: Tree[node].chanA[node].opcode.isundefined Tree[node].chanA[node].opcode Tree[node].chanA[node].para Tree[node].cache.state Tree[node].directory[node] Tree[node].master_pending.isundefined Tree[node].chanC[node].opcode.isundefined Tree[node].chanB[node].opcode.isundefined Tree[node].chanB[node].opcode Tree[node].chanB[node].para Tree[node].master_pending Tree[node].chanD[node].opcode.isundefined Tree[node].chanD[node].opcode Tree[node].chanD[node].para Tree[node].chanC[node].opcode Tree[node].chanC[node].para Tree[node].slave_pending[node].isundefined 
Attr: Tree[node].slave_pending[node].isundefined Level: 1 Wi: 2
Attr: Tree[node].chanC[node].opcode Level: 1 Wi: 2
Attr: Tree[node].chanD[node].para Level: 1 Wi: 2
Attr: Tree[node].chanD[node].opcode Level: 1 Wi: 2
Attr: Tree[node].chanC[node].para Level: 1 Wi: 2
Attr: Tree[node].chanD[node].opcode.isundefined Level: 1 Wi: 2
Attr: Tree[node].directory[node] Level: 1 Wi: 2
Attr: Tree[3].cache.state Level: 0 Wi: 4
Attr: Tree[4].cache.state Level: 0 Wi: 4
Attr: Tree[node].master_pending Level: 1 Wi: 2
Attr: Tree[node].cache.state Level: 1 Wi: 2
Attr: Tree[node].chanB[node].opcode.isundefined Level: 1 Wi: 2
Attr: Tree[node].chanB[node].para Level: 1 Wi: 2
Attr: Tree[6].cache.state Level: 0 Wi: 4
Attr: Tree[node].chanC[node].opcode.isundefined Level: 1 Wi: 2
Attr: Tree[1].cache.state Level: 0 Wi: 4
Attr: Tree[2].cache.state Level: 0 Wi: 4
Attr: Tree[5].cache.state Level: 0 Wi: 4
Attr: Tree[7].cache.state Level: 0 Wi: 4
Attr: Tree[node].chanA[node].opcode.isundefined Level: 1 Wi: 2
Attr: Tree[node].chanA[node].opcode Level: 1 Wi: 2
Attr: Tree[node].chanA[node].para Level: 1 Wi: 2
Attr: Tree[node].master_pending.isundefined Level: 1 Wi: 2
Attr: Tree[node].chanB[node].opcode Level: 1 Wi: 2

===== Init heuristics! =====

Progress Report:

	100000 states explored in 5.95s, with 289000 rules fired and 35572 states in the queue.
	200000 states explored in 9.92s, with 618587 rules fired and 60112 states in the queue.
	300000 states explored in 14.27s, with 978316 rules fired and 77252 states in the queue.
	400000 states explored in 19.64s, with 1424007 rules fired and 77368 states in the queue.
	500000 states explored in 25.03s, with 1874281 rules fired and 77061 states in the queue.
	600000 states explored in 29.87s, with 2288888 rules fired and 88709 states in the queue.
	700000 states explored in 33.86s, with 2622897 rules fired and 114102 states in the queue.
	800000 states explored in 37.66s, with 2924352 rules fired and 138611 states in the queue.
	900000 states explored in 42.00s, with 3282338 rules fired and 154663 states in the queue.
	1000000 states explored in 45.83s, with 3605178 rules fired and 184869 states in the queue.
	1100000 states explored in 49.99s, with 3957376 rules fired and 211292 states in the queue.
	1200000 states explored in 53.71s, with 4257272 rules fired and 239493 states in the queue.
	1300000 states explored in 57.49s, with 4561392 rules fired and 265285 states in the queue.
	1400000 states explored in 61.72s, with 4920931 rules fired and 291946 states in the queue.
	1500000 states explored in 65.91s, with 5268123 rules fired and 311489 states in the queue.
	1600000 states explored in 70.38s, with 5647299 rules fired and 334339 states in the queue.
	1700000 states explored in 74.75s, with 6020865 rules fired and 359179 states in the queue.
	1800000 states explored in 79.62s, with 6451716 rules fired and 378475 states in the queue.
	1900000 states explored in 85.03s, with 6925332 rules fired and 384901 states in the queue.
	2000000 states explored in 90.06s, with 7395802 rules fired and 406677 states in the queue.
	2100000 states explored in 95.52s, with 7908379 rules fired and 423620 states in the queue.
	2200000 states explored in 101.36s, with 8472596 rules fired and 443286 states in the queue.
	2300000 states explored in 106.47s, with 8942546 rules fired and 462844 states in the queue.
	2400000 states explored in 110.64s, with 9295793 rules fired and 484965 states in the queue.
	2500000 states explored in 115.14s, with 9661043 rules fired and 496788 states in the queue.
	2600000 states explored in 119.46s, with 10014144 rules fired and 512648 states in the queue.
	2700000 states explored in 123.37s, with 10345322 rules fired and 541039 states in the queue.
	2800000 states explored in 127.68s, with 10700611 rules fired and 559608 states in the queue.
	2900000 states explored in 132.26s, with 11089685 rules fired and 576283 states in the queue.
	3000000 states explored in 137.34s, with 11516323 rules fired and 582961 states in the queue.
	3100000 states explored in 142.37s, with 11934259 rules fired and 589425 states in the queue.
	3200000 states explored in 147.65s, with 12375268 rules fired and 591634 states in the queue.
	3300000 states explored in 153.38s, with 12862039 rules fired and 586431 states in the queue.
	3400000 states explored in 157.25s, with 13202550 rules fired and 613535 states in the queue.
	3500000 states explored in 161.43s, with 13571787 rules fired and 636763 states in the queue.
	3600000 states explored in 165.42s, with 13924895 rules fired and 660028 states in the queue.
	3700000 states explored in 169.89s, with 14329606 rules fired and 679819 states in the queue.
	3800000 states explored in 174.87s, with 14779362 rules fired and 687021 states in the queue.
	3900000 states explored in 179.97s, with 15242298 rules fired and 687745 states in the queue.
	4000000 states explored in 184.51s, with 15641105 rules fired and 702246 states in the queue.
	4100000 states explored in 188.49s, with 15986610 rules fired and 726733 states in the queue.
	4200000 states explored in 192.63s, with 16348196 rules fired and 749150 states in the queue.
	4300000 states explored in 196.95s, with 16735885 rules fired and 772394 states in the queue.
	4400000 states explored in 201.85s, with 17178624 rules fired and 781771 states in the queue.
	4500000 states explored in 206.89s, with 17636293 rules fired and 784438 states in the queue.
	4600000 states explored in 212.14s, with 18119125 rules fired and 792442 states in the queue.
	4700000 states explored in 216.89s, with 18577583 rules fired and 822098 states in the queue.
	4800000 states explored in 222.44s, with 19115491 rules fired and 841298 states in the queue.
	4900000 states explored in 227.97s, with 19659768 rules fired and 862167 states in the queue.
	5000000 states explored in 233.89s, with 20247472 rules fired and 879390 states in the queue.
	5100000 states explored in 240.50s, with 20909404 rules fired and 881153 states in the queue.
	5200000 states explored in 247.16s, with 21556782 rules fired and 880365 states in the queue.
	5300000 states explored in 251.56s, with 21961540 rules fired and 907153 states in the queue.
	5400000 states explored in 256.31s, with 22402738 rules fired and 929344 states in the queue.
	5500000 states explored in 261.24s, with 22861416 rules fired and 950388 states in the queue.
	5600000 states explored in 266.40s, with 23351429 rules fired and 970965 states in the queue.
	5700000 states explored in 272.43s, with 23933447 rules fired and 969154 states in the queue.
	5800000 states explored in 278.29s, with 24483860 rules fired and 972311 states in the queue.
	5900000 states explored in 282.92s, with 24909046 rules fired and 995286 states in the queue.
	6000000 states explored in 287.14s, with 25300336 rules fired and 1025586 states in the queue.
	6100000 states explored in 292.05s, with 25764917 rules fired and 1046598 states in the queue.
	6200000 states explored in 296.96s, with 26220198 rules fired and 1065249 states in the queue.
	6300000 states explored in 301.14s, with 26600507 rules fired and 1092289 states in the queue.
	6400000 states explored in 304.89s, with 26963987 rules fired and 1133623 states in the queue.
	6500000 states explored in 308.78s, with 27325035 rules fired and 1172326 states in the queue.
	6600000 states explored in 313.04s, with 27732306 rules fired and 1208160 states in the queue.
	6700000 states explored in 316.79s, with 28103562 rules fired and 1253332 states in the queue.
	6800000 states explored in 320.83s, with 28501591 rules fired and 1294496 states in the queue.
	6900000 states explored in 325.22s, with 28939231 rules fired and 1333422 states in the queue.
	7000000 states explored in 329.99s, with 29405909 rules fired and 1367452 states in the queue.
	7100000 states explored in 334.91s, with 29896146 rules fired and 1400837 states in the queue.
	7200000 states explored in 339.68s, with 30364003 rules fired and 1433788 states in the queue.
	7300000 states explored in 344.23s, with 30788271 rules fired and 1464488 states in the queue.
	7400000 states explored in 349.07s, with 31261073 rules fired and 1495562 states in the queue.
	7500000 states explored in 353.53s, with 31693110 rules fired and 1530761 states in the queue.
	7600000 states explored in 358.53s, with 32201559 rules fired and 1564580 states in the queue.
	7700000 states explored in 363.58s, with 32705195 rules fired and 1595666 states in the queue.
	7800000 states explored in 368.42s, with 33177411 rules fired and 1628745 states in the queue.
	7900000 states explored in 373.39s, with 33672646 rules fired and 1664930 states in the queue.
	8000000 states explored in 377.87s, with 34101914 rules fired and 1699260 states in the queue.
	8100000 states explored in 382.92s, with 34594783 rules fired and 1729843 states in the queue.
	8200000 states explored in 386.84s, with 34967033 rules fired and 1772982 states in the queue.
	8300000 states explored in 391.39s, with 35399236 rules fired and 1808083 states in the queue.
	8400000 states explored in 396.14s, with 35864272 rules fired and 1843467 states in the queue.
	8500000 states explored in 400.68s, with 36300825 rules fired and 1879608 states in the queue.
	8600000 states explored in 405.62s, with 36785611 rules fired and 1913159 states in the queue.
	8700000 states explored in 411.19s, with 37334293 rules fired and 1940931 states in the queue.
	8800000 states explored in 417.68s, with 37960480 rules fired and 1949023 states in the queue.
	8900000 states explored in 425.42s, with 38701413 rules fired and 1934953 states in the queue.
	9000000 states explored in 429.92s, with 39154058 rules fired and 1973660 states in the queue.
	9100000 states explored in 434.75s, with 39633019 rules fired and 2008376 states in the queue.
	9200000 states explored in 439.80s, with 40135899 rules fired and 2040952 states in the queue.
	9300000 states explored in 444.71s, with 40617096 rules fired and 2074334 states in the queue.
	9400000 states explored in 451.05s, with 41236600 rules fired and 2088578 states in the queue.
	9500000 states explored in 455.57s, with 41683460 rules fired and 2126468 states in the queue.
	9600000 states explored in 459.79s, with 42096490 rules fired and 2164526 states in the queue.
	9700000 states explored in 463.77s, with 42469697 rules fired and 2204920 states in the queue.
	9800000 states explored in 468.40s, with 42924658 rules fired and 2242700 states in the queue.
	9900000 states explored in 472.88s, with 43361636 rules fired and 2282730 states in the queue.
	10000000 states explored in 475.94s, with 43662784 rules fired and 2339052 states in the queue.
	10100000 states explored in 479.19s, with 43986519 rules fired and 2395852 states in the queue.
	10200000 states explored in 482.67s, with 44336504 rules fired and 2450776 states in the queue.
	10300000 states explored in 486.68s, with 44733434 rules fired and 2495681 states in the queue.
	10400000 states explored in 491.15s, with 45167495 rules fired and 2535674 states in the queue.
	10500000 states explored in 495.92s, with 45630912 rules fired and 2572837 states in the queue.
	10600000 states explored in 500.54s, with 46074611 rules fired and 2608649 states in the queue.
	10700000 states explored in 504.70s, with 46468788 rules fired and 2648407 states in the queue.
	10800000 states explored in 509.57s, with 46953976 rules fired and 2681286 states in the queue.
	10900000 states explored in 514.25s, with 47421964 rules fired and 2721093 states in the queue.
	11000000 states explored in 519.58s, with 47954644 rules fired and 2752070 states in the queue.
	11100000 states explored in 524.26s, with 48410268 rules fired and 2787075 states in the queue.
	11200000 states explored in 528.94s, with 48860910 rules fired and 2820159 states in the queue.
	11300000 states explored in 533.66s, with 49304175 rules fired and 2847979 states in the queue.
	11400000 states explored in 538.42s, with 49761872 rules fired and 2877464 states in the queue.
	11500000 states explored in 542.80s, with 50175120 rules fired and 2910743 states in the queue.
	11600000 states explored in 546.82s, with 50540147 rules fired and 2945755 states in the queue.
	11700000 states explored in 551.08s, with 50934585 rules fired and 2981471 states in the queue.
	11800000 states explored in 555.90s, with 51401659 rules fired and 3014326 states in the queue.
	11900000 states explored in 560.60s, with 51855650 rules fired and 3049255 states in the queue.
	12000000 states explored in 566.50s, with 52439103 rules fired and 3073536 states in the queue.
	12100000 states explored in 572.01s, with 52983487 rules fired and 3101639 states in the queue.
	12200000 states explored in 577.88s, with 53552083 rules fired and 3124361 states in the queue.
	12300000 states explored in 584.77s, with 54221208 rules fired and 3134415 states in the queue.
	12400000 states explored in 591.00s, with 54830895 rules fired and 3153563 states in the queue.
	12500000 states explored in 597.50s, with 55458200 rules fired and 3167321 states in the queue.
	12600000 states explored in 600.94s, with 55793581 rules fired and 3220317 states in the queue.
	12700000 states explored in 605.13s, with 56208236 rules fired and 3266849 states in the queue.
	12800000 states explored in 608.56s, with 56543807 rules fired and 3323063 states in the queue.
	12900000 states explored in 612.78s, with 56955692 rules fired and 3367227 states in the queue.
	13000000 states explored in 616.64s, with 57321142 rules fired and 3412791 states in the queue.
	13100000 states explored in 620.60s, with 57717348 rules fired and 3463173 states in the queue.
	13200000 states explored in 625.27s, with 58178586 rules fired and 3504372 states in the queue.
	13300000 states explored in 629.37s, with 58571773 rules fired and 3549211 states in the queue.
	13400000 states explored in 633.46s, with 58967953 rules fired and 3593858 states in the queue.
	13500000 states explored in 640.62s, with 59674590 rules fired and 3603305 states in the queue.
	13600000 states explored in 645.59s, with 60171263 rules fired and 3641925 states in the queue.
	13700000 states explored in 650.12s, with 60617478 rules fired and 3683104 states in the queue.
	13800000 states explored in 655.01s, with 61102540 rules fired and 3720502 states in the queue.
	13900000 states explored in 659.08s, with 61497354 rules fired and 3760589 states in the queue.
	14000000 states explored in 662.94s, with 61864888 rules fired and 3802428 states in the queue.
	14100000 states explored in 667.59s, with 62320729 rules fired and 3837372 states in the queue.

Error:

	Internal Error: Too many active states.



