You choose the local search option :-)
This program should be regarded as a DEBUGGING aid, not as a 
certifier of correctness.
Call with the -l flag or read the license file for terms
and conditions of use.
Run this program with "-h" for the list of options.

Bugs, questions, and comments should be directed to
"melatti@di.uniroma1.it".

CMurphi compiler last modified date: Nov  1 2023
Include files last modified date:    Jul 23 2021
==========================================================================

==========================================================================
Caching Murphi Release 5.5.0
Finite-state Concurrent System Verifier.

Caching Murphi Release 5.5.0 is based on various versions of Murphi.
Caching Murphi Release 5.5.0 :
Copyright (C) 2009-2012 by Sapienza University of Rome.
Murphi release 3.1 :
Copyright (C) 1992 - 1999 by the Board of Trustees of
Leland Stanford Junior University.

==========================================================================

Protocol: test

Algorithm:
	Verification by our local search.
	with symmetry algorithm 3 -- Heuristic Small Memory Normalization
	with permutation trial limit 10.

Memory usage:

	* The size of each state is 7312 bits (rounded up to 920 bytes).
	* The memory allocated for the hash table and state queue is
	  10485 Mbytes.
	  With two words of overhead per state, the maximum size of
	  the state space is 11005207 states.
	   * Use option "-k" or "-m" to increase this, if necessary.
	* Capacity in queue for breadth-first search: 1100520 states.
	   * Change the constant gPercentActiveStates in mu_prolog.inc
	     to increase this, if necessary.

Warning: No trace will not be printed in the case of protocol errors!
         Check the options if you want to have error traces.
==========================================================================

You are using local search algorithm (Version 1) :

------------- Show Goalstate: ------------------
Tree[1].cache.used:0
Tree[1].cache.line[1].addr:Undefined
Tree[1].cache.line[1].state:Undefined
Tree[1].cache.line[1].data:Undefined
Tree[1].cache.line[1].dirty:Undefined
Tree[1].cache.line[2].addr:Undefined
Tree[1].cache.line[2].state:Undefined
Tree[1].cache.line[2].data:Undefined
Tree[1].cache.line[2].dirty:Undefined
Tree[1].cache.valid[1]:0
Tree[1].cache.valid[2]:0
Tree[1].sons[1]:2
Tree[1].sons[2]:3
Tree[1].directory[1][1]:None
Tree[1].directory[1][2]:None
Tree[1].directory[2][1]:None
Tree[1].directory[2][2]:None
Tree[1].slave_pending[1][1]:Undefined
Tree[1].slave_pending[1][2]:Undefined
Tree[1].slave_pending[2][1]:Undefined
Tree[1].slave_pending[2][2]:Undefined
Tree[1].master_pending[1]:Undefined
Tree[1].master_pending[2]:Undefined
Tree[1].reqId:Undefined
Tree[1].chan1[1].buffer[1].opcode:Undefined
Tree[1].chan1[1].buffer[1].para:Undefined
Tree[1].chan1[1].buffer[1].addr:Undefined
Tree[1].chan1[1].buffer[1].data:Undefined
Tree[1].chan1[1].buffer[1].dirty:Undefined
Tree[1].chan1[1].buffer[2].opcode:Undefined
Tree[1].chan1[1].buffer[2].para:Undefined
Tree[1].chan1[1].buffer[2].addr:Undefined
Tree[1].chan1[1].buffer[2].data:Undefined
Tree[1].chan1[1].buffer[2].dirty:Undefined
Tree[1].chan1[1].used:0
Tree[1].chan1[2].buffer[1].opcode:Undefined
Tree[1].chan1[2].buffer[1].para:Undefined
Tree[1].chan1[2].buffer[1].addr:Undefined
Tree[1].chan1[2].buffer[1].data:Undefined
Tree[1].chan1[2].buffer[1].dirty:Undefined
Tree[1].chan1[2].buffer[2].opcode:Undefined
Tree[1].chan1[2].buffer[2].para:Undefined
Tree[1].chan1[2].buffer[2].addr:Undefined
Tree[1].chan1[2].buffer[2].data:Undefined
Tree[1].chan1[2].buffer[2].dirty:Undefined
Tree[1].chan1[2].used:0
Tree[1].chan2[1].buffer[1].opcode:Undefined
Tree[1].chan2[1].buffer[1].para:Undefined
Tree[1].chan2[1].buffer[1].addr:Undefined
Tree[1].chan2[1].buffer[1].data:Undefined
Tree[1].chan2[1].buffer[1].dirty:Undefined
Tree[1].chan2[1].buffer[2].opcode:Undefined
Tree[1].chan2[1].buffer[2].para:Undefined
Tree[1].chan2[1].buffer[2].addr:Undefined
Tree[1].chan2[1].buffer[2].data:Undefined
Tree[1].chan2[1].buffer[2].dirty:Undefined
Tree[1].chan2[1].used:0
Tree[1].chan2[2].buffer[1].opcode:Undefined
Tree[1].chan2[2].buffer[1].para:Undefined
Tree[1].chan2[2].buffer[1].addr:Undefined
Tree[1].chan2[2].buffer[1].data:Undefined
Tree[1].chan2[2].buffer[1].dirty:Undefined
Tree[1].chan2[2].buffer[2].opcode:Undefined
Tree[1].chan2[2].buffer[2].para:Undefined
Tree[1].chan2[2].buffer[2].addr:Undefined
Tree[1].chan2[2].buffer[2].data:Undefined
Tree[1].chan2[2].buffer[2].dirty:Undefined
Tree[1].chan2[2].used:0
Tree[1].chan3[1].buffer[1].opcode:Undefined
Tree[1].chan3[1].buffer[1].para:Undefined
Tree[1].chan3[1].buffer[1].addr:Undefined
Tree[1].chan3[1].buffer[1].data:Undefined
Tree[1].chan3[1].buffer[1].dirty:Undefined
Tree[1].chan3[1].buffer[2].opcode:Undefined
Tree[1].chan3[1].buffer[2].para:Undefined
Tree[1].chan3[1].buffer[2].addr:Undefined
Tree[1].chan3[1].buffer[2].data:Undefined
Tree[1].chan3[1].buffer[2].dirty:Undefined
Tree[1].chan3[1].used:0
Tree[1].chan3[2].buffer[1].opcode:Undefined
Tree[1].chan3[2].buffer[1].para:Undefined
Tree[1].chan3[2].buffer[1].addr:Undefined
Tree[1].chan3[2].buffer[1].data:Undefined
Tree[1].chan3[2].buffer[1].dirty:Undefined
Tree[1].chan3[2].buffer[2].opcode:Undefined
Tree[1].chan3[2].buffer[2].para:Undefined
Tree[1].chan3[2].buffer[2].addr:Undefined
Tree[1].chan3[2].buffer[2].data:Undefined
Tree[1].chan3[2].buffer[2].dirty:Undefined
Tree[1].chan3[2].used:0
Tree[1].chan4[1].buffer[1].opcode:Undefined
Tree[1].chan4[1].buffer[1].para:Undefined
Tree[1].chan4[1].buffer[1].addr:Undefined
Tree[1].chan4[1].buffer[1].data:Undefined
Tree[1].chan4[1].buffer[1].dirty:Undefined
Tree[1].chan4[1].buffer[2].opcode:Undefined
Tree[1].chan4[1].buffer[2].para:Undefined
Tree[1].chan4[1].buffer[2].addr:Undefined
Tree[1].chan4[1].buffer[2].data:Undefined
Tree[1].chan4[1].buffer[2].dirty:Undefined
Tree[1].chan4[1].used:0
Tree[1].chan4[2].buffer[1].opcode:Undefined
Tree[1].chan4[2].buffer[1].para:Undefined
Tree[1].chan4[2].buffer[1].addr:Undefined
Tree[1].chan4[2].buffer[1].data:Undefined
Tree[1].chan4[2].buffer[1].dirty:Undefined
Tree[1].chan4[2].buffer[2].opcode:Undefined
Tree[1].chan4[2].buffer[2].para:Undefined
Tree[1].chan4[2].buffer[2].addr:Undefined
Tree[1].chan4[2].buffer[2].data:Undefined
Tree[1].chan4[2].buffer[2].dirty:Undefined
Tree[1].chan4[2].used:0
Tree[1].chan5[1].buffer[1].opcode:Undefined
Tree[1].chan5[1].buffer[1].addr:Undefined
Tree[1].chan5[1].buffer[1].data:Undefined
Tree[1].chan5[1].buffer[1].dirty:Undefined
Tree[1].chan5[1].buffer[2].opcode:Undefined
Tree[1].chan5[1].buffer[2].addr:Undefined
Tree[1].chan5[1].buffer[2].data:Undefined
Tree[1].chan5[1].buffer[2].dirty:Undefined
Tree[1].chan5[1].used:0
Tree[1].chan5[2].buffer[1].opcode:Undefined
Tree[1].chan5[2].buffer[1].addr:Undefined
Tree[1].chan5[2].buffer[1].data:Undefined
Tree[1].chan5[2].buffer[1].dirty:Undefined
Tree[1].chan5[2].buffer[2].opcode:Undefined
Tree[1].chan5[2].buffer[2].addr:Undefined
Tree[1].chan5[2].buffer[2].data:Undefined
Tree[1].chan5[2].buffer[2].dirty:Undefined
Tree[1].chan5[2].used:0
Tree[2].cache.used:0
Tree[2].cache.line[1].addr:Undefined
Tree[2].cache.line[1].state:Undefined
Tree[2].cache.line[1].data:Undefined
Tree[2].cache.line[1].dirty:Undefined
Tree[2].cache.line[2].addr:Undefined
Tree[2].cache.line[2].state:Undefined
Tree[2].cache.line[2].data:Undefined
Tree[2].cache.line[2].dirty:Undefined
Tree[2].cache.valid[1]:0
Tree[2].cache.valid[2]:0
Tree[2].sons[1]:4
Tree[2].sons[2]:5
Tree[2].directory[1][1]:None
Tree[2].directory[1][2]:None
Tree[2].directory[2][1]:None
Tree[2].directory[2][2]:None
Tree[2].slave_pending[1][1]:Undefined
Tree[2].slave_pending[1][2]:Undefined
Tree[2].slave_pending[2][1]:Undefined
Tree[2].slave_pending[2][2]:Undefined
Tree[2].master_pending[1]:Undefined
Tree[2].master_pending[2]:Undefined
Tree[2].reqId:Undefined
Tree[2].chan1[1].buffer[1].opcode:Undefined
Tree[2].chan1[1].buffer[1].para:Undefined
Tree[2].chan1[1].buffer[1].addr:Undefined
Tree[2].chan1[1].buffer[1].data:Undefined
Tree[2].chan1[1].buffer[1].dirty:Undefined
Tree[2].chan1[1].buffer[2].opcode:Undefined
Tree[2].chan1[1].buffer[2].para:Undefined
Tree[2].chan1[1].buffer[2].addr:Undefined
Tree[2].chan1[1].buffer[2].data:Undefined
Tree[2].chan1[1].buffer[2].dirty:Undefined
Tree[2].chan1[1].used:0
Tree[2].chan1[2].buffer[1].opcode:Undefined
Tree[2].chan1[2].buffer[1].para:Undefined
Tree[2].chan1[2].buffer[1].addr:Undefined
Tree[2].chan1[2].buffer[1].data:Undefined
Tree[2].chan1[2].buffer[1].dirty:Undefined
Tree[2].chan1[2].buffer[2].opcode:Undefined
Tree[2].chan1[2].buffer[2].para:Undefined
Tree[2].chan1[2].buffer[2].addr:Undefined
Tree[2].chan1[2].buffer[2].data:Undefined
Tree[2].chan1[2].buffer[2].dirty:Undefined
Tree[2].chan1[2].used:0
Tree[2].chan2[1].buffer[1].opcode:Undefined
Tree[2].chan2[1].buffer[1].para:Undefined
Tree[2].chan2[1].buffer[1].addr:Undefined
Tree[2].chan2[1].buffer[1].data:Undefined
Tree[2].chan2[1].buffer[1].dirty:Undefined
Tree[2].chan2[1].buffer[2].opcode:Undefined
Tree[2].chan2[1].buffer[2].para:Undefined
Tree[2].chan2[1].buffer[2].addr:Undefined
Tree[2].chan2[1].buffer[2].data:Undefined
Tree[2].chan2[1].buffer[2].dirty:Undefined
Tree[2].chan2[1].used:0
Tree[2].chan2[2].buffer[1].opcode:Undefined
Tree[2].chan2[2].buffer[1].para:Undefined
Tree[2].chan2[2].buffer[1].addr:Undefined
Tree[2].chan2[2].buffer[1].data:Undefined
Tree[2].chan2[2].buffer[1].dirty:Undefined
Tree[2].chan2[2].buffer[2].opcode:Undefined
Tree[2].chan2[2].buffer[2].para:Undefined
Tree[2].chan2[2].buffer[2].addr:Undefined
Tree[2].chan2[2].buffer[2].data:Undefined
Tree[2].chan2[2].buffer[2].dirty:Undefined
Tree[2].chan2[2].used:0
Tree[2].chan3[1].buffer[1].opcode:Undefined
Tree[2].chan3[1].buffer[1].para:Undefined
Tree[2].chan3[1].buffer[1].addr:Undefined
Tree[2].chan3[1].buffer[1].data:Undefined
Tree[2].chan3[1].buffer[1].dirty:Undefined
Tree[2].chan3[1].buffer[2].opcode:Undefined
Tree[2].chan3[1].buffer[2].para:Undefined
Tree[2].chan3[1].buffer[2].addr:Undefined
Tree[2].chan3[1].buffer[2].data:Undefined
Tree[2].chan3[1].buffer[2].dirty:Undefined
Tree[2].chan3[1].used:0
Tree[2].chan3[2].buffer[1].opcode:Undefined
Tree[2].chan3[2].buffer[1].para:Undefined
Tree[2].chan3[2].buffer[1].addr:Undefined
Tree[2].chan3[2].buffer[1].data:Undefined
Tree[2].chan3[2].buffer[1].dirty:Undefined
Tree[2].chan3[2].buffer[2].opcode:Undefined
Tree[2].chan3[2].buffer[2].para:Undefined
Tree[2].chan3[2].buffer[2].addr:Undefined
Tree[2].chan3[2].buffer[2].data:Undefined
Tree[2].chan3[2].buffer[2].dirty:Undefined
Tree[2].chan3[2].used:0
Tree[2].chan4[1].buffer[1].opcode:Undefined
Tree[2].chan4[1].buffer[1].para:Undefined
Tree[2].chan4[1].buffer[1].addr:Undefined
Tree[2].chan4[1].buffer[1].data:Undefined
Tree[2].chan4[1].buffer[1].dirty:Undefined
Tree[2].chan4[1].buffer[2].opcode:Undefined
Tree[2].chan4[1].buffer[2].para:Undefined
Tree[2].chan4[1].buffer[2].addr:Undefined
Tree[2].chan4[1].buffer[2].data:Undefined
Tree[2].chan4[1].buffer[2].dirty:Undefined
Tree[2].chan4[1].used:0
Tree[2].chan4[2].buffer[1].opcode:Undefined
Tree[2].chan4[2].buffer[1].para:Undefined
Tree[2].chan4[2].buffer[1].addr:Undefined
Tree[2].chan4[2].buffer[1].data:Undefined
Tree[2].chan4[2].buffer[1].dirty:Undefined
Tree[2].chan4[2].buffer[2].opcode:Undefined
Tree[2].chan4[2].buffer[2].para:Undefined
Tree[2].chan4[2].buffer[2].addr:Undefined
Tree[2].chan4[2].buffer[2].data:Undefined
Tree[2].chan4[2].buffer[2].dirty:Undefined
Tree[2].chan4[2].used:0
Tree[2].chan5[1].buffer[1].opcode:Undefined
Tree[2].chan5[1].buffer[1].addr:Undefined
Tree[2].chan5[1].buffer[1].data:Undefined
Tree[2].chan5[1].buffer[1].dirty:Undefined
Tree[2].chan5[1].buffer[2].opcode:Undefined
Tree[2].chan5[1].buffer[2].addr:Undefined
Tree[2].chan5[1].buffer[2].data:Undefined
Tree[2].chan5[1].buffer[2].dirty:Undefined
Tree[2].chan5[1].used:0
Tree[2].chan5[2].buffer[1].opcode:Undefined
Tree[2].chan5[2].buffer[1].addr:Undefined
Tree[2].chan5[2].buffer[1].data:Undefined
Tree[2].chan5[2].buffer[1].dirty:Undefined
Tree[2].chan5[2].buffer[2].opcode:Undefined
Tree[2].chan5[2].buffer[2].addr:Undefined
Tree[2].chan5[2].buffer[2].data:Undefined
Tree[2].chan5[2].buffer[2].dirty:Undefined
Tree[2].chan5[2].used:0
Tree[3].cache.used:0
Tree[3].cache.line[1].addr:Undefined
Tree[3].cache.line[1].state:Undefined
Tree[3].cache.line[1].data:Undefined
Tree[3].cache.line[1].dirty:Undefined
Tree[3].cache.line[2].addr:Undefined
Tree[3].cache.line[2].state:Undefined
Tree[3].cache.line[2].data:Undefined
Tree[3].cache.line[2].dirty:Undefined
Tree[3].cache.valid[1]:0
Tree[3].cache.valid[2]:0
Tree[3].sons[1]:6
Tree[3].sons[2]:7
Tree[3].directory[1][1]:None
Tree[3].directory[1][2]:None
Tree[3].directory[2][1]:None
Tree[3].directory[2][2]:None
Tree[3].slave_pending[1][1]:Undefined
Tree[3].slave_pending[1][2]:Undefined
Tree[3].slave_pending[2][1]:Undefined
Tree[3].slave_pending[2][2]:Undefined
Tree[3].master_pending[1]:Undefined
Tree[3].master_pending[2]:Undefined
Tree[3].reqId:Undefined
Tree[3].chan1[1].buffer[1].opcode:Undefined
Tree[3].chan1[1].buffer[1].para:Undefined
Tree[3].chan1[1].buffer[1].addr:Undefined
Tree[3].chan1[1].buffer[1].data:Undefined
Tree[3].chan1[1].buffer[1].dirty:Undefined
Tree[3].chan1[1].buffer[2].opcode:Undefined
Tree[3].chan1[1].buffer[2].para:Undefined
Tree[3].chan1[1].buffer[2].addr:Undefined
Tree[3].chan1[1].buffer[2].data:Undefined
Tree[3].chan1[1].buffer[2].dirty:Undefined
Tree[3].chan1[1].used:0
Tree[3].chan1[2].buffer[1].opcode:Undefined
Tree[3].chan1[2].buffer[1].para:Undefined
Tree[3].chan1[2].buffer[1].addr:Undefined
Tree[3].chan1[2].buffer[1].data:Undefined
Tree[3].chan1[2].buffer[1].dirty:Undefined
Tree[3].chan1[2].buffer[2].opcode:Undefined
Tree[3].chan1[2].buffer[2].para:Undefined
Tree[3].chan1[2].buffer[2].addr:Undefined
Tree[3].chan1[2].buffer[2].data:Undefined
Tree[3].chan1[2].buffer[2].dirty:Undefined
Tree[3].chan1[2].used:0
Tree[3].chan2[1].buffer[1].opcode:Undefined
Tree[3].chan2[1].buffer[1].para:Undefined
Tree[3].chan2[1].buffer[1].addr:Undefined
Tree[3].chan2[1].buffer[1].data:Undefined
Tree[3].chan2[1].buffer[1].dirty:Undefined
Tree[3].chan2[1].buffer[2].opcode:Undefined
Tree[3].chan2[1].buffer[2].para:Undefined
Tree[3].chan2[1].buffer[2].addr:Undefined
Tree[3].chan2[1].buffer[2].data:Undefined
Tree[3].chan2[1].buffer[2].dirty:Undefined
Tree[3].chan2[1].used:0
Tree[3].chan2[2].buffer[1].opcode:Undefined
Tree[3].chan2[2].buffer[1].para:Undefined
Tree[3].chan2[2].buffer[1].addr:Undefined
Tree[3].chan2[2].buffer[1].data:Undefined
Tree[3].chan2[2].buffer[1].dirty:Undefined
Tree[3].chan2[2].buffer[2].opcode:Undefined
Tree[3].chan2[2].buffer[2].para:Undefined
Tree[3].chan2[2].buffer[2].addr:Undefined
Tree[3].chan2[2].buffer[2].data:Undefined
Tree[3].chan2[2].buffer[2].dirty:Undefined
Tree[3].chan2[2].used:0
Tree[3].chan3[1].buffer[1].opcode:Undefined
Tree[3].chan3[1].buffer[1].para:Undefined
Tree[3].chan3[1].buffer[1].addr:Undefined
Tree[3].chan3[1].buffer[1].data:Undefined
Tree[3].chan3[1].buffer[1].dirty:Undefined
Tree[3].chan3[1].buffer[2].opcode:Undefined
Tree[3].chan3[1].buffer[2].para:Undefined
Tree[3].chan3[1].buffer[2].addr:Undefined
Tree[3].chan3[1].buffer[2].data:Undefined
Tree[3].chan3[1].buffer[2].dirty:Undefined
Tree[3].chan3[1].used:0
Tree[3].chan3[2].buffer[1].opcode:Undefined
Tree[3].chan3[2].buffer[1].para:Undefined
Tree[3].chan3[2].buffer[1].addr:Undefined
Tree[3].chan3[2].buffer[1].data:Undefined
Tree[3].chan3[2].buffer[1].dirty:Undefined
Tree[3].chan3[2].buffer[2].opcode:Undefined
Tree[3].chan3[2].buffer[2].para:Undefined
Tree[3].chan3[2].buffer[2].addr:Undefined
Tree[3].chan3[2].buffer[2].data:Undefined
Tree[3].chan3[2].buffer[2].dirty:Undefined
Tree[3].chan3[2].used:0
Tree[3].chan4[1].buffer[1].opcode:Undefined
Tree[3].chan4[1].buffer[1].para:Undefined
Tree[3].chan4[1].buffer[1].addr:Undefined
Tree[3].chan4[1].buffer[1].data:Undefined
Tree[3].chan4[1].buffer[1].dirty:Undefined
Tree[3].chan4[1].buffer[2].opcode:Undefined
Tree[3].chan4[1].buffer[2].para:Undefined
Tree[3].chan4[1].buffer[2].addr:Undefined
Tree[3].chan4[1].buffer[2].data:Undefined
Tree[3].chan4[1].buffer[2].dirty:Undefined
Tree[3].chan4[1].used:0
Tree[3].chan4[2].buffer[1].opcode:Undefined
Tree[3].chan4[2].buffer[1].para:Undefined
Tree[3].chan4[2].buffer[1].addr:Undefined
Tree[3].chan4[2].buffer[1].data:Undefined
Tree[3].chan4[2].buffer[1].dirty:Undefined
Tree[3].chan4[2].buffer[2].opcode:Undefined
Tree[3].chan4[2].buffer[2].para:Undefined
Tree[3].chan4[2].buffer[2].addr:Undefined
Tree[3].chan4[2].buffer[2].data:Undefined
Tree[3].chan4[2].buffer[2].dirty:Undefined
Tree[3].chan4[2].used:0
Tree[3].chan5[1].buffer[1].opcode:Undefined
Tree[3].chan5[1].buffer[1].addr:Undefined
Tree[3].chan5[1].buffer[1].data:Undefined
Tree[3].chan5[1].buffer[1].dirty:Undefined
Tree[3].chan5[1].buffer[2].opcode:Undefined
Tree[3].chan5[1].buffer[2].addr:Undefined
Tree[3].chan5[1].buffer[2].data:Undefined
Tree[3].chan5[1].buffer[2].dirty:Undefined
Tree[3].chan5[1].used:0
Tree[3].chan5[2].buffer[1].opcode:Undefined
Tree[3].chan5[2].buffer[1].addr:Undefined
Tree[3].chan5[2].buffer[1].data:Undefined
Tree[3].chan5[2].buffer[1].dirty:Undefined
Tree[3].chan5[2].buffer[2].opcode:Undefined
Tree[3].chan5[2].buffer[2].addr:Undefined
Tree[3].chan5[2].buffer[2].data:Undefined
Tree[3].chan5[2].buffer[2].dirty:Undefined
Tree[3].chan5[2].used:0
Tree[4].cache.used:0
Tree[4].cache.line[1].addr:Undefined
Tree[4].cache.line[1].state:Undefined
Tree[4].cache.line[1].data:Undefined
Tree[4].cache.line[1].dirty:Undefined
Tree[4].cache.line[2].addr:Undefined
Tree[4].cache.line[2].state:Undefined
Tree[4].cache.line[2].data:Undefined
Tree[4].cache.line[2].dirty:Undefined
Tree[4].cache.valid[1]:0
Tree[4].cache.valid[2]:0
Tree[4].sons[1]:Undefined
Tree[4].sons[2]:Undefined
Tree[4].directory[1][1]:Undefined
Tree[4].directory[1][2]:Undefined
Tree[4].directory[2][1]:Undefined
Tree[4].directory[2][2]:Undefined
Tree[4].slave_pending[1][1]:Undefined
Tree[4].slave_pending[1][2]:Undefined
Tree[4].slave_pending[2][1]:Undefined
Tree[4].slave_pending[2][2]:Undefined
Tree[4].master_pending[1]:Undefined
Tree[4].master_pending[2]:Undefined
Tree[4].reqId:Undefined
Tree[4].chan1[1].buffer[1].opcode:Undefined
Tree[4].chan1[1].buffer[1].para:Undefined
Tree[4].chan1[1].buffer[1].addr:Undefined
Tree[4].chan1[1].buffer[1].data:Undefined
Tree[4].chan1[1].buffer[1].dirty:Undefined
Tree[4].chan1[1].buffer[2].opcode:Undefined
Tree[4].chan1[1].buffer[2].para:Undefined
Tree[4].chan1[1].buffer[2].addr:Undefined
Tree[4].chan1[1].buffer[2].data:Undefined
Tree[4].chan1[1].buffer[2].dirty:Undefined
Tree[4].chan1[1].used:Undefined
Tree[4].chan1[2].buffer[1].opcode:Undefined
Tree[4].chan1[2].buffer[1].para:Undefined
Tree[4].chan1[2].buffer[1].addr:Undefined
Tree[4].chan1[2].buffer[1].data:Undefined
Tree[4].chan1[2].buffer[1].dirty:Undefined
Tree[4].chan1[2].buffer[2].opcode:Undefined
Tree[4].chan1[2].buffer[2].para:Undefined
Tree[4].chan1[2].buffer[2].addr:Undefined
Tree[4].chan1[2].buffer[2].data:Undefined
Tree[4].chan1[2].buffer[2].dirty:Undefined
Tree[4].chan1[2].used:Undefined
Tree[4].chan2[1].buffer[1].opcode:Undefined
Tree[4].chan2[1].buffer[1].para:Undefined
Tree[4].chan2[1].buffer[1].addr:Undefined
Tree[4].chan2[1].buffer[1].data:Undefined
Tree[4].chan2[1].buffer[1].dirty:Undefined
Tree[4].chan2[1].buffer[2].opcode:Undefined
Tree[4].chan2[1].buffer[2].para:Undefined
Tree[4].chan2[1].buffer[2].addr:Undefined
Tree[4].chan2[1].buffer[2].data:Undefined
Tree[4].chan2[1].buffer[2].dirty:Undefined
Tree[4].chan2[1].used:Undefined
Tree[4].chan2[2].buffer[1].opcode:Undefined
Tree[4].chan2[2].buffer[1].para:Undefined
Tree[4].chan2[2].buffer[1].addr:Undefined
Tree[4].chan2[2].buffer[1].data:Undefined
Tree[4].chan2[2].buffer[1].dirty:Undefined
Tree[4].chan2[2].buffer[2].opcode:Undefined
Tree[4].chan2[2].buffer[2].para:Undefined
Tree[4].chan2[2].buffer[2].addr:Undefined
Tree[4].chan2[2].buffer[2].data:Undefined
Tree[4].chan2[2].buffer[2].dirty:Undefined
Tree[4].chan2[2].used:Undefined
Tree[4].chan3[1].buffer[1].opcode:Undefined
Tree[4].chan3[1].buffer[1].para:Undefined
Tree[4].chan3[1].buffer[1].addr:Undefined
Tree[4].chan3[1].buffer[1].data:Undefined
Tree[4].chan3[1].buffer[1].dirty:Undefined
Tree[4].chan3[1].buffer[2].opcode:Undefined
Tree[4].chan3[1].buffer[2].para:Undefined
Tree[4].chan3[1].buffer[2].addr:Undefined
Tree[4].chan3[1].buffer[2].data:Undefined
Tree[4].chan3[1].buffer[2].dirty:Undefined
Tree[4].chan3[1].used:Undefined
Tree[4].chan3[2].buffer[1].opcode:Undefined
Tree[4].chan3[2].buffer[1].para:Undefined
Tree[4].chan3[2].buffer[1].addr:Undefined
Tree[4].chan3[2].buffer[1].data:Undefined
Tree[4].chan3[2].buffer[1].dirty:Undefined
Tree[4].chan3[2].buffer[2].opcode:Undefined
Tree[4].chan3[2].buffer[2].para:Undefined
Tree[4].chan3[2].buffer[2].addr:Undefined
Tree[4].chan3[2].buffer[2].data:Undefined
Tree[4].chan3[2].buffer[2].dirty:Undefined
Tree[4].chan3[2].used:Undefined
Tree[4].chan4[1].buffer[1].opcode:Undefined
Tree[4].chan4[1].buffer[1].para:Undefined
Tree[4].chan4[1].buffer[1].addr:Undefined
Tree[4].chan4[1].buffer[1].data:Undefined
Tree[4].chan4[1].buffer[1].dirty:Undefined
Tree[4].chan4[1].buffer[2].opcode:Undefined
Tree[4].chan4[1].buffer[2].para:Undefined
Tree[4].chan4[1].buffer[2].addr:Undefined
Tree[4].chan4[1].buffer[2].data:Undefined
Tree[4].chan4[1].buffer[2].dirty:Undefined
Tree[4].chan4[1].used:Undefined
Tree[4].chan4[2].buffer[1].opcode:Undefined
Tree[4].chan4[2].buffer[1].para:Undefined
Tree[4].chan4[2].buffer[1].addr:Undefined
Tree[4].chan4[2].buffer[1].data:Undefined
Tree[4].chan4[2].buffer[1].dirty:Undefined
Tree[4].chan4[2].buffer[2].opcode:Undefined
Tree[4].chan4[2].buffer[2].para:Undefined
Tree[4].chan4[2].buffer[2].addr:Undefined
Tree[4].chan4[2].buffer[2].data:Undefined
Tree[4].chan4[2].buffer[2].dirty:Undefined
Tree[4].chan4[2].used:Undefined
Tree[4].chan5[1].buffer[1].opcode:Undefined
Tree[4].chan5[1].buffer[1].addr:Undefined
Tree[4].chan5[1].buffer[1].data:Undefined
Tree[4].chan5[1].buffer[1].dirty:Undefined
Tree[4].chan5[1].buffer[2].opcode:Undefined
Tree[4].chan5[1].buffer[2].addr:Undefined
Tree[4].chan5[1].buffer[2].data:Undefined
Tree[4].chan5[1].buffer[2].dirty:Undefined
Tree[4].chan5[1].used:Undefined
Tree[4].chan5[2].buffer[1].opcode:Undefined
Tree[4].chan5[2].buffer[1].addr:Undefined
Tree[4].chan5[2].buffer[1].data:Undefined
Tree[4].chan5[2].buffer[1].dirty:Undefined
Tree[4].chan5[2].buffer[2].opcode:Undefined
Tree[4].chan5[2].buffer[2].addr:Undefined
Tree[4].chan5[2].buffer[2].data:Undefined
Tree[4].chan5[2].buffer[2].dirty:Undefined
Tree[4].chan5[2].used:Undefined
Tree[5].cache.used:0
Tree[5].cache.line[1].addr:Undefined
Tree[5].cache.line[1].state:Undefined
Tree[5].cache.line[1].data:Undefined
Tree[5].cache.line[1].dirty:Undefined
Tree[5].cache.line[2].addr:Undefined
Tree[5].cache.line[2].state:Undefined
Tree[5].cache.line[2].data:Undefined
Tree[5].cache.line[2].dirty:Undefined
Tree[5].cache.valid[1]:0
Tree[5].cache.valid[2]:0
Tree[5].sons[1]:Undefined
Tree[5].sons[2]:Undefined
Tree[5].directory[1][1]:Undefined
Tree[5].directory[1][2]:Undefined
Tree[5].directory[2][1]:Undefined
Tree[5].directory[2][2]:Undefined
Tree[5].slave_pending[1][1]:Undefined
Tree[5].slave_pending[1][2]:Undefined
Tree[5].slave_pending[2][1]:Undefined
Tree[5].slave_pending[2][2]:Undefined
Tree[5].master_pending[1]:Undefined
Tree[5].master_pending[2]:Undefined
Tree[5].reqId:Undefined
Tree[5].chan1[1].buffer[1].opcode:Undefined
Tree[5].chan1[1].buffer[1].para:Undefined
Tree[5].chan1[1].buffer[1].addr:Undefined
Tree[5].chan1[1].buffer[1].data:Undefined
Tree[5].chan1[1].buffer[1].dirty:Undefined
Tree[5].chan1[1].buffer[2].opcode:Undefined
Tree[5].chan1[1].buffer[2].para:Undefined
Tree[5].chan1[1].buffer[2].addr:Undefined
Tree[5].chan1[1].buffer[2].data:Undefined
Tree[5].chan1[1].buffer[2].dirty:Undefined
Tree[5].chan1[1].used:Undefined
Tree[5].chan1[2].buffer[1].opcode:Undefined
Tree[5].chan1[2].buffer[1].para:Undefined
Tree[5].chan1[2].buffer[1].addr:Undefined
Tree[5].chan1[2].buffer[1].data:Undefined
Tree[5].chan1[2].buffer[1].dirty:Undefined
Tree[5].chan1[2].buffer[2].opcode:Undefined
Tree[5].chan1[2].buffer[2].para:Undefined
Tree[5].chan1[2].buffer[2].addr:Undefined
Tree[5].chan1[2].buffer[2].data:Undefined
Tree[5].chan1[2].buffer[2].dirty:Undefined
Tree[5].chan1[2].used:Undefined
Tree[5].chan2[1].buffer[1].opcode:Undefined
Tree[5].chan2[1].buffer[1].para:Undefined
Tree[5].chan2[1].buffer[1].addr:Undefined
Tree[5].chan2[1].buffer[1].data:Undefined
Tree[5].chan2[1].buffer[1].dirty:Undefined
Tree[5].chan2[1].buffer[2].opcode:Undefined
Tree[5].chan2[1].buffer[2].para:Undefined
Tree[5].chan2[1].buffer[2].addr:Undefined
Tree[5].chan2[1].buffer[2].data:Undefined
Tree[5].chan2[1].buffer[2].dirty:Undefined
Tree[5].chan2[1].used:Undefined
Tree[5].chan2[2].buffer[1].opcode:Undefined
Tree[5].chan2[2].buffer[1].para:Undefined
Tree[5].chan2[2].buffer[1].addr:Undefined
Tree[5].chan2[2].buffer[1].data:Undefined
Tree[5].chan2[2].buffer[1].dirty:Undefined
Tree[5].chan2[2].buffer[2].opcode:Undefined
Tree[5].chan2[2].buffer[2].para:Undefined
Tree[5].chan2[2].buffer[2].addr:Undefined
Tree[5].chan2[2].buffer[2].data:Undefined
Tree[5].chan2[2].buffer[2].dirty:Undefined
Tree[5].chan2[2].used:Undefined
Tree[5].chan3[1].buffer[1].opcode:Undefined
Tree[5].chan3[1].buffer[1].para:Undefined
Tree[5].chan3[1].buffer[1].addr:Undefined
Tree[5].chan3[1].buffer[1].data:Undefined
Tree[5].chan3[1].buffer[1].dirty:Undefined
Tree[5].chan3[1].buffer[2].opcode:Undefined
Tree[5].chan3[1].buffer[2].para:Undefined
Tree[5].chan3[1].buffer[2].addr:Undefined
Tree[5].chan3[1].buffer[2].data:Undefined
Tree[5].chan3[1].buffer[2].dirty:Undefined
Tree[5].chan3[1].used:Undefined
Tree[5].chan3[2].buffer[1].opcode:Undefined
Tree[5].chan3[2].buffer[1].para:Undefined
Tree[5].chan3[2].buffer[1].addr:Undefined
Tree[5].chan3[2].buffer[1].data:Undefined
Tree[5].chan3[2].buffer[1].dirty:Undefined
Tree[5].chan3[2].buffer[2].opcode:Undefined
Tree[5].chan3[2].buffer[2].para:Undefined
Tree[5].chan3[2].buffer[2].addr:Undefined
Tree[5].chan3[2].buffer[2].data:Undefined
Tree[5].chan3[2].buffer[2].dirty:Undefined
Tree[5].chan3[2].used:Undefined
Tree[5].chan4[1].buffer[1].opcode:Undefined
Tree[5].chan4[1].buffer[1].para:Undefined
Tree[5].chan4[1].buffer[1].addr:Undefined
Tree[5].chan4[1].buffer[1].data:Undefined
Tree[5].chan4[1].buffer[1].dirty:Undefined
Tree[5].chan4[1].buffer[2].opcode:Undefined
Tree[5].chan4[1].buffer[2].para:Undefined
Tree[5].chan4[1].buffer[2].addr:Undefined
Tree[5].chan4[1].buffer[2].data:Undefined
Tree[5].chan4[1].buffer[2].dirty:Undefined
Tree[5].chan4[1].used:Undefined
Tree[5].chan4[2].buffer[1].opcode:Undefined
Tree[5].chan4[2].buffer[1].para:Undefined
Tree[5].chan4[2].buffer[1].addr:Undefined
Tree[5].chan4[2].buffer[1].data:Undefined
Tree[5].chan4[2].buffer[1].dirty:Undefined
Tree[5].chan4[2].buffer[2].opcode:Undefined
Tree[5].chan4[2].buffer[2].para:Undefined
Tree[5].chan4[2].buffer[2].addr:Undefined
Tree[5].chan4[2].buffer[2].data:Undefined
Tree[5].chan4[2].buffer[2].dirty:Undefined
Tree[5].chan4[2].used:Undefined
Tree[5].chan5[1].buffer[1].opcode:Undefined
Tree[5].chan5[1].buffer[1].addr:Undefined
Tree[5].chan5[1].buffer[1].data:Undefined
Tree[5].chan5[1].buffer[1].dirty:Undefined
Tree[5].chan5[1].buffer[2].opcode:Undefined
Tree[5].chan5[1].buffer[2].addr:Undefined
Tree[5].chan5[1].buffer[2].data:Undefined
Tree[5].chan5[1].buffer[2].dirty:Undefined
Tree[5].chan5[1].used:Undefined
Tree[5].chan5[2].buffer[1].opcode:Undefined
Tree[5].chan5[2].buffer[1].addr:Undefined
Tree[5].chan5[2].buffer[1].data:Undefined
Tree[5].chan5[2].buffer[1].dirty:Undefined
Tree[5].chan5[2].buffer[2].opcode:Undefined
Tree[5].chan5[2].buffer[2].addr:Undefined
Tree[5].chan5[2].buffer[2].data:Undefined
Tree[5].chan5[2].buffer[2].dirty:Undefined
Tree[5].chan5[2].used:Undefined
Tree[6].cache.used:0
Tree[6].cache.line[1].addr:Undefined
Tree[6].cache.line[1].state:Undefined
Tree[6].cache.line[1].data:Undefined
Tree[6].cache.line[1].dirty:Undefined
Tree[6].cache.line[2].addr:Undefined
Tree[6].cache.line[2].state:Undefined
Tree[6].cache.line[2].data:Undefined
Tree[6].cache.line[2].dirty:Undefined
Tree[6].cache.valid[1]:0
Tree[6].cache.valid[2]:0
Tree[6].sons[1]:Undefined
Tree[6].sons[2]:Undefined
Tree[6].directory[1][1]:Undefined
Tree[6].directory[1][2]:Undefined
Tree[6].directory[2][1]:Undefined
Tree[6].directory[2][2]:Undefined
Tree[6].slave_pending[1][1]:Undefined
Tree[6].slave_pending[1][2]:Undefined
Tree[6].slave_pending[2][1]:Undefined
Tree[6].slave_pending[2][2]:Undefined
Tree[6].master_pending[1]:Undefined
Tree[6].master_pending[2]:Undefined
Tree[6].reqId:Undefined
Tree[6].chan1[1].buffer[1].opcode:Undefined
Tree[6].chan1[1].buffer[1].para:Undefined
Tree[6].chan1[1].buffer[1].addr:Undefined
Tree[6].chan1[1].buffer[1].data:Undefined
Tree[6].chan1[1].buffer[1].dirty:Undefined
Tree[6].chan1[1].buffer[2].opcode:Undefined
Tree[6].chan1[1].buffer[2].para:Undefined
Tree[6].chan1[1].buffer[2].addr:Undefined
Tree[6].chan1[1].buffer[2].data:Undefined
Tree[6].chan1[1].buffer[2].dirty:Undefined
Tree[6].chan1[1].used:Undefined
Tree[6].chan1[2].buffer[1].opcode:Undefined
Tree[6].chan1[2].buffer[1].para:Undefined
Tree[6].chan1[2].buffer[1].addr:Undefined
Tree[6].chan1[2].buffer[1].data:Undefined
Tree[6].chan1[2].buffer[1].dirty:Undefined
Tree[6].chan1[2].buffer[2].opcode:Undefined
Tree[6].chan1[2].buffer[2].para:Undefined
Tree[6].chan1[2].buffer[2].addr:Undefined
Tree[6].chan1[2].buffer[2].data:Undefined
Tree[6].chan1[2].buffer[2].dirty:Undefined
Tree[6].chan1[2].used:Undefined
Tree[6].chan2[1].buffer[1].opcode:Undefined
Tree[6].chan2[1].buffer[1].para:Undefined
Tree[6].chan2[1].buffer[1].addr:Undefined
Tree[6].chan2[1].buffer[1].data:Undefined
Tree[6].chan2[1].buffer[1].dirty:Undefined
Tree[6].chan2[1].buffer[2].opcode:Undefined
Tree[6].chan2[1].buffer[2].para:Undefined
Tree[6].chan2[1].buffer[2].addr:Undefined
Tree[6].chan2[1].buffer[2].data:Undefined
Tree[6].chan2[1].buffer[2].dirty:Undefined
Tree[6].chan2[1].used:Undefined
Tree[6].chan2[2].buffer[1].opcode:Undefined
Tree[6].chan2[2].buffer[1].para:Undefined
Tree[6].chan2[2].buffer[1].addr:Undefined
Tree[6].chan2[2].buffer[1].data:Undefined
Tree[6].chan2[2].buffer[1].dirty:Undefined
Tree[6].chan2[2].buffer[2].opcode:Undefined
Tree[6].chan2[2].buffer[2].para:Undefined
Tree[6].chan2[2].buffer[2].addr:Undefined
Tree[6].chan2[2].buffer[2].data:Undefined
Tree[6].chan2[2].buffer[2].dirty:Undefined
Tree[6].chan2[2].used:Undefined
Tree[6].chan3[1].buffer[1].opcode:Undefined
Tree[6].chan3[1].buffer[1].para:Undefined
Tree[6].chan3[1].buffer[1].addr:Undefined
Tree[6].chan3[1].buffer[1].data:Undefined
Tree[6].chan3[1].buffer[1].dirty:Undefined
Tree[6].chan3[1].buffer[2].opcode:Undefined
Tree[6].chan3[1].buffer[2].para:Undefined
Tree[6].chan3[1].buffer[2].addr:Undefined
Tree[6].chan3[1].buffer[2].data:Undefined
Tree[6].chan3[1].buffer[2].dirty:Undefined
Tree[6].chan3[1].used:Undefined
Tree[6].chan3[2].buffer[1].opcode:Undefined
Tree[6].chan3[2].buffer[1].para:Undefined
Tree[6].chan3[2].buffer[1].addr:Undefined
Tree[6].chan3[2].buffer[1].data:Undefined
Tree[6].chan3[2].buffer[1].dirty:Undefined
Tree[6].chan3[2].buffer[2].opcode:Undefined
Tree[6].chan3[2].buffer[2].para:Undefined
Tree[6].chan3[2].buffer[2].addr:Undefined
Tree[6].chan3[2].buffer[2].data:Undefined
Tree[6].chan3[2].buffer[2].dirty:Undefined
Tree[6].chan3[2].used:Undefined
Tree[6].chan4[1].buffer[1].opcode:Undefined
Tree[6].chan4[1].buffer[1].para:Undefined
Tree[6].chan4[1].buffer[1].addr:Undefined
Tree[6].chan4[1].buffer[1].data:Undefined
Tree[6].chan4[1].buffer[1].dirty:Undefined
Tree[6].chan4[1].buffer[2].opcode:Undefined
Tree[6].chan4[1].buffer[2].para:Undefined
Tree[6].chan4[1].buffer[2].addr:Undefined
Tree[6].chan4[1].buffer[2].data:Undefined
Tree[6].chan4[1].buffer[2].dirty:Undefined
Tree[6].chan4[1].used:Undefined
Tree[6].chan4[2].buffer[1].opcode:Undefined
Tree[6].chan4[2].buffer[1].para:Undefined
Tree[6].chan4[2].buffer[1].addr:Undefined
Tree[6].chan4[2].buffer[1].data:Undefined
Tree[6].chan4[2].buffer[1].dirty:Undefined
Tree[6].chan4[2].buffer[2].opcode:Undefined
Tree[6].chan4[2].buffer[2].para:Undefined
Tree[6].chan4[2].buffer[2].addr:Undefined
Tree[6].chan4[2].buffer[2].data:Undefined
Tree[6].chan4[2].buffer[2].dirty:Undefined
Tree[6].chan4[2].used:Undefined
Tree[6].chan5[1].buffer[1].opcode:Undefined
Tree[6].chan5[1].buffer[1].addr:Undefined
Tree[6].chan5[1].buffer[1].data:Undefined
Tree[6].chan5[1].buffer[1].dirty:Undefined
Tree[6].chan5[1].buffer[2].opcode:Undefined
Tree[6].chan5[1].buffer[2].addr:Undefined
Tree[6].chan5[1].buffer[2].data:Undefined
Tree[6].chan5[1].buffer[2].dirty:Undefined
Tree[6].chan5[1].used:Undefined
Tree[6].chan5[2].buffer[1].opcode:Undefined
Tree[6].chan5[2].buffer[1].addr:Undefined
Tree[6].chan5[2].buffer[1].data:Undefined
Tree[6].chan5[2].buffer[1].dirty:Undefined
Tree[6].chan5[2].buffer[2].opcode:Undefined
Tree[6].chan5[2].buffer[2].addr:Undefined
Tree[6].chan5[2].buffer[2].data:Undefined
Tree[6].chan5[2].buffer[2].dirty:Undefined
Tree[6].chan5[2].used:Undefined
Tree[7].cache.used:0
Tree[7].cache.line[1].addr:Undefined
Tree[7].cache.line[1].state:Undefined
Tree[7].cache.line[1].data:Undefined
Tree[7].cache.line[1].dirty:Undefined
Tree[7].cache.line[2].addr:Undefined
Tree[7].cache.line[2].state:Undefined
Tree[7].cache.line[2].data:Undefined
Tree[7].cache.line[2].dirty:Undefined
Tree[7].cache.valid[1]:0
Tree[7].cache.valid[2]:0
Tree[7].sons[1]:Undefined
Tree[7].sons[2]:Undefined
Tree[7].directory[1][1]:Undefined
Tree[7].directory[1][2]:Undefined
Tree[7].directory[2][1]:Undefined
Tree[7].directory[2][2]:Undefined
Tree[7].slave_pending[1][1]:Undefined
Tree[7].slave_pending[1][2]:Undefined
Tree[7].slave_pending[2][1]:Undefined
Tree[7].slave_pending[2][2]:Undefined
Tree[7].master_pending[1]:Undefined
Tree[7].master_pending[2]:Undefined
Tree[7].reqId:Undefined
Tree[7].chan1[1].buffer[1].opcode:Undefined
Tree[7].chan1[1].buffer[1].para:Undefined
Tree[7].chan1[1].buffer[1].addr:Undefined
Tree[7].chan1[1].buffer[1].data:Undefined
Tree[7].chan1[1].buffer[1].dirty:Undefined
Tree[7].chan1[1].buffer[2].opcode:Undefined
Tree[7].chan1[1].buffer[2].para:Undefined
Tree[7].chan1[1].buffer[2].addr:Undefined
Tree[7].chan1[1].buffer[2].data:Undefined
Tree[7].chan1[1].buffer[2].dirty:Undefined
Tree[7].chan1[1].used:Undefined
Tree[7].chan1[2].buffer[1].opcode:Undefined
Tree[7].chan1[2].buffer[1].para:Undefined
Tree[7].chan1[2].buffer[1].addr:Undefined
Tree[7].chan1[2].buffer[1].data:Undefined
Tree[7].chan1[2].buffer[1].dirty:Undefined
Tree[7].chan1[2].buffer[2].opcode:Undefined
Tree[7].chan1[2].buffer[2].para:Undefined
Tree[7].chan1[2].buffer[2].addr:Undefined
Tree[7].chan1[2].buffer[2].data:Undefined
Tree[7].chan1[2].buffer[2].dirty:Undefined
Tree[7].chan1[2].used:Undefined
Tree[7].chan2[1].buffer[1].opcode:Undefined
Tree[7].chan2[1].buffer[1].para:Undefined
Tree[7].chan2[1].buffer[1].addr:Undefined
Tree[7].chan2[1].buffer[1].data:Undefined
Tree[7].chan2[1].buffer[1].dirty:Undefined
Tree[7].chan2[1].buffer[2].opcode:Undefined
Tree[7].chan2[1].buffer[2].para:Undefined
Tree[7].chan2[1].buffer[2].addr:Undefined
Tree[7].chan2[1].buffer[2].data:Undefined
Tree[7].chan2[1].buffer[2].dirty:Undefined
Tree[7].chan2[1].used:Undefined
Tree[7].chan2[2].buffer[1].opcode:Undefined
Tree[7].chan2[2].buffer[1].para:Undefined
Tree[7].chan2[2].buffer[1].addr:Undefined
Tree[7].chan2[2].buffer[1].data:Undefined
Tree[7].chan2[2].buffer[1].dirty:Undefined
Tree[7].chan2[2].buffer[2].opcode:Undefined
Tree[7].chan2[2].buffer[2].para:Undefined
Tree[7].chan2[2].buffer[2].addr:Undefined
Tree[7].chan2[2].buffer[2].data:Undefined
Tree[7].chan2[2].buffer[2].dirty:Undefined
Tree[7].chan2[2].used:Undefined
Tree[7].chan3[1].buffer[1].opcode:Undefined
Tree[7].chan3[1].buffer[1].para:Undefined
Tree[7].chan3[1].buffer[1].addr:Undefined
Tree[7].chan3[1].buffer[1].data:Undefined
Tree[7].chan3[1].buffer[1].dirty:Undefined
Tree[7].chan3[1].buffer[2].opcode:Undefined
Tree[7].chan3[1].buffer[2].para:Undefined
Tree[7].chan3[1].buffer[2].addr:Undefined
Tree[7].chan3[1].buffer[2].data:Undefined
Tree[7].chan3[1].buffer[2].dirty:Undefined
Tree[7].chan3[1].used:Undefined
Tree[7].chan3[2].buffer[1].opcode:Undefined
Tree[7].chan3[2].buffer[1].para:Undefined
Tree[7].chan3[2].buffer[1].addr:Undefined
Tree[7].chan3[2].buffer[1].data:Undefined
Tree[7].chan3[2].buffer[1].dirty:Undefined
Tree[7].chan3[2].buffer[2].opcode:Undefined
Tree[7].chan3[2].buffer[2].para:Undefined
Tree[7].chan3[2].buffer[2].addr:Undefined
Tree[7].chan3[2].buffer[2].data:Undefined
Tree[7].chan3[2].buffer[2].dirty:Undefined
Tree[7].chan3[2].used:Undefined
Tree[7].chan4[1].buffer[1].opcode:Undefined
Tree[7].chan4[1].buffer[1].para:Undefined
Tree[7].chan4[1].buffer[1].addr:Undefined
Tree[7].chan4[1].buffer[1].data:Undefined
Tree[7].chan4[1].buffer[1].dirty:Undefined
Tree[7].chan4[1].buffer[2].opcode:Undefined
Tree[7].chan4[1].buffer[2].para:Undefined
Tree[7].chan4[1].buffer[2].addr:Undefined
Tree[7].chan4[1].buffer[2].data:Undefined
Tree[7].chan4[1].buffer[2].dirty:Undefined
Tree[7].chan4[1].used:Undefined
Tree[7].chan4[2].buffer[1].opcode:Undefined
Tree[7].chan4[2].buffer[1].para:Undefined
Tree[7].chan4[2].buffer[1].addr:Undefined
Tree[7].chan4[2].buffer[1].data:Undefined
Tree[7].chan4[2].buffer[1].dirty:Undefined
Tree[7].chan4[2].buffer[2].opcode:Undefined
Tree[7].chan4[2].buffer[2].para:Undefined
Tree[7].chan4[2].buffer[2].addr:Undefined
Tree[7].chan4[2].buffer[2].data:Undefined
Tree[7].chan4[2].buffer[2].dirty:Undefined
Tree[7].chan4[2].used:Undefined
Tree[7].chan5[1].buffer[1].opcode:Undefined
Tree[7].chan5[1].buffer[1].addr:Undefined
Tree[7].chan5[1].buffer[1].data:Undefined
Tree[7].chan5[1].buffer[1].dirty:Undefined
Tree[7].chan5[1].buffer[2].opcode:Undefined
Tree[7].chan5[1].buffer[2].addr:Undefined
Tree[7].chan5[1].buffer[2].data:Undefined
Tree[7].chan5[1].buffer[2].dirty:Undefined
Tree[7].chan5[1].used:Undefined
Tree[7].chan5[2].buffer[1].opcode:Undefined
Tree[7].chan5[2].buffer[1].addr:Undefined
Tree[7].chan5[2].buffer[1].data:Undefined
Tree[7].chan5[2].buffer[1].dirty:Undefined
Tree[7].chan5[2].buffer[2].opcode:Undefined
Tree[7].chan5[2].buffer[2].addr:Undefined
Tree[7].chan5[2].buffer[2].data:Undefined
Tree[7].chan5[2].buffer[2].dirty:Undefined
Tree[7].chan5[2].used:Undefined
memData[1]:dataType_2
memData[2]:dataType_2
auxData[1]:dataType_2
auxData[2]:dataType_2

------------- Show a heuristic value: ------------------
3

------------- Show Initstate: ------------------
Tree[1].cache.used:0
Tree[1].cache.line[1].addr:Undefined
Tree[1].cache.line[1].state:Undefined
Tree[1].cache.line[1].data:Undefined
Tree[1].cache.line[1].dirty:Undefined
Tree[1].cache.line[2].addr:Undefined
Tree[1].cache.line[2].state:Undefined
Tree[1].cache.line[2].data:Undefined
Tree[1].cache.line[2].dirty:Undefined
Tree[1].cache.valid[1]:0
Tree[1].cache.valid[2]:0
Tree[1].sons[1]:2
Tree[1].sons[2]:3
Tree[1].directory[1][1]:None
Tree[1].directory[1][2]:None
Tree[1].directory[2][1]:None
Tree[1].directory[2][2]:None
Tree[1].slave_pending[1][1]:Undefined
Tree[1].slave_pending[1][2]:Undefined
Tree[1].slave_pending[2][1]:Undefined
Tree[1].slave_pending[2][2]:Undefined
Tree[1].master_pending[1]:Undefined
Tree[1].master_pending[2]:Undefined
Tree[1].reqId:Undefined
Tree[1].chan1[1].buffer[1].opcode:Undefined
Tree[1].chan1[1].buffer[1].para:Undefined
Tree[1].chan1[1].buffer[1].addr:Undefined
Tree[1].chan1[1].buffer[1].data:Undefined
Tree[1].chan1[1].buffer[1].dirty:Undefined
Tree[1].chan1[1].buffer[2].opcode:Undefined
Tree[1].chan1[1].buffer[2].para:Undefined
Tree[1].chan1[1].buffer[2].addr:Undefined
Tree[1].chan1[1].buffer[2].data:Undefined
Tree[1].chan1[1].buffer[2].dirty:Undefined
Tree[1].chan1[1].used:0
Tree[1].chan1[2].buffer[1].opcode:Undefined
Tree[1].chan1[2].buffer[1].para:Undefined
Tree[1].chan1[2].buffer[1].addr:Undefined
Tree[1].chan1[2].buffer[1].data:Undefined
Tree[1].chan1[2].buffer[1].dirty:Undefined
Tree[1].chan1[2].buffer[2].opcode:Undefined
Tree[1].chan1[2].buffer[2].para:Undefined
Tree[1].chan1[2].buffer[2].addr:Undefined
Tree[1].chan1[2].buffer[2].data:Undefined
Tree[1].chan1[2].buffer[2].dirty:Undefined
Tree[1].chan1[2].used:0
Tree[1].chan2[1].buffer[1].opcode:Undefined
Tree[1].chan2[1].buffer[1].para:Undefined
Tree[1].chan2[1].buffer[1].addr:Undefined
Tree[1].chan2[1].buffer[1].data:Undefined
Tree[1].chan2[1].buffer[1].dirty:Undefined
Tree[1].chan2[1].buffer[2].opcode:Undefined
Tree[1].chan2[1].buffer[2].para:Undefined
Tree[1].chan2[1].buffer[2].addr:Undefined
Tree[1].chan2[1].buffer[2].data:Undefined
Tree[1].chan2[1].buffer[2].dirty:Undefined
Tree[1].chan2[1].used:0
Tree[1].chan2[2].buffer[1].opcode:Undefined
Tree[1].chan2[2].buffer[1].para:Undefined
Tree[1].chan2[2].buffer[1].addr:Undefined
Tree[1].chan2[2].buffer[1].data:Undefined
Tree[1].chan2[2].buffer[1].dirty:Undefined
Tree[1].chan2[2].buffer[2].opcode:Undefined
Tree[1].chan2[2].buffer[2].para:Undefined
Tree[1].chan2[2].buffer[2].addr:Undefined
Tree[1].chan2[2].buffer[2].data:Undefined
Tree[1].chan2[2].buffer[2].dirty:Undefined
Tree[1].chan2[2].used:0
Tree[1].chan3[1].buffer[1].opcode:Undefined
Tree[1].chan3[1].buffer[1].para:Undefined
Tree[1].chan3[1].buffer[1].addr:Undefined
Tree[1].chan3[1].buffer[1].data:Undefined
Tree[1].chan3[1].buffer[1].dirty:Undefined
Tree[1].chan3[1].buffer[2].opcode:Undefined
Tree[1].chan3[1].buffer[2].para:Undefined
Tree[1].chan3[1].buffer[2].addr:Undefined
Tree[1].chan3[1].buffer[2].data:Undefined
Tree[1].chan3[1].buffer[2].dirty:Undefined
Tree[1].chan3[1].used:0
Tree[1].chan3[2].buffer[1].opcode:Undefined
Tree[1].chan3[2].buffer[1].para:Undefined
Tree[1].chan3[2].buffer[1].addr:Undefined
Tree[1].chan3[2].buffer[1].data:Undefined
Tree[1].chan3[2].buffer[1].dirty:Undefined
Tree[1].chan3[2].buffer[2].opcode:Undefined
Tree[1].chan3[2].buffer[2].para:Undefined
Tree[1].chan3[2].buffer[2].addr:Undefined
Tree[1].chan3[2].buffer[2].data:Undefined
Tree[1].chan3[2].buffer[2].dirty:Undefined
Tree[1].chan3[2].used:0
Tree[1].chan4[1].buffer[1].opcode:Undefined
Tree[1].chan4[1].buffer[1].para:Undefined
Tree[1].chan4[1].buffer[1].addr:Undefined
Tree[1].chan4[1].buffer[1].data:Undefined
Tree[1].chan4[1].buffer[1].dirty:Undefined
Tree[1].chan4[1].buffer[2].opcode:Undefined
Tree[1].chan4[1].buffer[2].para:Undefined
Tree[1].chan4[1].buffer[2].addr:Undefined
Tree[1].chan4[1].buffer[2].data:Undefined
Tree[1].chan4[1].buffer[2].dirty:Undefined
Tree[1].chan4[1].used:0
Tree[1].chan4[2].buffer[1].opcode:Undefined
Tree[1].chan4[2].buffer[1].para:Undefined
Tree[1].chan4[2].buffer[1].addr:Undefined
Tree[1].chan4[2].buffer[1].data:Undefined
Tree[1].chan4[2].buffer[1].dirty:Undefined
Tree[1].chan4[2].buffer[2].opcode:Undefined
Tree[1].chan4[2].buffer[2].para:Undefined
Tree[1].chan4[2].buffer[2].addr:Undefined
Tree[1].chan4[2].buffer[2].data:Undefined
Tree[1].chan4[2].buffer[2].dirty:Undefined
Tree[1].chan4[2].used:0
Tree[1].chan5[1].buffer[1].opcode:Undefined
Tree[1].chan5[1].buffer[1].addr:Undefined
Tree[1].chan5[1].buffer[1].data:Undefined
Tree[1].chan5[1].buffer[1].dirty:Undefined
Tree[1].chan5[1].buffer[2].opcode:Undefined
Tree[1].chan5[1].buffer[2].addr:Undefined
Tree[1].chan5[1].buffer[2].data:Undefined
Tree[1].chan5[1].buffer[2].dirty:Undefined
Tree[1].chan5[1].used:0
Tree[1].chan5[2].buffer[1].opcode:Undefined
Tree[1].chan5[2].buffer[1].addr:Undefined
Tree[1].chan5[2].buffer[1].data:Undefined
Tree[1].chan5[2].buffer[1].dirty:Undefined
Tree[1].chan5[2].buffer[2].opcode:Undefined
Tree[1].chan5[2].buffer[2].addr:Undefined
Tree[1].chan5[2].buffer[2].data:Undefined
Tree[1].chan5[2].buffer[2].dirty:Undefined
Tree[1].chan5[2].used:0
Tree[2].cache.used:0
Tree[2].cache.line[1].addr:Undefined
Tree[2].cache.line[1].state:Undefined
Tree[2].cache.line[1].data:Undefined
Tree[2].cache.line[1].dirty:Undefined
Tree[2].cache.line[2].addr:Undefined
Tree[2].cache.line[2].state:Undefined
Tree[2].cache.line[2].data:Undefined
Tree[2].cache.line[2].dirty:Undefined
Tree[2].cache.valid[1]:0
Tree[2].cache.valid[2]:0
Tree[2].sons[1]:4
Tree[2].sons[2]:5
Tree[2].directory[1][1]:None
Tree[2].directory[1][2]:None
Tree[2].directory[2][1]:None
Tree[2].directory[2][2]:None
Tree[2].slave_pending[1][1]:Undefined
Tree[2].slave_pending[1][2]:Undefined
Tree[2].slave_pending[2][1]:Undefined
Tree[2].slave_pending[2][2]:Undefined
Tree[2].master_pending[1]:Undefined
Tree[2].master_pending[2]:Undefined
Tree[2].reqId:Undefined
Tree[2].chan1[1].buffer[1].opcode:Undefined
Tree[2].chan1[1].buffer[1].para:Undefined
Tree[2].chan1[1].buffer[1].addr:Undefined
Tree[2].chan1[1].buffer[1].data:Undefined
Tree[2].chan1[1].buffer[1].dirty:Undefined
Tree[2].chan1[1].buffer[2].opcode:Undefined
Tree[2].chan1[1].buffer[2].para:Undefined
Tree[2].chan1[1].buffer[2].addr:Undefined
Tree[2].chan1[1].buffer[2].data:Undefined
Tree[2].chan1[1].buffer[2].dirty:Undefined
Tree[2].chan1[1].used:0
Tree[2].chan1[2].buffer[1].opcode:Undefined
Tree[2].chan1[2].buffer[1].para:Undefined
Tree[2].chan1[2].buffer[1].addr:Undefined
Tree[2].chan1[2].buffer[1].data:Undefined
Tree[2].chan1[2].buffer[1].dirty:Undefined
Tree[2].chan1[2].buffer[2].opcode:Undefined
Tree[2].chan1[2].buffer[2].para:Undefined
Tree[2].chan1[2].buffer[2].addr:Undefined
Tree[2].chan1[2].buffer[2].data:Undefined
Tree[2].chan1[2].buffer[2].dirty:Undefined
Tree[2].chan1[2].used:0
Tree[2].chan2[1].buffer[1].opcode:Undefined
Tree[2].chan2[1].buffer[1].para:Undefined
Tree[2].chan2[1].buffer[1].addr:Undefined
Tree[2].chan2[1].buffer[1].data:Undefined
Tree[2].chan2[1].buffer[1].dirty:Undefined
Tree[2].chan2[1].buffer[2].opcode:Undefined
Tree[2].chan2[1].buffer[2].para:Undefined
Tree[2].chan2[1].buffer[2].addr:Undefined
Tree[2].chan2[1].buffer[2].data:Undefined
Tree[2].chan2[1].buffer[2].dirty:Undefined
Tree[2].chan2[1].used:0
Tree[2].chan2[2].buffer[1].opcode:Undefined
Tree[2].chan2[2].buffer[1].para:Undefined
Tree[2].chan2[2].buffer[1].addr:Undefined
Tree[2].chan2[2].buffer[1].data:Undefined
Tree[2].chan2[2].buffer[1].dirty:Undefined
Tree[2].chan2[2].buffer[2].opcode:Undefined
Tree[2].chan2[2].buffer[2].para:Undefined
Tree[2].chan2[2].buffer[2].addr:Undefined
Tree[2].chan2[2].buffer[2].data:Undefined
Tree[2].chan2[2].buffer[2].dirty:Undefined
Tree[2].chan2[2].used:0
Tree[2].chan3[1].buffer[1].opcode:Undefined
Tree[2].chan3[1].buffer[1].para:Undefined
Tree[2].chan3[1].buffer[1].addr:Undefined
Tree[2].chan3[1].buffer[1].data:Undefined
Tree[2].chan3[1].buffer[1].dirty:Undefined
Tree[2].chan3[1].buffer[2].opcode:Undefined
Tree[2].chan3[1].buffer[2].para:Undefined
Tree[2].chan3[1].buffer[2].addr:Undefined
Tree[2].chan3[1].buffer[2].data:Undefined
Tree[2].chan3[1].buffer[2].dirty:Undefined
Tree[2].chan3[1].used:0
Tree[2].chan3[2].buffer[1].opcode:Undefined
Tree[2].chan3[2].buffer[1].para:Undefined
Tree[2].chan3[2].buffer[1].addr:Undefined
Tree[2].chan3[2].buffer[1].data:Undefined
Tree[2].chan3[2].buffer[1].dirty:Undefined
Tree[2].chan3[2].buffer[2].opcode:Undefined
Tree[2].chan3[2].buffer[2].para:Undefined
Tree[2].chan3[2].buffer[2].addr:Undefined
Tree[2].chan3[2].buffer[2].data:Undefined
Tree[2].chan3[2].buffer[2].dirty:Undefined
Tree[2].chan3[2].used:0
Tree[2].chan4[1].buffer[1].opcode:Undefined
Tree[2].chan4[1].buffer[1].para:Undefined
Tree[2].chan4[1].buffer[1].addr:Undefined
Tree[2].chan4[1].buffer[1].data:Undefined
Tree[2].chan4[1].buffer[1].dirty:Undefined
Tree[2].chan4[1].buffer[2].opcode:Undefined
Tree[2].chan4[1].buffer[2].para:Undefined
Tree[2].chan4[1].buffer[2].addr:Undefined
Tree[2].chan4[1].buffer[2].data:Undefined
Tree[2].chan4[1].buffer[2].dirty:Undefined
Tree[2].chan4[1].used:0
Tree[2].chan4[2].buffer[1].opcode:Undefined
Tree[2].chan4[2].buffer[1].para:Undefined
Tree[2].chan4[2].buffer[1].addr:Undefined
Tree[2].chan4[2].buffer[1].data:Undefined
Tree[2].chan4[2].buffer[1].dirty:Undefined
Tree[2].chan4[2].buffer[2].opcode:Undefined
Tree[2].chan4[2].buffer[2].para:Undefined
Tree[2].chan4[2].buffer[2].addr:Undefined
Tree[2].chan4[2].buffer[2].data:Undefined
Tree[2].chan4[2].buffer[2].dirty:Undefined
Tree[2].chan4[2].used:0
Tree[2].chan5[1].buffer[1].opcode:Undefined
Tree[2].chan5[1].buffer[1].addr:Undefined
Tree[2].chan5[1].buffer[1].data:Undefined
Tree[2].chan5[1].buffer[1].dirty:Undefined
Tree[2].chan5[1].buffer[2].opcode:Undefined
Tree[2].chan5[1].buffer[2].addr:Undefined
Tree[2].chan5[1].buffer[2].data:Undefined
Tree[2].chan5[1].buffer[2].dirty:Undefined
Tree[2].chan5[1].used:0
Tree[2].chan5[2].buffer[1].opcode:Undefined
Tree[2].chan5[2].buffer[1].addr:Undefined
Tree[2].chan5[2].buffer[1].data:Undefined
Tree[2].chan5[2].buffer[1].dirty:Undefined
Tree[2].chan5[2].buffer[2].opcode:Undefined
Tree[2].chan5[2].buffer[2].addr:Undefined
Tree[2].chan5[2].buffer[2].data:Undefined
Tree[2].chan5[2].buffer[2].dirty:Undefined
Tree[2].chan5[2].used:0
Tree[3].cache.used:0
Tree[3].cache.line[1].addr:Undefined
Tree[3].cache.line[1].state:Undefined
Tree[3].cache.line[1].data:Undefined
Tree[3].cache.line[1].dirty:Undefined
Tree[3].cache.line[2].addr:Undefined
Tree[3].cache.line[2].state:Undefined
Tree[3].cache.line[2].data:Undefined
Tree[3].cache.line[2].dirty:Undefined
Tree[3].cache.valid[1]:0
Tree[3].cache.valid[2]:0
Tree[3].sons[1]:6
Tree[3].sons[2]:7
Tree[3].directory[1][1]:None
Tree[3].directory[1][2]:None
Tree[3].directory[2][1]:None
Tree[3].directory[2][2]:None
Tree[3].slave_pending[1][1]:Undefined
Tree[3].slave_pending[1][2]:Undefined
Tree[3].slave_pending[2][1]:Undefined
Tree[3].slave_pending[2][2]:Undefined
Tree[3].master_pending[1]:Undefined
Tree[3].master_pending[2]:Undefined
Tree[3].reqId:Undefined
Tree[3].chan1[1].buffer[1].opcode:Undefined
Tree[3].chan1[1].buffer[1].para:Undefined
Tree[3].chan1[1].buffer[1].addr:Undefined
Tree[3].chan1[1].buffer[1].data:Undefined
Tree[3].chan1[1].buffer[1].dirty:Undefined
Tree[3].chan1[1].buffer[2].opcode:Undefined
Tree[3].chan1[1].buffer[2].para:Undefined
Tree[3].chan1[1].buffer[2].addr:Undefined
Tree[3].chan1[1].buffer[2].data:Undefined
Tree[3].chan1[1].buffer[2].dirty:Undefined
Tree[3].chan1[1].used:0
Tree[3].chan1[2].buffer[1].opcode:Undefined
Tree[3].chan1[2].buffer[1].para:Undefined
Tree[3].chan1[2].buffer[1].addr:Undefined
Tree[3].chan1[2].buffer[1].data:Undefined
Tree[3].chan1[2].buffer[1].dirty:Undefined
Tree[3].chan1[2].buffer[2].opcode:Undefined
Tree[3].chan1[2].buffer[2].para:Undefined
Tree[3].chan1[2].buffer[2].addr:Undefined
Tree[3].chan1[2].buffer[2].data:Undefined
Tree[3].chan1[2].buffer[2].dirty:Undefined
Tree[3].chan1[2].used:0
Tree[3].chan2[1].buffer[1].opcode:Undefined
Tree[3].chan2[1].buffer[1].para:Undefined
Tree[3].chan2[1].buffer[1].addr:Undefined
Tree[3].chan2[1].buffer[1].data:Undefined
Tree[3].chan2[1].buffer[1].dirty:Undefined
Tree[3].chan2[1].buffer[2].opcode:Undefined
Tree[3].chan2[1].buffer[2].para:Undefined
Tree[3].chan2[1].buffer[2].addr:Undefined
Tree[3].chan2[1].buffer[2].data:Undefined
Tree[3].chan2[1].buffer[2].dirty:Undefined
Tree[3].chan2[1].used:0
Tree[3].chan2[2].buffer[1].opcode:Undefined
Tree[3].chan2[2].buffer[1].para:Undefined
Tree[3].chan2[2].buffer[1].addr:Undefined
Tree[3].chan2[2].buffer[1].data:Undefined
Tree[3].chan2[2].buffer[1].dirty:Undefined
Tree[3].chan2[2].buffer[2].opcode:Undefined
Tree[3].chan2[2].buffer[2].para:Undefined
Tree[3].chan2[2].buffer[2].addr:Undefined
Tree[3].chan2[2].buffer[2].data:Undefined
Tree[3].chan2[2].buffer[2].dirty:Undefined
Tree[3].chan2[2].used:0
Tree[3].chan3[1].buffer[1].opcode:Undefined
Tree[3].chan3[1].buffer[1].para:Undefined
Tree[3].chan3[1].buffer[1].addr:Undefined
Tree[3].chan3[1].buffer[1].data:Undefined
Tree[3].chan3[1].buffer[1].dirty:Undefined
Tree[3].chan3[1].buffer[2].opcode:Undefined
Tree[3].chan3[1].buffer[2].para:Undefined
Tree[3].chan3[1].buffer[2].addr:Undefined
Tree[3].chan3[1].buffer[2].data:Undefined
Tree[3].chan3[1].buffer[2].dirty:Undefined
Tree[3].chan3[1].used:0
Tree[3].chan3[2].buffer[1].opcode:Undefined
Tree[3].chan3[2].buffer[1].para:Undefined
Tree[3].chan3[2].buffer[1].addr:Undefined
Tree[3].chan3[2].buffer[1].data:Undefined
Tree[3].chan3[2].buffer[1].dirty:Undefined
Tree[3].chan3[2].buffer[2].opcode:Undefined
Tree[3].chan3[2].buffer[2].para:Undefined
Tree[3].chan3[2].buffer[2].addr:Undefined
Tree[3].chan3[2].buffer[2].data:Undefined
Tree[3].chan3[2].buffer[2].dirty:Undefined
Tree[3].chan3[2].used:0
Tree[3].chan4[1].buffer[1].opcode:Undefined
Tree[3].chan4[1].buffer[1].para:Undefined
Tree[3].chan4[1].buffer[1].addr:Undefined
Tree[3].chan4[1].buffer[1].data:Undefined
Tree[3].chan4[1].buffer[1].dirty:Undefined
Tree[3].chan4[1].buffer[2].opcode:Undefined
Tree[3].chan4[1].buffer[2].para:Undefined
Tree[3].chan4[1].buffer[2].addr:Undefined
Tree[3].chan4[1].buffer[2].data:Undefined
Tree[3].chan4[1].buffer[2].dirty:Undefined
Tree[3].chan4[1].used:0
Tree[3].chan4[2].buffer[1].opcode:Undefined
Tree[3].chan4[2].buffer[1].para:Undefined
Tree[3].chan4[2].buffer[1].addr:Undefined
Tree[3].chan4[2].buffer[1].data:Undefined
Tree[3].chan4[2].buffer[1].dirty:Undefined
Tree[3].chan4[2].buffer[2].opcode:Undefined
Tree[3].chan4[2].buffer[2].para:Undefined
Tree[3].chan4[2].buffer[2].addr:Undefined
Tree[3].chan4[2].buffer[2].data:Undefined
Tree[3].chan4[2].buffer[2].dirty:Undefined
Tree[3].chan4[2].used:0
Tree[3].chan5[1].buffer[1].opcode:Undefined
Tree[3].chan5[1].buffer[1].addr:Undefined
Tree[3].chan5[1].buffer[1].data:Undefined
Tree[3].chan5[1].buffer[1].dirty:Undefined
Tree[3].chan5[1].buffer[2].opcode:Undefined
Tree[3].chan5[1].buffer[2].addr:Undefined
Tree[3].chan5[1].buffer[2].data:Undefined
Tree[3].chan5[1].buffer[2].dirty:Undefined
Tree[3].chan5[1].used:0
Tree[3].chan5[2].buffer[1].opcode:Undefined
Tree[3].chan5[2].buffer[1].addr:Undefined
Tree[3].chan5[2].buffer[1].data:Undefined
Tree[3].chan5[2].buffer[1].dirty:Undefined
Tree[3].chan5[2].buffer[2].opcode:Undefined
Tree[3].chan5[2].buffer[2].addr:Undefined
Tree[3].chan5[2].buffer[2].data:Undefined
Tree[3].chan5[2].buffer[2].dirty:Undefined
Tree[3].chan5[2].used:0
Tree[4].cache.used:0
Tree[4].cache.line[1].addr:Undefined
Tree[4].cache.line[1].state:Undefined
Tree[4].cache.line[1].data:Undefined
Tree[4].cache.line[1].dirty:Undefined
Tree[4].cache.line[2].addr:Undefined
Tree[4].cache.line[2].state:Undefined
Tree[4].cache.line[2].data:Undefined
Tree[4].cache.line[2].dirty:Undefined
Tree[4].cache.valid[1]:0
Tree[4].cache.valid[2]:0
Tree[4].sons[1]:Undefined
Tree[4].sons[2]:Undefined
Tree[4].directory[1][1]:Undefined
Tree[4].directory[1][2]:Undefined
Tree[4].directory[2][1]:Undefined
Tree[4].directory[2][2]:Undefined
Tree[4].slave_pending[1][1]:Undefined
Tree[4].slave_pending[1][2]:Undefined
Tree[4].slave_pending[2][1]:Undefined
Tree[4].slave_pending[2][2]:Undefined
Tree[4].master_pending[1]:Undefined
Tree[4].master_pending[2]:Undefined
Tree[4].reqId:Undefined
Tree[4].chan1[1].buffer[1].opcode:Undefined
Tree[4].chan1[1].buffer[1].para:Undefined
Tree[4].chan1[1].buffer[1].addr:Undefined
Tree[4].chan1[1].buffer[1].data:Undefined
Tree[4].chan1[1].buffer[1].dirty:Undefined
Tree[4].chan1[1].buffer[2].opcode:Undefined
Tree[4].chan1[1].buffer[2].para:Undefined
Tree[4].chan1[1].buffer[2].addr:Undefined
Tree[4].chan1[1].buffer[2].data:Undefined
Tree[4].chan1[1].buffer[2].dirty:Undefined
Tree[4].chan1[1].used:Undefined
Tree[4].chan1[2].buffer[1].opcode:Undefined
Tree[4].chan1[2].buffer[1].para:Undefined
Tree[4].chan1[2].buffer[1].addr:Undefined
Tree[4].chan1[2].buffer[1].data:Undefined
Tree[4].chan1[2].buffer[1].dirty:Undefined
Tree[4].chan1[2].buffer[2].opcode:Undefined
Tree[4].chan1[2].buffer[2].para:Undefined
Tree[4].chan1[2].buffer[2].addr:Undefined
Tree[4].chan1[2].buffer[2].data:Undefined
Tree[4].chan1[2].buffer[2].dirty:Undefined
Tree[4].chan1[2].used:Undefined
Tree[4].chan2[1].buffer[1].opcode:Undefined
Tree[4].chan2[1].buffer[1].para:Undefined
Tree[4].chan2[1].buffer[1].addr:Undefined
Tree[4].chan2[1].buffer[1].data:Undefined
Tree[4].chan2[1].buffer[1].dirty:Undefined
Tree[4].chan2[1].buffer[2].opcode:Undefined
Tree[4].chan2[1].buffer[2].para:Undefined
Tree[4].chan2[1].buffer[2].addr:Undefined
Tree[4].chan2[1].buffer[2].data:Undefined
Tree[4].chan2[1].buffer[2].dirty:Undefined
Tree[4].chan2[1].used:Undefined
Tree[4].chan2[2].buffer[1].opcode:Undefined
Tree[4].chan2[2].buffer[1].para:Undefined
Tree[4].chan2[2].buffer[1].addr:Undefined
Tree[4].chan2[2].buffer[1].data:Undefined
Tree[4].chan2[2].buffer[1].dirty:Undefined
Tree[4].chan2[2].buffer[2].opcode:Undefined
Tree[4].chan2[2].buffer[2].para:Undefined
Tree[4].chan2[2].buffer[2].addr:Undefined
Tree[4].chan2[2].buffer[2].data:Undefined
Tree[4].chan2[2].buffer[2].dirty:Undefined
Tree[4].chan2[2].used:Undefined
Tree[4].chan3[1].buffer[1].opcode:Undefined
Tree[4].chan3[1].buffer[1].para:Undefined
Tree[4].chan3[1].buffer[1].addr:Undefined
Tree[4].chan3[1].buffer[1].data:Undefined
Tree[4].chan3[1].buffer[1].dirty:Undefined
Tree[4].chan3[1].buffer[2].opcode:Undefined
Tree[4].chan3[1].buffer[2].para:Undefined
Tree[4].chan3[1].buffer[2].addr:Undefined
Tree[4].chan3[1].buffer[2].data:Undefined
Tree[4].chan3[1].buffer[2].dirty:Undefined
Tree[4].chan3[1].used:Undefined
Tree[4].chan3[2].buffer[1].opcode:Undefined
Tree[4].chan3[2].buffer[1].para:Undefined
Tree[4].chan3[2].buffer[1].addr:Undefined
Tree[4].chan3[2].buffer[1].data:Undefined
Tree[4].chan3[2].buffer[1].dirty:Undefined
Tree[4].chan3[2].buffer[2].opcode:Undefined
Tree[4].chan3[2].buffer[2].para:Undefined
Tree[4].chan3[2].buffer[2].addr:Undefined
Tree[4].chan3[2].buffer[2].data:Undefined
Tree[4].chan3[2].buffer[2].dirty:Undefined
Tree[4].chan3[2].used:Undefined
Tree[4].chan4[1].buffer[1].opcode:Undefined
Tree[4].chan4[1].buffer[1].para:Undefined
Tree[4].chan4[1].buffer[1].addr:Undefined
Tree[4].chan4[1].buffer[1].data:Undefined
Tree[4].chan4[1].buffer[1].dirty:Undefined
Tree[4].chan4[1].buffer[2].opcode:Undefined
Tree[4].chan4[1].buffer[2].para:Undefined
Tree[4].chan4[1].buffer[2].addr:Undefined
Tree[4].chan4[1].buffer[2].data:Undefined
Tree[4].chan4[1].buffer[2].dirty:Undefined
Tree[4].chan4[1].used:Undefined
Tree[4].chan4[2].buffer[1].opcode:Undefined
Tree[4].chan4[2].buffer[1].para:Undefined
Tree[4].chan4[2].buffer[1].addr:Undefined
Tree[4].chan4[2].buffer[1].data:Undefined
Tree[4].chan4[2].buffer[1].dirty:Undefined
Tree[4].chan4[2].buffer[2].opcode:Undefined
Tree[4].chan4[2].buffer[2].para:Undefined
Tree[4].chan4[2].buffer[2].addr:Undefined
Tree[4].chan4[2].buffer[2].data:Undefined
Tree[4].chan4[2].buffer[2].dirty:Undefined
Tree[4].chan4[2].used:Undefined
Tree[4].chan5[1].buffer[1].opcode:Undefined
Tree[4].chan5[1].buffer[1].addr:Undefined
Tree[4].chan5[1].buffer[1].data:Undefined
Tree[4].chan5[1].buffer[1].dirty:Undefined
Tree[4].chan5[1].buffer[2].opcode:Undefined
Tree[4].chan5[1].buffer[2].addr:Undefined
Tree[4].chan5[1].buffer[2].data:Undefined
Tree[4].chan5[1].buffer[2].dirty:Undefined
Tree[4].chan5[1].used:Undefined
Tree[4].chan5[2].buffer[1].opcode:Undefined
Tree[4].chan5[2].buffer[1].addr:Undefined
Tree[4].chan5[2].buffer[1].data:Undefined
Tree[4].chan5[2].buffer[1].dirty:Undefined
Tree[4].chan5[2].buffer[2].opcode:Undefined
Tree[4].chan5[2].buffer[2].addr:Undefined
Tree[4].chan5[2].buffer[2].data:Undefined
Tree[4].chan5[2].buffer[2].dirty:Undefined
Tree[4].chan5[2].used:Undefined
Tree[5].cache.used:0
Tree[5].cache.line[1].addr:Undefined
Tree[5].cache.line[1].state:Undefined
Tree[5].cache.line[1].data:Undefined
Tree[5].cache.line[1].dirty:Undefined
Tree[5].cache.line[2].addr:Undefined
Tree[5].cache.line[2].state:Undefined
Tree[5].cache.line[2].data:Undefined
Tree[5].cache.line[2].dirty:Undefined
Tree[5].cache.valid[1]:0
Tree[5].cache.valid[2]:0
Tree[5].sons[1]:Undefined
Tree[5].sons[2]:Undefined
Tree[5].directory[1][1]:Undefined
Tree[5].directory[1][2]:Undefined
Tree[5].directory[2][1]:Undefined
Tree[5].directory[2][2]:Undefined
Tree[5].slave_pending[1][1]:Undefined
Tree[5].slave_pending[1][2]:Undefined
Tree[5].slave_pending[2][1]:Undefined
Tree[5].slave_pending[2][2]:Undefined
Tree[5].master_pending[1]:Undefined
Tree[5].master_pending[2]:Undefined
Tree[5].reqId:Undefined
Tree[5].chan1[1].buffer[1].opcode:Undefined
Tree[5].chan1[1].buffer[1].para:Undefined
Tree[5].chan1[1].buffer[1].addr:Undefined
Tree[5].chan1[1].buffer[1].data:Undefined
Tree[5].chan1[1].buffer[1].dirty:Undefined
Tree[5].chan1[1].buffer[2].opcode:Undefined
Tree[5].chan1[1].buffer[2].para:Undefined
Tree[5].chan1[1].buffer[2].addr:Undefined
Tree[5].chan1[1].buffer[2].data:Undefined
Tree[5].chan1[1].buffer[2].dirty:Undefined
Tree[5].chan1[1].used:Undefined
Tree[5].chan1[2].buffer[1].opcode:Undefined
Tree[5].chan1[2].buffer[1].para:Undefined
Tree[5].chan1[2].buffer[1].addr:Undefined
Tree[5].chan1[2].buffer[1].data:Undefined
Tree[5].chan1[2].buffer[1].dirty:Undefined
Tree[5].chan1[2].buffer[2].opcode:Undefined
Tree[5].chan1[2].buffer[2].para:Undefined
Tree[5].chan1[2].buffer[2].addr:Undefined
Tree[5].chan1[2].buffer[2].data:Undefined
Tree[5].chan1[2].buffer[2].dirty:Undefined
Tree[5].chan1[2].used:Undefined
Tree[5].chan2[1].buffer[1].opcode:Undefined
Tree[5].chan2[1].buffer[1].para:Undefined
Tree[5].chan2[1].buffer[1].addr:Undefined
Tree[5].chan2[1].buffer[1].data:Undefined
Tree[5].chan2[1].buffer[1].dirty:Undefined
Tree[5].chan2[1].buffer[2].opcode:Undefined
Tree[5].chan2[1].buffer[2].para:Undefined
Tree[5].chan2[1].buffer[2].addr:Undefined
Tree[5].chan2[1].buffer[2].data:Undefined
Tree[5].chan2[1].buffer[2].dirty:Undefined
Tree[5].chan2[1].used:Undefined
Tree[5].chan2[2].buffer[1].opcode:Undefined
Tree[5].chan2[2].buffer[1].para:Undefined
Tree[5].chan2[2].buffer[1].addr:Undefined
Tree[5].chan2[2].buffer[1].data:Undefined
Tree[5].chan2[2].buffer[1].dirty:Undefined
Tree[5].chan2[2].buffer[2].opcode:Undefined
Tree[5].chan2[2].buffer[2].para:Undefined
Tree[5].chan2[2].buffer[2].addr:Undefined
Tree[5].chan2[2].buffer[2].data:Undefined
Tree[5].chan2[2].buffer[2].dirty:Undefined
Tree[5].chan2[2].used:Undefined
Tree[5].chan3[1].buffer[1].opcode:Undefined
Tree[5].chan3[1].buffer[1].para:Undefined
Tree[5].chan3[1].buffer[1].addr:Undefined
Tree[5].chan3[1].buffer[1].data:Undefined
Tree[5].chan3[1].buffer[1].dirty:Undefined
Tree[5].chan3[1].buffer[2].opcode:Undefined
Tree[5].chan3[1].buffer[2].para:Undefined
Tree[5].chan3[1].buffer[2].addr:Undefined
Tree[5].chan3[1].buffer[2].data:Undefined
Tree[5].chan3[1].buffer[2].dirty:Undefined
Tree[5].chan3[1].used:Undefined
Tree[5].chan3[2].buffer[1].opcode:Undefined
Tree[5].chan3[2].buffer[1].para:Undefined
Tree[5].chan3[2].buffer[1].addr:Undefined
Tree[5].chan3[2].buffer[1].data:Undefined
Tree[5].chan3[2].buffer[1].dirty:Undefined
Tree[5].chan3[2].buffer[2].opcode:Undefined
Tree[5].chan3[2].buffer[2].para:Undefined
Tree[5].chan3[2].buffer[2].addr:Undefined
Tree[5].chan3[2].buffer[2].data:Undefined
Tree[5].chan3[2].buffer[2].dirty:Undefined
Tree[5].chan3[2].used:Undefined
Tree[5].chan4[1].buffer[1].opcode:Undefined
Tree[5].chan4[1].buffer[1].para:Undefined
Tree[5].chan4[1].buffer[1].addr:Undefined
Tree[5].chan4[1].buffer[1].data:Undefined
Tree[5].chan4[1].buffer[1].dirty:Undefined
Tree[5].chan4[1].buffer[2].opcode:Undefined
Tree[5].chan4[1].buffer[2].para:Undefined
Tree[5].chan4[1].buffer[2].addr:Undefined
Tree[5].chan4[1].buffer[2].data:Undefined
Tree[5].chan4[1].buffer[2].dirty:Undefined
Tree[5].chan4[1].used:Undefined
Tree[5].chan4[2].buffer[1].opcode:Undefined
Tree[5].chan4[2].buffer[1].para:Undefined
Tree[5].chan4[2].buffer[1].addr:Undefined
Tree[5].chan4[2].buffer[1].data:Undefined
Tree[5].chan4[2].buffer[1].dirty:Undefined
Tree[5].chan4[2].buffer[2].opcode:Undefined
Tree[5].chan4[2].buffer[2].para:Undefined
Tree[5].chan4[2].buffer[2].addr:Undefined
Tree[5].chan4[2].buffer[2].data:Undefined
Tree[5].chan4[2].buffer[2].dirty:Undefined
Tree[5].chan4[2].used:Undefined
Tree[5].chan5[1].buffer[1].opcode:Undefined
Tree[5].chan5[1].buffer[1].addr:Undefined
Tree[5].chan5[1].buffer[1].data:Undefined
Tree[5].chan5[1].buffer[1].dirty:Undefined
Tree[5].chan5[1].buffer[2].opcode:Undefined
Tree[5].chan5[1].buffer[2].addr:Undefined
Tree[5].chan5[1].buffer[2].data:Undefined
Tree[5].chan5[1].buffer[2].dirty:Undefined
Tree[5].chan5[1].used:Undefined
Tree[5].chan5[2].buffer[1].opcode:Undefined
Tree[5].chan5[2].buffer[1].addr:Undefined
Tree[5].chan5[2].buffer[1].data:Undefined
Tree[5].chan5[2].buffer[1].dirty:Undefined
Tree[5].chan5[2].buffer[2].opcode:Undefined
Tree[5].chan5[2].buffer[2].addr:Undefined
Tree[5].chan5[2].buffer[2].data:Undefined
Tree[5].chan5[2].buffer[2].dirty:Undefined
Tree[5].chan5[2].used:Undefined
Tree[6].cache.used:0
Tree[6].cache.line[1].addr:Undefined
Tree[6].cache.line[1].state:Undefined
Tree[6].cache.line[1].data:Undefined
Tree[6].cache.line[1].dirty:Undefined
Tree[6].cache.line[2].addr:Undefined
Tree[6].cache.line[2].state:Undefined
Tree[6].cache.line[2].data:Undefined
Tree[6].cache.line[2].dirty:Undefined
Tree[6].cache.valid[1]:0
Tree[6].cache.valid[2]:0
Tree[6].sons[1]:Undefined
Tree[6].sons[2]:Undefined
Tree[6].directory[1][1]:Undefined
Tree[6].directory[1][2]:Undefined
Tree[6].directory[2][1]:Undefined
Tree[6].directory[2][2]:Undefined
Tree[6].slave_pending[1][1]:Undefined
Tree[6].slave_pending[1][2]:Undefined
Tree[6].slave_pending[2][1]:Undefined
Tree[6].slave_pending[2][2]:Undefined
Tree[6].master_pending[1]:Undefined
Tree[6].master_pending[2]:Undefined
Tree[6].reqId:Undefined
Tree[6].chan1[1].buffer[1].opcode:Undefined
Tree[6].chan1[1].buffer[1].para:Undefined
Tree[6].chan1[1].buffer[1].addr:Undefined
Tree[6].chan1[1].buffer[1].data:Undefined
Tree[6].chan1[1].buffer[1].dirty:Undefined
Tree[6].chan1[1].buffer[2].opcode:Undefined
Tree[6].chan1[1].buffer[2].para:Undefined
Tree[6].chan1[1].buffer[2].addr:Undefined
Tree[6].chan1[1].buffer[2].data:Undefined
Tree[6].chan1[1].buffer[2].dirty:Undefined
Tree[6].chan1[1].used:Undefined
Tree[6].chan1[2].buffer[1].opcode:Undefined
Tree[6].chan1[2].buffer[1].para:Undefined
Tree[6].chan1[2].buffer[1].addr:Undefined
Tree[6].chan1[2].buffer[1].data:Undefined
Tree[6].chan1[2].buffer[1].dirty:Undefined
Tree[6].chan1[2].buffer[2].opcode:Undefined
Tree[6].chan1[2].buffer[2].para:Undefined
Tree[6].chan1[2].buffer[2].addr:Undefined
Tree[6].chan1[2].buffer[2].data:Undefined
Tree[6].chan1[2].buffer[2].dirty:Undefined
Tree[6].chan1[2].used:Undefined
Tree[6].chan2[1].buffer[1].opcode:Undefined
Tree[6].chan2[1].buffer[1].para:Undefined
Tree[6].chan2[1].buffer[1].addr:Undefined
Tree[6].chan2[1].buffer[1].data:Undefined
Tree[6].chan2[1].buffer[1].dirty:Undefined
Tree[6].chan2[1].buffer[2].opcode:Undefined
Tree[6].chan2[1].buffer[2].para:Undefined
Tree[6].chan2[1].buffer[2].addr:Undefined
Tree[6].chan2[1].buffer[2].data:Undefined
Tree[6].chan2[1].buffer[2].dirty:Undefined
Tree[6].chan2[1].used:Undefined
Tree[6].chan2[2].buffer[1].opcode:Undefined
Tree[6].chan2[2].buffer[1].para:Undefined
Tree[6].chan2[2].buffer[1].addr:Undefined
Tree[6].chan2[2].buffer[1].data:Undefined
Tree[6].chan2[2].buffer[1].dirty:Undefined
Tree[6].chan2[2].buffer[2].opcode:Undefined
Tree[6].chan2[2].buffer[2].para:Undefined
Tree[6].chan2[2].buffer[2].addr:Undefined
Tree[6].chan2[2].buffer[2].data:Undefined
Tree[6].chan2[2].buffer[2].dirty:Undefined
Tree[6].chan2[2].used:Undefined
Tree[6].chan3[1].buffer[1].opcode:Undefined
Tree[6].chan3[1].buffer[1].para:Undefined
Tree[6].chan3[1].buffer[1].addr:Undefined
Tree[6].chan3[1].buffer[1].data:Undefined
Tree[6].chan3[1].buffer[1].dirty:Undefined
Tree[6].chan3[1].buffer[2].opcode:Undefined
Tree[6].chan3[1].buffer[2].para:Undefined
Tree[6].chan3[1].buffer[2].addr:Undefined
Tree[6].chan3[1].buffer[2].data:Undefined
Tree[6].chan3[1].buffer[2].dirty:Undefined
Tree[6].chan3[1].used:Undefined
Tree[6].chan3[2].buffer[1].opcode:Undefined
Tree[6].chan3[2].buffer[1].para:Undefined
Tree[6].chan3[2].buffer[1].addr:Undefined
Tree[6].chan3[2].buffer[1].data:Undefined
Tree[6].chan3[2].buffer[1].dirty:Undefined
Tree[6].chan3[2].buffer[2].opcode:Undefined
Tree[6].chan3[2].buffer[2].para:Undefined
Tree[6].chan3[2].buffer[2].addr:Undefined
Tree[6].chan3[2].buffer[2].data:Undefined
Tree[6].chan3[2].buffer[2].dirty:Undefined
Tree[6].chan3[2].used:Undefined
Tree[6].chan4[1].buffer[1].opcode:Undefined
Tree[6].chan4[1].buffer[1].para:Undefined
Tree[6].chan4[1].buffer[1].addr:Undefined
Tree[6].chan4[1].buffer[1].data:Undefined
Tree[6].chan4[1].buffer[1].dirty:Undefined
Tree[6].chan4[1].buffer[2].opcode:Undefined
Tree[6].chan4[1].buffer[2].para:Undefined
Tree[6].chan4[1].buffer[2].addr:Undefined
Tree[6].chan4[1].buffer[2].data:Undefined
Tree[6].chan4[1].buffer[2].dirty:Undefined
Tree[6].chan4[1].used:Undefined
Tree[6].chan4[2].buffer[1].opcode:Undefined
Tree[6].chan4[2].buffer[1].para:Undefined
Tree[6].chan4[2].buffer[1].addr:Undefined
Tree[6].chan4[2].buffer[1].data:Undefined
Tree[6].chan4[2].buffer[1].dirty:Undefined
Tree[6].chan4[2].buffer[2].opcode:Undefined
Tree[6].chan4[2].buffer[2].para:Undefined
Tree[6].chan4[2].buffer[2].addr:Undefined
Tree[6].chan4[2].buffer[2].data:Undefined
Tree[6].chan4[2].buffer[2].dirty:Undefined
Tree[6].chan4[2].used:Undefined
Tree[6].chan5[1].buffer[1].opcode:Undefined
Tree[6].chan5[1].buffer[1].addr:Undefined
Tree[6].chan5[1].buffer[1].data:Undefined
Tree[6].chan5[1].buffer[1].dirty:Undefined
Tree[6].chan5[1].buffer[2].opcode:Undefined
Tree[6].chan5[1].buffer[2].addr:Undefined
Tree[6].chan5[1].buffer[2].data:Undefined
Tree[6].chan5[1].buffer[2].dirty:Undefined
Tree[6].chan5[1].used:Undefined
Tree[6].chan5[2].buffer[1].opcode:Undefined
Tree[6].chan5[2].buffer[1].addr:Undefined
Tree[6].chan5[2].buffer[1].data:Undefined
Tree[6].chan5[2].buffer[1].dirty:Undefined
Tree[6].chan5[2].buffer[2].opcode:Undefined
Tree[6].chan5[2].buffer[2].addr:Undefined
Tree[6].chan5[2].buffer[2].data:Undefined
Tree[6].chan5[2].buffer[2].dirty:Undefined
Tree[6].chan5[2].used:Undefined
Tree[7].cache.used:0
Tree[7].cache.line[1].addr:Undefined
Tree[7].cache.line[1].state:Undefined
Tree[7].cache.line[1].data:Undefined
Tree[7].cache.line[1].dirty:Undefined
Tree[7].cache.line[2].addr:Undefined
Tree[7].cache.line[2].state:Undefined
Tree[7].cache.line[2].data:Undefined
Tree[7].cache.line[2].dirty:Undefined
Tree[7].cache.valid[1]:0
Tree[7].cache.valid[2]:0
Tree[7].sons[1]:Undefined
Tree[7].sons[2]:Undefined
Tree[7].directory[1][1]:Undefined
Tree[7].directory[1][2]:Undefined
Tree[7].directory[2][1]:Undefined
Tree[7].directory[2][2]:Undefined
Tree[7].slave_pending[1][1]:Undefined
Tree[7].slave_pending[1][2]:Undefined
Tree[7].slave_pending[2][1]:Undefined
Tree[7].slave_pending[2][2]:Undefined
Tree[7].master_pending[1]:Undefined
Tree[7].master_pending[2]:Undefined
Tree[7].reqId:Undefined
Tree[7].chan1[1].buffer[1].opcode:Undefined
Tree[7].chan1[1].buffer[1].para:Undefined
Tree[7].chan1[1].buffer[1].addr:Undefined
Tree[7].chan1[1].buffer[1].data:Undefined
Tree[7].chan1[1].buffer[1].dirty:Undefined
Tree[7].chan1[1].buffer[2].opcode:Undefined
Tree[7].chan1[1].buffer[2].para:Undefined
Tree[7].chan1[1].buffer[2].addr:Undefined
Tree[7].chan1[1].buffer[2].data:Undefined
Tree[7].chan1[1].buffer[2].dirty:Undefined
Tree[7].chan1[1].used:Undefined
Tree[7].chan1[2].buffer[1].opcode:Undefined
Tree[7].chan1[2].buffer[1].para:Undefined
Tree[7].chan1[2].buffer[1].addr:Undefined
Tree[7].chan1[2].buffer[1].data:Undefined
Tree[7].chan1[2].buffer[1].dirty:Undefined
Tree[7].chan1[2].buffer[2].opcode:Undefined
Tree[7].chan1[2].buffer[2].para:Undefined
Tree[7].chan1[2].buffer[2].addr:Undefined
Tree[7].chan1[2].buffer[2].data:Undefined
Tree[7].chan1[2].buffer[2].dirty:Undefined
Tree[7].chan1[2].used:Undefined
Tree[7].chan2[1].buffer[1].opcode:Undefined
Tree[7].chan2[1].buffer[1].para:Undefined
Tree[7].chan2[1].buffer[1].addr:Undefined
Tree[7].chan2[1].buffer[1].data:Undefined
Tree[7].chan2[1].buffer[1].dirty:Undefined
Tree[7].chan2[1].buffer[2].opcode:Undefined
Tree[7].chan2[1].buffer[2].para:Undefined
Tree[7].chan2[1].buffer[2].addr:Undefined
Tree[7].chan2[1].buffer[2].data:Undefined
Tree[7].chan2[1].buffer[2].dirty:Undefined
Tree[7].chan2[1].used:Undefined
Tree[7].chan2[2].buffer[1].opcode:Undefined
Tree[7].chan2[2].buffer[1].para:Undefined
Tree[7].chan2[2].buffer[1].addr:Undefined
Tree[7].chan2[2].buffer[1].data:Undefined
Tree[7].chan2[2].buffer[1].dirty:Undefined
Tree[7].chan2[2].buffer[2].opcode:Undefined
Tree[7].chan2[2].buffer[2].para:Undefined
Tree[7].chan2[2].buffer[2].addr:Undefined
Tree[7].chan2[2].buffer[2].data:Undefined
Tree[7].chan2[2].buffer[2].dirty:Undefined
Tree[7].chan2[2].used:Undefined
Tree[7].chan3[1].buffer[1].opcode:Undefined
Tree[7].chan3[1].buffer[1].para:Undefined
Tree[7].chan3[1].buffer[1].addr:Undefined
Tree[7].chan3[1].buffer[1].data:Undefined
Tree[7].chan3[1].buffer[1].dirty:Undefined
Tree[7].chan3[1].buffer[2].opcode:Undefined
Tree[7].chan3[1].buffer[2].para:Undefined
Tree[7].chan3[1].buffer[2].addr:Undefined
Tree[7].chan3[1].buffer[2].data:Undefined
Tree[7].chan3[1].buffer[2].dirty:Undefined
Tree[7].chan3[1].used:Undefined
Tree[7].chan3[2].buffer[1].opcode:Undefined
Tree[7].chan3[2].buffer[1].para:Undefined
Tree[7].chan3[2].buffer[1].addr:Undefined
Tree[7].chan3[2].buffer[1].data:Undefined
Tree[7].chan3[2].buffer[1].dirty:Undefined
Tree[7].chan3[2].buffer[2].opcode:Undefined
Tree[7].chan3[2].buffer[2].para:Undefined
Tree[7].chan3[2].buffer[2].addr:Undefined
Tree[7].chan3[2].buffer[2].data:Undefined
Tree[7].chan3[2].buffer[2].dirty:Undefined
Tree[7].chan3[2].used:Undefined
Tree[7].chan4[1].buffer[1].opcode:Undefined
Tree[7].chan4[1].buffer[1].para:Undefined
Tree[7].chan4[1].buffer[1].addr:Undefined
Tree[7].chan4[1].buffer[1].data:Undefined
Tree[7].chan4[1].buffer[1].dirty:Undefined
Tree[7].chan4[1].buffer[2].opcode:Undefined
Tree[7].chan4[1].buffer[2].para:Undefined
Tree[7].chan4[1].buffer[2].addr:Undefined
Tree[7].chan4[1].buffer[2].data:Undefined
Tree[7].chan4[1].buffer[2].dirty:Undefined
Tree[7].chan4[1].used:Undefined
Tree[7].chan4[2].buffer[1].opcode:Undefined
Tree[7].chan4[2].buffer[1].para:Undefined
Tree[7].chan4[2].buffer[1].addr:Undefined
Tree[7].chan4[2].buffer[1].data:Undefined
Tree[7].chan4[2].buffer[1].dirty:Undefined
Tree[7].chan4[2].buffer[2].opcode:Undefined
Tree[7].chan4[2].buffer[2].para:Undefined
Tree[7].chan4[2].buffer[2].addr:Undefined
Tree[7].chan4[2].buffer[2].data:Undefined
Tree[7].chan4[2].buffer[2].dirty:Undefined
Tree[7].chan4[2].used:Undefined
Tree[7].chan5[1].buffer[1].opcode:Undefined
Tree[7].chan5[1].buffer[1].addr:Undefined
Tree[7].chan5[1].buffer[1].data:Undefined
Tree[7].chan5[1].buffer[1].dirty:Undefined
Tree[7].chan5[1].buffer[2].opcode:Undefined
Tree[7].chan5[1].buffer[2].addr:Undefined
Tree[7].chan5[1].buffer[2].data:Undefined
Tree[7].chan5[1].buffer[2].dirty:Undefined
Tree[7].chan5[1].used:Undefined
Tree[7].chan5[2].buffer[1].opcode:Undefined
Tree[7].chan5[2].buffer[1].addr:Undefined
Tree[7].chan5[2].buffer[1].data:Undefined
Tree[7].chan5[2].buffer[1].dirty:Undefined
Tree[7].chan5[2].buffer[2].opcode:Undefined
Tree[7].chan5[2].buffer[2].addr:Undefined
Tree[7].chan5[2].buffer[2].data:Undefined
Tree[7].chan5[2].buffer[2].dirty:Undefined
Tree[7].chan5[2].used:Undefined
memData[1]:dataType_2
memData[2]:dataType_2
auxData[1]:dataType_2
auxData[2]:dataType_2

===== Startstates generated! =====

Progress Report:

	100000 states explored in 15.29s, with 275639 rules fired and 62969 states in the queue.
====== Now the openlist is cut off! ======
	200000 states explored in 25.30s, with 567768 rules fired and 34190 states in the queue.
	300000 states explored in 39.52s, with 988372 rules fired and 79745 states in the queue.
====== Now the openlist is cut off! ======
	400000 states explored in 50.56s, with 1318176 rules fired and 45906 states in the queue.
====== Now the openlist is cut off! ======
	500000 states explored in 59.84s, with 1623115 rules fired and 26708 states in the queue.
====== Now the openlist is cut off! ======
	600000 states explored in 65.79s, with 1812387 rules fired and 18066 states in the queue.
====== Now the openlist is cut off! ======
	700000 states explored in 71.88s, with 2005639 rules fired and 10580 states in the queue.
	800000 states explored in 77.90s, with 2199124 rules fired and 93456 states in the queue.
====== Now the openlist is cut off! ======
	900000 states explored in 84.56s, with 2411723 rules fired and 83504 states in the queue.
====== Now the openlist is cut off! ======
	1000000 states explored in 91.19s, with 2625457 rules fired and 73652 states in the queue.
====== Now the openlist is cut off! ======
	1100000 states explored in 98.05s, with 2847726 rules fired and 62684 states in the queue.
====== Now the openlist is cut off! ======
	1200000 states explored in 105.41s, with 3088616 rules fired and 49199 states in the queue.
====== Now the openlist is cut off! ======
	1300000 states explored in 113.75s, with 3353693 rules fired and 33908 states in the queue.
====== Now the openlist is cut off! ======
	1400000 states explored in 122.17s, with 3621982 rules fired and 19000 states in the queue.
	1500000 states explored in 131.08s, with 3910444 rules fired and 90405 states in the queue.
====== Now the openlist is cut off! ======
	1600000 states explored in 140.14s, with 4207110 rules fired and 72557 states in the queue.
====== Now the openlist is cut off! ======
	1700000 states explored in 149.44s, with 4510413 rules fired and 54212 states in the queue.
====== Now the openlist is cut off! ======
	1800000 states explored in 159.15s, with 4831376 rules fired and 34472 states in the queue.
====== Now the openlist is cut off! ======
	1900000 states explored in 169.21s, with 5173197 rules fired and 13273 states in the queue.
	2000000 states explored in 179.16s, with 5500046 rules fired and 83041 states in the queue.
====== Now the openlist is cut off! ======
	2100000 states explored in 189.34s, with 5834035 rules fired and 62113 states in the queue.
====== Now the openlist is cut off! ======
	2200000 states explored in 199.25s, with 6159231 rules fired and 41841 states in the queue.
====== Now the openlist is cut off! ======
	2300000 states explored in 209.96s, with 6512200 rules fired and 19229 states in the queue.
	2400000 states explored in 220.05s, with 6842525 rules fired and 88402 states in the queue.
====== Now the openlist is cut off! ======
	2500000 states explored in 230.32s, with 7179960 rules fired and 66897 states in the queue.
====== Now the openlist is cut off! ======
	2600000 states explored in 241.59s, with 7551042 rules fired and 44016 states in the queue.
====== Now the openlist is cut off! ======
	2700000 states explored in 252.55s, with 7911780 rules fired and 21469 states in the queue.
	2800000 states explored in 263.32s, with 8265016 rules fired and 89165 states in the queue.
====== Now the openlist is cut off! ======
	2900000 states explored in 274.08s, with 8619684 rules fired and 67491 states in the queue.
====== Now the openlist is cut off! ======
	3000000 states explored in 284.87s, with 8974283 rules fired and 45148 states in the queue.
====== Now the openlist is cut off! ======
	3100000 states explored in 295.54s, with 9325128 rules fired and 22598 states in the queue.
	3200000 states explored in 306.29s, with 9685113 rules fired and 89322 states in the queue.
====== Now the openlist is cut off! ======
	3300000 states explored in 317.19s, with 10045163 rules fired and 66298 states in the queue.
====== Now the openlist is cut off! ======
	3400000 states explored in 328.49s, with 10411360 rules fired and 42862 states in the queue.
====== Now the openlist is cut off! ======
	3500000 states explored in 340.22s, with 10791392 rules fired and 18687 states in the queue.
	3600000 states explored in 351.90s, with 11169222 rules fired and 84945 states in the queue.
====== Now the openlist is cut off! ======
	3700000 states explored in 363.89s, with 11556654 rules fired and 61010 states in the queue.
====== Now the openlist is cut off! ======
	3800000 states explored in 375.98s, with 11950129 rules fired and 36848 states in the queue.
====== Now the openlist is cut off! ======
	3900000 states explored in 388.54s, with 12359257 rules fired and 12399 states in the queue.
	4000000 states explored in 401.03s, with 12770747 rules fired and 77855 states in the queue.
====== Now the openlist is cut off! ======
	4100000 states explored in 413.18s, with 13178804 rules fired and 53657 states in the queue.
====== Now the openlist is cut off! ======
	4200000 states explored in 427.60s, with 13661867 rules fired and 22984 states in the queue.
	4300000 states explored in 445.48s, with 14247259 rules fired and 70237 states in the queue.
====== Now the openlist is cut off! ======
	4400000 states explored in 464.16s, with 14852706 rules fired and 23880 states in the queue.
	4500000 states explored in 485.32s, with 15541026 rules fired and 63644 states in the queue.
====== Now the openlist is cut off! ======
	4600000 states explored in 507.24s, with 16272043 rules fired and 11323 states in the queue.
	4700000 states explored in 525.27s, with 16843214 rules fired and 53155 states in the queue.
	4800000 states explored in 543.67s, with 17417376 rules fired and 95490 states in the queue.
====== Now the openlist is cut off! ======
	4900000 states explored in 563.62s, with 18049219 rules fired and 42837 states in the queue.
	5000000 states explored in 587.18s, with 18816786 rules fired and 69624 states in the queue.
====== Now the openlist is cut off! ======
	5100000 states explored in 609.09s, with 19543939 rules fired and 12073 states in the queue.
	5200000 states explored in 634.24s, with 20382572 rules fired and 29939 states in the queue.
	5300000 states explored in 663.67s, with 21365467 rules fired and 25322 states in the queue.
	5400000 states explored in 697.26s, with 22483513 rules fired and 14381 states in the queue.

==========================================================================

Status:

	No error found.

State Space Explored:

	5414923 states, 22776477 rules fired in 706.13s.

Analysis of State Space:

	There are rules that are never fired.
	If you are running with symmetry, this may be why.  Otherwise,
	please run this program with "-pr" for the rules information.
The algorithm is over!
