You choose the local search option :-)
This program should be regarded as a DEBUGGING aid, not as a 
certifier of correctness.
Call with the -l flag or read the license file for terms
and conditions of use.
Run this program with "-h" for the list of options.

Bugs, questions, and comments should be directed to
"melatti@di.uniroma1.it".

CMurphi compiler last modified date: Nov  1 2023
Include files last modified date:    Jul 23 2021
==========================================================================

==========================================================================
Caching Murphi Release 5.5.0
Finite-state Concurrent System Verifier.

Caching Murphi Release 5.5.0 is based on various versions of Murphi.
Caching Murphi Release 5.5.0 :
Copyright (C) 2009-2012 by Sapienza University of Rome.
Murphi release 3.1 :
Copyright (C) 1992 - 1999 by the Board of Trustees of
Leland Stanford Junior University.

==========================================================================

Protocol: test

Algorithm:
	Verification by our local search.
	with symmetry algorithm 3 -- Heuristic Small Memory Normalization
	with permutation trial limit 10.

Memory usage:

	* The size of each state is 7312 bits (rounded up to 920 bytes).
	* The memory allocated for the hash table and state queue is
	  10485 Mbytes.
	  With two words of overhead per state, the maximum size of
	  the state space is 11005207 states.
	   * Use option "-k" or "-m" to increase this, if necessary.
	* Capacity in queue for breadth-first search: 1100520 states.
	   * Change the constant gPercentActiveStates in mu_prolog.inc
	     to increase this, if necessary.

Warning: No trace will not be printed in the case of protocol errors!
         Check the options if you want to have error traces.
==========================================================================

You are using local search algorithm (Version 1) :

------------- Show Goalstate: ------------------
Tree[1].cache.used:0
Tree[1].cache.line[1].addr:Undefined
Tree[1].cache.line[1].state:Undefined
Tree[1].cache.line[1].data:Undefined
Tree[1].cache.line[1].dirty:Undefined
Tree[1].cache.line[2].addr:Undefined
Tree[1].cache.line[2].state:Undefined
Tree[1].cache.line[2].data:Undefined
Tree[1].cache.line[2].dirty:Undefined
Tree[1].cache.valid[1]:0
Tree[1].cache.valid[2]:0
Tree[1].sons[1]:2
Tree[1].sons[2]:3
Tree[1].directory[1][1]:None
Tree[1].directory[1][2]:None
Tree[1].directory[2][1]:None
Tree[1].directory[2][2]:None
Tree[1].slave_pending[1][1]:Undefined
Tree[1].slave_pending[1][2]:Undefined
Tree[1].slave_pending[2][1]:Undefined
Tree[1].slave_pending[2][2]:Undefined
Tree[1].master_pending[1]:Undefined
Tree[1].master_pending[2]:Undefined
Tree[1].reqId:Undefined
Tree[1].chan1[1].buffer[1].opcode:Undefined
Tree[1].chan1[1].buffer[1].para:Undefined
Tree[1].chan1[1].buffer[1].addr:Undefined
Tree[1].chan1[1].buffer[1].data:Undefined
Tree[1].chan1[1].buffer[1].dirty:Undefined
Tree[1].chan1[1].buffer[2].opcode:Undefined
Tree[1].chan1[1].buffer[2].para:Undefined
Tree[1].chan1[1].buffer[2].addr:Undefined
Tree[1].chan1[1].buffer[2].data:Undefined
Tree[1].chan1[1].buffer[2].dirty:Undefined
Tree[1].chan1[1].used:0
Tree[1].chan1[2].buffer[1].opcode:Undefined
Tree[1].chan1[2].buffer[1].para:Undefined
Tree[1].chan1[2].buffer[1].addr:Undefined
Tree[1].chan1[2].buffer[1].data:Undefined
Tree[1].chan1[2].buffer[1].dirty:Undefined
Tree[1].chan1[2].buffer[2].opcode:Undefined
Tree[1].chan1[2].buffer[2].para:Undefined
Tree[1].chan1[2].buffer[2].addr:Undefined
Tree[1].chan1[2].buffer[2].data:Undefined
Tree[1].chan1[2].buffer[2].dirty:Undefined
Tree[1].chan1[2].used:0
Tree[1].chan2[1].buffer[1].opcode:Undefined
Tree[1].chan2[1].buffer[1].para:Undefined
Tree[1].chan2[1].buffer[1].addr:Undefined
Tree[1].chan2[1].buffer[1].data:Undefined
Tree[1].chan2[1].buffer[1].dirty:Undefined
Tree[1].chan2[1].buffer[2].opcode:Undefined
Tree[1].chan2[1].buffer[2].para:Undefined
Tree[1].chan2[1].buffer[2].addr:Undefined
Tree[1].chan2[1].buffer[2].data:Undefined
Tree[1].chan2[1].buffer[2].dirty:Undefined
Tree[1].chan2[1].used:0
Tree[1].chan2[2].buffer[1].opcode:Undefined
Tree[1].chan2[2].buffer[1].para:Undefined
Tree[1].chan2[2].buffer[1].addr:Undefined
Tree[1].chan2[2].buffer[1].data:Undefined
Tree[1].chan2[2].buffer[1].dirty:Undefined
Tree[1].chan2[2].buffer[2].opcode:Undefined
Tree[1].chan2[2].buffer[2].para:Undefined
Tree[1].chan2[2].buffer[2].addr:Undefined
Tree[1].chan2[2].buffer[2].data:Undefined
Tree[1].chan2[2].buffer[2].dirty:Undefined
Tree[1].chan2[2].used:0
Tree[1].chan3[1].buffer[1].opcode:Undefined
Tree[1].chan3[1].buffer[1].para:Undefined
Tree[1].chan3[1].buffer[1].addr:Undefined
Tree[1].chan3[1].buffer[1].data:Undefined
Tree[1].chan3[1].buffer[1].dirty:Undefined
Tree[1].chan3[1].buffer[2].opcode:Undefined
Tree[1].chan3[1].buffer[2].para:Undefined
Tree[1].chan3[1].buffer[2].addr:Undefined
Tree[1].chan3[1].buffer[2].data:Undefined
Tree[1].chan3[1].buffer[2].dirty:Undefined
Tree[1].chan3[1].used:0
Tree[1].chan3[2].buffer[1].opcode:Undefined
Tree[1].chan3[2].buffer[1].para:Undefined
Tree[1].chan3[2].buffer[1].addr:Undefined
Tree[1].chan3[2].buffer[1].data:Undefined
Tree[1].chan3[2].buffer[1].dirty:Undefined
Tree[1].chan3[2].buffer[2].opcode:Undefined
Tree[1].chan3[2].buffer[2].para:Undefined
Tree[1].chan3[2].buffer[2].addr:Undefined
Tree[1].chan3[2].buffer[2].data:Undefined
Tree[1].chan3[2].buffer[2].dirty:Undefined
Tree[1].chan3[2].used:0
Tree[1].chan4[1].buffer[1].opcode:Undefined
Tree[1].chan4[1].buffer[1].para:Undefined
Tree[1].chan4[1].buffer[1].addr:Undefined
Tree[1].chan4[1].buffer[1].data:Undefined
Tree[1].chan4[1].buffer[1].dirty:Undefined
Tree[1].chan4[1].buffer[2].opcode:Undefined
Tree[1].chan4[1].buffer[2].para:Undefined
Tree[1].chan4[1].buffer[2].addr:Undefined
Tree[1].chan4[1].buffer[2].data:Undefined
Tree[1].chan4[1].buffer[2].dirty:Undefined
Tree[1].chan4[1].used:0
Tree[1].chan4[2].buffer[1].opcode:Undefined
Tree[1].chan4[2].buffer[1].para:Undefined
Tree[1].chan4[2].buffer[1].addr:Undefined
Tree[1].chan4[2].buffer[1].data:Undefined
Tree[1].chan4[2].buffer[1].dirty:Undefined
Tree[1].chan4[2].buffer[2].opcode:Undefined
Tree[1].chan4[2].buffer[2].para:Undefined
Tree[1].chan4[2].buffer[2].addr:Undefined
Tree[1].chan4[2].buffer[2].data:Undefined
Tree[1].chan4[2].buffer[2].dirty:Undefined
Tree[1].chan4[2].used:0
Tree[1].chan5[1].buffer[1].opcode:Undefined
Tree[1].chan5[1].buffer[1].addr:Undefined
Tree[1].chan5[1].buffer[1].data:Undefined
Tree[1].chan5[1].buffer[1].dirty:Undefined
Tree[1].chan5[1].buffer[2].opcode:Undefined
Tree[1].chan5[1].buffer[2].addr:Undefined
Tree[1].chan5[1].buffer[2].data:Undefined
Tree[1].chan5[1].buffer[2].dirty:Undefined
Tree[1].chan5[1].used:0
Tree[1].chan5[2].buffer[1].opcode:Undefined
Tree[1].chan5[2].buffer[1].addr:Undefined
Tree[1].chan5[2].buffer[1].data:Undefined
Tree[1].chan5[2].buffer[1].dirty:Undefined
Tree[1].chan5[2].buffer[2].opcode:Undefined
Tree[1].chan5[2].buffer[2].addr:Undefined
Tree[1].chan5[2].buffer[2].data:Undefined
Tree[1].chan5[2].buffer[2].dirty:Undefined
Tree[1].chan5[2].used:0
Tree[2].cache.used:0
Tree[2].cache.line[1].addr:Undefined
Tree[2].cache.line[1].state:Undefined
Tree[2].cache.line[1].data:Undefined
Tree[2].cache.line[1].dirty:Undefined
Tree[2].cache.line[2].addr:Undefined
Tree[2].cache.line[2].state:Undefined
Tree[2].cache.line[2].data:Undefined
Tree[2].cache.line[2].dirty:Undefined
Tree[2].cache.valid[1]:0
Tree[2].cache.valid[2]:0
Tree[2].sons[1]:4
Tree[2].sons[2]:5
Tree[2].directory[1][1]:None
Tree[2].directory[1][2]:None
Tree[2].directory[2][1]:None
Tree[2].directory[2][2]:None
Tree[2].slave_pending[1][1]:Undefined
Tree[2].slave_pending[1][2]:Undefined
Tree[2].slave_pending[2][1]:Undefined
Tree[2].slave_pending[2][2]:Undefined
Tree[2].master_pending[1]:Undefined
Tree[2].master_pending[2]:Undefined
Tree[2].reqId:Undefined
Tree[2].chan1[1].buffer[1].opcode:Undefined
Tree[2].chan1[1].buffer[1].para:Undefined
Tree[2].chan1[1].buffer[1].addr:Undefined
Tree[2].chan1[1].buffer[1].data:Undefined
Tree[2].chan1[1].buffer[1].dirty:Undefined
Tree[2].chan1[1].buffer[2].opcode:Undefined
Tree[2].chan1[1].buffer[2].para:Undefined
Tree[2].chan1[1].buffer[2].addr:Undefined
Tree[2].chan1[1].buffer[2].data:Undefined
Tree[2].chan1[1].buffer[2].dirty:Undefined
Tree[2].chan1[1].used:0
Tree[2].chan1[2].buffer[1].opcode:Undefined
Tree[2].chan1[2].buffer[1].para:Undefined
Tree[2].chan1[2].buffer[1].addr:Undefined
Tree[2].chan1[2].buffer[1].data:Undefined
Tree[2].chan1[2].buffer[1].dirty:Undefined
Tree[2].chan1[2].buffer[2].opcode:Undefined
Tree[2].chan1[2].buffer[2].para:Undefined
Tree[2].chan1[2].buffer[2].addr:Undefined
Tree[2].chan1[2].buffer[2].data:Undefined
Tree[2].chan1[2].buffer[2].dirty:Undefined
Tree[2].chan1[2].used:0
Tree[2].chan2[1].buffer[1].opcode:Undefined
Tree[2].chan2[1].buffer[1].para:Undefined
Tree[2].chan2[1].buffer[1].addr:Undefined
Tree[2].chan2[1].buffer[1].data:Undefined
Tree[2].chan2[1].buffer[1].dirty:Undefined
Tree[2].chan2[1].buffer[2].opcode:Undefined
Tree[2].chan2[1].buffer[2].para:Undefined
Tree[2].chan2[1].buffer[2].addr:Undefined
Tree[2].chan2[1].buffer[2].data:Undefined
Tree[2].chan2[1].buffer[2].dirty:Undefined
Tree[2].chan2[1].used:0
Tree[2].chan2[2].buffer[1].opcode:Undefined
Tree[2].chan2[2].buffer[1].para:Undefined
Tree[2].chan2[2].buffer[1].addr:Undefined
Tree[2].chan2[2].buffer[1].data:Undefined
Tree[2].chan2[2].buffer[1].dirty:Undefined
Tree[2].chan2[2].buffer[2].opcode:Undefined
Tree[2].chan2[2].buffer[2].para:Undefined
Tree[2].chan2[2].buffer[2].addr:Undefined
Tree[2].chan2[2].buffer[2].data:Undefined
Tree[2].chan2[2].buffer[2].dirty:Undefined
Tree[2].chan2[2].used:0
Tree[2].chan3[1].buffer[1].opcode:Undefined
Tree[2].chan3[1].buffer[1].para:Undefined
Tree[2].chan3[1].buffer[1].addr:Undefined
Tree[2].chan3[1].buffer[1].data:Undefined
Tree[2].chan3[1].buffer[1].dirty:Undefined
Tree[2].chan3[1].buffer[2].opcode:Undefined
Tree[2].chan3[1].buffer[2].para:Undefined
Tree[2].chan3[1].buffer[2].addr:Undefined
Tree[2].chan3[1].buffer[2].data:Undefined
Tree[2].chan3[1].buffer[2].dirty:Undefined
Tree[2].chan3[1].used:0
Tree[2].chan3[2].buffer[1].opcode:Undefined
Tree[2].chan3[2].buffer[1].para:Undefined
Tree[2].chan3[2].buffer[1].addr:Undefined
Tree[2].chan3[2].buffer[1].data:Undefined
Tree[2].chan3[2].buffer[1].dirty:Undefined
Tree[2].chan3[2].buffer[2].opcode:Undefined
Tree[2].chan3[2].buffer[2].para:Undefined
Tree[2].chan3[2].buffer[2].addr:Undefined
Tree[2].chan3[2].buffer[2].data:Undefined
Tree[2].chan3[2].buffer[2].dirty:Undefined
Tree[2].chan3[2].used:0
Tree[2].chan4[1].buffer[1].opcode:Undefined
Tree[2].chan4[1].buffer[1].para:Undefined
Tree[2].chan4[1].buffer[1].addr:Undefined
Tree[2].chan4[1].buffer[1].data:Undefined
Tree[2].chan4[1].buffer[1].dirty:Undefined
Tree[2].chan4[1].buffer[2].opcode:Undefined
Tree[2].chan4[1].buffer[2].para:Undefined
Tree[2].chan4[1].buffer[2].addr:Undefined
Tree[2].chan4[1].buffer[2].data:Undefined
Tree[2].chan4[1].buffer[2].dirty:Undefined
Tree[2].chan4[1].used:0
Tree[2].chan4[2].buffer[1].opcode:Undefined
Tree[2].chan4[2].buffer[1].para:Undefined
Tree[2].chan4[2].buffer[1].addr:Undefined
Tree[2].chan4[2].buffer[1].data:Undefined
Tree[2].chan4[2].buffer[1].dirty:Undefined
Tree[2].chan4[2].buffer[2].opcode:Undefined
Tree[2].chan4[2].buffer[2].para:Undefined
Tree[2].chan4[2].buffer[2].addr:Undefined
Tree[2].chan4[2].buffer[2].data:Undefined
Tree[2].chan4[2].buffer[2].dirty:Undefined
Tree[2].chan4[2].used:0
Tree[2].chan5[1].buffer[1].opcode:Undefined
Tree[2].chan5[1].buffer[1].addr:Undefined
Tree[2].chan5[1].buffer[1].data:Undefined
Tree[2].chan5[1].buffer[1].dirty:Undefined
Tree[2].chan5[1].buffer[2].opcode:Undefined
Tree[2].chan5[1].buffer[2].addr:Undefined
Tree[2].chan5[1].buffer[2].data:Undefined
Tree[2].chan5[1].buffer[2].dirty:Undefined
Tree[2].chan5[1].used:0
Tree[2].chan5[2].buffer[1].opcode:Undefined
Tree[2].chan5[2].buffer[1].addr:Undefined
Tree[2].chan5[2].buffer[1].data:Undefined
Tree[2].chan5[2].buffer[1].dirty:Undefined
Tree[2].chan5[2].buffer[2].opcode:Undefined
Tree[2].chan5[2].buffer[2].addr:Undefined
Tree[2].chan5[2].buffer[2].data:Undefined
Tree[2].chan5[2].buffer[2].dirty:Undefined
Tree[2].chan5[2].used:0
Tree[3].cache.used:0
Tree[3].cache.line[1].addr:Undefined
Tree[3].cache.line[1].state:Undefined
Tree[3].cache.line[1].data:Undefined
Tree[3].cache.line[1].dirty:Undefined
Tree[3].cache.line[2].addr:Undefined
Tree[3].cache.line[2].state:Undefined
Tree[3].cache.line[2].data:Undefined
Tree[3].cache.line[2].dirty:Undefined
Tree[3].cache.valid[1]:0
Tree[3].cache.valid[2]:0
Tree[3].sons[1]:6
Tree[3].sons[2]:7
Tree[3].directory[1][1]:None
Tree[3].directory[1][2]:None
Tree[3].directory[2][1]:None
Tree[3].directory[2][2]:None
Tree[3].slave_pending[1][1]:Undefined
Tree[3].slave_pending[1][2]:Undefined
Tree[3].slave_pending[2][1]:Undefined
Tree[3].slave_pending[2][2]:Undefined
Tree[3].master_pending[1]:Undefined
Tree[3].master_pending[2]:Undefined
Tree[3].reqId:Undefined
Tree[3].chan1[1].buffer[1].opcode:Undefined
Tree[3].chan1[1].buffer[1].para:Undefined
Tree[3].chan1[1].buffer[1].addr:Undefined
Tree[3].chan1[1].buffer[1].data:Undefined
Tree[3].chan1[1].buffer[1].dirty:Undefined
Tree[3].chan1[1].buffer[2].opcode:Undefined
Tree[3].chan1[1].buffer[2].para:Undefined
Tree[3].chan1[1].buffer[2].addr:Undefined
Tree[3].chan1[1].buffer[2].data:Undefined
Tree[3].chan1[1].buffer[2].dirty:Undefined
Tree[3].chan1[1].used:0
Tree[3].chan1[2].buffer[1].opcode:Undefined
Tree[3].chan1[2].buffer[1].para:Undefined
Tree[3].chan1[2].buffer[1].addr:Undefined
Tree[3].chan1[2].buffer[1].data:Undefined
Tree[3].chan1[2].buffer[1].dirty:Undefined
Tree[3].chan1[2].buffer[2].opcode:Undefined
Tree[3].chan1[2].buffer[2].para:Undefined
Tree[3].chan1[2].buffer[2].addr:Undefined
Tree[3].chan1[2].buffer[2].data:Undefined
Tree[3].chan1[2].buffer[2].dirty:Undefined
Tree[3].chan1[2].used:0
Tree[3].chan2[1].buffer[1].opcode:Undefined
Tree[3].chan2[1].buffer[1].para:Undefined
Tree[3].chan2[1].buffer[1].addr:Undefined
Tree[3].chan2[1].buffer[1].data:Undefined
Tree[3].chan2[1].buffer[1].dirty:Undefined
Tree[3].chan2[1].buffer[2].opcode:Undefined
Tree[3].chan2[1].buffer[2].para:Undefined
Tree[3].chan2[1].buffer[2].addr:Undefined
Tree[3].chan2[1].buffer[2].data:Undefined
Tree[3].chan2[1].buffer[2].dirty:Undefined
Tree[3].chan2[1].used:0
Tree[3].chan2[2].buffer[1].opcode:Undefined
Tree[3].chan2[2].buffer[1].para:Undefined
Tree[3].chan2[2].buffer[1].addr:Undefined
Tree[3].chan2[2].buffer[1].data:Undefined
Tree[3].chan2[2].buffer[1].dirty:Undefined
Tree[3].chan2[2].buffer[2].opcode:Undefined
Tree[3].chan2[2].buffer[2].para:Undefined
Tree[3].chan2[2].buffer[2].addr:Undefined
Tree[3].chan2[2].buffer[2].data:Undefined
Tree[3].chan2[2].buffer[2].dirty:Undefined
Tree[3].chan2[2].used:0
Tree[3].chan3[1].buffer[1].opcode:Undefined
Tree[3].chan3[1].buffer[1].para:Undefined
Tree[3].chan3[1].buffer[1].addr:Undefined
Tree[3].chan3[1].buffer[1].data:Undefined
Tree[3].chan3[1].buffer[1].dirty:Undefined
Tree[3].chan3[1].buffer[2].opcode:Undefined
Tree[3].chan3[1].buffer[2].para:Undefined
Tree[3].chan3[1].buffer[2].addr:Undefined
Tree[3].chan3[1].buffer[2].data:Undefined
Tree[3].chan3[1].buffer[2].dirty:Undefined
Tree[3].chan3[1].used:0
Tree[3].chan3[2].buffer[1].opcode:Undefined
Tree[3].chan3[2].buffer[1].para:Undefined
Tree[3].chan3[2].buffer[1].addr:Undefined
Tree[3].chan3[2].buffer[1].data:Undefined
Tree[3].chan3[2].buffer[1].dirty:Undefined
Tree[3].chan3[2].buffer[2].opcode:Undefined
Tree[3].chan3[2].buffer[2].para:Undefined
Tree[3].chan3[2].buffer[2].addr:Undefined
Tree[3].chan3[2].buffer[2].data:Undefined
Tree[3].chan3[2].buffer[2].dirty:Undefined
Tree[3].chan3[2].used:0
Tree[3].chan4[1].buffer[1].opcode:Undefined
Tree[3].chan4[1].buffer[1].para:Undefined
Tree[3].chan4[1].buffer[1].addr:Undefined
Tree[3].chan4[1].buffer[1].data:Undefined
Tree[3].chan4[1].buffer[1].dirty:Undefined
Tree[3].chan4[1].buffer[2].opcode:Undefined
Tree[3].chan4[1].buffer[2].para:Undefined
Tree[3].chan4[1].buffer[2].addr:Undefined
Tree[3].chan4[1].buffer[2].data:Undefined
Tree[3].chan4[1].buffer[2].dirty:Undefined
Tree[3].chan4[1].used:0
Tree[3].chan4[2].buffer[1].opcode:Undefined
Tree[3].chan4[2].buffer[1].para:Undefined
Tree[3].chan4[2].buffer[1].addr:Undefined
Tree[3].chan4[2].buffer[1].data:Undefined
Tree[3].chan4[2].buffer[1].dirty:Undefined
Tree[3].chan4[2].buffer[2].opcode:Undefined
Tree[3].chan4[2].buffer[2].para:Undefined
Tree[3].chan4[2].buffer[2].addr:Undefined
Tree[3].chan4[2].buffer[2].data:Undefined
Tree[3].chan4[2].buffer[2].dirty:Undefined
Tree[3].chan4[2].used:0
Tree[3].chan5[1].buffer[1].opcode:Undefined
Tree[3].chan5[1].buffer[1].addr:Undefined
Tree[3].chan5[1].buffer[1].data:Undefined
Tree[3].chan5[1].buffer[1].dirty:Undefined
Tree[3].chan5[1].buffer[2].opcode:Undefined
Tree[3].chan5[1].buffer[2].addr:Undefined
Tree[3].chan5[1].buffer[2].data:Undefined
Tree[3].chan5[1].buffer[2].dirty:Undefined
Tree[3].chan5[1].used:0
Tree[3].chan5[2].buffer[1].opcode:Undefined
Tree[3].chan5[2].buffer[1].addr:Undefined
Tree[3].chan5[2].buffer[1].data:Undefined
Tree[3].chan5[2].buffer[1].dirty:Undefined
Tree[3].chan5[2].buffer[2].opcode:Undefined
Tree[3].chan5[2].buffer[2].addr:Undefined
Tree[3].chan5[2].buffer[2].data:Undefined
Tree[3].chan5[2].buffer[2].dirty:Undefined
Tree[3].chan5[2].used:0
Tree[4].cache.used:0
Tree[4].cache.line[1].addr:Undefined
Tree[4].cache.line[1].state:Undefined
Tree[4].cache.line[1].data:Undefined
Tree[4].cache.line[1].dirty:Undefined
Tree[4].cache.line[2].addr:Undefined
Tree[4].cache.line[2].state:Undefined
Tree[4].cache.line[2].data:Undefined
Tree[4].cache.line[2].dirty:Undefined
Tree[4].cache.valid[1]:0
Tree[4].cache.valid[2]:0
Tree[4].sons[1]:Undefined
Tree[4].sons[2]:Undefined
Tree[4].directory[1][1]:Undefined
Tree[4].directory[1][2]:Undefined
Tree[4].directory[2][1]:Undefined
Tree[4].directory[2][2]:Undefined
Tree[4].slave_pending[1][1]:Undefined
Tree[4].slave_pending[1][2]:Undefined
Tree[4].slave_pending[2][1]:Undefined
Tree[4].slave_pending[2][2]:Undefined
Tree[4].master_pending[1]:Undefined
Tree[4].master_pending[2]:Undefined
Tree[4].reqId:Undefined
Tree[4].chan1[1].buffer[1].opcode:Undefined
Tree[4].chan1[1].buffer[1].para:Undefined
Tree[4].chan1[1].buffer[1].addr:Undefined
Tree[4].chan1[1].buffer[1].data:Undefined
Tree[4].chan1[1].buffer[1].dirty:Undefined
Tree[4].chan1[1].buffer[2].opcode:Undefined
Tree[4].chan1[1].buffer[2].para:Undefined
Tree[4].chan1[1].buffer[2].addr:Undefined
Tree[4].chan1[1].buffer[2].data:Undefined
Tree[4].chan1[1].buffer[2].dirty:Undefined
Tree[4].chan1[1].used:Undefined
Tree[4].chan1[2].buffer[1].opcode:Undefined
Tree[4].chan1[2].buffer[1].para:Undefined
Tree[4].chan1[2].buffer[1].addr:Undefined
Tree[4].chan1[2].buffer[1].data:Undefined
Tree[4].chan1[2].buffer[1].dirty:Undefined
Tree[4].chan1[2].buffer[2].opcode:Undefined
Tree[4].chan1[2].buffer[2].para:Undefined
Tree[4].chan1[2].buffer[2].addr:Undefined
Tree[4].chan1[2].buffer[2].data:Undefined
Tree[4].chan1[2].buffer[2].dirty:Undefined
Tree[4].chan1[2].used:Undefined
Tree[4].chan2[1].buffer[1].opcode:Undefined
Tree[4].chan2[1].buffer[1].para:Undefined
Tree[4].chan2[1].buffer[1].addr:Undefined
Tree[4].chan2[1].buffer[1].data:Undefined
Tree[4].chan2[1].buffer[1].dirty:Undefined
Tree[4].chan2[1].buffer[2].opcode:Undefined
Tree[4].chan2[1].buffer[2].para:Undefined
Tree[4].chan2[1].buffer[2].addr:Undefined
Tree[4].chan2[1].buffer[2].data:Undefined
Tree[4].chan2[1].buffer[2].dirty:Undefined
Tree[4].chan2[1].used:Undefined
Tree[4].chan2[2].buffer[1].opcode:Undefined
Tree[4].chan2[2].buffer[1].para:Undefined
Tree[4].chan2[2].buffer[1].addr:Undefined
Tree[4].chan2[2].buffer[1].data:Undefined
Tree[4].chan2[2].buffer[1].dirty:Undefined
Tree[4].chan2[2].buffer[2].opcode:Undefined
Tree[4].chan2[2].buffer[2].para:Undefined
Tree[4].chan2[2].buffer[2].addr:Undefined
Tree[4].chan2[2].buffer[2].data:Undefined
Tree[4].chan2[2].buffer[2].dirty:Undefined
Tree[4].chan2[2].used:Undefined
Tree[4].chan3[1].buffer[1].opcode:Undefined
Tree[4].chan3[1].buffer[1].para:Undefined
Tree[4].chan3[1].buffer[1].addr:Undefined
Tree[4].chan3[1].buffer[1].data:Undefined
Tree[4].chan3[1].buffer[1].dirty:Undefined
Tree[4].chan3[1].buffer[2].opcode:Undefined
Tree[4].chan3[1].buffer[2].para:Undefined
Tree[4].chan3[1].buffer[2].addr:Undefined
Tree[4].chan3[1].buffer[2].data:Undefined
Tree[4].chan3[1].buffer[2].dirty:Undefined
Tree[4].chan3[1].used:Undefined
Tree[4].chan3[2].buffer[1].opcode:Undefined
Tree[4].chan3[2].buffer[1].para:Undefined
Tree[4].chan3[2].buffer[1].addr:Undefined
Tree[4].chan3[2].buffer[1].data:Undefined
Tree[4].chan3[2].buffer[1].dirty:Undefined
Tree[4].chan3[2].buffer[2].opcode:Undefined
Tree[4].chan3[2].buffer[2].para:Undefined
Tree[4].chan3[2].buffer[2].addr:Undefined
Tree[4].chan3[2].buffer[2].data:Undefined
Tree[4].chan3[2].buffer[2].dirty:Undefined
Tree[4].chan3[2].used:Undefined
Tree[4].chan4[1].buffer[1].opcode:Undefined
Tree[4].chan4[1].buffer[1].para:Undefined
Tree[4].chan4[1].buffer[1].addr:Undefined
Tree[4].chan4[1].buffer[1].data:Undefined
Tree[4].chan4[1].buffer[1].dirty:Undefined
Tree[4].chan4[1].buffer[2].opcode:Undefined
Tree[4].chan4[1].buffer[2].para:Undefined
Tree[4].chan4[1].buffer[2].addr:Undefined
Tree[4].chan4[1].buffer[2].data:Undefined
Tree[4].chan4[1].buffer[2].dirty:Undefined
Tree[4].chan4[1].used:Undefined
Tree[4].chan4[2].buffer[1].opcode:Undefined
Tree[4].chan4[2].buffer[1].para:Undefined
Tree[4].chan4[2].buffer[1].addr:Undefined
Tree[4].chan4[2].buffer[1].data:Undefined
Tree[4].chan4[2].buffer[1].dirty:Undefined
Tree[4].chan4[2].buffer[2].opcode:Undefined
Tree[4].chan4[2].buffer[2].para:Undefined
Tree[4].chan4[2].buffer[2].addr:Undefined
Tree[4].chan4[2].buffer[2].data:Undefined
Tree[4].chan4[2].buffer[2].dirty:Undefined
Tree[4].chan4[2].used:Undefined
Tree[4].chan5[1].buffer[1].opcode:Undefined
Tree[4].chan5[1].buffer[1].addr:Undefined
Tree[4].chan5[1].buffer[1].data:Undefined
Tree[4].chan5[1].buffer[1].dirty:Undefined
Tree[4].chan5[1].buffer[2].opcode:Undefined
Tree[4].chan5[1].buffer[2].addr:Undefined
Tree[4].chan5[1].buffer[2].data:Undefined
Tree[4].chan5[1].buffer[2].dirty:Undefined
Tree[4].chan5[1].used:Undefined
Tree[4].chan5[2].buffer[1].opcode:Undefined
Tree[4].chan5[2].buffer[1].addr:Undefined
Tree[4].chan5[2].buffer[1].data:Undefined
Tree[4].chan5[2].buffer[1].dirty:Undefined
Tree[4].chan5[2].buffer[2].opcode:Undefined
Tree[4].chan5[2].buffer[2].addr:Undefined
Tree[4].chan5[2].buffer[2].data:Undefined
Tree[4].chan5[2].buffer[2].dirty:Undefined
Tree[4].chan5[2].used:Undefined
Tree[5].cache.used:0
Tree[5].cache.line[1].addr:Undefined
Tree[5].cache.line[1].state:Undefined
Tree[5].cache.line[1].data:Undefined
Tree[5].cache.line[1].dirty:Undefined
Tree[5].cache.line[2].addr:Undefined
Tree[5].cache.line[2].state:Undefined
Tree[5].cache.line[2].data:Undefined
Tree[5].cache.line[2].dirty:Undefined
Tree[5].cache.valid[1]:0
Tree[5].cache.valid[2]:0
Tree[5].sons[1]:Undefined
Tree[5].sons[2]:Undefined
Tree[5].directory[1][1]:Undefined
Tree[5].directory[1][2]:Undefined
Tree[5].directory[2][1]:Undefined
Tree[5].directory[2][2]:Undefined
Tree[5].slave_pending[1][1]:Undefined
Tree[5].slave_pending[1][2]:Undefined
Tree[5].slave_pending[2][1]:Undefined
Tree[5].slave_pending[2][2]:Undefined
Tree[5].master_pending[1]:Undefined
Tree[5].master_pending[2]:Undefined
Tree[5].reqId:Undefined
Tree[5].chan1[1].buffer[1].opcode:Undefined
Tree[5].chan1[1].buffer[1].para:Undefined
Tree[5].chan1[1].buffer[1].addr:Undefined
Tree[5].chan1[1].buffer[1].data:Undefined
Tree[5].chan1[1].buffer[1].dirty:Undefined
Tree[5].chan1[1].buffer[2].opcode:Undefined
Tree[5].chan1[1].buffer[2].para:Undefined
Tree[5].chan1[1].buffer[2].addr:Undefined
Tree[5].chan1[1].buffer[2].data:Undefined
Tree[5].chan1[1].buffer[2].dirty:Undefined
Tree[5].chan1[1].used:Undefined
Tree[5].chan1[2].buffer[1].opcode:Undefined
Tree[5].chan1[2].buffer[1].para:Undefined
Tree[5].chan1[2].buffer[1].addr:Undefined
Tree[5].chan1[2].buffer[1].data:Undefined
Tree[5].chan1[2].buffer[1].dirty:Undefined
Tree[5].chan1[2].buffer[2].opcode:Undefined
Tree[5].chan1[2].buffer[2].para:Undefined
Tree[5].chan1[2].buffer[2].addr:Undefined
Tree[5].chan1[2].buffer[2].data:Undefined
Tree[5].chan1[2].buffer[2].dirty:Undefined
Tree[5].chan1[2].used:Undefined
Tree[5].chan2[1].buffer[1].opcode:Undefined
Tree[5].chan2[1].buffer[1].para:Undefined
Tree[5].chan2[1].buffer[1].addr:Undefined
Tree[5].chan2[1].buffer[1].data:Undefined
Tree[5].chan2[1].buffer[1].dirty:Undefined
Tree[5].chan2[1].buffer[2].opcode:Undefined
Tree[5].chan2[1].buffer[2].para:Undefined
Tree[5].chan2[1].buffer[2].addr:Undefined
Tree[5].chan2[1].buffer[2].data:Undefined
Tree[5].chan2[1].buffer[2].dirty:Undefined
Tree[5].chan2[1].used:Undefined
Tree[5].chan2[2].buffer[1].opcode:Undefined
Tree[5].chan2[2].buffer[1].para:Undefined
Tree[5].chan2[2].buffer[1].addr:Undefined
Tree[5].chan2[2].buffer[1].data:Undefined
Tree[5].chan2[2].buffer[1].dirty:Undefined
Tree[5].chan2[2].buffer[2].opcode:Undefined
Tree[5].chan2[2].buffer[2].para:Undefined
Tree[5].chan2[2].buffer[2].addr:Undefined
Tree[5].chan2[2].buffer[2].data:Undefined
Tree[5].chan2[2].buffer[2].dirty:Undefined
Tree[5].chan2[2].used:Undefined
Tree[5].chan3[1].buffer[1].opcode:Undefined
Tree[5].chan3[1].buffer[1].para:Undefined
Tree[5].chan3[1].buffer[1].addr:Undefined
Tree[5].chan3[1].buffer[1].data:Undefined
Tree[5].chan3[1].buffer[1].dirty:Undefined
Tree[5].chan3[1].buffer[2].opcode:Undefined
Tree[5].chan3[1].buffer[2].para:Undefined
Tree[5].chan3[1].buffer[2].addr:Undefined
Tree[5].chan3[1].buffer[2].data:Undefined
Tree[5].chan3[1].buffer[2].dirty:Undefined
Tree[5].chan3[1].used:Undefined
Tree[5].chan3[2].buffer[1].opcode:Undefined
Tree[5].chan3[2].buffer[1].para:Undefined
Tree[5].chan3[2].buffer[1].addr:Undefined
Tree[5].chan3[2].buffer[1].data:Undefined
Tree[5].chan3[2].buffer[1].dirty:Undefined
Tree[5].chan3[2].buffer[2].opcode:Undefined
Tree[5].chan3[2].buffer[2].para:Undefined
Tree[5].chan3[2].buffer[2].addr:Undefined
Tree[5].chan3[2].buffer[2].data:Undefined
Tree[5].chan3[2].buffer[2].dirty:Undefined
Tree[5].chan3[2].used:Undefined
Tree[5].chan4[1].buffer[1].opcode:Undefined
Tree[5].chan4[1].buffer[1].para:Undefined
Tree[5].chan4[1].buffer[1].addr:Undefined
Tree[5].chan4[1].buffer[1].data:Undefined
Tree[5].chan4[1].buffer[1].dirty:Undefined
Tree[5].chan4[1].buffer[2].opcode:Undefined
Tree[5].chan4[1].buffer[2].para:Undefined
Tree[5].chan4[1].buffer[2].addr:Undefined
Tree[5].chan4[1].buffer[2].data:Undefined
Tree[5].chan4[1].buffer[2].dirty:Undefined
Tree[5].chan4[1].used:Undefined
Tree[5].chan4[2].buffer[1].opcode:Undefined
Tree[5].chan4[2].buffer[1].para:Undefined
Tree[5].chan4[2].buffer[1].addr:Undefined
Tree[5].chan4[2].buffer[1].data:Undefined
Tree[5].chan4[2].buffer[1].dirty:Undefined
Tree[5].chan4[2].buffer[2].opcode:Undefined
Tree[5].chan4[2].buffer[2].para:Undefined
Tree[5].chan4[2].buffer[2].addr:Undefined
Tree[5].chan4[2].buffer[2].data:Undefined
Tree[5].chan4[2].buffer[2].dirty:Undefined
Tree[5].chan4[2].used:Undefined
Tree[5].chan5[1].buffer[1].opcode:Undefined
Tree[5].chan5[1].buffer[1].addr:Undefined
Tree[5].chan5[1].buffer[1].data:Undefined
Tree[5].chan5[1].buffer[1].dirty:Undefined
Tree[5].chan5[1].buffer[2].opcode:Undefined
Tree[5].chan5[1].buffer[2].addr:Undefined
Tree[5].chan5[1].buffer[2].data:Undefined
Tree[5].chan5[1].buffer[2].dirty:Undefined
Tree[5].chan5[1].used:Undefined
Tree[5].chan5[2].buffer[1].opcode:Undefined
Tree[5].chan5[2].buffer[1].addr:Undefined
Tree[5].chan5[2].buffer[1].data:Undefined
Tree[5].chan5[2].buffer[1].dirty:Undefined
Tree[5].chan5[2].buffer[2].opcode:Undefined
Tree[5].chan5[2].buffer[2].addr:Undefined
Tree[5].chan5[2].buffer[2].data:Undefined
Tree[5].chan5[2].buffer[2].dirty:Undefined
Tree[5].chan5[2].used:Undefined
Tree[6].cache.used:0
Tree[6].cache.line[1].addr:Undefined
Tree[6].cache.line[1].state:Undefined
Tree[6].cache.line[1].data:Undefined
Tree[6].cache.line[1].dirty:Undefined
Tree[6].cache.line[2].addr:Undefined
Tree[6].cache.line[2].state:Undefined
Tree[6].cache.line[2].data:Undefined
Tree[6].cache.line[2].dirty:Undefined
Tree[6].cache.valid[1]:0
Tree[6].cache.valid[2]:0
Tree[6].sons[1]:Undefined
Tree[6].sons[2]:Undefined
Tree[6].directory[1][1]:Undefined
Tree[6].directory[1][2]:Undefined
Tree[6].directory[2][1]:Undefined
Tree[6].directory[2][2]:Undefined
Tree[6].slave_pending[1][1]:Undefined
Tree[6].slave_pending[1][2]:Undefined
Tree[6].slave_pending[2][1]:Undefined
Tree[6].slave_pending[2][2]:Undefined
Tree[6].master_pending[1]:Undefined
Tree[6].master_pending[2]:Undefined
Tree[6].reqId:Undefined
Tree[6].chan1[1].buffer[1].opcode:Undefined
Tree[6].chan1[1].buffer[1].para:Undefined
Tree[6].chan1[1].buffer[1].addr:Undefined
Tree[6].chan1[1].buffer[1].data:Undefined
Tree[6].chan1[1].buffer[1].dirty:Undefined
Tree[6].chan1[1].buffer[2].opcode:Undefined
Tree[6].chan1[1].buffer[2].para:Undefined
Tree[6].chan1[1].buffer[2].addr:Undefined
Tree[6].chan1[1].buffer[2].data:Undefined
Tree[6].chan1[1].buffer[2].dirty:Undefined
Tree[6].chan1[1].used:Undefined
Tree[6].chan1[2].buffer[1].opcode:Undefined
Tree[6].chan1[2].buffer[1].para:Undefined
Tree[6].chan1[2].buffer[1].addr:Undefined
Tree[6].chan1[2].buffer[1].data:Undefined
Tree[6].chan1[2].buffer[1].dirty:Undefined
Tree[6].chan1[2].buffer[2].opcode:Undefined
Tree[6].chan1[2].buffer[2].para:Undefined
Tree[6].chan1[2].buffer[2].addr:Undefined
Tree[6].chan1[2].buffer[2].data:Undefined
Tree[6].chan1[2].buffer[2].dirty:Undefined
Tree[6].chan1[2].used:Undefined
Tree[6].chan2[1].buffer[1].opcode:Undefined
Tree[6].chan2[1].buffer[1].para:Undefined
Tree[6].chan2[1].buffer[1].addr:Undefined
Tree[6].chan2[1].buffer[1].data:Undefined
Tree[6].chan2[1].buffer[1].dirty:Undefined
Tree[6].chan2[1].buffer[2].opcode:Undefined
Tree[6].chan2[1].buffer[2].para:Undefined
Tree[6].chan2[1].buffer[2].addr:Undefined
Tree[6].chan2[1].buffer[2].data:Undefined
Tree[6].chan2[1].buffer[2].dirty:Undefined
Tree[6].chan2[1].used:Undefined
Tree[6].chan2[2].buffer[1].opcode:Undefined
Tree[6].chan2[2].buffer[1].para:Undefined
Tree[6].chan2[2].buffer[1].addr:Undefined
Tree[6].chan2[2].buffer[1].data:Undefined
Tree[6].chan2[2].buffer[1].dirty:Undefined
Tree[6].chan2[2].buffer[2].opcode:Undefined
Tree[6].chan2[2].buffer[2].para:Undefined
Tree[6].chan2[2].buffer[2].addr:Undefined
Tree[6].chan2[2].buffer[2].data:Undefined
Tree[6].chan2[2].buffer[2].dirty:Undefined
Tree[6].chan2[2].used:Undefined
Tree[6].chan3[1].buffer[1].opcode:Undefined
Tree[6].chan3[1].buffer[1].para:Undefined
Tree[6].chan3[1].buffer[1].addr:Undefined
Tree[6].chan3[1].buffer[1].data:Undefined
Tree[6].chan3[1].buffer[1].dirty:Undefined
Tree[6].chan3[1].buffer[2].opcode:Undefined
Tree[6].chan3[1].buffer[2].para:Undefined
Tree[6].chan3[1].buffer[2].addr:Undefined
Tree[6].chan3[1].buffer[2].data:Undefined
Tree[6].chan3[1].buffer[2].dirty:Undefined
Tree[6].chan3[1].used:Undefined
Tree[6].chan3[2].buffer[1].opcode:Undefined
Tree[6].chan3[2].buffer[1].para:Undefined
Tree[6].chan3[2].buffer[1].addr:Undefined
Tree[6].chan3[2].buffer[1].data:Undefined
Tree[6].chan3[2].buffer[1].dirty:Undefined
Tree[6].chan3[2].buffer[2].opcode:Undefined
Tree[6].chan3[2].buffer[2].para:Undefined
Tree[6].chan3[2].buffer[2].addr:Undefined
Tree[6].chan3[2].buffer[2].data:Undefined
Tree[6].chan3[2].buffer[2].dirty:Undefined
Tree[6].chan3[2].used:Undefined
Tree[6].chan4[1].buffer[1].opcode:Undefined
Tree[6].chan4[1].buffer[1].para:Undefined
Tree[6].chan4[1].buffer[1].addr:Undefined
Tree[6].chan4[1].buffer[1].data:Undefined
Tree[6].chan4[1].buffer[1].dirty:Undefined
Tree[6].chan4[1].buffer[2].opcode:Undefined
Tree[6].chan4[1].buffer[2].para:Undefined
Tree[6].chan4[1].buffer[2].addr:Undefined
Tree[6].chan4[1].buffer[2].data:Undefined
Tree[6].chan4[1].buffer[2].dirty:Undefined
Tree[6].chan4[1].used:Undefined
Tree[6].chan4[2].buffer[1].opcode:Undefined
Tree[6].chan4[2].buffer[1].para:Undefined
Tree[6].chan4[2].buffer[1].addr:Undefined
Tree[6].chan4[2].buffer[1].data:Undefined
Tree[6].chan4[2].buffer[1].dirty:Undefined
Tree[6].chan4[2].buffer[2].opcode:Undefined
Tree[6].chan4[2].buffer[2].para:Undefined
Tree[6].chan4[2].buffer[2].addr:Undefined
Tree[6].chan4[2].buffer[2].data:Undefined
Tree[6].chan4[2].buffer[2].dirty:Undefined
Tree[6].chan4[2].used:Undefined
Tree[6].chan5[1].buffer[1].opcode:Undefined
Tree[6].chan5[1].buffer[1].addr:Undefined
Tree[6].chan5[1].buffer[1].data:Undefined
Tree[6].chan5[1].buffer[1].dirty:Undefined
Tree[6].chan5[1].buffer[2].opcode:Undefined
Tree[6].chan5[1].buffer[2].addr:Undefined
Tree[6].chan5[1].buffer[2].data:Undefined
Tree[6].chan5[1].buffer[2].dirty:Undefined
Tree[6].chan5[1].used:Undefined
Tree[6].chan5[2].buffer[1].opcode:Undefined
Tree[6].chan5[2].buffer[1].addr:Undefined
Tree[6].chan5[2].buffer[1].data:Undefined
Tree[6].chan5[2].buffer[1].dirty:Undefined
Tree[6].chan5[2].buffer[2].opcode:Undefined
Tree[6].chan5[2].buffer[2].addr:Undefined
Tree[6].chan5[2].buffer[2].data:Undefined
Tree[6].chan5[2].buffer[2].dirty:Undefined
Tree[6].chan5[2].used:Undefined
Tree[7].cache.used:0
Tree[7].cache.line[1].addr:Undefined
Tree[7].cache.line[1].state:Undefined
Tree[7].cache.line[1].data:Undefined
Tree[7].cache.line[1].dirty:Undefined
Tree[7].cache.line[2].addr:Undefined
Tree[7].cache.line[2].state:Undefined
Tree[7].cache.line[2].data:Undefined
Tree[7].cache.line[2].dirty:Undefined
Tree[7].cache.valid[1]:0
Tree[7].cache.valid[2]:0
Tree[7].sons[1]:Undefined
Tree[7].sons[2]:Undefined
Tree[7].directory[1][1]:Undefined
Tree[7].directory[1][2]:Undefined
Tree[7].directory[2][1]:Undefined
Tree[7].directory[2][2]:Undefined
Tree[7].slave_pending[1][1]:Undefined
Tree[7].slave_pending[1][2]:Undefined
Tree[7].slave_pending[2][1]:Undefined
Tree[7].slave_pending[2][2]:Undefined
Tree[7].master_pending[1]:Undefined
Tree[7].master_pending[2]:Undefined
Tree[7].reqId:Undefined
Tree[7].chan1[1].buffer[1].opcode:Undefined
Tree[7].chan1[1].buffer[1].para:Undefined
Tree[7].chan1[1].buffer[1].addr:Undefined
Tree[7].chan1[1].buffer[1].data:Undefined
Tree[7].chan1[1].buffer[1].dirty:Undefined
Tree[7].chan1[1].buffer[2].opcode:Undefined
Tree[7].chan1[1].buffer[2].para:Undefined
Tree[7].chan1[1].buffer[2].addr:Undefined
Tree[7].chan1[1].buffer[2].data:Undefined
Tree[7].chan1[1].buffer[2].dirty:Undefined
Tree[7].chan1[1].used:Undefined
Tree[7].chan1[2].buffer[1].opcode:Undefined
Tree[7].chan1[2].buffer[1].para:Undefined
Tree[7].chan1[2].buffer[1].addr:Undefined
Tree[7].chan1[2].buffer[1].data:Undefined
Tree[7].chan1[2].buffer[1].dirty:Undefined
Tree[7].chan1[2].buffer[2].opcode:Undefined
Tree[7].chan1[2].buffer[2].para:Undefined
Tree[7].chan1[2].buffer[2].addr:Undefined
Tree[7].chan1[2].buffer[2].data:Undefined
Tree[7].chan1[2].buffer[2].dirty:Undefined
Tree[7].chan1[2].used:Undefined
Tree[7].chan2[1].buffer[1].opcode:Undefined
Tree[7].chan2[1].buffer[1].para:Undefined
Tree[7].chan2[1].buffer[1].addr:Undefined
Tree[7].chan2[1].buffer[1].data:Undefined
Tree[7].chan2[1].buffer[1].dirty:Undefined
Tree[7].chan2[1].buffer[2].opcode:Undefined
Tree[7].chan2[1].buffer[2].para:Undefined
Tree[7].chan2[1].buffer[2].addr:Undefined
Tree[7].chan2[1].buffer[2].data:Undefined
Tree[7].chan2[1].buffer[2].dirty:Undefined
Tree[7].chan2[1].used:Undefined
Tree[7].chan2[2].buffer[1].opcode:Undefined
Tree[7].chan2[2].buffer[1].para:Undefined
Tree[7].chan2[2].buffer[1].addr:Undefined
Tree[7].chan2[2].buffer[1].data:Undefined
Tree[7].chan2[2].buffer[1].dirty:Undefined
Tree[7].chan2[2].buffer[2].opcode:Undefined
Tree[7].chan2[2].buffer[2].para:Undefined
Tree[7].chan2[2].buffer[2].addr:Undefined
Tree[7].chan2[2].buffer[2].data:Undefined
Tree[7].chan2[2].buffer[2].dirty:Undefined
Tree[7].chan2[2].used:Undefined
Tree[7].chan3[1].buffer[1].opcode:Undefined
Tree[7].chan3[1].buffer[1].para:Undefined
Tree[7].chan3[1].buffer[1].addr:Undefined
Tree[7].chan3[1].buffer[1].data:Undefined
Tree[7].chan3[1].buffer[1].dirty:Undefined
Tree[7].chan3[1].buffer[2].opcode:Undefined
Tree[7].chan3[1].buffer[2].para:Undefined
Tree[7].chan3[1].buffer[2].addr:Undefined
Tree[7].chan3[1].buffer[2].data:Undefined
Tree[7].chan3[1].buffer[2].dirty:Undefined
Tree[7].chan3[1].used:Undefined
Tree[7].chan3[2].buffer[1].opcode:Undefined
Tree[7].chan3[2].buffer[1].para:Undefined
Tree[7].chan3[2].buffer[1].addr:Undefined
Tree[7].chan3[2].buffer[1].data:Undefined
Tree[7].chan3[2].buffer[1].dirty:Undefined
Tree[7].chan3[2].buffer[2].opcode:Undefined
Tree[7].chan3[2].buffer[2].para:Undefined
Tree[7].chan3[2].buffer[2].addr:Undefined
Tree[7].chan3[2].buffer[2].data:Undefined
Tree[7].chan3[2].buffer[2].dirty:Undefined
Tree[7].chan3[2].used:Undefined
Tree[7].chan4[1].buffer[1].opcode:Undefined
Tree[7].chan4[1].buffer[1].para:Undefined
Tree[7].chan4[1].buffer[1].addr:Undefined
Tree[7].chan4[1].buffer[1].data:Undefined
Tree[7].chan4[1].buffer[1].dirty:Undefined
Tree[7].chan4[1].buffer[2].opcode:Undefined
Tree[7].chan4[1].buffer[2].para:Undefined
Tree[7].chan4[1].buffer[2].addr:Undefined
Tree[7].chan4[1].buffer[2].data:Undefined
Tree[7].chan4[1].buffer[2].dirty:Undefined
Tree[7].chan4[1].used:Undefined
Tree[7].chan4[2].buffer[1].opcode:Undefined
Tree[7].chan4[2].buffer[1].para:Undefined
Tree[7].chan4[2].buffer[1].addr:Undefined
Tree[7].chan4[2].buffer[1].data:Undefined
Tree[7].chan4[2].buffer[1].dirty:Undefined
Tree[7].chan4[2].buffer[2].opcode:Undefined
Tree[7].chan4[2].buffer[2].para:Undefined
Tree[7].chan4[2].buffer[2].addr:Undefined
Tree[7].chan4[2].buffer[2].data:Undefined
Tree[7].chan4[2].buffer[2].dirty:Undefined
Tree[7].chan4[2].used:Undefined
Tree[7].chan5[1].buffer[1].opcode:Undefined
Tree[7].chan5[1].buffer[1].addr:Undefined
Tree[7].chan5[1].buffer[1].data:Undefined
Tree[7].chan5[1].buffer[1].dirty:Undefined
Tree[7].chan5[1].buffer[2].opcode:Undefined
Tree[7].chan5[1].buffer[2].addr:Undefined
Tree[7].chan5[1].buffer[2].data:Undefined
Tree[7].chan5[1].buffer[2].dirty:Undefined
Tree[7].chan5[1].used:Undefined
Tree[7].chan5[2].buffer[1].opcode:Undefined
Tree[7].chan5[2].buffer[1].addr:Undefined
Tree[7].chan5[2].buffer[1].data:Undefined
Tree[7].chan5[2].buffer[1].dirty:Undefined
Tree[7].chan5[2].buffer[2].opcode:Undefined
Tree[7].chan5[2].buffer[2].addr:Undefined
Tree[7].chan5[2].buffer[2].data:Undefined
Tree[7].chan5[2].buffer[2].dirty:Undefined
Tree[7].chan5[2].used:Undefined
memData[1]:dataType_2
memData[2]:dataType_2
auxData[1]:dataType_2
auxData[2]:dataType_2

------------- Show a heuristic value: ------------------
3

------------- Show Initstate: ------------------
Tree[1].cache.used:0
Tree[1].cache.line[1].addr:Undefined
Tree[1].cache.line[1].state:Undefined
Tree[1].cache.line[1].data:Undefined
Tree[1].cache.line[1].dirty:Undefined
Tree[1].cache.line[2].addr:Undefined
Tree[1].cache.line[2].state:Undefined
Tree[1].cache.line[2].data:Undefined
Tree[1].cache.line[2].dirty:Undefined
Tree[1].cache.valid[1]:0
Tree[1].cache.valid[2]:0
Tree[1].sons[1]:2
Tree[1].sons[2]:3
Tree[1].directory[1][1]:None
Tree[1].directory[1][2]:None
Tree[1].directory[2][1]:None
Tree[1].directory[2][2]:None
Tree[1].slave_pending[1][1]:Undefined
Tree[1].slave_pending[1][2]:Undefined
Tree[1].slave_pending[2][1]:Undefined
Tree[1].slave_pending[2][2]:Undefined
Tree[1].master_pending[1]:Undefined
Tree[1].master_pending[2]:Undefined
Tree[1].reqId:Undefined
Tree[1].chan1[1].buffer[1].opcode:Undefined
Tree[1].chan1[1].buffer[1].para:Undefined
Tree[1].chan1[1].buffer[1].addr:Undefined
Tree[1].chan1[1].buffer[1].data:Undefined
Tree[1].chan1[1].buffer[1].dirty:Undefined
Tree[1].chan1[1].buffer[2].opcode:Undefined
Tree[1].chan1[1].buffer[2].para:Undefined
Tree[1].chan1[1].buffer[2].addr:Undefined
Tree[1].chan1[1].buffer[2].data:Undefined
Tree[1].chan1[1].buffer[2].dirty:Undefined
Tree[1].chan1[1].used:0
Tree[1].chan1[2].buffer[1].opcode:Undefined
Tree[1].chan1[2].buffer[1].para:Undefined
Tree[1].chan1[2].buffer[1].addr:Undefined
Tree[1].chan1[2].buffer[1].data:Undefined
Tree[1].chan1[2].buffer[1].dirty:Undefined
Tree[1].chan1[2].buffer[2].opcode:Undefined
Tree[1].chan1[2].buffer[2].para:Undefined
Tree[1].chan1[2].buffer[2].addr:Undefined
Tree[1].chan1[2].buffer[2].data:Undefined
Tree[1].chan1[2].buffer[2].dirty:Undefined
Tree[1].chan1[2].used:0
Tree[1].chan2[1].buffer[1].opcode:Undefined
Tree[1].chan2[1].buffer[1].para:Undefined
Tree[1].chan2[1].buffer[1].addr:Undefined
Tree[1].chan2[1].buffer[1].data:Undefined
Tree[1].chan2[1].buffer[1].dirty:Undefined
Tree[1].chan2[1].buffer[2].opcode:Undefined
Tree[1].chan2[1].buffer[2].para:Undefined
Tree[1].chan2[1].buffer[2].addr:Undefined
Tree[1].chan2[1].buffer[2].data:Undefined
Tree[1].chan2[1].buffer[2].dirty:Undefined
Tree[1].chan2[1].used:0
Tree[1].chan2[2].buffer[1].opcode:Undefined
Tree[1].chan2[2].buffer[1].para:Undefined
Tree[1].chan2[2].buffer[1].addr:Undefined
Tree[1].chan2[2].buffer[1].data:Undefined
Tree[1].chan2[2].buffer[1].dirty:Undefined
Tree[1].chan2[2].buffer[2].opcode:Undefined
Tree[1].chan2[2].buffer[2].para:Undefined
Tree[1].chan2[2].buffer[2].addr:Undefined
Tree[1].chan2[2].buffer[2].data:Undefined
Tree[1].chan2[2].buffer[2].dirty:Undefined
Tree[1].chan2[2].used:0
Tree[1].chan3[1].buffer[1].opcode:Undefined
Tree[1].chan3[1].buffer[1].para:Undefined
Tree[1].chan3[1].buffer[1].addr:Undefined
Tree[1].chan3[1].buffer[1].data:Undefined
Tree[1].chan3[1].buffer[1].dirty:Undefined
Tree[1].chan3[1].buffer[2].opcode:Undefined
Tree[1].chan3[1].buffer[2].para:Undefined
Tree[1].chan3[1].buffer[2].addr:Undefined
Tree[1].chan3[1].buffer[2].data:Undefined
Tree[1].chan3[1].buffer[2].dirty:Undefined
Tree[1].chan3[1].used:0
Tree[1].chan3[2].buffer[1].opcode:Undefined
Tree[1].chan3[2].buffer[1].para:Undefined
Tree[1].chan3[2].buffer[1].addr:Undefined
Tree[1].chan3[2].buffer[1].data:Undefined
Tree[1].chan3[2].buffer[1].dirty:Undefined
Tree[1].chan3[2].buffer[2].opcode:Undefined
Tree[1].chan3[2].buffer[2].para:Undefined
Tree[1].chan3[2].buffer[2].addr:Undefined
Tree[1].chan3[2].buffer[2].data:Undefined
Tree[1].chan3[2].buffer[2].dirty:Undefined
Tree[1].chan3[2].used:0
Tree[1].chan4[1].buffer[1].opcode:Undefined
Tree[1].chan4[1].buffer[1].para:Undefined
Tree[1].chan4[1].buffer[1].addr:Undefined
Tree[1].chan4[1].buffer[1].data:Undefined
Tree[1].chan4[1].buffer[1].dirty:Undefined
Tree[1].chan4[1].buffer[2].opcode:Undefined
Tree[1].chan4[1].buffer[2].para:Undefined
Tree[1].chan4[1].buffer[2].addr:Undefined
Tree[1].chan4[1].buffer[2].data:Undefined
Tree[1].chan4[1].buffer[2].dirty:Undefined
Tree[1].chan4[1].used:0
Tree[1].chan4[2].buffer[1].opcode:Undefined
Tree[1].chan4[2].buffer[1].para:Undefined
Tree[1].chan4[2].buffer[1].addr:Undefined
Tree[1].chan4[2].buffer[1].data:Undefined
Tree[1].chan4[2].buffer[1].dirty:Undefined
Tree[1].chan4[2].buffer[2].opcode:Undefined
Tree[1].chan4[2].buffer[2].para:Undefined
Tree[1].chan4[2].buffer[2].addr:Undefined
Tree[1].chan4[2].buffer[2].data:Undefined
Tree[1].chan4[2].buffer[2].dirty:Undefined
Tree[1].chan4[2].used:0
Tree[1].chan5[1].buffer[1].opcode:Undefined
Tree[1].chan5[1].buffer[1].addr:Undefined
Tree[1].chan5[1].buffer[1].data:Undefined
Tree[1].chan5[1].buffer[1].dirty:Undefined
Tree[1].chan5[1].buffer[2].opcode:Undefined
Tree[1].chan5[1].buffer[2].addr:Undefined
Tree[1].chan5[1].buffer[2].data:Undefined
Tree[1].chan5[1].buffer[2].dirty:Undefined
Tree[1].chan5[1].used:0
Tree[1].chan5[2].buffer[1].opcode:Undefined
Tree[1].chan5[2].buffer[1].addr:Undefined
Tree[1].chan5[2].buffer[1].data:Undefined
Tree[1].chan5[2].buffer[1].dirty:Undefined
Tree[1].chan5[2].buffer[2].opcode:Undefined
Tree[1].chan5[2].buffer[2].addr:Undefined
Tree[1].chan5[2].buffer[2].data:Undefined
Tree[1].chan5[2].buffer[2].dirty:Undefined
Tree[1].chan5[2].used:0
Tree[2].cache.used:0
Tree[2].cache.line[1].addr:Undefined
Tree[2].cache.line[1].state:Undefined
Tree[2].cache.line[1].data:Undefined
Tree[2].cache.line[1].dirty:Undefined
Tree[2].cache.line[2].addr:Undefined
Tree[2].cache.line[2].state:Undefined
Tree[2].cache.line[2].data:Undefined
Tree[2].cache.line[2].dirty:Undefined
Tree[2].cache.valid[1]:0
Tree[2].cache.valid[2]:0
Tree[2].sons[1]:4
Tree[2].sons[2]:5
Tree[2].directory[1][1]:None
Tree[2].directory[1][2]:None
Tree[2].directory[2][1]:None
Tree[2].directory[2][2]:None
Tree[2].slave_pending[1][1]:Undefined
Tree[2].slave_pending[1][2]:Undefined
Tree[2].slave_pending[2][1]:Undefined
Tree[2].slave_pending[2][2]:Undefined
Tree[2].master_pending[1]:Undefined
Tree[2].master_pending[2]:Undefined
Tree[2].reqId:Undefined
Tree[2].chan1[1].buffer[1].opcode:Undefined
Tree[2].chan1[1].buffer[1].para:Undefined
Tree[2].chan1[1].buffer[1].addr:Undefined
Tree[2].chan1[1].buffer[1].data:Undefined
Tree[2].chan1[1].buffer[1].dirty:Undefined
Tree[2].chan1[1].buffer[2].opcode:Undefined
Tree[2].chan1[1].buffer[2].para:Undefined
Tree[2].chan1[1].buffer[2].addr:Undefined
Tree[2].chan1[1].buffer[2].data:Undefined
Tree[2].chan1[1].buffer[2].dirty:Undefined
Tree[2].chan1[1].used:0
Tree[2].chan1[2].buffer[1].opcode:Undefined
Tree[2].chan1[2].buffer[1].para:Undefined
Tree[2].chan1[2].buffer[1].addr:Undefined
Tree[2].chan1[2].buffer[1].data:Undefined
Tree[2].chan1[2].buffer[1].dirty:Undefined
Tree[2].chan1[2].buffer[2].opcode:Undefined
Tree[2].chan1[2].buffer[2].para:Undefined
Tree[2].chan1[2].buffer[2].addr:Undefined
Tree[2].chan1[2].buffer[2].data:Undefined
Tree[2].chan1[2].buffer[2].dirty:Undefined
Tree[2].chan1[2].used:0
Tree[2].chan2[1].buffer[1].opcode:Undefined
Tree[2].chan2[1].buffer[1].para:Undefined
Tree[2].chan2[1].buffer[1].addr:Undefined
Tree[2].chan2[1].buffer[1].data:Undefined
Tree[2].chan2[1].buffer[1].dirty:Undefined
Tree[2].chan2[1].buffer[2].opcode:Undefined
Tree[2].chan2[1].buffer[2].para:Undefined
Tree[2].chan2[1].buffer[2].addr:Undefined
Tree[2].chan2[1].buffer[2].data:Undefined
Tree[2].chan2[1].buffer[2].dirty:Undefined
Tree[2].chan2[1].used:0
Tree[2].chan2[2].buffer[1].opcode:Undefined
Tree[2].chan2[2].buffer[1].para:Undefined
Tree[2].chan2[2].buffer[1].addr:Undefined
Tree[2].chan2[2].buffer[1].data:Undefined
Tree[2].chan2[2].buffer[1].dirty:Undefined
Tree[2].chan2[2].buffer[2].opcode:Undefined
Tree[2].chan2[2].buffer[2].para:Undefined
Tree[2].chan2[2].buffer[2].addr:Undefined
Tree[2].chan2[2].buffer[2].data:Undefined
Tree[2].chan2[2].buffer[2].dirty:Undefined
Tree[2].chan2[2].used:0
Tree[2].chan3[1].buffer[1].opcode:Undefined
Tree[2].chan3[1].buffer[1].para:Undefined
Tree[2].chan3[1].buffer[1].addr:Undefined
Tree[2].chan3[1].buffer[1].data:Undefined
Tree[2].chan3[1].buffer[1].dirty:Undefined
Tree[2].chan3[1].buffer[2].opcode:Undefined
Tree[2].chan3[1].buffer[2].para:Undefined
Tree[2].chan3[1].buffer[2].addr:Undefined
Tree[2].chan3[1].buffer[2].data:Undefined
Tree[2].chan3[1].buffer[2].dirty:Undefined
Tree[2].chan3[1].used:0
Tree[2].chan3[2].buffer[1].opcode:Undefined
Tree[2].chan3[2].buffer[1].para:Undefined
Tree[2].chan3[2].buffer[1].addr:Undefined
Tree[2].chan3[2].buffer[1].data:Undefined
Tree[2].chan3[2].buffer[1].dirty:Undefined
Tree[2].chan3[2].buffer[2].opcode:Undefined
Tree[2].chan3[2].buffer[2].para:Undefined
Tree[2].chan3[2].buffer[2].addr:Undefined
Tree[2].chan3[2].buffer[2].data:Undefined
Tree[2].chan3[2].buffer[2].dirty:Undefined
Tree[2].chan3[2].used:0
Tree[2].chan4[1].buffer[1].opcode:Undefined
Tree[2].chan4[1].buffer[1].para:Undefined
Tree[2].chan4[1].buffer[1].addr:Undefined
Tree[2].chan4[1].buffer[1].data:Undefined
Tree[2].chan4[1].buffer[1].dirty:Undefined
Tree[2].chan4[1].buffer[2].opcode:Undefined
Tree[2].chan4[1].buffer[2].para:Undefined
Tree[2].chan4[1].buffer[2].addr:Undefined
Tree[2].chan4[1].buffer[2].data:Undefined
Tree[2].chan4[1].buffer[2].dirty:Undefined
Tree[2].chan4[1].used:0
Tree[2].chan4[2].buffer[1].opcode:Undefined
Tree[2].chan4[2].buffer[1].para:Undefined
Tree[2].chan4[2].buffer[1].addr:Undefined
Tree[2].chan4[2].buffer[1].data:Undefined
Tree[2].chan4[2].buffer[1].dirty:Undefined
Tree[2].chan4[2].buffer[2].opcode:Undefined
Tree[2].chan4[2].buffer[2].para:Undefined
Tree[2].chan4[2].buffer[2].addr:Undefined
Tree[2].chan4[2].buffer[2].data:Undefined
Tree[2].chan4[2].buffer[2].dirty:Undefined
Tree[2].chan4[2].used:0
Tree[2].chan5[1].buffer[1].opcode:Undefined
Tree[2].chan5[1].buffer[1].addr:Undefined
Tree[2].chan5[1].buffer[1].data:Undefined
Tree[2].chan5[1].buffer[1].dirty:Undefined
Tree[2].chan5[1].buffer[2].opcode:Undefined
Tree[2].chan5[1].buffer[2].addr:Undefined
Tree[2].chan5[1].buffer[2].data:Undefined
Tree[2].chan5[1].buffer[2].dirty:Undefined
Tree[2].chan5[1].used:0
Tree[2].chan5[2].buffer[1].opcode:Undefined
Tree[2].chan5[2].buffer[1].addr:Undefined
Tree[2].chan5[2].buffer[1].data:Undefined
Tree[2].chan5[2].buffer[1].dirty:Undefined
Tree[2].chan5[2].buffer[2].opcode:Undefined
Tree[2].chan5[2].buffer[2].addr:Undefined
Tree[2].chan5[2].buffer[2].data:Undefined
Tree[2].chan5[2].buffer[2].dirty:Undefined
Tree[2].chan5[2].used:0
Tree[3].cache.used:0
Tree[3].cache.line[1].addr:Undefined
Tree[3].cache.line[1].state:Undefined
Tree[3].cache.line[1].data:Undefined
Tree[3].cache.line[1].dirty:Undefined
Tree[3].cache.line[2].addr:Undefined
Tree[3].cache.line[2].state:Undefined
Tree[3].cache.line[2].data:Undefined
Tree[3].cache.line[2].dirty:Undefined
Tree[3].cache.valid[1]:0
Tree[3].cache.valid[2]:0
Tree[3].sons[1]:6
Tree[3].sons[2]:7
Tree[3].directory[1][1]:None
Tree[3].directory[1][2]:None
Tree[3].directory[2][1]:None
Tree[3].directory[2][2]:None
Tree[3].slave_pending[1][1]:Undefined
Tree[3].slave_pending[1][2]:Undefined
Tree[3].slave_pending[2][1]:Undefined
Tree[3].slave_pending[2][2]:Undefined
Tree[3].master_pending[1]:Undefined
Tree[3].master_pending[2]:Undefined
Tree[3].reqId:Undefined
Tree[3].chan1[1].buffer[1].opcode:Undefined
Tree[3].chan1[1].buffer[1].para:Undefined
Tree[3].chan1[1].buffer[1].addr:Undefined
Tree[3].chan1[1].buffer[1].data:Undefined
Tree[3].chan1[1].buffer[1].dirty:Undefined
Tree[3].chan1[1].buffer[2].opcode:Undefined
Tree[3].chan1[1].buffer[2].para:Undefined
Tree[3].chan1[1].buffer[2].addr:Undefined
Tree[3].chan1[1].buffer[2].data:Undefined
Tree[3].chan1[1].buffer[2].dirty:Undefined
Tree[3].chan1[1].used:0
Tree[3].chan1[2].buffer[1].opcode:Undefined
Tree[3].chan1[2].buffer[1].para:Undefined
Tree[3].chan1[2].buffer[1].addr:Undefined
Tree[3].chan1[2].buffer[1].data:Undefined
Tree[3].chan1[2].buffer[1].dirty:Undefined
Tree[3].chan1[2].buffer[2].opcode:Undefined
Tree[3].chan1[2].buffer[2].para:Undefined
Tree[3].chan1[2].buffer[2].addr:Undefined
Tree[3].chan1[2].buffer[2].data:Undefined
Tree[3].chan1[2].buffer[2].dirty:Undefined
Tree[3].chan1[2].used:0
Tree[3].chan2[1].buffer[1].opcode:Undefined
Tree[3].chan2[1].buffer[1].para:Undefined
Tree[3].chan2[1].buffer[1].addr:Undefined
Tree[3].chan2[1].buffer[1].data:Undefined
Tree[3].chan2[1].buffer[1].dirty:Undefined
Tree[3].chan2[1].buffer[2].opcode:Undefined
Tree[3].chan2[1].buffer[2].para:Undefined
Tree[3].chan2[1].buffer[2].addr:Undefined
Tree[3].chan2[1].buffer[2].data:Undefined
Tree[3].chan2[1].buffer[2].dirty:Undefined
Tree[3].chan2[1].used:0
Tree[3].chan2[2].buffer[1].opcode:Undefined
Tree[3].chan2[2].buffer[1].para:Undefined
Tree[3].chan2[2].buffer[1].addr:Undefined
Tree[3].chan2[2].buffer[1].data:Undefined
Tree[3].chan2[2].buffer[1].dirty:Undefined
Tree[3].chan2[2].buffer[2].opcode:Undefined
Tree[3].chan2[2].buffer[2].para:Undefined
Tree[3].chan2[2].buffer[2].addr:Undefined
Tree[3].chan2[2].buffer[2].data:Undefined
Tree[3].chan2[2].buffer[2].dirty:Undefined
Tree[3].chan2[2].used:0
Tree[3].chan3[1].buffer[1].opcode:Undefined
Tree[3].chan3[1].buffer[1].para:Undefined
Tree[3].chan3[1].buffer[1].addr:Undefined
Tree[3].chan3[1].buffer[1].data:Undefined
Tree[3].chan3[1].buffer[1].dirty:Undefined
Tree[3].chan3[1].buffer[2].opcode:Undefined
Tree[3].chan3[1].buffer[2].para:Undefined
Tree[3].chan3[1].buffer[2].addr:Undefined
Tree[3].chan3[1].buffer[2].data:Undefined
Tree[3].chan3[1].buffer[2].dirty:Undefined
Tree[3].chan3[1].used:0
Tree[3].chan3[2].buffer[1].opcode:Undefined
Tree[3].chan3[2].buffer[1].para:Undefined
Tree[3].chan3[2].buffer[1].addr:Undefined
Tree[3].chan3[2].buffer[1].data:Undefined
Tree[3].chan3[2].buffer[1].dirty:Undefined
Tree[3].chan3[2].buffer[2].opcode:Undefined
Tree[3].chan3[2].buffer[2].para:Undefined
Tree[3].chan3[2].buffer[2].addr:Undefined
Tree[3].chan3[2].buffer[2].data:Undefined
Tree[3].chan3[2].buffer[2].dirty:Undefined
Tree[3].chan3[2].used:0
Tree[3].chan4[1].buffer[1].opcode:Undefined
Tree[3].chan4[1].buffer[1].para:Undefined
Tree[3].chan4[1].buffer[1].addr:Undefined
Tree[3].chan4[1].buffer[1].data:Undefined
Tree[3].chan4[1].buffer[1].dirty:Undefined
Tree[3].chan4[1].buffer[2].opcode:Undefined
Tree[3].chan4[1].buffer[2].para:Undefined
Tree[3].chan4[1].buffer[2].addr:Undefined
Tree[3].chan4[1].buffer[2].data:Undefined
Tree[3].chan4[1].buffer[2].dirty:Undefined
Tree[3].chan4[1].used:0
Tree[3].chan4[2].buffer[1].opcode:Undefined
Tree[3].chan4[2].buffer[1].para:Undefined
Tree[3].chan4[2].buffer[1].addr:Undefined
Tree[3].chan4[2].buffer[1].data:Undefined
Tree[3].chan4[2].buffer[1].dirty:Undefined
Tree[3].chan4[2].buffer[2].opcode:Undefined
Tree[3].chan4[2].buffer[2].para:Undefined
Tree[3].chan4[2].buffer[2].addr:Undefined
Tree[3].chan4[2].buffer[2].data:Undefined
Tree[3].chan4[2].buffer[2].dirty:Undefined
Tree[3].chan4[2].used:0
Tree[3].chan5[1].buffer[1].opcode:Undefined
Tree[3].chan5[1].buffer[1].addr:Undefined
Tree[3].chan5[1].buffer[1].data:Undefined
Tree[3].chan5[1].buffer[1].dirty:Undefined
Tree[3].chan5[1].buffer[2].opcode:Undefined
Tree[3].chan5[1].buffer[2].addr:Undefined
Tree[3].chan5[1].buffer[2].data:Undefined
Tree[3].chan5[1].buffer[2].dirty:Undefined
Tree[3].chan5[1].used:0
Tree[3].chan5[2].buffer[1].opcode:Undefined
Tree[3].chan5[2].buffer[1].addr:Undefined
Tree[3].chan5[2].buffer[1].data:Undefined
Tree[3].chan5[2].buffer[1].dirty:Undefined
Tree[3].chan5[2].buffer[2].opcode:Undefined
Tree[3].chan5[2].buffer[2].addr:Undefined
Tree[3].chan5[2].buffer[2].data:Undefined
Tree[3].chan5[2].buffer[2].dirty:Undefined
Tree[3].chan5[2].used:0
Tree[4].cache.used:0
Tree[4].cache.line[1].addr:Undefined
Tree[4].cache.line[1].state:Undefined
Tree[4].cache.line[1].data:Undefined
Tree[4].cache.line[1].dirty:Undefined
Tree[4].cache.line[2].addr:Undefined
Tree[4].cache.line[2].state:Undefined
Tree[4].cache.line[2].data:Undefined
Tree[4].cache.line[2].dirty:Undefined
Tree[4].cache.valid[1]:0
Tree[4].cache.valid[2]:0
Tree[4].sons[1]:Undefined
Tree[4].sons[2]:Undefined
Tree[4].directory[1][1]:Undefined
Tree[4].directory[1][2]:Undefined
Tree[4].directory[2][1]:Undefined
Tree[4].directory[2][2]:Undefined
Tree[4].slave_pending[1][1]:Undefined
Tree[4].slave_pending[1][2]:Undefined
Tree[4].slave_pending[2][1]:Undefined
Tree[4].slave_pending[2][2]:Undefined
Tree[4].master_pending[1]:Undefined
Tree[4].master_pending[2]:Undefined
Tree[4].reqId:Undefined
Tree[4].chan1[1].buffer[1].opcode:Undefined
Tree[4].chan1[1].buffer[1].para:Undefined
Tree[4].chan1[1].buffer[1].addr:Undefined
Tree[4].chan1[1].buffer[1].data:Undefined
Tree[4].chan1[1].buffer[1].dirty:Undefined
Tree[4].chan1[1].buffer[2].opcode:Undefined
Tree[4].chan1[1].buffer[2].para:Undefined
Tree[4].chan1[1].buffer[2].addr:Undefined
Tree[4].chan1[1].buffer[2].data:Undefined
Tree[4].chan1[1].buffer[2].dirty:Undefined
Tree[4].chan1[1].used:Undefined
Tree[4].chan1[2].buffer[1].opcode:Undefined
Tree[4].chan1[2].buffer[1].para:Undefined
Tree[4].chan1[2].buffer[1].addr:Undefined
Tree[4].chan1[2].buffer[1].data:Undefined
Tree[4].chan1[2].buffer[1].dirty:Undefined
Tree[4].chan1[2].buffer[2].opcode:Undefined
Tree[4].chan1[2].buffer[2].para:Undefined
Tree[4].chan1[2].buffer[2].addr:Undefined
Tree[4].chan1[2].buffer[2].data:Undefined
Tree[4].chan1[2].buffer[2].dirty:Undefined
Tree[4].chan1[2].used:Undefined
Tree[4].chan2[1].buffer[1].opcode:Undefined
Tree[4].chan2[1].buffer[1].para:Undefined
Tree[4].chan2[1].buffer[1].addr:Undefined
Tree[4].chan2[1].buffer[1].data:Undefined
Tree[4].chan2[1].buffer[1].dirty:Undefined
Tree[4].chan2[1].buffer[2].opcode:Undefined
Tree[4].chan2[1].buffer[2].para:Undefined
Tree[4].chan2[1].buffer[2].addr:Undefined
Tree[4].chan2[1].buffer[2].data:Undefined
Tree[4].chan2[1].buffer[2].dirty:Undefined
Tree[4].chan2[1].used:Undefined
Tree[4].chan2[2].buffer[1].opcode:Undefined
Tree[4].chan2[2].buffer[1].para:Undefined
Tree[4].chan2[2].buffer[1].addr:Undefined
Tree[4].chan2[2].buffer[1].data:Undefined
Tree[4].chan2[2].buffer[1].dirty:Undefined
Tree[4].chan2[2].buffer[2].opcode:Undefined
Tree[4].chan2[2].buffer[2].para:Undefined
Tree[4].chan2[2].buffer[2].addr:Undefined
Tree[4].chan2[2].buffer[2].data:Undefined
Tree[4].chan2[2].buffer[2].dirty:Undefined
Tree[4].chan2[2].used:Undefined
Tree[4].chan3[1].buffer[1].opcode:Undefined
Tree[4].chan3[1].buffer[1].para:Undefined
Tree[4].chan3[1].buffer[1].addr:Undefined
Tree[4].chan3[1].buffer[1].data:Undefined
Tree[4].chan3[1].buffer[1].dirty:Undefined
Tree[4].chan3[1].buffer[2].opcode:Undefined
Tree[4].chan3[1].buffer[2].para:Undefined
Tree[4].chan3[1].buffer[2].addr:Undefined
Tree[4].chan3[1].buffer[2].data:Undefined
Tree[4].chan3[1].buffer[2].dirty:Undefined
Tree[4].chan3[1].used:Undefined
Tree[4].chan3[2].buffer[1].opcode:Undefined
Tree[4].chan3[2].buffer[1].para:Undefined
Tree[4].chan3[2].buffer[1].addr:Undefined
Tree[4].chan3[2].buffer[1].data:Undefined
Tree[4].chan3[2].buffer[1].dirty:Undefined
Tree[4].chan3[2].buffer[2].opcode:Undefined
Tree[4].chan3[2].buffer[2].para:Undefined
Tree[4].chan3[2].buffer[2].addr:Undefined
Tree[4].chan3[2].buffer[2].data:Undefined
Tree[4].chan3[2].buffer[2].dirty:Undefined
Tree[4].chan3[2].used:Undefined
Tree[4].chan4[1].buffer[1].opcode:Undefined
Tree[4].chan4[1].buffer[1].para:Undefined
Tree[4].chan4[1].buffer[1].addr:Undefined
Tree[4].chan4[1].buffer[1].data:Undefined
Tree[4].chan4[1].buffer[1].dirty:Undefined
Tree[4].chan4[1].buffer[2].opcode:Undefined
Tree[4].chan4[1].buffer[2].para:Undefined
Tree[4].chan4[1].buffer[2].addr:Undefined
Tree[4].chan4[1].buffer[2].data:Undefined
Tree[4].chan4[1].buffer[2].dirty:Undefined
Tree[4].chan4[1].used:Undefined
Tree[4].chan4[2].buffer[1].opcode:Undefined
Tree[4].chan4[2].buffer[1].para:Undefined
Tree[4].chan4[2].buffer[1].addr:Undefined
Tree[4].chan4[2].buffer[1].data:Undefined
Tree[4].chan4[2].buffer[1].dirty:Undefined
Tree[4].chan4[2].buffer[2].opcode:Undefined
Tree[4].chan4[2].buffer[2].para:Undefined
Tree[4].chan4[2].buffer[2].addr:Undefined
Tree[4].chan4[2].buffer[2].data:Undefined
Tree[4].chan4[2].buffer[2].dirty:Undefined
Tree[4].chan4[2].used:Undefined
Tree[4].chan5[1].buffer[1].opcode:Undefined
Tree[4].chan5[1].buffer[1].addr:Undefined
Tree[4].chan5[1].buffer[1].data:Undefined
Tree[4].chan5[1].buffer[1].dirty:Undefined
Tree[4].chan5[1].buffer[2].opcode:Undefined
Tree[4].chan5[1].buffer[2].addr:Undefined
Tree[4].chan5[1].buffer[2].data:Undefined
Tree[4].chan5[1].buffer[2].dirty:Undefined
Tree[4].chan5[1].used:Undefined
Tree[4].chan5[2].buffer[1].opcode:Undefined
Tree[4].chan5[2].buffer[1].addr:Undefined
Tree[4].chan5[2].buffer[1].data:Undefined
Tree[4].chan5[2].buffer[1].dirty:Undefined
Tree[4].chan5[2].buffer[2].opcode:Undefined
Tree[4].chan5[2].buffer[2].addr:Undefined
Tree[4].chan5[2].buffer[2].data:Undefined
Tree[4].chan5[2].buffer[2].dirty:Undefined
Tree[4].chan5[2].used:Undefined
Tree[5].cache.used:0
Tree[5].cache.line[1].addr:Undefined
Tree[5].cache.line[1].state:Undefined
Tree[5].cache.line[1].data:Undefined
Tree[5].cache.line[1].dirty:Undefined
Tree[5].cache.line[2].addr:Undefined
Tree[5].cache.line[2].state:Undefined
Tree[5].cache.line[2].data:Undefined
Tree[5].cache.line[2].dirty:Undefined
Tree[5].cache.valid[1]:0
Tree[5].cache.valid[2]:0
Tree[5].sons[1]:Undefined
Tree[5].sons[2]:Undefined
Tree[5].directory[1][1]:Undefined
Tree[5].directory[1][2]:Undefined
Tree[5].directory[2][1]:Undefined
Tree[5].directory[2][2]:Undefined
Tree[5].slave_pending[1][1]:Undefined
Tree[5].slave_pending[1][2]:Undefined
Tree[5].slave_pending[2][1]:Undefined
Tree[5].slave_pending[2][2]:Undefined
Tree[5].master_pending[1]:Undefined
Tree[5].master_pending[2]:Undefined
Tree[5].reqId:Undefined
Tree[5].chan1[1].buffer[1].opcode:Undefined
Tree[5].chan1[1].buffer[1].para:Undefined
Tree[5].chan1[1].buffer[1].addr:Undefined
Tree[5].chan1[1].buffer[1].data:Undefined
Tree[5].chan1[1].buffer[1].dirty:Undefined
Tree[5].chan1[1].buffer[2].opcode:Undefined
Tree[5].chan1[1].buffer[2].para:Undefined
Tree[5].chan1[1].buffer[2].addr:Undefined
Tree[5].chan1[1].buffer[2].data:Undefined
Tree[5].chan1[1].buffer[2].dirty:Undefined
Tree[5].chan1[1].used:Undefined
Tree[5].chan1[2].buffer[1].opcode:Undefined
Tree[5].chan1[2].buffer[1].para:Undefined
Tree[5].chan1[2].buffer[1].addr:Undefined
Tree[5].chan1[2].buffer[1].data:Undefined
Tree[5].chan1[2].buffer[1].dirty:Undefined
Tree[5].chan1[2].buffer[2].opcode:Undefined
Tree[5].chan1[2].buffer[2].para:Undefined
Tree[5].chan1[2].buffer[2].addr:Undefined
Tree[5].chan1[2].buffer[2].data:Undefined
Tree[5].chan1[2].buffer[2].dirty:Undefined
Tree[5].chan1[2].used:Undefined
Tree[5].chan2[1].buffer[1].opcode:Undefined
Tree[5].chan2[1].buffer[1].para:Undefined
Tree[5].chan2[1].buffer[1].addr:Undefined
Tree[5].chan2[1].buffer[1].data:Undefined
Tree[5].chan2[1].buffer[1].dirty:Undefined
Tree[5].chan2[1].buffer[2].opcode:Undefined
Tree[5].chan2[1].buffer[2].para:Undefined
Tree[5].chan2[1].buffer[2].addr:Undefined
Tree[5].chan2[1].buffer[2].data:Undefined
Tree[5].chan2[1].buffer[2].dirty:Undefined
Tree[5].chan2[1].used:Undefined
Tree[5].chan2[2].buffer[1].opcode:Undefined
Tree[5].chan2[2].buffer[1].para:Undefined
Tree[5].chan2[2].buffer[1].addr:Undefined
Tree[5].chan2[2].buffer[1].data:Undefined
Tree[5].chan2[2].buffer[1].dirty:Undefined
Tree[5].chan2[2].buffer[2].opcode:Undefined
Tree[5].chan2[2].buffer[2].para:Undefined
Tree[5].chan2[2].buffer[2].addr:Undefined
Tree[5].chan2[2].buffer[2].data:Undefined
Tree[5].chan2[2].buffer[2].dirty:Undefined
Tree[5].chan2[2].used:Undefined
Tree[5].chan3[1].buffer[1].opcode:Undefined
Tree[5].chan3[1].buffer[1].para:Undefined
Tree[5].chan3[1].buffer[1].addr:Undefined
Tree[5].chan3[1].buffer[1].data:Undefined
Tree[5].chan3[1].buffer[1].dirty:Undefined
Tree[5].chan3[1].buffer[2].opcode:Undefined
Tree[5].chan3[1].buffer[2].para:Undefined
Tree[5].chan3[1].buffer[2].addr:Undefined
Tree[5].chan3[1].buffer[2].data:Undefined
Tree[5].chan3[1].buffer[2].dirty:Undefined
Tree[5].chan3[1].used:Undefined
Tree[5].chan3[2].buffer[1].opcode:Undefined
Tree[5].chan3[2].buffer[1].para:Undefined
Tree[5].chan3[2].buffer[1].addr:Undefined
Tree[5].chan3[2].buffer[1].data:Undefined
Tree[5].chan3[2].buffer[1].dirty:Undefined
Tree[5].chan3[2].buffer[2].opcode:Undefined
Tree[5].chan3[2].buffer[2].para:Undefined
Tree[5].chan3[2].buffer[2].addr:Undefined
Tree[5].chan3[2].buffer[2].data:Undefined
Tree[5].chan3[2].buffer[2].dirty:Undefined
Tree[5].chan3[2].used:Undefined
Tree[5].chan4[1].buffer[1].opcode:Undefined
Tree[5].chan4[1].buffer[1].para:Undefined
Tree[5].chan4[1].buffer[1].addr:Undefined
Tree[5].chan4[1].buffer[1].data:Undefined
Tree[5].chan4[1].buffer[1].dirty:Undefined
Tree[5].chan4[1].buffer[2].opcode:Undefined
Tree[5].chan4[1].buffer[2].para:Undefined
Tree[5].chan4[1].buffer[2].addr:Undefined
Tree[5].chan4[1].buffer[2].data:Undefined
Tree[5].chan4[1].buffer[2].dirty:Undefined
Tree[5].chan4[1].used:Undefined
Tree[5].chan4[2].buffer[1].opcode:Undefined
Tree[5].chan4[2].buffer[1].para:Undefined
Tree[5].chan4[2].buffer[1].addr:Undefined
Tree[5].chan4[2].buffer[1].data:Undefined
Tree[5].chan4[2].buffer[1].dirty:Undefined
Tree[5].chan4[2].buffer[2].opcode:Undefined
Tree[5].chan4[2].buffer[2].para:Undefined
Tree[5].chan4[2].buffer[2].addr:Undefined
Tree[5].chan4[2].buffer[2].data:Undefined
Tree[5].chan4[2].buffer[2].dirty:Undefined
Tree[5].chan4[2].used:Undefined
Tree[5].chan5[1].buffer[1].opcode:Undefined
Tree[5].chan5[1].buffer[1].addr:Undefined
Tree[5].chan5[1].buffer[1].data:Undefined
Tree[5].chan5[1].buffer[1].dirty:Undefined
Tree[5].chan5[1].buffer[2].opcode:Undefined
Tree[5].chan5[1].buffer[2].addr:Undefined
Tree[5].chan5[1].buffer[2].data:Undefined
Tree[5].chan5[1].buffer[2].dirty:Undefined
Tree[5].chan5[1].used:Undefined
Tree[5].chan5[2].buffer[1].opcode:Undefined
Tree[5].chan5[2].buffer[1].addr:Undefined
Tree[5].chan5[2].buffer[1].data:Undefined
Tree[5].chan5[2].buffer[1].dirty:Undefined
Tree[5].chan5[2].buffer[2].opcode:Undefined
Tree[5].chan5[2].buffer[2].addr:Undefined
Tree[5].chan5[2].buffer[2].data:Undefined
Tree[5].chan5[2].buffer[2].dirty:Undefined
Tree[5].chan5[2].used:Undefined
Tree[6].cache.used:0
Tree[6].cache.line[1].addr:Undefined
Tree[6].cache.line[1].state:Undefined
Tree[6].cache.line[1].data:Undefined
Tree[6].cache.line[1].dirty:Undefined
Tree[6].cache.line[2].addr:Undefined
Tree[6].cache.line[2].state:Undefined
Tree[6].cache.line[2].data:Undefined
Tree[6].cache.line[2].dirty:Undefined
Tree[6].cache.valid[1]:0
Tree[6].cache.valid[2]:0
Tree[6].sons[1]:Undefined
Tree[6].sons[2]:Undefined
Tree[6].directory[1][1]:Undefined
Tree[6].directory[1][2]:Undefined
Tree[6].directory[2][1]:Undefined
Tree[6].directory[2][2]:Undefined
Tree[6].slave_pending[1][1]:Undefined
Tree[6].slave_pending[1][2]:Undefined
Tree[6].slave_pending[2][1]:Undefined
Tree[6].slave_pending[2][2]:Undefined
Tree[6].master_pending[1]:Undefined
Tree[6].master_pending[2]:Undefined
Tree[6].reqId:Undefined
Tree[6].chan1[1].buffer[1].opcode:Undefined
Tree[6].chan1[1].buffer[1].para:Undefined
Tree[6].chan1[1].buffer[1].addr:Undefined
Tree[6].chan1[1].buffer[1].data:Undefined
Tree[6].chan1[1].buffer[1].dirty:Undefined
Tree[6].chan1[1].buffer[2].opcode:Undefined
Tree[6].chan1[1].buffer[2].para:Undefined
Tree[6].chan1[1].buffer[2].addr:Undefined
Tree[6].chan1[1].buffer[2].data:Undefined
Tree[6].chan1[1].buffer[2].dirty:Undefined
Tree[6].chan1[1].used:Undefined
Tree[6].chan1[2].buffer[1].opcode:Undefined
Tree[6].chan1[2].buffer[1].para:Undefined
Tree[6].chan1[2].buffer[1].addr:Undefined
Tree[6].chan1[2].buffer[1].data:Undefined
Tree[6].chan1[2].buffer[1].dirty:Undefined
Tree[6].chan1[2].buffer[2].opcode:Undefined
Tree[6].chan1[2].buffer[2].para:Undefined
Tree[6].chan1[2].buffer[2].addr:Undefined
Tree[6].chan1[2].buffer[2].data:Undefined
Tree[6].chan1[2].buffer[2].dirty:Undefined
Tree[6].chan1[2].used:Undefined
Tree[6].chan2[1].buffer[1].opcode:Undefined
Tree[6].chan2[1].buffer[1].para:Undefined
Tree[6].chan2[1].buffer[1].addr:Undefined
Tree[6].chan2[1].buffer[1].data:Undefined
Tree[6].chan2[1].buffer[1].dirty:Undefined
Tree[6].chan2[1].buffer[2].opcode:Undefined
Tree[6].chan2[1].buffer[2].para:Undefined
Tree[6].chan2[1].buffer[2].addr:Undefined
Tree[6].chan2[1].buffer[2].data:Undefined
Tree[6].chan2[1].buffer[2].dirty:Undefined
Tree[6].chan2[1].used:Undefined
Tree[6].chan2[2].buffer[1].opcode:Undefined
Tree[6].chan2[2].buffer[1].para:Undefined
Tree[6].chan2[2].buffer[1].addr:Undefined
Tree[6].chan2[2].buffer[1].data:Undefined
Tree[6].chan2[2].buffer[1].dirty:Undefined
Tree[6].chan2[2].buffer[2].opcode:Undefined
Tree[6].chan2[2].buffer[2].para:Undefined
Tree[6].chan2[2].buffer[2].addr:Undefined
Tree[6].chan2[2].buffer[2].data:Undefined
Tree[6].chan2[2].buffer[2].dirty:Undefined
Tree[6].chan2[2].used:Undefined
Tree[6].chan3[1].buffer[1].opcode:Undefined
Tree[6].chan3[1].buffer[1].para:Undefined
Tree[6].chan3[1].buffer[1].addr:Undefined
Tree[6].chan3[1].buffer[1].data:Undefined
Tree[6].chan3[1].buffer[1].dirty:Undefined
Tree[6].chan3[1].buffer[2].opcode:Undefined
Tree[6].chan3[1].buffer[2].para:Undefined
Tree[6].chan3[1].buffer[2].addr:Undefined
Tree[6].chan3[1].buffer[2].data:Undefined
Tree[6].chan3[1].buffer[2].dirty:Undefined
Tree[6].chan3[1].used:Undefined
Tree[6].chan3[2].buffer[1].opcode:Undefined
Tree[6].chan3[2].buffer[1].para:Undefined
Tree[6].chan3[2].buffer[1].addr:Undefined
Tree[6].chan3[2].buffer[1].data:Undefined
Tree[6].chan3[2].buffer[1].dirty:Undefined
Tree[6].chan3[2].buffer[2].opcode:Undefined
Tree[6].chan3[2].buffer[2].para:Undefined
Tree[6].chan3[2].buffer[2].addr:Undefined
Tree[6].chan3[2].buffer[2].data:Undefined
Tree[6].chan3[2].buffer[2].dirty:Undefined
Tree[6].chan3[2].used:Undefined
Tree[6].chan4[1].buffer[1].opcode:Undefined
Tree[6].chan4[1].buffer[1].para:Undefined
Tree[6].chan4[1].buffer[1].addr:Undefined
Tree[6].chan4[1].buffer[1].data:Undefined
Tree[6].chan4[1].buffer[1].dirty:Undefined
Tree[6].chan4[1].buffer[2].opcode:Undefined
Tree[6].chan4[1].buffer[2].para:Undefined
Tree[6].chan4[1].buffer[2].addr:Undefined
Tree[6].chan4[1].buffer[2].data:Undefined
Tree[6].chan4[1].buffer[2].dirty:Undefined
Tree[6].chan4[1].used:Undefined
Tree[6].chan4[2].buffer[1].opcode:Undefined
Tree[6].chan4[2].buffer[1].para:Undefined
Tree[6].chan4[2].buffer[1].addr:Undefined
Tree[6].chan4[2].buffer[1].data:Undefined
Tree[6].chan4[2].buffer[1].dirty:Undefined
Tree[6].chan4[2].buffer[2].opcode:Undefined
Tree[6].chan4[2].buffer[2].para:Undefined
Tree[6].chan4[2].buffer[2].addr:Undefined
Tree[6].chan4[2].buffer[2].data:Undefined
Tree[6].chan4[2].buffer[2].dirty:Undefined
Tree[6].chan4[2].used:Undefined
Tree[6].chan5[1].buffer[1].opcode:Undefined
Tree[6].chan5[1].buffer[1].addr:Undefined
Tree[6].chan5[1].buffer[1].data:Undefined
Tree[6].chan5[1].buffer[1].dirty:Undefined
Tree[6].chan5[1].buffer[2].opcode:Undefined
Tree[6].chan5[1].buffer[2].addr:Undefined
Tree[6].chan5[1].buffer[2].data:Undefined
Tree[6].chan5[1].buffer[2].dirty:Undefined
Tree[6].chan5[1].used:Undefined
Tree[6].chan5[2].buffer[1].opcode:Undefined
Tree[6].chan5[2].buffer[1].addr:Undefined
Tree[6].chan5[2].buffer[1].data:Undefined
Tree[6].chan5[2].buffer[1].dirty:Undefined
Tree[6].chan5[2].buffer[2].opcode:Undefined
Tree[6].chan5[2].buffer[2].addr:Undefined
Tree[6].chan5[2].buffer[2].data:Undefined
Tree[6].chan5[2].buffer[2].dirty:Undefined
Tree[6].chan5[2].used:Undefined
Tree[7].cache.used:0
Tree[7].cache.line[1].addr:Undefined
Tree[7].cache.line[1].state:Undefined
Tree[7].cache.line[1].data:Undefined
Tree[7].cache.line[1].dirty:Undefined
Tree[7].cache.line[2].addr:Undefined
Tree[7].cache.line[2].state:Undefined
Tree[7].cache.line[2].data:Undefined
Tree[7].cache.line[2].dirty:Undefined
Tree[7].cache.valid[1]:0
Tree[7].cache.valid[2]:0
Tree[7].sons[1]:Undefined
Tree[7].sons[2]:Undefined
Tree[7].directory[1][1]:Undefined
Tree[7].directory[1][2]:Undefined
Tree[7].directory[2][1]:Undefined
Tree[7].directory[2][2]:Undefined
Tree[7].slave_pending[1][1]:Undefined
Tree[7].slave_pending[1][2]:Undefined
Tree[7].slave_pending[2][1]:Undefined
Tree[7].slave_pending[2][2]:Undefined
Tree[7].master_pending[1]:Undefined
Tree[7].master_pending[2]:Undefined
Tree[7].reqId:Undefined
Tree[7].chan1[1].buffer[1].opcode:Undefined
Tree[7].chan1[1].buffer[1].para:Undefined
Tree[7].chan1[1].buffer[1].addr:Undefined
Tree[7].chan1[1].buffer[1].data:Undefined
Tree[7].chan1[1].buffer[1].dirty:Undefined
Tree[7].chan1[1].buffer[2].opcode:Undefined
Tree[7].chan1[1].buffer[2].para:Undefined
Tree[7].chan1[1].buffer[2].addr:Undefined
Tree[7].chan1[1].buffer[2].data:Undefined
Tree[7].chan1[1].buffer[2].dirty:Undefined
Tree[7].chan1[1].used:Undefined
Tree[7].chan1[2].buffer[1].opcode:Undefined
Tree[7].chan1[2].buffer[1].para:Undefined
Tree[7].chan1[2].buffer[1].addr:Undefined
Tree[7].chan1[2].buffer[1].data:Undefined
Tree[7].chan1[2].buffer[1].dirty:Undefined
Tree[7].chan1[2].buffer[2].opcode:Undefined
Tree[7].chan1[2].buffer[2].para:Undefined
Tree[7].chan1[2].buffer[2].addr:Undefined
Tree[7].chan1[2].buffer[2].data:Undefined
Tree[7].chan1[2].buffer[2].dirty:Undefined
Tree[7].chan1[2].used:Undefined
Tree[7].chan2[1].buffer[1].opcode:Undefined
Tree[7].chan2[1].buffer[1].para:Undefined
Tree[7].chan2[1].buffer[1].addr:Undefined
Tree[7].chan2[1].buffer[1].data:Undefined
Tree[7].chan2[1].buffer[1].dirty:Undefined
Tree[7].chan2[1].buffer[2].opcode:Undefined
Tree[7].chan2[1].buffer[2].para:Undefined
Tree[7].chan2[1].buffer[2].addr:Undefined
Tree[7].chan2[1].buffer[2].data:Undefined
Tree[7].chan2[1].buffer[2].dirty:Undefined
Tree[7].chan2[1].used:Undefined
Tree[7].chan2[2].buffer[1].opcode:Undefined
Tree[7].chan2[2].buffer[1].para:Undefined
Tree[7].chan2[2].buffer[1].addr:Undefined
Tree[7].chan2[2].buffer[1].data:Undefined
Tree[7].chan2[2].buffer[1].dirty:Undefined
Tree[7].chan2[2].buffer[2].opcode:Undefined
Tree[7].chan2[2].buffer[2].para:Undefined
Tree[7].chan2[2].buffer[2].addr:Undefined
Tree[7].chan2[2].buffer[2].data:Undefined
Tree[7].chan2[2].buffer[2].dirty:Undefined
Tree[7].chan2[2].used:Undefined
Tree[7].chan3[1].buffer[1].opcode:Undefined
Tree[7].chan3[1].buffer[1].para:Undefined
Tree[7].chan3[1].buffer[1].addr:Undefined
Tree[7].chan3[1].buffer[1].data:Undefined
Tree[7].chan3[1].buffer[1].dirty:Undefined
Tree[7].chan3[1].buffer[2].opcode:Undefined
Tree[7].chan3[1].buffer[2].para:Undefined
Tree[7].chan3[1].buffer[2].addr:Undefined
Tree[7].chan3[1].buffer[2].data:Undefined
Tree[7].chan3[1].buffer[2].dirty:Undefined
Tree[7].chan3[1].used:Undefined
Tree[7].chan3[2].buffer[1].opcode:Undefined
Tree[7].chan3[2].buffer[1].para:Undefined
Tree[7].chan3[2].buffer[1].addr:Undefined
Tree[7].chan3[2].buffer[1].data:Undefined
Tree[7].chan3[2].buffer[1].dirty:Undefined
Tree[7].chan3[2].buffer[2].opcode:Undefined
Tree[7].chan3[2].buffer[2].para:Undefined
Tree[7].chan3[2].buffer[2].addr:Undefined
Tree[7].chan3[2].buffer[2].data:Undefined
Tree[7].chan3[2].buffer[2].dirty:Undefined
Tree[7].chan3[2].used:Undefined
Tree[7].chan4[1].buffer[1].opcode:Undefined
Tree[7].chan4[1].buffer[1].para:Undefined
Tree[7].chan4[1].buffer[1].addr:Undefined
Tree[7].chan4[1].buffer[1].data:Undefined
Tree[7].chan4[1].buffer[1].dirty:Undefined
Tree[7].chan4[1].buffer[2].opcode:Undefined
Tree[7].chan4[1].buffer[2].para:Undefined
Tree[7].chan4[1].buffer[2].addr:Undefined
Tree[7].chan4[1].buffer[2].data:Undefined
Tree[7].chan4[1].buffer[2].dirty:Undefined
Tree[7].chan4[1].used:Undefined
Tree[7].chan4[2].buffer[1].opcode:Undefined
Tree[7].chan4[2].buffer[1].para:Undefined
Tree[7].chan4[2].buffer[1].addr:Undefined
Tree[7].chan4[2].buffer[1].data:Undefined
Tree[7].chan4[2].buffer[1].dirty:Undefined
Tree[7].chan4[2].buffer[2].opcode:Undefined
Tree[7].chan4[2].buffer[2].para:Undefined
Tree[7].chan4[2].buffer[2].addr:Undefined
Tree[7].chan4[2].buffer[2].data:Undefined
Tree[7].chan4[2].buffer[2].dirty:Undefined
Tree[7].chan4[2].used:Undefined
Tree[7].chan5[1].buffer[1].opcode:Undefined
Tree[7].chan5[1].buffer[1].addr:Undefined
Tree[7].chan5[1].buffer[1].data:Undefined
Tree[7].chan5[1].buffer[1].dirty:Undefined
Tree[7].chan5[1].buffer[2].opcode:Undefined
Tree[7].chan5[1].buffer[2].addr:Undefined
Tree[7].chan5[1].buffer[2].data:Undefined
Tree[7].chan5[1].buffer[2].dirty:Undefined
Tree[7].chan5[1].used:Undefined
Tree[7].chan5[2].buffer[1].opcode:Undefined
Tree[7].chan5[2].buffer[1].addr:Undefined
Tree[7].chan5[2].buffer[1].data:Undefined
Tree[7].chan5[2].buffer[1].dirty:Undefined
Tree[7].chan5[2].buffer[2].opcode:Undefined
Tree[7].chan5[2].buffer[2].addr:Undefined
Tree[7].chan5[2].buffer[2].data:Undefined
Tree[7].chan5[2].buffer[2].dirty:Undefined
Tree[7].chan5[2].used:Undefined
memData[1]:dataType_2
memData[2]:dataType_2
auxData[1]:dataType_2
auxData[2]:dataType_2

===== Startstates generated! =====

Progress Report:

	100000 states explored in 14.78s, with 249658 rules fired and 68973 states in the queue.
====== Now the openlist is cut off! ======
	200000 states explored in 22.62s, with 486633 rules fired and 51696 states in the queue.
====== Now the openlist is cut off! ======
	300000 states explored in 29.80s, with 704647 rules fired and 37509 states in the queue.
====== Now the openlist is cut off! ======
	400000 states explored in 37.27s, with 924595 rules fired and 19503 states in the queue.
	500000 states explored in 44.27s, with 1134617 rules fired and 94790 states in the queue.
====== Now the openlist is cut off! ======
	600000 states explored in 51.74s, with 1358644 rules fired and 78407 states in the queue.
====== Now the openlist is cut off! ======
	700000 states explored in 59.06s, with 1578132 rules fired and 62539 states in the queue.
====== Now the openlist is cut off! ======
	800000 states explored in 65.88s, with 1780779 rules fired and 48837 states in the queue.
====== Now the openlist is cut off! ======
	900000 states explored in 72.41s, with 1977536 rules fired and 36030 states in the queue.
====== Now the openlist is cut off! ======
	1000000 states explored in 79.59s, with 2190635 rules fired and 20795 states in the queue.
	1100000 states explored in 86.62s, with 2398838 rules fired and 95141 states in the queue.
====== Now the openlist is cut off! ======
	1200000 states explored in 94.60s, with 2634395 rules fired and 74633 states in the queue.
====== Now the openlist is cut off! ======
	1300000 states explored in 102.54s, with 2869065 rules fired and 55722 states in the queue.
====== Now the openlist is cut off! ======
	1400000 states explored in 109.68s, with 3077550 rules fired and 41974 states in the queue.
====== Now the openlist is cut off! ======
	1500000 states explored in 117.92s, with 3315337 rules fired and 22042 states in the queue.
	1600000 states explored in 125.44s, with 3531124 rules fired and 94607 states in the queue.
====== Now the openlist is cut off! ======
	1700000 states explored in 132.56s, with 3731815 rules fired and 78368 states in the queue.
====== Now the openlist is cut off! ======
	1800000 states explored in 140.58s, with 3962633 rules fired and 59556 states in the queue.
====== Now the openlist is cut off! ======
	1900000 states explored in 147.62s, with 4164579 rules fired and 44804 states in the queue.
====== Now the openlist is cut off! ======
	2000000 states explored in 155.20s, with 4380574 rules fired and 27482 states in the queue.
====== Now the openlist is cut off! ======
	2100000 states explored in 162.30s, with 4583781 rules fired and 11805 states in the queue.
	2200000 states explored in 170.52s, with 4825530 rules fired and 83369 states in the queue.
====== Now the openlist is cut off! ======
	2300000 states explored in 176.93s, with 5007484 rules fired and 71212 states in the queue.
====== Now the openlist is cut off! ======
	2400000 states explored in 183.36s, with 5190194 rules fired and 58623 states in the queue.
====== Now the openlist is cut off! ======
	2500000 states explored in 189.96s, with 5379790 rules fired and 45753 states in the queue.
====== Now the openlist is cut off! ======
	2600000 states explored in 196.56s, with 5567521 rules fired and 32351 states in the queue.
====== Now the openlist is cut off! ======
	2700000 states explored in 203.10s, with 5754033 rules fired and 19856 states in the queue.
	2800000 states explored in 209.81s, with 5948314 rules fired and 96778 states in the queue.
====== Now the openlist is cut off! ======
	2900000 states explored in 216.37s, with 6134822 rules fired and 83299 states in the queue.
====== Now the openlist is cut off! ======
	3000000 states explored in 222.83s, with 6320501 rules fired and 70707 states in the queue.
====== Now the openlist is cut off! ======
	3100000 states explored in 229.54s, with 6514634 rules fired and 56882 states in the queue.
====== Now the openlist is cut off! ======
	3200000 states explored in 235.87s, with 6698088 rules fired and 43404 states in the queue.
====== Now the openlist is cut off! ======
	3300000 states explored in 241.87s, with 6870383 rules fired and 30644 states in the queue.
====== Now the openlist is cut off! ======
	3400000 states explored in 248.02s, with 7046069 rules fired and 17991 states in the queue.
	3500000 states explored in 254.09s, with 7216279 rules fired and 94698 states in the queue.
====== Now the openlist is cut off! ======
	3600000 states explored in 260.68s, with 7403969 rules fired and 80359 states in the queue.
====== Now the openlist is cut off! ======
	3700000 states explored in 266.71s, with 7572631 rules fired and 67343 states in the queue.
====== Now the openlist is cut off! ======
	3800000 states explored in 272.68s, with 7742981 rules fired and 55075 states in the queue.
====== Now the openlist is cut off! ======
	3900000 states explored in 278.70s, with 7917225 rules fired and 43477 states in the queue.
====== Now the openlist is cut off! ======
	4000000 states explored in 284.86s, with 8093493 rules fired and 29983 states in the queue.
====== Now the openlist is cut off! ======
	4100000 states explored in 291.20s, with 8276120 rules fired and 16181 states in the queue.
	4200000 states explored in 297.38s, with 8453719 rules fired and 93042 states in the queue.
====== Now the openlist is cut off! ======
	4300000 states explored in 303.74s, with 8631535 rules fired and 77968 states in the queue.
====== Now the openlist is cut off! ======
	4400000 states explored in 309.92s, with 8808758 rules fired and 64427 states in the queue.
====== Now the openlist is cut off! ======
	4500000 states explored in 315.94s, with 8980757 rules fired and 51856 states in the queue.
====== Now the openlist is cut off! ======
	4600000 states explored in 322.04s, with 9154270 rules fired and 39239 states in the queue.
====== Now the openlist is cut off! ======
	4700000 states explored in 328.31s, with 9329722 rules fired and 25587 states in the queue.
====== Now the openlist is cut off! ======
	4800000 states explored in 334.55s, with 9505243 rules fired and 11798 states in the queue.
	4900000 states explored in 340.79s, with 9680128 rules fired and 88371 states in the queue.
====== Now the openlist is cut off! ======
	5000000 states explored in 347.03s, with 9851026 rules fired and 73173 states in the queue.
====== Now the openlist is cut off! ======
	5100000 states explored in 353.17s, with 10020325 rules fired and 59858 states in the queue.
====== Now the openlist is cut off! ======
	5200000 states explored in 359.33s, with 10190810 rules fired and 46458 states in the queue.
====== Now the openlist is cut off! ======
	5300000 states explored in 365.67s, with 10367843 rules fired and 32127 states in the queue.
====== Now the openlist is cut off! ======
	5400000 states explored in 371.76s, with 10538137 rules fired and 18659 states in the queue.
	5500000 states explored in 377.93s, with 10709925 rules fired and 94431 states in the queue.
====== Now the openlist is cut off! ======
	5600000 states explored in 383.94s, with 10880225 rules fired and 79654 states in the queue.
====== Now the openlist is cut off! ======
	5700000 states explored in 390.02s, with 11048168 rules fired and 65074 states in the queue.
====== Now the openlist is cut off! ======
	5800000 states explored in 396.19s, with 11219638 rules fired and 51148 states in the queue.
====== Now the openlist is cut off! ======
	5900000 states explored in 402.31s, with 11394037 rules fired and 36934 states in the queue.
====== Now the openlist is cut off! ======
	6000000 states explored in 408.49s, with 11570328 rules fired and 22404 states in the queue.
	6100000 states explored in 414.87s, with 11748888 rules fired and 97233 states in the queue.
====== Now the openlist is cut off! ======
	6200000 states explored in 421.24s, with 11925099 rules fired and 82516 states in the queue.
====== Now the openlist is cut off! ======
	6300000 states explored in 427.95s, with 12106794 rules fired and 66416 states in the queue.
====== Now the openlist is cut off! ======
	6400000 states explored in 434.29s, with 12284545 rules fired and 52102 states in the queue.
====== Now the openlist is cut off! ======
	6500000 states explored in 440.75s, with 12465029 rules fired and 37714 states in the queue.
====== Now the openlist is cut off! ======
	6600000 states explored in 447.10s, with 12642302 rules fired and 23890 states in the queue.
	6700000 states explored in 453.62s, with 12825224 rules fired and 99479 states in the queue.
====== Now the openlist is cut off! ======
	6800000 states explored in 460.15s, with 13006658 rules fired and 84830 states in the queue.
====== Now the openlist is cut off! ======
	6900000 states explored in 466.77s, with 13192486 rules fired and 70098 states in the queue.
====== Now the openlist is cut off! ======
	7000000 states explored in 473.39s, with 13379677 rules fired and 56032 states in the queue.
====== Now the openlist is cut off! ======
	7100000 states explored in 480.01s, with 13566992 rules fired and 42103 states in the queue.
====== Now the openlist is cut off! ======
	7200000 states explored in 486.69s, with 13755278 rules fired and 28290 states in the queue.
====== Now the openlist is cut off! ======
	7300000 states explored in 493.41s, with 13942231 rules fired and 13507 states in the queue.
	7400000 states explored in 500.38s, with 14138168 rules fired and 88724 states in the queue.
====== Now the openlist is cut off! ======
	7500000 states explored in 507.28s, with 14332145 rules fired and 73831 states in the queue.
====== Now the openlist is cut off! ======

==========================================================================

Result:

	Invariant "test_reachable_state_67" failed.

State Space Explored:

	7590693 states, 14514431 rules fired in 513.79s.

Analysis of State Space:

	There are rules that are never fired.
	If you are running with symmetry, this may be why.  Otherwise,
	please run this program with "-pr" for the rules information.
