This program should be regarded as a DEBUGGING aid, not as a 
certifier of correctness.
Call with the -l flag or read the license file for terms
and conditions of use.
Run this program with "-h" for the list of options.

Bugs, questions, and comments should be directed to
"melatti@di.uniroma1.it".

CMurphi compiler last modified date: Apr 10 2024
Include files last modified date:    Jul 23 2021
==========================================================================

==========================================================================
Caching Murphi Release 5.5.0
Finite-state Concurrent System Verifier.

Caching Murphi Release 5.5.0 is based on various versions of Murphi.
Caching Murphi Release 5.5.0 :
Copyright (C) 2009-2012 by Sapienza University of Rome.
Murphi release 3.1 :
Copyright (C) 1992 - 1999 by the Board of Trustees of
Leland Stanford Junior University.

==========================================================================

Protocol: ./protocols/exec/German_node8/German_node8_inv211
===========================================
  You are using LS algorithm.  
===========================================

===== Startstates are generated! =====
Carelist Layer 0: Cache[1].State Cache[2].State Cache[3].State Cache[4].State Cache[5].State Cache[6].State Cache[7].State Cache[8].State 

===== Init heuristics! =====

Progress Report:

	100000 states explored in 8.50s, with 529326 rules fired and 75794 states in the queue.
	200000 states explored in 14.87s, with 1189142 rules fired and 142304 states in the queue.
	300000 states explored in 19.53s, with 1659337 rules fired and 220597 states in the queue.
	400000 states explored in 27.45s, with 2400290 rules fired and 284107 states in the queue.
	500000 states explored in 36.06s, with 3204000 rules fired and 340072 states in the queue.
	600000 states explored in 40.17s, with 3590639 rules fired and 422685 states in the queue.
	700000 states explored in 45.26s, with 4056541 rules fired and 501164 states in the queue.
	800000 states explored in 51.28s, with 4601464 rules fired and 574894 states in the queue.
	900000 states explored in 59.14s, with 5275590 rules fired and 640895 states in the queue.
	1000000 states explored in 71.35s, with 6297196 rules fired and 686754 states in the queue.
	1100000 states explored in 89.25s, with 7760267 rules fired and 703989 states in the queue.
	1200000 states explored in 96.49s, with 8345795 rules fired and 771923 states in the queue.
	1300000 states explored in 100.99s, with 8725452 rules fired and 853127 states in the queue.
	1400000 states explored in 105.94s, with 9126288 rules fired and 932841 states in the queue.
	1500000 states explored in 111.40s, with 9563834 rules fired and 1011888 states in the queue.
	1600000 states explored in 119.11s, with 10188871 rules fired and 1079682 states in the queue.
	1700000 states explored in 126.18s, with 10728653 rules fired and 1151455 states in the queue.
	1800000 states explored in 133.44s, with 11273257 rules fired and 1223746 states in the queue.
	1900000 states explored in 141.91s, with 11892946 rules fired and 1290919 states in the queue.
	2000000 states explored in 152.88s, with 12690231 rules fired and 1348212 states in the queue.
	2100000 states explored in 165.12s, with 13558398 rules fired and 1399868 states in the queue.
	2200000 states explored in 177.50s, with 14421935 rules fired and 1450825 states in the queue.
	2300000 states explored in 195.74s, with 15658277 rules fired and 1479800 states in the queue.
	2400000 states explored in 219.98s, with 17249082 rules fired and 1477145 states in the queue.
	2500000 states explored in 243.30s, with 18824164 rules fired and 1476182 states in the queue.
	2600000 states explored in 252.82s, with 19445241 rules fired and 1539927 states in the queue.
	2700000 states explored in 257.52s, with 19798223 rules fired and 1622804 states in the queue.
	2800000 states explored in 263.46s, with 20235496 rules fired and 1700961 states in the queue.
	2900000 states explored in 269.75s, with 20652019 rules fired and 1778243 states in the queue.
	3000000 states explored in 276.37s, with 21096463 rules fired and 1855674 states in the queue.
	3100000 states explored in 283.85s, with 21573805 rules fired and 1931269 states in the queue.
	3200000 states explored in 295.56s, with 22273328 rules fired and 1993926 states in the queue.
	3300000 states explored in 307.68s, with 23054240 rules fired and 2050571 states in the queue.
	3400000 states explored in 317.70s, with 23679920 rules fired and 2113683 states in the queue.
	3500000 states explored in 329.09s, with 24376066 rules fired and 2172849 states in the queue.
	3600000 states explored in 340.10s, with 25041537 rules fired and 2233788 states in the queue.
	3700000 states explored in 352.17s, with 25721998 rules fired and 2293047 states in the queue.
	3800000 states explored in 365.75s, with 26513995 rules fired and 2342954 states in the queue.
	3900000 states explored in 380.43s, with 27338599 rules fired and 2392415 states in the queue.
	4000000 states explored in 397.86s, with 28276303 rules fired and 2431136 states in the queue.
	4100000 states explored in 411.93s, with 29030401 rules fired and 2484719 states in the queue.
	4200000 states explored in 422.19s, with 29618139 rules fired and 2552013 states in the queue.
	4300000 states explored in 435.00s, with 30306289 rules fired and 2611628 states in the queue.
	4400000 states explored in 449.45s, with 31055690 rules fired and 2666500 states in the queue.
	4500000 states explored in 471.05s, with 32186317 rules fired and 2695479 states in the queue.
	4600000 states explored in 494.81s, with 33450700 rules fired and 2714750 states in the queue.
	4700000 states explored in 517.73s, with 34643408 rules fired and 2736561 states in the queue.
	4800000 states explored in 542.11s, with 35895808 rules fired and 2754391 states in the queue.
	4900000 states explored in 567.88s, with 37297793 rules fired and 2765146 states in the queue.
	5000000 states explored in 595.08s, with 38711753 rules fired and 2771338 states in the queue.
	5100000 states explored in 627.41s, with 40417627 rules fired and 2756059 states in the queue.
	5200000 states explored in 633.19s, with 40764237 rules fired and 2837645 states in the queue.
	5300000 states explored in 639.13s, with 41116870 rules fired and 2918140 states in the queue.
	5400000 states explored in 645.89s, with 41479286 rules fired and 2998462 states in the queue.
	5500000 states explored in 653.38s, with 41877141 rules fired and 3076525 states in the queue.
	5600000 states explored in 660.94s, with 42283427 rules fired and 3154219 states in the queue.
	5700000 states explored in 668.83s, with 42719435 rules fired and 3231515 states in the queue.
	5800000 states explored in 676.97s, with 43131928 rules fired and 3307650 states in the queue.
	5900000 states explored in 685.43s, with 43554991 rules fired and 3384055 states in the queue.
	6000000 states explored in 693.85s, with 43989948 rules fired and 3461815 states in the queue.
	6100000 states explored in 703.69s, with 44474553 rules fired and 3537231 states in the queue.
	6200000 states explored in 714.35s, with 44970983 rules fired and 3611506 states in the queue.
	6300000 states explored in 732.17s, with 45760684 rules fired and 3663978 states in the queue.
	6400000 states explored in 753.75s, with 46810135 rules fired and 3697242 states in the queue.
	6500000 states explored in 775.94s, with 47818705 rules fired and 3729379 states in the queue.
	6600000 states explored in 793.85s, with 48682791 rules fired and 3774461 states in the queue.
	6700000 states explored in 811.05s, with 49495408 rules fired and 3822201 states in the queue.
	6800000 states explored in 828.02s, with 50271381 rules fired and 3870007 states in the queue.
	6900000 states explored in 845.47s, with 51047230 rules fired and 3916094 states in the queue.
	7000000 states explored in 863.67s, with 51838837 rules fired and 3962000 states in the queue.
	7100000 states explored in 884.07s, with 52719975 rules fired and 3998061 states in the queue.
	7200000 states explored in 901.68s, with 53566516 rules fired and 4040509 states in the queue.
	7300000 states explored in 920.36s, with 54474573 rules fired and 4078883 states in the queue.
	7400000 states explored in 936.18s, with 55328853 rules fired and 4128153 states in the queue.
	7500000 states explored in 960.53s, with 56383523 rules fired and 4151130 states in the queue.
	7600000 states explored in 985.07s, with 57405880 rules fired and 4175757 states in the queue.
	7700000 states explored in 1006.31s, with 58302493 rules fired and 4209974 states in the queue.
	7800000 states explored in 1018.40s, with 58833678 rules fired and 4277633 states in the queue.
	7900000 states explored in 1034.03s, with 59421437 rules fired and 4338622 states in the queue.
	8000000 states explored in 1048.61s, with 60050346 rules fired and 4399318 states in the queue.
	8100000 states explored in 1059.18s, with 60556217 rules fired and 4471048 states in the queue.
	8200000 states explored in 1069.10s, with 61079059 rules fired and 4544652 states in the queue.
	8300000 states explored in 1081.40s, with 61676736 rules fired and 4613977 states in the queue.
	8400000 states explored in 1094.26s, with 62352943 rules fired and 4680873 states in the queue.
	8500000 states explored in 1110.03s, with 63229628 rules fired and 4734184 states in the queue.
	8600000 states explored in 1133.57s, with 64263944 rules fired and 4774457 states in the queue.
	8700000 states explored in 1157.72s, with 65336514 rules fired and 4810245 states in the queue.
	8800000 states explored in 1180.00s, with 66432606 rules fired and 4843877 states in the queue.
	8900000 states explored in 1202.43s, with 67572872 rules fired and 4878129 states in the queue.
	9000000 states explored in 1229.73s, with 68826257 rules fired and 4904742 states in the queue.
	9100000 states explored in 1261.20s, with 70205510 rules fired and 4923387 states in the queue.
	9200000 states explored in 1294.75s, with 71739606 rules fired and 4928151 states in the queue.
	9300000 states explored in 1331.60s, with 73393308 rules fired and 4915588 states in the queue.
	9400000 states explored in 1373.46s, with 74928355 rules fired and 4910483 states in the queue.
	9500000 states explored in 1417.66s, with 76847879 rules fired and 4879270 states in the queue.
	9600000 states explored in 1447.73s, with 78186132 rules fired and 4886486 states in the queue.
	9700000 states explored in 1454.67s, with 78515538 rules fired and 4969492 states in the queue.
	9800000 states explored in 1462.58s, with 78857209 rules fired and 5051391 states in the queue.
	9900000 states explored in 1471.08s, with 79202874 rules fired and 5132906 states in the queue.
	10000000 states explored in 1478.21s, with 79558745 rules fired and 5214471 states in the queue.
	10100000 states explored in 1485.91s, with 79914850 rules fired and 5295178 states in the queue.
	10200000 states explored in 1495.04s, with 80305970 rules fired and 5374841 states in the queue.
	10300000 states explored in 1504.51s, with 80716949 rules fired and 5453422 states in the queue.
	10400000 states explored in 1513.19s, with 81122396 rules fired and 5531701 states in the queue.
	10500000 states explored in 1521.57s, with 81537320 rules fired and 5609939 states in the queue.
	10600000 states explored in 1530.66s, with 81953487 rules fired and 5687751 states in the queue.
	10700000 states explored in 1538.37s, with 82358350 rules fired and 5766297 states in the queue.
	10800000 states explored in 1547.38s, with 82751696 rules fired and 5845645 states in the queue.
	10900000 states explored in 1556.47s, with 83178159 rules fired and 5922701 states in the queue.
	11000000 states explored in 1565.54s, with 83625881 rules fired and 5998122 states in the queue.
	11100000 states explored in 1575.67s, with 84080982 rules fired and 6074259 states in the queue.
	11200000 states explored in 1584.63s, with 84534705 rules fired and 6150628 states in the queue.
	11300000 states explored in 1592.97s, with 84988429 rules fired and 6228265 states in the queue.
	11400000 states explored in 1602.74s, with 85402213 rules fired and 6305709 states in the queue.
	11500000 states explored in 1612.28s, with 85830736 rules fired and 6383336 states in the queue.
	11600000 states explored in 1623.02s, with 86271080 rules fired and 6459640 states in the queue.
	11700000 states explored in 1634.61s, with 86740382 rules fired and 6534201 states in the queue.
	11800000 states explored in 1647.20s, with 87229122 rules fired and 6607955 states in the queue.
	11900000 states explored in 1658.68s, with 87711594 rules fired and 6682050 states in the queue.
	12000000 states explored in 1672.50s, with 88265995 rules fired and 6749539 states in the queue.
	12100000 states explored in 1684.90s, with 88818195 rules fired and 6819355 states in the queue.
	12200000 states explored in 1699.05s, with 89379409 rules fired and 6887915 states in the queue.
	12300000 states explored in 1713.28s, with 89982215 rules fired and 6954503 states in the queue.
	12400000 states explored in 1725.98s, with 90571406 rules fired and 7021869 states in the queue.
	12500000 states explored in 1739.97s, with 91182824 rules fired and 7085115 states in the queue.
	12600000 states explored in 1756.06s, with 91804584 rules fired and 7147951 states in the queue.
	12700000 states explored in 1772.38s, with 92469641 rules fired and 7208658 states in the queue.
	12800000 states explored in 1789.63s, with 93192478 rules fired and 7266091 states in the queue.
	12900000 states explored in 1805.20s, with 93843753 rules fired and 7328186 states in the queue.
	13000000 states explored in 1824.80s, with 94687733 rules fired and 7378399 states in the queue.
	13100000 states explored in 1847.08s, with 95652216 rules fired and 7418913 states in the queue.
	13200000 states explored in 1874.99s, with 96798666 rules fired and 7445871 states in the queue.
	13300000 states explored in 1907.69s, with 98103213 rules fired and 7452152 states in the queue.
	13400000 states explored in 1945.88s, with 99427753 rules fired and 7457815 states in the queue.
	13500000 states explored in 1988.39s, with 100951569 rules fired and 7446801 states in the queue.
	13600000 states explored in 2029.93s, with 102426512 rules fired and 7437771 states in the queue.
	13700000 states explored in 2071.27s, with 104008262 rules fired and 7416181 states in the queue.
	13800000 states explored in 2119.98s, with 105778114 rules fired and 7372385 states in the queue.
	13900000 states explored in 2159.44s, with 107307239 rules fired and 7355198 states in the queue.
	14000000 states explored in 2196.87s, with 108689963 rules fired and 7354942 states in the queue.
	14100000 states explored in 2234.32s, with 110124116 rules fired and 7344053 states in the queue.
	14200000 states explored in 2277.68s, with 111628081 rules fired and 7331003 states in the queue.
	14300000 states explored in 2312.28s, with 112854755 rules fired and 7339769 states in the queue.
	14400000 states explored in 2348.81s, with 114237626 rules fired and 7329315 states in the queue.
	14500000 states explored in 2388.10s, with 115503302 rules fired and 7326687 states in the queue.
	14600000 states explored in 2422.33s, with 116848564 rules fired and 7324152 states in the queue.
	14700000 states explored in 2446.17s, with 117672691 rules fired and 7364830 states in the queue.
	14800000 states explored in 2460.64s, with 118228862 rules fired and 7433434 states in the queue.
	14900000 states explored in 2482.20s, with 119008692 rules fired and 7485550 states in the queue.
	15000000 states explored in 2504.53s, with 119786772 rules fired and 7536171 states in the queue.
	15100000 states explored in 2527.83s, with 120573540 rules fired and 7584450 states in the queue.
	15200000 states explored in 2547.15s, with 121389373 rules fired and 7631784 states in the queue.
	15300000 states explored in 2570.07s, with 122246855 rules fired and 7677671 states in the queue.
	15400000 states explored in 2586.70s, with 122882631 rules fired and 7740455 states in the queue.
	15500000 states explored in 2603.26s, with 123579602 rules fired and 7803491 states in the queue.
	15600000 states explored in 2621.42s, with 124381474 rules fired and 7862186 states in the queue.
	15700000 states explored in 2640.93s, with 125328830 rules fired and 7913527 states in the queue.
	15800000 states explored in 2660.58s, with 126195839 rules fired and 7968022 states in the queue.
	15900000 states explored in 2685.24s, with 127223444 rules fired and 8012120 states in the queue.
	16000000 states explored in 2706.33s, with 128225254 rules fired and 8060121 states in the queue.
	16100000 states explored in 2726.58s, with 129224523 rules fired and 8108487 states in the queue.
	16200000 states explored in 2752.18s, with 130430802 rules fired and 8146540 states in the queue.
	16300000 states explored in 2779.24s, with 131613803 rules fired and 8182763 states in the queue.
	16400000 states explored in 2810.60s, with 132826372 rules fired and 8213227 states in the queue.
	16500000 states explored in 2843.60s, with 133948901 rules fired and 8248219 states in the queue.
	16600000 states explored in 2873.65s, with 135014141 rules fired and 8291862 states in the queue.
	16700000 states explored in 2912.24s, with 136529783 rules fired and 8299636 states in the queue.
	16800000 states explored in 2951.84s, with 138044008 rules fired and 8310484 states in the queue.
	16900000 states explored in 2997.98s, with 139793673 rules fired and 8301500 states in the queue.
	17000000 states explored in 3050.31s, with 141608014 rules fired and 8285461 states in the queue.
	17100000 states explored in 3083.22s, with 142903385 rules fired and 8306142 states in the queue.
	17200000 states explored in 3093.01s, with 143232232 rules fired and 8387053 states in the queue.
	17300000 states explored in 3103.69s, with 143571443 rules fired and 8467264 states in the queue.
	17400000 states explored in 3111.73s, with 143875529 rules fired and 8550937 states in the queue.
	17500000 states explored in 3120.56s, with 144187186 rules fired and 8633765 states in the queue.

Error:

	Internal Error: Too many active states.



