This program should be regarded as a DEBUGGING aid, not as a 
certifier of correctness.
Call with the -l flag or read the license file for terms
and conditions of use.
Run this program with "-h" for the list of options.

Bugs, questions, and comments should be directed to
"melatti@di.uniroma1.it".

CMurphi compiler last modified date: Apr 10 2024
Include files last modified date:    Jul 23 2021
==========================================================================

==========================================================================
Caching Murphi Release 5.5.0
Finite-state Concurrent System Verifier.

Caching Murphi Release 5.5.0 is based on various versions of Murphi.
Caching Murphi Release 5.5.0 :
Copyright (C) 2009-2012 by Sapienza University of Rome.
Murphi release 3.1 :
Copyright (C) 1992 - 1999 by the Board of Trustees of
Leland Stanford Junior University.

==========================================================================

Protocol: ./protocols/exec/German_node8/German_node8_inv158
===========================================
  You are using LS algorithm.  
===========================================

===== Startstates are generated! =====
Carelist Layer 0: Cache[1].State Cache[2].State Cache[3].State Cache[4].State Cache[5].State Cache[6].State Cache[7].State Cache[8].State 

===== Init heuristics! =====

Progress Report:

	100000 states explored in 8.14s, with 527074 rules fired and 75780 states in the queue.
	200000 states explored in 14.33s, with 1182461 rules fired and 142673 states in the queue.
	300000 states explored in 19.07s, with 1671860 rules fired and 219692 states in the queue.
	400000 states explored in 28.10s, with 2572476 rules fired and 272234 states in the queue.
	500000 states explored in 33.89s, with 3166906 rules fired and 342910 states in the queue.
	600000 states explored in 37.62s, with 3553516 rules fired and 425866 states in the queue.
	700000 states explored in 42.79s, with 4056831 rules fired and 502411 states in the queue.
	800000 states explored in 48.93s, with 4643806 rules fired and 573682 states in the queue.
	900000 states explored in 57.40s, with 5415994 rules fired and 634088 states in the queue.
	1000000 states explored in 70.40s, with 6593675 rules fired and 670317 states in the queue.
	1100000 states explored in 83.92s, with 7833215 rules fired and 700504 states in the queue.
	1200000 states explored in 87.77s, with 8175068 rules fired and 784310 states in the queue.
	1300000 states explored in 92.01s, with 8560080 rules fired and 865600 states in the queue.
	1400000 states explored in 96.62s, with 8959844 rules fired and 945218 states in the queue.
	1500000 states explored in 102.48s, with 9469707 rules fired and 1019896 states in the queue.
	1600000 states explored in 109.85s, with 10081137 rules fired and 1087499 states in the queue.
	1700000 states explored in 117.02s, with 10658764 rules fired and 1156317 states in the queue.
	1800000 states explored in 124.43s, with 11270257 rules fired and 1223808 states in the queue.
	1900000 states explored in 133.24s, with 11989610 rules fired and 1286262 states in the queue.
	2000000 states explored in 145.09s, with 12955434 rules fired and 1335059 states in the queue.
	2100000 states explored in 157.47s, with 13922493 rules fired and 1380698 states in the queue.
	2200000 states explored in 172.01s, with 15044715 rules fired and 1419344 states in the queue.
	2300000 states explored in 191.62s, with 16483864 rules fired and 1431799 states in the queue.
	2400000 states explored in 215.04s, with 18241006 rules fired and 1416719 states in the queue.
	2500000 states explored in 219.47s, with 18568189 rules fired and 1498952 states in the queue.
	2600000 states explored in 224.93s, with 18955881 rules fired and 1579286 states in the queue.
	2700000 states explored in 230.44s, with 19348567 rules fired and 1657384 states in the queue.
	2800000 states explored in 235.46s, with 19757871 rules fired and 1737409 states in the queue.
	2900000 states explored in 241.89s, with 20269255 rules fired and 1811099 states in the queue.
	3000000 states explored in 248.99s, with 20791351 rules fired and 1882913 states in the queue.
	3100000 states explored in 259.23s, with 21526113 rules fired and 1941895 states in the queue.
	3200000 states explored in 270.68s, with 22318258 rules fired and 1994097 states in the queue.
	3300000 states explored in 280.64s, with 23014048 rules fired and 2053280 states in the queue.
	3400000 states explored in 290.97s, with 23708536 rules fired and 2109331 states in the queue.
	3500000 states explored in 299.95s, with 24352370 rules fired and 2170871 states in the queue.
	3600000 states explored in 310.94s, with 25064006 rules fired and 2228945 states in the queue.
	3700000 states explored in 324.11s, with 25913370 rules fired and 2276354 states in the queue.
	3800000 states explored in 338.38s, with 26861891 rules fired and 2317966 states in the queue.
	3900000 states explored in 354.19s, with 27873596 rules fired and 2354476 states in the queue.
	4000000 states explored in 363.75s, with 28505901 rules fired and 2418184 states in the queue.
	4100000 states explored in 372.23s, with 29156983 rules fired and 2483936 states in the queue.
	4200000 states explored in 384.97s, with 29948516 rules fired and 2536577 states in the queue.
	4300000 states explored in 401.53s, with 31059185 rules fired and 2569207 states in the queue.
	4400000 states explored in 420.18s, with 32275346 rules fired and 2595320 states in the queue.
	4500000 states explored in 440.91s, with 33514269 rules fired and 2615457 states in the queue.
	4600000 states explored in 459.34s, with 34740195 rules fired and 2636066 states in the queue.
	4700000 states explored in 482.37s, with 36272605 rules fired and 2637226 states in the queue.
	4800000 states explored in 508.95s, with 37922912 rules fired and 2623641 states in the queue.
	4900000 states explored in 514.45s, with 38255854 rules fired and 2703735 states in the queue.
	5000000 states explored in 520.52s, with 38638229 rules fired and 2782319 states in the queue.
	5100000 states explored in 526.58s, with 39021740 rules fired and 2860532 states in the queue.
	5200000 states explored in 532.40s, with 39406380 rules fired and 2939235 states in the queue.
	5300000 states explored in 538.87s, with 39821616 rules fired and 3015316 states in the queue.
	5400000 states explored in 545.23s, with 40230630 rules fired and 3093092 states in the queue.
	5500000 states explored in 551.05s, with 40646573 rules fired and 3171028 states in the queue.
	5600000 states explored in 557.97s, with 41099649 rules fired and 3246371 states in the queue.
	5700000 states explored in 565.23s, with 41574980 rules fired and 3320503 states in the queue.
	5800000 states explored in 573.82s, with 42088291 rules fired and 3390559 states in the queue.
	5900000 states explored in 583.11s, with 42642326 rules fired and 3456925 states in the queue.
	6000000 states explored in 592.73s, with 43234695 rules fired and 3523052 states in the queue.
	6100000 states explored in 604.25s, with 43949230 rules fired and 3580759 states in the queue.
	6200000 states explored in 619.71s, with 44850281 rules fired and 3627330 states in the queue.
	6300000 states explored in 640.09s, with 46019129 rules fired and 3644929 states in the queue.
	6400000 states explored in 662.80s, with 47327297 rules fired and 3649213 states in the queue.
	6500000 states explored in 679.01s, with 48291172 rules fired and 3682406 states in the queue.
	6600000 states explored in 690.21s, with 49046880 rules fired and 3734725 states in the queue.
	6700000 states explored in 704.03s, with 49838517 rules fired and 3782765 states in the queue.
	6800000 states explored in 718.62s, with 50658587 rules fired and 3828476 states in the queue.
	6900000 states explored in 737.85s, with 51642258 rules fired and 3858291 states in the queue.
	7000000 states explored in 757.38s, with 52675463 rules fired and 3881994 states in the queue.
	7100000 states explored in 776.82s, with 53707230 rules fired and 3906401 states in the queue.
	7200000 states explored in 793.01s, with 54594955 rules fired and 3950282 states in the queue.
	7300000 states explored in 811.33s, with 55589547 rules fired and 3977822 states in the queue.
	7400000 states explored in 824.33s, with 56319106 rules fired and 4026809 states in the queue.
	7500000 states explored in 835.45s, with 56875128 rules fired and 4092276 states in the queue.
	7600000 states explored in 849.78s, with 57690853 rules fired and 4139080 states in the queue.
	7700000 states explored in 858.44s, with 58258747 rules fired and 4208062 states in the queue.
	7800000 states explored in 867.46s, with 58807452 rules fired and 4278469 states in the queue.
	7900000 states explored in 879.09s, with 59516451 rules fired and 4341372 states in the queue.
	8000000 states explored in 891.94s, with 60381840 rules fired and 4395239 states in the queue.
	8100000 states explored in 910.21s, with 61460124 rules fired and 4431072 states in the queue.
	8200000 states explored in 931.73s, with 62542709 rules fired and 4466309 states in the queue.
	8300000 states explored in 946.96s, with 63630229 rules fired and 4508841 states in the queue.
	8400000 states explored in 963.41s, with 64705164 rules fired and 4546281 states in the queue.
	8500000 states explored in 982.26s, with 65808302 rules fired and 4582015 states in the queue.
	8600000 states explored in 1008.62s, with 67305222 rules fired and 4594559 states in the queue.
	8700000 states explored in 1037.01s, with 68951657 rules fired and 4592966 states in the queue.
	8800000 states explored in 1068.20s, with 70576448 rules fired and 4589057 states in the queue.
	8900000 states explored in 1096.90s, with 72359582 rules fired and 4573734 states in the queue.
	9000000 states explored in 1103.16s, with 72747428 rules fired and 4652242 states in the queue.
	9100000 states explored in 1108.83s, with 73086672 rules fired and 4733551 states in the queue.
	9200000 states explored in 1114.66s, with 73458368 rules fired and 4813638 states in the queue.
	9300000 states explored in 1120.81s, with 73829934 rules fired and 4894588 states in the queue.
	9400000 states explored in 1127.37s, with 74222034 rules fired and 4975458 states in the queue.

==========================================================================

Result:

	Invariant "test_158" failed.

State Space Explored:

	9402291 states, 74230309 rules fired in 1127.48s.

