This program should be regarded as a DEBUGGING aid, not as a 
certifier of correctness.
Call with the -l flag or read the license file for terms
and conditions of use.
Run this program with "-h" for the list of options.

Bugs, questions, and comments should be directed to
"melatti@di.uniroma1.it".

CMurphi compiler last modified date: Apr 10 2024
Include files last modified date:    Jul 23 2021
==========================================================================

==========================================================================
Caching Murphi Release 5.5.0
Finite-state Concurrent System Verifier.

Caching Murphi Release 5.5.0 is based on various versions of Murphi.
Caching Murphi Release 5.5.0 :
Copyright (C) 2009-2012 by Sapienza University of Rome.
Murphi release 3.1 :
Copyright (C) 1992 - 1999 by the Board of Trustees of
Leland Stanford Junior University.

==========================================================================

Protocol: ./protocols/exec/German_node8/German_node8_inv239
===========================================
  You are using LS algorithm.  
===========================================

===== Startstates are generated! =====
Carelist Layer 0: Cache[1].State Cache[2].State Cache[3].State Cache[4].State Cache[5].State Cache[6].State Cache[7].State Cache[8].State 

===== Init heuristics! =====

Progress Report:

	100000 states explored in 8.73s, with 525992 rules fired and 75921 states in the queue.
	200000 states explored in 15.48s, with 1198798 rules fired and 141815 states in the queue.
	300000 states explored in 20.06s, with 1660866 rules fired and 220842 states in the queue.
	400000 states explored in 27.25s, with 2351340 rules fired and 287913 states in the queue.
	500000 states explored in 36.62s, with 3254202 rules fired and 337218 states in the queue.
	600000 states explored in 40.63s, with 3645298 rules fired and 418995 states in the queue.
	700000 states explored in 45.31s, with 4101186 rules fired and 498077 states in the queue.
	800000 states explored in 51.10s, with 4615624 rules fired and 573734 states in the queue.
	900000 states explored in 58.09s, with 5277289 rules fired and 641550 states in the queue.
	1000000 states explored in 68.11s, with 6157859 rules fired and 696747 states in the queue.
	1100000 states explored in 83.79s, with 7467470 rules fired and 722172 states in the queue.
	1200000 states explored in 96.83s, with 8533696 rules fired and 759180 states in the queue.
	1300000 states explored in 100.90s, with 8880850 rules fired and 842437 states in the queue.
	1400000 states explored in 105.57s, with 9265224 rules fired and 923530 states in the queue.
	1500000 states explored in 110.51s, with 9675394 rules fired and 1003294 states in the queue.
	1600000 states explored in 116.97s, with 10203258 rules fired and 1077405 states in the queue.
	1700000 states explored in 123.98s, with 10749844 rules fired and 1148911 states in the queue.
	1800000 states explored in 131.00s, with 11290094 rules fired and 1220182 states in the queue.
	1900000 states explored in 138.05s, with 11847552 rules fired and 1292479 states in the queue.
	2000000 states explored in 146.94s, with 12520683 rules fired and 1357922 states in the queue.
	2100000 states explored in 157.95s, with 13335749 rules fired and 1413648 states in the queue.
	2200000 states explored in 169.53s, with 14149475 rules fired and 1467292 states in the queue.
	2300000 states explored in 180.52s, with 14906347 rules fired and 1525709 states in the queue.
	2400000 states explored in 197.45s, with 16079165 rules fired and 1558094 states in the queue.
	2500000 states explored in 221.07s, with 17699985 rules fired and 1553335 states in the queue.
	2600000 states explored in 247.68s, with 19464054 rules fired and 1533464 states in the queue.
	2700000 states explored in 261.15s, with 20369402 rules fired and 1579044 states in the queue.
	2800000 states explored in 265.97s, with 20754317 rules fired and 1661464 states in the queue.
	2900000 states explored in 271.26s, with 21146957 rules fired and 1741205 states in the queue.
	3000000 states explored in 277.39s, with 21559304 rules fired and 1819192 states in the queue.
	3100000 states explored in 283.22s, with 21967778 rules fired and 1898095 states in the queue.
	3200000 states explored in 289.91s, with 22421943 rules fired and 1974506 states in the queue.
	3300000 states explored in 299.86s, with 23126754 rules fired and 2035024 states in the queue.
	3400000 states explored in 309.48s, with 23781115 rules fired and 2098521 states in the queue.
	3500000 states explored in 318.57s, with 24389720 rules fired and 2164011 states in the queue.
	3600000 states explored in 327.94s, with 25011783 rules fired and 2228007 states in the queue.
	3700000 states explored in 338.42s, with 25671402 rules fired and 2288645 states in the queue.
	3800000 states explored in 348.79s, with 26328438 rules fired and 2349908 states in the queue.
	3900000 states explored in 359.15s, with 26976484 rules fired and 2411100 states in the queue.
	4000000 states explored in 372.06s, with 27752193 rules fired and 2462776 states in the queue.
	4100000 states explored in 386.99s, with 28629946 rules fired and 2507817 states in the queue.
	4200000 states explored in 398.47s, with 29283755 rules fired and 2567528 states in the queue.
	4300000 states explored in 407.88s, with 29883058 rules fired and 2633675 states in the queue.
	4400000 states explored in 420.63s, with 30577003 rules fired and 2692702 states in the queue.
	4500000 states explored in 433.24s, with 31288266 rules fired and 2749590 states in the queue.
	4600000 states explored in 450.40s, with 32244223 rules fired and 2790569 states in the queue.
	4700000 states explored in 471.99s, with 33396456 rules fired and 2814910 states in the queue.
	4800000 states explored in 495.33s, with 34649837 rules fired and 2831396 states in the queue.
	4900000 states explored in 516.93s, with 35763629 rules fired and 2856419 states in the queue.
	5000000 states explored in 538.23s, with 36968132 rules fired and 2880954 states in the queue.
	5100000 states explored in 558.99s, with 38190158 rules fired and 2906027 states in the queue.
	5200000 states explored in 584.43s, with 39734509 rules fired and 2905970 states in the queue.
	5300000 states explored in 614.73s, with 41284957 rules fired and 2895786 states in the queue.
	5400000 states explored in 645.20s, with 42930681 rules fired and 2884527 states in the queue.
	5500000 states explored in 650.69s, with 43278959 rules fired and 2966370 states in the queue.
	5600000 states explored in 657.02s, with 43634131 rules fired and 3047326 states in the queue.
	5700000 states explored in 663.86s, with 44011660 rules fired and 3127062 states in the queue.
	5800000 states explored in 670.67s, with 44397154 rules fired and 3206697 states in the queue.
	5900000 states explored in 677.68s, with 44802611 rules fired and 3285597 states in the queue.
	6000000 states explored in 685.99s, with 45266133 rules fired and 3361977 states in the queue.
	6100000 states explored in 694.68s, with 45726977 rules fired and 3436642 states in the queue.
	6200000 states explored in 702.54s, with 46171966 rules fired and 3512163 states in the queue.
	6300000 states explored in 711.32s, with 46648788 rules fired and 3586846 states in the queue.
	6400000 states explored in 720.94s, with 47185768 rules fired and 3657025 states in the queue.
	6500000 states explored in 738.93s, with 48210133 rules fired and 3692932 states in the queue.
	6600000 states explored in 759.91s, with 49270502 rules fired and 3721003 states in the queue.
	6700000 states explored in 775.20s, with 50018811 rules fired and 3772691 states in the queue.
	6800000 states explored in 787.57s, with 50687438 rules fired and 3829648 states in the queue.
	6900000 states explored in 800.68s, with 51364814 rules fired and 3886463 states in the queue.
	7000000 states explored in 816.91s, with 52121475 rules fired and 3932141 states in the queue.
	7100000 states explored in 832.47s, with 52877274 rules fired and 3980301 states in the queue.
	7200000 states explored in 848.79s, with 53677071 rules fired and 4026630 states in the queue.
	7300000 states explored in 865.71s, with 54483855 rules fired and 4067812 states in the queue.
	7400000 states explored in 883.49s, with 55301818 rules fired and 4108696 states in the queue.
	7500000 states explored in 900.45s, with 56156347 rules fired and 4148966 states in the queue.
	7600000 states explored in 918.17s, with 57031316 rules fired and 4191583 states in the queue.
	7700000 states explored in 936.29s, with 57965284 rules fired and 4230366 states in the queue.
	7800000 states explored in 952.81s, with 58835036 rules fired and 4274359 states in the queue.
	7900000 states explored in 967.47s, with 59521979 rules fired and 4330721 states in the queue.
	8000000 states explored in 979.83s, with 60084343 rules fired and 4395377 states in the queue.
	8100000 states explored in 991.64s, with 60564240 rules fired and 4465864 states in the queue.
	8200000 states explored in 1003.85s, with 61076459 rules fired and 4534537 states in the queue.
	8300000 states explored in 1016.33s, with 61617244 rules fired and 4602434 states in the queue.
	8400000 states explored in 1026.70s, with 62103321 rules fired and 4676542 states in the queue.
	8500000 states explored in 1036.82s, with 62614725 rules fired and 4750417 states in the queue.
	8600000 states explored in 1047.32s, with 63188859 rules fired and 4821823 states in the queue.
	8700000 states explored in 1059.26s, with 63744745 rules fired and 4893466 states in the queue.
	8800000 states explored in 1070.36s, with 64318095 rules fired and 4965003 states in the queue.
	8900000 states explored in 1085.52s, with 65032135 rules fired and 5028849 states in the queue.
	9000000 states explored in 1104.84s, with 65960851 rules fired and 5078609 states in the queue.
	9100000 states explored in 1130.56s, with 67081179 rules fired and 5108019 states in the queue.
	9200000 states explored in 1157.62s, with 68333744 rules fired and 5127525 states in the queue.
	9300000 states explored in 1187.32s, with 69534538 rules fired and 5150938 states in the queue.
	9400000 states explored in 1215.39s, with 70839843 rules fired and 5170543 states in the queue.
	9500000 states explored in 1241.81s, with 72151453 rules fired and 5189321 states in the queue.
	9600000 states explored in 1271.88s, with 73607079 rules fired and 5197919 states in the queue.
	9700000 states explored in 1301.18s, with 75029955 rules fired and 5203932 states in the queue.
	9800000 states explored in 1331.50s, with 76564477 rules fired and 5204051 states in the queue.
	9900000 states explored in 1365.24s, with 78173826 rules fired and 5195653 states in the queue.
	10000000 states explored in 1398.16s, with 79630802 rules fired and 5200005 states in the queue.
	10100000 states explored in 1434.47s, with 81165098 rules fired and 5191323 states in the queue.
	10200000 states explored in 1478.16s, with 83074010 rules fired and 5157654 states in the queue.
	10300000 states explored in 1502.69s, with 84117288 rules fired and 5186470 states in the queue.
	10400000 states explored in 1509.80s, with 84482113 rules fired and 5267129 states in the queue.
	10500000 states explored in 1516.85s, with 84838289 rules fired and 5348474 states in the queue.
	10600000 states explored in 1523.93s, with 85200040 rules fired and 5429288 states in the queue.
	10700000 states explored in 1532.53s, with 85587589 rules fired and 5508870 states in the queue.
	10800000 states explored in 1540.37s, with 85977226 rules fired and 5587220 states in the queue.
	10900000 states explored in 1548.20s, with 86373789 rules fired and 5665680 states in the queue.
	11000000 states explored in 1556.08s, with 86770351 rules fired and 5744296 states in the queue.
	11100000 states explored in 1563.44s, with 87160363 rules fired and 5823840 states in the queue.
	11200000 states explored in 1571.92s, with 87538086 rules fired and 5903313 states in the queue.
	11300000 states explored in 1580.81s, with 87947364 rules fired and 5980745 states in the queue.
	11400000 states explored in 1588.87s, with 88345506 rules fired and 6059579 states in the queue.
	11500000 states explored in 1597.62s, with 88762355 rules fired and 6136473 states in the queue.
	11600000 states explored in 1607.78s, with 89182834 rules fired and 6212561 states in the queue.
	11700000 states explored in 1616.99s, with 89595912 rules fired and 6289992 states in the queue.
	11800000 states explored in 1626.81s, with 90033215 rules fired and 6366636 states in the queue.
	11900000 states explored in 1635.28s, with 90462950 rules fired and 6443537 states in the queue.
	12000000 states explored in 1645.68s, with 90925590 rules fired and 6519356 states in the queue.
	12100000 states explored in 1656.74s, with 91408692 rules fired and 6592747 states in the queue.
	12200000 states explored in 1667.32s, with 91893838 rules fired and 6664944 states in the queue.
	12300000 states explored in 1678.45s, with 92415407 rules fired and 6735767 states in the queue.
	12400000 states explored in 1690.72s, with 92963817 rules fired and 6803790 states in the queue.
	12500000 states explored in 1703.15s, with 93526859 rules fired and 6870435 states in the queue.
	12600000 states explored in 1716.65s, with 94128802 rules fired and 6933557 states in the queue.
	12700000 states explored in 1730.50s, with 94760063 rules fired and 6996881 states in the queue.
	12800000 states explored in 1745.01s, with 95387737 rules fired and 7058841 states in the queue.
	12900000 states explored in 1760.74s, with 96065849 rules fired and 7118544 states in the queue.
	13000000 states explored in 1776.25s, with 96736506 rules fired and 7179370 states in the queue.
	13100000 states explored in 1791.84s, with 97389271 rules fired and 7237745 states in the queue.
	13200000 states explored in 1806.74s, with 98099725 rules fired and 7293637 states in the queue.
	13300000 states explored in 1827.02s, with 98845062 rules fired and 7346844 states in the queue.
	13400000 states explored in 1851.03s, with 99927816 rules fired and 7375000 states in the queue.
	13500000 states explored in 1876.13s, with 101090110 rules fired and 7399699 states in the queue.
	13600000 states explored in 1908.98s, with 102504272 rules fired and 7398948 states in the queue.
	13700000 states explored in 1949.84s, with 104102438 rules fired and 7371258 states in the queue.
	13800000 states explored in 1984.88s, with 105571458 rules fired and 7361477 states in the queue.
	13900000 states explored in 2024.35s, with 107177944 rules fired and 7333401 states in the queue.
	14000000 states explored in 2063.58s, with 108685781 rules fired and 7314891 states in the queue.
	14100000 states explored in 2098.02s, with 110149334 rules fired and 7306295 states in the queue.
	14200000 states explored in 2137.57s, with 111569847 rules fired and 7301710 states in the queue.
	14300000 states explored in 2166.37s, with 112803851 rules fired and 7308264 states in the queue.
	14400000 states explored in 2192.43s, with 113877244 rules fired and 7329289 states in the queue.
	14500000 states explored in 2217.64s, with 114874168 rules fired and 7355904 states in the queue.
	14600000 states explored in 2242.16s, with 115836591 rules fired and 7385629 states in the queue.
	14700000 states explored in 2276.62s, with 117057701 rules fired and 7392606 states in the queue.
	14800000 states explored in 2298.70s, with 117923331 rules fired and 7428981 states in the queue.
	14900000 states explored in 2318.22s, with 118736124 rules fired and 7472420 states in the queue.
	15000000 states explored in 2343.77s, with 119620846 rules fired and 7503665 states in the queue.
	15100000 states explored in 2362.12s, with 120387251 rules fired and 7552115 states in the queue.
	15200000 states explored in 2373.62s, with 120860931 rules fired and 7627024 states in the queue.
	15300000 states explored in 2385.81s, with 121364740 rules fired and 7700244 states in the queue.
	15400000 states explored in 2398.91s, with 121888237 rules fired and 7773815 states in the queue.
	15500000 states explored in 2412.93s, with 122443652 rules fired and 7845237 states in the queue.
	15600000 states explored in 2430.31s, with 123091239 rules fired and 7908351 states in the queue.
	15700000 states explored in 2449.79s, with 123791731 rules fired and 7965848 states in the queue.
	15800000 states explored in 2466.77s, with 124526432 rules fired and 8023060 states in the queue.
	15900000 states explored in 2485.63s, with 125244503 rules fired and 8079702 states in the queue.
	16000000 states explored in 2506.91s, with 125913879 rules fired and 8138938 states in the queue.
	16100000 states explored in 2532.49s, with 126713472 rules fired and 8190156 states in the queue.
	16200000 states explored in 2550.03s, with 127403224 rules fired and 8249497 states in the queue.
	16300000 states explored in 2564.29s, with 128035954 rules fired and 8315989 states in the queue.
	16400000 states explored in 2585.70s, with 128826518 rules fired and 8371730 states in the queue.
	16500000 states explored in 2605.55s, with 129717388 rules fired and 8422839 states in the queue.
	16600000 states explored in 2625.37s, with 130551697 rules fired and 8477543 states in the queue.
	16700000 states explored in 2646.66s, with 131371129 rules fired and 8533950 states in the queue.
	16800000 states explored in 2670.31s, with 132334329 rules fired and 8582739 states in the queue.
	16900000 states explored in 2698.26s, with 133396332 rules fired and 8618064 states in the queue.
	17000000 states explored in 2725.40s, with 134617897 rules fired and 8651228 states in the queue.
	17100000 states explored in 2756.92s, with 135835035 rules fired and 8675615 states in the queue.

Error:

	Internal Error: Too many active states.



