This program should be regarded as a DEBUGGING aid, not as a 
certifier of correctness.
Call with the -l flag or read the license file for terms
and conditions of use.
Run this program with "-h" for the list of options.

Bugs, questions, and comments should be directed to
"melatti@di.uniroma1.it".

CMurphi compiler last modified date: Apr 10 2024
Include files last modified date:    Jul 23 2021
==========================================================================

==========================================================================
Caching Murphi Release 5.5.0
Finite-state Concurrent System Verifier.

Caching Murphi Release 5.5.0 is based on various versions of Murphi.
Caching Murphi Release 5.5.0 :
Copyright (C) 2009-2012 by Sapienza University of Rome.
Murphi release 3.1 :
Copyright (C) 1992 - 1999 by the Board of Trustees of
Leland Stanford Junior University.

==========================================================================

Protocol: ./protocols/exec/German_node8/German_node8_inv223
===========================================
  You are using LS algorithm.  
===========================================

===== Startstates are generated! =====
Carelist Layer 0: Cache[1].State Cache[2].State Cache[3].State Cache[4].State Cache[5].State Cache[6].State Cache[7].State Cache[8].State 

===== Init heuristics! =====

Progress Report:

	100000 states explored in 8.83s, with 524406 rules fired and 76070 states in the queue.
	200000 states explored in 15.41s, with 1200080 rules fired and 141910 states in the queue.
	300000 states explored in 19.84s, with 1658866 rules fired and 220982 states in the queue.
	400000 states explored in 26.88s, with 2336594 rules fired and 288444 states in the queue.
	500000 states explored in 36.50s, with 3256315 rules fired and 336864 states in the queue.
	600000 states explored in 40.72s, with 3649892 rules fired and 419082 states in the queue.
	700000 states explored in 45.46s, with 4095941 rules fired and 498544 states in the queue.
	800000 states explored in 50.91s, with 4608092 rules fired and 574534 states in the queue.
	900000 states explored in 57.15s, with 5193988 rules fired and 646237 states in the queue.
	1000000 states explored in 67.71s, with 6122535 rules fired and 698342 states in the queue.
	1100000 states explored in 83.43s, with 7447243 rules fired and 723337 states in the queue.
	1200000 states explored in 96.63s, with 8521168 rules fired and 759254 states in the queue.
	1300000 states explored in 100.58s, with 8876403 rules fired and 842871 states in the queue.
	1400000 states explored in 105.06s, with 9260448 rules fired and 923879 states in the queue.
	1500000 states explored in 109.93s, with 9670647 rules fired and 1004631 states in the queue.
	1600000 states explored in 116.37s, with 10202158 rules fired and 1076966 states in the queue.
	1700000 states explored in 123.04s, with 10741478 rules fired and 1149053 states in the queue.
	1800000 states explored in 129.54s, with 11272608 rules fired and 1222266 states in the queue.
	1900000 states explored in 136.42s, with 11827237 rules fired and 1295095 states in the queue.
	2000000 states explored in 144.83s, with 12472660 rules fired and 1361756 states in the queue.
	2100000 states explored in 156.24s, with 13306703 rules fired and 1417255 states in the queue.
	2200000 states explored in 168.38s, with 14126984 rules fired and 1470675 states in the queue.
	2300000 states explored in 179.16s, with 14893673 rules fired and 1530181 states in the queue.
	2400000 states explored in 198.30s, with 16159555 rules fired and 1555788 states in the queue.
	2500000 states explored in 220.11s, with 17673916 rules fired and 1557363 states in the queue.
	2600000 states explored in 246.89s, with 19482623 rules fired and 1531721 states in the queue.
	2700000 states explored in 259.23s, with 20347054 rules fired and 1578965 states in the queue.
	2800000 states explored in 264.10s, with 20697923 rules fired and 1661463 states in the queue.
	2900000 states explored in 269.32s, with 21076175 rules fired and 1742603 states in the queue.
	3000000 states explored in 275.77s, with 21487651 rules fired and 1820988 states in the queue.
	3100000 states explored in 282.10s, with 21919234 rules fired and 1898563 states in the queue.
	3200000 states explored in 288.73s, with 22388107 rules fired and 1976555 states in the queue.
	3300000 states explored in 298.86s, with 23061714 rules fired and 2040714 states in the queue.
	3400000 states explored in 308.77s, with 23716830 rules fired and 2104639 states in the queue.
	3500000 states explored in 318.23s, with 24342239 rules fired and 2170164 states in the queue.
	3600000 states explored in 328.05s, with 24965941 rules fired and 2234043 states in the queue.
	3700000 states explored in 337.62s, with 25598691 rules fired and 2296990 states in the queue.
	3800000 states explored in 346.81s, with 26207860 rules fired and 2362800 states in the queue.
	3900000 states explored in 356.83s, with 26846571 rules fired and 2424486 states in the queue.
	4000000 states explored in 368.98s, with 27606821 rules fired and 2478225 states in the queue.
	4100000 states explored in 383.54s, with 28522995 rules fired and 2523572 states in the queue.
	4200000 states explored in 396.01s, with 29255379 rules fired and 2578955 states in the queue.
	4300000 states explored in 404.62s, with 29784926 rules fired and 2648814 states in the queue.
	4400000 states explored in 416.98s, with 30465802 rules fired and 2708692 states in the queue.
	4500000 states explored in 428.72s, with 31153897 rules fired and 2767611 states in the queue.
	4600000 states explored in 445.55s, with 32076233 rules fired and 2807925 states in the queue.
	4700000 states explored in 467.11s, with 33210579 rules fired and 2834586 states in the queue.
	4800000 states explored in 489.20s, with 34371301 rules fired and 2859282 states in the queue.
	4900000 states explored in 511.58s, with 35572355 rules fired and 2881691 states in the queue.
	5000000 states explored in 531.23s, with 36716650 rules fired and 2907861 states in the queue.
	5100000 states explored in 551.88s, with 37966359 rules fired and 2925688 states in the queue.
	5200000 states explored in 577.73s, with 39506255 rules fired and 2923431 states in the queue.
	5300000 states explored in 608.00s, with 41182966 rules fired and 2906254 states in the queue.
	5400000 states explored in 640.04s, with 42903212 rules fired and 2884494 states in the queue.
	5500000 states explored in 645.47s, with 43235806 rules fired and 2966094 states in the queue.
	5600000 states explored in 650.93s, with 43594801 rules fired and 3046536 states in the queue.
	5700000 states explored in 656.67s, with 43961306 rules fired and 3126739 states in the queue.
	5800000 states explored in 663.49s, with 44347098 rules fired and 3205287 states in the queue.
	5900000 states explored in 670.95s, with 44756825 rules fired and 3283075 states in the queue.
	6000000 states explored in 679.71s, with 45202880 rules fired and 3359436 states in the queue.
	6100000 states explored in 687.13s, with 45653779 rules fired and 3436399 states in the queue.
	6200000 states explored in 695.33s, with 46109933 rules fired and 3511342 states in the queue.
	6300000 states explored in 703.75s, with 46614742 rules fired and 3585741 states in the queue.
	6400000 states explored in 715.77s, with 47288809 rules fired and 3647589 states in the queue.
	6500000 states explored in 733.93s, with 48286859 rules fired and 3689581 states in the queue.
	6600000 states explored in 752.07s, with 49277402 rules fired and 3727965 states in the queue.
	6700000 states explored in 765.72s, with 49988173 rules fired and 3782738 states in the queue.
	6800000 states explored in 778.01s, with 50645745 rules fired and 3841216 states in the queue.
	6900000 states explored in 791.41s, with 51322017 rules fired and 3896432 states in the queue.
	7000000 states explored in 806.69s, with 52080675 rules fired and 3946369 states in the queue.
	7100000 states explored in 821.12s, with 52824845 rules fired and 3997234 states in the queue.
	7200000 states explored in 835.34s, with 53548671 rules fired and 4050335 states in the queue.
	7300000 states explored in 849.68s, with 54282295 rules fired and 4101481 states in the queue.
	7400000 states explored in 863.69s, with 55014856 rules fired and 4151766 states in the queue.
	7500000 states explored in 879.32s, with 55841276 rules fired and 4196858 states in the queue.
	7600000 states explored in 895.07s, with 56663023 rules fired and 4244310 states in the queue.
	7700000 states explored in 915.90s, with 57661011 rules fired and 4276529 states in the queue.
	7800000 states explored in 934.50s, with 58607197 rules fired and 4309005 states in the queue.
	7900000 states explored in 952.58s, with 59422252 rules fired and 4349308 states in the queue.
	8000000 states explored in 962.84s, with 59941539 rules fired and 4416804 states in the queue.
	8100000 states explored in 975.83s, with 60511703 rules fired and 4479923 states in the queue.
	8200000 states explored in 985.63s, with 60997582 rules fired and 4550437 states in the queue.
	8300000 states explored in 996.05s, with 61505509 rules fired and 4619482 states in the queue.
	8400000 states explored in 1007.23s, with 62029056 rules fired and 4688348 states in the queue.
	8500000 states explored in 1017.41s, with 62530640 rules fired and 4762446 states in the queue.
	8600000 states explored in 1029.27s, with 63095059 rules fired and 4832993 states in the queue.
	8700000 states explored in 1039.83s, with 63682571 rules fired and 4904159 states in the queue.
	8800000 states explored in 1053.42s, with 64324855 rules fired and 4971173 states in the queue.
	8900000 states explored in 1074.19s, with 65317733 rules fired and 5012754 states in the queue.
	9000000 states explored in 1095.00s, with 66329927 rules fired and 5051598 states in the queue.
	9100000 states explored in 1116.55s, with 67387635 rules fired and 5086434 states in the queue.
	9200000 states explored in 1139.55s, with 68446580 rules fired and 5122282 states in the queue.
	9300000 states explored in 1165.42s, with 69662934 rules fired and 5146122 states in the queue.
	9400000 states explored in 1185.47s, with 70723947 rules fired and 5181502 states in the queue.
	9500000 states explored in 1209.11s, with 71867981 rules fired and 5209468 states in the queue.
	9600000 states explored in 1235.96s, with 73229044 rules fired and 5219017 states in the queue.
	9700000 states explored in 1264.53s, with 74734710 rules fired and 5219214 states in the queue.
	9800000 states explored in 1293.96s, with 76217023 rules fired and 5221451 states in the queue.
	9900000 states explored in 1325.25s, with 77850545 rules fired and 5213481 states in the queue.
	10000000 states explored in 1358.40s, with 79487497 rules fired and 5205064 states in the queue.
	10100000 states explored in 1394.05s, with 81184254 rules fired and 5187030 states in the queue.
	10200000 states explored in 1436.59s, with 83150913 rules fired and 5145175 states in the queue.
	10300000 states explored in 1456.12s, with 84096481 rules fired and 5185330 states in the queue.
	10400000 states explored in 1463.59s, with 84455484 rules fired and 5265130 states in the queue.
	10500000 states explored in 1470.60s, with 84830650 rules fired and 5345393 states in the queue.
	10600000 states explored in 1477.14s, with 85178623 rules fired and 5427303 states in the queue.
	10700000 states explored in 1483.69s, with 85552693 rules fired and 5506828 states in the queue.
	10800000 states explored in 1490.46s, with 85937584 rules fired and 5586038 states in the queue.
	10900000 states explored in 1497.35s, with 86326342 rules fired and 5665102 states in the queue.
	11000000 states explored in 1505.35s, with 86730162 rules fired and 5742589 states in the queue.
	11100000 states explored in 1514.24s, with 87129595 rules fired and 5820562 states in the queue.
	11200000 states explored in 1523.21s, with 87551872 rules fired and 5897079 states in the queue.
	11300000 states explored in 1531.99s, with 87974735 rules fired and 5973727 states in the queue.
	11400000 states explored in 1541.07s, with 88390430 rules fired and 6050414 states in the queue.
	11500000 states explored in 1550.60s, with 88812528 rules fired and 6127021 states in the queue.
	11600000 states explored in 1559.81s, with 89248156 rules fired and 6204336 states in the queue.
	11700000 states explored in 1569.10s, with 89687319 rules fired and 6280857 states in the queue.
	11800000 states explored in 1578.69s, with 90133758 rules fired and 6357119 states in the queue.
	11900000 states explored in 1588.05s, with 90589514 rules fired and 6433187 states in the queue.
	12000000 states explored in 1598.17s, with 91088428 rules fired and 6506648 states in the queue.
	12100000 states explored in 1609.02s, with 91588303 rules fired and 6578259 states in the queue.
	12200000 states explored in 1620.25s, with 92112072 rules fired and 6649315 states in the queue.
	12300000 states explored in 1631.68s, with 92667260 rules fired and 6716569 states in the queue.
	12400000 states explored in 1644.72s, with 93254433 rules fired and 6782916 states in the queue.
	12500000 states explored in 1659.39s, with 93860214 rules fired and 6848981 states in the queue.
	12600000 states explored in 1674.02s, with 94499242 rules fired and 6912202 states in the queue.
	12700000 states explored in 1688.12s, with 95120430 rules fired and 6976362 states in the queue.
	12800000 states explored in 1702.32s, with 95776997 rules fired and 7037903 states in the queue.
	12900000 states explored in 1716.37s, with 96397710 rules fired and 7100477 states in the queue.
	13000000 states explored in 1729.85s, with 97003668 rules fired and 7164371 states in the queue.
	13100000 states explored in 1743.73s, with 97666462 rules fired and 7224428 states in the queue.
	13200000 states explored in 1759.18s, with 98410347 rules fired and 7278940 states in the queue.
	13300000 states explored in 1783.10s, with 99483455 rules fired and 7308328 states in the queue.
	13400000 states explored in 1807.75s, with 100565326 rules fired and 7339958 states in the queue.
	13500000 states explored in 1835.79s, with 101777969 rules fired and 7361926 states in the queue.
	13600000 states explored in 1867.54s, with 103160156 rules fired and 7364485 states in the queue.
	13700000 states explored in 1900.14s, with 104599689 rules fired and 7363779 states in the queue.
	13800000 states explored in 1936.41s, with 106112884 rules fired and 7350707 states in the queue.
	13900000 states explored in 1971.27s, with 107583609 rules fired and 7341591 states in the queue.
	14000000 states explored in 2003.10s, with 109024130 rules fired and 7333469 states in the queue.
	14100000 states explored in 2026.74s, with 109965168 rules fired and 7368969 states in the queue.
	14200000 states explored in 2052.20s, with 110968914 rules fired and 7397176 states in the queue.
	14300000 states explored in 2084.04s, with 112214197 rules fired and 7402907 states in the queue.
	14400000 states explored in 2116.58s, with 113512335 rules fired and 7402070 states in the queue.
	14500000 states explored in 2144.15s, with 114611322 rules fired and 7416240 states in the queue.
	14600000 states explored in 2167.94s, with 115529206 rules fired and 7451148 states in the queue.
	14700000 states explored in 2193.47s, with 116509350 rules fired and 7479164 states in the queue.
	14800000 states explored in 2219.66s, with 117525855 rules fired and 7501242 states in the queue.
	14900000 states explored in 2246.33s, with 118514044 rules fired and 7523691 states in the queue.
	15000000 states explored in 2267.20s, with 119376118 rules fired and 7558342 states in the queue.
	15100000 states explored in 2287.21s, with 120191158 rules fired and 7597522 states in the queue.
	15200000 states explored in 2303.31s, with 120832285 rules fired and 7653089 states in the queue.
	15300000 states explored in 2315.80s, with 121315874 rules fired and 7726986 states in the queue.
	15400000 states explored in 2327.69s, with 121856100 rules fired and 7798411 states in the queue.
	15500000 states explored in 2342.30s, with 122469292 rules fired and 7864803 states in the queue.
	15600000 states explored in 2360.68s, with 123127839 rules fired and 7924758 states in the queue.
	15700000 states explored in 2377.62s, with 123805377 rules fired and 7984235 states in the queue.
	15800000 states explored in 2395.08s, with 124484917 rules fired and 8042552 states in the queue.
	15900000 states explored in 2415.85s, with 125211037 rules fired and 8097905 states in the queue.
	16000000 states explored in 2436.93s, with 125971909 rules fired and 8152225 states in the queue.
	16100000 states explored in 2455.69s, with 126729421 rules fired and 8206727 states in the queue.
	16200000 states explored in 2469.51s, with 127328314 rules fired and 8271260 states in the queue.
	16300000 states explored in 2483.06s, with 127874214 rules fired and 8340602 states in the queue.
	16400000 states explored in 2496.94s, with 128522721 rules fired and 8405422 states in the queue.
	16500000 states explored in 2516.47s, with 129387530 rules fired and 8459146 states in the queue.
	16600000 states explored in 2534.57s, with 130225531 rules fired and 8516895 states in the queue.
	16700000 states explored in 2553.21s, with 131030016 rules fired and 8572767 states in the queue.
	16800000 states explored in 2573.73s, with 131968336 rules fired and 8619307 states in the queue.
	16900000 states explored in 2594.03s, with 132856082 rules fired and 8669284 states in the queue.

Error:

	Internal Error: Too many active states.



