This program should be regarded as a DEBUGGING aid, not as a 
certifier of correctness.
Call with the -l flag or read the license file for terms
and conditions of use.
Run this program with "-h" for the list of options.

Bugs, questions, and comments should be directed to
"melatti@di.uniroma1.it".

CMurphi compiler last modified date: Apr 10 2024
Include files last modified date:    Jul 23 2021
==========================================================================

==========================================================================
Caching Murphi Release 5.5.0
Finite-state Concurrent System Verifier.

Caching Murphi Release 5.5.0 is based on various versions of Murphi.
Caching Murphi Release 5.5.0 :
Copyright (C) 2009-2012 by Sapienza University of Rome.
Murphi release 3.1 :
Copyright (C) 1992 - 1999 by the Board of Trustees of
Leland Stanford Junior University.

==========================================================================

Protocol: ./protocols/exec/German_node8/German_node8_inv85
===========================================
  You are using LS algorithm.  
===========================================

===== Startstates are generated! =====
Carelist Layer 0: Cache[1].State Cache[2].State Cache[3].State Cache[4].State Cache[5].State Cache[6].State Cache[7].State Cache[8].State 

===== Init heuristics! =====

Progress Report:

	100000 states explored in 8.32s, with 529767 rules fired and 75753 states in the queue.
	200000 states explored in 14.63s, with 1187102 rules fired and 142923 states in the queue.
	300000 states explored in 19.43s, with 1665059 rules fired and 220011 states in the queue.
	400000 states explored in 28.26s, with 2554732 rules fired and 274081 states in the queue.
	500000 states explored in 34.12s, with 3165040 rules fired and 343351 states in the queue.
	600000 states explored in 37.84s, with 3549792 rules fired and 426339 states in the queue.
	700000 states explored in 42.71s, with 4041596 rules fired and 503704 states in the queue.
	800000 states explored in 48.46s, with 4611875 rules fired and 576570 states in the queue.
	900000 states explored in 57.16s, with 5406666 rules fired and 635188 states in the queue.
	1000000 states explored in 70.56s, with 6607234 rules fired and 668761 states in the queue.
	1100000 states explored in 84.10s, with 7831707 rules fired and 700583 states in the queue.
	1200000 states explored in 87.89s, with 8173367 rules fired and 784101 states in the queue.
	1300000 states explored in 92.19s, with 8558454 rules fired and 865108 states in the queue.
	1400000 states explored in 97.08s, with 8991919 rules fired and 943410 states in the queue.
	1500000 states explored in 103.30s, with 9535843 rules fired and 1016526 states in the queue.
	1600000 states explored in 109.13s, with 10077393 rules fired and 1088226 states in the queue.
	1700000 states explored in 115.62s, with 10620413 rules fired and 1159789 states in the queue.
	1800000 states explored in 123.35s, with 11222457 rules fired and 1227494 states in the queue.
	1900000 states explored in 133.69s, with 11963083 rules fired and 1287619 states in the queue.
	2000000 states explored in 147.44s, with 12953349 rules fired and 1332230 states in the queue.
	2100000 states explored in 160.65s, with 13892040 rules fired and 1380418 states in the queue.
	2200000 states explored in 176.24s, with 14946345 rules fired and 1421299 states in the queue.
	2300000 states explored in 198.23s, with 16430175 rules fired and 1429946 states in the queue.
	2400000 states explored in 224.82s, with 18217783 rules fired and 1416724 states in the queue.
	2500000 states explored in 230.02s, with 18576286 rules fired and 1497027 states in the queue.
	2600000 states explored in 235.77s, with 18961678 rules fired and 1576629 states in the queue.
	2700000 states explored in 241.53s, with 19351885 rules fired and 1656090 states in the queue.
	2800000 states explored in 247.92s, with 19775921 rules fired and 1732715 states in the queue.
	2900000 states explored in 254.31s, with 20216142 rules fired and 1811130 states in the queue.
	3000000 states explored in 262.83s, with 20768500 rules fired and 1880805 states in the queue.
	3100000 states explored in 272.38s, with 21446736 rules fired and 1946470 states in the queue.
	3200000 states explored in 285.55s, with 22333891 rules fired and 1993874 states in the queue.
	3300000 states explored in 295.37s, with 22973802 rules fired and 2055032 states in the queue.
	3400000 states explored in 306.17s, with 23657771 rules fired and 2115169 states in the queue.
	3500000 states explored in 317.70s, with 24363379 rules fired and 2172500 states in the queue.
	3600000 states explored in 330.26s, with 25159257 rules fired and 2223873 states in the queue.
	3700000 states explored in 343.06s, with 25972007 rules fired and 2275445 states in the queue.
	3800000 states explored in 358.63s, with 26893799 rules fired and 2318901 states in the queue.
	3900000 states explored in 377.49s, with 27986123 rules fired and 2345570 states in the queue.
	4000000 states explored in 387.53s, with 28605204 rules fired and 2409033 states in the queue.
	4100000 states explored in 399.75s, with 29332218 rules fired and 2467685 states in the queue.
	4200000 states explored in 412.15s, with 30067340 rules fired and 2527075 states in the queue.
	4300000 states explored in 434.21s, with 31295817 rules fired and 2548831 states in the queue.
	4400000 states explored in 453.74s, with 32370576 rules fired and 2580241 states in the queue.
	4500000 states explored in 476.62s, with 33683633 rules fired and 2595205 states in the queue.
	4600000 states explored in 500.52s, with 34963124 rules fired and 2611654 states in the queue.
	4700000 states explored in 526.16s, with 36371231 rules fired and 2622820 states in the queue.
	4800000 states explored in 552.76s, with 37946346 rules fired and 2623696 states in the queue.
	4900000 states explored in 558.15s, with 38287575 rules fired and 2704821 states in the queue.
	5000000 states explored in 564.00s, with 38655418 rules fired and 2785211 states in the queue.
	5100000 states explored in 569.88s, with 39038067 rules fired and 2865474 states in the queue.
	5200000 states explored in 576.18s, with 39418580 rules fired and 2944578 states in the queue.
	5300000 states explored in 582.74s, with 39805843 rules fired and 3022804 states in the queue.
	5400000 states explored in 589.47s, with 40235260 rules fired and 3099797 states in the queue.
	5500000 states explored in 596.56s, with 40678464 rules fired and 3174826 states in the queue.
	5600000 states explored in 604.19s, with 41120000 rules fired and 3249551 states in the queue.
	5700000 states explored in 611.39s, with 41570342 rules fired and 3325354 states in the queue.
	5800000 states explored in 619.99s, with 42096277 rules fired and 3396332 states in the queue.
	5900000 states explored in 629.01s, with 42622929 rules fired and 3467429 states in the queue.
	6000000 states explored in 640.06s, with 43147827 rules fired and 3539662 states in the queue.
	6100000 states explored in 648.72s, with 43746955 rules fired and 3609969 states in the queue.
	6200000 states explored in 667.60s, with 44769550 rules fired and 3650289 states in the queue.
	6300000 states explored in 690.76s, with 45971934 rules fired and 3664042 states in the queue.
	6400000 states explored in 709.05s, with 47052803 rules fired and 3694721 states in the queue.
	6500000 states explored in 726.16s, with 47993680 rules fired and 3736260 states in the queue.
	6600000 states explored in 740.33s, with 48765852 rules fired and 3785095 states in the queue.
	6700000 states explored in 755.22s, with 49554374 rules fired and 3831611 states in the queue.
	6800000 states explored in 773.01s, with 50489387 rules fired and 3864329 states in the queue.
	6900000 states explored in 792.22s, with 51489664 rules fired and 3892994 states in the queue.
	7000000 states explored in 810.66s, with 52400334 rules fired and 3928774 states in the queue.
	7100000 states explored in 830.29s, with 53319809 rules fired and 3963698 states in the queue.
	7200000 states explored in 854.07s, with 54428295 rules fired and 3980588 states in the queue.
	7300000 states explored in 878.90s, with 55600880 rules fired and 3993556 states in the queue.
	7400000 states explored in 898.74s, with 56515522 rules fired and 4027099 states in the queue.
	7500000 states explored in 911.58s, with 57061040 rules fired and 4092336 states in the queue.
	7600000 states explored in 924.01s, with 57628354 rules fired and 4158501 states in the queue.
	7700000 states explored in 941.45s, with 58443748 rules fired and 4203531 states in the queue.
	7800000 states explored in 950.45s, with 58973276 rules fired and 4277489 states in the queue.
	7900000 states explored in 961.45s, with 59549119 rules fired and 4347605 states in the queue.
	8000000 states explored in 973.48s, with 60153900 rules fired and 4416004 states in the queue.
	8100000 states explored in 988.82s, with 60998563 rules fired and 4470695 states in the queue.
	8200000 states explored in 1007.70s, with 61930042 rules fired and 4518714 states in the queue.
	8300000 states explored in 1033.26s, with 63205615 rules fired and 4540590 states in the queue.
	8400000 states explored in 1055.91s, with 64336402 rules fired and 4574997 states in the queue.
	8500000 states explored in 1079.74s, with 65577471 rules fired and 4601337 states in the queue.
	8600000 states explored in 1104.55s, with 66986439 rules fired and 4622618 states in the queue.
	8700000 states explored in 1139.22s, with 68759050 rules fired and 4609236 states in the queue.
	8800000 states explored in 1170.15s, with 70514549 rules fired and 4596933 states in the queue.
	8900000 states explored in 1209.61s, with 72355397 rules fired and 4575489 states in the queue.

==========================================================================

Result:

	Invariant "test_85" failed.

State Space Explored:

	8939019 states, 72534890 rules fired in 1213.47s.

