This program should be regarded as a DEBUGGING aid, not as a 
certifier of correctness.
Call with the -l flag or read the license file for terms
and conditions of use.
Run this program with "-h" for the list of options.

Bugs, questions, and comments should be directed to
"melatti@di.uniroma1.it".

CMurphi compiler last modified date: Apr 10 2024
Include files last modified date:    Jul 23 2021
==========================================================================

==========================================================================
Caching Murphi Release 5.5.0
Finite-state Concurrent System Verifier.

Caching Murphi Release 5.5.0 is based on various versions of Murphi.
Caching Murphi Release 5.5.0 :
Copyright (C) 2009-2012 by Sapienza University of Rome.
Murphi release 3.1 :
Copyright (C) 1992 - 1999 by the Board of Trustees of
Leland Stanford Junior University.

==========================================================================

Protocol: ./protocols/exec/German_node8/German_node8_inv230
===========================================
  You are using LS algorithm.  
===========================================

===== Startstates are generated! =====
Carelist Layer 0: Cache[1].State Cache[2].State Cache[3].State Cache[4].State Cache[5].State Cache[6].State Cache[7].State Cache[8].State 

===== Init heuristics! =====

Progress Report:

	100000 states explored in 8.48s, with 528825 rules fired and 75905 states in the queue.
	200000 states explored in 15.29s, with 1200822 rules fired and 141984 states in the queue.
	300000 states explored in 19.96s, with 1658589 rules fired and 221142 states in the queue.
	400000 states explored in 27.42s, with 2354833 rules fired and 287328 states in the queue.
	500000 states explored in 37.18s, with 3248593 rules fired and 337314 states in the queue.
	600000 states explored in 41.41s, with 3634469 rules fired and 419721 states in the queue.
	700000 states explored in 46.68s, with 4102133 rules fired and 498020 states in the queue.
	800000 states explored in 52.42s, with 4613765 rules fired and 573720 states in the queue.
	900000 states explored in 59.71s, with 5233486 rules fired and 643145 states in the queue.
	1000000 states explored in 70.93s, with 6171644 rules fired and 694707 states in the queue.
	1100000 states explored in 86.88s, with 7459559 rules fired and 721444 states in the queue.
	1200000 states explored in 100.24s, with 8526116 rules fired and 758932 states in the queue.
	1300000 states explored in 104.31s, with 8883145 rules fired and 842156 states in the queue.
	1400000 states explored in 108.84s, with 9276050 rules fired and 924025 states in the queue.
	1500000 states explored in 113.82s, with 9679491 rules fired and 1004402 states in the queue.
	1600000 states explored in 119.94s, with 10160065 rules fired and 1080681 states in the queue.
	1700000 states explored in 127.52s, with 10758230 rules fired and 1149245 states in the queue.
	1800000 states explored in 134.55s, with 11282924 rules fired and 1221675 states in the queue.
	1900000 states explored in 141.96s, with 11850747 rules fired and 1292749 states in the queue.
	2000000 states explored in 151.02s, with 12538753 rules fired and 1356933 states in the queue.
	2100000 states explored in 161.96s, with 13346536 rules fired and 1414409 states in the queue.
	2200000 states explored in 174.44s, with 14217293 rules fired and 1464774 states in the queue.
	2300000 states explored in 184.13s, with 14863393 rules fired and 1530238 states in the queue.
	2400000 states explored in 202.60s, with 16091888 rules fired and 1558750 states in the queue.
	2500000 states explored in 226.09s, with 17629955 rules fired and 1561497 states in the queue.
	2600000 states explored in 253.01s, with 19387210 rules fired and 1540521 states in the queue.
	2700000 states explored in 268.23s, with 20371539 rules fired and 1578086 states in the queue.
	2800000 states explored in 273.59s, with 20736001 rules fired and 1659377 states in the queue.
	2900000 states explored in 279.22s, with 21113351 rules fired and 1739992 states in the queue.
	3000000 states explored in 285.50s, with 21505040 rules fired and 1820213 states in the queue.
	3100000 states explored in 292.29s, with 21934080 rules fired and 1898438 states in the queue.
	3200000 states explored in 299.75s, with 22385665 rules fired and 1974413 states in the queue.
	3300000 states explored in 310.90s, with 23083021 rules fired and 2035994 states in the queue.
	3400000 states explored in 321.66s, with 23751687 rules fired and 2099175 states in the queue.
	3500000 states explored in 331.84s, with 24383194 rules fired and 2163216 states in the queue.
	3600000 states explored in 341.13s, with 24981505 rules fired and 2229533 states in the queue.
	3700000 states explored in 351.36s, with 25647001 rules fired and 2292000 states in the queue.
	3800000 states explored in 362.41s, with 26335943 rules fired and 2353508 states in the queue.
	3900000 states explored in 373.66s, with 27014786 rules fired and 2415471 states in the queue.
	4000000 states explored in 387.24s, with 27809879 rules fired and 2469232 states in the queue.
	4100000 states explored in 401.95s, with 28680974 rules fired and 2514096 states in the queue.
	4200000 states explored in 413.31s, with 29380634 rules fired and 2572734 states in the queue.
	4300000 states explored in 424.16s, with 29981027 rules fired and 2636847 states in the queue.
	4400000 states explored in 436.28s, with 30649283 rules fired and 2694836 states in the queue.
	4500000 states explored in 448.44s, with 31339596 rules fired and 2753927 states in the queue.
	4600000 states explored in 465.13s, with 32196771 rules fired and 2800325 states in the queue.
	4700000 states explored in 486.95s, with 33304580 rules fired and 2827799 states in the queue.
	4800000 states explored in 507.85s, with 34368844 rules fired and 2859350 states in the queue.
	4900000 states explored in 528.98s, with 35459148 rules fired and 2888175 states in the queue.
	5000000 states explored in 551.58s, with 36719317 rules fired and 2908240 states in the queue.
	5100000 states explored in 577.97s, with 38207109 rules fired and 2909977 states in the queue.
	5200000 states explored in 607.01s, with 39793417 rules fired and 2896835 states in the queue.
	5300000 states explored in 633.93s, with 41267774 rules fired and 2896604 states in the queue.
	5400000 states explored in 665.70s, with 42933954 rules fired and 2884508 states in the queue.
	5500000 states explored in 671.51s, with 43267904 rules fired and 2966480 states in the queue.
	5600000 states explored in 678.08s, with 43642887 rules fired and 3047002 states in the queue.
	5700000 states explored in 684.63s, with 44018577 rules fired and 3126646 states in the queue.
	5800000 states explored in 691.49s, with 44409632 rules fired and 3205048 states in the queue.
	5900000 states explored in 699.18s, with 44802400 rules fired and 3284245 states in the queue.
	6000000 states explored in 707.88s, with 45234262 rules fired and 3361088 states in the queue.
	6100000 states explored in 715.68s, with 45683803 rules fired and 3438112 states in the queue.
	6200000 states explored in 723.48s, with 46142210 rules fired and 3514841 states in the queue.
	6300000 states explored in 733.25s, with 46641048 rules fired and 3587228 states in the queue.
	6400000 states explored in 744.32s, with 47160459 rules fired and 3657920 states in the queue.
	6500000 states explored in 767.99s, with 48297527 rules fired and 3684168 states in the queue.
	6600000 states explored in 788.40s, with 49315315 rules fired and 3716020 states in the queue.
	6700000 states explored in 802.56s, with 50020569 rules fired and 3771269 states in the queue.
	6800000 states explored in 815.19s, with 50682226 rules fired and 3830776 states in the queue.
	6900000 states explored in 828.77s, with 51375360 rules fired and 3887244 states in the queue.
	7000000 states explored in 842.59s, with 52035112 rules fired and 3946519 states in the queue.
	7100000 states explored in 858.72s, with 52827465 rules fired and 3996934 states in the queue.
	7200000 states explored in 875.86s, with 53605943 rules fired and 4046560 states in the queue.
	7300000 states explored in 891.33s, with 54337077 rules fired and 4099933 states in the queue.
	7400000 states explored in 907.26s, with 55078738 rules fired and 4152199 states in the queue.
	7500000 states explored in 923.34s, with 55875533 rules fired and 4200341 states in the queue.
	7600000 states explored in 942.51s, with 56778465 rules fired and 4236294 states in the queue.
	7700000 states explored in 962.72s, with 57734645 rules fired and 4267042 states in the queue.
	7800000 states explored in 985.70s, with 58751906 rules fired and 4293217 states in the queue.
	7900000 states explored in 1003.30s, with 59563533 rules fired and 4335800 states in the queue.
	8000000 states explored in 1015.39s, with 60081137 rules fired and 4401355 states in the queue.
	8100000 states explored in 1026.76s, with 60567275 rules fired and 4468981 states in the queue.
	8200000 states explored in 1037.51s, with 61048380 rules fired and 4539304 states in the queue.
	8300000 states explored in 1051.38s, with 61567808 rules fired and 4607092 states in the queue.
	8400000 states explored in 1062.09s, with 62067741 rules fired and 4678914 states in the queue.
	8500000 states explored in 1072.16s, with 62558793 rules fired and 4753067 states in the queue.
	8600000 states explored in 1083.14s, with 63083370 rules fired and 4826039 states in the queue.
	8700000 states explored in 1095.11s, with 63646728 rules fired and 4897715 states in the queue.
	8800000 states explored in 1107.49s, with 64285996 rules fired and 4965469 states in the queue.
	8900000 states explored in 1124.78s, with 65168734 rules fired and 5018547 states in the queue.
	9000000 states explored in 1149.89s, with 66206729 rules fired and 5053469 states in the queue.
	9100000 states explored in 1172.83s, with 67257664 rules fired and 5090160 states in the queue.
	9200000 states explored in 1199.97s, with 68449450 rules fired and 5115449 states in the queue.
	9300000 states explored in 1223.76s, with 69571031 rules fired and 5144761 states in the queue.
	9400000 states explored in 1249.30s, with 70733555 rules fired and 5170615 states in the queue.
	9500000 states explored in 1273.46s, with 71950319 rules fired and 5195384 states in the queue.
	9600000 states explored in 1301.23s, with 73374990 rules fired and 5206942 states in the queue.
	9700000 states explored in 1337.47s, with 75007392 rules fired and 5199835 states in the queue.
	9800000 states explored in 1375.12s, with 76712013 rules fired and 5184396 states in the queue.
	9900000 states explored in 1409.66s, with 78318353 rules fired and 5177406 states in the queue.
	10000000 states explored in 1447.75s, with 79831240 rules fired and 5174530 states in the queue.
	10100000 states explored in 1479.00s, with 81337525 rules fired and 5172753 states in the queue.
	10200000 states explored in 1516.89s, with 83084763 rules fired and 5155532 states in the queue.
	10300000 states explored in 1541.68s, with 84115189 rules fired and 5186019 states in the queue.
	10400000 states explored in 1548.61s, with 84457620 rules fired and 5267251 states in the queue.
	10500000 states explored in 1555.65s, with 84819552 rules fired and 5348681 states in the queue.
	10600000 states explored in 1563.37s, with 85183328 rules fired and 5429424 states in the queue.
	10700000 states explored in 1571.15s, with 85555863 rules fired and 5510529 states in the queue.
	10800000 states explored in 1579.09s, with 85936490 rules fired and 5590200 states in the queue.
	10900000 states explored in 1587.84s, with 86329782 rules fired and 5668408 states in the queue.
	11000000 states explored in 1595.71s, with 86727406 rules fired and 5746951 states in the queue.
	11100000 states explored in 1605.35s, with 87161205 rules fired and 5824369 states in the queue.
	11200000 states explored in 1616.24s, with 87587864 rules fired and 5901764 states in the queue.
	11300000 states explored in 1627.00s, with 88022140 rules fired and 5977812 states in the queue.
	11400000 states explored in 1637.84s, with 88468878 rules fired and 6054258 states in the queue.
	11500000 states explored in 1648.72s, with 88923732 rules fired and 6130183 states in the queue.
	11600000 states explored in 1658.24s, with 89355805 rules fired and 6206222 states in the queue.
	11700000 states explored in 1667.93s, with 89803227 rules fired and 6281743 states in the queue.
	11800000 states explored in 1677.59s, with 90255355 rules fired and 6357336 states in the queue.
	11900000 states explored in 1689.53s, with 90734625 rules fired and 6431335 states in the queue.
	12000000 states explored in 1702.74s, with 91224623 rules fired and 6503638 states in the queue.
	12100000 states explored in 1715.82s, with 91722538 rules fired and 6575973 states in the queue.
	12200000 states explored in 1728.39s, with 92222194 rules fired and 6647139 states in the queue.
	12300000 states explored in 1742.60s, with 92799612 rules fired and 6712909 states in the queue.
	12400000 states explored in 1757.05s, with 93368570 rules fired and 6779206 states in the queue.
	12500000 states explored in 1771.65s, with 93948937 rules fired and 6845311 states in the queue.
	12600000 states explored in 1787.93s, with 94550550 rules fired and 6910292 states in the queue.
	12700000 states explored in 1802.20s, with 95171055 rules fired and 6974592 states in the queue.
	12800000 states explored in 1816.85s, with 95839514 rules fired and 7034276 states in the queue.
	12900000 states explored in 1830.73s, with 96511008 rules fired and 7095956 states in the queue.
	13000000 states explored in 1845.03s, with 97168066 rules fired and 7158291 states in the queue.
	13100000 states explored in 1859.06s, with 97827295 rules fired and 7218995 states in the queue.
	13200000 states explored in 1876.00s, with 98522300 rules fired and 7275656 states in the queue.
	13300000 states explored in 1897.21s, with 99434588 rules fired and 7315498 states in the queue.
	13400000 states explored in 1922.88s, with 100545658 rules fired and 7343475 states in the queue.
	13500000 states explored in 1949.96s, with 101678872 rules fired and 7367346 states in the queue.
	13600000 states explored in 1989.74s, with 103106988 rules fired and 7359868 states in the queue.
	13700000 states explored in 2028.20s, with 104545686 rules fired and 7349947 states in the queue.
	13800000 states explored in 2070.12s, with 106182988 rules fired and 7322757 states in the queue.
	13900000 states explored in 2111.61s, with 107802442 rules fired and 7301821 states in the queue.
	14000000 states explored in 2144.88s, with 109195387 rules fired and 7299321 states in the queue.
	14100000 states explored in 2179.61s, with 110404021 rules fired and 7306768 states in the queue.
	14200000 states explored in 2211.46s, with 111607726 rules fired and 7316661 states in the queue.
	14300000 states explored in 2241.18s, with 112681636 rules fired and 7338357 states in the queue.
	14400000 states explored in 2273.03s, with 113914894 rules fired and 7342117 states in the queue.
	14500000 states explored in 2297.80s, with 114880944 rules fired and 7366762 states in the queue.
	14600000 states explored in 2325.36s, with 115937769 rules fired and 7384778 states in the queue.
	14700000 states explored in 2349.66s, with 116895743 rules fired and 7417537 states in the queue.
	14800000 states explored in 2374.06s, with 117775829 rules fired and 7449549 states in the queue.
	14900000 states explored in 2399.88s, with 118721648 rules fired and 7474788 states in the queue.
	15000000 states explored in 2424.90s, with 119581394 rules fired and 7510675 states in the queue.
	15100000 states explored in 2445.89s, with 120425276 rules fired and 7553074 states in the queue.
	15200000 states explored in 2457.06s, with 120889919 rules fired and 7628081 states in the queue.
	15300000 states explored in 2468.17s, with 121351612 rules fired and 7704368 states in the queue.
	15400000 states explored in 2481.43s, with 121894359 rules fired and 7775746 states in the queue.
	15500000 states explored in 2494.91s, with 122498078 rules fired and 7841707 states in the queue.
	15600000 states explored in 2512.77s, with 123147638 rules fired and 7902231 states in the queue.
	15700000 states explored in 2533.10s, with 123846460 rules fired and 7958795 states in the queue.
	15800000 states explored in 2549.69s, with 124493995 rules fired and 8019639 states in the queue.
	15900000 states explored in 2568.74s, with 125201715 rules fired and 8075810 states in the queue.
	16000000 states explored in 2586.18s, with 125877746 rules fired and 8134107 states in the queue.
	16100000 states explored in 2604.12s, with 126631737 rules fired and 8189892 states in the queue.
	16200000 states explored in 2618.98s, with 127264400 rules fired and 8253398 states in the queue.
	16300000 states explored in 2631.74s, with 127822383 rules fired and 8322359 states in the queue.
	16400000 states explored in 2647.05s, with 128558085 rules fired and 8384164 states in the queue.
	16500000 states explored in 2664.40s, with 129381365 rules fired and 8440470 states in the queue.
	16600000 states explored in 2681.64s, with 130198703 rules fired and 8496188 states in the queue.
	16700000 states explored in 2699.88s, with 131075096 rules fired and 8549380 states in the queue.
	16800000 states explored in 2722.86s, with 132083250 rules fired and 8595089 states in the queue.
	16900000 states explored in 2743.68s, with 133001651 rules fired and 8646494 states in the queue.

Error:

	Internal Error: Too many active states.



