This program should be regarded as a DEBUGGING aid, not as a 
certifier of correctness.
Call with the -l flag or read the license file for terms
and conditions of use.
Run this program with "-h" for the list of options.

Bugs, questions, and comments should be directed to
"melatti@di.uniroma1.it".

CMurphi compiler last modified date: Apr 18 2024
Include files last modified date:    Jul 23 2021
==========================================================================

==========================================================================
Caching Murphi Release 5.5.0
Finite-state Concurrent System Verifier.

Caching Murphi Release 5.5.0 is based on various versions of Murphi.
Caching Murphi Release 5.5.0 :
Copyright (C) 2009-2012 by Sapienza University of Rome.
Murphi release 3.1 :
Copyright (C) 1992 - 1999 by the Board of Trustees of
Leland Stanford Junior University.

==========================================================================

Protocol: ./protocols/exec/TL-C_NonIn_M_data/TL-C_NonIn_M_data_inv109
===========================================
  You are using LS algorithm.  
===========================================

===== Startstates are generated! =====
Carelist Layer 0: Tree[1].cache[1].state Tree[2].cache[1].state Tree[3].cache[1].state Tree[4].cache[1].state Tree[5].cache[1].state Tree[6].cache[1].state Tree[7].cache[1].state 
Carelist Layer 1: Tree[node].chanA[node].opcode Tree[node].chanA[node].para Tree[node].chanA[node].addr Tree[node].cache[node].state Tree[node].directory[node][node] Tree[node].master_pending[node] Tree[node].chanC[node].opcode Tree[node].chanB[node].opcode Tree[node].chanB[node].para Tree[node].chanB[node].addr Tree[node].chanD[node].opcode Tree[node].chanD[node].para Tree[node].chanD[node].addr Tree[node].chanC[node].para Tree[node].chanC[node].addr Tree[node].slave_pending[node][node] 
Carelist Layer 2: Tree[node].chanE[node].opcode Tree[node].chanE[node].addr 
Attr: Tree[node].chanE[node].opcode Level: 2 Wi: 2
Attr: Tree[node].chanC[node].addr Level: 1 Wi: 4
Attr: Tree[node].chanC[node].para Level: 1 Wi: 4
Attr: Tree[node].chanD[node].addr Level: 1 Wi: 4
Attr: Tree[node].chanD[node].opcode Level: 1 Wi: 4
Attr: Tree[node].slave_pending[node][node] Level: 1 Wi: 4
Attr: Tree[6].cache[1].state Level: 0 Wi: 8
Attr: Tree[2].cache[1].state Level: 0 Wi: 8
Attr: Tree[5].cache[1].state Level: 0 Wi: 8
Attr: Tree[node].chanB[node].addr Level: 1 Wi: 4
Attr: Tree[4].cache[1].state Level: 0 Wi: 8
Attr: Tree[node].chanD[node].para Level: 1 Wi: 4
Attr: Tree[node].master_pending[node] Level: 1 Wi: 4
Attr: Tree[3].cache[1].state Level: 0 Wi: 8
Attr: Tree[node].cache[node].state Level: 1 Wi: 4
Attr: Tree[7].cache[1].state Level: 0 Wi: 8
Attr: Tree[node].chanA[node].opcode Level: 1 Wi: 4
Attr: Tree[node].chanA[node].para Level: 1 Wi: 4
Attr: Tree[node].directory[node][node] Level: 1 Wi: 4
Attr: Tree[node].chanA[node].addr Level: 1 Wi: 4
Attr: Tree[1].cache[1].state Level: 0 Wi: 8
Attr: Tree[node].chanC[node].opcode Level: 1 Wi: 4
Attr: Tree[node].chanB[node].opcode Level: 1 Wi: 4
Attr: Tree[node].chanE[node].addr Level: 2 Wi: 2
Attr: Tree[node].chanB[node].para Level: 1 Wi: 4

===== Init heuristics! =====

Progress Report:

	100000 states explored in 12.81s, with 673518 rules fired and 74083 states in the queue.
	200000 states explored in 28.11s, with 1642388 rules fired and 129996 states in the queue.
	300000 states explored in 35.41s, with 2108086 rules fired and 211833 states in the queue.
	400000 states explored in 49.51s, with 2979371 rules fired and 273187 states in the queue.
	500000 states explored in 69.78s, with 4230176 rules fired and 307023 states in the queue.
	600000 states explored in 76.79s, with 4670232 rules fired and 388677 states in the queue.
	700000 states explored in 85.38s, with 5206141 rules fired and 465671 states in the queue.
	800000 states explored in 96.58s, with 5897739 rules fired and 535137 states in the queue.
	900000 states explored in 117.55s, with 7166244 rules fired and 569661 states in the queue.
	1000000 states explored in 141.36s, with 8624098 rules fired and 590475 states in the queue.
	1100000 states explored in 157.62s, with 9633199 rules fired and 636199 states in the queue.
	1200000 states explored in 163.43s, with 9991855 rules fired and 720549 states in the queue.
	1300000 states explored in 170.23s, with 10411562 rules fired and 802417 states in the queue.
	1400000 states explored in 178.14s, with 10894642 rules fired and 881052 states in the queue.
	1500000 states explored in 187.56s, with 11470550 rules fired and 955202 states in the queue.
	1600000 states explored in 203.30s, with 12423224 rules fired and 1007748 states in the queue.
	1700000 states explored in 219.44s, with 13394907 rules fired and 1057445 states in the queue.
	1800000 states explored in 236.46s, with 14416283 rules fired and 1102711 states in the queue.
	1900000 states explored in 257.37s, with 15670004 rules fired and 1131958 states in the queue.
	2000000 states explored in 278.30s, with 16949903 rules fired and 1163537 states in the queue.
	2100000 states explored in 295.15s, with 18003829 rules fired and 1210294 states in the queue.
	2200000 states explored in 315.04s, with 19257475 rules fired and 1247667 states in the queue.
	2300000 states explored in 337.73s, with 20663950 rules fired and 1271741 states in the queue.
	2400000 states explored in 342.98s, with 20987455 rules fired and 1357664 states in the queue.
	2500000 states explored in 348.71s, with 21340698 rules fired and 1442275 states in the queue.
	2600000 states explored in 354.95s, with 21727145 rules fired and 1525869 states in the queue.
	2700000 states explored in 361.28s, with 22112152 rules fired and 1608398 states in the queue.
	2800000 states explored in 368.18s, with 22536337 rules fired and 1690037 states in the queue.
	2900000 states explored in 375.64s, with 22992847 rules fired and 1769780 states in the queue.
	3000000 states explored in 383.76s, with 23490752 rules fired and 1847881 states in the queue.
	3100000 states explored in 393.00s, with 24050845 rules fired and 1922182 states in the queue.
	3200000 states explored in 407.31s, with 24892453 rules fired and 1979159 states in the queue.
	3300000 states explored in 426.71s, with 26036379 rules fired and 2016184 states in the queue.
	3400000 states explored in 447.37s, with 27257997 rules fired and 2046572 states in the queue.
	3500000 states explored in 464.16s, with 28250275 rules fired and 2090552 states in the queue.
	3600000 states explored in 480.31s, with 29204490 rules fired and 2136689 states in the queue.
	3700000 states explored in 497.42s, with 30217983 rules fired and 2178631 states in the queue.
	3800000 states explored in 515.47s, with 31297824 rules fired and 2218497 states in the queue.
	3900000 states explored in 534.23s, with 32425426 rules fired and 2255545 states in the queue.
	4000000 states explored in 552.39s, with 33525425 rules fired and 2295349 states in the queue.
	4100000 states explored in 571.88s, with 34709062 rules fired and 2330498 states in the queue.
	4200000 states explored in 589.45s, with 35793087 rules fired and 2373833 states in the queue.
	4300000 states explored in 599.07s, with 36404161 rules fired and 2446486 states in the queue.
	4400000 states explored in 607.02s, with 36918757 rules fired and 2525888 states in the queue.
	4500000 states explored in 615.42s, with 37454666 rules fired and 2602952 states in the queue.

Error:

	Internal Error: Too many active states.



