This program should be regarded as a DEBUGGING aid, not as a 
certifier of correctness.
Call with the -l flag or read the license file for terms
and conditions of use.
Run this program with "-h" for the list of options.

Bugs, questions, and comments should be directed to
"melatti@di.uniroma1.it".

CMurphi compiler last modified date: Apr 18 2024
Include files last modified date:    Jul 23 2021
==========================================================================

==========================================================================
Caching Murphi Release 5.5.0
Finite-state Concurrent System Verifier.

Caching Murphi Release 5.5.0 is based on various versions of Murphi.
Caching Murphi Release 5.5.0 :
Copyright (C) 2009-2012 by Sapienza University of Rome.
Murphi release 3.1 :
Copyright (C) 1992 - 1999 by the Board of Trustees of
Leland Stanford Junior University.

==========================================================================

Protocol: ./protocols/exec/TL-C_NonIn_M_data/TL-C_NonIn_M_data_inv191
===========================================
  You are using LS algorithm.  
===========================================

===== Startstates are generated! =====
Carelist Layer 0: Tree[1].cache[1].state Tree[2].cache[1].state Tree[3].cache[1].state Tree[4].cache[1].state Tree[5].cache[1].state Tree[6].cache[1].state Tree[7].cache[1].state 
Carelist Layer 1: Tree[node].chanA[node].opcode Tree[node].chanA[node].para Tree[node].chanA[node].addr Tree[node].cache[node].state Tree[node].directory[node][node] Tree[node].master_pending[node] Tree[node].chanC[node].opcode Tree[node].chanB[node].opcode Tree[node].chanB[node].para Tree[node].chanB[node].addr Tree[node].chanD[node].opcode Tree[node].chanD[node].para Tree[node].chanD[node].addr Tree[node].chanC[node].para Tree[node].chanC[node].addr Tree[node].slave_pending[node][node] 
Carelist Layer 2: Tree[node].chanE[node].opcode Tree[node].chanE[node].addr 
Attr: Tree[node].chanE[node].opcode Level: 2 Wi: 2
Attr: Tree[node].chanC[node].addr Level: 1 Wi: 4
Attr: Tree[node].chanC[node].para Level: 1 Wi: 4
Attr: Tree[node].chanD[node].addr Level: 1 Wi: 4
Attr: Tree[node].chanD[node].opcode Level: 1 Wi: 4
Attr: Tree[node].slave_pending[node][node] Level: 1 Wi: 4
Attr: Tree[6].cache[1].state Level: 0 Wi: 8
Attr: Tree[2].cache[1].state Level: 0 Wi: 8
Attr: Tree[5].cache[1].state Level: 0 Wi: 8
Attr: Tree[node].chanB[node].addr Level: 1 Wi: 4
Attr: Tree[4].cache[1].state Level: 0 Wi: 8
Attr: Tree[node].chanD[node].para Level: 1 Wi: 4
Attr: Tree[node].master_pending[node] Level: 1 Wi: 4
Attr: Tree[3].cache[1].state Level: 0 Wi: 8
Attr: Tree[node].cache[node].state Level: 1 Wi: 4
Attr: Tree[7].cache[1].state Level: 0 Wi: 8
Attr: Tree[node].chanA[node].opcode Level: 1 Wi: 4
Attr: Tree[node].chanA[node].para Level: 1 Wi: 4
Attr: Tree[node].directory[node][node] Level: 1 Wi: 4
Attr: Tree[node].chanA[node].addr Level: 1 Wi: 4
Attr: Tree[1].cache[1].state Level: 0 Wi: 8
Attr: Tree[node].chanC[node].opcode Level: 1 Wi: 4
Attr: Tree[node].chanB[node].opcode Level: 1 Wi: 4
Attr: Tree[node].chanE[node].addr Level: 2 Wi: 2
Attr: Tree[node].chanB[node].para Level: 1 Wi: 4

===== Init heuristics! =====

Progress Report:

	100000 states explored in 11.63s, with 602169 rules fired and 78654 states in the queue.
	200000 states explored in 22.79s, with 1312099 rules fired and 150119 states in the queue.
	300000 states explored in 37.81s, with 2257969 rules fired and 209677 states in the queue.
	400000 states explored in 48.39s, with 2920378 rules fired and 281746 states in the queue.
	500000 states explored in 58.89s, with 3571224 rules fired and 353175 states in the queue.
	600000 states explored in 68.38s, with 4165566 rules fired and 428156 states in the queue.
	700000 states explored in 83.59s, with 5108235 rules fired and 485836 states in the queue.
	800000 states explored in 105.78s, with 6470967 rules fired and 520525 states in the queue.
	900000 states explored in 113.82s, with 6960457 rules fired and 598604 states in the queue.
	1000000 states explored in 121.30s, with 7427218 rules fired and 678896 states in the queue.
	1100000 states explored in 130.21s, with 7992436 rules fired and 755615 states in the queue.
	1200000 states explored in 139.85s, with 8584227 rules fired and 829277 states in the queue.
	1300000 states explored in 151.63s, with 9291635 rules fired and 895505 states in the queue.
	1400000 states explored in 163.14s, with 10000421 rules fired and 964760 states in the queue.
	1500000 states explored in 177.14s, with 10873251 rules fired and 1027059 states in the queue.
	1600000 states explored in 195.86s, with 12024446 rules fired and 1074295 states in the queue.
	1700000 states explored in 222.88s, with 13669311 rules fired and 1090341 states in the queue.
	1800000 states explored in 239.73s, with 14689622 rules fired and 1136265 states in the queue.
	1900000 states explored in 246.57s, with 15108032 rules fired and 1217482 states in the queue.
	2000000 states explored in 253.96s, with 15564534 rules fired and 1297849 states in the queue.
	2100000 states explored in 262.14s, with 16052586 rules fired and 1374620 states in the queue.
	2200000 states explored in 270.19s, with 16551326 rules fired and 1453115 states in the queue.
	2300000 states explored in 278.56s, with 17078024 rules fired and 1531813 states in the queue.
	2400000 states explored in 287.74s, with 17655668 rules fired and 1608413 states in the queue.
	2500000 states explored in 296.81s, with 18223060 rules fired and 1684866 states in the queue.
	2600000 states explored in 305.54s, with 18756107 rules fired and 1761448 states in the queue.
	2700000 states explored in 315.09s, with 19333838 rules fired and 1835663 states in the queue.
	2800000 states explored in 325.42s, with 19963835 rules fired and 1907672 states in the queue.
	2900000 states explored in 337.63s, with 20701657 rules fired and 1973280 states in the queue.
	3000000 states explored in 354.22s, with 21703865 rules fired and 2024580 states in the queue.
	3100000 states explored in 373.90s, with 22896171 rules fired and 2064645 states in the queue.
	3200000 states explored in 394.42s, with 24137352 rules fired and 2101446 states in the queue.
	3300000 states explored in 413.96s, with 25323389 rules fired and 2141761 states in the queue.
	3400000 states explored in 428.75s, with 26264174 rules fired and 2200102 states in the queue.
	3500000 states explored in 449.24s, with 27534588 rules fired and 2240499 states in the queue.
	3600000 states explored in 471.11s, with 28859015 rules fired and 2273520 states in the queue.
	3700000 states explored in 494.37s, with 30263142 rules fired and 2298523 states in the queue.
	3800000 states explored in 513.15s, with 31434861 rules fired and 2344540 states in the queue.
	3900000 states explored in 519.95s, with 31869269 rules fired and 2427856 states in the queue.
	4000000 states explored in 526.54s, with 32287542 rules fired and 2511726 states in the queue.
	4100000 states explored in 533.80s, with 32737028 rules fired and 2592657 states in the queue.

Error:

	Internal Error: Too many active states.



