This program should be regarded as a DEBUGGING aid, not as a 
certifier of correctness.
Call with the -l flag or read the license file for terms
and conditions of use.
Run this program with "-h" for the list of options.

Bugs, questions, and comments should be directed to
"melatti@di.uniroma1.it".

CMurphi compiler last modified date: Jul 24 2024
Include files last modified date:    Jul 23 2021
==========================================================================

==========================================================================
Caching Murphi Release 5.5.0
Finite-state Concurrent System Verifier.

Caching Murphi Release 5.5.0 is based on various versions of Murphi.
Caching Murphi Release 5.5.0 :
Copyright (C) 2009-2012 by Sapienza University of Rome.
Murphi release 3.1 :
Copyright (C) 1992 - 1999 by the Board of Trustees of
Leland Stanford Junior University.

==========================================================================

Protocol: ./protocols/exec/TL-C_NonIn_M_data/TL-C_NonIn_M_data_inv144
===========================================
  You are using EDMC algorithm.  
===========================================

===== Startstates are generated! =====
Carelist Layer 0: Tree[1].cache[1].state Tree[2].cache[1].state Tree[3].cache[1].state Tree[4].cache[1].state Tree[5].cache[1].state Tree[6].cache[1].state Tree[7].cache[1].state 
Carelist Layer 1: Tree[node].chanA[node].opcode Tree[node].chanA[node].para Tree[node].chanA[node].addr Tree[node].cache[node].state Tree[node].directory[node][node] Tree[node].master_pending[node] Tree[node].chanC[node].opcode Tree[node].chanB[node].opcode Tree[node].chanB[node].para Tree[node].chanB[node].addr Tree[node].chanD[node].opcode Tree[node].chanD[node].para Tree[node].chanD[node].addr Tree[node].chanC[node].para Tree[node].chanC[node].addr Tree[node].slave_pending[node][node] 
Carelist Layer 2: Tree[node].chanE[node].opcode Tree[node].chanE[node].addr 
Attr: Tree[node].chanE[node].opcode Level: 2 Wi: 2
Attr: Tree[node].chanC[node].addr Level: 1 Wi: 4
Attr: Tree[node].chanC[node].para Level: 1 Wi: 4
Attr: Tree[node].chanD[node].addr Level: 1 Wi: 4
Attr: Tree[node].chanD[node].opcode Level: 1 Wi: 4
Attr: Tree[node].slave_pending[node][node] Level: 1 Wi: 4
Attr: Tree[6].cache[1].state Level: 0 Wi: 8
Attr: Tree[2].cache[1].state Level: 0 Wi: 8
Attr: Tree[5].cache[1].state Level: 0 Wi: 8
Attr: Tree[node].chanB[node].addr Level: 1 Wi: 4
Attr: Tree[4].cache[1].state Level: 0 Wi: 8
Attr: Tree[node].chanD[node].para Level: 1 Wi: 4
Attr: Tree[node].master_pending[node] Level: 1 Wi: 4
Attr: Tree[3].cache[1].state Level: 0 Wi: 8
Attr: Tree[node].cache[node].state Level: 1 Wi: 4
Attr: Tree[7].cache[1].state Level: 0 Wi: 8
Attr: Tree[node].chanA[node].opcode Level: 1 Wi: 4
Attr: Tree[node].chanA[node].para Level: 1 Wi: 4
Attr: Tree[node].directory[node][node] Level: 1 Wi: 4
Attr: Tree[node].chanA[node].addr Level: 1 Wi: 4
Attr: Tree[1].cache[1].state Level: 0 Wi: 8
Attr: Tree[node].chanC[node].opcode Level: 1 Wi: 4
Attr: Tree[node].chanB[node].opcode Level: 1 Wi: 4
Attr: Tree[node].chanE[node].addr Level: 2 Wi: 2
Attr: Tree[node].chanB[node].para Level: 1 Wi: 4

===== Init heuristics! =====

Progress Report:

	100000 states explored in 6.71s, with 219956 rules fired and 80863 states in the queue.
	200000 states explored in 9.80s, with 475709 rules fired and 160629 states in the queue.
	300000 states explored in 12.68s, with 746263 rules fired and 234259 states in the queue.
	400000 states explored in 15.51s, with 1007434 rules fired and 308170 states in the queue.
	500000 states explored in 18.58s, with 1291737 rules fired and 380648 states in the queue.
	600000 states explored in 22.07s, with 1614904 rules fired and 449422 states in the queue.
	700000 states explored in 25.10s, with 1889179 rules fired and 522318 states in the queue.
	800000 states explored in 28.53s, with 2203547 rules fired and 591747 states in the queue.
	900000 states explored in 31.87s, with 2510861 rules fired and 661741 states in the queue.
	1000000 states explored in 35.49s, with 2847587 rules fired and 729702 states in the queue.
	1100000 states explored in 39.21s, with 3192907 rules fired and 796559 states in the queue.
	1200000 states explored in 42.46s, with 3489458 rules fired and 867701 states in the queue.
	1300000 states explored in 45.75s, with 3788926 rules fired and 939045 states in the queue.
	1400000 states explored in 49.38s, with 4108390 rules fired and 1004476 states in the queue.
	1500000 states explored in 52.87s, with 4422020 rules fired and 1072258 states in the queue.
	1600000 states explored in 56.60s, with 4767210 rules fired and 1138586 states in the queue.
	1700000 states explored in 59.71s, with 5064242 rules fired and 1212039 states in the queue.
	1800000 states explored in 63.00s, with 5370609 rules fired and 1283003 states in the queue.
	1900000 states explored in 66.25s, with 5675219 rules fired and 1354474 states in the queue.
	2000000 states explored in 69.98s, with 6018401 rules fired and 1421067 states in the queue.
	2100000 states explored in 73.71s, with 6364717 rules fired and 1488067 states in the queue.
	2200000 states explored in 77.09s, with 6672736 rules fired and 1558549 states in the queue.
	2300000 states explored in 80.66s, with 6995549 rules fired and 1626649 states in the queue.
	2400000 states explored in 84.36s, with 7332484 rules fired and 1693994 states in the queue.
	2500000 states explored in 87.69s, with 7633884 rules fired and 1764867 states in the queue.
	2600000 states explored in 91.29s, with 7962560 rules fired and 1833504 states in the queue.
	2700000 states explored in 94.72s, with 8270958 rules fired and 1903721 states in the queue.
	2800000 states explored in 98.33s, with 8594842 rules fired and 1971946 states in the queue.
	2900000 states explored in 102.22s, with 8945858 rules fired and 2037261 states in the queue.
	3000000 states explored in 105.72s, with 9259247 rules fired and 2106446 states in the queue.
	3100000 states explored in 109.69s, with 9626915 rules fired and 2171377 states in the queue.
	3200000 states explored in 113.12s, with 9944828 rules fired and 2241515 states in the queue.
	3300000 states explored in 117.04s, with 10303903 rules fired and 2306703 states in the queue.
	3400000 states explored in 121.17s, with 10683638 rules fired and 2369922 states in the queue.
	3500000 states explored in 124.91s, with 11029823 rules fired and 2436881 states in the queue.
	3600000 states explored in 128.66s, with 11373028 rules fired and 2503777 states in the queue.
	3700000 states explored in 132.52s, with 11730068 rules fired and 2569965 states in the queue.

Error:

	Internal Error: Too many active states.



