You choose the local search option :-)
This program should be regarded as a DEBUGGING aid, not as a 
certifier of correctness.
Call with the -l flag or read the license file for terms
and conditions of use.
Run this program with "-h" for the list of options.

Bugs, questions, and comments should be directed to
"melatti@di.uniroma1.it".

CMurphi compiler last modified date: Nov  1 2023
Include files last modified date:    Jul 23 2021
==========================================================================

==========================================================================
Caching Murphi Release 5.5.0
Finite-state Concurrent System Verifier.

Caching Murphi Release 5.5.0 is based on various versions of Murphi.
Caching Murphi Release 5.5.0 :
Copyright (C) 2009-2012 by Sapienza University of Rome.
Murphi release 3.1 :
Copyright (C) 1992 - 1999 by the Board of Trustees of
Leland Stanford Junior University.

==========================================================================

Protocol: test

Algorithm:
	Verification by our local search.
	with symmetry algorithm 3 -- Heuristic Small Memory Normalization
	with permutation trial limit 10.

Memory usage:

	* The size of each state is 7312 bits (rounded up to 920 bytes).
	* The memory allocated for the hash table and state queue is
	  10485 Mbytes.
	  With two words of overhead per state, the maximum size of
	  the state space is 11005207 states.
	   * Use option "-k" or "-m" to increase this, if necessary.
	* Capacity in queue for breadth-first search: 1100520 states.
	   * Change the constant gPercentActiveStates in mu_prolog.inc
	     to increase this, if necessary.

Warning: No trace will not be printed in the case of protocol errors!
         Check the options if you want to have error traces.
==========================================================================

You are using local search algorithm (Version 1) :

------------- Show Goalstate: ------------------
Tree[1].cache.used:0
Tree[1].cache.line[1].addr:Undefined
Tree[1].cache.line[1].state:Undefined
Tree[1].cache.line[1].data:Undefined
Tree[1].cache.line[1].dirty:Undefined
Tree[1].cache.line[2].addr:Undefined
Tree[1].cache.line[2].state:Undefined
Tree[1].cache.line[2].data:Undefined
Tree[1].cache.line[2].dirty:Undefined
Tree[1].cache.valid[1]:0
Tree[1].cache.valid[2]:0
Tree[1].sons[1]:2
Tree[1].sons[2]:3
Tree[1].directory[1][1]:None
Tree[1].directory[1][2]:None
Tree[1].directory[2][1]:None
Tree[1].directory[2][2]:None
Tree[1].slave_pending[1][1]:Undefined
Tree[1].slave_pending[1][2]:Undefined
Tree[1].slave_pending[2][1]:Undefined
Tree[1].slave_pending[2][2]:Undefined
Tree[1].master_pending[1]:Undefined
Tree[1].master_pending[2]:Undefined
Tree[1].reqId:Undefined
Tree[1].chan1[1].buffer[1].opcode:Undefined
Tree[1].chan1[1].buffer[1].para:Undefined
Tree[1].chan1[1].buffer[1].addr:Undefined
Tree[1].chan1[1].buffer[1].data:Undefined
Tree[1].chan1[1].buffer[1].dirty:Undefined
Tree[1].chan1[1].buffer[2].opcode:Undefined
Tree[1].chan1[1].buffer[2].para:Undefined
Tree[1].chan1[1].buffer[2].addr:Undefined
Tree[1].chan1[1].buffer[2].data:Undefined
Tree[1].chan1[1].buffer[2].dirty:Undefined
Tree[1].chan1[1].used:0
Tree[1].chan1[2].buffer[1].opcode:Undefined
Tree[1].chan1[2].buffer[1].para:Undefined
Tree[1].chan1[2].buffer[1].addr:Undefined
Tree[1].chan1[2].buffer[1].data:Undefined
Tree[1].chan1[2].buffer[1].dirty:Undefined
Tree[1].chan1[2].buffer[2].opcode:Undefined
Tree[1].chan1[2].buffer[2].para:Undefined
Tree[1].chan1[2].buffer[2].addr:Undefined
Tree[1].chan1[2].buffer[2].data:Undefined
Tree[1].chan1[2].buffer[2].dirty:Undefined
Tree[1].chan1[2].used:0
Tree[1].chan2[1].buffer[1].opcode:Undefined
Tree[1].chan2[1].buffer[1].para:Undefined
Tree[1].chan2[1].buffer[1].addr:Undefined
Tree[1].chan2[1].buffer[1].data:Undefined
Tree[1].chan2[1].buffer[1].dirty:Undefined
Tree[1].chan2[1].buffer[2].opcode:Undefined
Tree[1].chan2[1].buffer[2].para:Undefined
Tree[1].chan2[1].buffer[2].addr:Undefined
Tree[1].chan2[1].buffer[2].data:Undefined
Tree[1].chan2[1].buffer[2].dirty:Undefined
Tree[1].chan2[1].used:0
Tree[1].chan2[2].buffer[1].opcode:Undefined
Tree[1].chan2[2].buffer[1].para:Undefined
Tree[1].chan2[2].buffer[1].addr:Undefined
Tree[1].chan2[2].buffer[1].data:Undefined
Tree[1].chan2[2].buffer[1].dirty:Undefined
Tree[1].chan2[2].buffer[2].opcode:Undefined
Tree[1].chan2[2].buffer[2].para:Undefined
Tree[1].chan2[2].buffer[2].addr:Undefined
Tree[1].chan2[2].buffer[2].data:Undefined
Tree[1].chan2[2].buffer[2].dirty:Undefined
Tree[1].chan2[2].used:0
Tree[1].chan3[1].buffer[1].opcode:Undefined
Tree[1].chan3[1].buffer[1].para:Undefined
Tree[1].chan3[1].buffer[1].addr:Undefined
Tree[1].chan3[1].buffer[1].data:Undefined
Tree[1].chan3[1].buffer[1].dirty:Undefined
Tree[1].chan3[1].buffer[2].opcode:Undefined
Tree[1].chan3[1].buffer[2].para:Undefined
Tree[1].chan3[1].buffer[2].addr:Undefined
Tree[1].chan3[1].buffer[2].data:Undefined
Tree[1].chan3[1].buffer[2].dirty:Undefined
Tree[1].chan3[1].used:0
Tree[1].chan3[2].buffer[1].opcode:Undefined
Tree[1].chan3[2].buffer[1].para:Undefined
Tree[1].chan3[2].buffer[1].addr:Undefined
Tree[1].chan3[2].buffer[1].data:Undefined
Tree[1].chan3[2].buffer[1].dirty:Undefined
Tree[1].chan3[2].buffer[2].opcode:Undefined
Tree[1].chan3[2].buffer[2].para:Undefined
Tree[1].chan3[2].buffer[2].addr:Undefined
Tree[1].chan3[2].buffer[2].data:Undefined
Tree[1].chan3[2].buffer[2].dirty:Undefined
Tree[1].chan3[2].used:0
Tree[1].chan4[1].buffer[1].opcode:Undefined
Tree[1].chan4[1].buffer[1].para:Undefined
Tree[1].chan4[1].buffer[1].addr:Undefined
Tree[1].chan4[1].buffer[1].data:Undefined
Tree[1].chan4[1].buffer[1].dirty:Undefined
Tree[1].chan4[1].buffer[2].opcode:Undefined
Tree[1].chan4[1].buffer[2].para:Undefined
Tree[1].chan4[1].buffer[2].addr:Undefined
Tree[1].chan4[1].buffer[2].data:Undefined
Tree[1].chan4[1].buffer[2].dirty:Undefined
Tree[1].chan4[1].used:0
Tree[1].chan4[2].buffer[1].opcode:Undefined
Tree[1].chan4[2].buffer[1].para:Undefined
Tree[1].chan4[2].buffer[1].addr:Undefined
Tree[1].chan4[2].buffer[1].data:Undefined
Tree[1].chan4[2].buffer[1].dirty:Undefined
Tree[1].chan4[2].buffer[2].opcode:Undefined
Tree[1].chan4[2].buffer[2].para:Undefined
Tree[1].chan4[2].buffer[2].addr:Undefined
Tree[1].chan4[2].buffer[2].data:Undefined
Tree[1].chan4[2].buffer[2].dirty:Undefined
Tree[1].chan4[2].used:0
Tree[1].chan5[1].buffer[1].opcode:Undefined
Tree[1].chan5[1].buffer[1].addr:Undefined
Tree[1].chan5[1].buffer[1].data:Undefined
Tree[1].chan5[1].buffer[1].dirty:Undefined
Tree[1].chan5[1].buffer[2].opcode:Undefined
Tree[1].chan5[1].buffer[2].addr:Undefined
Tree[1].chan5[1].buffer[2].data:Undefined
Tree[1].chan5[1].buffer[2].dirty:Undefined
Tree[1].chan5[1].used:0
Tree[1].chan5[2].buffer[1].opcode:Undefined
Tree[1].chan5[2].buffer[1].addr:Undefined
Tree[1].chan5[2].buffer[1].data:Undefined
Tree[1].chan5[2].buffer[1].dirty:Undefined
Tree[1].chan5[2].buffer[2].opcode:Undefined
Tree[1].chan5[2].buffer[2].addr:Undefined
Tree[1].chan5[2].buffer[2].data:Undefined
Tree[1].chan5[2].buffer[2].dirty:Undefined
Tree[1].chan5[2].used:0
Tree[2].cache.used:0
Tree[2].cache.line[1].addr:Undefined
Tree[2].cache.line[1].state:Undefined
Tree[2].cache.line[1].data:Undefined
Tree[2].cache.line[1].dirty:Undefined
Tree[2].cache.line[2].addr:Undefined
Tree[2].cache.line[2].state:Undefined
Tree[2].cache.line[2].data:Undefined
Tree[2].cache.line[2].dirty:Undefined
Tree[2].cache.valid[1]:0
Tree[2].cache.valid[2]:0
Tree[2].sons[1]:4
Tree[2].sons[2]:5
Tree[2].directory[1][1]:None
Tree[2].directory[1][2]:None
Tree[2].directory[2][1]:None
Tree[2].directory[2][2]:None
Tree[2].slave_pending[1][1]:Undefined
Tree[2].slave_pending[1][2]:Undefined
Tree[2].slave_pending[2][1]:Undefined
Tree[2].slave_pending[2][2]:Undefined
Tree[2].master_pending[1]:Undefined
Tree[2].master_pending[2]:Undefined
Tree[2].reqId:Undefined
Tree[2].chan1[1].buffer[1].opcode:Undefined
Tree[2].chan1[1].buffer[1].para:Undefined
Tree[2].chan1[1].buffer[1].addr:Undefined
Tree[2].chan1[1].buffer[1].data:Undefined
Tree[2].chan1[1].buffer[1].dirty:Undefined
Tree[2].chan1[1].buffer[2].opcode:Undefined
Tree[2].chan1[1].buffer[2].para:Undefined
Tree[2].chan1[1].buffer[2].addr:Undefined
Tree[2].chan1[1].buffer[2].data:Undefined
Tree[2].chan1[1].buffer[2].dirty:Undefined
Tree[2].chan1[1].used:0
Tree[2].chan1[2].buffer[1].opcode:Undefined
Tree[2].chan1[2].buffer[1].para:Undefined
Tree[2].chan1[2].buffer[1].addr:Undefined
Tree[2].chan1[2].buffer[1].data:Undefined
Tree[2].chan1[2].buffer[1].dirty:Undefined
Tree[2].chan1[2].buffer[2].opcode:Undefined
Tree[2].chan1[2].buffer[2].para:Undefined
Tree[2].chan1[2].buffer[2].addr:Undefined
Tree[2].chan1[2].buffer[2].data:Undefined
Tree[2].chan1[2].buffer[2].dirty:Undefined
Tree[2].chan1[2].used:0
Tree[2].chan2[1].buffer[1].opcode:Undefined
Tree[2].chan2[1].buffer[1].para:Undefined
Tree[2].chan2[1].buffer[1].addr:Undefined
Tree[2].chan2[1].buffer[1].data:Undefined
Tree[2].chan2[1].buffer[1].dirty:Undefined
Tree[2].chan2[1].buffer[2].opcode:Undefined
Tree[2].chan2[1].buffer[2].para:Undefined
Tree[2].chan2[1].buffer[2].addr:Undefined
Tree[2].chan2[1].buffer[2].data:Undefined
Tree[2].chan2[1].buffer[2].dirty:Undefined
Tree[2].chan2[1].used:0
Tree[2].chan2[2].buffer[1].opcode:Undefined
Tree[2].chan2[2].buffer[1].para:Undefined
Tree[2].chan2[2].buffer[1].addr:Undefined
Tree[2].chan2[2].buffer[1].data:Undefined
Tree[2].chan2[2].buffer[1].dirty:Undefined
Tree[2].chan2[2].buffer[2].opcode:Undefined
Tree[2].chan2[2].buffer[2].para:Undefined
Tree[2].chan2[2].buffer[2].addr:Undefined
Tree[2].chan2[2].buffer[2].data:Undefined
Tree[2].chan2[2].buffer[2].dirty:Undefined
Tree[2].chan2[2].used:0
Tree[2].chan3[1].buffer[1].opcode:Undefined
Tree[2].chan3[1].buffer[1].para:Undefined
Tree[2].chan3[1].buffer[1].addr:Undefined
Tree[2].chan3[1].buffer[1].data:Undefined
Tree[2].chan3[1].buffer[1].dirty:Undefined
Tree[2].chan3[1].buffer[2].opcode:Undefined
Tree[2].chan3[1].buffer[2].para:Undefined
Tree[2].chan3[1].buffer[2].addr:Undefined
Tree[2].chan3[1].buffer[2].data:Undefined
Tree[2].chan3[1].buffer[2].dirty:Undefined
Tree[2].chan3[1].used:0
Tree[2].chan3[2].buffer[1].opcode:Undefined
Tree[2].chan3[2].buffer[1].para:Undefined
Tree[2].chan3[2].buffer[1].addr:Undefined
Tree[2].chan3[2].buffer[1].data:Undefined
Tree[2].chan3[2].buffer[1].dirty:Undefined
Tree[2].chan3[2].buffer[2].opcode:Undefined
Tree[2].chan3[2].buffer[2].para:Undefined
Tree[2].chan3[2].buffer[2].addr:Undefined
Tree[2].chan3[2].buffer[2].data:Undefined
Tree[2].chan3[2].buffer[2].dirty:Undefined
Tree[2].chan3[2].used:0
Tree[2].chan4[1].buffer[1].opcode:Undefined
Tree[2].chan4[1].buffer[1].para:Undefined
Tree[2].chan4[1].buffer[1].addr:Undefined
Tree[2].chan4[1].buffer[1].data:Undefined
Tree[2].chan4[1].buffer[1].dirty:Undefined
Tree[2].chan4[1].buffer[2].opcode:Undefined
Tree[2].chan4[1].buffer[2].para:Undefined
Tree[2].chan4[1].buffer[2].addr:Undefined
Tree[2].chan4[1].buffer[2].data:Undefined
Tree[2].chan4[1].buffer[2].dirty:Undefined
Tree[2].chan4[1].used:0
Tree[2].chan4[2].buffer[1].opcode:Undefined
Tree[2].chan4[2].buffer[1].para:Undefined
Tree[2].chan4[2].buffer[1].addr:Undefined
Tree[2].chan4[2].buffer[1].data:Undefined
Tree[2].chan4[2].buffer[1].dirty:Undefined
Tree[2].chan4[2].buffer[2].opcode:Undefined
Tree[2].chan4[2].buffer[2].para:Undefined
Tree[2].chan4[2].buffer[2].addr:Undefined
Tree[2].chan4[2].buffer[2].data:Undefined
Tree[2].chan4[2].buffer[2].dirty:Undefined
Tree[2].chan4[2].used:0
Tree[2].chan5[1].buffer[1].opcode:Undefined
Tree[2].chan5[1].buffer[1].addr:Undefined
Tree[2].chan5[1].buffer[1].data:Undefined
Tree[2].chan5[1].buffer[1].dirty:Undefined
Tree[2].chan5[1].buffer[2].opcode:Undefined
Tree[2].chan5[1].buffer[2].addr:Undefined
Tree[2].chan5[1].buffer[2].data:Undefined
Tree[2].chan5[1].buffer[2].dirty:Undefined
Tree[2].chan5[1].used:0
Tree[2].chan5[2].buffer[1].opcode:Undefined
Tree[2].chan5[2].buffer[1].addr:Undefined
Tree[2].chan5[2].buffer[1].data:Undefined
Tree[2].chan5[2].buffer[1].dirty:Undefined
Tree[2].chan5[2].buffer[2].opcode:Undefined
Tree[2].chan5[2].buffer[2].addr:Undefined
Tree[2].chan5[2].buffer[2].data:Undefined
Tree[2].chan5[2].buffer[2].dirty:Undefined
Tree[2].chan5[2].used:0
Tree[3].cache.used:0
Tree[3].cache.line[1].addr:Undefined
Tree[3].cache.line[1].state:Undefined
Tree[3].cache.line[1].data:Undefined
Tree[3].cache.line[1].dirty:Undefined
Tree[3].cache.line[2].addr:Undefined
Tree[3].cache.line[2].state:Undefined
Tree[3].cache.line[2].data:Undefined
Tree[3].cache.line[2].dirty:Undefined
Tree[3].cache.valid[1]:0
Tree[3].cache.valid[2]:0
Tree[3].sons[1]:6
Tree[3].sons[2]:7
Tree[3].directory[1][1]:None
Tree[3].directory[1][2]:None
Tree[3].directory[2][1]:None
Tree[3].directory[2][2]:None
Tree[3].slave_pending[1][1]:Undefined
Tree[3].slave_pending[1][2]:Undefined
Tree[3].slave_pending[2][1]:Undefined
Tree[3].slave_pending[2][2]:Undefined
Tree[3].master_pending[1]:Undefined
Tree[3].master_pending[2]:Undefined
Tree[3].reqId:Undefined
Tree[3].chan1[1].buffer[1].opcode:Undefined
Tree[3].chan1[1].buffer[1].para:Undefined
Tree[3].chan1[1].buffer[1].addr:Undefined
Tree[3].chan1[1].buffer[1].data:Undefined
Tree[3].chan1[1].buffer[1].dirty:Undefined
Tree[3].chan1[1].buffer[2].opcode:Undefined
Tree[3].chan1[1].buffer[2].para:Undefined
Tree[3].chan1[1].buffer[2].addr:Undefined
Tree[3].chan1[1].buffer[2].data:Undefined
Tree[3].chan1[1].buffer[2].dirty:Undefined
Tree[3].chan1[1].used:0
Tree[3].chan1[2].buffer[1].opcode:Undefined
Tree[3].chan1[2].buffer[1].para:Undefined
Tree[3].chan1[2].buffer[1].addr:Undefined
Tree[3].chan1[2].buffer[1].data:Undefined
Tree[3].chan1[2].buffer[1].dirty:Undefined
Tree[3].chan1[2].buffer[2].opcode:Undefined
Tree[3].chan1[2].buffer[2].para:Undefined
Tree[3].chan1[2].buffer[2].addr:Undefined
Tree[3].chan1[2].buffer[2].data:Undefined
Tree[3].chan1[2].buffer[2].dirty:Undefined
Tree[3].chan1[2].used:0
Tree[3].chan2[1].buffer[1].opcode:Undefined
Tree[3].chan2[1].buffer[1].para:Undefined
Tree[3].chan2[1].buffer[1].addr:Undefined
Tree[3].chan2[1].buffer[1].data:Undefined
Tree[3].chan2[1].buffer[1].dirty:Undefined
Tree[3].chan2[1].buffer[2].opcode:Undefined
Tree[3].chan2[1].buffer[2].para:Undefined
Tree[3].chan2[1].buffer[2].addr:Undefined
Tree[3].chan2[1].buffer[2].data:Undefined
Tree[3].chan2[1].buffer[2].dirty:Undefined
Tree[3].chan2[1].used:0
Tree[3].chan2[2].buffer[1].opcode:Undefined
Tree[3].chan2[2].buffer[1].para:Undefined
Tree[3].chan2[2].buffer[1].addr:Undefined
Tree[3].chan2[2].buffer[1].data:Undefined
Tree[3].chan2[2].buffer[1].dirty:Undefined
Tree[3].chan2[2].buffer[2].opcode:Undefined
Tree[3].chan2[2].buffer[2].para:Undefined
Tree[3].chan2[2].buffer[2].addr:Undefined
Tree[3].chan2[2].buffer[2].data:Undefined
Tree[3].chan2[2].buffer[2].dirty:Undefined
Tree[3].chan2[2].used:0
Tree[3].chan3[1].buffer[1].opcode:Undefined
Tree[3].chan3[1].buffer[1].para:Undefined
Tree[3].chan3[1].buffer[1].addr:Undefined
Tree[3].chan3[1].buffer[1].data:Undefined
Tree[3].chan3[1].buffer[1].dirty:Undefined
Tree[3].chan3[1].buffer[2].opcode:Undefined
Tree[3].chan3[1].buffer[2].para:Undefined
Tree[3].chan3[1].buffer[2].addr:Undefined
Tree[3].chan3[1].buffer[2].data:Undefined
Tree[3].chan3[1].buffer[2].dirty:Undefined
Tree[3].chan3[1].used:0
Tree[3].chan3[2].buffer[1].opcode:Undefined
Tree[3].chan3[2].buffer[1].para:Undefined
Tree[3].chan3[2].buffer[1].addr:Undefined
Tree[3].chan3[2].buffer[1].data:Undefined
Tree[3].chan3[2].buffer[1].dirty:Undefined
Tree[3].chan3[2].buffer[2].opcode:Undefined
Tree[3].chan3[2].buffer[2].para:Undefined
Tree[3].chan3[2].buffer[2].addr:Undefined
Tree[3].chan3[2].buffer[2].data:Undefined
Tree[3].chan3[2].buffer[2].dirty:Undefined
Tree[3].chan3[2].used:0
Tree[3].chan4[1].buffer[1].opcode:Undefined
Tree[3].chan4[1].buffer[1].para:Undefined
Tree[3].chan4[1].buffer[1].addr:Undefined
Tree[3].chan4[1].buffer[1].data:Undefined
Tree[3].chan4[1].buffer[1].dirty:Undefined
Tree[3].chan4[1].buffer[2].opcode:Undefined
Tree[3].chan4[1].buffer[2].para:Undefined
Tree[3].chan4[1].buffer[2].addr:Undefined
Tree[3].chan4[1].buffer[2].data:Undefined
Tree[3].chan4[1].buffer[2].dirty:Undefined
Tree[3].chan4[1].used:0
Tree[3].chan4[2].buffer[1].opcode:Undefined
Tree[3].chan4[2].buffer[1].para:Undefined
Tree[3].chan4[2].buffer[1].addr:Undefined
Tree[3].chan4[2].buffer[1].data:Undefined
Tree[3].chan4[2].buffer[1].dirty:Undefined
Tree[3].chan4[2].buffer[2].opcode:Undefined
Tree[3].chan4[2].buffer[2].para:Undefined
Tree[3].chan4[2].buffer[2].addr:Undefined
Tree[3].chan4[2].buffer[2].data:Undefined
Tree[3].chan4[2].buffer[2].dirty:Undefined
Tree[3].chan4[2].used:0
Tree[3].chan5[1].buffer[1].opcode:Undefined
Tree[3].chan5[1].buffer[1].addr:Undefined
Tree[3].chan5[1].buffer[1].data:Undefined
Tree[3].chan5[1].buffer[1].dirty:Undefined
Tree[3].chan5[1].buffer[2].opcode:Undefined
Tree[3].chan5[1].buffer[2].addr:Undefined
Tree[3].chan5[1].buffer[2].data:Undefined
Tree[3].chan5[1].buffer[2].dirty:Undefined
Tree[3].chan5[1].used:0
Tree[3].chan5[2].buffer[1].opcode:Undefined
Tree[3].chan5[2].buffer[1].addr:Undefined
Tree[3].chan5[2].buffer[1].data:Undefined
Tree[3].chan5[2].buffer[1].dirty:Undefined
Tree[3].chan5[2].buffer[2].opcode:Undefined
Tree[3].chan5[2].buffer[2].addr:Undefined
Tree[3].chan5[2].buffer[2].data:Undefined
Tree[3].chan5[2].buffer[2].dirty:Undefined
Tree[3].chan5[2].used:0
Tree[4].cache.used:0
Tree[4].cache.line[1].addr:Undefined
Tree[4].cache.line[1].state:Undefined
Tree[4].cache.line[1].data:Undefined
Tree[4].cache.line[1].dirty:Undefined
Tree[4].cache.line[2].addr:Undefined
Tree[4].cache.line[2].state:Undefined
Tree[4].cache.line[2].data:Undefined
Tree[4].cache.line[2].dirty:Undefined
Tree[4].cache.valid[1]:0
Tree[4].cache.valid[2]:0
Tree[4].sons[1]:Undefined
Tree[4].sons[2]:Undefined
Tree[4].directory[1][1]:Undefined
Tree[4].directory[1][2]:Undefined
Tree[4].directory[2][1]:Undefined
Tree[4].directory[2][2]:Undefined
Tree[4].slave_pending[1][1]:Undefined
Tree[4].slave_pending[1][2]:Undefined
Tree[4].slave_pending[2][1]:Undefined
Tree[4].slave_pending[2][2]:Undefined
Tree[4].master_pending[1]:Undefined
Tree[4].master_pending[2]:Undefined
Tree[4].reqId:Undefined
Tree[4].chan1[1].buffer[1].opcode:Undefined
Tree[4].chan1[1].buffer[1].para:Undefined
Tree[4].chan1[1].buffer[1].addr:Undefined
Tree[4].chan1[1].buffer[1].data:Undefined
Tree[4].chan1[1].buffer[1].dirty:Undefined
Tree[4].chan1[1].buffer[2].opcode:Undefined
Tree[4].chan1[1].buffer[2].para:Undefined
Tree[4].chan1[1].buffer[2].addr:Undefined
Tree[4].chan1[1].buffer[2].data:Undefined
Tree[4].chan1[1].buffer[2].dirty:Undefined
Tree[4].chan1[1].used:Undefined
Tree[4].chan1[2].buffer[1].opcode:Undefined
Tree[4].chan1[2].buffer[1].para:Undefined
Tree[4].chan1[2].buffer[1].addr:Undefined
Tree[4].chan1[2].buffer[1].data:Undefined
Tree[4].chan1[2].buffer[1].dirty:Undefined
Tree[4].chan1[2].buffer[2].opcode:Undefined
Tree[4].chan1[2].buffer[2].para:Undefined
Tree[4].chan1[2].buffer[2].addr:Undefined
Tree[4].chan1[2].buffer[2].data:Undefined
Tree[4].chan1[2].buffer[2].dirty:Undefined
Tree[4].chan1[2].used:Undefined
Tree[4].chan2[1].buffer[1].opcode:Undefined
Tree[4].chan2[1].buffer[1].para:Undefined
Tree[4].chan2[1].buffer[1].addr:Undefined
Tree[4].chan2[1].buffer[1].data:Undefined
Tree[4].chan2[1].buffer[1].dirty:Undefined
Tree[4].chan2[1].buffer[2].opcode:Undefined
Tree[4].chan2[1].buffer[2].para:Undefined
Tree[4].chan2[1].buffer[2].addr:Undefined
Tree[4].chan2[1].buffer[2].data:Undefined
Tree[4].chan2[1].buffer[2].dirty:Undefined
Tree[4].chan2[1].used:Undefined
Tree[4].chan2[2].buffer[1].opcode:Undefined
Tree[4].chan2[2].buffer[1].para:Undefined
Tree[4].chan2[2].buffer[1].addr:Undefined
Tree[4].chan2[2].buffer[1].data:Undefined
Tree[4].chan2[2].buffer[1].dirty:Undefined
Tree[4].chan2[2].buffer[2].opcode:Undefined
Tree[4].chan2[2].buffer[2].para:Undefined
Tree[4].chan2[2].buffer[2].addr:Undefined
Tree[4].chan2[2].buffer[2].data:Undefined
Tree[4].chan2[2].buffer[2].dirty:Undefined
Tree[4].chan2[2].used:Undefined
Tree[4].chan3[1].buffer[1].opcode:Undefined
Tree[4].chan3[1].buffer[1].para:Undefined
Tree[4].chan3[1].buffer[1].addr:Undefined
Tree[4].chan3[1].buffer[1].data:Undefined
Tree[4].chan3[1].buffer[1].dirty:Undefined
Tree[4].chan3[1].buffer[2].opcode:Undefined
Tree[4].chan3[1].buffer[2].para:Undefined
Tree[4].chan3[1].buffer[2].addr:Undefined
Tree[4].chan3[1].buffer[2].data:Undefined
Tree[4].chan3[1].buffer[2].dirty:Undefined
Tree[4].chan3[1].used:Undefined
Tree[4].chan3[2].buffer[1].opcode:Undefined
Tree[4].chan3[2].buffer[1].para:Undefined
Tree[4].chan3[2].buffer[1].addr:Undefined
Tree[4].chan3[2].buffer[1].data:Undefined
Tree[4].chan3[2].buffer[1].dirty:Undefined
Tree[4].chan3[2].buffer[2].opcode:Undefined
Tree[4].chan3[2].buffer[2].para:Undefined
Tree[4].chan3[2].buffer[2].addr:Undefined
Tree[4].chan3[2].buffer[2].data:Undefined
Tree[4].chan3[2].buffer[2].dirty:Undefined
Tree[4].chan3[2].used:Undefined
Tree[4].chan4[1].buffer[1].opcode:Undefined
Tree[4].chan4[1].buffer[1].para:Undefined
Tree[4].chan4[1].buffer[1].addr:Undefined
Tree[4].chan4[1].buffer[1].data:Undefined
Tree[4].chan4[1].buffer[1].dirty:Undefined
Tree[4].chan4[1].buffer[2].opcode:Undefined
Tree[4].chan4[1].buffer[2].para:Undefined
Tree[4].chan4[1].buffer[2].addr:Undefined
Tree[4].chan4[1].buffer[2].data:Undefined
Tree[4].chan4[1].buffer[2].dirty:Undefined
Tree[4].chan4[1].used:Undefined
Tree[4].chan4[2].buffer[1].opcode:Undefined
Tree[4].chan4[2].buffer[1].para:Undefined
Tree[4].chan4[2].buffer[1].addr:Undefined
Tree[4].chan4[2].buffer[1].data:Undefined
Tree[4].chan4[2].buffer[1].dirty:Undefined
Tree[4].chan4[2].buffer[2].opcode:Undefined
Tree[4].chan4[2].buffer[2].para:Undefined
Tree[4].chan4[2].buffer[2].addr:Undefined
Tree[4].chan4[2].buffer[2].data:Undefined
Tree[4].chan4[2].buffer[2].dirty:Undefined
Tree[4].chan4[2].used:Undefined
Tree[4].chan5[1].buffer[1].opcode:Undefined
Tree[4].chan5[1].buffer[1].addr:Undefined
Tree[4].chan5[1].buffer[1].data:Undefined
Tree[4].chan5[1].buffer[1].dirty:Undefined
Tree[4].chan5[1].buffer[2].opcode:Undefined
Tree[4].chan5[1].buffer[2].addr:Undefined
Tree[4].chan5[1].buffer[2].data:Undefined
Tree[4].chan5[1].buffer[2].dirty:Undefined
Tree[4].chan5[1].used:Undefined
Tree[4].chan5[2].buffer[1].opcode:Undefined
Tree[4].chan5[2].buffer[1].addr:Undefined
Tree[4].chan5[2].buffer[1].data:Undefined
Tree[4].chan5[2].buffer[1].dirty:Undefined
Tree[4].chan5[2].buffer[2].opcode:Undefined
Tree[4].chan5[2].buffer[2].addr:Undefined
Tree[4].chan5[2].buffer[2].data:Undefined
Tree[4].chan5[2].buffer[2].dirty:Undefined
Tree[4].chan5[2].used:Undefined
Tree[5].cache.used:0
Tree[5].cache.line[1].addr:Undefined
Tree[5].cache.line[1].state:Undefined
Tree[5].cache.line[1].data:Undefined
Tree[5].cache.line[1].dirty:Undefined
Tree[5].cache.line[2].addr:Undefined
Tree[5].cache.line[2].state:Undefined
Tree[5].cache.line[2].data:Undefined
Tree[5].cache.line[2].dirty:Undefined
Tree[5].cache.valid[1]:0
Tree[5].cache.valid[2]:0
Tree[5].sons[1]:Undefined
Tree[5].sons[2]:Undefined
Tree[5].directory[1][1]:Undefined
Tree[5].directory[1][2]:Undefined
Tree[5].directory[2][1]:Undefined
Tree[5].directory[2][2]:Undefined
Tree[5].slave_pending[1][1]:Undefined
Tree[5].slave_pending[1][2]:Undefined
Tree[5].slave_pending[2][1]:Undefined
Tree[5].slave_pending[2][2]:Undefined
Tree[5].master_pending[1]:Undefined
Tree[5].master_pending[2]:Undefined
Tree[5].reqId:Undefined
Tree[5].chan1[1].buffer[1].opcode:Undefined
Tree[5].chan1[1].buffer[1].para:Undefined
Tree[5].chan1[1].buffer[1].addr:Undefined
Tree[5].chan1[1].buffer[1].data:Undefined
Tree[5].chan1[1].buffer[1].dirty:Undefined
Tree[5].chan1[1].buffer[2].opcode:Undefined
Tree[5].chan1[1].buffer[2].para:Undefined
Tree[5].chan1[1].buffer[2].addr:Undefined
Tree[5].chan1[1].buffer[2].data:Undefined
Tree[5].chan1[1].buffer[2].dirty:Undefined
Tree[5].chan1[1].used:Undefined
Tree[5].chan1[2].buffer[1].opcode:Undefined
Tree[5].chan1[2].buffer[1].para:Undefined
Tree[5].chan1[2].buffer[1].addr:Undefined
Tree[5].chan1[2].buffer[1].data:Undefined
Tree[5].chan1[2].buffer[1].dirty:Undefined
Tree[5].chan1[2].buffer[2].opcode:Undefined
Tree[5].chan1[2].buffer[2].para:Undefined
Tree[5].chan1[2].buffer[2].addr:Undefined
Tree[5].chan1[2].buffer[2].data:Undefined
Tree[5].chan1[2].buffer[2].dirty:Undefined
Tree[5].chan1[2].used:Undefined
Tree[5].chan2[1].buffer[1].opcode:Undefined
Tree[5].chan2[1].buffer[1].para:Undefined
Tree[5].chan2[1].buffer[1].addr:Undefined
Tree[5].chan2[1].buffer[1].data:Undefined
Tree[5].chan2[1].buffer[1].dirty:Undefined
Tree[5].chan2[1].buffer[2].opcode:Undefined
Tree[5].chan2[1].buffer[2].para:Undefined
Tree[5].chan2[1].buffer[2].addr:Undefined
Tree[5].chan2[1].buffer[2].data:Undefined
Tree[5].chan2[1].buffer[2].dirty:Undefined
Tree[5].chan2[1].used:Undefined
Tree[5].chan2[2].buffer[1].opcode:Undefined
Tree[5].chan2[2].buffer[1].para:Undefined
Tree[5].chan2[2].buffer[1].addr:Undefined
Tree[5].chan2[2].buffer[1].data:Undefined
Tree[5].chan2[2].buffer[1].dirty:Undefined
Tree[5].chan2[2].buffer[2].opcode:Undefined
Tree[5].chan2[2].buffer[2].para:Undefined
Tree[5].chan2[2].buffer[2].addr:Undefined
Tree[5].chan2[2].buffer[2].data:Undefined
Tree[5].chan2[2].buffer[2].dirty:Undefined
Tree[5].chan2[2].used:Undefined
Tree[5].chan3[1].buffer[1].opcode:Undefined
Tree[5].chan3[1].buffer[1].para:Undefined
Tree[5].chan3[1].buffer[1].addr:Undefined
Tree[5].chan3[1].buffer[1].data:Undefined
Tree[5].chan3[1].buffer[1].dirty:Undefined
Tree[5].chan3[1].buffer[2].opcode:Undefined
Tree[5].chan3[1].buffer[2].para:Undefined
Tree[5].chan3[1].buffer[2].addr:Undefined
Tree[5].chan3[1].buffer[2].data:Undefined
Tree[5].chan3[1].buffer[2].dirty:Undefined
Tree[5].chan3[1].used:Undefined
Tree[5].chan3[2].buffer[1].opcode:Undefined
Tree[5].chan3[2].buffer[1].para:Undefined
Tree[5].chan3[2].buffer[1].addr:Undefined
Tree[5].chan3[2].buffer[1].data:Undefined
Tree[5].chan3[2].buffer[1].dirty:Undefined
Tree[5].chan3[2].buffer[2].opcode:Undefined
Tree[5].chan3[2].buffer[2].para:Undefined
Tree[5].chan3[2].buffer[2].addr:Undefined
Tree[5].chan3[2].buffer[2].data:Undefined
Tree[5].chan3[2].buffer[2].dirty:Undefined
Tree[5].chan3[2].used:Undefined
Tree[5].chan4[1].buffer[1].opcode:Undefined
Tree[5].chan4[1].buffer[1].para:Undefined
Tree[5].chan4[1].buffer[1].addr:Undefined
Tree[5].chan4[1].buffer[1].data:Undefined
Tree[5].chan4[1].buffer[1].dirty:Undefined
Tree[5].chan4[1].buffer[2].opcode:Undefined
Tree[5].chan4[1].buffer[2].para:Undefined
Tree[5].chan4[1].buffer[2].addr:Undefined
Tree[5].chan4[1].buffer[2].data:Undefined
Tree[5].chan4[1].buffer[2].dirty:Undefined
Tree[5].chan4[1].used:Undefined
Tree[5].chan4[2].buffer[1].opcode:Undefined
Tree[5].chan4[2].buffer[1].para:Undefined
Tree[5].chan4[2].buffer[1].addr:Undefined
Tree[5].chan4[2].buffer[1].data:Undefined
Tree[5].chan4[2].buffer[1].dirty:Undefined
Tree[5].chan4[2].buffer[2].opcode:Undefined
Tree[5].chan4[2].buffer[2].para:Undefined
Tree[5].chan4[2].buffer[2].addr:Undefined
Tree[5].chan4[2].buffer[2].data:Undefined
Tree[5].chan4[2].buffer[2].dirty:Undefined
Tree[5].chan4[2].used:Undefined
Tree[5].chan5[1].buffer[1].opcode:Undefined
Tree[5].chan5[1].buffer[1].addr:Undefined
Tree[5].chan5[1].buffer[1].data:Undefined
Tree[5].chan5[1].buffer[1].dirty:Undefined
Tree[5].chan5[1].buffer[2].opcode:Undefined
Tree[5].chan5[1].buffer[2].addr:Undefined
Tree[5].chan5[1].buffer[2].data:Undefined
Tree[5].chan5[1].buffer[2].dirty:Undefined
Tree[5].chan5[1].used:Undefined
Tree[5].chan5[2].buffer[1].opcode:Undefined
Tree[5].chan5[2].buffer[1].addr:Undefined
Tree[5].chan5[2].buffer[1].data:Undefined
Tree[5].chan5[2].buffer[1].dirty:Undefined
Tree[5].chan5[2].buffer[2].opcode:Undefined
Tree[5].chan5[2].buffer[2].addr:Undefined
Tree[5].chan5[2].buffer[2].data:Undefined
Tree[5].chan5[2].buffer[2].dirty:Undefined
Tree[5].chan5[2].used:Undefined
Tree[6].cache.used:0
Tree[6].cache.line[1].addr:Undefined
Tree[6].cache.line[1].state:Undefined
Tree[6].cache.line[1].data:Undefined
Tree[6].cache.line[1].dirty:Undefined
Tree[6].cache.line[2].addr:Undefined
Tree[6].cache.line[2].state:Undefined
Tree[6].cache.line[2].data:Undefined
Tree[6].cache.line[2].dirty:Undefined
Tree[6].cache.valid[1]:0
Tree[6].cache.valid[2]:0
Tree[6].sons[1]:Undefined
Tree[6].sons[2]:Undefined
Tree[6].directory[1][1]:Undefined
Tree[6].directory[1][2]:Undefined
Tree[6].directory[2][1]:Undefined
Tree[6].directory[2][2]:Undefined
Tree[6].slave_pending[1][1]:Undefined
Tree[6].slave_pending[1][2]:Undefined
Tree[6].slave_pending[2][1]:Undefined
Tree[6].slave_pending[2][2]:Undefined
Tree[6].master_pending[1]:Undefined
Tree[6].master_pending[2]:Undefined
Tree[6].reqId:Undefined
Tree[6].chan1[1].buffer[1].opcode:Undefined
Tree[6].chan1[1].buffer[1].para:Undefined
Tree[6].chan1[1].buffer[1].addr:Undefined
Tree[6].chan1[1].buffer[1].data:Undefined
Tree[6].chan1[1].buffer[1].dirty:Undefined
Tree[6].chan1[1].buffer[2].opcode:Undefined
Tree[6].chan1[1].buffer[2].para:Undefined
Tree[6].chan1[1].buffer[2].addr:Undefined
Tree[6].chan1[1].buffer[2].data:Undefined
Tree[6].chan1[1].buffer[2].dirty:Undefined
Tree[6].chan1[1].used:Undefined
Tree[6].chan1[2].buffer[1].opcode:Undefined
Tree[6].chan1[2].buffer[1].para:Undefined
Tree[6].chan1[2].buffer[1].addr:Undefined
Tree[6].chan1[2].buffer[1].data:Undefined
Tree[6].chan1[2].buffer[1].dirty:Undefined
Tree[6].chan1[2].buffer[2].opcode:Undefined
Tree[6].chan1[2].buffer[2].para:Undefined
Tree[6].chan1[2].buffer[2].addr:Undefined
Tree[6].chan1[2].buffer[2].data:Undefined
Tree[6].chan1[2].buffer[2].dirty:Undefined
Tree[6].chan1[2].used:Undefined
Tree[6].chan2[1].buffer[1].opcode:Undefined
Tree[6].chan2[1].buffer[1].para:Undefined
Tree[6].chan2[1].buffer[1].addr:Undefined
Tree[6].chan2[1].buffer[1].data:Undefined
Tree[6].chan2[1].buffer[1].dirty:Undefined
Tree[6].chan2[1].buffer[2].opcode:Undefined
Tree[6].chan2[1].buffer[2].para:Undefined
Tree[6].chan2[1].buffer[2].addr:Undefined
Tree[6].chan2[1].buffer[2].data:Undefined
Tree[6].chan2[1].buffer[2].dirty:Undefined
Tree[6].chan2[1].used:Undefined
Tree[6].chan2[2].buffer[1].opcode:Undefined
Tree[6].chan2[2].buffer[1].para:Undefined
Tree[6].chan2[2].buffer[1].addr:Undefined
Tree[6].chan2[2].buffer[1].data:Undefined
Tree[6].chan2[2].buffer[1].dirty:Undefined
Tree[6].chan2[2].buffer[2].opcode:Undefined
Tree[6].chan2[2].buffer[2].para:Undefined
Tree[6].chan2[2].buffer[2].addr:Undefined
Tree[6].chan2[2].buffer[2].data:Undefined
Tree[6].chan2[2].buffer[2].dirty:Undefined
Tree[6].chan2[2].used:Undefined
Tree[6].chan3[1].buffer[1].opcode:Undefined
Tree[6].chan3[1].buffer[1].para:Undefined
Tree[6].chan3[1].buffer[1].addr:Undefined
Tree[6].chan3[1].buffer[1].data:Undefined
Tree[6].chan3[1].buffer[1].dirty:Undefined
Tree[6].chan3[1].buffer[2].opcode:Undefined
Tree[6].chan3[1].buffer[2].para:Undefined
Tree[6].chan3[1].buffer[2].addr:Undefined
Tree[6].chan3[1].buffer[2].data:Undefined
Tree[6].chan3[1].buffer[2].dirty:Undefined
Tree[6].chan3[1].used:Undefined
Tree[6].chan3[2].buffer[1].opcode:Undefined
Tree[6].chan3[2].buffer[1].para:Undefined
Tree[6].chan3[2].buffer[1].addr:Undefined
Tree[6].chan3[2].buffer[1].data:Undefined
Tree[6].chan3[2].buffer[1].dirty:Undefined
Tree[6].chan3[2].buffer[2].opcode:Undefined
Tree[6].chan3[2].buffer[2].para:Undefined
Tree[6].chan3[2].buffer[2].addr:Undefined
Tree[6].chan3[2].buffer[2].data:Undefined
Tree[6].chan3[2].buffer[2].dirty:Undefined
Tree[6].chan3[2].used:Undefined
Tree[6].chan4[1].buffer[1].opcode:Undefined
Tree[6].chan4[1].buffer[1].para:Undefined
Tree[6].chan4[1].buffer[1].addr:Undefined
Tree[6].chan4[1].buffer[1].data:Undefined
Tree[6].chan4[1].buffer[1].dirty:Undefined
Tree[6].chan4[1].buffer[2].opcode:Undefined
Tree[6].chan4[1].buffer[2].para:Undefined
Tree[6].chan4[1].buffer[2].addr:Undefined
Tree[6].chan4[1].buffer[2].data:Undefined
Tree[6].chan4[1].buffer[2].dirty:Undefined
Tree[6].chan4[1].used:Undefined
Tree[6].chan4[2].buffer[1].opcode:Undefined
Tree[6].chan4[2].buffer[1].para:Undefined
Tree[6].chan4[2].buffer[1].addr:Undefined
Tree[6].chan4[2].buffer[1].data:Undefined
Tree[6].chan4[2].buffer[1].dirty:Undefined
Tree[6].chan4[2].buffer[2].opcode:Undefined
Tree[6].chan4[2].buffer[2].para:Undefined
Tree[6].chan4[2].buffer[2].addr:Undefined
Tree[6].chan4[2].buffer[2].data:Undefined
Tree[6].chan4[2].buffer[2].dirty:Undefined
Tree[6].chan4[2].used:Undefined
Tree[6].chan5[1].buffer[1].opcode:Undefined
Tree[6].chan5[1].buffer[1].addr:Undefined
Tree[6].chan5[1].buffer[1].data:Undefined
Tree[6].chan5[1].buffer[1].dirty:Undefined
Tree[6].chan5[1].buffer[2].opcode:Undefined
Tree[6].chan5[1].buffer[2].addr:Undefined
Tree[6].chan5[1].buffer[2].data:Undefined
Tree[6].chan5[1].buffer[2].dirty:Undefined
Tree[6].chan5[1].used:Undefined
Tree[6].chan5[2].buffer[1].opcode:Undefined
Tree[6].chan5[2].buffer[1].addr:Undefined
Tree[6].chan5[2].buffer[1].data:Undefined
Tree[6].chan5[2].buffer[1].dirty:Undefined
Tree[6].chan5[2].buffer[2].opcode:Undefined
Tree[6].chan5[2].buffer[2].addr:Undefined
Tree[6].chan5[2].buffer[2].data:Undefined
Tree[6].chan5[2].buffer[2].dirty:Undefined
Tree[6].chan5[2].used:Undefined
Tree[7].cache.used:0
Tree[7].cache.line[1].addr:Undefined
Tree[7].cache.line[1].state:Undefined
Tree[7].cache.line[1].data:Undefined
Tree[7].cache.line[1].dirty:Undefined
Tree[7].cache.line[2].addr:Undefined
Tree[7].cache.line[2].state:Undefined
Tree[7].cache.line[2].data:Undefined
Tree[7].cache.line[2].dirty:Undefined
Tree[7].cache.valid[1]:0
Tree[7].cache.valid[2]:0
Tree[7].sons[1]:Undefined
Tree[7].sons[2]:Undefined
Tree[7].directory[1][1]:Undefined
Tree[7].directory[1][2]:Undefined
Tree[7].directory[2][1]:Undefined
Tree[7].directory[2][2]:Undefined
Tree[7].slave_pending[1][1]:Undefined
Tree[7].slave_pending[1][2]:Undefined
Tree[7].slave_pending[2][1]:Undefined
Tree[7].slave_pending[2][2]:Undefined
Tree[7].master_pending[1]:Undefined
Tree[7].master_pending[2]:Undefined
Tree[7].reqId:Undefined
Tree[7].chan1[1].buffer[1].opcode:Undefined
Tree[7].chan1[1].buffer[1].para:Undefined
Tree[7].chan1[1].buffer[1].addr:Undefined
Tree[7].chan1[1].buffer[1].data:Undefined
Tree[7].chan1[1].buffer[1].dirty:Undefined
Tree[7].chan1[1].buffer[2].opcode:Undefined
Tree[7].chan1[1].buffer[2].para:Undefined
Tree[7].chan1[1].buffer[2].addr:Undefined
Tree[7].chan1[1].buffer[2].data:Undefined
Tree[7].chan1[1].buffer[2].dirty:Undefined
Tree[7].chan1[1].used:Undefined
Tree[7].chan1[2].buffer[1].opcode:Undefined
Tree[7].chan1[2].buffer[1].para:Undefined
Tree[7].chan1[2].buffer[1].addr:Undefined
Tree[7].chan1[2].buffer[1].data:Undefined
Tree[7].chan1[2].buffer[1].dirty:Undefined
Tree[7].chan1[2].buffer[2].opcode:Undefined
Tree[7].chan1[2].buffer[2].para:Undefined
Tree[7].chan1[2].buffer[2].addr:Undefined
Tree[7].chan1[2].buffer[2].data:Undefined
Tree[7].chan1[2].buffer[2].dirty:Undefined
Tree[7].chan1[2].used:Undefined
Tree[7].chan2[1].buffer[1].opcode:Undefined
Tree[7].chan2[1].buffer[1].para:Undefined
Tree[7].chan2[1].buffer[1].addr:Undefined
Tree[7].chan2[1].buffer[1].data:Undefined
Tree[7].chan2[1].buffer[1].dirty:Undefined
Tree[7].chan2[1].buffer[2].opcode:Undefined
Tree[7].chan2[1].buffer[2].para:Undefined
Tree[7].chan2[1].buffer[2].addr:Undefined
Tree[7].chan2[1].buffer[2].data:Undefined
Tree[7].chan2[1].buffer[2].dirty:Undefined
Tree[7].chan2[1].used:Undefined
Tree[7].chan2[2].buffer[1].opcode:Undefined
Tree[7].chan2[2].buffer[1].para:Undefined
Tree[7].chan2[2].buffer[1].addr:Undefined
Tree[7].chan2[2].buffer[1].data:Undefined
Tree[7].chan2[2].buffer[1].dirty:Undefined
Tree[7].chan2[2].buffer[2].opcode:Undefined
Tree[7].chan2[2].buffer[2].para:Undefined
Tree[7].chan2[2].buffer[2].addr:Undefined
Tree[7].chan2[2].buffer[2].data:Undefined
Tree[7].chan2[2].buffer[2].dirty:Undefined
Tree[7].chan2[2].used:Undefined
Tree[7].chan3[1].buffer[1].opcode:Undefined
Tree[7].chan3[1].buffer[1].para:Undefined
Tree[7].chan3[1].buffer[1].addr:Undefined
Tree[7].chan3[1].buffer[1].data:Undefined
Tree[7].chan3[1].buffer[1].dirty:Undefined
Tree[7].chan3[1].buffer[2].opcode:Undefined
Tree[7].chan3[1].buffer[2].para:Undefined
Tree[7].chan3[1].buffer[2].addr:Undefined
Tree[7].chan3[1].buffer[2].data:Undefined
Tree[7].chan3[1].buffer[2].dirty:Undefined
Tree[7].chan3[1].used:Undefined
Tree[7].chan3[2].buffer[1].opcode:Undefined
Tree[7].chan3[2].buffer[1].para:Undefined
Tree[7].chan3[2].buffer[1].addr:Undefined
Tree[7].chan3[2].buffer[1].data:Undefined
Tree[7].chan3[2].buffer[1].dirty:Undefined
Tree[7].chan3[2].buffer[2].opcode:Undefined
Tree[7].chan3[2].buffer[2].para:Undefined
Tree[7].chan3[2].buffer[2].addr:Undefined
Tree[7].chan3[2].buffer[2].data:Undefined
Tree[7].chan3[2].buffer[2].dirty:Undefined
Tree[7].chan3[2].used:Undefined
Tree[7].chan4[1].buffer[1].opcode:Undefined
Tree[7].chan4[1].buffer[1].para:Undefined
Tree[7].chan4[1].buffer[1].addr:Undefined
Tree[7].chan4[1].buffer[1].data:Undefined
Tree[7].chan4[1].buffer[1].dirty:Undefined
Tree[7].chan4[1].buffer[2].opcode:Undefined
Tree[7].chan4[1].buffer[2].para:Undefined
Tree[7].chan4[1].buffer[2].addr:Undefined
Tree[7].chan4[1].buffer[2].data:Undefined
Tree[7].chan4[1].buffer[2].dirty:Undefined
Tree[7].chan4[1].used:Undefined
Tree[7].chan4[2].buffer[1].opcode:Undefined
Tree[7].chan4[2].buffer[1].para:Undefined
Tree[7].chan4[2].buffer[1].addr:Undefined
Tree[7].chan4[2].buffer[1].data:Undefined
Tree[7].chan4[2].buffer[1].dirty:Undefined
Tree[7].chan4[2].buffer[2].opcode:Undefined
Tree[7].chan4[2].buffer[2].para:Undefined
Tree[7].chan4[2].buffer[2].addr:Undefined
Tree[7].chan4[2].buffer[2].data:Undefined
Tree[7].chan4[2].buffer[2].dirty:Undefined
Tree[7].chan4[2].used:Undefined
Tree[7].chan5[1].buffer[1].opcode:Undefined
Tree[7].chan5[1].buffer[1].addr:Undefined
Tree[7].chan5[1].buffer[1].data:Undefined
Tree[7].chan5[1].buffer[1].dirty:Undefined
Tree[7].chan5[1].buffer[2].opcode:Undefined
Tree[7].chan5[1].buffer[2].addr:Undefined
Tree[7].chan5[1].buffer[2].data:Undefined
Tree[7].chan5[1].buffer[2].dirty:Undefined
Tree[7].chan5[1].used:Undefined
Tree[7].chan5[2].buffer[1].opcode:Undefined
Tree[7].chan5[2].buffer[1].addr:Undefined
Tree[7].chan5[2].buffer[1].data:Undefined
Tree[7].chan5[2].buffer[1].dirty:Undefined
Tree[7].chan5[2].buffer[2].opcode:Undefined
Tree[7].chan5[2].buffer[2].addr:Undefined
Tree[7].chan5[2].buffer[2].data:Undefined
Tree[7].chan5[2].buffer[2].dirty:Undefined
Tree[7].chan5[2].used:Undefined
memData[1]:dataType_2
memData[2]:dataType_2
auxData[1]:dataType_2
auxData[2]:dataType_2

------------- Show a heuristic value: ------------------
3

------------- Show Initstate: ------------------
Tree[1].cache.used:0
Tree[1].cache.line[1].addr:Undefined
Tree[1].cache.line[1].state:Undefined
Tree[1].cache.line[1].data:Undefined
Tree[1].cache.line[1].dirty:Undefined
Tree[1].cache.line[2].addr:Undefined
Tree[1].cache.line[2].state:Undefined
Tree[1].cache.line[2].data:Undefined
Tree[1].cache.line[2].dirty:Undefined
Tree[1].cache.valid[1]:0
Tree[1].cache.valid[2]:0
Tree[1].sons[1]:2
Tree[1].sons[2]:3
Tree[1].directory[1][1]:None
Tree[1].directory[1][2]:None
Tree[1].directory[2][1]:None
Tree[1].directory[2][2]:None
Tree[1].slave_pending[1][1]:Undefined
Tree[1].slave_pending[1][2]:Undefined
Tree[1].slave_pending[2][1]:Undefined
Tree[1].slave_pending[2][2]:Undefined
Tree[1].master_pending[1]:Undefined
Tree[1].master_pending[2]:Undefined
Tree[1].reqId:Undefined
Tree[1].chan1[1].buffer[1].opcode:Undefined
Tree[1].chan1[1].buffer[1].para:Undefined
Tree[1].chan1[1].buffer[1].addr:Undefined
Tree[1].chan1[1].buffer[1].data:Undefined
Tree[1].chan1[1].buffer[1].dirty:Undefined
Tree[1].chan1[1].buffer[2].opcode:Undefined
Tree[1].chan1[1].buffer[2].para:Undefined
Tree[1].chan1[1].buffer[2].addr:Undefined
Tree[1].chan1[1].buffer[2].data:Undefined
Tree[1].chan1[1].buffer[2].dirty:Undefined
Tree[1].chan1[1].used:0
Tree[1].chan1[2].buffer[1].opcode:Undefined
Tree[1].chan1[2].buffer[1].para:Undefined
Tree[1].chan1[2].buffer[1].addr:Undefined
Tree[1].chan1[2].buffer[1].data:Undefined
Tree[1].chan1[2].buffer[1].dirty:Undefined
Tree[1].chan1[2].buffer[2].opcode:Undefined
Tree[1].chan1[2].buffer[2].para:Undefined
Tree[1].chan1[2].buffer[2].addr:Undefined
Tree[1].chan1[2].buffer[2].data:Undefined
Tree[1].chan1[2].buffer[2].dirty:Undefined
Tree[1].chan1[2].used:0
Tree[1].chan2[1].buffer[1].opcode:Undefined
Tree[1].chan2[1].buffer[1].para:Undefined
Tree[1].chan2[1].buffer[1].addr:Undefined
Tree[1].chan2[1].buffer[1].data:Undefined
Tree[1].chan2[1].buffer[1].dirty:Undefined
Tree[1].chan2[1].buffer[2].opcode:Undefined
Tree[1].chan2[1].buffer[2].para:Undefined
Tree[1].chan2[1].buffer[2].addr:Undefined
Tree[1].chan2[1].buffer[2].data:Undefined
Tree[1].chan2[1].buffer[2].dirty:Undefined
Tree[1].chan2[1].used:0
Tree[1].chan2[2].buffer[1].opcode:Undefined
Tree[1].chan2[2].buffer[1].para:Undefined
Tree[1].chan2[2].buffer[1].addr:Undefined
Tree[1].chan2[2].buffer[1].data:Undefined
Tree[1].chan2[2].buffer[1].dirty:Undefined
Tree[1].chan2[2].buffer[2].opcode:Undefined
Tree[1].chan2[2].buffer[2].para:Undefined
Tree[1].chan2[2].buffer[2].addr:Undefined
Tree[1].chan2[2].buffer[2].data:Undefined
Tree[1].chan2[2].buffer[2].dirty:Undefined
Tree[1].chan2[2].used:0
Tree[1].chan3[1].buffer[1].opcode:Undefined
Tree[1].chan3[1].buffer[1].para:Undefined
Tree[1].chan3[1].buffer[1].addr:Undefined
Tree[1].chan3[1].buffer[1].data:Undefined
Tree[1].chan3[1].buffer[1].dirty:Undefined
Tree[1].chan3[1].buffer[2].opcode:Undefined
Tree[1].chan3[1].buffer[2].para:Undefined
Tree[1].chan3[1].buffer[2].addr:Undefined
Tree[1].chan3[1].buffer[2].data:Undefined
Tree[1].chan3[1].buffer[2].dirty:Undefined
Tree[1].chan3[1].used:0
Tree[1].chan3[2].buffer[1].opcode:Undefined
Tree[1].chan3[2].buffer[1].para:Undefined
Tree[1].chan3[2].buffer[1].addr:Undefined
Tree[1].chan3[2].buffer[1].data:Undefined
Tree[1].chan3[2].buffer[1].dirty:Undefined
Tree[1].chan3[2].buffer[2].opcode:Undefined
Tree[1].chan3[2].buffer[2].para:Undefined
Tree[1].chan3[2].buffer[2].addr:Undefined
Tree[1].chan3[2].buffer[2].data:Undefined
Tree[1].chan3[2].buffer[2].dirty:Undefined
Tree[1].chan3[2].used:0
Tree[1].chan4[1].buffer[1].opcode:Undefined
Tree[1].chan4[1].buffer[1].para:Undefined
Tree[1].chan4[1].buffer[1].addr:Undefined
Tree[1].chan4[1].buffer[1].data:Undefined
Tree[1].chan4[1].buffer[1].dirty:Undefined
Tree[1].chan4[1].buffer[2].opcode:Undefined
Tree[1].chan4[1].buffer[2].para:Undefined
Tree[1].chan4[1].buffer[2].addr:Undefined
Tree[1].chan4[1].buffer[2].data:Undefined
Tree[1].chan4[1].buffer[2].dirty:Undefined
Tree[1].chan4[1].used:0
Tree[1].chan4[2].buffer[1].opcode:Undefined
Tree[1].chan4[2].buffer[1].para:Undefined
Tree[1].chan4[2].buffer[1].addr:Undefined
Tree[1].chan4[2].buffer[1].data:Undefined
Tree[1].chan4[2].buffer[1].dirty:Undefined
Tree[1].chan4[2].buffer[2].opcode:Undefined
Tree[1].chan4[2].buffer[2].para:Undefined
Tree[1].chan4[2].buffer[2].addr:Undefined
Tree[1].chan4[2].buffer[2].data:Undefined
Tree[1].chan4[2].buffer[2].dirty:Undefined
Tree[1].chan4[2].used:0
Tree[1].chan5[1].buffer[1].opcode:Undefined
Tree[1].chan5[1].buffer[1].addr:Undefined
Tree[1].chan5[1].buffer[1].data:Undefined
Tree[1].chan5[1].buffer[1].dirty:Undefined
Tree[1].chan5[1].buffer[2].opcode:Undefined
Tree[1].chan5[1].buffer[2].addr:Undefined
Tree[1].chan5[1].buffer[2].data:Undefined
Tree[1].chan5[1].buffer[2].dirty:Undefined
Tree[1].chan5[1].used:0
Tree[1].chan5[2].buffer[1].opcode:Undefined
Tree[1].chan5[2].buffer[1].addr:Undefined
Tree[1].chan5[2].buffer[1].data:Undefined
Tree[1].chan5[2].buffer[1].dirty:Undefined
Tree[1].chan5[2].buffer[2].opcode:Undefined
Tree[1].chan5[2].buffer[2].addr:Undefined
Tree[1].chan5[2].buffer[2].data:Undefined
Tree[1].chan5[2].buffer[2].dirty:Undefined
Tree[1].chan5[2].used:0
Tree[2].cache.used:0
Tree[2].cache.line[1].addr:Undefined
Tree[2].cache.line[1].state:Undefined
Tree[2].cache.line[1].data:Undefined
Tree[2].cache.line[1].dirty:Undefined
Tree[2].cache.line[2].addr:Undefined
Tree[2].cache.line[2].state:Undefined
Tree[2].cache.line[2].data:Undefined
Tree[2].cache.line[2].dirty:Undefined
Tree[2].cache.valid[1]:0
Tree[2].cache.valid[2]:0
Tree[2].sons[1]:4
Tree[2].sons[2]:5
Tree[2].directory[1][1]:None
Tree[2].directory[1][2]:None
Tree[2].directory[2][1]:None
Tree[2].directory[2][2]:None
Tree[2].slave_pending[1][1]:Undefined
Tree[2].slave_pending[1][2]:Undefined
Tree[2].slave_pending[2][1]:Undefined
Tree[2].slave_pending[2][2]:Undefined
Tree[2].master_pending[1]:Undefined
Tree[2].master_pending[2]:Undefined
Tree[2].reqId:Undefined
Tree[2].chan1[1].buffer[1].opcode:Undefined
Tree[2].chan1[1].buffer[1].para:Undefined
Tree[2].chan1[1].buffer[1].addr:Undefined
Tree[2].chan1[1].buffer[1].data:Undefined
Tree[2].chan1[1].buffer[1].dirty:Undefined
Tree[2].chan1[1].buffer[2].opcode:Undefined
Tree[2].chan1[1].buffer[2].para:Undefined
Tree[2].chan1[1].buffer[2].addr:Undefined
Tree[2].chan1[1].buffer[2].data:Undefined
Tree[2].chan1[1].buffer[2].dirty:Undefined
Tree[2].chan1[1].used:0
Tree[2].chan1[2].buffer[1].opcode:Undefined
Tree[2].chan1[2].buffer[1].para:Undefined
Tree[2].chan1[2].buffer[1].addr:Undefined
Tree[2].chan1[2].buffer[1].data:Undefined
Tree[2].chan1[2].buffer[1].dirty:Undefined
Tree[2].chan1[2].buffer[2].opcode:Undefined
Tree[2].chan1[2].buffer[2].para:Undefined
Tree[2].chan1[2].buffer[2].addr:Undefined
Tree[2].chan1[2].buffer[2].data:Undefined
Tree[2].chan1[2].buffer[2].dirty:Undefined
Tree[2].chan1[2].used:0
Tree[2].chan2[1].buffer[1].opcode:Undefined
Tree[2].chan2[1].buffer[1].para:Undefined
Tree[2].chan2[1].buffer[1].addr:Undefined
Tree[2].chan2[1].buffer[1].data:Undefined
Tree[2].chan2[1].buffer[1].dirty:Undefined
Tree[2].chan2[1].buffer[2].opcode:Undefined
Tree[2].chan2[1].buffer[2].para:Undefined
Tree[2].chan2[1].buffer[2].addr:Undefined
Tree[2].chan2[1].buffer[2].data:Undefined
Tree[2].chan2[1].buffer[2].dirty:Undefined
Tree[2].chan2[1].used:0
Tree[2].chan2[2].buffer[1].opcode:Undefined
Tree[2].chan2[2].buffer[1].para:Undefined
Tree[2].chan2[2].buffer[1].addr:Undefined
Tree[2].chan2[2].buffer[1].data:Undefined
Tree[2].chan2[2].buffer[1].dirty:Undefined
Tree[2].chan2[2].buffer[2].opcode:Undefined
Tree[2].chan2[2].buffer[2].para:Undefined
Tree[2].chan2[2].buffer[2].addr:Undefined
Tree[2].chan2[2].buffer[2].data:Undefined
Tree[2].chan2[2].buffer[2].dirty:Undefined
Tree[2].chan2[2].used:0
Tree[2].chan3[1].buffer[1].opcode:Undefined
Tree[2].chan3[1].buffer[1].para:Undefined
Tree[2].chan3[1].buffer[1].addr:Undefined
Tree[2].chan3[1].buffer[1].data:Undefined
Tree[2].chan3[1].buffer[1].dirty:Undefined
Tree[2].chan3[1].buffer[2].opcode:Undefined
Tree[2].chan3[1].buffer[2].para:Undefined
Tree[2].chan3[1].buffer[2].addr:Undefined
Tree[2].chan3[1].buffer[2].data:Undefined
Tree[2].chan3[1].buffer[2].dirty:Undefined
Tree[2].chan3[1].used:0
Tree[2].chan3[2].buffer[1].opcode:Undefined
Tree[2].chan3[2].buffer[1].para:Undefined
Tree[2].chan3[2].buffer[1].addr:Undefined
Tree[2].chan3[2].buffer[1].data:Undefined
Tree[2].chan3[2].buffer[1].dirty:Undefined
Tree[2].chan3[2].buffer[2].opcode:Undefined
Tree[2].chan3[2].buffer[2].para:Undefined
Tree[2].chan3[2].buffer[2].addr:Undefined
Tree[2].chan3[2].buffer[2].data:Undefined
Tree[2].chan3[2].buffer[2].dirty:Undefined
Tree[2].chan3[2].used:0
Tree[2].chan4[1].buffer[1].opcode:Undefined
Tree[2].chan4[1].buffer[1].para:Undefined
Tree[2].chan4[1].buffer[1].addr:Undefined
Tree[2].chan4[1].buffer[1].data:Undefined
Tree[2].chan4[1].buffer[1].dirty:Undefined
Tree[2].chan4[1].buffer[2].opcode:Undefined
Tree[2].chan4[1].buffer[2].para:Undefined
Tree[2].chan4[1].buffer[2].addr:Undefined
Tree[2].chan4[1].buffer[2].data:Undefined
Tree[2].chan4[1].buffer[2].dirty:Undefined
Tree[2].chan4[1].used:0
Tree[2].chan4[2].buffer[1].opcode:Undefined
Tree[2].chan4[2].buffer[1].para:Undefined
Tree[2].chan4[2].buffer[1].addr:Undefined
Tree[2].chan4[2].buffer[1].data:Undefined
Tree[2].chan4[2].buffer[1].dirty:Undefined
Tree[2].chan4[2].buffer[2].opcode:Undefined
Tree[2].chan4[2].buffer[2].para:Undefined
Tree[2].chan4[2].buffer[2].addr:Undefined
Tree[2].chan4[2].buffer[2].data:Undefined
Tree[2].chan4[2].buffer[2].dirty:Undefined
Tree[2].chan4[2].used:0
Tree[2].chan5[1].buffer[1].opcode:Undefined
Tree[2].chan5[1].buffer[1].addr:Undefined
Tree[2].chan5[1].buffer[1].data:Undefined
Tree[2].chan5[1].buffer[1].dirty:Undefined
Tree[2].chan5[1].buffer[2].opcode:Undefined
Tree[2].chan5[1].buffer[2].addr:Undefined
Tree[2].chan5[1].buffer[2].data:Undefined
Tree[2].chan5[1].buffer[2].dirty:Undefined
Tree[2].chan5[1].used:0
Tree[2].chan5[2].buffer[1].opcode:Undefined
Tree[2].chan5[2].buffer[1].addr:Undefined
Tree[2].chan5[2].buffer[1].data:Undefined
Tree[2].chan5[2].buffer[1].dirty:Undefined
Tree[2].chan5[2].buffer[2].opcode:Undefined
Tree[2].chan5[2].buffer[2].addr:Undefined
Tree[2].chan5[2].buffer[2].data:Undefined
Tree[2].chan5[2].buffer[2].dirty:Undefined
Tree[2].chan5[2].used:0
Tree[3].cache.used:0
Tree[3].cache.line[1].addr:Undefined
Tree[3].cache.line[1].state:Undefined
Tree[3].cache.line[1].data:Undefined
Tree[3].cache.line[1].dirty:Undefined
Tree[3].cache.line[2].addr:Undefined
Tree[3].cache.line[2].state:Undefined
Tree[3].cache.line[2].data:Undefined
Tree[3].cache.line[2].dirty:Undefined
Tree[3].cache.valid[1]:0
Tree[3].cache.valid[2]:0
Tree[3].sons[1]:6
Tree[3].sons[2]:7
Tree[3].directory[1][1]:None
Tree[3].directory[1][2]:None
Tree[3].directory[2][1]:None
Tree[3].directory[2][2]:None
Tree[3].slave_pending[1][1]:Undefined
Tree[3].slave_pending[1][2]:Undefined
Tree[3].slave_pending[2][1]:Undefined
Tree[3].slave_pending[2][2]:Undefined
Tree[3].master_pending[1]:Undefined
Tree[3].master_pending[2]:Undefined
Tree[3].reqId:Undefined
Tree[3].chan1[1].buffer[1].opcode:Undefined
Tree[3].chan1[1].buffer[1].para:Undefined
Tree[3].chan1[1].buffer[1].addr:Undefined
Tree[3].chan1[1].buffer[1].data:Undefined
Tree[3].chan1[1].buffer[1].dirty:Undefined
Tree[3].chan1[1].buffer[2].opcode:Undefined
Tree[3].chan1[1].buffer[2].para:Undefined
Tree[3].chan1[1].buffer[2].addr:Undefined
Tree[3].chan1[1].buffer[2].data:Undefined
Tree[3].chan1[1].buffer[2].dirty:Undefined
Tree[3].chan1[1].used:0
Tree[3].chan1[2].buffer[1].opcode:Undefined
Tree[3].chan1[2].buffer[1].para:Undefined
Tree[3].chan1[2].buffer[1].addr:Undefined
Tree[3].chan1[2].buffer[1].data:Undefined
Tree[3].chan1[2].buffer[1].dirty:Undefined
Tree[3].chan1[2].buffer[2].opcode:Undefined
Tree[3].chan1[2].buffer[2].para:Undefined
Tree[3].chan1[2].buffer[2].addr:Undefined
Tree[3].chan1[2].buffer[2].data:Undefined
Tree[3].chan1[2].buffer[2].dirty:Undefined
Tree[3].chan1[2].used:0
Tree[3].chan2[1].buffer[1].opcode:Undefined
Tree[3].chan2[1].buffer[1].para:Undefined
Tree[3].chan2[1].buffer[1].addr:Undefined
Tree[3].chan2[1].buffer[1].data:Undefined
Tree[3].chan2[1].buffer[1].dirty:Undefined
Tree[3].chan2[1].buffer[2].opcode:Undefined
Tree[3].chan2[1].buffer[2].para:Undefined
Tree[3].chan2[1].buffer[2].addr:Undefined
Tree[3].chan2[1].buffer[2].data:Undefined
Tree[3].chan2[1].buffer[2].dirty:Undefined
Tree[3].chan2[1].used:0
Tree[3].chan2[2].buffer[1].opcode:Undefined
Tree[3].chan2[2].buffer[1].para:Undefined
Tree[3].chan2[2].buffer[1].addr:Undefined
Tree[3].chan2[2].buffer[1].data:Undefined
Tree[3].chan2[2].buffer[1].dirty:Undefined
Tree[3].chan2[2].buffer[2].opcode:Undefined
Tree[3].chan2[2].buffer[2].para:Undefined
Tree[3].chan2[2].buffer[2].addr:Undefined
Tree[3].chan2[2].buffer[2].data:Undefined
Tree[3].chan2[2].buffer[2].dirty:Undefined
Tree[3].chan2[2].used:0
Tree[3].chan3[1].buffer[1].opcode:Undefined
Tree[3].chan3[1].buffer[1].para:Undefined
Tree[3].chan3[1].buffer[1].addr:Undefined
Tree[3].chan3[1].buffer[1].data:Undefined
Tree[3].chan3[1].buffer[1].dirty:Undefined
Tree[3].chan3[1].buffer[2].opcode:Undefined
Tree[3].chan3[1].buffer[2].para:Undefined
Tree[3].chan3[1].buffer[2].addr:Undefined
Tree[3].chan3[1].buffer[2].data:Undefined
Tree[3].chan3[1].buffer[2].dirty:Undefined
Tree[3].chan3[1].used:0
Tree[3].chan3[2].buffer[1].opcode:Undefined
Tree[3].chan3[2].buffer[1].para:Undefined
Tree[3].chan3[2].buffer[1].addr:Undefined
Tree[3].chan3[2].buffer[1].data:Undefined
Tree[3].chan3[2].buffer[1].dirty:Undefined
Tree[3].chan3[2].buffer[2].opcode:Undefined
Tree[3].chan3[2].buffer[2].para:Undefined
Tree[3].chan3[2].buffer[2].addr:Undefined
Tree[3].chan3[2].buffer[2].data:Undefined
Tree[3].chan3[2].buffer[2].dirty:Undefined
Tree[3].chan3[2].used:0
Tree[3].chan4[1].buffer[1].opcode:Undefined
Tree[3].chan4[1].buffer[1].para:Undefined
Tree[3].chan4[1].buffer[1].addr:Undefined
Tree[3].chan4[1].buffer[1].data:Undefined
Tree[3].chan4[1].buffer[1].dirty:Undefined
Tree[3].chan4[1].buffer[2].opcode:Undefined
Tree[3].chan4[1].buffer[2].para:Undefined
Tree[3].chan4[1].buffer[2].addr:Undefined
Tree[3].chan4[1].buffer[2].data:Undefined
Tree[3].chan4[1].buffer[2].dirty:Undefined
Tree[3].chan4[1].used:0
Tree[3].chan4[2].buffer[1].opcode:Undefined
Tree[3].chan4[2].buffer[1].para:Undefined
Tree[3].chan4[2].buffer[1].addr:Undefined
Tree[3].chan4[2].buffer[1].data:Undefined
Tree[3].chan4[2].buffer[1].dirty:Undefined
Tree[3].chan4[2].buffer[2].opcode:Undefined
Tree[3].chan4[2].buffer[2].para:Undefined
Tree[3].chan4[2].buffer[2].addr:Undefined
Tree[3].chan4[2].buffer[2].data:Undefined
Tree[3].chan4[2].buffer[2].dirty:Undefined
Tree[3].chan4[2].used:0
Tree[3].chan5[1].buffer[1].opcode:Undefined
Tree[3].chan5[1].buffer[1].addr:Undefined
Tree[3].chan5[1].buffer[1].data:Undefined
Tree[3].chan5[1].buffer[1].dirty:Undefined
Tree[3].chan5[1].buffer[2].opcode:Undefined
Tree[3].chan5[1].buffer[2].addr:Undefined
Tree[3].chan5[1].buffer[2].data:Undefined
Tree[3].chan5[1].buffer[2].dirty:Undefined
Tree[3].chan5[1].used:0
Tree[3].chan5[2].buffer[1].opcode:Undefined
Tree[3].chan5[2].buffer[1].addr:Undefined
Tree[3].chan5[2].buffer[1].data:Undefined
Tree[3].chan5[2].buffer[1].dirty:Undefined
Tree[3].chan5[2].buffer[2].opcode:Undefined
Tree[3].chan5[2].buffer[2].addr:Undefined
Tree[3].chan5[2].buffer[2].data:Undefined
Tree[3].chan5[2].buffer[2].dirty:Undefined
Tree[3].chan5[2].used:0
Tree[4].cache.used:0
Tree[4].cache.line[1].addr:Undefined
Tree[4].cache.line[1].state:Undefined
Tree[4].cache.line[1].data:Undefined
Tree[4].cache.line[1].dirty:Undefined
Tree[4].cache.line[2].addr:Undefined
Tree[4].cache.line[2].state:Undefined
Tree[4].cache.line[2].data:Undefined
Tree[4].cache.line[2].dirty:Undefined
Tree[4].cache.valid[1]:0
Tree[4].cache.valid[2]:0
Tree[4].sons[1]:Undefined
Tree[4].sons[2]:Undefined
Tree[4].directory[1][1]:Undefined
Tree[4].directory[1][2]:Undefined
Tree[4].directory[2][1]:Undefined
Tree[4].directory[2][2]:Undefined
Tree[4].slave_pending[1][1]:Undefined
Tree[4].slave_pending[1][2]:Undefined
Tree[4].slave_pending[2][1]:Undefined
Tree[4].slave_pending[2][2]:Undefined
Tree[4].master_pending[1]:Undefined
Tree[4].master_pending[2]:Undefined
Tree[4].reqId:Undefined
Tree[4].chan1[1].buffer[1].opcode:Undefined
Tree[4].chan1[1].buffer[1].para:Undefined
Tree[4].chan1[1].buffer[1].addr:Undefined
Tree[4].chan1[1].buffer[1].data:Undefined
Tree[4].chan1[1].buffer[1].dirty:Undefined
Tree[4].chan1[1].buffer[2].opcode:Undefined
Tree[4].chan1[1].buffer[2].para:Undefined
Tree[4].chan1[1].buffer[2].addr:Undefined
Tree[4].chan1[1].buffer[2].data:Undefined
Tree[4].chan1[1].buffer[2].dirty:Undefined
Tree[4].chan1[1].used:Undefined
Tree[4].chan1[2].buffer[1].opcode:Undefined
Tree[4].chan1[2].buffer[1].para:Undefined
Tree[4].chan1[2].buffer[1].addr:Undefined
Tree[4].chan1[2].buffer[1].data:Undefined
Tree[4].chan1[2].buffer[1].dirty:Undefined
Tree[4].chan1[2].buffer[2].opcode:Undefined
Tree[4].chan1[2].buffer[2].para:Undefined
Tree[4].chan1[2].buffer[2].addr:Undefined
Tree[4].chan1[2].buffer[2].data:Undefined
Tree[4].chan1[2].buffer[2].dirty:Undefined
Tree[4].chan1[2].used:Undefined
Tree[4].chan2[1].buffer[1].opcode:Undefined
Tree[4].chan2[1].buffer[1].para:Undefined
Tree[4].chan2[1].buffer[1].addr:Undefined
Tree[4].chan2[1].buffer[1].data:Undefined
Tree[4].chan2[1].buffer[1].dirty:Undefined
Tree[4].chan2[1].buffer[2].opcode:Undefined
Tree[4].chan2[1].buffer[2].para:Undefined
Tree[4].chan2[1].buffer[2].addr:Undefined
Tree[4].chan2[1].buffer[2].data:Undefined
Tree[4].chan2[1].buffer[2].dirty:Undefined
Tree[4].chan2[1].used:Undefined
Tree[4].chan2[2].buffer[1].opcode:Undefined
Tree[4].chan2[2].buffer[1].para:Undefined
Tree[4].chan2[2].buffer[1].addr:Undefined
Tree[4].chan2[2].buffer[1].data:Undefined
Tree[4].chan2[2].buffer[1].dirty:Undefined
Tree[4].chan2[2].buffer[2].opcode:Undefined
Tree[4].chan2[2].buffer[2].para:Undefined
Tree[4].chan2[2].buffer[2].addr:Undefined
Tree[4].chan2[2].buffer[2].data:Undefined
Tree[4].chan2[2].buffer[2].dirty:Undefined
Tree[4].chan2[2].used:Undefined
Tree[4].chan3[1].buffer[1].opcode:Undefined
Tree[4].chan3[1].buffer[1].para:Undefined
Tree[4].chan3[1].buffer[1].addr:Undefined
Tree[4].chan3[1].buffer[1].data:Undefined
Tree[4].chan3[1].buffer[1].dirty:Undefined
Tree[4].chan3[1].buffer[2].opcode:Undefined
Tree[4].chan3[1].buffer[2].para:Undefined
Tree[4].chan3[1].buffer[2].addr:Undefined
Tree[4].chan3[1].buffer[2].data:Undefined
Tree[4].chan3[1].buffer[2].dirty:Undefined
Tree[4].chan3[1].used:Undefined
Tree[4].chan3[2].buffer[1].opcode:Undefined
Tree[4].chan3[2].buffer[1].para:Undefined
Tree[4].chan3[2].buffer[1].addr:Undefined
Tree[4].chan3[2].buffer[1].data:Undefined
Tree[4].chan3[2].buffer[1].dirty:Undefined
Tree[4].chan3[2].buffer[2].opcode:Undefined
Tree[4].chan3[2].buffer[2].para:Undefined
Tree[4].chan3[2].buffer[2].addr:Undefined
Tree[4].chan3[2].buffer[2].data:Undefined
Tree[4].chan3[2].buffer[2].dirty:Undefined
Tree[4].chan3[2].used:Undefined
Tree[4].chan4[1].buffer[1].opcode:Undefined
Tree[4].chan4[1].buffer[1].para:Undefined
Tree[4].chan4[1].buffer[1].addr:Undefined
Tree[4].chan4[1].buffer[1].data:Undefined
Tree[4].chan4[1].buffer[1].dirty:Undefined
Tree[4].chan4[1].buffer[2].opcode:Undefined
Tree[4].chan4[1].buffer[2].para:Undefined
Tree[4].chan4[1].buffer[2].addr:Undefined
Tree[4].chan4[1].buffer[2].data:Undefined
Tree[4].chan4[1].buffer[2].dirty:Undefined
Tree[4].chan4[1].used:Undefined
Tree[4].chan4[2].buffer[1].opcode:Undefined
Tree[4].chan4[2].buffer[1].para:Undefined
Tree[4].chan4[2].buffer[1].addr:Undefined
Tree[4].chan4[2].buffer[1].data:Undefined
Tree[4].chan4[2].buffer[1].dirty:Undefined
Tree[4].chan4[2].buffer[2].opcode:Undefined
Tree[4].chan4[2].buffer[2].para:Undefined
Tree[4].chan4[2].buffer[2].addr:Undefined
Tree[4].chan4[2].buffer[2].data:Undefined
Tree[4].chan4[2].buffer[2].dirty:Undefined
Tree[4].chan4[2].used:Undefined
Tree[4].chan5[1].buffer[1].opcode:Undefined
Tree[4].chan5[1].buffer[1].addr:Undefined
Tree[4].chan5[1].buffer[1].data:Undefined
Tree[4].chan5[1].buffer[1].dirty:Undefined
Tree[4].chan5[1].buffer[2].opcode:Undefined
Tree[4].chan5[1].buffer[2].addr:Undefined
Tree[4].chan5[1].buffer[2].data:Undefined
Tree[4].chan5[1].buffer[2].dirty:Undefined
Tree[4].chan5[1].used:Undefined
Tree[4].chan5[2].buffer[1].opcode:Undefined
Tree[4].chan5[2].buffer[1].addr:Undefined
Tree[4].chan5[2].buffer[1].data:Undefined
Tree[4].chan5[2].buffer[1].dirty:Undefined
Tree[4].chan5[2].buffer[2].opcode:Undefined
Tree[4].chan5[2].buffer[2].addr:Undefined
Tree[4].chan5[2].buffer[2].data:Undefined
Tree[4].chan5[2].buffer[2].dirty:Undefined
Tree[4].chan5[2].used:Undefined
Tree[5].cache.used:0
Tree[5].cache.line[1].addr:Undefined
Tree[5].cache.line[1].state:Undefined
Tree[5].cache.line[1].data:Undefined
Tree[5].cache.line[1].dirty:Undefined
Tree[5].cache.line[2].addr:Undefined
Tree[5].cache.line[2].state:Undefined
Tree[5].cache.line[2].data:Undefined
Tree[5].cache.line[2].dirty:Undefined
Tree[5].cache.valid[1]:0
Tree[5].cache.valid[2]:0
Tree[5].sons[1]:Undefined
Tree[5].sons[2]:Undefined
Tree[5].directory[1][1]:Undefined
Tree[5].directory[1][2]:Undefined
Tree[5].directory[2][1]:Undefined
Tree[5].directory[2][2]:Undefined
Tree[5].slave_pending[1][1]:Undefined
Tree[5].slave_pending[1][2]:Undefined
Tree[5].slave_pending[2][1]:Undefined
Tree[5].slave_pending[2][2]:Undefined
Tree[5].master_pending[1]:Undefined
Tree[5].master_pending[2]:Undefined
Tree[5].reqId:Undefined
Tree[5].chan1[1].buffer[1].opcode:Undefined
Tree[5].chan1[1].buffer[1].para:Undefined
Tree[5].chan1[1].buffer[1].addr:Undefined
Tree[5].chan1[1].buffer[1].data:Undefined
Tree[5].chan1[1].buffer[1].dirty:Undefined
Tree[5].chan1[1].buffer[2].opcode:Undefined
Tree[5].chan1[1].buffer[2].para:Undefined
Tree[5].chan1[1].buffer[2].addr:Undefined
Tree[5].chan1[1].buffer[2].data:Undefined
Tree[5].chan1[1].buffer[2].dirty:Undefined
Tree[5].chan1[1].used:Undefined
Tree[5].chan1[2].buffer[1].opcode:Undefined
Tree[5].chan1[2].buffer[1].para:Undefined
Tree[5].chan1[2].buffer[1].addr:Undefined
Tree[5].chan1[2].buffer[1].data:Undefined
Tree[5].chan1[2].buffer[1].dirty:Undefined
Tree[5].chan1[2].buffer[2].opcode:Undefined
Tree[5].chan1[2].buffer[2].para:Undefined
Tree[5].chan1[2].buffer[2].addr:Undefined
Tree[5].chan1[2].buffer[2].data:Undefined
Tree[5].chan1[2].buffer[2].dirty:Undefined
Tree[5].chan1[2].used:Undefined
Tree[5].chan2[1].buffer[1].opcode:Undefined
Tree[5].chan2[1].buffer[1].para:Undefined
Tree[5].chan2[1].buffer[1].addr:Undefined
Tree[5].chan2[1].buffer[1].data:Undefined
Tree[5].chan2[1].buffer[1].dirty:Undefined
Tree[5].chan2[1].buffer[2].opcode:Undefined
Tree[5].chan2[1].buffer[2].para:Undefined
Tree[5].chan2[1].buffer[2].addr:Undefined
Tree[5].chan2[1].buffer[2].data:Undefined
Tree[5].chan2[1].buffer[2].dirty:Undefined
Tree[5].chan2[1].used:Undefined
Tree[5].chan2[2].buffer[1].opcode:Undefined
Tree[5].chan2[2].buffer[1].para:Undefined
Tree[5].chan2[2].buffer[1].addr:Undefined
Tree[5].chan2[2].buffer[1].data:Undefined
Tree[5].chan2[2].buffer[1].dirty:Undefined
Tree[5].chan2[2].buffer[2].opcode:Undefined
Tree[5].chan2[2].buffer[2].para:Undefined
Tree[5].chan2[2].buffer[2].addr:Undefined
Tree[5].chan2[2].buffer[2].data:Undefined
Tree[5].chan2[2].buffer[2].dirty:Undefined
Tree[5].chan2[2].used:Undefined
Tree[5].chan3[1].buffer[1].opcode:Undefined
Tree[5].chan3[1].buffer[1].para:Undefined
Tree[5].chan3[1].buffer[1].addr:Undefined
Tree[5].chan3[1].buffer[1].data:Undefined
Tree[5].chan3[1].buffer[1].dirty:Undefined
Tree[5].chan3[1].buffer[2].opcode:Undefined
Tree[5].chan3[1].buffer[2].para:Undefined
Tree[5].chan3[1].buffer[2].addr:Undefined
Tree[5].chan3[1].buffer[2].data:Undefined
Tree[5].chan3[1].buffer[2].dirty:Undefined
Tree[5].chan3[1].used:Undefined
Tree[5].chan3[2].buffer[1].opcode:Undefined
Tree[5].chan3[2].buffer[1].para:Undefined
Tree[5].chan3[2].buffer[1].addr:Undefined
Tree[5].chan3[2].buffer[1].data:Undefined
Tree[5].chan3[2].buffer[1].dirty:Undefined
Tree[5].chan3[2].buffer[2].opcode:Undefined
Tree[5].chan3[2].buffer[2].para:Undefined
Tree[5].chan3[2].buffer[2].addr:Undefined
Tree[5].chan3[2].buffer[2].data:Undefined
Tree[5].chan3[2].buffer[2].dirty:Undefined
Tree[5].chan3[2].used:Undefined
Tree[5].chan4[1].buffer[1].opcode:Undefined
Tree[5].chan4[1].buffer[1].para:Undefined
Tree[5].chan4[1].buffer[1].addr:Undefined
Tree[5].chan4[1].buffer[1].data:Undefined
Tree[5].chan4[1].buffer[1].dirty:Undefined
Tree[5].chan4[1].buffer[2].opcode:Undefined
Tree[5].chan4[1].buffer[2].para:Undefined
Tree[5].chan4[1].buffer[2].addr:Undefined
Tree[5].chan4[1].buffer[2].data:Undefined
Tree[5].chan4[1].buffer[2].dirty:Undefined
Tree[5].chan4[1].used:Undefined
Tree[5].chan4[2].buffer[1].opcode:Undefined
Tree[5].chan4[2].buffer[1].para:Undefined
Tree[5].chan4[2].buffer[1].addr:Undefined
Tree[5].chan4[2].buffer[1].data:Undefined
Tree[5].chan4[2].buffer[1].dirty:Undefined
Tree[5].chan4[2].buffer[2].opcode:Undefined
Tree[5].chan4[2].buffer[2].para:Undefined
Tree[5].chan4[2].buffer[2].addr:Undefined
Tree[5].chan4[2].buffer[2].data:Undefined
Tree[5].chan4[2].buffer[2].dirty:Undefined
Tree[5].chan4[2].used:Undefined
Tree[5].chan5[1].buffer[1].opcode:Undefined
Tree[5].chan5[1].buffer[1].addr:Undefined
Tree[5].chan5[1].buffer[1].data:Undefined
Tree[5].chan5[1].buffer[1].dirty:Undefined
Tree[5].chan5[1].buffer[2].opcode:Undefined
Tree[5].chan5[1].buffer[2].addr:Undefined
Tree[5].chan5[1].buffer[2].data:Undefined
Tree[5].chan5[1].buffer[2].dirty:Undefined
Tree[5].chan5[1].used:Undefined
Tree[5].chan5[2].buffer[1].opcode:Undefined
Tree[5].chan5[2].buffer[1].addr:Undefined
Tree[5].chan5[2].buffer[1].data:Undefined
Tree[5].chan5[2].buffer[1].dirty:Undefined
Tree[5].chan5[2].buffer[2].opcode:Undefined
Tree[5].chan5[2].buffer[2].addr:Undefined
Tree[5].chan5[2].buffer[2].data:Undefined
Tree[5].chan5[2].buffer[2].dirty:Undefined
Tree[5].chan5[2].used:Undefined
Tree[6].cache.used:0
Tree[6].cache.line[1].addr:Undefined
Tree[6].cache.line[1].state:Undefined
Tree[6].cache.line[1].data:Undefined
Tree[6].cache.line[1].dirty:Undefined
Tree[6].cache.line[2].addr:Undefined
Tree[6].cache.line[2].state:Undefined
Tree[6].cache.line[2].data:Undefined
Tree[6].cache.line[2].dirty:Undefined
Tree[6].cache.valid[1]:0
Tree[6].cache.valid[2]:0
Tree[6].sons[1]:Undefined
Tree[6].sons[2]:Undefined
Tree[6].directory[1][1]:Undefined
Tree[6].directory[1][2]:Undefined
Tree[6].directory[2][1]:Undefined
Tree[6].directory[2][2]:Undefined
Tree[6].slave_pending[1][1]:Undefined
Tree[6].slave_pending[1][2]:Undefined
Tree[6].slave_pending[2][1]:Undefined
Tree[6].slave_pending[2][2]:Undefined
Tree[6].master_pending[1]:Undefined
Tree[6].master_pending[2]:Undefined
Tree[6].reqId:Undefined
Tree[6].chan1[1].buffer[1].opcode:Undefined
Tree[6].chan1[1].buffer[1].para:Undefined
Tree[6].chan1[1].buffer[1].addr:Undefined
Tree[6].chan1[1].buffer[1].data:Undefined
Tree[6].chan1[1].buffer[1].dirty:Undefined
Tree[6].chan1[1].buffer[2].opcode:Undefined
Tree[6].chan1[1].buffer[2].para:Undefined
Tree[6].chan1[1].buffer[2].addr:Undefined
Tree[6].chan1[1].buffer[2].data:Undefined
Tree[6].chan1[1].buffer[2].dirty:Undefined
Tree[6].chan1[1].used:Undefined
Tree[6].chan1[2].buffer[1].opcode:Undefined
Tree[6].chan1[2].buffer[1].para:Undefined
Tree[6].chan1[2].buffer[1].addr:Undefined
Tree[6].chan1[2].buffer[1].data:Undefined
Tree[6].chan1[2].buffer[1].dirty:Undefined
Tree[6].chan1[2].buffer[2].opcode:Undefined
Tree[6].chan1[2].buffer[2].para:Undefined
Tree[6].chan1[2].buffer[2].addr:Undefined
Tree[6].chan1[2].buffer[2].data:Undefined
Tree[6].chan1[2].buffer[2].dirty:Undefined
Tree[6].chan1[2].used:Undefined
Tree[6].chan2[1].buffer[1].opcode:Undefined
Tree[6].chan2[1].buffer[1].para:Undefined
Tree[6].chan2[1].buffer[1].addr:Undefined
Tree[6].chan2[1].buffer[1].data:Undefined
Tree[6].chan2[1].buffer[1].dirty:Undefined
Tree[6].chan2[1].buffer[2].opcode:Undefined
Tree[6].chan2[1].buffer[2].para:Undefined
Tree[6].chan2[1].buffer[2].addr:Undefined
Tree[6].chan2[1].buffer[2].data:Undefined
Tree[6].chan2[1].buffer[2].dirty:Undefined
Tree[6].chan2[1].used:Undefined
Tree[6].chan2[2].buffer[1].opcode:Undefined
Tree[6].chan2[2].buffer[1].para:Undefined
Tree[6].chan2[2].buffer[1].addr:Undefined
Tree[6].chan2[2].buffer[1].data:Undefined
Tree[6].chan2[2].buffer[1].dirty:Undefined
Tree[6].chan2[2].buffer[2].opcode:Undefined
Tree[6].chan2[2].buffer[2].para:Undefined
Tree[6].chan2[2].buffer[2].addr:Undefined
Tree[6].chan2[2].buffer[2].data:Undefined
Tree[6].chan2[2].buffer[2].dirty:Undefined
Tree[6].chan2[2].used:Undefined
Tree[6].chan3[1].buffer[1].opcode:Undefined
Tree[6].chan3[1].buffer[1].para:Undefined
Tree[6].chan3[1].buffer[1].addr:Undefined
Tree[6].chan3[1].buffer[1].data:Undefined
Tree[6].chan3[1].buffer[1].dirty:Undefined
Tree[6].chan3[1].buffer[2].opcode:Undefined
Tree[6].chan3[1].buffer[2].para:Undefined
Tree[6].chan3[1].buffer[2].addr:Undefined
Tree[6].chan3[1].buffer[2].data:Undefined
Tree[6].chan3[1].buffer[2].dirty:Undefined
Tree[6].chan3[1].used:Undefined
Tree[6].chan3[2].buffer[1].opcode:Undefined
Tree[6].chan3[2].buffer[1].para:Undefined
Tree[6].chan3[2].buffer[1].addr:Undefined
Tree[6].chan3[2].buffer[1].data:Undefined
Tree[6].chan3[2].buffer[1].dirty:Undefined
Tree[6].chan3[2].buffer[2].opcode:Undefined
Tree[6].chan3[2].buffer[2].para:Undefined
Tree[6].chan3[2].buffer[2].addr:Undefined
Tree[6].chan3[2].buffer[2].data:Undefined
Tree[6].chan3[2].buffer[2].dirty:Undefined
Tree[6].chan3[2].used:Undefined
Tree[6].chan4[1].buffer[1].opcode:Undefined
Tree[6].chan4[1].buffer[1].para:Undefined
Tree[6].chan4[1].buffer[1].addr:Undefined
Tree[6].chan4[1].buffer[1].data:Undefined
Tree[6].chan4[1].buffer[1].dirty:Undefined
Tree[6].chan4[1].buffer[2].opcode:Undefined
Tree[6].chan4[1].buffer[2].para:Undefined
Tree[6].chan4[1].buffer[2].addr:Undefined
Tree[6].chan4[1].buffer[2].data:Undefined
Tree[6].chan4[1].buffer[2].dirty:Undefined
Tree[6].chan4[1].used:Undefined
Tree[6].chan4[2].buffer[1].opcode:Undefined
Tree[6].chan4[2].buffer[1].para:Undefined
Tree[6].chan4[2].buffer[1].addr:Undefined
Tree[6].chan4[2].buffer[1].data:Undefined
Tree[6].chan4[2].buffer[1].dirty:Undefined
Tree[6].chan4[2].buffer[2].opcode:Undefined
Tree[6].chan4[2].buffer[2].para:Undefined
Tree[6].chan4[2].buffer[2].addr:Undefined
Tree[6].chan4[2].buffer[2].data:Undefined
Tree[6].chan4[2].buffer[2].dirty:Undefined
Tree[6].chan4[2].used:Undefined
Tree[6].chan5[1].buffer[1].opcode:Undefined
Tree[6].chan5[1].buffer[1].addr:Undefined
Tree[6].chan5[1].buffer[1].data:Undefined
Tree[6].chan5[1].buffer[1].dirty:Undefined
Tree[6].chan5[1].buffer[2].opcode:Undefined
Tree[6].chan5[1].buffer[2].addr:Undefined
Tree[6].chan5[1].buffer[2].data:Undefined
Tree[6].chan5[1].buffer[2].dirty:Undefined
Tree[6].chan5[1].used:Undefined
Tree[6].chan5[2].buffer[1].opcode:Undefined
Tree[6].chan5[2].buffer[1].addr:Undefined
Tree[6].chan5[2].buffer[1].data:Undefined
Tree[6].chan5[2].buffer[1].dirty:Undefined
Tree[6].chan5[2].buffer[2].opcode:Undefined
Tree[6].chan5[2].buffer[2].addr:Undefined
Tree[6].chan5[2].buffer[2].data:Undefined
Tree[6].chan5[2].buffer[2].dirty:Undefined
Tree[6].chan5[2].used:Undefined
Tree[7].cache.used:0
Tree[7].cache.line[1].addr:Undefined
Tree[7].cache.line[1].state:Undefined
Tree[7].cache.line[1].data:Undefined
Tree[7].cache.line[1].dirty:Undefined
Tree[7].cache.line[2].addr:Undefined
Tree[7].cache.line[2].state:Undefined
Tree[7].cache.line[2].data:Undefined
Tree[7].cache.line[2].dirty:Undefined
Tree[7].cache.valid[1]:0
Tree[7].cache.valid[2]:0
Tree[7].sons[1]:Undefined
Tree[7].sons[2]:Undefined
Tree[7].directory[1][1]:Undefined
Tree[7].directory[1][2]:Undefined
Tree[7].directory[2][1]:Undefined
Tree[7].directory[2][2]:Undefined
Tree[7].slave_pending[1][1]:Undefined
Tree[7].slave_pending[1][2]:Undefined
Tree[7].slave_pending[2][1]:Undefined
Tree[7].slave_pending[2][2]:Undefined
Tree[7].master_pending[1]:Undefined
Tree[7].master_pending[2]:Undefined
Tree[7].reqId:Undefined
Tree[7].chan1[1].buffer[1].opcode:Undefined
Tree[7].chan1[1].buffer[1].para:Undefined
Tree[7].chan1[1].buffer[1].addr:Undefined
Tree[7].chan1[1].buffer[1].data:Undefined
Tree[7].chan1[1].buffer[1].dirty:Undefined
Tree[7].chan1[1].buffer[2].opcode:Undefined
Tree[7].chan1[1].buffer[2].para:Undefined
Tree[7].chan1[1].buffer[2].addr:Undefined
Tree[7].chan1[1].buffer[2].data:Undefined
Tree[7].chan1[1].buffer[2].dirty:Undefined
Tree[7].chan1[1].used:Undefined
Tree[7].chan1[2].buffer[1].opcode:Undefined
Tree[7].chan1[2].buffer[1].para:Undefined
Tree[7].chan1[2].buffer[1].addr:Undefined
Tree[7].chan1[2].buffer[1].data:Undefined
Tree[7].chan1[2].buffer[1].dirty:Undefined
Tree[7].chan1[2].buffer[2].opcode:Undefined
Tree[7].chan1[2].buffer[2].para:Undefined
Tree[7].chan1[2].buffer[2].addr:Undefined
Tree[7].chan1[2].buffer[2].data:Undefined
Tree[7].chan1[2].buffer[2].dirty:Undefined
Tree[7].chan1[2].used:Undefined
Tree[7].chan2[1].buffer[1].opcode:Undefined
Tree[7].chan2[1].buffer[1].para:Undefined
Tree[7].chan2[1].buffer[1].addr:Undefined
Tree[7].chan2[1].buffer[1].data:Undefined
Tree[7].chan2[1].buffer[1].dirty:Undefined
Tree[7].chan2[1].buffer[2].opcode:Undefined
Tree[7].chan2[1].buffer[2].para:Undefined
Tree[7].chan2[1].buffer[2].addr:Undefined
Tree[7].chan2[1].buffer[2].data:Undefined
Tree[7].chan2[1].buffer[2].dirty:Undefined
Tree[7].chan2[1].used:Undefined
Tree[7].chan2[2].buffer[1].opcode:Undefined
Tree[7].chan2[2].buffer[1].para:Undefined
Tree[7].chan2[2].buffer[1].addr:Undefined
Tree[7].chan2[2].buffer[1].data:Undefined
Tree[7].chan2[2].buffer[1].dirty:Undefined
Tree[7].chan2[2].buffer[2].opcode:Undefined
Tree[7].chan2[2].buffer[2].para:Undefined
Tree[7].chan2[2].buffer[2].addr:Undefined
Tree[7].chan2[2].buffer[2].data:Undefined
Tree[7].chan2[2].buffer[2].dirty:Undefined
Tree[7].chan2[2].used:Undefined
Tree[7].chan3[1].buffer[1].opcode:Undefined
Tree[7].chan3[1].buffer[1].para:Undefined
Tree[7].chan3[1].buffer[1].addr:Undefined
Tree[7].chan3[1].buffer[1].data:Undefined
Tree[7].chan3[1].buffer[1].dirty:Undefined
Tree[7].chan3[1].buffer[2].opcode:Undefined
Tree[7].chan3[1].buffer[2].para:Undefined
Tree[7].chan3[1].buffer[2].addr:Undefined
Tree[7].chan3[1].buffer[2].data:Undefined
Tree[7].chan3[1].buffer[2].dirty:Undefined
Tree[7].chan3[1].used:Undefined
Tree[7].chan3[2].buffer[1].opcode:Undefined
Tree[7].chan3[2].buffer[1].para:Undefined
Tree[7].chan3[2].buffer[1].addr:Undefined
Tree[7].chan3[2].buffer[1].data:Undefined
Tree[7].chan3[2].buffer[1].dirty:Undefined
Tree[7].chan3[2].buffer[2].opcode:Undefined
Tree[7].chan3[2].buffer[2].para:Undefined
Tree[7].chan3[2].buffer[2].addr:Undefined
Tree[7].chan3[2].buffer[2].data:Undefined
Tree[7].chan3[2].buffer[2].dirty:Undefined
Tree[7].chan3[2].used:Undefined
Tree[7].chan4[1].buffer[1].opcode:Undefined
Tree[7].chan4[1].buffer[1].para:Undefined
Tree[7].chan4[1].buffer[1].addr:Undefined
Tree[7].chan4[1].buffer[1].data:Undefined
Tree[7].chan4[1].buffer[1].dirty:Undefined
Tree[7].chan4[1].buffer[2].opcode:Undefined
Tree[7].chan4[1].buffer[2].para:Undefined
Tree[7].chan4[1].buffer[2].addr:Undefined
Tree[7].chan4[1].buffer[2].data:Undefined
Tree[7].chan4[1].buffer[2].dirty:Undefined
Tree[7].chan4[1].used:Undefined
Tree[7].chan4[2].buffer[1].opcode:Undefined
Tree[7].chan4[2].buffer[1].para:Undefined
Tree[7].chan4[2].buffer[1].addr:Undefined
Tree[7].chan4[2].buffer[1].data:Undefined
Tree[7].chan4[2].buffer[1].dirty:Undefined
Tree[7].chan4[2].buffer[2].opcode:Undefined
Tree[7].chan4[2].buffer[2].para:Undefined
Tree[7].chan4[2].buffer[2].addr:Undefined
Tree[7].chan4[2].buffer[2].data:Undefined
Tree[7].chan4[2].buffer[2].dirty:Undefined
Tree[7].chan4[2].used:Undefined
Tree[7].chan5[1].buffer[1].opcode:Undefined
Tree[7].chan5[1].buffer[1].addr:Undefined
Tree[7].chan5[1].buffer[1].data:Undefined
Tree[7].chan5[1].buffer[1].dirty:Undefined
Tree[7].chan5[1].buffer[2].opcode:Undefined
Tree[7].chan5[1].buffer[2].addr:Undefined
Tree[7].chan5[1].buffer[2].data:Undefined
Tree[7].chan5[1].buffer[2].dirty:Undefined
Tree[7].chan5[1].used:Undefined
Tree[7].chan5[2].buffer[1].opcode:Undefined
Tree[7].chan5[2].buffer[1].addr:Undefined
Tree[7].chan5[2].buffer[1].data:Undefined
Tree[7].chan5[2].buffer[1].dirty:Undefined
Tree[7].chan5[2].buffer[2].opcode:Undefined
Tree[7].chan5[2].buffer[2].addr:Undefined
Tree[7].chan5[2].buffer[2].data:Undefined
Tree[7].chan5[2].buffer[2].dirty:Undefined
Tree[7].chan5[2].used:Undefined
memData[1]:dataType_2
memData[2]:dataType_2
auxData[1]:dataType_2
auxData[2]:dataType_2

===== Startstates generated! =====

Progress Report:

	100000 states explored in 12.37s, with 168641 rules fired and 77008 states in the queue.
====== Now the openlist is cut off! ======
	200000 states explored in 18.95s, with 333587 rules fired and 64625 states in the queue.
====== Now the openlist is cut off! ======
	300000 states explored in 25.38s, with 492884 rules fired and 53113 states in the queue.
====== Now the openlist is cut off! ======
	400000 states explored in 31.73s, with 656613 rules fired and 42840 states in the queue.
====== Now the openlist is cut off! ======
	500000 states explored in 37.86s, with 815269 rules fired and 34521 states in the queue.
====== Now the openlist is cut off! ======
	600000 states explored in 44.07s, with 976079 rules fired and 25809 states in the queue.
====== Now the openlist is cut off! ======
	700000 states explored in 50.32s, with 1139369 rules fired and 17074 states in the queue.
	800000 states explored in 56.87s, with 1307440 rules fired and 96091 states in the queue.
====== Now the openlist is cut off! ======
	900000 states explored in 63.37s, with 1478183 rules fired and 84700 states in the queue.
====== Now the openlist is cut off! ======
	1000000 states explored in 69.94s, with 1652678 rules fired and 72971 states in the queue.
====== Now the openlist is cut off! ======
	1100000 states explored in 76.53s, with 1829368 rules fired and 61505 states in the queue.
====== Now the openlist is cut off! ======
	1200000 states explored in 83.14s, with 2005449 rules fired and 50339 states in the queue.
====== Now the openlist is cut off! ======
	1300000 states explored in 89.68s, with 2181829 rules fired and 38767 states in the queue.
====== Now the openlist is cut off! ======
	1400000 states explored in 96.48s, with 2365310 rules fired and 26048 states in the queue.
====== Now the openlist is cut off! ======
	1500000 states explored in 103.25s, with 2549297 rules fired and 12854 states in the queue.
	1600000 states explored in 110.10s, with 2738015 rules fired and 89263 states in the queue.
====== Now the openlist is cut off! ======
	1700000 states explored in 116.83s, with 2922941 rules fired and 75491 states in the queue.
====== Now the openlist is cut off! ======
	1800000 states explored in 123.67s, with 3111936 rules fired and 61729 states in the queue.
====== Now the openlist is cut off! ======
	1900000 states explored in 130.58s, with 3302308 rules fired and 47694 states in the queue.
====== Now the openlist is cut off! ======
	2000000 states explored in 137.50s, with 3492006 rules fired and 33128 states in the queue.
====== Now the openlist is cut off! ======
	2100000 states explored in 144.64s, with 3689643 rules fired and 18039 states in the queue.
	2200000 states explored in 151.66s, with 3884508 rules fired and 93559 states in the queue.
====== Now the openlist is cut off! ======
	2300000 states explored in 158.51s, with 4073027 rules fired and 79433 states in the queue.
====== Now the openlist is cut off! ======
	2400000 states explored in 165.18s, with 4253430 rules fired and 65343 states in the queue.
====== Now the openlist is cut off! ======
	2500000 states explored in 172.07s, with 4441172 rules fired and 50802 states in the queue.
====== Now the openlist is cut off! ======
	2600000 states explored in 179.24s, with 4638673 rules fired and 35130 states in the queue.
====== Now the openlist is cut off! ======
	2700000 states explored in 186.61s, with 4845104 rules fired and 18886 states in the queue.
	2800000 states explored in 195.57s, with 5114074 rules fired and 89240 states in the queue.
====== Now the openlist is cut off! ======
	2900000 states explored in 202.93s, with 5328886 rules fired and 74618 states in the queue.
====== Now the openlist is cut off! ======
	3000000 states explored in 210.38s, with 5542510 rules fired and 58794 states in the queue.
====== Now the openlist is cut off! ======
	3100000 states explored in 218.34s, with 5771040 rules fired and 40780 states in the queue.
====== Now the openlist is cut off! ======
	3200000 states explored in 226.37s, with 6002801 rules fired and 22369 states in the queue.
	3300000 states explored in 234.49s, with 6238872 rules fired and 93945 states in the queue.
====== Now the openlist is cut off! ======
	3400000 states explored in 243.42s, with 6506432 rules fired and 73508 states in the queue.
====== Now the openlist is cut off! ======
	3500000 states explored in 251.81s, with 6746670 rules fired and 54936 states in the queue.
====== Now the openlist is cut off! ======
	3600000 states explored in 260.78s, with 7008710 rules fired and 35907 states in the queue.
====== Now the openlist is cut off! ======
	3700000 states explored in 268.66s, with 7233245 rules fired and 19126 states in the queue.
	3800000 states explored in 276.68s, with 7464256 rules fired and 92089 states in the queue.
====== Now the openlist is cut off! ======
	3900000 states explored in 285.20s, with 7716912 rules fired and 73329 states in the queue.
====== Now the openlist is cut off! ======
	4000000 states explored in 293.15s, with 7952030 rules fired and 56817 states in the queue.
====== Now the openlist is cut off! ======
	4100000 states explored in 301.34s, with 8196790 rules fired and 40093 states in the queue.
====== Now the openlist is cut off! ======
	4200000 states explored in 309.63s, with 8445445 rules fired and 23085 states in the queue.
	4300000 states explored in 318.27s, with 8706444 rules fired and 94595 states in the queue.
====== Now the openlist is cut off! ======
	4400000 states explored in 326.60s, with 8955720 rules fired and 77718 states in the queue.
====== Now the openlist is cut off! ======
	4500000 states explored in 334.64s, with 9194190 rules fired and 61542 states in the queue.
====== Now the openlist is cut off! ======
	4600000 states explored in 342.73s, with 9437377 rules fired and 45502 states in the queue.
====== Now the openlist is cut off! ======
	4700000 states explored in 351.26s, with 9694645 rules fired and 28434 states in the queue.
	4800000 states explored in 360.02s, with 9957500 rules fired and 99561 states in the queue.
====== Now the openlist is cut off! ======
	4900000 states explored in 368.89s, with 10223464 rules fired and 80802 states in the queue.
====== Now the openlist is cut off! ======
	5000000 states explored in 378.39s, with 10513320 rules fired and 60794 states in the queue.
====== Now the openlist is cut off! ======
	5100000 states explored in 387.19s, with 10779977 rules fired and 43167 states in the queue.
====== Now the openlist is cut off! ======
	5200000 states explored in 396.33s, with 11054505 rules fired and 24670 states in the queue.
	5300000 states explored in 405.54s, with 11333825 rules fired and 96712 states in the queue.
====== Now the openlist is cut off! ======
	5400000 states explored in 414.91s, with 11618383 rules fired and 78492 states in the queue.
====== Now the openlist is cut off! ======
	5500000 states explored in 424.53s, with 11910436 rules fired and 60171 states in the queue.
====== Now the openlist is cut off! ======
	5600000 states explored in 434.52s, with 12216572 rules fired and 41704 states in the queue.

==========================================================================

Result:

	Invariant "test_reachable_state_63" failed.

State Space Explored:

	5604707 states, 12232319 rules fired in 435.03s.

Analysis of State Space:

	There are rules that are never fired.
	If you are running with symmetry, this may be why.  Otherwise,
	please run this program with "-pr" for the rules information.
