This program should be regarded as a DEBUGGING aid, not as a 
certifier of correctness.
Call with the -l flag or read the license file for terms
and conditions of use.
Run this program with "-h" for the list of options.

Bugs, questions, and comments should be directed to
"melatti@di.uniroma1.it".

CMurphi compiler last modified date: Apr 10 2024
Include files last modified date:    Jul 23 2021
==========================================================================

==========================================================================
Caching Murphi Release 5.5.0
Finite-state Concurrent System Verifier.

Caching Murphi Release 5.5.0 is based on various versions of Murphi.
Caching Murphi Release 5.5.0 :
Copyright (C) 2009-2012 by Sapienza University of Rome.
Murphi release 3.1 :
Copyright (C) 1992 - 1999 by the Board of Trustees of
Leland Stanford Junior University.

==========================================================================

Protocol: ./protocols/exec/TL-C_NonIn_S_data/TL-C_NonIn_S_data_inv176
===========================================
  You are using LS algorithm.  
===========================================

===== Startstates are generated! =====
Carelist Layer 0: Tree[1].cache.state Tree[2].cache.state Tree[3].cache.state Tree[4].cache.state Tree[5].cache.state Tree[6].cache.state Tree[7].cache.state 
Carelist Layer 1: Tree[1].chanA[b].opcode.isundefined Tree[1].chanA[b].opcode Tree[1].chanA[b].para Tree[1].cache.state Tree[1].directory[k Tree[1].directory[b 

===== Init heuristics! =====

Progress Report:

	100000 states explored in 12.43s, with 530974 rules fired and 47487 states in the queue.
	200000 states explored in 22.39s, with 1140358 rules fired and 93096 states in the queue.
	300000 states explored in 32.58s, with 1786888 rules fired and 141350 states in the queue.
	400000 states explored in 42.74s, with 2433712 rules fired and 189075 states in the queue.
	500000 states explored in 53.55s, with 3124613 rules fired and 236820 states in the queue.
	600000 states explored in 66.31s, with 3944229 rules fired and 266061 states in the queue.
	700000 states explored in 76.52s, with 4517602 rules fired and 316931 states in the queue.
	800000 states explored in 86.31s, with 5118716 rules fired and 365211 states in the queue.
	900000 states explored in 97.43s, with 5834721 rules fired and 407443 states in the queue.
	1000000 states explored in 108.38s, with 6446600 rules fired and 455300 states in the queue.
	1100000 states explored in 121.27s, with 7201439 rules fired and 497164 states in the queue.
	1200000 states explored in 133.88s, with 7936391 rules fired and 534702 states in the queue.
	1300000 states explored in 143.57s, with 8540026 rules fired and 579004 states in the queue.
	1400000 states explored in 154.61s, with 9224236 rules fired and 624774 states in the queue.
	1500000 states explored in 165.53s, with 9884211 rules fired and 671006 states in the queue.
	1600000 states explored in 175.56s, with 10478981 rules fired and 719630 states in the queue.
	1700000 states explored in 187.14s, with 11193310 rules fired and 765136 states in the queue.
	1800000 states explored in 199.73s, with 11954233 rules fired and 801154 states in the queue.
	1900000 states explored in 210.72s, with 12635907 rules fired and 848002 states in the queue.
	2000000 states explored in 222.51s, with 13357544 rules fired and 890560 states in the queue.
	2100000 states explored in 234.66s, with 14100200 rules fired and 926909 states in the queue.
	2200000 states explored in 246.63s, with 14851705 rules fired and 967860 states in the queue.
	2300000 states explored in 257.60s, with 15548061 rules fired and 1009177 states in the queue.
	2400000 states explored in 268.95s, with 16328486 rules fired and 1050230 states in the queue.
	2500000 states explored in 279.17s, with 17034831 rules fired and 1096442 states in the queue.
	2600000 states explored in 289.09s, with 17676291 rules fired and 1147774 states in the queue.
	2700000 states explored in 299.37s, with 18311972 rules fired and 1197903 states in the queue.
	2800000 states explored in 309.60s, with 18932742 rules fired and 1247002 states in the queue.
	2900000 states explored in 319.77s, with 19553539 rules fired and 1298510 states in the queue.
	3000000 states explored in 330.07s, with 20154802 rules fired and 1344297 states in the queue.
	3100000 states explored in 341.42s, with 20829747 rules fired and 1383987 states in the queue.
	3200000 states explored in 352.48s, with 21465605 rules fired and 1420789 states in the queue.
	3300000 states explored in 363.80s, with 22164033 rules fired and 1464844 states in the queue.
	3400000 states explored in 376.71s, with 22952415 rules fired and 1500511 states in the queue.
	3500000 states explored in 388.35s, with 23663589 rules fired and 1541907 states in the queue.
	3600000 states explored in 400.48s, with 24405567 rules fired and 1582411 states in the queue.
	3700000 states explored in 413.60s, with 25194075 rules fired and 1614518 states in the queue.
	3800000 states explored in 425.48s, with 25903200 rules fired and 1653828 states in the queue.
	3900000 states explored in 438.79s, with 26717783 rules fired and 1688760 states in the queue.
	4000000 states explored in 451.70s, with 27494270 rules fired and 1719130 states in the queue.
	4100000 states explored in 463.05s, with 28200752 rules fired and 1762101 states in the queue.
	4200000 states explored in 474.93s, with 28957621 rules fired and 1803297 states in the queue.
	4300000 states explored in 485.13s, with 29625066 rules fired and 1850382 states in the queue.
	4400000 states explored in 495.79s, with 30351006 rules fired and 1891826 states in the queue.
	4500000 states explored in 506.49s, with 31090951 rules fired and 1935693 states in the queue.
	4600000 states explored in 517.47s, with 31818873 rules fired and 1975326 states in the queue.
	4700000 states explored in 529.38s, with 32569616 rules fired and 2008896 states in the queue.
	4800000 states explored in 541.17s, with 33326730 rules fired and 2043943 states in the queue.
	4900000 states explored in 553.12s, with 34081000 rules fired and 2075893 states in the queue.
	5000000 states explored in 563.31s, with 34720510 rules fired and 2121833 states in the queue.
	5100000 states explored in 575.08s, with 35475094 rules fired and 2161532 states in the queue.
	5200000 states explored in 587.93s, with 36275542 rules fired and 2198264 states in the queue.
	5300000 states explored in 602.20s, with 37147126 rules fired and 2224014 states in the queue.
	5400000 states explored in 616.38s, with 38008823 rules fired and 2250503 states in the queue.
	5500000 states explored in 627.67s, with 38688532 rules fired and 2293399 states in the queue.
	5600000 states explored in 639.32s, with 39401025 rules fired and 2335090 states in the queue.
	5700000 states explored in 652.85s, with 40241119 rules fired and 2368831 states in the queue.
	5800000 states explored in 666.60s, with 41078754 rules fired and 2399260 states in the queue.
	5900000 states explored in 680.90s, with 41939574 rules fired and 2424299 states in the queue.
	6000000 states explored in 690.35s, with 42624714 rules fired and 2470000 states in the queue.
	6100000 states explored in 702.02s, with 43445956 rules fired and 2499317 states in the queue.
	6200000 states explored in 715.63s, with 44414579 rules fired and 2518453 states in the queue.
	6300000 states explored in 725.41s, with 45114562 rules fired and 2562500 states in the queue.
	6400000 states explored in 738.19s, with 45993287 rules fired and 2582848 states in the queue.
	6500000 states explored in 750.99s, with 46896028 rules fired and 2603574 states in the queue.
	6600000 states explored in 762.46s, with 47704697 rules fired and 2634788 states in the queue.
	6700000 states explored in 772.62s, with 48419288 rules fired and 2672366 states in the queue.
	6800000 states explored in 783.84s, with 49233388 rules fired and 2705855 states in the queue.
	6900000 states explored in 795.32s, with 50037854 rules fired and 2733720 states in the queue.
	7000000 states explored in 808.39s, with 50951275 rules fired and 2751199 states in the queue.
	7100000 states explored in 823.02s, with 51996418 rules fired and 2760644 states in the queue.
	7200000 states explored in 838.26s, with 53088100 rules fired and 2767138 states in the queue.
	7300000 states explored in 851.68s, with 54023396 rules fired and 2781981 states in the queue.
	7400000 states explored in 866.41s, with 55075897 rules fired and 2790697 states in the queue.
	7500000 states explored in 877.26s, with 55828903 rules fired and 2820188 states in the queue.
	7600000 states explored in 887.59s, with 56541273 rules fired and 2853674 states in the queue.
	7700000 states explored in 898.65s, with 57300408 rules fired and 2884543 states in the queue.
	7800000 states explored in 911.43s, with 58191321 rules fired and 2903645 states in the queue.
	7900000 states explored in 923.31s, with 59062243 rules fired and 2923800 states in the queue.
	8000000 states explored in 934.48s, with 60000210 rules fired and 2933167 states in the queue.
	8100000 states explored in 947.36s, with 61007478 rules fired and 2933242 states in the queue.
	8200000 states explored in 962.30s, with 61949769 rules fired and 2955711 states in the queue.
	8300000 states explored in 976.25s, with 62797329 rules fired and 2980825 states in the queue.
	8400000 states explored in 990.59s, with 63668291 rules fired and 3004619 states in the queue.
	8500000 states explored in 1005.96s, with 64599441 rules fired and 3020373 states in the queue.
	8600000 states explored in 1024.49s, with 65690019 rules fired and 3009897 states in the queue.
	8700000 states explored in 1038.47s, with 66546904 rules fired and 3038663 states in the queue.
	8800000 states explored in 1051.21s, with 67359577 rules fired and 3080529 states in the queue.
	8900000 states explored in 1064.87s, with 68228230 rules fired and 3114074 states in the queue.
	9000000 states explored in 1074.04s, with 69012089 rules fired and 3150928 states in the queue.
	9100000 states explored in 1085.94s, with 69999478 rules fired and 3152055 states in the queue.
	9200000 states explored in 1099.01s, with 71118034 rules fired and 3148201 states in the queue.
	9300000 states explored in 1107.01s, with 71818387 rules fired and 3192049 states in the queue.
	9400000 states explored in 1114.39s, with 72518719 rules fired and 3245051 states in the queue.
	9500000 states explored in 1121.29s, with 73152231 rules fired and 3300365 states in the queue.
	9600000 states explored in 1129.51s, with 73924760 rules fired and 3347609 states in the queue.
	9700000 states explored in 1136.87s, with 74603186 rules fired and 3399023 states in the queue.
	9800000 states explored in 1145.25s, with 75375457 rules fired and 3443113 states in the queue.
	9900000 states explored in 1153.31s, with 76079050 rules fired and 3485050 states in the queue.
	10000000 states explored in 1161.72s, with 76810038 rules fired and 3525267 states in the queue.
	10100000 states explored in 1170.09s, with 77555992 rules fired and 3570005 states in the queue.
	10200000 states explored in 1177.88s, with 78255775 rules fired and 3619635 states in the queue.
	10300000 states explored in 1186.98s, with 79089183 rules fired and 3659923 states in the queue.
	10400000 states explored in 1195.87s, with 79926825 rules fired and 3704621 states in the queue.
	10500000 states explored in 1204.02s, with 80668843 rules fired and 3752892 states in the queue.
	10600000 states explored in 1212.65s, with 81471596 rules fired and 3801396 states in the queue.

Error:

	Internal Error: Too many active states.



