This program should be regarded as a DEBUGGING aid, not as a 
certifier of correctness.
Call with the -l flag or read the license file for terms
and conditions of use.
Run this program with "-h" for the list of options.

Bugs, questions, and comments should be directed to
"melatti@di.uniroma1.it".

CMurphi compiler last modified date: Apr 10 2024
Include files last modified date:    Jul 23 2021
==========================================================================

==========================================================================
Caching Murphi Release 5.5.0
Finite-state Concurrent System Verifier.

Caching Murphi Release 5.5.0 is based on various versions of Murphi.
Caching Murphi Release 5.5.0 :
Copyright (C) 2009-2012 by Sapienza University of Rome.
Murphi release 3.1 :
Copyright (C) 1992 - 1999 by the Board of Trustees of
Leland Stanford Junior University.

==========================================================================

Protocol: ./protocols/exec/TL-C_NonIn_S_data/TL-C_NonIn_S_data_inv172
===========================================
  You are using LS algorithm.  
===========================================

===== Startstates are generated! =====
Carelist Layer 0: Tree[1].cache.state Tree[2].cache.state Tree[3].cache.state Tree[4].cache.state Tree[5].cache.state Tree[6].cache.state Tree[7].cache.state 
Carelist Layer 1: Tree[1].chanA[b].opcode.isundefined Tree[1].chanA[b].opcode Tree[1].chanA[b].para Tree[1].cache.state Tree[1].directory[k Tree[1].directory[b 

===== Init heuristics! =====

Progress Report:

	100000 states explored in 12.19s, with 535488 rules fired and 53235 states in the queue.
	200000 states explored in 21.58s, with 1117331 rules fired and 103420 states in the queue.
	300000 states explored in 31.06s, with 1699307 rules fired and 150753 states in the queue.
	400000 states explored in 40.75s, with 2289744 rules fired and 201484 states in the queue.
	500000 states explored in 50.17s, with 2865449 rules fired and 255145 states in the queue.
	600000 states explored in 59.88s, with 3461614 rules fired and 307457 states in the queue.
	700000 states explored in 69.11s, with 4012632 rules fired and 362227 states in the queue.
	800000 states explored in 77.72s, with 4515410 rules fired and 418905 states in the queue.
	900000 states explored in 87.22s, with 5071183 rules fired and 471679 states in the queue.
	1000000 states explored in 97.83s, with 5682730 rules fired and 514850 states in the queue.
	1100000 states explored in 108.04s, with 6272377 rules fired and 558819 states in the queue.
	1200000 states explored in 117.11s, with 6823788 rules fired and 608996 states in the queue.
	1300000 states explored in 126.53s, with 7402597 rules fired and 657579 states in the queue.
	1400000 states explored in 135.47s, with 7942094 rules fired and 713577 states in the queue.
	1500000 states explored in 145.91s, with 8560563 rules fired and 759545 states in the queue.
	1600000 states explored in 155.74s, with 9151637 rules fired and 812243 states in the queue.
	1700000 states explored in 165.22s, with 9731038 rules fired and 868953 states in the queue.
	1800000 states explored in 175.82s, with 10372109 rules fired and 917837 states in the queue.
	1900000 states explored in 186.76s, with 11025511 rules fired and 963575 states in the queue.
	2000000 states explored in 197.88s, with 11713362 rules fired and 1007244 states in the queue.
	2100000 states explored in 208.16s, with 12369858 rules fired and 1049249 states in the queue.
	2200000 states explored in 216.99s, with 12931626 rules fired and 1103337 states in the queue.
	2300000 states explored in 226.55s, with 13551359 rules fired and 1154022 states in the queue.
	2400000 states explored in 236.09s, with 14175895 rules fired and 1205021 states in the queue.
	2500000 states explored in 246.48s, with 14836626 rules fired and 1250678 states in the queue.
	2600000 states explored in 256.66s, with 15469170 rules fired and 1296390 states in the queue.
	2700000 states explored in 266.91s, with 16122855 rules fired and 1343577 states in the queue.
	2800000 states explored in 277.75s, with 16807702 rules fired and 1386219 states in the queue.
	2900000 states explored in 288.21s, with 17465487 rules fired and 1430410 states in the queue.
	3000000 states explored in 297.57s, with 18054743 rules fired and 1480817 states in the queue.
	3100000 states explored in 308.86s, with 18746680 rules fired and 1523378 states in the queue.
	3200000 states explored in 319.86s, with 19407388 rules fired and 1567003 states in the queue.
	3300000 states explored in 331.27s, with 20092886 rules fired and 1609596 states in the queue.
	3400000 states explored in 341.66s, with 20719052 rules fired and 1658579 states in the queue.
	3500000 states explored in 354.48s, with 21489885 rules fired and 1693566 states in the queue.
	3600000 states explored in 364.67s, with 22091885 rules fired and 1742722 states in the queue.
	3700000 states explored in 376.35s, with 22808058 rules fired and 1787788 states in the queue.
	3800000 states explored in 388.49s, with 23564495 rules fired and 1829924 states in the queue.
	3900000 states explored in 400.78s, with 24337070 rules fired and 1869474 states in the queue.
	4000000 states explored in 413.10s, with 25109634 rules fired and 1906768 states in the queue.
	4100000 states explored in 425.72s, with 25855297 rules fired and 1941715 states in the queue.
	4200000 states explored in 437.73s, with 26598123 rules fired and 1981401 states in the queue.
	4300000 states explored in 449.97s, with 27361456 rules fired and 2020730 states in the queue.
	4400000 states explored in 461.48s, with 28087021 rules fired and 2062989 states in the queue.
	4500000 states explored in 472.93s, with 28791025 rules fired and 2107096 states in the queue.
	4600000 states explored in 486.25s, with 29533117 rules fired and 2141179 states in the queue.
	4700000 states explored in 499.87s, with 30257972 rules fired and 2175101 states in the queue.
	4800000 states explored in 514.33s, with 31044407 rules fired and 2206023 states in the queue.
	4900000 states explored in 528.44s, with 31813594 rules fired and 2239220 states in the queue.
	5000000 states explored in 544.04s, with 32667680 rules fired and 2264294 states in the queue.
	5100000 states explored in 557.56s, with 33445527 rules fired and 2293901 states in the queue.
	5200000 states explored in 569.74s, with 34167108 rules fired and 2330217 states in the queue.
	5300000 states explored in 585.20s, with 35093652 rules fired and 2346136 states in the queue.
	5400000 states explored in 602.05s, with 36106106 rules fired and 2355437 states in the queue.
	5500000 states explored in 617.25s, with 37046871 rules fired and 2371792 states in the queue.
	5600000 states explored in 629.32s, with 37834298 rules fired and 2401995 states in the queue.
	5700000 states explored in 645.72s, with 38828307 rules fired and 2412113 states in the queue.
	5800000 states explored in 660.42s, with 39710879 rules fired and 2430881 states in the queue.
	5900000 states explored in 674.34s, with 40573726 rules fired and 2457847 states in the queue.
	6000000 states explored in 688.22s, with 41439112 rules fired and 2488187 states in the queue.
	6100000 states explored in 699.09s, with 42108023 rules fired and 2533570 states in the queue.
	6200000 states explored in 709.09s, with 42729173 rules fired and 2585357 states in the queue.
	6300000 states explored in 722.55s, with 43550586 rules fired and 2616099 states in the queue.
	6400000 states explored in 734.15s, with 44395978 rules fired and 2649972 states in the queue.
	6500000 states explored in 744.52s, with 45166248 rules fired and 2685941 states in the queue.
	6600000 states explored in 753.87s, with 45889635 rules fired and 2731515 states in the queue.
	6700000 states explored in 763.92s, with 46639966 rules fired and 2769557 states in the queue.
	6800000 states explored in 773.75s, with 47372326 rules fired and 2810146 states in the queue.
	6900000 states explored in 782.94s, with 48041466 rules fired and 2853824 states in the queue.
	7000000 states explored in 792.73s, with 48751157 rules fired and 2893070 states in the queue.
	7100000 states explored in 804.02s, with 49573062 rules fired and 2921141 states in the queue.
	7200000 states explored in 816.93s, with 50533565 rules fired and 2940052 states in the queue.
	7300000 states explored in 828.47s, with 51381303 rules fired and 2965752 states in the queue.
	7400000 states explored in 841.08s, with 52309428 rules fired and 2984078 states in the queue.
	7500000 states explored in 854.77s, with 53318210 rules fired and 2992252 states in the queue.
	7600000 states explored in 869.49s, with 54422189 rules fired and 2994985 states in the queue.
	7700000 states explored in 879.48s, with 55183834 rules fired and 3035347 states in the queue.
	7800000 states explored in 894.52s, with 56297542 rules fired and 3032755 states in the queue.
	7900000 states explored in 911.04s, with 57476444 rules fired and 3013277 states in the queue.
	8000000 states explored in 920.65s, with 58163006 rules fired and 3045488 states in the queue.
	8100000 states explored in 929.54s, with 58808589 rules fired and 3085569 states in the queue.
	8200000 states explored in 939.33s, with 59520409 rules fired and 3119639 states in the queue.
	8300000 states explored in 949.79s, with 60279064 rules fired and 3149247 states in the queue.
	8400000 states explored in 961.75s, with 61160403 rules fired and 3165292 states in the queue.
	8500000 states explored in 972.95s, with 61995815 rules fired and 3190654 states in the queue.
	8600000 states explored in 985.75s, with 62937570 rules fired and 3195551 states in the queue.
	8700000 states explored in 995.11s, with 63597041 rules fired and 3223263 states in the queue.
	8800000 states explored in 1005.68s, with 64372833 rules fired and 3244217 states in the queue.
	8900000 states explored in 1014.80s, with 65012728 rules fired and 3272731 states in the queue.
	9000000 states explored in 1023.43s, with 65650597 rules fired and 3312210 states in the queue.
	9100000 states explored in 1032.96s, with 66363680 rules fired and 3346026 states in the queue.
	9200000 states explored in 1043.39s, with 67152459 rules fired and 3375162 states in the queue.
	9300000 states explored in 1054.47s, with 67988755 rules fired and 3397099 states in the queue.
	9400000 states explored in 1065.12s, with 68797242 rules fired and 3422888 states in the queue.
	9500000 states explored in 1078.18s, with 69783404 rules fired and 3425363 states in the queue.
	9600000 states explored in 1088.19s, with 70500221 rules fired and 3446673 states in the queue.
	9700000 states explored in 1099.36s, with 71315394 rules fired and 3460612 states in the queue.
	9800000 states explored in 1110.39s, with 72148322 rules fired and 3480626 states in the queue.
	9900000 states explored in 1122.45s, with 73076538 rules fired and 3494498 states in the queue.
	10000000 states explored in 1130.54s, with 73700182 rules fired and 3540988 states in the queue.
	10100000 states explored in 1140.45s, with 74479904 rules fired and 3577880 states in the queue.
	10200000 states explored in 1150.12s, with 75212004 rules fired and 3612653 states in the queue.
	10300000 states explored in 1159.47s, with 75923339 rules fired and 3651090 states in the queue.
	10400000 states explored in 1169.34s, with 76685889 rules fired and 3689889 states in the queue.
	10500000 states explored in 1181.08s, with 77574021 rules fired and 3709196 states in the queue.
	10600000 states explored in 1189.85s, with 78237667 rules fired and 3749145 states in the queue.
	10700000 states explored in 1198.84s, with 78945945 rules fired and 3793059 states in the queue.
	10800000 states explored in 1209.14s, with 79727797 rules fired and 3828448 states in the queue.

Error:

	Internal Error: Too many active states.



