This program should be regarded as a DEBUGGING aid, not as a 
certifier of correctness.
Call with the -l flag or read the license file for terms
and conditions of use.
Run this program with "-h" for the list of options.

Bugs, questions, and comments should be directed to
"melatti@di.uniroma1.it".

CMurphi compiler last modified date: Jul 24 2024
Include files last modified date:    Jul 23 2021
==========================================================================

==========================================================================
Caching Murphi Release 5.5.0
Finite-state Concurrent System Verifier.

Caching Murphi Release 5.5.0 is based on various versions of Murphi.
Caching Murphi Release 5.5.0 :
Copyright (C) 2009-2012 by Sapienza University of Rome.
Murphi release 3.1 :
Copyright (C) 1992 - 1999 by the Board of Trustees of
Leland Stanford Junior University.

==========================================================================

Protocol: ./protocols/exec/TL-C_NonIn_S_data/TL-C_NonIn_S_data_inv35
===========================================
  You are using EDMC algorithm.  
===========================================

===== Startstates are generated! =====
Carelist Layer 0: Tree[1].cache.state Tree[2].cache.state Tree[3].cache.state Tree[4].cache.state Tree[5].cache.state Tree[6].cache.state Tree[7].cache.state 
Carelist Layer 1: Tree[node].chanA[node].opcode.isundefined Tree[node].chanA[node].opcode Tree[node].chanA[node].para Tree[node].cache.state Tree[node].directory[node] Tree[node].master_pending.isundefined Tree[node].chanC[node].opcode.isundefined Tree[node].chanB[node].opcode.isundefined Tree[node].chanB[node].opcode Tree[node].chanB[node].para Tree[node].master_pending Tree[node].chanD[node].opcode.isundefined Tree[node].chanD[node].opcode Tree[node].chanD[node].para Tree[node].chanC[node].opcode Tree[node].chanC[node].para Tree[node].slave_pending[node].isundefined 
Attr: Tree[node].slave_pending[node].isundefined Level: 1 Wi: 2
Attr: Tree[node].chanC[node].opcode Level: 1 Wi: 2
Attr: Tree[node].chanD[node].para Level: 1 Wi: 2
Attr: Tree[node].chanD[node].opcode Level: 1 Wi: 2
Attr: Tree[node].chanC[node].para Level: 1 Wi: 2
Attr: Tree[node].chanD[node].opcode.isundefined Level: 1 Wi: 2
Attr: Tree[node].directory[node] Level: 1 Wi: 2
Attr: Tree[3].cache.state Level: 0 Wi: 4
Attr: Tree[4].cache.state Level: 0 Wi: 4
Attr: Tree[node].master_pending Level: 1 Wi: 2
Attr: Tree[node].cache.state Level: 1 Wi: 2
Attr: Tree[node].chanB[node].opcode.isundefined Level: 1 Wi: 2
Attr: Tree[node].chanB[node].para Level: 1 Wi: 2
Attr: Tree[6].cache.state Level: 0 Wi: 4
Attr: Tree[node].chanC[node].opcode.isundefined Level: 1 Wi: 2
Attr: Tree[1].cache.state Level: 0 Wi: 4
Attr: Tree[2].cache.state Level: 0 Wi: 4
Attr: Tree[5].cache.state Level: 0 Wi: 4
Attr: Tree[7].cache.state Level: 0 Wi: 4
Attr: Tree[node].chanA[node].opcode.isundefined Level: 1 Wi: 2
Attr: Tree[node].chanA[node].opcode Level: 1 Wi: 2
Attr: Tree[node].chanA[node].para Level: 1 Wi: 2
Attr: Tree[node].master_pending.isundefined Level: 1 Wi: 2
Attr: Tree[node].chanB[node].opcode Level: 1 Wi: 2

===== Init heuristics! =====

Progress Report:

	100000 states explored in 6.11s, with 302615 rules fired and 29062 states in the queue.
	200000 states explored in 10.10s, with 629826 rules fired and 52060 states in the queue.
	300000 states explored in 14.45s, with 979103 rules fired and 64795 states in the queue.
	400000 states explored in 18.65s, with 1328531 rules fired and 85587 states in the queue.
	500000 states explored in 23.88s, with 1771325 rules fired and 89378 states in the queue.
	600000 states explored in 28.73s, with 2180744 rules fired and 98658 states in the queue.
	700000 states explored in 32.61s, with 2506027 rules fired and 124450 states in the queue.
	800000 states explored in 36.78s, with 2848058 rules fired and 144603 states in the queue.
	900000 states explored in 41.30s, with 3222926 rules fired and 159209 states in the queue.
	1000000 states explored in 46.42s, with 3651008 rules fired and 162726 states in the queue.
	1100000 states explored in 51.50s, with 4081031 rules fired and 167605 states in the queue.
	1200000 states explored in 55.20s, with 4426276 rules fired and 207313 states in the queue.
	1300000 states explored in 58.80s, with 4777945 rules fired and 252441 states in the queue.
	1400000 states explored in 63.40s, with 5216165 rules fired and 283764 states in the queue.
	1500000 states explored in 68.06s, with 5661041 rules fired and 314475 states in the queue.
	1600000 states explored in 71.88s, with 6019930 rules fired and 354362 states in the queue.
	1700000 states explored in 75.34s, with 6353159 rules fired and 399692 states in the queue.
	1800000 states explored in 79.02s, with 6711871 rules fired and 446753 states in the queue.
	1900000 states explored in 84.12s, with 7189229 rules fired and 467101 states in the queue.
	2000000 states explored in 89.14s, with 7662462 rules fired and 490514 states in the queue.
	2100000 states explored in 93.28s, with 8033473 rules fired and 518631 states in the queue.
	2200000 states explored in 96.54s, with 8322362 rules fired and 556928 states in the queue.
	2300000 states explored in 100.79s, with 8723456 rules fired and 589434 states in the queue.
	2400000 states explored in 104.15s, with 9052704 rules fired and 639262 states in the queue.
	2500000 states explored in 109.61s, with 9576506 rules fired and 659796 states in the queue.
	2600000 states explored in 114.34s, with 10023716 rules fired and 688186 states in the queue.
	2700000 states explored in 117.54s, with 10336961 rules fired and 739479 states in the queue.
	2800000 states explored in 122.20s, with 10781601 rules fired and 771109 states in the queue.
	2900000 states explored in 126.54s, with 11183265 rules fired and 801562 states in the queue.
	3000000 states explored in 130.45s, with 11545428 rules fired and 841156 states in the queue.
	3100000 states explored in 134.18s, with 11884070 rules fired and 877894 states in the queue.
	3200000 states explored in 137.80s, with 12223334 rules fired and 921255 states in the queue.
	3300000 states explored in 141.74s, with 12591790 rules fired and 962522 states in the queue.
	3400000 states explored in 145.61s, with 12955068 rules fired and 1003556 states in the queue.
	3500000 states explored in 149.38s, with 13305644 rules fired and 1042147 states in the queue.
	3600000 states explored in 153.01s, with 13641902 rules fired and 1084895 states in the queue.
	3700000 states explored in 157.14s, with 14029736 rules fired and 1121422 states in the queue.
	3800000 states explored in 160.67s, with 14348541 rules fired and 1161363 states in the queue.
	3900000 states explored in 164.52s, with 14703614 rules fired and 1201556 states in the queue.
	4000000 states explored in 168.16s, with 15040880 rules fired and 1243501 states in the queue.
	4100000 states explored in 171.96s, with 15387015 rules fired and 1282222 states in the queue.
	4200000 states explored in 175.65s, with 15730677 rules fired and 1323968 states in the queue.
	4300000 states explored in 179.39s, with 16066091 rules fired and 1361890 states in the queue.
	4400000 states explored in 183.20s, with 16424482 rules fired and 1403066 states in the queue.
	4500000 states explored in 186.93s, with 16756446 rules fired and 1440072 states in the queue.
	4600000 states explored in 191.94s, with 17237667 rules fired and 1467788 states in the queue.
	4700000 states explored in 196.54s, with 17665132 rules fired and 1494302 states in the queue.
	4800000 states explored in 200.27s, with 18001902 rules fired and 1531134 states in the queue.
	4900000 states explored in 204.14s, with 18359048 rules fired and 1569427 states in the queue.
	5000000 states explored in 207.68s, with 18688918 rules fired and 1615814 states in the queue.
	5100000 states explored in 211.86s, with 19079622 rules fired and 1652834 states in the queue.
	5200000 states explored in 216.07s, with 19472120 rules fired and 1688732 states in the queue.
	5300000 states explored in 219.87s, with 19813043 rules fired and 1725604 states in the queue.
	5400000 states explored in 223.66s, with 20167919 rules fired and 1766643 states in the queue.
	5500000 states explored in 227.25s, with 20491971 rules fired and 1807966 states in the queue.
	5600000 states explored in 231.27s, with 20865056 rules fired and 1846565 states in the queue.
	5700000 states explored in 234.82s, with 21189451 rules fired and 1889126 states in the queue.
	5800000 states explored in 238.24s, with 21501486 rules fired and 1933701 states in the queue.
	5900000 states explored in 241.81s, with 21839374 rules fired and 1980426 states in the queue.
	6000000 states explored in 245.43s, with 22178958 rules fired and 2027611 states in the queue.
	6100000 states explored in 249.59s, with 22556107 rules fired and 2063447 states in the queue.
	6200000 states explored in 254.48s, with 23007592 rules fired and 2090427 states in the queue.
	6300000 states explored in 258.33s, with 23362003 rules fired and 2130832 states in the queue.
	6400000 states explored in 262.23s, with 23720601 rules fired and 2171018 states in the queue.
	6500000 states explored in 266.54s, with 24113286 rules fired and 2202115 states in the queue.
	6600000 states explored in 270.08s, with 24437491 rules fired and 2243474 states in the queue.
	6700000 states explored in 274.03s, with 24801090 rules fired and 2280556 states in the queue.
	6800000 states explored in 277.87s, with 25157630 rules fired and 2319034 states in the queue.
	6900000 states explored in 282.12s, with 25566115 rules fired and 2358018 states in the queue.
	7000000 states explored in 286.43s, with 25984425 rules fired and 2400661 states in the queue.
	7100000 states explored in 290.66s, with 26388497 rules fired and 2440730 states in the queue.
	7200000 states explored in 295.29s, with 26807137 rules fired and 2471433 states in the queue.
	7300000 states explored in 299.58s, with 27202124 rules fired and 2507532 states in the queue.
	7400000 states explored in 304.22s, with 27634973 rules fired and 2537401 states in the queue.
	7500000 states explored in 308.55s, with 28027672 rules fired and 2568357 states in the queue.
	7600000 states explored in 312.28s, with 28366959 rules fired and 2608914 states in the queue.
	7700000 states explored in 316.11s, with 28710862 rules fired and 2647285 states in the queue.
	7800000 states explored in 319.60s, with 29046490 rules fired and 2694072 states in the queue.
	7900000 states explored in 323.76s, with 29462030 rules fired and 2733568 states in the queue.
	8000000 states explored in 327.64s, with 29859010 rules fired and 2780056 states in the queue.
	8100000 states explored in 331.02s, with 30187138 rules fired and 2833058 states in the queue.
	8200000 states explored in 334.61s, with 30539792 rules fired and 2883674 states in the queue.
	8300000 states explored in 338.20s, with 30888542 rules fired and 2931144 states in the queue.
	8400000 states explored in 341.86s, with 31241934 rules fired and 2975122 states in the queue.
	8500000 states explored in 345.95s, with 31633342 rules fired and 3011890 states in the queue.
	8600000 states explored in 350.10s, with 32045571 rules fired and 3051266 states in the queue.
	8700000 states explored in 354.11s, with 32442399 rules fired and 3093381 states in the queue.
	8800000 states explored in 357.91s, with 32804731 rules fired and 3135651 states in the queue.
	8900000 states explored in 362.15s, with 33199159 rules fired and 3170947 states in the queue.
	9000000 states explored in 366.13s, with 33589842 rules fired and 3213639 states in the queue.
	9100000 states explored in 370.22s, with 33987493 rules fired and 3254453 states in the queue.
	9200000 states explored in 375.02s, with 34471640 rules fired and 3290122 states in the queue.
	9300000 states explored in 380.31s, with 34994474 rules fired and 3318929 states in the queue.
	9400000 states explored in 385.06s, with 35463437 rules fired and 3353038 states in the queue.
	9500000 states explored in 389.52s, with 35911323 rules fired and 3390637 states in the queue.
	9600000 states explored in 394.15s, with 36386466 rules fired and 3430273 states in the queue.
	9700000 states explored in 398.91s, with 36864965 rules fired and 3467517 states in the queue.
	9800000 states explored in 404.13s, with 37379031 rules fired and 3498213 states in the queue.
	9900000 states explored in 409.15s, with 37870028 rules fired and 3527939 states in the queue.
	10000000 states explored in 414.42s, with 38391980 rules fired and 3558030 states in the queue.
	10100000 states explored in 418.76s, with 38812214 rules fired and 3598189 states in the queue.
	10200000 states explored in 422.85s, with 39192157 rules fired and 3635503 states in the queue.
	10300000 states explored in 427.15s, with 39595692 rules fired and 3671158 states in the queue.
	10400000 states explored in 431.85s, with 40051095 rules fired and 3705673 states in the queue.
	10500000 states explored in 436.07s, with 40451197 rules fired and 3744013 states in the queue.
	10600000 states explored in 440.56s, with 40886695 rules fired and 3781384 states in the queue.
	10700000 states explored in 444.96s, with 41311877 rules fired and 3820591 states in the queue.

Error:

	Internal Error: Too many active states.



