This program should be regarded as a DEBUGGING aid, not as a 
certifier of correctness.
Call with the -l flag or read the license file for terms
and conditions of use.
Run this program with "-h" for the list of options.

Bugs, questions, and comments should be directed to
"melatti@di.uniroma1.it".

CMurphi compiler last modified date: Jul 24 2024
Include files last modified date:    Jul 23 2021
==========================================================================

==========================================================================
Caching Murphi Release 5.5.0
Finite-state Concurrent System Verifier.

Caching Murphi Release 5.5.0 is based on various versions of Murphi.
Caching Murphi Release 5.5.0 :
Copyright (C) 2009-2012 by Sapienza University of Rome.
Murphi release 3.1 :
Copyright (C) 1992 - 1999 by the Board of Trustees of
Leland Stanford Junior University.

==========================================================================

Protocol: ./protocols/exec/TL-C_NonIn_S_data/TL-C_NonIn_S_data_inv58
===========================================
  You are using EDMC algorithm.  
===========================================

===== Startstates are generated! =====
Carelist Layer 0: Tree[1].cache.state Tree[2].cache.state Tree[3].cache.state Tree[4].cache.state Tree[5].cache.state Tree[6].cache.state Tree[7].cache.state 
Carelist Layer 1: Tree[node].chanA[node].opcode.isundefined Tree[node].chanA[node].opcode Tree[node].chanA[node].para Tree[node].cache.state Tree[node].directory[node] Tree[node].master_pending.isundefined Tree[node].chanC[node].opcode.isundefined Tree[node].chanB[node].opcode.isundefined Tree[node].chanB[node].opcode Tree[node].chanB[node].para Tree[node].master_pending Tree[node].chanD[node].opcode.isundefined Tree[node].chanD[node].opcode Tree[node].chanD[node].para Tree[node].chanC[node].opcode Tree[node].chanC[node].para Tree[node].slave_pending[node].isundefined 
Attr: Tree[node].slave_pending[node].isundefined Level: 1 Wi: 2
Attr: Tree[node].chanC[node].opcode Level: 1 Wi: 2
Attr: Tree[node].chanD[node].para Level: 1 Wi: 2
Attr: Tree[node].chanD[node].opcode Level: 1 Wi: 2
Attr: Tree[node].chanC[node].para Level: 1 Wi: 2
Attr: Tree[node].chanD[node].opcode.isundefined Level: 1 Wi: 2
Attr: Tree[node].directory[node] Level: 1 Wi: 2
Attr: Tree[3].cache.state Level: 0 Wi: 4
Attr: Tree[4].cache.state Level: 0 Wi: 4
Attr: Tree[node].master_pending Level: 1 Wi: 2
Attr: Tree[node].cache.state Level: 1 Wi: 2
Attr: Tree[node].chanB[node].opcode.isundefined Level: 1 Wi: 2
Attr: Tree[node].chanB[node].para Level: 1 Wi: 2
Attr: Tree[6].cache.state Level: 0 Wi: 4
Attr: Tree[node].chanC[node].opcode.isundefined Level: 1 Wi: 2
Attr: Tree[1].cache.state Level: 0 Wi: 4
Attr: Tree[2].cache.state Level: 0 Wi: 4
Attr: Tree[5].cache.state Level: 0 Wi: 4
Attr: Tree[7].cache.state Level: 0 Wi: 4
Attr: Tree[node].chanA[node].opcode.isundefined Level: 1 Wi: 2
Attr: Tree[node].chanA[node].opcode Level: 1 Wi: 2
Attr: Tree[node].chanA[node].para Level: 1 Wi: 2
Attr: Tree[node].master_pending.isundefined Level: 1 Wi: 2
Attr: Tree[node].chanB[node].opcode Level: 1 Wi: 2

===== Init heuristics! =====

Progress Report:

	100000 states explored in 5.83s, with 294263 rules fired and 46815 states in the queue.
	200000 states explored in 10.08s, with 673778 rules fired and 80845 states in the queue.
	300000 states explored in 13.92s, with 1006660 rules fired and 113521 states in the queue.
	400000 states explored in 17.51s, with 1326473 rules fired and 150593 states in the queue.
	500000 states explored in 20.68s, with 1619409 rules fired and 202364 states in the queue.
	600000 states explored in 24.12s, with 1938197 rules fired and 250377 states in the queue.
	700000 states explored in 27.91s, with 2290126 rules fired and 293184 states in the queue.
	800000 states explored in 32.47s, with 2714851 rules fired and 324703 states in the queue.
	900000 states explored in 35.47s, with 3015407 rules fired and 384536 states in the queue.
	1000000 states explored in 39.18s, with 3376686 rules fired and 435277 states in the queue.
	1100000 states explored in 42.72s, with 3722515 rules fired and 486796 states in the queue.
	1200000 states explored in 45.95s, with 4033994 rules fired and 541331 states in the queue.
	1300000 states explored in 50.04s, with 4426094 rules fired and 583974 states in the queue.
	1400000 states explored in 53.37s, with 4755953 rules fired and 641894 states in the queue.
	1500000 states explored in 56.99s, with 5105902 rules fired and 693359 states in the queue.
	1600000 states explored in 60.64s, with 5461360 rules fired and 744660 states in the queue.
	1700000 states explored in 64.08s, with 5796040 rules fired and 801034 states in the queue.
	1800000 states explored in 67.37s, with 6113878 rules fired and 858994 states in the queue.
	1900000 states explored in 71.74s, with 6531272 rules fired and 900992 states in the queue.
	2000000 states explored in 76.31s, with 6980192 rules fired and 941761 states in the queue.
	2100000 states explored in 79.81s, with 7329536 rules fired and 995607 states in the queue.
	2200000 states explored in 83.56s, with 7698285 rules fired and 1047542 states in the queue.
	2300000 states explored in 87.27s, with 8061895 rules fired and 1097470 states in the queue.
	2400000 states explored in 90.61s, with 8397279 rules fired and 1153106 states in the queue.
	2500000 states explored in 94.17s, with 8744321 rules fired and 1206960 states in the queue.
	2600000 states explored in 97.10s, with 9027344 rules fired and 1264988 states in the queue.
	2700000 states explored in 100.24s, with 9336686 rules fired and 1323386 states in the queue.
	2800000 states explored in 103.95s, with 9700900 rules fired and 1375940 states in the queue.
	2900000 states explored in 107.55s, with 10051445 rules fired and 1425764 states in the queue.
	3000000 states explored in 111.05s, with 10388407 rules fired and 1479469 states in the queue.
	3100000 states explored in 114.26s, with 10696949 rules fired and 1537172 states in the queue.
	3200000 states explored in 117.48s, with 11002397 rules fired and 1593832 states in the queue.
	3300000 states explored in 120.72s, with 11313310 rules fired and 1651763 states in the queue.
	3400000 states explored in 123.95s, with 11621276 rules fired and 1709765 states in the queue.
	3500000 states explored in 127.53s, with 11963971 rules fired and 1763523 states in the queue.
	3600000 states explored in 133.06s, with 12494715 rules fired and 1787510 states in the queue.
	3700000 states explored in 136.50s, with 12831780 rules fired and 1843939 states in the queue.
	3800000 states explored in 140.09s, with 13172489 rules fired and 1893768 states in the queue.
	3900000 states explored in 143.53s, with 13503674 rules fired and 1947528 states in the queue.
	4000000 states explored in 146.49s, with 13804013 rules fired and 2009693 states in the queue.
	4100000 states explored in 150.45s, with 14195272 rules fired and 2056062 states in the queue.
	4200000 states explored in 154.21s, with 14560928 rules fired and 2107930 states in the queue.
	4300000 states explored in 158.45s, with 14978592 rules fired and 2154220 states in the queue.
	4400000 states explored in 162.31s, with 15355629 rules fired and 2204399 states in the queue.
	4500000 states explored in 165.80s, with 15670986 rules fired and 2252775 states in the queue.
	4600000 states explored in 170.01s, with 16070188 rules fired and 2297710 states in the queue.
	4700000 states explored in 175.01s, with 16537854 rules fired and 2329253 states in the queue.
	4800000 states explored in 180.02s, with 17000595 rules fired and 2359153 states in the queue.
	4900000 states explored in 184.70s, with 17431932 rules fired and 2392887 states in the queue.
	5000000 states explored in 188.82s, with 17823058 rules fired and 2438637 states in the queue.
	5100000 states explored in 193.81s, with 18305936 rules fired and 2475316 states in the queue.
	5200000 states explored in 199.84s, with 18875918 rules fired and 2493395 states in the queue.
	5300000 states explored in 204.32s, with 19294225 rules fired and 2532971 states in the queue.
	5400000 states explored in 209.09s, with 19735861 rules fired and 2565289 states in the queue.
	5500000 states explored in 213.90s, with 20181804 rules fired and 2597740 states in the queue.
	5600000 states explored in 218.52s, with 20611088 rules fired and 2633404 states in the queue.
	5700000 states explored in 223.55s, with 21078191 rules fired and 2662343 states in the queue.
	5800000 states explored in 229.25s, with 21604153 rules fired and 2683999 states in the queue.
	5900000 states explored in 235.15s, with 22159232 rules fired and 2708367 states in the queue.
	6000000 states explored in 241.10s, with 22721452 rules fired and 2731383 states in the queue.
	6100000 states explored in 246.87s, with 23262430 rules fired and 2755689 states in the queue.
	6200000 states explored in 252.35s, with 23772761 rules fired and 2783706 states in the queue.
	6300000 states explored in 259.29s, with 24418834 rules fired and 2793346 states in the queue.
	6400000 states explored in 265.96s, with 25039420 rules fired and 2807049 states in the queue.
	6500000 states explored in 273.57s, with 25749135 rules fired and 2807647 states in the queue.
	6600000 states explored in 280.48s, with 26391984 rules fired and 2816457 states in the queue.
	6700000 states explored in 287.18s, with 27010297 rules fired and 2828477 states in the queue.
	6800000 states explored in 295.11s, with 27748902 rules fired and 2824995 states in the queue.
	6900000 states explored in 302.55s, with 28447852 rules fired and 2829500 states in the queue.
	7000000 states explored in 311.10s, with 29249044 rules fired and 2819015 states in the queue.
	7100000 states explored in 319.62s, with 30045263 rules fired and 2807710 states in the queue.
	7200000 states explored in 327.97s, with 30816630 rules fired and 2796011 states in the queue.
	7300000 states explored in 336.67s, with 31624306 rules fired and 2780676 states in the queue.
	7400000 states explored in 344.01s, with 32318743 rules fired and 2786616 states in the queue.
	7500000 states explored in 351.98s, with 33065501 rules fired and 2782833 states in the queue.
	7600000 states explored in 360.27s, with 33846694 rules fired and 2776699 states in the queue.
	7700000 states explored in 365.71s, with 34343075 rules fired and 2800092 states in the queue.
	7800000 states explored in 371.70s, with 34892786 rules fired and 2818431 states in the queue.
	7900000 states explored in 376.69s, with 35350045 rules fired and 2849774 states in the queue.
	8000000 states explored in 382.28s, with 35879395 rules fired and 2875242 states in the queue.
	8100000 states explored in 387.89s, with 36401188 rules fired and 2899120 states in the queue.
	8200000 states explored in 393.17s, with 36882628 rules fired and 2923182 states in the queue.
	8300000 states explored in 397.14s, with 37250480 rules fired and 2968901 states in the queue.
	8400000 states explored in 400.85s, with 37591114 rules fired and 3016853 states in the queue.
	8500000 states explored in 404.96s, with 37975596 rules fired and 3063161 states in the queue.
	8600000 states explored in 409.04s, with 38353834 rules fired and 3108505 states in the queue.
	8700000 states explored in 413.65s, with 38782768 rules fired and 3147598 states in the queue.
	8800000 states explored in 418.08s, with 39195465 rules fired and 3182178 states in the queue.
	8900000 states explored in 422.24s, with 39586608 rules fired and 3223019 states in the queue.
	9000000 states explored in 427.40s, with 40074063 rules fired and 3252735 states in the queue.
	9100000 states explored in 433.79s, with 40663159 rules fired and 3262829 states in the queue.
	9200000 states explored in 438.08s, with 41067734 rules fired and 3308512 states in the queue.
	9300000 states explored in 442.62s, with 41488827 rules fired and 3348078 states in the queue.
	9400000 states explored in 447.20s, with 41920646 rules fired and 3388247 states in the queue.
	9500000 states explored in 454.57s, with 42607858 rules fired and 3389905 states in the queue.
	9600000 states explored in 459.07s, with 43034581 rules fired and 3429920 states in the queue.
	9700000 states explored in 466.43s, with 43736797 rules fired and 3434676 states in the queue.
	9800000 states explored in 471.31s, with 44198690 rules fired and 3466035 states in the queue.
	9900000 states explored in 475.63s, with 44607642 rules fired and 3506012 states in the queue.
	10000000 states explored in 480.23s, with 45040425 rules fired and 3542546 states in the queue.
	10100000 states explored in 485.09s, with 45486652 rules fired and 3571286 states in the queue.
	10200000 states explored in 489.70s, with 45909821 rules fired and 3603424 states in the queue.
	10300000 states explored in 498.09s, with 46694161 rules fired and 3590954 states in the queue.
	10400000 states explored in 504.55s, with 47303216 rules fired and 3603828 states in the queue.
	10500000 states explored in 514.53s, with 48232805 rules fired and 3569392 states in the queue.
	10600000 states explored in 526.53s, with 49344085 rules fired and 3504691 states in the queue.
	10700000 states explored in 532.44s, with 49916843 rules fired and 3532011 states in the queue.
	10800000 states explored in 541.87s, with 50798615 rules fired and 3506820 states in the queue.
	10900000 states explored in 549.37s, with 51512501 rules fired and 3509248 states in the queue.
	11000000 states explored in 553.34s, with 51904746 rules fired and 3558206 states in the queue.
	11100000 states explored in 560.50s, with 52578738 rules fired and 3561346 states in the queue.
	11200000 states explored in 564.43s, with 52910603 rules fired and 3590118 states in the queue.
	11300000 states explored in 568.33s, with 53258160 rules fired and 3626743 states in the queue.
	11400000 states explored in 572.70s, with 53685503 rules fired and 3670947 states in the queue.
	11500000 states explored in 575.96s, with 54008776 rules fired and 3732455 states in the queue.
	11600000 states explored in 580.24s, with 54427900 rules fired and 3779111 states in the queue.
	11700000 states explored in 584.33s, with 54826356 rules fired and 3826204 states in the queue.

Error:

	Internal Error: Too many active states.



