This program should be regarded as a DEBUGGING aid, not as a 
certifier of correctness.
Call with the -l flag or read the license file for terms
and conditions of use.
Run this program with "-h" for the list of options.

Bugs, questions, and comments should be directed to
"melatti@di.uniroma1.it".

CMurphi compiler last modified date: Apr 18 2024
Include files last modified date:    Jul 23 2021
==========================================================================

==========================================================================
Caching Murphi Release 5.5.0
Finite-state Concurrent System Verifier.

Caching Murphi Release 5.5.0 is based on various versions of Murphi.
Caching Murphi Release 5.5.0 :
Copyright (C) 2009-2012 by Sapienza University of Rome.
Murphi release 3.1 :
Copyright (C) 1992 - 1999 by the Board of Trustees of
Leland Stanford Junior University.

==========================================================================

Protocol: ./protocols/exec/TL-C_NonIn_S_data/TL-C_NonIn_S_data_inv95
===========================================
  You are using LS algorithm.  
===========================================

===== Startstates are generated! =====
Carelist Layer 0: Tree[1].cache.state Tree[2].cache.state Tree[3].cache.state Tree[4].cache.state Tree[5].cache.state Tree[6].cache.state Tree[7].cache.state 
Carelist Layer 1: Tree[node].chanA[node].opcode.isundefined Tree[node].chanA[node].opcode Tree[node].chanA[node].para Tree[node].cache.state Tree[node].directory[node] Tree[node].master_pending.isundefined Tree[node].chanC[node].opcode.isundefined Tree[node].chanB[node].opcode.isundefined Tree[node].chanB[node].opcode Tree[node].chanB[node].para Tree[node].master_pending Tree[node].chanD[node].opcode.isundefined Tree[node].chanD[node].opcode Tree[node].chanD[node].para Tree[node].chanC[node].opcode Tree[node].chanC[node].para Tree[node].slave_pending[node].isundefined 
Attr: Tree[node].slave_pending[node].isundefined Level: 1 Wi: 2
Attr: Tree[node].chanC[node].opcode Level: 1 Wi: 2
Attr: Tree[node].chanD[node].para Level: 1 Wi: 2
Attr: Tree[node].chanD[node].opcode Level: 1 Wi: 2
Attr: Tree[node].chanC[node].para Level: 1 Wi: 2
Attr: Tree[node].chanD[node].opcode.isundefined Level: 1 Wi: 2
Attr: Tree[node].directory[node] Level: 1 Wi: 2
Attr: Tree[3].cache.state Level: 0 Wi: 4
Attr: Tree[4].cache.state Level: 0 Wi: 4
Attr: Tree[node].master_pending Level: 1 Wi: 2
Attr: Tree[node].cache.state Level: 1 Wi: 2
Attr: Tree[node].chanB[node].opcode.isundefined Level: 1 Wi: 2
Attr: Tree[node].chanB[node].para Level: 1 Wi: 2
Attr: Tree[6].cache.state Level: 0 Wi: 4
Attr: Tree[node].chanC[node].opcode.isundefined Level: 1 Wi: 2
Attr: Tree[1].cache.state Level: 0 Wi: 4
Attr: Tree[2].cache.state Level: 0 Wi: 4
Attr: Tree[5].cache.state Level: 0 Wi: 4
Attr: Tree[7].cache.state Level: 0 Wi: 4
Attr: Tree[node].chanA[node].opcode.isundefined Level: 1 Wi: 2
Attr: Tree[node].chanA[node].opcode Level: 1 Wi: 2
Attr: Tree[node].chanA[node].para Level: 1 Wi: 2
Attr: Tree[node].master_pending.isundefined Level: 1 Wi: 2
Attr: Tree[node].chanB[node].opcode Level: 1 Wi: 2

===== Init heuristics! =====

Progress Report:

	100000 states explored in 12.28s, with 639366 rules fired and 47997 states in the queue.
	200000 states explored in 22.11s, with 1270693 rules fired and 93550 states in the queue.
	300000 states explored in 33.17s, with 1973858 rules fired and 130511 states in the queue.
	400000 states explored in 41.77s, with 2528170 rules fired and 185968 states in the queue.
	500000 states explored in 54.24s, with 3307986 rules fired and 209877 states in the queue.
	600000 states explored in 62.58s, with 3842950 rules fired and 266911 states in the queue.
	700000 states explored in 76.36s, with 4738982 rules fired and 292582 states in the queue.
	800000 states explored in 83.07s, with 5164742 rules fired and 358171 states in the queue.
	900000 states explored in 91.37s, with 5693977 rules fired and 414621 states in the queue.
	1000000 states explored in 106.62s, with 6662850 rules fired and 425322 states in the queue.
	1100000 states explored in 119.43s, with 7507824 rules fired and 461340 states in the queue.
	1200000 states explored in 126.92s, with 7974622 rules fired and 521260 states in the queue.
	1300000 states explored in 133.63s, with 8407919 rules fired and 588361 states in the queue.
	1400000 states explored in 140.92s, with 8891811 rules fired and 655321 states in the queue.
	1500000 states explored in 152.55s, with 9648640 rules fired and 695766 states in the queue.

==========================================================================

Result:

	Invariant "test_reachable_state_95" failed.

State Space Explored:

	1583295 states, 10478168 rules fired in 165.44s.

Analysis of State Space:

	There are rules that are never fired.
	If you are running with symmetry, this may be why.  Otherwise,
	please run this program with "-pr" for the rules information.
