This program should be regarded as a DEBUGGING aid, not as a 
certifier of correctness.
Call with the -l flag or read the license file for terms
and conditions of use.
Run this program with "-h" for the list of options.

Bugs, questions, and comments should be directed to
"melatti@di.uniroma1.it".

CMurphi compiler last modified date: Apr 10 2024
Include files last modified date:    Jul 23 2021
==========================================================================

==========================================================================
Caching Murphi Release 5.5.0
Finite-state Concurrent System Verifier.

Caching Murphi Release 5.5.0 is based on various versions of Murphi.
Caching Murphi Release 5.5.0 :
Copyright (C) 2009-2012 by Sapienza University of Rome.
Murphi release 3.1 :
Copyright (C) 1992 - 1999 by the Board of Trustees of
Leland Stanford Junior University.

==========================================================================

Protocol: ./protocols/exec/TL-C_NonIn_S_data/TL-C_NonIn_S_data_inv74
===========================================
  You are using EDMC algorithm.  
===========================================

===== Startstates are generated! =====
Carelist Layer 0: Tree[1].cache.state Tree[2].cache.state Tree[3].cache.state Tree[4].cache.state Tree[5].cache.state Tree[6].cache.state Tree[7].cache.state 
Carelist Layer 1: Tree[1].chanA[b].opcode.isundefined Tree[1].chanA[b].opcode Tree[1].chanA[b].para Tree[1].cache.state Tree[1].directory[k Tree[1].directory[b 
Attr: Tree[7].cache.state Level: 2 Wi: 2
Attr: Tree[2].cache.state Level: 1 Wi: 4
Attr: Tree[1].cache.state Level: 0 Wi: 8
Attr: Tree[6].cache.state Level: 2 Wi: 2
Attr: Tree[4].cache.state Level: 2 Wi: 2
Attr: Tree[3].cache.state Level: 1 Wi: 4
Attr: Tree[5].cache.state Level: 2 Wi: 2

===== Init heuristics! =====

Progress Report:

	100000 states explored in 10.35s, with 244611 rules fired and 45276 states in the queue.
	200000 states explored in 14.82s, with 522752 rules fired and 80935 states in the queue.
	300000 states explored in 19.78s, with 832409 rules fired and 108641 states in the queue.
	400000 states explored in 25.14s, with 1149978 rules fired and 128049 states in the queue.
	500000 states explored in 30.45s, with 1485525 rules fired and 150498 states in the queue.
	600000 states explored in 35.72s, with 1818746 rules fired and 174463 states in the queue.
	700000 states explored in 41.56s, with 2181562 rules fired and 187832 states in the queue.
	800000 states explored in 48.21s, with 2594343 rules fired and 190982 states in the queue.
	900000 states explored in 54.75s, with 3005498 rules fired and 194568 states in the queue.
	1000000 states explored in 61.30s, with 3411530 rules fired and 198681 states in the queue.
	1100000 states explored in 68.39s, with 3849654 rules fired and 194537 states in the queue.
	1200000 states explored in 75.39s, with 4289063 rules fired and 192781 states in the queue.
	1300000 states explored in 83.20s, with 4777958 rules fired and 179617 states in the queue.
	1400000 states explored in 90.10s, with 5205083 rules fired and 175158 states in the queue.
	1500000 states explored in 96.06s, with 5586271 rules fired and 186876 states in the queue.
	1600000 states explored in 103.16s, with 6053732 rules fired and 189124 states in the queue.
	1700000 states explored in 114.06s, with 6773674 rules fired and 148447 states in the queue.
	1800000 states explored in 122.58s, with 7311081 rules fired and 133992 states in the queue.
	1900000 states explored in 126.90s, with 7598591 rules fired and 174808 states in the queue.
	2000000 states explored in 131.02s, with 7865949 rules fired and 213603 states in the queue.
	2100000 states explored in 135.25s, with 8137236 rules fired and 250219 states in the queue.
	2200000 states explored in 139.52s, with 8417333 rules fired and 287892 states in the queue.
	2300000 states explored in 143.79s, with 8722276 rules fired and 335175 states in the queue.
	2400000 states explored in 149.09s, with 9102932 rules fired and 372311 states in the queue.
	2500000 states explored in 153.60s, with 9394760 rules fired and 409467 states in the queue.
	2600000 states explored in 158.02s, with 9665127 rules fired and 445286 states in the queue.
	2700000 states explored in 163.08s, with 10019707 rules fired and 484891 states in the queue.
	2800000 states explored in 168.03s, with 10361136 rules fired and 524620 states in the queue.
	2900000 states explored in 173.64s, with 10775445 rules fired and 559415 states in the queue.
	3000000 states explored in 178.24s, with 11108486 rules fired and 605239 states in the queue.
	3100000 states explored in 183.73s, with 11499385 rules fired and 641863 states in the queue.
	3200000 states explored in 189.31s, with 11833845 rules fired and 661918 states in the queue.
	3300000 states explored in 194.59s, with 12173601 rules fired and 691296 states in the queue.
	3400000 states explored in 199.48s, with 12501714 rules fired and 727797 states in the queue.
	3500000 states explored in 204.95s, with 12868901 rules fired and 757067 states in the queue.
	3600000 states explored in 208.88s, with 13109505 rules fired and 803154 states in the queue.
	3700000 states explored in 213.18s, with 13360232 rules fired and 840164 states in the queue.
	3800000 states explored in 219.10s, with 13713608 rules fired and 855220 states in the queue.
	3900000 states explored in 225.28s, with 14081067 rules fired and 867026 states in the queue.
	4000000 states explored in 231.66s, with 14457616 rules fired and 875475 states in the queue.
	4100000 states explored in 238.46s, with 14855594 rules fired and 876076 states in the queue.
	4200000 states explored in 245.08s, with 15242768 rules fired and 881074 states in the queue.
	4300000 states explored in 250.94s, with 15599239 rules fired and 900009 states in the queue.
	4400000 states explored in 257.96s, with 16021426 rules fired and 899305 states in the queue.
	4500000 states explored in 263.92s, with 16386781 rules fired and 918403 states in the queue.
	4600000 states explored in 270.50s, with 16785663 rules fired and 919836 states in the queue.
	4700000 states explored in 276.82s, with 17176255 rules fired and 930594 states in the queue.
	4800000 states explored in 283.87s, with 17598293 rules fired and 930224 states in the queue.
	4900000 states explored in 290.51s, with 17984274 rules fired and 935527 states in the queue.
	5000000 states explored in 297.10s, with 18401481 rules fired and 942858 states in the queue.
	5100000 states explored in 303.69s, with 18819316 rules fired and 950852 states in the queue.
	5200000 states explored in 310.51s, with 19238179 rules fired and 955366 states in the queue.
	5300000 states explored in 317.53s, with 19662364 rules fired and 952175 states in the queue.
	5400000 states explored in 324.52s, with 20116860 rules fired and 951971 states in the queue.
	5500000 states explored in 331.38s, with 20555526 rules fired and 953728 states in the queue.
	5600000 states explored in 338.43s, with 21003531 rules fired and 951178 states in the queue.
	5700000 states explored in 346.27s, with 21500320 rules fired and 939155 states in the queue.
	5800000 states explored in 352.51s, with 21906942 rules fired and 959821 states in the queue.
	5900000 states explored in 360.12s, with 22396651 rules fired and 961753 states in the queue.
	6000000 states explored in 365.17s, with 22757009 rules fired and 995860 states in the queue.
	6100000 states explored in 369.19s, with 23036857 rules fired and 1040552 states in the queue.
	6200000 states explored in 374.33s, with 23404715 rules fired and 1070506 states in the queue.
	6300000 states explored in 380.07s, with 23819931 rules fired and 1093099 states in the queue.
	6400000 states explored in 386.08s, with 24224092 rules fired and 1118906 states in the queue.
	6500000 states explored in 392.59s, with 24653312 rules fired and 1140325 states in the queue.
	6600000 states explored in 397.24s, with 24967027 rules fired and 1185568 states in the queue.
	6700000 states explored in 401.63s, with 25257007 rules fired and 1230318 states in the queue.
	6800000 states explored in 406.74s, with 25611501 rules fired and 1269284 states in the queue.
	6900000 states explored in 411.86s, with 25955384 rules fired and 1305639 states in the queue.
	7000000 states explored in 416.72s, with 26275814 rules fired and 1342996 states in the queue.
	7100000 states explored in 421.49s, with 26595660 rules fired and 1382067 states in the queue.
	7200000 states explored in 426.69s, with 26941039 rules fired and 1414181 states in the queue.
	7300000 states explored in 431.74s, with 27275611 rules fired and 1449088 states in the queue.
	7400000 states explored in 436.67s, with 27607142 rules fired and 1485625 states in the queue.
	7500000 states explored in 442.62s, with 28007396 rules fired and 1508805 states in the queue.
	7600000 states explored in 449.66s, with 28439326 rules fired and 1522954 states in the queue.
	7700000 states explored in 457.64s, with 28925991 rules fired and 1530145 states in the queue.
	7800000 states explored in 465.62s, with 29418110 rules fired and 1536967 states in the queue.
	7900000 states explored in 472.65s, with 29845428 rules fired and 1553349 states in the queue.
	8000000 states explored in 477.46s, with 30140762 rules fired and 1597465 states in the queue.
	8100000 states explored in 482.92s, with 30471389 rules fired and 1632253 states in the queue.
	8200000 states explored in 490.12s, with 30905759 rules fired and 1646137 states in the queue.
	8300000 states explored in 498.09s, with 31379469 rules fired and 1652448 states in the queue.
	8400000 states explored in 506.59s, with 31881894 rules fired and 1649378 states in the queue.
	8500000 states explored in 514.66s, with 32365678 rules fired and 1652792 states in the queue.
	8600000 states explored in 522.60s, with 32847518 rules fired and 1659169 states in the queue.
	8700000 states explored in 529.91s, with 33310716 rules fired and 1675351 states in the queue.
	8800000 states explored in 537.59s, with 33794023 rules fired and 1687856 states in the queue.
	8900000 states explored in 545.36s, with 34257707 rules fired and 1697000 states in the queue.
	9000000 states explored in 554.17s, with 34807111 rules fired and 1695771 states in the queue.
	9100000 states explored in 562.29s, with 35291577 rules fired and 1700215 states in the queue.
	9200000 states explored in 569.52s, with 35753820 rules fired and 1717881 states in the queue.
	9300000 states explored in 577.42s, with 36243945 rules fired and 1727764 states in the queue.
	9400000 states explored in 586.25s, with 36774786 rules fired and 1723700 states in the queue.
	9500000 states explored in 593.98s, with 37263094 rules fired and 1735592 states in the queue.
	9600000 states explored in 601.51s, with 37738391 rules fired and 1749532 states in the queue.
	9700000 states explored in 609.68s, with 38235983 rules fired and 1754199 states in the queue.
	9800000 states explored in 618.12s, with 38738173 rules fired and 1753774 states in the queue.
	9900000 states explored in 627.07s, with 39298158 rules fired and 1753419 states in the queue.
	10000000 states explored in 635.42s, with 39821229 rules fired and 1757576 states in the queue.
	10100000 states explored in 644.01s, with 40336178 rules fired and 1756941 states in the queue.
	10200000 states explored in 652.28s, with 40848372 rules fired and 1762150 states in the queue.
	10300000 states explored in 660.58s, with 41347618 rules fired and 1764499 states in the queue.
	10400000 states explored in 668.46s, with 41811094 rules fired and 1770699 states in the queue.
	10500000 states explored in 677.38s, with 42374257 rules fired and 1764063 states in the queue.
	10600000 states explored in 684.94s, with 42860521 rules fired and 1772415 states in the queue.
	10700000 states explored in 692.09s, with 43341529 rules fired and 1781160 states in the queue.
	10800000 states explored in 699.92s, with 43876868 rules fired and 1784502 states in the queue.
	10900000 states explored in 707.97s, with 44419929 rules fired and 1784402 states in the queue.
	11000000 states explored in 715.85s, with 44946819 rules fired and 1785284 states in the queue.
	11100000 states explored in 724.62s, with 45523427 rules fired and 1775908 states in the queue.
	11200000 states explored in 733.54s, with 46108075 rules fired and 1767033 states in the queue.
	11300000 states explored in 739.84s, with 46490007 rules fired and 1773860 states in the queue.
	11400000 states explored in 746.84s, with 46888538 rules fired and 1773561 states in the queue.
	11500000 states explored in 751.21s, with 47149996 rules fired and 1813809 states in the queue.
	11600000 states explored in 755.44s, with 47391737 rules fired and 1852738 states in the queue.
	11700000 states explored in 761.37s, with 47758708 rules fired and 1872642 states in the queue.
	11800000 states explored in 767.80s, with 48137442 rules fired and 1879029 states in the queue.
	11900000 states explored in 774.57s, with 48540968 rules fired and 1877414 states in the queue.
	12000000 states explored in 780.17s, with 48878546 rules fired and 1899296 states in the queue.
	12100000 states explored in 786.72s, with 49261271 rules fired and 1907903 states in the queue.
	12200000 states explored in 793.10s, with 49632162 rules fired and 1925993 states in the queue.
	12300000 states explored in 800.86s, with 50060433 rules fired and 1921773 states in the queue.
	12400000 states explored in 807.67s, with 50456662 rules fired and 1935547 states in the queue.
	12500000 states explored in 815.10s, with 50889363 rules fired and 1940443 states in the queue.
	12600000 states explored in 822.27s, with 51287597 rules fired and 1944268 states in the queue.
	12700000 states explored in 830.34s, with 51750868 rules fired and 1939596 states in the queue.
	12800000 states explored in 837.16s, with 52133535 rules fired and 1947812 states in the queue.
	12900000 states explored in 845.13s, with 52598088 rules fired and 1941533 states in the queue.
	13000000 states explored in 849.98s, with 53014364 rules fired and 1944907 states in the queue.
	13100000 states explored in 855.71s, with 53402873 rules fired and 1950987 states in the queue.
	13200000 states explored in 862.96s, with 53865449 rules fired and 1943855 states in the queue.
	13300000 states explored in 870.02s, with 54262295 rules fired and 1945036 states in the queue.
	13400000 states explored in 878.03s, with 54731428 rules fired and 1942389 states in the queue.
	13500000 states explored in 885.54s, with 55184547 rules fired and 1951586 states in the queue.
	13600000 states explored in 891.89s, with 55579441 rules fired and 1977748 states in the queue.
	13700000 states explored in 899.64s, with 56056379 rules fired and 1985025 states in the queue.
	13800000 states explored in 904.21s, with 56341620 rules fired and 2031593 states in the queue.
	13900000 states explored in 910.08s, with 56695301 rules fired and 2061048 states in the queue.
	14000000 states explored in 918.28s, with 57186973 rules fired and 2062730 states in the queue.
	14100000 states explored in 926.02s, with 57652795 rules fired and 2070425 states in the queue.
	14200000 states explored in 934.10s, with 58138333 rules fired and 2073985 states in the queue.
	14300000 states explored in 940.94s, with 58554749 rules fired and 2094502 states in the queue.
	14400000 states explored in 949.44s, with 59055622 rules fired and 2094263 states in the queue.
	14500000 states explored in 957.23s, with 59544560 rules fired and 2106014 states in the queue.
	14600000 states explored in 963.36s, with 59945673 rules fired and 2138064 states in the queue.
	14700000 states explored in 969.69s, with 60354662 rules fired and 2166036 states in the queue.
	14800000 states explored in 976.61s, with 60791503 rules fired and 2187226 states in the queue.
	14900000 states explored in 983.58s, with 61256875 rules fired and 2210767 states in the queue.
	15000000 states explored in 990.88s, with 61734142 rules fired and 2228717 states in the queue.
	15100000 states explored in 997.71s, with 62167856 rules fired and 2249356 states in the queue.
	15200000 states explored in 1004.62s, with 62616869 rules fired and 2270298 states in the queue.
	15300000 states explored in 1010.96s, with 63028935 rules fired and 2298745 states in the queue.
	15400000 states explored in 1017.36s, with 63437470 rules fired and 2324784 states in the queue.
	15500000 states explored in 1024.10s, with 63885651 rules fired and 2347205 states in the queue.
	15600000 states explored in 1030.32s, with 64278262 rules fired and 2373568 states in the queue.
	15700000 states explored in 1037.03s, with 64704261 rules fired and 2395587 states in the queue.
	15800000 states explored in 1042.03s, with 65042107 rules fired and 2441943 states in the queue.
	15900000 states explored in 1048.33s, with 65461612 rules fired and 2472542 states in the queue.
	16000000 states explored in 1056.51s, with 66004984 rules fired and 2483530 states in the queue.
	16100000 states explored in 1064.31s, with 66535552 rules fired and 2499273 states in the queue.
	16200000 states explored in 1073.29s, with 67130977 rules fired and 2499256 states in the queue.
	16300000 states explored in 1082.07s, with 67713509 rules fired and 2502585 states in the queue.
	16400000 states explored in 1091.08s, with 68311686 rules fired and 2503312 states in the queue.
	16500000 states explored in 1099.94s, with 68916662 rules fired and 2508809 states in the queue.
	16600000 states explored in 1107.10s, with 69406435 rules fired and 2532492 states in the queue.
	16700000 states explored in 1116.16s, with 70001208 rules fired and 2533331 states in the queue.
	16800000 states explored in 1125.04s, with 70595017 rules fired and 2536635 states in the queue.
	16900000 states explored in 1134.32s, with 71223500 rules fired and 2536947 states in the queue.
	17000000 states explored in 1142.58s, with 71795781 rules fired and 2549990 states in the queue.
	17100000 states explored in 1151.35s, with 72401441 rules fired and 2556423 states in the queue.
	17200000 states explored in 1160.75s, with 73049708 rules fired and 2556317 states in the queue.
	17300000 states explored in 1169.80s, with 73673836 rules fired and 2559911 states in the queue.
	17400000 states explored in 1178.63s, with 74272298 rules fired and 2562213 states in the queue.
	17500000 states explored in 1188.40s, with 74948208 rules fired and 2555860 states in the queue.
	17600000 states explored in 1197.37s, with 75548655 rules fired and 2557502 states in the queue.
	17700000 states explored in 1206.54s, with 76180614 rules fired and 2558936 states in the queue.
	17800000 states explored in 1212.52s, with 76617957 rules fired and 2598924 states in the queue.
	17900000 states explored in 1218.64s, with 77062080 rules fired and 2637862 states in the queue.
	18000000 states explored in 1224.99s, with 77516256 rules fired and 2673832 states in the queue.
	18100000 states explored in 1233.83s, with 78144462 rules fired and 2685293 states in the queue.
	18200000 states explored in 1243.29s, with 78805168 rules fired and 2691226 states in the queue.
	18300000 states explored in 1252.33s, with 79444133 rules fired and 2699939 states in the queue.
	18400000 states explored in 1261.49s, with 80084049 rules fired and 2708329 states in the queue.
	18500000 states explored in 1268.88s, with 80597474 rules fired and 2734096 states in the queue.
	18600000 states explored in 1277.18s, with 81136076 rules fired and 2738557 states in the queue.
	18700000 states explored in 1286.87s, with 81808274 rules fired and 2739952 states in the queue.
	18800000 states explored in 1295.92s, with 82453770 rules fired and 2749290 states in the queue.
	18900000 states explored in 1304.36s, with 83051347 rules fired and 2764765 states in the queue.
	19000000 states explored in 1313.35s, with 83680379 rules fired and 2772471 states in the queue.
	19100000 states explored in 1321.58s, with 84261686 rules fired and 2789424 states in the queue.
	19200000 states explored in 1330.36s, with 84893591 rules fired and 2802378 states in the queue.
	19300000 states explored in 1339.14s, with 85522089 rules fired and 2813692 states in the queue.
	19400000 states explored in 1348.57s, with 86180790 rules fired and 2816349 states in the queue.
	19500000 states explored in 1357.77s, with 86804351 rules fired and 2818376 states in the queue.
	19600000 states explored in 1367.60s, with 87476723 rules fired and 2814769 states in the queue.
	19700000 states explored in 1376.90s, with 88115567 rules fired and 2817963 states in the queue.
	19800000 states explored in 1383.57s, with 88751836 rules fired and 2816685 states in the queue.
	19900000 states explored in 1389.77s, with 89396440 rules fired and 2814861 states in the queue.
	20000000 states explored in 1395.60s, with 90039493 rules fired and 2823618 states in the queue.
	20100000 states explored in 1401.43s, with 90683782 rules fired and 2832034 states in the queue.
	20200000 states explored in 1407.79s, with 91375208 rules fired and 2829206 states in the queue.
	20300000 states explored in 1413.69s, with 92021546 rules fired and 2833357 states in the queue.
	20400000 states explored in 1419.85s, with 92701165 rules fired and 2834787 states in the queue.
	20500000 states explored in 1426.18s, with 93379901 rules fired and 2836718 states in the queue.
	20600000 states explored in 1432.40s, with 94055130 rules fired and 2836710 states in the queue.
	20700000 states explored in 1438.27s, with 94699525 rules fired and 2840405 states in the queue.
	20800000 states explored in 1444.45s, with 95379169 rules fired and 2842895 states in the queue.
	20900000 states explored in 1450.09s, with 95961519 rules fired and 2842333 states in the queue.
	21000000 states explored in 1453.43s, with 96307488 rules fired and 2883874 states in the queue.
	21100000 states explored in 1457.75s, with 96623000 rules fired and 2920671 states in the queue.
	21200000 states explored in 1461.67s, with 97012836 rules fired and 2949257 states in the queue.
	21300000 states explored in 1467.48s, with 97504936 rules fired and 2951352 states in the queue.
	21400000 states explored in 1474.25s, with 97961979 rules fired and 2963996 states in the queue.
	21500000 states explored in 1479.23s, with 98447872 rules fired and 2971522 states in the queue.
	21600000 states explored in 1484.52s, with 98950060 rules fired and 2973258 states in the queue.
	21700000 states explored in 1489.20s, with 99415614 rules fired and 2988748 states in the queue.
	21800000 states explored in 1494.41s, with 99912071 rules fired and 2990832 states in the queue.
	21900000 states explored in 1499.77s, with 100437739 rules fired and 2993604 states in the queue.
	22000000 states explored in 1505.12s, with 100954752 rules fired and 2993773 states in the queue.
	22100000 states explored in 1510.11s, with 101427636 rules fired and 3000702 states in the queue.
	22200000 states explored in 1515.15s, with 101923810 rules fired and 3008961 states in the queue.
	22300000 states explored in 1520.68s, with 102453965 rules fired and 3005900 states in the queue.
	22400000 states explored in 1525.88s, with 102973722 rules fired and 3011620 states in the queue.
	22500000 states explored in 1531.05s, with 103491269 rules fired and 3016161 states in the queue.
	22600000 states explored in 1536.11s, with 103985859 rules fired and 3020236 states in the queue.
	22700000 states explored in 1541.71s, with 104546090 rules fired and 3018703 states in the queue.
	22800000 states explored in 1547.00s, with 105074903 rules fired and 3017997 states in the queue.
	22900000 states explored in 1550.96s, with 105514684 rules fired and 3054644 states in the queue.
	23000000 states explored in 1554.95s, with 105968243 rules fired and 3092388 states in the queue.
	23100000 states explored in 1559.27s, with 106447672 rules fired and 3124492 states in the queue.
	23200000 states explored in 1564.12s, with 106995234 rules fired and 3149259 states in the queue.
	23300000 states explored in 1569.91s, with 107631186 rules fired and 3158517 states in the queue.
	23400000 states explored in 1574.18s, with 108104360 rules fired and 3191631 states in the queue.
	23500000 states explored in 1579.44s, with 108685768 rules fired and 3209239 states in the queue.
	23600000 states explored in 1585.64s, with 109367260 rules fired and 3212651 states in the queue.
	23700000 states explored in 1592.01s, with 110056527 rules fired and 3213517 states in the queue.
	23800000 states explored in 1597.58s, with 110651795 rules fired and 3222534 states in the queue.
	23900000 states explored in 1603.17s, with 111184839 rules fired and 3218415 states in the queue.
	24000000 states explored in 1608.97s, with 111794247 rules fired and 3223318 states in the queue.
	24100000 states explored in 1614.96s, with 112460779 rules fired and 3231524 states in the queue.
	24200000 states explored in 1620.38s, with 113065947 rules fired and 3247094 states in the queue.
	24300000 states explored in 1625.60s, with 113659188 rules fired and 3268013 states in the queue.
	24400000 states explored in 1631.98s, with 114358635 rules fired and 3268971 states in the queue.
	24500000 states explored in 1637.18s, with 114947382 rules fired and 3290614 states in the queue.
	24600000 states explored in 1643.75s, with 115662584 rules fired and 3290191 states in the queue.
	24700000 states explored in 1650.24s, with 116396789 rules fired and 3293052 states in the queue.
	24800000 states explored in 1656.41s, with 117076006 rules fired and 3298826 states in the queue.
	24900000 states explored in 1663.45s, with 117852746 rules fired and 3292407 states in the queue.
	25000000 states explored in 1670.14s, with 118604064 rules fired and 3292814 states in the queue.
	25100000 states explored in 1676.47s, with 119323219 rules fired and 3296915 states in the queue.
	25200000 states explored in 1683.03s, with 120052322 rules fired and 3295827 states in the queue.
	25300000 states explored in 1689.29s, with 120749321 rules fired and 3299762 states in the queue.
	25400000 states explored in 1695.62s, with 121437801 rules fired and 3303425 states in the queue.
	25500000 states explored in 1703.03s, with 122252820 rules fired and 3288873 states in the queue.
	25600000 states explored in 1709.76s, with 122933068 rules fired and 3264633 states in the queue.
	25700000 states explored in 1728.71s, with 124861859 rules fired and 3018684 states in the queue.
	25800000 states explored in 1732.93s, with 125272093 rules fired and 3030277 states in the queue.
	25900000 states explored in 1736.46s, with 125614512 rules fired and 3055683 states in the queue.
	26000000 states explored in 1739.96s, with 125958246 rules fired and 3084632 states in the queue.
	26100000 states explored in 1743.93s, with 126368857 rules fired and 3109405 states in the queue.
	26200000 states explored in 1748.11s, with 126784484 rules fired and 3125003 states in the queue.
	26300000 states explored in 1752.21s, with 127187259 rules fired and 3140920 states in the queue.
	26400000 states explored in 1756.31s, with 127583007 rules fired and 3155616 states in the queue.
	26500000 states explored in 1760.83s, with 128003322 rules fired and 3161941 states in the queue.
	26600000 states explored in 1765.09s, with 128418648 rules fired and 3178837 states in the queue.
	26700000 states explored in 1769.42s, with 128837192 rules fired and 3190614 states in the queue.
	26800000 states explored in 1773.61s, with 129246838 rules fired and 3206513 states in the queue.
	26900000 states explored in 1778.14s, with 129700537 rules fired and 3218679 states in the queue.
	27000000 states explored in 1782.72s, with 130151920 rules fired and 3231862 states in the queue.
	27100000 states explored in 1788.01s, with 130663991 rules fired and 3234566 states in the queue.
	27200000 states explored in 1792.95s, with 131156764 rules fired and 3243554 states in the queue.
	27300000 states explored in 1797.55s, with 131609816 rules fired and 3256840 states in the queue.
	27400000 states explored in 1802.24s, with 132070298 rules fired and 3269027 states in the queue.
	27500000 states explored in 1807.19s, with 132568445 rules fired and 3279162 states in the queue.
	27600000 states explored in 1812.38s, with 133105300 rules fired and 3288339 states in the queue.
	27700000 states explored in 1817.22s, with 133601202 rules fired and 3305466 states in the queue.
	27800000 states explored in 1822.07s, with 134094880 rules fired and 3319974 states in the queue.
	27900000 states explored in 1826.89s, with 134581507 rules fired and 3334229 states in the queue.
	28000000 states explored in 1831.89s, with 135103953 rules fired and 3348931 states in the queue.
	28100000 states explored in 1836.73s, with 135580467 rules fired and 3362380 states in the queue.
	28200000 states explored in 1842.22s, with 136122677 rules fired and 3365174 states in the queue.
	28300000 states explored in 1847.33s, with 136635077 rules fired and 3376454 states in the queue.
	28400000 states explored in 1852.49s, with 137143100 rules fired and 3387446 states in the queue.
	28500000 states explored in 1857.84s, with 137684250 rules fired and 3395646 states in the queue.
	28600000 states explored in 1863.71s, with 138264440 rules fired and 3396121 states in the queue.
	28700000 states explored in 1868.26s, with 138730032 rules fired and 3414901 states in the queue.
	28800000 states explored in 1872.44s, with 139171476 rules fired and 3444987 states in the queue.
	28900000 states explored in 1876.39s, with 139586791 rules fired and 3477814 states in the queue.
	29000000 states explored in 1881.66s, with 140104653 rules fired and 3485724 states in the queue.
	29100000 states explored in 1886.36s, with 140597844 rules fired and 3508691 states in the queue.
	29200000 states explored in 1891.78s, with 141151764 rules fired and 3519217 states in the queue.
	29300000 states explored in 1896.44s, with 141628821 rules fired and 3539110 states in the queue.
	29400000 states explored in 1902.05s, with 142182208 rules fired and 3543010 states in the queue.
	29500000 states explored in 1906.58s, with 142663582 rules fired and 3567225 states in the queue.
	29600000 states explored in 1910.91s, with 143137237 rules fired and 3596045 states in the queue.
	29700000 states explored in 1916.36s, with 143665918 rules fired and 3598517 states in the queue.
	29800000 states explored in 1920.98s, with 144151568 rules fired and 3622315 states in the queue.
	29900000 states explored in 1925.67s, with 144664231 rules fired and 3644945 states in the queue.
	30000000 states explored in 1930.86s, with 145255293 rules fired and 3661126 states in the queue.
	30100000 states explored in 1937.69s, with 146051126 rules fired and 3653642 states in the queue.
	30200000 states explored in 1958.47s, with 148498948 rules fired and 3429658 states in the queue.
	30300000 states explored in 1962.00s, with 148856891 rules fired and 3466646 states in the queue.
	30400000 states explored in 1966.44s, with 149318955 rules fired and 3490053 states in the queue.
	30500000 states explored in 1970.76s, with 149764435 rules fired and 3514018 states in the queue.
	30600000 states explored in 1975.12s, with 150206673 rules fired and 3536617 states in the queue.
	30700000 states explored in 1980.10s, with 150720934 rules fired and 3551376 states in the queue.
	30800000 states explored in 1985.17s, with 151239647 rules fired and 3564685 states in the queue.
	30900000 states explored in 1989.55s, with 151709491 rules fired and 3592909 states in the queue.
	31000000 states explored in 1994.20s, with 152201132 rules fired and 3619717 states in the queue.
	31100000 states explored in 1999.04s, with 152711835 rules fired and 3645421 states in the queue.
	31200000 states explored in 2004.18s, with 153250922 rules fired and 3664570 states in the queue.
	31300000 states explored in 2010.34s, with 153900250 rules fired and 3667119 states in the queue.
	31400000 states explored in 2017.30s, with 154627155 rules fired and 3656244 states in the queue.
	31500000 states explored in 2025.25s, with 155453843 rules fired and 3626602 states in the queue.
	31600000 states explored in 2033.60s, with 156357126 rules fired and 3594563 states in the queue.
	31700000 states explored in 2051.08s, with 158231797 rules fired and 3410795 states in the queue.
	31800000 states explored in 2081.50s, with 161579304 rules fired and 3030326 states in the queue.
	31900000 states explored in 2086.86s, with 162118678 rules fired and 3037177 states in the queue.
	32000000 states explored in 2093.37s, with 162782108 rules fired and 3028515 states in the queue.
	32100000 states explored in 2102.22s, with 163662844 rules fired and 2976827 states in the queue.
	32200000 states explored in 2113.33s, with 164782641 rules fired and 2885648 states in the queue.
	32300000 states explored in 2121.55s, with 165616290 rules fired and 2854540 states in the queue.
	32400000 states explored in 2138.33s, with 167333052 rules fired and 2683454 states in the queue.
	32500000 states explored in 2196.27s, with 173315343 rules fired and 1835842 states in the queue.
	32600000 states explored in 2198.56s, with 173574779 rules fired and 1899284 states in the queue.
	32700000 states explored in 2201.41s, with 173910907 rules fired and 1955142 states in the queue.
	32800000 states explored in 2203.69s, with 174183733 rules fired and 2020196 states in the queue.
	32900000 states explored in 2206.67s, with 174524258 rules fired and 2075837 states in the queue.
	33000000 states explored in 2211.15s, with 175036194 rules fired and 2105760 states in the queue.
	33100000 states explored in 2215.46s, with 175516485 rules fired and 2138046 states in the queue.
	33200000 states explored in 2222.35s, with 176260615 rules fired and 2124036 states in the queue.
	33300000 states explored in 2225.91s, with 176650721 rules fired and 2164020 states in the queue.
	33400000 states explored in 2229.27s, with 176987911 rules fired and 2203216 states in the queue.
	33500000 states explored in 2232.59s, with 177342410 rules fired and 2246757 states in the queue.
	33600000 states explored in 2236.00s, with 177730838 rules fired and 2296069 states in the queue.
	33700000 states explored in 2240.09s, with 178201583 rules fired and 2333526 states in the queue.
	33800000 states explored in 2243.52s, with 178596785 rules fired and 2383612 states in the queue.
	33900000 states explored in 2249.44s, with 179274183 rules fired and 2394470 states in the queue.
	34000000 states explored in 2255.53s, with 179949573 rules fired and 2394125 states in the queue.
	34100000 states explored in 2259.60s, with 180389206 rules fired and 2422028 states in the queue.
	34200000 states explored in 2263.49s, with 180783116 rules fired and 2445188 states in the queue.
	34300000 states explored in 2266.90s, with 181144224 rules fired and 2483006 states in the queue.
	34400000 states explored in 2269.66s, with 181452990 rules fired and 2538180 states in the queue.
	34500000 states explored in 2272.80s, with 181793752 rules fired and 2588248 states in the queue.
	34600000 states explored in 2275.58s, with 182120988 rules fired and 2647238 states in the queue.
	34700000 states explored in 2278.74s, with 182482731 rules fired and 2698896 states in the queue.
	34800000 states explored in 2281.20s, with 182771361 rules fired and 2764386 states in the queue.
	34900000 states explored in 2283.48s, with 183037612 rules fired and 2832858 states in the queue.
	35000000 states explored in 2286.29s, with 183356581 rules fired and 2893750 states in the queue.
	35100000 states explored in 2289.62s, with 183724933 rules fired and 2947360 states in the queue.
	35200000 states explored in 2292.65s, with 184047552 rules fired and 3002101 states in the queue.
	35300000 states explored in 2295.55s, with 184345458 rules fired and 3061017 states in the queue.
	35400000 states explored in 2300.06s, with 184830924 rules fired and 3098528 states in the queue.
	35500000 states explored in 2303.84s, with 185228398 rules fired and 3141735 states in the queue.
	35600000 states explored in 2307.01s, with 185576450 rules fired and 3196080 states in the queue.
	35700000 states explored in 2309.72s, with 185868957 rules fired and 3257680 states in the queue.
	35800000 states explored in 2313.71s, with 186278165 rules fired and 3299334 states in the queue.
	35900000 states explored in 2321.88s, with 187150098 rules fired and 3281723 states in the queue.
	36000000 states explored in 2325.55s, with 187508346 rules fired and 3323601 states in the queue.
	36100000 states explored in 2327.71s, with 187743209 rules fired and 3397027 states in the queue.
	36200000 states explored in 2330.82s, with 188071296 rules fired and 3457954 states in the queue.
	36300000 states explored in 2334.04s, with 188405924 rules fired and 3511847 states in the queue.
	36400000 states explored in 2336.79s, with 188695050 rules fired and 3574476 states in the queue.
	36500000 states explored in 2340.23s, with 189052710 rules fired and 3626880 states in the queue.
	36600000 states explored in 2343.07s, with 189343788 rules fired and 3691090 states in the queue.
	36700000 states explored in 2346.05s, with 189643662 rules fired and 3754741 states in the queue.
	36800000 states explored in 2348.79s, with 189918730 rules fired and 3823374 states in the queue.

Error:

	Internal Error: Too many active states.



