You choose the local search option :-)
This program should be regarded as a DEBUGGING aid, not as a 
certifier of correctness.
Call with the -l flag or read the license file for terms
and conditions of use.
Run this program with "-h" for the list of options.

Bugs, questions, and comments should be directed to
"melatti@di.uniroma1.it".

CMurphi compiler last modified date: Nov  1 2023
Include files last modified date:    Jul 23 2021
==========================================================================

==========================================================================
Caching Murphi Release 5.5.0
Finite-state Concurrent System Verifier.

Caching Murphi Release 5.5.0 is based on various versions of Murphi.
Caching Murphi Release 5.5.0 :
Copyright (C) 2009-2012 by Sapienza University of Rome.
Murphi release 3.1 :
Copyright (C) 1992 - 1999 by the Board of Trustees of
Leland Stanford Junior University.

==========================================================================

Protocol: test

Algorithm:
	Verification by our local search.
	with symmetry algorithm 3 -- Heuristic Small Memory Normalization
	with permutation trial limit 10.

Memory usage:

	* The size of each state is 7312 bits (rounded up to 920 bytes).
	* The memory allocated for the hash table and state queue is
	  20971 Mbytes.
	  With two words of overhead per state, the maximum size of
	  the state space is 22010413 states.
	   * Use option "-k" or "-m" to increase this, if necessary.
	* Capacity in queue for breadth-first search: 2201041 states.
	   * Change the constant gPercentActiveStates in mu_prolog.inc
	     to increase this, if necessary.

Warning: No trace will not be printed in the case of protocol errors!
         Check the options if you want to have error traces.
==========================================================================

You are using local search algorithm (Version 1) :

------------- Show Goalstate: ------------------
Tree[1].cache.used:0
Tree[1].cache.line[1].addr:Undefined
Tree[1].cache.line[1].state:Undefined
Tree[1].cache.line[1].data:Undefined
Tree[1].cache.line[1].dirty:Undefined
Tree[1].cache.line[2].addr:Undefined
Tree[1].cache.line[2].state:Undefined
Tree[1].cache.line[2].data:Undefined
Tree[1].cache.line[2].dirty:Undefined
Tree[1].cache.valid[1]:0
Tree[1].cache.valid[2]:0
Tree[1].sons[1]:2
Tree[1].sons[2]:3
Tree[1].directory[1][1]:None
Tree[1].directory[1][2]:None
Tree[1].directory[2][1]:None
Tree[1].directory[2][2]:None
Tree[1].slave_pending[1][1]:Undefined
Tree[1].slave_pending[1][2]:Undefined
Tree[1].slave_pending[2][1]:Undefined
Tree[1].slave_pending[2][2]:Undefined
Tree[1].master_pending[1]:Undefined
Tree[1].master_pending[2]:Undefined
Tree[1].reqId:Undefined
Tree[1].chan1[1].buffer[1].opcode:Undefined
Tree[1].chan1[1].buffer[1].para:Undefined
Tree[1].chan1[1].buffer[1].addr:Undefined
Tree[1].chan1[1].buffer[1].data:Undefined
Tree[1].chan1[1].buffer[1].dirty:Undefined
Tree[1].chan1[1].buffer[2].opcode:Undefined
Tree[1].chan1[1].buffer[2].para:Undefined
Tree[1].chan1[1].buffer[2].addr:Undefined
Tree[1].chan1[1].buffer[2].data:Undefined
Tree[1].chan1[1].buffer[2].dirty:Undefined
Tree[1].chan1[1].used:0
Tree[1].chan1[2].buffer[1].opcode:Undefined
Tree[1].chan1[2].buffer[1].para:Undefined
Tree[1].chan1[2].buffer[1].addr:Undefined
Tree[1].chan1[2].buffer[1].data:Undefined
Tree[1].chan1[2].buffer[1].dirty:Undefined
Tree[1].chan1[2].buffer[2].opcode:Undefined
Tree[1].chan1[2].buffer[2].para:Undefined
Tree[1].chan1[2].buffer[2].addr:Undefined
Tree[1].chan1[2].buffer[2].data:Undefined
Tree[1].chan1[2].buffer[2].dirty:Undefined
Tree[1].chan1[2].used:0
Tree[1].chan2[1].buffer[1].opcode:Undefined
Tree[1].chan2[1].buffer[1].para:Undefined
Tree[1].chan2[1].buffer[1].addr:Undefined
Tree[1].chan2[1].buffer[1].data:Undefined
Tree[1].chan2[1].buffer[1].dirty:Undefined
Tree[1].chan2[1].buffer[2].opcode:Undefined
Tree[1].chan2[1].buffer[2].para:Undefined
Tree[1].chan2[1].buffer[2].addr:Undefined
Tree[1].chan2[1].buffer[2].data:Undefined
Tree[1].chan2[1].buffer[2].dirty:Undefined
Tree[1].chan2[1].used:0
Tree[1].chan2[2].buffer[1].opcode:Undefined
Tree[1].chan2[2].buffer[1].para:Undefined
Tree[1].chan2[2].buffer[1].addr:Undefined
Tree[1].chan2[2].buffer[1].data:Undefined
Tree[1].chan2[2].buffer[1].dirty:Undefined
Tree[1].chan2[2].buffer[2].opcode:Undefined
Tree[1].chan2[2].buffer[2].para:Undefined
Tree[1].chan2[2].buffer[2].addr:Undefined
Tree[1].chan2[2].buffer[2].data:Undefined
Tree[1].chan2[2].buffer[2].dirty:Undefined
Tree[1].chan2[2].used:0
Tree[1].chan3[1].buffer[1].opcode:Undefined
Tree[1].chan3[1].buffer[1].para:Undefined
Tree[1].chan3[1].buffer[1].addr:Undefined
Tree[1].chan3[1].buffer[1].data:Undefined
Tree[1].chan3[1].buffer[1].dirty:Undefined
Tree[1].chan3[1].buffer[2].opcode:Undefined
Tree[1].chan3[1].buffer[2].para:Undefined
Tree[1].chan3[1].buffer[2].addr:Undefined
Tree[1].chan3[1].buffer[2].data:Undefined
Tree[1].chan3[1].buffer[2].dirty:Undefined
Tree[1].chan3[1].used:0
Tree[1].chan3[2].buffer[1].opcode:Undefined
Tree[1].chan3[2].buffer[1].para:Undefined
Tree[1].chan3[2].buffer[1].addr:Undefined
Tree[1].chan3[2].buffer[1].data:Undefined
Tree[1].chan3[2].buffer[1].dirty:Undefined
Tree[1].chan3[2].buffer[2].opcode:Undefined
Tree[1].chan3[2].buffer[2].para:Undefined
Tree[1].chan3[2].buffer[2].addr:Undefined
Tree[1].chan3[2].buffer[2].data:Undefined
Tree[1].chan3[2].buffer[2].dirty:Undefined
Tree[1].chan3[2].used:0
Tree[1].chan4[1].buffer[1].opcode:Undefined
Tree[1].chan4[1].buffer[1].para:Undefined
Tree[1].chan4[1].buffer[1].addr:Undefined
Tree[1].chan4[1].buffer[1].data:Undefined
Tree[1].chan4[1].buffer[1].dirty:Undefined
Tree[1].chan4[1].buffer[2].opcode:Undefined
Tree[1].chan4[1].buffer[2].para:Undefined
Tree[1].chan4[1].buffer[2].addr:Undefined
Tree[1].chan4[1].buffer[2].data:Undefined
Tree[1].chan4[1].buffer[2].dirty:Undefined
Tree[1].chan4[1].used:0
Tree[1].chan4[2].buffer[1].opcode:Undefined
Tree[1].chan4[2].buffer[1].para:Undefined
Tree[1].chan4[2].buffer[1].addr:Undefined
Tree[1].chan4[2].buffer[1].data:Undefined
Tree[1].chan4[2].buffer[1].dirty:Undefined
Tree[1].chan4[2].buffer[2].opcode:Undefined
Tree[1].chan4[2].buffer[2].para:Undefined
Tree[1].chan4[2].buffer[2].addr:Undefined
Tree[1].chan4[2].buffer[2].data:Undefined
Tree[1].chan4[2].buffer[2].dirty:Undefined
Tree[1].chan4[2].used:0
Tree[1].chan5[1].buffer[1].opcode:Undefined
Tree[1].chan5[1].buffer[1].addr:Undefined
Tree[1].chan5[1].buffer[1].data:Undefined
Tree[1].chan5[1].buffer[1].dirty:Undefined
Tree[1].chan5[1].buffer[2].opcode:Undefined
Tree[1].chan5[1].buffer[2].addr:Undefined
Tree[1].chan5[1].buffer[2].data:Undefined
Tree[1].chan5[1].buffer[2].dirty:Undefined
Tree[1].chan5[1].used:0
Tree[1].chan5[2].buffer[1].opcode:Undefined
Tree[1].chan5[2].buffer[1].addr:Undefined
Tree[1].chan5[2].buffer[1].data:Undefined
Tree[1].chan5[2].buffer[1].dirty:Undefined
Tree[1].chan5[2].buffer[2].opcode:Undefined
Tree[1].chan5[2].buffer[2].addr:Undefined
Tree[1].chan5[2].buffer[2].data:Undefined
Tree[1].chan5[2].buffer[2].dirty:Undefined
Tree[1].chan5[2].used:0
Tree[2].cache.used:0
Tree[2].cache.line[1].addr:Undefined
Tree[2].cache.line[1].state:Undefined
Tree[2].cache.line[1].data:Undefined
Tree[2].cache.line[1].dirty:Undefined
Tree[2].cache.line[2].addr:Undefined
Tree[2].cache.line[2].state:Undefined
Tree[2].cache.line[2].data:Undefined
Tree[2].cache.line[2].dirty:Undefined
Tree[2].cache.valid[1]:0
Tree[2].cache.valid[2]:0
Tree[2].sons[1]:4
Tree[2].sons[2]:5
Tree[2].directory[1][1]:None
Tree[2].directory[1][2]:None
Tree[2].directory[2][1]:None
Tree[2].directory[2][2]:None
Tree[2].slave_pending[1][1]:Undefined
Tree[2].slave_pending[1][2]:Undefined
Tree[2].slave_pending[2][1]:Undefined
Tree[2].slave_pending[2][2]:Undefined
Tree[2].master_pending[1]:Undefined
Tree[2].master_pending[2]:Undefined
Tree[2].reqId:Undefined
Tree[2].chan1[1].buffer[1].opcode:Undefined
Tree[2].chan1[1].buffer[1].para:Undefined
Tree[2].chan1[1].buffer[1].addr:Undefined
Tree[2].chan1[1].buffer[1].data:Undefined
Tree[2].chan1[1].buffer[1].dirty:Undefined
Tree[2].chan1[1].buffer[2].opcode:Undefined
Tree[2].chan1[1].buffer[2].para:Undefined
Tree[2].chan1[1].buffer[2].addr:Undefined
Tree[2].chan1[1].buffer[2].data:Undefined
Tree[2].chan1[1].buffer[2].dirty:Undefined
Tree[2].chan1[1].used:0
Tree[2].chan1[2].buffer[1].opcode:Undefined
Tree[2].chan1[2].buffer[1].para:Undefined
Tree[2].chan1[2].buffer[1].addr:Undefined
Tree[2].chan1[2].buffer[1].data:Undefined
Tree[2].chan1[2].buffer[1].dirty:Undefined
Tree[2].chan1[2].buffer[2].opcode:Undefined
Tree[2].chan1[2].buffer[2].para:Undefined
Tree[2].chan1[2].buffer[2].addr:Undefined
Tree[2].chan1[2].buffer[2].data:Undefined
Tree[2].chan1[2].buffer[2].dirty:Undefined
Tree[2].chan1[2].used:0
Tree[2].chan2[1].buffer[1].opcode:Undefined
Tree[2].chan2[1].buffer[1].para:Undefined
Tree[2].chan2[1].buffer[1].addr:Undefined
Tree[2].chan2[1].buffer[1].data:Undefined
Tree[2].chan2[1].buffer[1].dirty:Undefined
Tree[2].chan2[1].buffer[2].opcode:Undefined
Tree[2].chan2[1].buffer[2].para:Undefined
Tree[2].chan2[1].buffer[2].addr:Undefined
Tree[2].chan2[1].buffer[2].data:Undefined
Tree[2].chan2[1].buffer[2].dirty:Undefined
Tree[2].chan2[1].used:0
Tree[2].chan2[2].buffer[1].opcode:Undefined
Tree[2].chan2[2].buffer[1].para:Undefined
Tree[2].chan2[2].buffer[1].addr:Undefined
Tree[2].chan2[2].buffer[1].data:Undefined
Tree[2].chan2[2].buffer[1].dirty:Undefined
Tree[2].chan2[2].buffer[2].opcode:Undefined
Tree[2].chan2[2].buffer[2].para:Undefined
Tree[2].chan2[2].buffer[2].addr:Undefined
Tree[2].chan2[2].buffer[2].data:Undefined
Tree[2].chan2[2].buffer[2].dirty:Undefined
Tree[2].chan2[2].used:0
Tree[2].chan3[1].buffer[1].opcode:Undefined
Tree[2].chan3[1].buffer[1].para:Undefined
Tree[2].chan3[1].buffer[1].addr:Undefined
Tree[2].chan3[1].buffer[1].data:Undefined
Tree[2].chan3[1].buffer[1].dirty:Undefined
Tree[2].chan3[1].buffer[2].opcode:Undefined
Tree[2].chan3[1].buffer[2].para:Undefined
Tree[2].chan3[1].buffer[2].addr:Undefined
Tree[2].chan3[1].buffer[2].data:Undefined
Tree[2].chan3[1].buffer[2].dirty:Undefined
Tree[2].chan3[1].used:0
Tree[2].chan3[2].buffer[1].opcode:Undefined
Tree[2].chan3[2].buffer[1].para:Undefined
Tree[2].chan3[2].buffer[1].addr:Undefined
Tree[2].chan3[2].buffer[1].data:Undefined
Tree[2].chan3[2].buffer[1].dirty:Undefined
Tree[2].chan3[2].buffer[2].opcode:Undefined
Tree[2].chan3[2].buffer[2].para:Undefined
Tree[2].chan3[2].buffer[2].addr:Undefined
Tree[2].chan3[2].buffer[2].data:Undefined
Tree[2].chan3[2].buffer[2].dirty:Undefined
Tree[2].chan3[2].used:0
Tree[2].chan4[1].buffer[1].opcode:Undefined
Tree[2].chan4[1].buffer[1].para:Undefined
Tree[2].chan4[1].buffer[1].addr:Undefined
Tree[2].chan4[1].buffer[1].data:Undefined
Tree[2].chan4[1].buffer[1].dirty:Undefined
Tree[2].chan4[1].buffer[2].opcode:Undefined
Tree[2].chan4[1].buffer[2].para:Undefined
Tree[2].chan4[1].buffer[2].addr:Undefined
Tree[2].chan4[1].buffer[2].data:Undefined
Tree[2].chan4[1].buffer[2].dirty:Undefined
Tree[2].chan4[1].used:0
Tree[2].chan4[2].buffer[1].opcode:Undefined
Tree[2].chan4[2].buffer[1].para:Undefined
Tree[2].chan4[2].buffer[1].addr:Undefined
Tree[2].chan4[2].buffer[1].data:Undefined
Tree[2].chan4[2].buffer[1].dirty:Undefined
Tree[2].chan4[2].buffer[2].opcode:Undefined
Tree[2].chan4[2].buffer[2].para:Undefined
Tree[2].chan4[2].buffer[2].addr:Undefined
Tree[2].chan4[2].buffer[2].data:Undefined
Tree[2].chan4[2].buffer[2].dirty:Undefined
Tree[2].chan4[2].used:0
Tree[2].chan5[1].buffer[1].opcode:Undefined
Tree[2].chan5[1].buffer[1].addr:Undefined
Tree[2].chan5[1].buffer[1].data:Undefined
Tree[2].chan5[1].buffer[1].dirty:Undefined
Tree[2].chan5[1].buffer[2].opcode:Undefined
Tree[2].chan5[1].buffer[2].addr:Undefined
Tree[2].chan5[1].buffer[2].data:Undefined
Tree[2].chan5[1].buffer[2].dirty:Undefined
Tree[2].chan5[1].used:0
Tree[2].chan5[2].buffer[1].opcode:Undefined
Tree[2].chan5[2].buffer[1].addr:Undefined
Tree[2].chan5[2].buffer[1].data:Undefined
Tree[2].chan5[2].buffer[1].dirty:Undefined
Tree[2].chan5[2].buffer[2].opcode:Undefined
Tree[2].chan5[2].buffer[2].addr:Undefined
Tree[2].chan5[2].buffer[2].data:Undefined
Tree[2].chan5[2].buffer[2].dirty:Undefined
Tree[2].chan5[2].used:0
Tree[3].cache.used:0
Tree[3].cache.line[1].addr:Undefined
Tree[3].cache.line[1].state:Undefined
Tree[3].cache.line[1].data:Undefined
Tree[3].cache.line[1].dirty:Undefined
Tree[3].cache.line[2].addr:Undefined
Tree[3].cache.line[2].state:Undefined
Tree[3].cache.line[2].data:Undefined
Tree[3].cache.line[2].dirty:Undefined
Tree[3].cache.valid[1]:0
Tree[3].cache.valid[2]:0
Tree[3].sons[1]:6
Tree[3].sons[2]:7
Tree[3].directory[1][1]:None
Tree[3].directory[1][2]:None
Tree[3].directory[2][1]:None
Tree[3].directory[2][2]:None
Tree[3].slave_pending[1][1]:Undefined
Tree[3].slave_pending[1][2]:Undefined
Tree[3].slave_pending[2][1]:Undefined
Tree[3].slave_pending[2][2]:Undefined
Tree[3].master_pending[1]:Undefined
Tree[3].master_pending[2]:Undefined
Tree[3].reqId:Undefined
Tree[3].chan1[1].buffer[1].opcode:Undefined
Tree[3].chan1[1].buffer[1].para:Undefined
Tree[3].chan1[1].buffer[1].addr:Undefined
Tree[3].chan1[1].buffer[1].data:Undefined
Tree[3].chan1[1].buffer[1].dirty:Undefined
Tree[3].chan1[1].buffer[2].opcode:Undefined
Tree[3].chan1[1].buffer[2].para:Undefined
Tree[3].chan1[1].buffer[2].addr:Undefined
Tree[3].chan1[1].buffer[2].data:Undefined
Tree[3].chan1[1].buffer[2].dirty:Undefined
Tree[3].chan1[1].used:0
Tree[3].chan1[2].buffer[1].opcode:Undefined
Tree[3].chan1[2].buffer[1].para:Undefined
Tree[3].chan1[2].buffer[1].addr:Undefined
Tree[3].chan1[2].buffer[1].data:Undefined
Tree[3].chan1[2].buffer[1].dirty:Undefined
Tree[3].chan1[2].buffer[2].opcode:Undefined
Tree[3].chan1[2].buffer[2].para:Undefined
Tree[3].chan1[2].buffer[2].addr:Undefined
Tree[3].chan1[2].buffer[2].data:Undefined
Tree[3].chan1[2].buffer[2].dirty:Undefined
Tree[3].chan1[2].used:0
Tree[3].chan2[1].buffer[1].opcode:Undefined
Tree[3].chan2[1].buffer[1].para:Undefined
Tree[3].chan2[1].buffer[1].addr:Undefined
Tree[3].chan2[1].buffer[1].data:Undefined
Tree[3].chan2[1].buffer[1].dirty:Undefined
Tree[3].chan2[1].buffer[2].opcode:Undefined
Tree[3].chan2[1].buffer[2].para:Undefined
Tree[3].chan2[1].buffer[2].addr:Undefined
Tree[3].chan2[1].buffer[2].data:Undefined
Tree[3].chan2[1].buffer[2].dirty:Undefined
Tree[3].chan2[1].used:0
Tree[3].chan2[2].buffer[1].opcode:Undefined
Tree[3].chan2[2].buffer[1].para:Undefined
Tree[3].chan2[2].buffer[1].addr:Undefined
Tree[3].chan2[2].buffer[1].data:Undefined
Tree[3].chan2[2].buffer[1].dirty:Undefined
Tree[3].chan2[2].buffer[2].opcode:Undefined
Tree[3].chan2[2].buffer[2].para:Undefined
Tree[3].chan2[2].buffer[2].addr:Undefined
Tree[3].chan2[2].buffer[2].data:Undefined
Tree[3].chan2[2].buffer[2].dirty:Undefined
Tree[3].chan2[2].used:0
Tree[3].chan3[1].buffer[1].opcode:Undefined
Tree[3].chan3[1].buffer[1].para:Undefined
Tree[3].chan3[1].buffer[1].addr:Undefined
Tree[3].chan3[1].buffer[1].data:Undefined
Tree[3].chan3[1].buffer[1].dirty:Undefined
Tree[3].chan3[1].buffer[2].opcode:Undefined
Tree[3].chan3[1].buffer[2].para:Undefined
Tree[3].chan3[1].buffer[2].addr:Undefined
Tree[3].chan3[1].buffer[2].data:Undefined
Tree[3].chan3[1].buffer[2].dirty:Undefined
Tree[3].chan3[1].used:0
Tree[3].chan3[2].buffer[1].opcode:Undefined
Tree[3].chan3[2].buffer[1].para:Undefined
Tree[3].chan3[2].buffer[1].addr:Undefined
Tree[3].chan3[2].buffer[1].data:Undefined
Tree[3].chan3[2].buffer[1].dirty:Undefined
Tree[3].chan3[2].buffer[2].opcode:Undefined
Tree[3].chan3[2].buffer[2].para:Undefined
Tree[3].chan3[2].buffer[2].addr:Undefined
Tree[3].chan3[2].buffer[2].data:Undefined
Tree[3].chan3[2].buffer[2].dirty:Undefined
Tree[3].chan3[2].used:0
Tree[3].chan4[1].buffer[1].opcode:Undefined
Tree[3].chan4[1].buffer[1].para:Undefined
Tree[3].chan4[1].buffer[1].addr:Undefined
Tree[3].chan4[1].buffer[1].data:Undefined
Tree[3].chan4[1].buffer[1].dirty:Undefined
Tree[3].chan4[1].buffer[2].opcode:Undefined
Tree[3].chan4[1].buffer[2].para:Undefined
Tree[3].chan4[1].buffer[2].addr:Undefined
Tree[3].chan4[1].buffer[2].data:Undefined
Tree[3].chan4[1].buffer[2].dirty:Undefined
Tree[3].chan4[1].used:0
Tree[3].chan4[2].buffer[1].opcode:Undefined
Tree[3].chan4[2].buffer[1].para:Undefined
Tree[3].chan4[2].buffer[1].addr:Undefined
Tree[3].chan4[2].buffer[1].data:Undefined
Tree[3].chan4[2].buffer[1].dirty:Undefined
Tree[3].chan4[2].buffer[2].opcode:Undefined
Tree[3].chan4[2].buffer[2].para:Undefined
Tree[3].chan4[2].buffer[2].addr:Undefined
Tree[3].chan4[2].buffer[2].data:Undefined
Tree[3].chan4[2].buffer[2].dirty:Undefined
Tree[3].chan4[2].used:0
Tree[3].chan5[1].buffer[1].opcode:Undefined
Tree[3].chan5[1].buffer[1].addr:Undefined
Tree[3].chan5[1].buffer[1].data:Undefined
Tree[3].chan5[1].buffer[1].dirty:Undefined
Tree[3].chan5[1].buffer[2].opcode:Undefined
Tree[3].chan5[1].buffer[2].addr:Undefined
Tree[3].chan5[1].buffer[2].data:Undefined
Tree[3].chan5[1].buffer[2].dirty:Undefined
Tree[3].chan5[1].used:0
Tree[3].chan5[2].buffer[1].opcode:Undefined
Tree[3].chan5[2].buffer[1].addr:Undefined
Tree[3].chan5[2].buffer[1].data:Undefined
Tree[3].chan5[2].buffer[1].dirty:Undefined
Tree[3].chan5[2].buffer[2].opcode:Undefined
Tree[3].chan5[2].buffer[2].addr:Undefined
Tree[3].chan5[2].buffer[2].data:Undefined
Tree[3].chan5[2].buffer[2].dirty:Undefined
Tree[3].chan5[2].used:0
Tree[4].cache.used:0
Tree[4].cache.line[1].addr:Undefined
Tree[4].cache.line[1].state:Undefined
Tree[4].cache.line[1].data:Undefined
Tree[4].cache.line[1].dirty:Undefined
Tree[4].cache.line[2].addr:Undefined
Tree[4].cache.line[2].state:Undefined
Tree[4].cache.line[2].data:Undefined
Tree[4].cache.line[2].dirty:Undefined
Tree[4].cache.valid[1]:0
Tree[4].cache.valid[2]:0
Tree[4].sons[1]:Undefined
Tree[4].sons[2]:Undefined
Tree[4].directory[1][1]:Undefined
Tree[4].directory[1][2]:Undefined
Tree[4].directory[2][1]:Undefined
Tree[4].directory[2][2]:Undefined
Tree[4].slave_pending[1][1]:Undefined
Tree[4].slave_pending[1][2]:Undefined
Tree[4].slave_pending[2][1]:Undefined
Tree[4].slave_pending[2][2]:Undefined
Tree[4].master_pending[1]:Undefined
Tree[4].master_pending[2]:Undefined
Tree[4].reqId:Undefined
Tree[4].chan1[1].buffer[1].opcode:Undefined
Tree[4].chan1[1].buffer[1].para:Undefined
Tree[4].chan1[1].buffer[1].addr:Undefined
Tree[4].chan1[1].buffer[1].data:Undefined
Tree[4].chan1[1].buffer[1].dirty:Undefined
Tree[4].chan1[1].buffer[2].opcode:Undefined
Tree[4].chan1[1].buffer[2].para:Undefined
Tree[4].chan1[1].buffer[2].addr:Undefined
Tree[4].chan1[1].buffer[2].data:Undefined
Tree[4].chan1[1].buffer[2].dirty:Undefined
Tree[4].chan1[1].used:Undefined
Tree[4].chan1[2].buffer[1].opcode:Undefined
Tree[4].chan1[2].buffer[1].para:Undefined
Tree[4].chan1[2].buffer[1].addr:Undefined
Tree[4].chan1[2].buffer[1].data:Undefined
Tree[4].chan1[2].buffer[1].dirty:Undefined
Tree[4].chan1[2].buffer[2].opcode:Undefined
Tree[4].chan1[2].buffer[2].para:Undefined
Tree[4].chan1[2].buffer[2].addr:Undefined
Tree[4].chan1[2].buffer[2].data:Undefined
Tree[4].chan1[2].buffer[2].dirty:Undefined
Tree[4].chan1[2].used:Undefined
Tree[4].chan2[1].buffer[1].opcode:Undefined
Tree[4].chan2[1].buffer[1].para:Undefined
Tree[4].chan2[1].buffer[1].addr:Undefined
Tree[4].chan2[1].buffer[1].data:Undefined
Tree[4].chan2[1].buffer[1].dirty:Undefined
Tree[4].chan2[1].buffer[2].opcode:Undefined
Tree[4].chan2[1].buffer[2].para:Undefined
Tree[4].chan2[1].buffer[2].addr:Undefined
Tree[4].chan2[1].buffer[2].data:Undefined
Tree[4].chan2[1].buffer[2].dirty:Undefined
Tree[4].chan2[1].used:Undefined
Tree[4].chan2[2].buffer[1].opcode:Undefined
Tree[4].chan2[2].buffer[1].para:Undefined
Tree[4].chan2[2].buffer[1].addr:Undefined
Tree[4].chan2[2].buffer[1].data:Undefined
Tree[4].chan2[2].buffer[1].dirty:Undefined
Tree[4].chan2[2].buffer[2].opcode:Undefined
Tree[4].chan2[2].buffer[2].para:Undefined
Tree[4].chan2[2].buffer[2].addr:Undefined
Tree[4].chan2[2].buffer[2].data:Undefined
Tree[4].chan2[2].buffer[2].dirty:Undefined
Tree[4].chan2[2].used:Undefined
Tree[4].chan3[1].buffer[1].opcode:Undefined
Tree[4].chan3[1].buffer[1].para:Undefined
Tree[4].chan3[1].buffer[1].addr:Undefined
Tree[4].chan3[1].buffer[1].data:Undefined
Tree[4].chan3[1].buffer[1].dirty:Undefined
Tree[4].chan3[1].buffer[2].opcode:Undefined
Tree[4].chan3[1].buffer[2].para:Undefined
Tree[4].chan3[1].buffer[2].addr:Undefined
Tree[4].chan3[1].buffer[2].data:Undefined
Tree[4].chan3[1].buffer[2].dirty:Undefined
Tree[4].chan3[1].used:Undefined
Tree[4].chan3[2].buffer[1].opcode:Undefined
Tree[4].chan3[2].buffer[1].para:Undefined
Tree[4].chan3[2].buffer[1].addr:Undefined
Tree[4].chan3[2].buffer[1].data:Undefined
Tree[4].chan3[2].buffer[1].dirty:Undefined
Tree[4].chan3[2].buffer[2].opcode:Undefined
Tree[4].chan3[2].buffer[2].para:Undefined
Tree[4].chan3[2].buffer[2].addr:Undefined
Tree[4].chan3[2].buffer[2].data:Undefined
Tree[4].chan3[2].buffer[2].dirty:Undefined
Tree[4].chan3[2].used:Undefined
Tree[4].chan4[1].buffer[1].opcode:Undefined
Tree[4].chan4[1].buffer[1].para:Undefined
Tree[4].chan4[1].buffer[1].addr:Undefined
Tree[4].chan4[1].buffer[1].data:Undefined
Tree[4].chan4[1].buffer[1].dirty:Undefined
Tree[4].chan4[1].buffer[2].opcode:Undefined
Tree[4].chan4[1].buffer[2].para:Undefined
Tree[4].chan4[1].buffer[2].addr:Undefined
Tree[4].chan4[1].buffer[2].data:Undefined
Tree[4].chan4[1].buffer[2].dirty:Undefined
Tree[4].chan4[1].used:Undefined
Tree[4].chan4[2].buffer[1].opcode:Undefined
Tree[4].chan4[2].buffer[1].para:Undefined
Tree[4].chan4[2].buffer[1].addr:Undefined
Tree[4].chan4[2].buffer[1].data:Undefined
Tree[4].chan4[2].buffer[1].dirty:Undefined
Tree[4].chan4[2].buffer[2].opcode:Undefined
Tree[4].chan4[2].buffer[2].para:Undefined
Tree[4].chan4[2].buffer[2].addr:Undefined
Tree[4].chan4[2].buffer[2].data:Undefined
Tree[4].chan4[2].buffer[2].dirty:Undefined
Tree[4].chan4[2].used:Undefined
Tree[4].chan5[1].buffer[1].opcode:Undefined
Tree[4].chan5[1].buffer[1].addr:Undefined
Tree[4].chan5[1].buffer[1].data:Undefined
Tree[4].chan5[1].buffer[1].dirty:Undefined
Tree[4].chan5[1].buffer[2].opcode:Undefined
Tree[4].chan5[1].buffer[2].addr:Undefined
Tree[4].chan5[1].buffer[2].data:Undefined
Tree[4].chan5[1].buffer[2].dirty:Undefined
Tree[4].chan5[1].used:Undefined
Tree[4].chan5[2].buffer[1].opcode:Undefined
Tree[4].chan5[2].buffer[1].addr:Undefined
Tree[4].chan5[2].buffer[1].data:Undefined
Tree[4].chan5[2].buffer[1].dirty:Undefined
Tree[4].chan5[2].buffer[2].opcode:Undefined
Tree[4].chan5[2].buffer[2].addr:Undefined
Tree[4].chan5[2].buffer[2].data:Undefined
Tree[4].chan5[2].buffer[2].dirty:Undefined
Tree[4].chan5[2].used:Undefined
Tree[5].cache.used:0
Tree[5].cache.line[1].addr:Undefined
Tree[5].cache.line[1].state:Undefined
Tree[5].cache.line[1].data:Undefined
Tree[5].cache.line[1].dirty:Undefined
Tree[5].cache.line[2].addr:Undefined
Tree[5].cache.line[2].state:Undefined
Tree[5].cache.line[2].data:Undefined
Tree[5].cache.line[2].dirty:Undefined
Tree[5].cache.valid[1]:0
Tree[5].cache.valid[2]:0
Tree[5].sons[1]:Undefined
Tree[5].sons[2]:Undefined
Tree[5].directory[1][1]:Undefined
Tree[5].directory[1][2]:Undefined
Tree[5].directory[2][1]:Undefined
Tree[5].directory[2][2]:Undefined
Tree[5].slave_pending[1][1]:Undefined
Tree[5].slave_pending[1][2]:Undefined
Tree[5].slave_pending[2][1]:Undefined
Tree[5].slave_pending[2][2]:Undefined
Tree[5].master_pending[1]:Undefined
Tree[5].master_pending[2]:Undefined
Tree[5].reqId:Undefined
Tree[5].chan1[1].buffer[1].opcode:Undefined
Tree[5].chan1[1].buffer[1].para:Undefined
Tree[5].chan1[1].buffer[1].addr:Undefined
Tree[5].chan1[1].buffer[1].data:Undefined
Tree[5].chan1[1].buffer[1].dirty:Undefined
Tree[5].chan1[1].buffer[2].opcode:Undefined
Tree[5].chan1[1].buffer[2].para:Undefined
Tree[5].chan1[1].buffer[2].addr:Undefined
Tree[5].chan1[1].buffer[2].data:Undefined
Tree[5].chan1[1].buffer[2].dirty:Undefined
Tree[5].chan1[1].used:Undefined
Tree[5].chan1[2].buffer[1].opcode:Undefined
Tree[5].chan1[2].buffer[1].para:Undefined
Tree[5].chan1[2].buffer[1].addr:Undefined
Tree[5].chan1[2].buffer[1].data:Undefined
Tree[5].chan1[2].buffer[1].dirty:Undefined
Tree[5].chan1[2].buffer[2].opcode:Undefined
Tree[5].chan1[2].buffer[2].para:Undefined
Tree[5].chan1[2].buffer[2].addr:Undefined
Tree[5].chan1[2].buffer[2].data:Undefined
Tree[5].chan1[2].buffer[2].dirty:Undefined
Tree[5].chan1[2].used:Undefined
Tree[5].chan2[1].buffer[1].opcode:Undefined
Tree[5].chan2[1].buffer[1].para:Undefined
Tree[5].chan2[1].buffer[1].addr:Undefined
Tree[5].chan2[1].buffer[1].data:Undefined
Tree[5].chan2[1].buffer[1].dirty:Undefined
Tree[5].chan2[1].buffer[2].opcode:Undefined
Tree[5].chan2[1].buffer[2].para:Undefined
Tree[5].chan2[1].buffer[2].addr:Undefined
Tree[5].chan2[1].buffer[2].data:Undefined
Tree[5].chan2[1].buffer[2].dirty:Undefined
Tree[5].chan2[1].used:Undefined
Tree[5].chan2[2].buffer[1].opcode:Undefined
Tree[5].chan2[2].buffer[1].para:Undefined
Tree[5].chan2[2].buffer[1].addr:Undefined
Tree[5].chan2[2].buffer[1].data:Undefined
Tree[5].chan2[2].buffer[1].dirty:Undefined
Tree[5].chan2[2].buffer[2].opcode:Undefined
Tree[5].chan2[2].buffer[2].para:Undefined
Tree[5].chan2[2].buffer[2].addr:Undefined
Tree[5].chan2[2].buffer[2].data:Undefined
Tree[5].chan2[2].buffer[2].dirty:Undefined
Tree[5].chan2[2].used:Undefined
Tree[5].chan3[1].buffer[1].opcode:Undefined
Tree[5].chan3[1].buffer[1].para:Undefined
Tree[5].chan3[1].buffer[1].addr:Undefined
Tree[5].chan3[1].buffer[1].data:Undefined
Tree[5].chan3[1].buffer[1].dirty:Undefined
Tree[5].chan3[1].buffer[2].opcode:Undefined
Tree[5].chan3[1].buffer[2].para:Undefined
Tree[5].chan3[1].buffer[2].addr:Undefined
Tree[5].chan3[1].buffer[2].data:Undefined
Tree[5].chan3[1].buffer[2].dirty:Undefined
Tree[5].chan3[1].used:Undefined
Tree[5].chan3[2].buffer[1].opcode:Undefined
Tree[5].chan3[2].buffer[1].para:Undefined
Tree[5].chan3[2].buffer[1].addr:Undefined
Tree[5].chan3[2].buffer[1].data:Undefined
Tree[5].chan3[2].buffer[1].dirty:Undefined
Tree[5].chan3[2].buffer[2].opcode:Undefined
Tree[5].chan3[2].buffer[2].para:Undefined
Tree[5].chan3[2].buffer[2].addr:Undefined
Tree[5].chan3[2].buffer[2].data:Undefined
Tree[5].chan3[2].buffer[2].dirty:Undefined
Tree[5].chan3[2].used:Undefined
Tree[5].chan4[1].buffer[1].opcode:Undefined
Tree[5].chan4[1].buffer[1].para:Undefined
Tree[5].chan4[1].buffer[1].addr:Undefined
Tree[5].chan4[1].buffer[1].data:Undefined
Tree[5].chan4[1].buffer[1].dirty:Undefined
Tree[5].chan4[1].buffer[2].opcode:Undefined
Tree[5].chan4[1].buffer[2].para:Undefined
Tree[5].chan4[1].buffer[2].addr:Undefined
Tree[5].chan4[1].buffer[2].data:Undefined
Tree[5].chan4[1].buffer[2].dirty:Undefined
Tree[5].chan4[1].used:Undefined
Tree[5].chan4[2].buffer[1].opcode:Undefined
Tree[5].chan4[2].buffer[1].para:Undefined
Tree[5].chan4[2].buffer[1].addr:Undefined
Tree[5].chan4[2].buffer[1].data:Undefined
Tree[5].chan4[2].buffer[1].dirty:Undefined
Tree[5].chan4[2].buffer[2].opcode:Undefined
Tree[5].chan4[2].buffer[2].para:Undefined
Tree[5].chan4[2].buffer[2].addr:Undefined
Tree[5].chan4[2].buffer[2].data:Undefined
Tree[5].chan4[2].buffer[2].dirty:Undefined
Tree[5].chan4[2].used:Undefined
Tree[5].chan5[1].buffer[1].opcode:Undefined
Tree[5].chan5[1].buffer[1].addr:Undefined
Tree[5].chan5[1].buffer[1].data:Undefined
Tree[5].chan5[1].buffer[1].dirty:Undefined
Tree[5].chan5[1].buffer[2].opcode:Undefined
Tree[5].chan5[1].buffer[2].addr:Undefined
Tree[5].chan5[1].buffer[2].data:Undefined
Tree[5].chan5[1].buffer[2].dirty:Undefined
Tree[5].chan5[1].used:Undefined
Tree[5].chan5[2].buffer[1].opcode:Undefined
Tree[5].chan5[2].buffer[1].addr:Undefined
Tree[5].chan5[2].buffer[1].data:Undefined
Tree[5].chan5[2].buffer[1].dirty:Undefined
Tree[5].chan5[2].buffer[2].opcode:Undefined
Tree[5].chan5[2].buffer[2].addr:Undefined
Tree[5].chan5[2].buffer[2].data:Undefined
Tree[5].chan5[2].buffer[2].dirty:Undefined
Tree[5].chan5[2].used:Undefined
Tree[6].cache.used:0
Tree[6].cache.line[1].addr:Undefined
Tree[6].cache.line[1].state:Undefined
Tree[6].cache.line[1].data:Undefined
Tree[6].cache.line[1].dirty:Undefined
Tree[6].cache.line[2].addr:Undefined
Tree[6].cache.line[2].state:Undefined
Tree[6].cache.line[2].data:Undefined
Tree[6].cache.line[2].dirty:Undefined
Tree[6].cache.valid[1]:0
Tree[6].cache.valid[2]:0
Tree[6].sons[1]:Undefined
Tree[6].sons[2]:Undefined
Tree[6].directory[1][1]:Undefined
Tree[6].directory[1][2]:Undefined
Tree[6].directory[2][1]:Undefined
Tree[6].directory[2][2]:Undefined
Tree[6].slave_pending[1][1]:Undefined
Tree[6].slave_pending[1][2]:Undefined
Tree[6].slave_pending[2][1]:Undefined
Tree[6].slave_pending[2][2]:Undefined
Tree[6].master_pending[1]:Undefined
Tree[6].master_pending[2]:Undefined
Tree[6].reqId:Undefined
Tree[6].chan1[1].buffer[1].opcode:Undefined
Tree[6].chan1[1].buffer[1].para:Undefined
Tree[6].chan1[1].buffer[1].addr:Undefined
Tree[6].chan1[1].buffer[1].data:Undefined
Tree[6].chan1[1].buffer[1].dirty:Undefined
Tree[6].chan1[1].buffer[2].opcode:Undefined
Tree[6].chan1[1].buffer[2].para:Undefined
Tree[6].chan1[1].buffer[2].addr:Undefined
Tree[6].chan1[1].buffer[2].data:Undefined
Tree[6].chan1[1].buffer[2].dirty:Undefined
Tree[6].chan1[1].used:Undefined
Tree[6].chan1[2].buffer[1].opcode:Undefined
Tree[6].chan1[2].buffer[1].para:Undefined
Tree[6].chan1[2].buffer[1].addr:Undefined
Tree[6].chan1[2].buffer[1].data:Undefined
Tree[6].chan1[2].buffer[1].dirty:Undefined
Tree[6].chan1[2].buffer[2].opcode:Undefined
Tree[6].chan1[2].buffer[2].para:Undefined
Tree[6].chan1[2].buffer[2].addr:Undefined
Tree[6].chan1[2].buffer[2].data:Undefined
Tree[6].chan1[2].buffer[2].dirty:Undefined
Tree[6].chan1[2].used:Undefined
Tree[6].chan2[1].buffer[1].opcode:Undefined
Tree[6].chan2[1].buffer[1].para:Undefined
Tree[6].chan2[1].buffer[1].addr:Undefined
Tree[6].chan2[1].buffer[1].data:Undefined
Tree[6].chan2[1].buffer[1].dirty:Undefined
Tree[6].chan2[1].buffer[2].opcode:Undefined
Tree[6].chan2[1].buffer[2].para:Undefined
Tree[6].chan2[1].buffer[2].addr:Undefined
Tree[6].chan2[1].buffer[2].data:Undefined
Tree[6].chan2[1].buffer[2].dirty:Undefined
Tree[6].chan2[1].used:Undefined
Tree[6].chan2[2].buffer[1].opcode:Undefined
Tree[6].chan2[2].buffer[1].para:Undefined
Tree[6].chan2[2].buffer[1].addr:Undefined
Tree[6].chan2[2].buffer[1].data:Undefined
Tree[6].chan2[2].buffer[1].dirty:Undefined
Tree[6].chan2[2].buffer[2].opcode:Undefined
Tree[6].chan2[2].buffer[2].para:Undefined
Tree[6].chan2[2].buffer[2].addr:Undefined
Tree[6].chan2[2].buffer[2].data:Undefined
Tree[6].chan2[2].buffer[2].dirty:Undefined
Tree[6].chan2[2].used:Undefined
Tree[6].chan3[1].buffer[1].opcode:Undefined
Tree[6].chan3[1].buffer[1].para:Undefined
Tree[6].chan3[1].buffer[1].addr:Undefined
Tree[6].chan3[1].buffer[1].data:Undefined
Tree[6].chan3[1].buffer[1].dirty:Undefined
Tree[6].chan3[1].buffer[2].opcode:Undefined
Tree[6].chan3[1].buffer[2].para:Undefined
Tree[6].chan3[1].buffer[2].addr:Undefined
Tree[6].chan3[1].buffer[2].data:Undefined
Tree[6].chan3[1].buffer[2].dirty:Undefined
Tree[6].chan3[1].used:Undefined
Tree[6].chan3[2].buffer[1].opcode:Undefined
Tree[6].chan3[2].buffer[1].para:Undefined
Tree[6].chan3[2].buffer[1].addr:Undefined
Tree[6].chan3[2].buffer[1].data:Undefined
Tree[6].chan3[2].buffer[1].dirty:Undefined
Tree[6].chan3[2].buffer[2].opcode:Undefined
Tree[6].chan3[2].buffer[2].para:Undefined
Tree[6].chan3[2].buffer[2].addr:Undefined
Tree[6].chan3[2].buffer[2].data:Undefined
Tree[6].chan3[2].buffer[2].dirty:Undefined
Tree[6].chan3[2].used:Undefined
Tree[6].chan4[1].buffer[1].opcode:Undefined
Tree[6].chan4[1].buffer[1].para:Undefined
Tree[6].chan4[1].buffer[1].addr:Undefined
Tree[6].chan4[1].buffer[1].data:Undefined
Tree[6].chan4[1].buffer[1].dirty:Undefined
Tree[6].chan4[1].buffer[2].opcode:Undefined
Tree[6].chan4[1].buffer[2].para:Undefined
Tree[6].chan4[1].buffer[2].addr:Undefined
Tree[6].chan4[1].buffer[2].data:Undefined
Tree[6].chan4[1].buffer[2].dirty:Undefined
Tree[6].chan4[1].used:Undefined
Tree[6].chan4[2].buffer[1].opcode:Undefined
Tree[6].chan4[2].buffer[1].para:Undefined
Tree[6].chan4[2].buffer[1].addr:Undefined
Tree[6].chan4[2].buffer[1].data:Undefined
Tree[6].chan4[2].buffer[1].dirty:Undefined
Tree[6].chan4[2].buffer[2].opcode:Undefined
Tree[6].chan4[2].buffer[2].para:Undefined
Tree[6].chan4[2].buffer[2].addr:Undefined
Tree[6].chan4[2].buffer[2].data:Undefined
Tree[6].chan4[2].buffer[2].dirty:Undefined
Tree[6].chan4[2].used:Undefined
Tree[6].chan5[1].buffer[1].opcode:Undefined
Tree[6].chan5[1].buffer[1].addr:Undefined
Tree[6].chan5[1].buffer[1].data:Undefined
Tree[6].chan5[1].buffer[1].dirty:Undefined
Tree[6].chan5[1].buffer[2].opcode:Undefined
Tree[6].chan5[1].buffer[2].addr:Undefined
Tree[6].chan5[1].buffer[2].data:Undefined
Tree[6].chan5[1].buffer[2].dirty:Undefined
Tree[6].chan5[1].used:Undefined
Tree[6].chan5[2].buffer[1].opcode:Undefined
Tree[6].chan5[2].buffer[1].addr:Undefined
Tree[6].chan5[2].buffer[1].data:Undefined
Tree[6].chan5[2].buffer[1].dirty:Undefined
Tree[6].chan5[2].buffer[2].opcode:Undefined
Tree[6].chan5[2].buffer[2].addr:Undefined
Tree[6].chan5[2].buffer[2].data:Undefined
Tree[6].chan5[2].buffer[2].dirty:Undefined
Tree[6].chan5[2].used:Undefined
Tree[7].cache.used:0
Tree[7].cache.line[1].addr:Undefined
Tree[7].cache.line[1].state:Undefined
Tree[7].cache.line[1].data:Undefined
Tree[7].cache.line[1].dirty:Undefined
Tree[7].cache.line[2].addr:Undefined
Tree[7].cache.line[2].state:Undefined
Tree[7].cache.line[2].data:Undefined
Tree[7].cache.line[2].dirty:Undefined
Tree[7].cache.valid[1]:0
Tree[7].cache.valid[2]:0
Tree[7].sons[1]:Undefined
Tree[7].sons[2]:Undefined
Tree[7].directory[1][1]:Undefined
Tree[7].directory[1][2]:Undefined
Tree[7].directory[2][1]:Undefined
Tree[7].directory[2][2]:Undefined
Tree[7].slave_pending[1][1]:Undefined
Tree[7].slave_pending[1][2]:Undefined
Tree[7].slave_pending[2][1]:Undefined
Tree[7].slave_pending[2][2]:Undefined
Tree[7].master_pending[1]:Undefined
Tree[7].master_pending[2]:Undefined
Tree[7].reqId:Undefined
Tree[7].chan1[1].buffer[1].opcode:Undefined
Tree[7].chan1[1].buffer[1].para:Undefined
Tree[7].chan1[1].buffer[1].addr:Undefined
Tree[7].chan1[1].buffer[1].data:Undefined
Tree[7].chan1[1].buffer[1].dirty:Undefined
Tree[7].chan1[1].buffer[2].opcode:Undefined
Tree[7].chan1[1].buffer[2].para:Undefined
Tree[7].chan1[1].buffer[2].addr:Undefined
Tree[7].chan1[1].buffer[2].data:Undefined
Tree[7].chan1[1].buffer[2].dirty:Undefined
Tree[7].chan1[1].used:Undefined
Tree[7].chan1[2].buffer[1].opcode:Undefined
Tree[7].chan1[2].buffer[1].para:Undefined
Tree[7].chan1[2].buffer[1].addr:Undefined
Tree[7].chan1[2].buffer[1].data:Undefined
Tree[7].chan1[2].buffer[1].dirty:Undefined
Tree[7].chan1[2].buffer[2].opcode:Undefined
Tree[7].chan1[2].buffer[2].para:Undefined
Tree[7].chan1[2].buffer[2].addr:Undefined
Tree[7].chan1[2].buffer[2].data:Undefined
Tree[7].chan1[2].buffer[2].dirty:Undefined
Tree[7].chan1[2].used:Undefined
Tree[7].chan2[1].buffer[1].opcode:Undefined
Tree[7].chan2[1].buffer[1].para:Undefined
Tree[7].chan2[1].buffer[1].addr:Undefined
Tree[7].chan2[1].buffer[1].data:Undefined
Tree[7].chan2[1].buffer[1].dirty:Undefined
Tree[7].chan2[1].buffer[2].opcode:Undefined
Tree[7].chan2[1].buffer[2].para:Undefined
Tree[7].chan2[1].buffer[2].addr:Undefined
Tree[7].chan2[1].buffer[2].data:Undefined
Tree[7].chan2[1].buffer[2].dirty:Undefined
Tree[7].chan2[1].used:Undefined
Tree[7].chan2[2].buffer[1].opcode:Undefined
Tree[7].chan2[2].buffer[1].para:Undefined
Tree[7].chan2[2].buffer[1].addr:Undefined
Tree[7].chan2[2].buffer[1].data:Undefined
Tree[7].chan2[2].buffer[1].dirty:Undefined
Tree[7].chan2[2].buffer[2].opcode:Undefined
Tree[7].chan2[2].buffer[2].para:Undefined
Tree[7].chan2[2].buffer[2].addr:Undefined
Tree[7].chan2[2].buffer[2].data:Undefined
Tree[7].chan2[2].buffer[2].dirty:Undefined
Tree[7].chan2[2].used:Undefined
Tree[7].chan3[1].buffer[1].opcode:Undefined
Tree[7].chan3[1].buffer[1].para:Undefined
Tree[7].chan3[1].buffer[1].addr:Undefined
Tree[7].chan3[1].buffer[1].data:Undefined
Tree[7].chan3[1].buffer[1].dirty:Undefined
Tree[7].chan3[1].buffer[2].opcode:Undefined
Tree[7].chan3[1].buffer[2].para:Undefined
Tree[7].chan3[1].buffer[2].addr:Undefined
Tree[7].chan3[1].buffer[2].data:Undefined
Tree[7].chan3[1].buffer[2].dirty:Undefined
Tree[7].chan3[1].used:Undefined
Tree[7].chan3[2].buffer[1].opcode:Undefined
Tree[7].chan3[2].buffer[1].para:Undefined
Tree[7].chan3[2].buffer[1].addr:Undefined
Tree[7].chan3[2].buffer[1].data:Undefined
Tree[7].chan3[2].buffer[1].dirty:Undefined
Tree[7].chan3[2].buffer[2].opcode:Undefined
Tree[7].chan3[2].buffer[2].para:Undefined
Tree[7].chan3[2].buffer[2].addr:Undefined
Tree[7].chan3[2].buffer[2].data:Undefined
Tree[7].chan3[2].buffer[2].dirty:Undefined
Tree[7].chan3[2].used:Undefined
Tree[7].chan4[1].buffer[1].opcode:Undefined
Tree[7].chan4[1].buffer[1].para:Undefined
Tree[7].chan4[1].buffer[1].addr:Undefined
Tree[7].chan4[1].buffer[1].data:Undefined
Tree[7].chan4[1].buffer[1].dirty:Undefined
Tree[7].chan4[1].buffer[2].opcode:Undefined
Tree[7].chan4[1].buffer[2].para:Undefined
Tree[7].chan4[1].buffer[2].addr:Undefined
Tree[7].chan4[1].buffer[2].data:Undefined
Tree[7].chan4[1].buffer[2].dirty:Undefined
Tree[7].chan4[1].used:Undefined
Tree[7].chan4[2].buffer[1].opcode:Undefined
Tree[7].chan4[2].buffer[1].para:Undefined
Tree[7].chan4[2].buffer[1].addr:Undefined
Tree[7].chan4[2].buffer[1].data:Undefined
Tree[7].chan4[2].buffer[1].dirty:Undefined
Tree[7].chan4[2].buffer[2].opcode:Undefined
Tree[7].chan4[2].buffer[2].para:Undefined
Tree[7].chan4[2].buffer[2].addr:Undefined
Tree[7].chan4[2].buffer[2].data:Undefined
Tree[7].chan4[2].buffer[2].dirty:Undefined
Tree[7].chan4[2].used:Undefined
Tree[7].chan5[1].buffer[1].opcode:Undefined
Tree[7].chan5[1].buffer[1].addr:Undefined
Tree[7].chan5[1].buffer[1].data:Undefined
Tree[7].chan5[1].buffer[1].dirty:Undefined
Tree[7].chan5[1].buffer[2].opcode:Undefined
Tree[7].chan5[1].buffer[2].addr:Undefined
Tree[7].chan5[1].buffer[2].data:Undefined
Tree[7].chan5[1].buffer[2].dirty:Undefined
Tree[7].chan5[1].used:Undefined
Tree[7].chan5[2].buffer[1].opcode:Undefined
Tree[7].chan5[2].buffer[1].addr:Undefined
Tree[7].chan5[2].buffer[1].data:Undefined
Tree[7].chan5[2].buffer[1].dirty:Undefined
Tree[7].chan5[2].buffer[2].opcode:Undefined
Tree[7].chan5[2].buffer[2].addr:Undefined
Tree[7].chan5[2].buffer[2].data:Undefined
Tree[7].chan5[2].buffer[2].dirty:Undefined
Tree[7].chan5[2].used:Undefined
memData[1]:dataType_2
memData[2]:dataType_2
auxData[1]:dataType_2
auxData[2]:dataType_2

------------- Show a heuristic value: ------------------
303

------------- Show Initstate: ------------------
Tree[1].cache.used:0
Tree[1].cache.line[1].addr:Undefined
Tree[1].cache.line[1].state:Undefined
Tree[1].cache.line[1].data:Undefined
Tree[1].cache.line[1].dirty:Undefined
Tree[1].cache.line[2].addr:Undefined
Tree[1].cache.line[2].state:Undefined
Tree[1].cache.line[2].data:Undefined
Tree[1].cache.line[2].dirty:Undefined
Tree[1].cache.valid[1]:0
Tree[1].cache.valid[2]:0
Tree[1].sons[1]:2
Tree[1].sons[2]:3
Tree[1].directory[1][1]:None
Tree[1].directory[1][2]:None
Tree[1].directory[2][1]:None
Tree[1].directory[2][2]:None
Tree[1].slave_pending[1][1]:Undefined
Tree[1].slave_pending[1][2]:Undefined
Tree[1].slave_pending[2][1]:Undefined
Tree[1].slave_pending[2][2]:Undefined
Tree[1].master_pending[1]:Undefined
Tree[1].master_pending[2]:Undefined
Tree[1].reqId:Undefined
Tree[1].chan1[1].buffer[1].opcode:Undefined
Tree[1].chan1[1].buffer[1].para:Undefined
Tree[1].chan1[1].buffer[1].addr:Undefined
Tree[1].chan1[1].buffer[1].data:Undefined
Tree[1].chan1[1].buffer[1].dirty:Undefined
Tree[1].chan1[1].buffer[2].opcode:Undefined
Tree[1].chan1[1].buffer[2].para:Undefined
Tree[1].chan1[1].buffer[2].addr:Undefined
Tree[1].chan1[1].buffer[2].data:Undefined
Tree[1].chan1[1].buffer[2].dirty:Undefined
Tree[1].chan1[1].used:0
Tree[1].chan1[2].buffer[1].opcode:Undefined
Tree[1].chan1[2].buffer[1].para:Undefined
Tree[1].chan1[2].buffer[1].addr:Undefined
Tree[1].chan1[2].buffer[1].data:Undefined
Tree[1].chan1[2].buffer[1].dirty:Undefined
Tree[1].chan1[2].buffer[2].opcode:Undefined
Tree[1].chan1[2].buffer[2].para:Undefined
Tree[1].chan1[2].buffer[2].addr:Undefined
Tree[1].chan1[2].buffer[2].data:Undefined
Tree[1].chan1[2].buffer[2].dirty:Undefined
Tree[1].chan1[2].used:0
Tree[1].chan2[1].buffer[1].opcode:Undefined
Tree[1].chan2[1].buffer[1].para:Undefined
Tree[1].chan2[1].buffer[1].addr:Undefined
Tree[1].chan2[1].buffer[1].data:Undefined
Tree[1].chan2[1].buffer[1].dirty:Undefined
Tree[1].chan2[1].buffer[2].opcode:Undefined
Tree[1].chan2[1].buffer[2].para:Undefined
Tree[1].chan2[1].buffer[2].addr:Undefined
Tree[1].chan2[1].buffer[2].data:Undefined
Tree[1].chan2[1].buffer[2].dirty:Undefined
Tree[1].chan2[1].used:0
Tree[1].chan2[2].buffer[1].opcode:Undefined
Tree[1].chan2[2].buffer[1].para:Undefined
Tree[1].chan2[2].buffer[1].addr:Undefined
Tree[1].chan2[2].buffer[1].data:Undefined
Tree[1].chan2[2].buffer[1].dirty:Undefined
Tree[1].chan2[2].buffer[2].opcode:Undefined
Tree[1].chan2[2].buffer[2].para:Undefined
Tree[1].chan2[2].buffer[2].addr:Undefined
Tree[1].chan2[2].buffer[2].data:Undefined
Tree[1].chan2[2].buffer[2].dirty:Undefined
Tree[1].chan2[2].used:0
Tree[1].chan3[1].buffer[1].opcode:Undefined
Tree[1].chan3[1].buffer[1].para:Undefined
Tree[1].chan3[1].buffer[1].addr:Undefined
Tree[1].chan3[1].buffer[1].data:Undefined
Tree[1].chan3[1].buffer[1].dirty:Undefined
Tree[1].chan3[1].buffer[2].opcode:Undefined
Tree[1].chan3[1].buffer[2].para:Undefined
Tree[1].chan3[1].buffer[2].addr:Undefined
Tree[1].chan3[1].buffer[2].data:Undefined
Tree[1].chan3[1].buffer[2].dirty:Undefined
Tree[1].chan3[1].used:0
Tree[1].chan3[2].buffer[1].opcode:Undefined
Tree[1].chan3[2].buffer[1].para:Undefined
Tree[1].chan3[2].buffer[1].addr:Undefined
Tree[1].chan3[2].buffer[1].data:Undefined
Tree[1].chan3[2].buffer[1].dirty:Undefined
Tree[1].chan3[2].buffer[2].opcode:Undefined
Tree[1].chan3[2].buffer[2].para:Undefined
Tree[1].chan3[2].buffer[2].addr:Undefined
Tree[1].chan3[2].buffer[2].data:Undefined
Tree[1].chan3[2].buffer[2].dirty:Undefined
Tree[1].chan3[2].used:0
Tree[1].chan4[1].buffer[1].opcode:Undefined
Tree[1].chan4[1].buffer[1].para:Undefined
Tree[1].chan4[1].buffer[1].addr:Undefined
Tree[1].chan4[1].buffer[1].data:Undefined
Tree[1].chan4[1].buffer[1].dirty:Undefined
Tree[1].chan4[1].buffer[2].opcode:Undefined
Tree[1].chan4[1].buffer[2].para:Undefined
Tree[1].chan4[1].buffer[2].addr:Undefined
Tree[1].chan4[1].buffer[2].data:Undefined
Tree[1].chan4[1].buffer[2].dirty:Undefined
Tree[1].chan4[1].used:0
Tree[1].chan4[2].buffer[1].opcode:Undefined
Tree[1].chan4[2].buffer[1].para:Undefined
Tree[1].chan4[2].buffer[1].addr:Undefined
Tree[1].chan4[2].buffer[1].data:Undefined
Tree[1].chan4[2].buffer[1].dirty:Undefined
Tree[1].chan4[2].buffer[2].opcode:Undefined
Tree[1].chan4[2].buffer[2].para:Undefined
Tree[1].chan4[2].buffer[2].addr:Undefined
Tree[1].chan4[2].buffer[2].data:Undefined
Tree[1].chan4[2].buffer[2].dirty:Undefined
Tree[1].chan4[2].used:0
Tree[1].chan5[1].buffer[1].opcode:Undefined
Tree[1].chan5[1].buffer[1].addr:Undefined
Tree[1].chan5[1].buffer[1].data:Undefined
Tree[1].chan5[1].buffer[1].dirty:Undefined
Tree[1].chan5[1].buffer[2].opcode:Undefined
Tree[1].chan5[1].buffer[2].addr:Undefined
Tree[1].chan5[1].buffer[2].data:Undefined
Tree[1].chan5[1].buffer[2].dirty:Undefined
Tree[1].chan5[1].used:0
Tree[1].chan5[2].buffer[1].opcode:Undefined
Tree[1].chan5[2].buffer[1].addr:Undefined
Tree[1].chan5[2].buffer[1].data:Undefined
Tree[1].chan5[2].buffer[1].dirty:Undefined
Tree[1].chan5[2].buffer[2].opcode:Undefined
Tree[1].chan5[2].buffer[2].addr:Undefined
Tree[1].chan5[2].buffer[2].data:Undefined
Tree[1].chan5[2].buffer[2].dirty:Undefined
Tree[1].chan5[2].used:0
Tree[2].cache.used:0
Tree[2].cache.line[1].addr:Undefined
Tree[2].cache.line[1].state:Undefined
Tree[2].cache.line[1].data:Undefined
Tree[2].cache.line[1].dirty:Undefined
Tree[2].cache.line[2].addr:Undefined
Tree[2].cache.line[2].state:Undefined
Tree[2].cache.line[2].data:Undefined
Tree[2].cache.line[2].dirty:Undefined
Tree[2].cache.valid[1]:0
Tree[2].cache.valid[2]:0
Tree[2].sons[1]:4
Tree[2].sons[2]:5
Tree[2].directory[1][1]:None
Tree[2].directory[1][2]:None
Tree[2].directory[2][1]:None
Tree[2].directory[2][2]:None
Tree[2].slave_pending[1][1]:Undefined
Tree[2].slave_pending[1][2]:Undefined
Tree[2].slave_pending[2][1]:Undefined
Tree[2].slave_pending[2][2]:Undefined
Tree[2].master_pending[1]:Undefined
Tree[2].master_pending[2]:Undefined
Tree[2].reqId:Undefined
Tree[2].chan1[1].buffer[1].opcode:Undefined
Tree[2].chan1[1].buffer[1].para:Undefined
Tree[2].chan1[1].buffer[1].addr:Undefined
Tree[2].chan1[1].buffer[1].data:Undefined
Tree[2].chan1[1].buffer[1].dirty:Undefined
Tree[2].chan1[1].buffer[2].opcode:Undefined
Tree[2].chan1[1].buffer[2].para:Undefined
Tree[2].chan1[1].buffer[2].addr:Undefined
Tree[2].chan1[1].buffer[2].data:Undefined
Tree[2].chan1[1].buffer[2].dirty:Undefined
Tree[2].chan1[1].used:0
Tree[2].chan1[2].buffer[1].opcode:Undefined
Tree[2].chan1[2].buffer[1].para:Undefined
Tree[2].chan1[2].buffer[1].addr:Undefined
Tree[2].chan1[2].buffer[1].data:Undefined
Tree[2].chan1[2].buffer[1].dirty:Undefined
Tree[2].chan1[2].buffer[2].opcode:Undefined
Tree[2].chan1[2].buffer[2].para:Undefined
Tree[2].chan1[2].buffer[2].addr:Undefined
Tree[2].chan1[2].buffer[2].data:Undefined
Tree[2].chan1[2].buffer[2].dirty:Undefined
Tree[2].chan1[2].used:0
Tree[2].chan2[1].buffer[1].opcode:Undefined
Tree[2].chan2[1].buffer[1].para:Undefined
Tree[2].chan2[1].buffer[1].addr:Undefined
Tree[2].chan2[1].buffer[1].data:Undefined
Tree[2].chan2[1].buffer[1].dirty:Undefined
Tree[2].chan2[1].buffer[2].opcode:Undefined
Tree[2].chan2[1].buffer[2].para:Undefined
Tree[2].chan2[1].buffer[2].addr:Undefined
Tree[2].chan2[1].buffer[2].data:Undefined
Tree[2].chan2[1].buffer[2].dirty:Undefined
Tree[2].chan2[1].used:0
Tree[2].chan2[2].buffer[1].opcode:Undefined
Tree[2].chan2[2].buffer[1].para:Undefined
Tree[2].chan2[2].buffer[1].addr:Undefined
Tree[2].chan2[2].buffer[1].data:Undefined
Tree[2].chan2[2].buffer[1].dirty:Undefined
Tree[2].chan2[2].buffer[2].opcode:Undefined
Tree[2].chan2[2].buffer[2].para:Undefined
Tree[2].chan2[2].buffer[2].addr:Undefined
Tree[2].chan2[2].buffer[2].data:Undefined
Tree[2].chan2[2].buffer[2].dirty:Undefined
Tree[2].chan2[2].used:0
Tree[2].chan3[1].buffer[1].opcode:Undefined
Tree[2].chan3[1].buffer[1].para:Undefined
Tree[2].chan3[1].buffer[1].addr:Undefined
Tree[2].chan3[1].buffer[1].data:Undefined
Tree[2].chan3[1].buffer[1].dirty:Undefined
Tree[2].chan3[1].buffer[2].opcode:Undefined
Tree[2].chan3[1].buffer[2].para:Undefined
Tree[2].chan3[1].buffer[2].addr:Undefined
Tree[2].chan3[1].buffer[2].data:Undefined
Tree[2].chan3[1].buffer[2].dirty:Undefined
Tree[2].chan3[1].used:0
Tree[2].chan3[2].buffer[1].opcode:Undefined
Tree[2].chan3[2].buffer[1].para:Undefined
Tree[2].chan3[2].buffer[1].addr:Undefined
Tree[2].chan3[2].buffer[1].data:Undefined
Tree[2].chan3[2].buffer[1].dirty:Undefined
Tree[2].chan3[2].buffer[2].opcode:Undefined
Tree[2].chan3[2].buffer[2].para:Undefined
Tree[2].chan3[2].buffer[2].addr:Undefined
Tree[2].chan3[2].buffer[2].data:Undefined
Tree[2].chan3[2].buffer[2].dirty:Undefined
Tree[2].chan3[2].used:0
Tree[2].chan4[1].buffer[1].opcode:Undefined
Tree[2].chan4[1].buffer[1].para:Undefined
Tree[2].chan4[1].buffer[1].addr:Undefined
Tree[2].chan4[1].buffer[1].data:Undefined
Tree[2].chan4[1].buffer[1].dirty:Undefined
Tree[2].chan4[1].buffer[2].opcode:Undefined
Tree[2].chan4[1].buffer[2].para:Undefined
Tree[2].chan4[1].buffer[2].addr:Undefined
Tree[2].chan4[1].buffer[2].data:Undefined
Tree[2].chan4[1].buffer[2].dirty:Undefined
Tree[2].chan4[1].used:0
Tree[2].chan4[2].buffer[1].opcode:Undefined
Tree[2].chan4[2].buffer[1].para:Undefined
Tree[2].chan4[2].buffer[1].addr:Undefined
Tree[2].chan4[2].buffer[1].data:Undefined
Tree[2].chan4[2].buffer[1].dirty:Undefined
Tree[2].chan4[2].buffer[2].opcode:Undefined
Tree[2].chan4[2].buffer[2].para:Undefined
Tree[2].chan4[2].buffer[2].addr:Undefined
Tree[2].chan4[2].buffer[2].data:Undefined
Tree[2].chan4[2].buffer[2].dirty:Undefined
Tree[2].chan4[2].used:0
Tree[2].chan5[1].buffer[1].opcode:Undefined
Tree[2].chan5[1].buffer[1].addr:Undefined
Tree[2].chan5[1].buffer[1].data:Undefined
Tree[2].chan5[1].buffer[1].dirty:Undefined
Tree[2].chan5[1].buffer[2].opcode:Undefined
Tree[2].chan5[1].buffer[2].addr:Undefined
Tree[2].chan5[1].buffer[2].data:Undefined
Tree[2].chan5[1].buffer[2].dirty:Undefined
Tree[2].chan5[1].used:0
Tree[2].chan5[2].buffer[1].opcode:Undefined
Tree[2].chan5[2].buffer[1].addr:Undefined
Tree[2].chan5[2].buffer[1].data:Undefined
Tree[2].chan5[2].buffer[1].dirty:Undefined
Tree[2].chan5[2].buffer[2].opcode:Undefined
Tree[2].chan5[2].buffer[2].addr:Undefined
Tree[2].chan5[2].buffer[2].data:Undefined
Tree[2].chan5[2].buffer[2].dirty:Undefined
Tree[2].chan5[2].used:0
Tree[3].cache.used:0
Tree[3].cache.line[1].addr:Undefined
Tree[3].cache.line[1].state:Undefined
Tree[3].cache.line[1].data:Undefined
Tree[3].cache.line[1].dirty:Undefined
Tree[3].cache.line[2].addr:Undefined
Tree[3].cache.line[2].state:Undefined
Tree[3].cache.line[2].data:Undefined
Tree[3].cache.line[2].dirty:Undefined
Tree[3].cache.valid[1]:0
Tree[3].cache.valid[2]:0
Tree[3].sons[1]:6
Tree[3].sons[2]:7
Tree[3].directory[1][1]:None
Tree[3].directory[1][2]:None
Tree[3].directory[2][1]:None
Tree[3].directory[2][2]:None
Tree[3].slave_pending[1][1]:Undefined
Tree[3].slave_pending[1][2]:Undefined
Tree[3].slave_pending[2][1]:Undefined
Tree[3].slave_pending[2][2]:Undefined
Tree[3].master_pending[1]:Undefined
Tree[3].master_pending[2]:Undefined
Tree[3].reqId:Undefined
Tree[3].chan1[1].buffer[1].opcode:Undefined
Tree[3].chan1[1].buffer[1].para:Undefined
Tree[3].chan1[1].buffer[1].addr:Undefined
Tree[3].chan1[1].buffer[1].data:Undefined
Tree[3].chan1[1].buffer[1].dirty:Undefined
Tree[3].chan1[1].buffer[2].opcode:Undefined
Tree[3].chan1[1].buffer[2].para:Undefined
Tree[3].chan1[1].buffer[2].addr:Undefined
Tree[3].chan1[1].buffer[2].data:Undefined
Tree[3].chan1[1].buffer[2].dirty:Undefined
Tree[3].chan1[1].used:0
Tree[3].chan1[2].buffer[1].opcode:Undefined
Tree[3].chan1[2].buffer[1].para:Undefined
Tree[3].chan1[2].buffer[1].addr:Undefined
Tree[3].chan1[2].buffer[1].data:Undefined
Tree[3].chan1[2].buffer[1].dirty:Undefined
Tree[3].chan1[2].buffer[2].opcode:Undefined
Tree[3].chan1[2].buffer[2].para:Undefined
Tree[3].chan1[2].buffer[2].addr:Undefined
Tree[3].chan1[2].buffer[2].data:Undefined
Tree[3].chan1[2].buffer[2].dirty:Undefined
Tree[3].chan1[2].used:0
Tree[3].chan2[1].buffer[1].opcode:Undefined
Tree[3].chan2[1].buffer[1].para:Undefined
Tree[3].chan2[1].buffer[1].addr:Undefined
Tree[3].chan2[1].buffer[1].data:Undefined
Tree[3].chan2[1].buffer[1].dirty:Undefined
Tree[3].chan2[1].buffer[2].opcode:Undefined
Tree[3].chan2[1].buffer[2].para:Undefined
Tree[3].chan2[1].buffer[2].addr:Undefined
Tree[3].chan2[1].buffer[2].data:Undefined
Tree[3].chan2[1].buffer[2].dirty:Undefined
Tree[3].chan2[1].used:0
Tree[3].chan2[2].buffer[1].opcode:Undefined
Tree[3].chan2[2].buffer[1].para:Undefined
Tree[3].chan2[2].buffer[1].addr:Undefined
Tree[3].chan2[2].buffer[1].data:Undefined
Tree[3].chan2[2].buffer[1].dirty:Undefined
Tree[3].chan2[2].buffer[2].opcode:Undefined
Tree[3].chan2[2].buffer[2].para:Undefined
Tree[3].chan2[2].buffer[2].addr:Undefined
Tree[3].chan2[2].buffer[2].data:Undefined
Tree[3].chan2[2].buffer[2].dirty:Undefined
Tree[3].chan2[2].used:0
Tree[3].chan3[1].buffer[1].opcode:Undefined
Tree[3].chan3[1].buffer[1].para:Undefined
Tree[3].chan3[1].buffer[1].addr:Undefined
Tree[3].chan3[1].buffer[1].data:Undefined
Tree[3].chan3[1].buffer[1].dirty:Undefined
Tree[3].chan3[1].buffer[2].opcode:Undefined
Tree[3].chan3[1].buffer[2].para:Undefined
Tree[3].chan3[1].buffer[2].addr:Undefined
Tree[3].chan3[1].buffer[2].data:Undefined
Tree[3].chan3[1].buffer[2].dirty:Undefined
Tree[3].chan3[1].used:0
Tree[3].chan3[2].buffer[1].opcode:Undefined
Tree[3].chan3[2].buffer[1].para:Undefined
Tree[3].chan3[2].buffer[1].addr:Undefined
Tree[3].chan3[2].buffer[1].data:Undefined
Tree[3].chan3[2].buffer[1].dirty:Undefined
Tree[3].chan3[2].buffer[2].opcode:Undefined
Tree[3].chan3[2].buffer[2].para:Undefined
Tree[3].chan3[2].buffer[2].addr:Undefined
Tree[3].chan3[2].buffer[2].data:Undefined
Tree[3].chan3[2].buffer[2].dirty:Undefined
Tree[3].chan3[2].used:0
Tree[3].chan4[1].buffer[1].opcode:Undefined
Tree[3].chan4[1].buffer[1].para:Undefined
Tree[3].chan4[1].buffer[1].addr:Undefined
Tree[3].chan4[1].buffer[1].data:Undefined
Tree[3].chan4[1].buffer[1].dirty:Undefined
Tree[3].chan4[1].buffer[2].opcode:Undefined
Tree[3].chan4[1].buffer[2].para:Undefined
Tree[3].chan4[1].buffer[2].addr:Undefined
Tree[3].chan4[1].buffer[2].data:Undefined
Tree[3].chan4[1].buffer[2].dirty:Undefined
Tree[3].chan4[1].used:0
Tree[3].chan4[2].buffer[1].opcode:Undefined
Tree[3].chan4[2].buffer[1].para:Undefined
Tree[3].chan4[2].buffer[1].addr:Undefined
Tree[3].chan4[2].buffer[1].data:Undefined
Tree[3].chan4[2].buffer[1].dirty:Undefined
Tree[3].chan4[2].buffer[2].opcode:Undefined
Tree[3].chan4[2].buffer[2].para:Undefined
Tree[3].chan4[2].buffer[2].addr:Undefined
Tree[3].chan4[2].buffer[2].data:Undefined
Tree[3].chan4[2].buffer[2].dirty:Undefined
Tree[3].chan4[2].used:0
Tree[3].chan5[1].buffer[1].opcode:Undefined
Tree[3].chan5[1].buffer[1].addr:Undefined
Tree[3].chan5[1].buffer[1].data:Undefined
Tree[3].chan5[1].buffer[1].dirty:Undefined
Tree[3].chan5[1].buffer[2].opcode:Undefined
Tree[3].chan5[1].buffer[2].addr:Undefined
Tree[3].chan5[1].buffer[2].data:Undefined
Tree[3].chan5[1].buffer[2].dirty:Undefined
Tree[3].chan5[1].used:0
Tree[3].chan5[2].buffer[1].opcode:Undefined
Tree[3].chan5[2].buffer[1].addr:Undefined
Tree[3].chan5[2].buffer[1].data:Undefined
Tree[3].chan5[2].buffer[1].dirty:Undefined
Tree[3].chan5[2].buffer[2].opcode:Undefined
Tree[3].chan5[2].buffer[2].addr:Undefined
Tree[3].chan5[2].buffer[2].data:Undefined
Tree[3].chan5[2].buffer[2].dirty:Undefined
Tree[3].chan5[2].used:0
Tree[4].cache.used:0
Tree[4].cache.line[1].addr:Undefined
Tree[4].cache.line[1].state:Undefined
Tree[4].cache.line[1].data:Undefined
Tree[4].cache.line[1].dirty:Undefined
Tree[4].cache.line[2].addr:Undefined
Tree[4].cache.line[2].state:Undefined
Tree[4].cache.line[2].data:Undefined
Tree[4].cache.line[2].dirty:Undefined
Tree[4].cache.valid[1]:0
Tree[4].cache.valid[2]:0
Tree[4].sons[1]:Undefined
Tree[4].sons[2]:Undefined
Tree[4].directory[1][1]:Undefined
Tree[4].directory[1][2]:Undefined
Tree[4].directory[2][1]:Undefined
Tree[4].directory[2][2]:Undefined
Tree[4].slave_pending[1][1]:Undefined
Tree[4].slave_pending[1][2]:Undefined
Tree[4].slave_pending[2][1]:Undefined
Tree[4].slave_pending[2][2]:Undefined
Tree[4].master_pending[1]:Undefined
Tree[4].master_pending[2]:Undefined
Tree[4].reqId:Undefined
Tree[4].chan1[1].buffer[1].opcode:Undefined
Tree[4].chan1[1].buffer[1].para:Undefined
Tree[4].chan1[1].buffer[1].addr:Undefined
Tree[4].chan1[1].buffer[1].data:Undefined
Tree[4].chan1[1].buffer[1].dirty:Undefined
Tree[4].chan1[1].buffer[2].opcode:Undefined
Tree[4].chan1[1].buffer[2].para:Undefined
Tree[4].chan1[1].buffer[2].addr:Undefined
Tree[4].chan1[1].buffer[2].data:Undefined
Tree[4].chan1[1].buffer[2].dirty:Undefined
Tree[4].chan1[1].used:Undefined
Tree[4].chan1[2].buffer[1].opcode:Undefined
Tree[4].chan1[2].buffer[1].para:Undefined
Tree[4].chan1[2].buffer[1].addr:Undefined
Tree[4].chan1[2].buffer[1].data:Undefined
Tree[4].chan1[2].buffer[1].dirty:Undefined
Tree[4].chan1[2].buffer[2].opcode:Undefined
Tree[4].chan1[2].buffer[2].para:Undefined
Tree[4].chan1[2].buffer[2].addr:Undefined
Tree[4].chan1[2].buffer[2].data:Undefined
Tree[4].chan1[2].buffer[2].dirty:Undefined
Tree[4].chan1[2].used:Undefined
Tree[4].chan2[1].buffer[1].opcode:Undefined
Tree[4].chan2[1].buffer[1].para:Undefined
Tree[4].chan2[1].buffer[1].addr:Undefined
Tree[4].chan2[1].buffer[1].data:Undefined
Tree[4].chan2[1].buffer[1].dirty:Undefined
Tree[4].chan2[1].buffer[2].opcode:Undefined
Tree[4].chan2[1].buffer[2].para:Undefined
Tree[4].chan2[1].buffer[2].addr:Undefined
Tree[4].chan2[1].buffer[2].data:Undefined
Tree[4].chan2[1].buffer[2].dirty:Undefined
Tree[4].chan2[1].used:Undefined
Tree[4].chan2[2].buffer[1].opcode:Undefined
Tree[4].chan2[2].buffer[1].para:Undefined
Tree[4].chan2[2].buffer[1].addr:Undefined
Tree[4].chan2[2].buffer[1].data:Undefined
Tree[4].chan2[2].buffer[1].dirty:Undefined
Tree[4].chan2[2].buffer[2].opcode:Undefined
Tree[4].chan2[2].buffer[2].para:Undefined
Tree[4].chan2[2].buffer[2].addr:Undefined
Tree[4].chan2[2].buffer[2].data:Undefined
Tree[4].chan2[2].buffer[2].dirty:Undefined
Tree[4].chan2[2].used:Undefined
Tree[4].chan3[1].buffer[1].opcode:Undefined
Tree[4].chan3[1].buffer[1].para:Undefined
Tree[4].chan3[1].buffer[1].addr:Undefined
Tree[4].chan3[1].buffer[1].data:Undefined
Tree[4].chan3[1].buffer[1].dirty:Undefined
Tree[4].chan3[1].buffer[2].opcode:Undefined
Tree[4].chan3[1].buffer[2].para:Undefined
Tree[4].chan3[1].buffer[2].addr:Undefined
Tree[4].chan3[1].buffer[2].data:Undefined
Tree[4].chan3[1].buffer[2].dirty:Undefined
Tree[4].chan3[1].used:Undefined
Tree[4].chan3[2].buffer[1].opcode:Undefined
Tree[4].chan3[2].buffer[1].para:Undefined
Tree[4].chan3[2].buffer[1].addr:Undefined
Tree[4].chan3[2].buffer[1].data:Undefined
Tree[4].chan3[2].buffer[1].dirty:Undefined
Tree[4].chan3[2].buffer[2].opcode:Undefined
Tree[4].chan3[2].buffer[2].para:Undefined
Tree[4].chan3[2].buffer[2].addr:Undefined
Tree[4].chan3[2].buffer[2].data:Undefined
Tree[4].chan3[2].buffer[2].dirty:Undefined
Tree[4].chan3[2].used:Undefined
Tree[4].chan4[1].buffer[1].opcode:Undefined
Tree[4].chan4[1].buffer[1].para:Undefined
Tree[4].chan4[1].buffer[1].addr:Undefined
Tree[4].chan4[1].buffer[1].data:Undefined
Tree[4].chan4[1].buffer[1].dirty:Undefined
Tree[4].chan4[1].buffer[2].opcode:Undefined
Tree[4].chan4[1].buffer[2].para:Undefined
Tree[4].chan4[1].buffer[2].addr:Undefined
Tree[4].chan4[1].buffer[2].data:Undefined
Tree[4].chan4[1].buffer[2].dirty:Undefined
Tree[4].chan4[1].used:Undefined
Tree[4].chan4[2].buffer[1].opcode:Undefined
Tree[4].chan4[2].buffer[1].para:Undefined
Tree[4].chan4[2].buffer[1].addr:Undefined
Tree[4].chan4[2].buffer[1].data:Undefined
Tree[4].chan4[2].buffer[1].dirty:Undefined
Tree[4].chan4[2].buffer[2].opcode:Undefined
Tree[4].chan4[2].buffer[2].para:Undefined
Tree[4].chan4[2].buffer[2].addr:Undefined
Tree[4].chan4[2].buffer[2].data:Undefined
Tree[4].chan4[2].buffer[2].dirty:Undefined
Tree[4].chan4[2].used:Undefined
Tree[4].chan5[1].buffer[1].opcode:Undefined
Tree[4].chan5[1].buffer[1].addr:Undefined
Tree[4].chan5[1].buffer[1].data:Undefined
Tree[4].chan5[1].buffer[1].dirty:Undefined
Tree[4].chan5[1].buffer[2].opcode:Undefined
Tree[4].chan5[1].buffer[2].addr:Undefined
Tree[4].chan5[1].buffer[2].data:Undefined
Tree[4].chan5[1].buffer[2].dirty:Undefined
Tree[4].chan5[1].used:Undefined
Tree[4].chan5[2].buffer[1].opcode:Undefined
Tree[4].chan5[2].buffer[1].addr:Undefined
Tree[4].chan5[2].buffer[1].data:Undefined
Tree[4].chan5[2].buffer[1].dirty:Undefined
Tree[4].chan5[2].buffer[2].opcode:Undefined
Tree[4].chan5[2].buffer[2].addr:Undefined
Tree[4].chan5[2].buffer[2].data:Undefined
Tree[4].chan5[2].buffer[2].dirty:Undefined
Tree[4].chan5[2].used:Undefined
Tree[5].cache.used:0
Tree[5].cache.line[1].addr:Undefined
Tree[5].cache.line[1].state:Undefined
Tree[5].cache.line[1].data:Undefined
Tree[5].cache.line[1].dirty:Undefined
Tree[5].cache.line[2].addr:Undefined
Tree[5].cache.line[2].state:Undefined
Tree[5].cache.line[2].data:Undefined
Tree[5].cache.line[2].dirty:Undefined
Tree[5].cache.valid[1]:0
Tree[5].cache.valid[2]:0
Tree[5].sons[1]:Undefined
Tree[5].sons[2]:Undefined
Tree[5].directory[1][1]:Undefined
Tree[5].directory[1][2]:Undefined
Tree[5].directory[2][1]:Undefined
Tree[5].directory[2][2]:Undefined
Tree[5].slave_pending[1][1]:Undefined
Tree[5].slave_pending[1][2]:Undefined
Tree[5].slave_pending[2][1]:Undefined
Tree[5].slave_pending[2][2]:Undefined
Tree[5].master_pending[1]:Undefined
Tree[5].master_pending[2]:Undefined
Tree[5].reqId:Undefined
Tree[5].chan1[1].buffer[1].opcode:Undefined
Tree[5].chan1[1].buffer[1].para:Undefined
Tree[5].chan1[1].buffer[1].addr:Undefined
Tree[5].chan1[1].buffer[1].data:Undefined
Tree[5].chan1[1].buffer[1].dirty:Undefined
Tree[5].chan1[1].buffer[2].opcode:Undefined
Tree[5].chan1[1].buffer[2].para:Undefined
Tree[5].chan1[1].buffer[2].addr:Undefined
Tree[5].chan1[1].buffer[2].data:Undefined
Tree[5].chan1[1].buffer[2].dirty:Undefined
Tree[5].chan1[1].used:Undefined
Tree[5].chan1[2].buffer[1].opcode:Undefined
Tree[5].chan1[2].buffer[1].para:Undefined
Tree[5].chan1[2].buffer[1].addr:Undefined
Tree[5].chan1[2].buffer[1].data:Undefined
Tree[5].chan1[2].buffer[1].dirty:Undefined
Tree[5].chan1[2].buffer[2].opcode:Undefined
Tree[5].chan1[2].buffer[2].para:Undefined
Tree[5].chan1[2].buffer[2].addr:Undefined
Tree[5].chan1[2].buffer[2].data:Undefined
Tree[5].chan1[2].buffer[2].dirty:Undefined
Tree[5].chan1[2].used:Undefined
Tree[5].chan2[1].buffer[1].opcode:Undefined
Tree[5].chan2[1].buffer[1].para:Undefined
Tree[5].chan2[1].buffer[1].addr:Undefined
Tree[5].chan2[1].buffer[1].data:Undefined
Tree[5].chan2[1].buffer[1].dirty:Undefined
Tree[5].chan2[1].buffer[2].opcode:Undefined
Tree[5].chan2[1].buffer[2].para:Undefined
Tree[5].chan2[1].buffer[2].addr:Undefined
Tree[5].chan2[1].buffer[2].data:Undefined
Tree[5].chan2[1].buffer[2].dirty:Undefined
Tree[5].chan2[1].used:Undefined
Tree[5].chan2[2].buffer[1].opcode:Undefined
Tree[5].chan2[2].buffer[1].para:Undefined
Tree[5].chan2[2].buffer[1].addr:Undefined
Tree[5].chan2[2].buffer[1].data:Undefined
Tree[5].chan2[2].buffer[1].dirty:Undefined
Tree[5].chan2[2].buffer[2].opcode:Undefined
Tree[5].chan2[2].buffer[2].para:Undefined
Tree[5].chan2[2].buffer[2].addr:Undefined
Tree[5].chan2[2].buffer[2].data:Undefined
Tree[5].chan2[2].buffer[2].dirty:Undefined
Tree[5].chan2[2].used:Undefined
Tree[5].chan3[1].buffer[1].opcode:Undefined
Tree[5].chan3[1].buffer[1].para:Undefined
Tree[5].chan3[1].buffer[1].addr:Undefined
Tree[5].chan3[1].buffer[1].data:Undefined
Tree[5].chan3[1].buffer[1].dirty:Undefined
Tree[5].chan3[1].buffer[2].opcode:Undefined
Tree[5].chan3[1].buffer[2].para:Undefined
Tree[5].chan3[1].buffer[2].addr:Undefined
Tree[5].chan3[1].buffer[2].data:Undefined
Tree[5].chan3[1].buffer[2].dirty:Undefined
Tree[5].chan3[1].used:Undefined
Tree[5].chan3[2].buffer[1].opcode:Undefined
Tree[5].chan3[2].buffer[1].para:Undefined
Tree[5].chan3[2].buffer[1].addr:Undefined
Tree[5].chan3[2].buffer[1].data:Undefined
Tree[5].chan3[2].buffer[1].dirty:Undefined
Tree[5].chan3[2].buffer[2].opcode:Undefined
Tree[5].chan3[2].buffer[2].para:Undefined
Tree[5].chan3[2].buffer[2].addr:Undefined
Tree[5].chan3[2].buffer[2].data:Undefined
Tree[5].chan3[2].buffer[2].dirty:Undefined
Tree[5].chan3[2].used:Undefined
Tree[5].chan4[1].buffer[1].opcode:Undefined
Tree[5].chan4[1].buffer[1].para:Undefined
Tree[5].chan4[1].buffer[1].addr:Undefined
Tree[5].chan4[1].buffer[1].data:Undefined
Tree[5].chan4[1].buffer[1].dirty:Undefined
Tree[5].chan4[1].buffer[2].opcode:Undefined
Tree[5].chan4[1].buffer[2].para:Undefined
Tree[5].chan4[1].buffer[2].addr:Undefined
Tree[5].chan4[1].buffer[2].data:Undefined
Tree[5].chan4[1].buffer[2].dirty:Undefined
Tree[5].chan4[1].used:Undefined
Tree[5].chan4[2].buffer[1].opcode:Undefined
Tree[5].chan4[2].buffer[1].para:Undefined
Tree[5].chan4[2].buffer[1].addr:Undefined
Tree[5].chan4[2].buffer[1].data:Undefined
Tree[5].chan4[2].buffer[1].dirty:Undefined
Tree[5].chan4[2].buffer[2].opcode:Undefined
Tree[5].chan4[2].buffer[2].para:Undefined
Tree[5].chan4[2].buffer[2].addr:Undefined
Tree[5].chan4[2].buffer[2].data:Undefined
Tree[5].chan4[2].buffer[2].dirty:Undefined
Tree[5].chan4[2].used:Undefined
Tree[5].chan5[1].buffer[1].opcode:Undefined
Tree[5].chan5[1].buffer[1].addr:Undefined
Tree[5].chan5[1].buffer[1].data:Undefined
Tree[5].chan5[1].buffer[1].dirty:Undefined
Tree[5].chan5[1].buffer[2].opcode:Undefined
Tree[5].chan5[1].buffer[2].addr:Undefined
Tree[5].chan5[1].buffer[2].data:Undefined
Tree[5].chan5[1].buffer[2].dirty:Undefined
Tree[5].chan5[1].used:Undefined
Tree[5].chan5[2].buffer[1].opcode:Undefined
Tree[5].chan5[2].buffer[1].addr:Undefined
Tree[5].chan5[2].buffer[1].data:Undefined
Tree[5].chan5[2].buffer[1].dirty:Undefined
Tree[5].chan5[2].buffer[2].opcode:Undefined
Tree[5].chan5[2].buffer[2].addr:Undefined
Tree[5].chan5[2].buffer[2].data:Undefined
Tree[5].chan5[2].buffer[2].dirty:Undefined
Tree[5].chan5[2].used:Undefined
Tree[6].cache.used:0
Tree[6].cache.line[1].addr:Undefined
Tree[6].cache.line[1].state:Undefined
Tree[6].cache.line[1].data:Undefined
Tree[6].cache.line[1].dirty:Undefined
Tree[6].cache.line[2].addr:Undefined
Tree[6].cache.line[2].state:Undefined
Tree[6].cache.line[2].data:Undefined
Tree[6].cache.line[2].dirty:Undefined
Tree[6].cache.valid[1]:0
Tree[6].cache.valid[2]:0
Tree[6].sons[1]:Undefined
Tree[6].sons[2]:Undefined
Tree[6].directory[1][1]:Undefined
Tree[6].directory[1][2]:Undefined
Tree[6].directory[2][1]:Undefined
Tree[6].directory[2][2]:Undefined
Tree[6].slave_pending[1][1]:Undefined
Tree[6].slave_pending[1][2]:Undefined
Tree[6].slave_pending[2][1]:Undefined
Tree[6].slave_pending[2][2]:Undefined
Tree[6].master_pending[1]:Undefined
Tree[6].master_pending[2]:Undefined
Tree[6].reqId:Undefined
Tree[6].chan1[1].buffer[1].opcode:Undefined
Tree[6].chan1[1].buffer[1].para:Undefined
Tree[6].chan1[1].buffer[1].addr:Undefined
Tree[6].chan1[1].buffer[1].data:Undefined
Tree[6].chan1[1].buffer[1].dirty:Undefined
Tree[6].chan1[1].buffer[2].opcode:Undefined
Tree[6].chan1[1].buffer[2].para:Undefined
Tree[6].chan1[1].buffer[2].addr:Undefined
Tree[6].chan1[1].buffer[2].data:Undefined
Tree[6].chan1[1].buffer[2].dirty:Undefined
Tree[6].chan1[1].used:Undefined
Tree[6].chan1[2].buffer[1].opcode:Undefined
Tree[6].chan1[2].buffer[1].para:Undefined
Tree[6].chan1[2].buffer[1].addr:Undefined
Tree[6].chan1[2].buffer[1].data:Undefined
Tree[6].chan1[2].buffer[1].dirty:Undefined
Tree[6].chan1[2].buffer[2].opcode:Undefined
Tree[6].chan1[2].buffer[2].para:Undefined
Tree[6].chan1[2].buffer[2].addr:Undefined
Tree[6].chan1[2].buffer[2].data:Undefined
Tree[6].chan1[2].buffer[2].dirty:Undefined
Tree[6].chan1[2].used:Undefined
Tree[6].chan2[1].buffer[1].opcode:Undefined
Tree[6].chan2[1].buffer[1].para:Undefined
Tree[6].chan2[1].buffer[1].addr:Undefined
Tree[6].chan2[1].buffer[1].data:Undefined
Tree[6].chan2[1].buffer[1].dirty:Undefined
Tree[6].chan2[1].buffer[2].opcode:Undefined
Tree[6].chan2[1].buffer[2].para:Undefined
Tree[6].chan2[1].buffer[2].addr:Undefined
Tree[6].chan2[1].buffer[2].data:Undefined
Tree[6].chan2[1].buffer[2].dirty:Undefined
Tree[6].chan2[1].used:Undefined
Tree[6].chan2[2].buffer[1].opcode:Undefined
Tree[6].chan2[2].buffer[1].para:Undefined
Tree[6].chan2[2].buffer[1].addr:Undefined
Tree[6].chan2[2].buffer[1].data:Undefined
Tree[6].chan2[2].buffer[1].dirty:Undefined
Tree[6].chan2[2].buffer[2].opcode:Undefined
Tree[6].chan2[2].buffer[2].para:Undefined
Tree[6].chan2[2].buffer[2].addr:Undefined
Tree[6].chan2[2].buffer[2].data:Undefined
Tree[6].chan2[2].buffer[2].dirty:Undefined
Tree[6].chan2[2].used:Undefined
Tree[6].chan3[1].buffer[1].opcode:Undefined
Tree[6].chan3[1].buffer[1].para:Undefined
Tree[6].chan3[1].buffer[1].addr:Undefined
Tree[6].chan3[1].buffer[1].data:Undefined
Tree[6].chan3[1].buffer[1].dirty:Undefined
Tree[6].chan3[1].buffer[2].opcode:Undefined
Tree[6].chan3[1].buffer[2].para:Undefined
Tree[6].chan3[1].buffer[2].addr:Undefined
Tree[6].chan3[1].buffer[2].data:Undefined
Tree[6].chan3[1].buffer[2].dirty:Undefined
Tree[6].chan3[1].used:Undefined
Tree[6].chan3[2].buffer[1].opcode:Undefined
Tree[6].chan3[2].buffer[1].para:Undefined
Tree[6].chan3[2].buffer[1].addr:Undefined
Tree[6].chan3[2].buffer[1].data:Undefined
Tree[6].chan3[2].buffer[1].dirty:Undefined
Tree[6].chan3[2].buffer[2].opcode:Undefined
Tree[6].chan3[2].buffer[2].para:Undefined
Tree[6].chan3[2].buffer[2].addr:Undefined
Tree[6].chan3[2].buffer[2].data:Undefined
Tree[6].chan3[2].buffer[2].dirty:Undefined
Tree[6].chan3[2].used:Undefined
Tree[6].chan4[1].buffer[1].opcode:Undefined
Tree[6].chan4[1].buffer[1].para:Undefined
Tree[6].chan4[1].buffer[1].addr:Undefined
Tree[6].chan4[1].buffer[1].data:Undefined
Tree[6].chan4[1].buffer[1].dirty:Undefined
Tree[6].chan4[1].buffer[2].opcode:Undefined
Tree[6].chan4[1].buffer[2].para:Undefined
Tree[6].chan4[1].buffer[2].addr:Undefined
Tree[6].chan4[1].buffer[2].data:Undefined
Tree[6].chan4[1].buffer[2].dirty:Undefined
Tree[6].chan4[1].used:Undefined
Tree[6].chan4[2].buffer[1].opcode:Undefined
Tree[6].chan4[2].buffer[1].para:Undefined
Tree[6].chan4[2].buffer[1].addr:Undefined
Tree[6].chan4[2].buffer[1].data:Undefined
Tree[6].chan4[2].buffer[1].dirty:Undefined
Tree[6].chan4[2].buffer[2].opcode:Undefined
Tree[6].chan4[2].buffer[2].para:Undefined
Tree[6].chan4[2].buffer[2].addr:Undefined
Tree[6].chan4[2].buffer[2].data:Undefined
Tree[6].chan4[2].buffer[2].dirty:Undefined
Tree[6].chan4[2].used:Undefined
Tree[6].chan5[1].buffer[1].opcode:Undefined
Tree[6].chan5[1].buffer[1].addr:Undefined
Tree[6].chan5[1].buffer[1].data:Undefined
Tree[6].chan5[1].buffer[1].dirty:Undefined
Tree[6].chan5[1].buffer[2].opcode:Undefined
Tree[6].chan5[1].buffer[2].addr:Undefined
Tree[6].chan5[1].buffer[2].data:Undefined
Tree[6].chan5[1].buffer[2].dirty:Undefined
Tree[6].chan5[1].used:Undefined
Tree[6].chan5[2].buffer[1].opcode:Undefined
Tree[6].chan5[2].buffer[1].addr:Undefined
Tree[6].chan5[2].buffer[1].data:Undefined
Tree[6].chan5[2].buffer[1].dirty:Undefined
Tree[6].chan5[2].buffer[2].opcode:Undefined
Tree[6].chan5[2].buffer[2].addr:Undefined
Tree[6].chan5[2].buffer[2].data:Undefined
Tree[6].chan5[2].buffer[2].dirty:Undefined
Tree[6].chan5[2].used:Undefined
Tree[7].cache.used:0
Tree[7].cache.line[1].addr:Undefined
Tree[7].cache.line[1].state:Undefined
Tree[7].cache.line[1].data:Undefined
Tree[7].cache.line[1].dirty:Undefined
Tree[7].cache.line[2].addr:Undefined
Tree[7].cache.line[2].state:Undefined
Tree[7].cache.line[2].data:Undefined
Tree[7].cache.line[2].dirty:Undefined
Tree[7].cache.valid[1]:0
Tree[7].cache.valid[2]:0
Tree[7].sons[1]:Undefined
Tree[7].sons[2]:Undefined
Tree[7].directory[1][1]:Undefined
Tree[7].directory[1][2]:Undefined
Tree[7].directory[2][1]:Undefined
Tree[7].directory[2][2]:Undefined
Tree[7].slave_pending[1][1]:Undefined
Tree[7].slave_pending[1][2]:Undefined
Tree[7].slave_pending[2][1]:Undefined
Tree[7].slave_pending[2][2]:Undefined
Tree[7].master_pending[1]:Undefined
Tree[7].master_pending[2]:Undefined
Tree[7].reqId:Undefined
Tree[7].chan1[1].buffer[1].opcode:Undefined
Tree[7].chan1[1].buffer[1].para:Undefined
Tree[7].chan1[1].buffer[1].addr:Undefined
Tree[7].chan1[1].buffer[1].data:Undefined
Tree[7].chan1[1].buffer[1].dirty:Undefined
Tree[7].chan1[1].buffer[2].opcode:Undefined
Tree[7].chan1[1].buffer[2].para:Undefined
Tree[7].chan1[1].buffer[2].addr:Undefined
Tree[7].chan1[1].buffer[2].data:Undefined
Tree[7].chan1[1].buffer[2].dirty:Undefined
Tree[7].chan1[1].used:Undefined
Tree[7].chan1[2].buffer[1].opcode:Undefined
Tree[7].chan1[2].buffer[1].para:Undefined
Tree[7].chan1[2].buffer[1].addr:Undefined
Tree[7].chan1[2].buffer[1].data:Undefined
Tree[7].chan1[2].buffer[1].dirty:Undefined
Tree[7].chan1[2].buffer[2].opcode:Undefined
Tree[7].chan1[2].buffer[2].para:Undefined
Tree[7].chan1[2].buffer[2].addr:Undefined
Tree[7].chan1[2].buffer[2].data:Undefined
Tree[7].chan1[2].buffer[2].dirty:Undefined
Tree[7].chan1[2].used:Undefined
Tree[7].chan2[1].buffer[1].opcode:Undefined
Tree[7].chan2[1].buffer[1].para:Undefined
Tree[7].chan2[1].buffer[1].addr:Undefined
Tree[7].chan2[1].buffer[1].data:Undefined
Tree[7].chan2[1].buffer[1].dirty:Undefined
Tree[7].chan2[1].buffer[2].opcode:Undefined
Tree[7].chan2[1].buffer[2].para:Undefined
Tree[7].chan2[1].buffer[2].addr:Undefined
Tree[7].chan2[1].buffer[2].data:Undefined
Tree[7].chan2[1].buffer[2].dirty:Undefined
Tree[7].chan2[1].used:Undefined
Tree[7].chan2[2].buffer[1].opcode:Undefined
Tree[7].chan2[2].buffer[1].para:Undefined
Tree[7].chan2[2].buffer[1].addr:Undefined
Tree[7].chan2[2].buffer[1].data:Undefined
Tree[7].chan2[2].buffer[1].dirty:Undefined
Tree[7].chan2[2].buffer[2].opcode:Undefined
Tree[7].chan2[2].buffer[2].para:Undefined
Tree[7].chan2[2].buffer[2].addr:Undefined
Tree[7].chan2[2].buffer[2].data:Undefined
Tree[7].chan2[2].buffer[2].dirty:Undefined
Tree[7].chan2[2].used:Undefined
Tree[7].chan3[1].buffer[1].opcode:Undefined
Tree[7].chan3[1].buffer[1].para:Undefined
Tree[7].chan3[1].buffer[1].addr:Undefined
Tree[7].chan3[1].buffer[1].data:Undefined
Tree[7].chan3[1].buffer[1].dirty:Undefined
Tree[7].chan3[1].buffer[2].opcode:Undefined
Tree[7].chan3[1].buffer[2].para:Undefined
Tree[7].chan3[1].buffer[2].addr:Undefined
Tree[7].chan3[1].buffer[2].data:Undefined
Tree[7].chan3[1].buffer[2].dirty:Undefined
Tree[7].chan3[1].used:Undefined
Tree[7].chan3[2].buffer[1].opcode:Undefined
Tree[7].chan3[2].buffer[1].para:Undefined
Tree[7].chan3[2].buffer[1].addr:Undefined
Tree[7].chan3[2].buffer[1].data:Undefined
Tree[7].chan3[2].buffer[1].dirty:Undefined
Tree[7].chan3[2].buffer[2].opcode:Undefined
Tree[7].chan3[2].buffer[2].para:Undefined
Tree[7].chan3[2].buffer[2].addr:Undefined
Tree[7].chan3[2].buffer[2].data:Undefined
Tree[7].chan3[2].buffer[2].dirty:Undefined
Tree[7].chan3[2].used:Undefined
Tree[7].chan4[1].buffer[1].opcode:Undefined
Tree[7].chan4[1].buffer[1].para:Undefined
Tree[7].chan4[1].buffer[1].addr:Undefined
Tree[7].chan4[1].buffer[1].data:Undefined
Tree[7].chan4[1].buffer[1].dirty:Undefined
Tree[7].chan4[1].buffer[2].opcode:Undefined
Tree[7].chan4[1].buffer[2].para:Undefined
Tree[7].chan4[1].buffer[2].addr:Undefined
Tree[7].chan4[1].buffer[2].data:Undefined
Tree[7].chan4[1].buffer[2].dirty:Undefined
Tree[7].chan4[1].used:Undefined
Tree[7].chan4[2].buffer[1].opcode:Undefined
Tree[7].chan4[2].buffer[1].para:Undefined
Tree[7].chan4[2].buffer[1].addr:Undefined
Tree[7].chan4[2].buffer[1].data:Undefined
Tree[7].chan4[2].buffer[1].dirty:Undefined
Tree[7].chan4[2].buffer[2].opcode:Undefined
Tree[7].chan4[2].buffer[2].para:Undefined
Tree[7].chan4[2].buffer[2].addr:Undefined
Tree[7].chan4[2].buffer[2].data:Undefined
Tree[7].chan4[2].buffer[2].dirty:Undefined
Tree[7].chan4[2].used:Undefined
Tree[7].chan5[1].buffer[1].opcode:Undefined
Tree[7].chan5[1].buffer[1].addr:Undefined
Tree[7].chan5[1].buffer[1].data:Undefined
Tree[7].chan5[1].buffer[1].dirty:Undefined
Tree[7].chan5[1].buffer[2].opcode:Undefined
Tree[7].chan5[1].buffer[2].addr:Undefined
Tree[7].chan5[1].buffer[2].data:Undefined
Tree[7].chan5[1].buffer[2].dirty:Undefined
Tree[7].chan5[1].used:Undefined
Tree[7].chan5[2].buffer[1].opcode:Undefined
Tree[7].chan5[2].buffer[1].addr:Undefined
Tree[7].chan5[2].buffer[1].data:Undefined
Tree[7].chan5[2].buffer[1].dirty:Undefined
Tree[7].chan5[2].buffer[2].opcode:Undefined
Tree[7].chan5[2].buffer[2].addr:Undefined
Tree[7].chan5[2].buffer[2].data:Undefined
Tree[7].chan5[2].buffer[2].dirty:Undefined
Tree[7].chan5[2].used:Undefined
memData[1]:dataType_2
memData[2]:dataType_2
auxData[1]:dataType_2
auxData[2]:dataType_2

===== Startstates generated! =====

Progress Report:

	100000 states explored in 9.34s, with 172242 rules fired and 79539 states in the queue.
====== Now the openlist is cut off! ======
	200000 states explored in 14.62s, with 406199 rules fired and 50635 states in the queue.
====== Now the openlist is cut off! ======
	300000 states explored in 18.96s, with 622241 rules fired and 30500 states in the queue.
====== Now the openlist is cut off! ======
	400000 states explored in 24.88s, with 959385 rules fired and 4482 states in the queue.
	500000 states explored in 30.79s, with 1309004 rules fired and 76365 states in the queue.
====== Now the openlist is cut off! ======
	600000 states explored in 36.33s, with 1635698 rules fired and 49141 states in the queue.
====== Now the openlist is cut off! ======
	700000 states explored in 42.60s, with 2003596 rules fired and 17712 states in the queue.
	800000 states explored in 47.41s, with 2293829 rules fired and 95471 states in the queue.
====== Now the openlist is cut off! ======
	900000 states explored in 51.57s, with 2546346 rules fired and 78661 states in the queue.
====== Now the openlist is cut off! ======
	1000000 states explored in 55.86s, with 2805714 rules fired and 60789 states in the queue.
====== Now the openlist is cut off! ======
	1100000 states explored in 60.25s, with 3071637 rules fired and 41902 states in the queue.
====== Now the openlist is cut off! ======
	1200000 states explored in 64.79s, with 3343086 rules fired and 22052 states in the queue.
	1300000 states explored in 69.36s, with 3616298 rules fired and 99569 states in the queue.
====== Now the openlist is cut off! ======
	1400000 states explored in 74.00s, with 3893520 rules fired and 77113 states in the queue.
====== Now the openlist is cut off! ======
	1500000 states explored in 79.08s, with 4196998 rules fired and 52256 states in the queue.
====== Now the openlist is cut off! ======
	1600000 states explored in 84.43s, with 4515991 rules fired and 25635 states in the queue.
	1700000 states explored in 90.90s, with 4902744 rules fired and 91629 states in the queue.
====== Now the openlist is cut off! ======
	1800000 states explored in 96.70s, with 5245472 rules fired and 59827 states in the queue.
====== Now the openlist is cut off! ======
	1900000 states explored in 101.79s, with 5544017 rules fired and 31872 states in the queue.
====== Now the openlist is cut off! ======
	2000000 states explored in 107.18s, with 5858478 rules fired and 2730 states in the queue.
	2100000 states explored in 113.00s, with 6197245 rules fired and 68285 states in the queue.
====== Now the openlist is cut off! ======
	2200000 states explored in 118.38s, with 6505411 rules fired and 39041 states in the queue.
====== Now the openlist is cut off! ======
	2300000 states explored in 123.77s, with 6819249 rules fired and 8481 states in the queue.
	2400000 states explored in 129.02s, with 7125578 rules fired and 77750 states in the queue.
====== Now the openlist is cut off! ======
	2500000 states explored in 134.53s, with 7447550 rules fired and 46690 states in the queue.
====== Now the openlist is cut off! ======
	2600000 states explored in 140.19s, with 7777760 rules fired and 14885 states in the queue.
	2700000 states explored in 145.51s, with 8087119 rules fired and 83362 states in the queue.
====== Now the openlist is cut off! ======
	2800000 states explored in 150.70s, with 8388605 rules fired and 54067 states in the queue.
====== Now the openlist is cut off! ======
	2900000 states explored in 155.99s, with 8696552 rules fired and 23702 states in the queue.
	3000000 states explored in 161.46s, with 9014128 rules fired and 92215 states in the queue.
====== Now the openlist is cut off! ======
	3100000 states explored in 166.68s, with 9315902 rules fired and 62051 states in the queue.
====== Now the openlist is cut off! ======
	3200000 states explored in 171.83s, with 9615670 rules fired and 32894 states in the queue.
====== Now the openlist is cut off! ======
	3300000 states explored in 177.31s, with 9926309 rules fired and 2201 states in the queue.
	3400000 states explored in 182.58s, with 10228268 rules fired and 71533 states in the queue.
====== Now the openlist is cut off! ======
	3500000 states explored in 188.09s, with 10547482 rules fired and 40274 states in the queue.
====== Now the openlist is cut off! ======
	3600000 states explored in 193.31s, with 10850876 rules fired and 11571 states in the queue.
	3700000 states explored in 198.95s, with 11172374 rules fired and 78869 states in the queue.
====== Now the openlist is cut off! ======
	3800000 states explored in 204.32s, with 11484438 rules fired and 48479 states in the queue.
====== Now the openlist is cut off! ======
	3900000 states explored in 209.55s, with 11789040 rules fired and 19633 states in the queue.
	4000000 states explored in 215.11s, with 12110297 rules fired and 88322 states in the queue.
====== Now the openlist is cut off! ======
	4100000 states explored in 220.41s, with 12417395 rules fired and 58131 states in the queue.
====== Now the openlist is cut off! ======
	4200000 states explored in 225.95s, with 12736242 rules fired and 27480 states in the queue.
	4300000 states explored in 231.39s, with 13051751 rules fired and 95666 states in the queue.
====== Now the openlist is cut off! ======
	4400000 states explored in 236.64s, with 13356451 rules fired and 66276 states in the queue.
====== Now the openlist is cut off! ======
	4500000 states explored in 242.28s, with 13680409 rules fired and 34636 states in the queue.
====== Now the openlist is cut off! ======
	4600000 states explored in 247.92s, with 14006769 rules fired and 2852 states in the queue.
	4700000 states explored in 253.35s, with 14322772 rules fired and 72137 states in the queue.
====== Now the openlist is cut off! ======
	4800000 states explored in 258.88s, with 14644706 rules fired and 41551 states in the queue.
====== Now the openlist is cut off! ======
	4900000 states explored in 264.44s, with 14967556 rules fired and 10934 states in the queue.
	5000000 states explored in 270.17s, with 15298717 rules fired and 78372 states in the queue.
====== Now the openlist is cut off! ======
	5100000 states explored in 275.79s, with 15623704 rules fired and 46736 states in the queue.
====== Now the openlist is cut off! ======
	5200000 states explored in 281.49s, with 15954526 rules fired and 15171 states in the queue.
	5300000 states explored in 287.26s, with 16290849 rules fired and 82392 states in the queue.
====== Now the openlist is cut off! ======
	5400000 states explored in 293.00s, with 16624399 rules fired and 50769 states in the queue.
====== Now the openlist is cut off! ======
	5500000 states explored in 298.67s, with 16955536 rules fired and 20936 states in the queue.
	5600000 states explored in 304.43s, with 17288709 rules fired and 88669 states in the queue.
====== Now the openlist is cut off! ======
	5700000 states explored in 309.82s, with 17603103 rules fired and 59292 states in the queue.
====== Now the openlist is cut off! ======
	5800000 states explored in 315.45s, with 17931980 rules fired and 28966 states in the queue.
	5900000 states explored in 321.48s, with 18279425 rules fired and 95134 states in the queue.
====== Now the openlist is cut off! ======
	6000000 states explored in 327.23s, with 18610441 rules fired and 62795 states in the queue.
====== Now the openlist is cut off! ======
	6100000 states explored in 333.04s, with 18946881 rules fired and 30595 states in the queue.
	6200000 states explored in 338.78s, with 19279538 rules fired and 96518 states in the queue.
====== Now the openlist is cut off! ======
	6300000 states explored in 347.10s, with 19759547 rules fired and 46109 states in the queue.
====== Now the openlist is cut off! ======
	6400000 states explored in 353.12s, with 20105104 rules fired and 9599 states in the queue.
	6500000 states explored in 358.45s, with 20410394 rules fired and 77255 states in the queue.
====== Now the openlist is cut off! ======
	6600000 states explored in 363.79s, with 20717479 rules fired and 46183 states in the queue.
====== Now the openlist is cut off! ======
	6700000 states explored in 369.29s, with 21031565 rules fired and 13385 states in the queue.
	6800000 states explored in 375.00s, with 21358688 rules fired and 78893 states in the queue.
====== Now the openlist is cut off! ======
	6900000 states explored in 380.35s, with 21666723 rules fired and 48255 states in the queue.
====== Now the openlist is cut off! ======
	7000000 states explored in 386.10s, with 21998899 rules fired and 15234 states in the queue.
	7100000 states explored in 391.68s, with 22321183 rules fired and 82700 states in the queue.
====== Now the openlist is cut off! ======
	7200000 states explored in 397.33s, with 22647106 rules fired and 50628 states in the queue.
====== Now the openlist is cut off! ======
	7300000 states explored in 403.16s, with 22981938 rules fired and 18057 states in the queue.
	7400000 states explored in 410.56s, with 23403569 rules fired and 72596 states in the queue.
====== Now the openlist is cut off! ======
	7500000 states explored in 417.27s, with 23786675 rules fired and 32936 states in the queue.
	7600000 states explored in 431.14s, with 24576067 rules fired and 43736 states in the queue.
====== Now the openlist is cut off! ======
	7700000 states explored in 438.14s, with 24987810 rules fired and 4413 states in the queue.
	7800000 states explored in 443.73s, with 25318369 rules fired and 73345 states in the queue.
====== Now the openlist is cut off! ======
	7900000 states explored in 449.34s, with 25650537 rules fired and 42670 states in the queue.
====== Now the openlist is cut off! ======
	8000000 states explored in 455.36s, with 26011726 rules fired and 9667 states in the queue.
	8100000 states explored in 460.73s, with 26333865 rules fired and 82326 states in the queue.
====== Now the openlist is cut off! ======
	8200000 states explored in 466.01s, with 26648587 rules fired and 57291 states in the queue.
====== Now the openlist is cut off! ======
	8300000 states explored in 471.11s, with 26951409 rules fired and 31602 states in the queue.
====== Now the openlist is cut off! ======
	8400000 states explored in 476.57s, with 27272913 rules fired and 3245 states in the queue.
	8500000 states explored in 482.93s, with 27644271 rules fired and 66417 states in the queue.
====== Now the openlist is cut off! ======
	8600000 states explored in 490.40s, with 28084300 rules fired and 23553 states in the queue.
	8700000 states explored in 497.31s, with 28484912 rules fired and 81839 states in the queue.
====== Now the openlist is cut off! ======
	8800000 states explored in 503.72s, with 28860565 rules fired and 45069 states in the queue.
====== Now the openlist is cut off! ======
	8900000 states explored in 510.57s, with 29263101 rules fired and 7055 states in the queue.
	9000000 states explored in 521.67s, with 29897613 rules fired and 33130 states in the queue.

==========================================================================

Status:

	No error found.

State Space Explored:

	9017323 states, 30275058 rules fired in 528.37s.

Analysis of State Space:

	There are rules that are never fired.
	If you are running with symmetry, this may be why.  Otherwise,
	please run this program with "-pr" for the rules information.
The algorithm is over!
