This program should be regarded as a DEBUGGING aid, not as a 
certifier of correctness.
Call with the -l flag or read the license file for terms
and conditions of use.
Run this program with "-h" for the list of options.

Bugs, questions, and comments should be directed to
"melatti@di.uniroma1.it".

CMurphi compiler last modified date: Jul 24 2024
Include files last modified date:    Jul 23 2021
==========================================================================

==========================================================================
Caching Murphi Release 5.5.0
Finite-state Concurrent System Verifier.

Caching Murphi Release 5.5.0 is based on various versions of Murphi.
Caching Murphi Release 5.5.0 :
Copyright (C) 2009-2012 by Sapienza University of Rome.
Murphi release 3.1 :
Copyright (C) 1992 - 1999 by the Board of Trustees of
Leland Stanford Junior University.

==========================================================================

Protocol: ./protocols/exec/Flash_node8/Flash_node8_inv138
===========================================
  You are using LS algorithm.  
===========================================

===== Startstates are generated! =====
Carelist Layer 0: Sta.Proc[1].CacheState Sta.Proc[2].CacheState Sta.Proc[3].CacheState Sta.Proc[4].CacheState Sta.Proc[5].CacheState Sta.Proc[6].CacheState Sta.Proc[7].CacheState Sta.Proc[8].CacheState 
Carelist Layer 1: Sta.InvMsg[node].Cmd Sta.UniMsg[node].Cmd Sta.Proc[node].ProcCmd Sta.HomeUniMsg.Cmd Sta.HomeUniMsg.Proc Sta.HomeUniMsg.HomeProc Sta.Proc[node].CacheState Sta.UniMsg[node].Proc Sta.UniMsg[node].HomeProc 
Carelist Layer 2: Sta.Dir.Pending Sta.Dir.InvSet[node] Sta.Dir.Dirty Sta.Dir.HomeInvSet Sta.Dir.Local Sta.Dir.HeadVld Sta.Dir.HeadPtr Sta.Dir.HomeHeadPtr Sta.Dir.ShrSet[node] Sta.Dir.HomeShrSet Sta.HomeProc.ProcCmd Sta.HomeProc.CacheState Sta.RpMsg[node].Cmd 
Carelist Layer 3: Sta.ShWbMsg.Cmd Sta.NakcMsg.Cmd Sta.WbMsg.Cmd Sta.HomeRpMsg.Cmd 
Attr: Sta.HomeRpMsg.Cmd Level: 3 Wi: 2
Attr: Sta.WbMsg.Cmd Level: 3 Wi: 2
Attr: Sta.ShWbMsg.Cmd Level: 3 Wi: 2
Attr: Sta.HomeProc.CacheState Level: 2 Wi: 4
Attr: Sta.Dir.ShrSet[node] Level: 2 Wi: 4
Attr: Sta.Dir.HomeHeadPtr Level: 2 Wi: 4
Attr: Sta.Dir.HomeShrSet Level: 2 Wi: 4
Attr: Sta.Dir.HeadPtr Level: 2 Wi: 4
Attr: Sta.Dir.HeadVld Level: 2 Wi: 4
Attr: Sta.Dir.HomeInvSet Level: 2 Wi: 4
Attr: Sta.Dir.Dirty Level: 2 Wi: 4
Attr: Sta.HomeProc.ProcCmd Level: 2 Wi: 4
Attr: Sta.Dir.InvSet[node] Level: 2 Wi: 4
Attr: Sta.Dir.Pending Level: 2 Wi: 4
Attr: Sta.Proc[6].CacheState Level: 0 Wi: 16
Attr: Sta.UniMsg[node].Proc Level: 1 Wi: 8
Attr: Sta.UniMsg[node].HomeProc Level: 1 Wi: 8
Attr: Sta.Proc[4].CacheState Level: 0 Wi: 16
Attr: Sta.Proc[3].CacheState Level: 0 Wi: 16
Attr: Sta.Proc[2].CacheState Level: 0 Wi: 16
Attr: Sta.HomeUniMsg.HomeProc Level: 1 Wi: 8
Attr: Sta.Proc[8].CacheState Level: 0 Wi: 16
Attr: Sta.NakcMsg.Cmd Level: 3 Wi: 2
Attr: Sta.Proc[node].ProcCmd Level: 1 Wi: 8
Attr: Sta.InvMsg[node].Cmd Level: 1 Wi: 8
Attr: Sta.RpMsg[node].Cmd Level: 2 Wi: 4
Attr: Sta.UniMsg[node].Cmd Level: 1 Wi: 8
Attr: Sta.Dir.Local Level: 2 Wi: 4
Attr: Sta.Proc[5].CacheState Level: 0 Wi: 16
Attr: Sta.Proc[1].CacheState Level: 0 Wi: 16
Attr: Sta.Proc[7].CacheState Level: 0 Wi: 16
Attr: Sta.HomeUniMsg.Proc Level: 1 Wi: 8
Attr: Sta.HomeUniMsg.Cmd Level: 1 Wi: 8
Attr: Sta.Proc[node].CacheState Level: 1 Wi: 8

===== Init heuristics! =====

Progress Report:

	100000 states explored in 4.44s, with 142390 rules fired and 99487 states in the queue.
	200000 states explored in 6.59s, with 308226 rules fired and 199061 states in the queue.
	300000 states explored in 8.85s, with 482334 rules fired and 298555 states in the queue.
	400000 states explored in 11.26s, with 667504 rules fired and 397915 states in the queue.
	500000 states explored in 13.60s, with 848758 rules fired and 497275 states in the queue.
	600000 states explored in 15.48s, with 994128 rules fired and 597102 states in the queue.
	700000 states explored in 17.57s, with 1154823 rules fired and 696867 states in the queue.
	800000 states explored in 19.90s, with 1333827 rules fired and 796560 states in the queue.
	900000 states explored in 22.21s, with 1510884 rules fired and 896152 states in the queue.
	1000000 states explored in 24.59s, with 1693819 rules fired and 995722 states in the queue.
	1100000 states explored in 26.54s, with 1844197 rules fired and 1095503 states in the queue.
	1200000 states explored in 28.54s, with 1996963 rules fired and 1195351 states in the queue.
	1300000 states explored in 30.59s, with 2154715 rules fired and 1295167 states in the queue.
	1400000 states explored in 32.69s, with 2315670 rules fired and 1394967 states in the queue.
	1500000 states explored in 34.77s, with 2473616 rules fired and 1494777 states in the queue.
	1600000 states explored in 36.86s, with 2633516 rules fired and 1594542 states in the queue.
	1700000 states explored in 39.20s, with 2813957 rules fired and 1694080 states in the queue.
	1800000 states explored in 41.44s, with 2985797 rules fired and 1793731 states in the queue.
	1900000 states explored in 43.45s, with 3139731 rules fired and 1893569 states in the queue.
	2000000 states explored in 45.26s, with 3278873 rules fired and 1993427 states in the queue.
	2100000 states explored in 47.44s, with 3445415 rules fired and 2093259 states in the queue.
	2200000 states explored in 49.58s, with 3607988 rules fired and 2193110 states in the queue.
	2300000 states explored in 51.87s, with 3782796 rules fired and 2292921 states in the queue.
	2400000 states explored in 54.12s, with 3954021 rules fired and 2392748 states in the queue.
	2500000 states explored in 56.42s, with 4129793 rules fired and 2492505 states in the queue.
	2600000 states explored in 58.71s, with 4304608 rules fired and 2592282 states in the queue.
	2700000 states explored in 60.98s, with 4478199 rules fired and 2691943 states in the queue.
	2800000 states explored in 63.28s, with 4653077 rules fired and 2791700 states in the queue.
	2900000 states explored in 65.56s, with 4826317 rules fired and 2891393 states in the queue.
	3000000 states explored in 67.84s, with 4999872 rules fired and 2991129 states in the queue.
target state's depth is: 386

==========================================================================

Result:

	Invariant "test_138" failed.

State Space Explored:

	3048910 states, 5083495 rules fired in 68.93s.

Analysis of State Space:

	There are rules that are never fired.
	If you are running with symmetry, this may be why.  Otherwise,
	please run this program with "-pr" for the rules information.
