This program should be regarded as a DEBUGGING aid, not as a 
certifier of correctness.
Call with the -l flag or read the license file for terms
and conditions of use.
Run this program with "-h" for the list of options.

Bugs, questions, and comments should be directed to
"melatti@di.uniroma1.it".

CMurphi compiler last modified date: Jul 24 2024
Include files last modified date:    Jul 23 2021
==========================================================================

==========================================================================
Caching Murphi Release 5.5.0
Finite-state Concurrent System Verifier.

Caching Murphi Release 5.5.0 is based on various versions of Murphi.
Caching Murphi Release 5.5.0 :
Copyright (C) 2009-2012 by Sapienza University of Rome.
Murphi release 3.1 :
Copyright (C) 1992 - 1999 by the Board of Trustees of
Leland Stanford Junior University.

==========================================================================

Protocol: ./protocols/exec/Flash_node8/Flash_node8_inv200
===========================================
  You are using LS algorithm.  
===========================================

===== Startstates are generated! =====
Carelist Layer 0: Sta.Proc[1].CacheState Sta.Proc[2].CacheState Sta.Proc[3].CacheState Sta.Proc[4].CacheState Sta.Proc[5].CacheState Sta.Proc[6].CacheState Sta.Proc[7].CacheState Sta.Proc[8].CacheState 
Carelist Layer 1: Sta.InvMsg[node].Cmd Sta.UniMsg[node].Cmd Sta.Proc[node].ProcCmd Sta.HomeUniMsg.Cmd Sta.HomeUniMsg.Proc Sta.HomeUniMsg.HomeProc Sta.Proc[node].CacheState Sta.UniMsg[node].Proc Sta.UniMsg[node].HomeProc 
Carelist Layer 2: Sta.Dir.Pending Sta.Dir.InvSet[node] Sta.Dir.Dirty Sta.Dir.HomeInvSet Sta.Dir.Local Sta.Dir.HeadVld Sta.Dir.HeadPtr Sta.Dir.HomeHeadPtr Sta.Dir.ShrSet[node] Sta.Dir.HomeShrSet Sta.HomeProc.ProcCmd Sta.HomeProc.CacheState Sta.RpMsg[node].Cmd 
Carelist Layer 3: Sta.ShWbMsg.Cmd Sta.NakcMsg.Cmd Sta.WbMsg.Cmd Sta.HomeRpMsg.Cmd 
Attr: Sta.HomeRpMsg.Cmd Level: 3 Wi: 2
Attr: Sta.WbMsg.Cmd Level: 3 Wi: 2
Attr: Sta.ShWbMsg.Cmd Level: 3 Wi: 2
Attr: Sta.HomeProc.CacheState Level: 2 Wi: 4
Attr: Sta.Dir.ShrSet[node] Level: 2 Wi: 4
Attr: Sta.Dir.HomeHeadPtr Level: 2 Wi: 4
Attr: Sta.Dir.HomeShrSet Level: 2 Wi: 4
Attr: Sta.Dir.HeadPtr Level: 2 Wi: 4
Attr: Sta.Dir.HeadVld Level: 2 Wi: 4
Attr: Sta.Dir.HomeInvSet Level: 2 Wi: 4
Attr: Sta.Dir.Dirty Level: 2 Wi: 4
Attr: Sta.HomeProc.ProcCmd Level: 2 Wi: 4
Attr: Sta.Dir.InvSet[node] Level: 2 Wi: 4
Attr: Sta.Dir.Pending Level: 2 Wi: 4
Attr: Sta.Proc[6].CacheState Level: 0 Wi: 16
Attr: Sta.UniMsg[node].Proc Level: 1 Wi: 8
Attr: Sta.UniMsg[node].HomeProc Level: 1 Wi: 8
Attr: Sta.Proc[4].CacheState Level: 0 Wi: 16
Attr: Sta.Proc[3].CacheState Level: 0 Wi: 16
Attr: Sta.Proc[2].CacheState Level: 0 Wi: 16
Attr: Sta.HomeUniMsg.HomeProc Level: 1 Wi: 8
Attr: Sta.Proc[8].CacheState Level: 0 Wi: 16
Attr: Sta.NakcMsg.Cmd Level: 3 Wi: 2
Attr: Sta.Proc[node].ProcCmd Level: 1 Wi: 8
Attr: Sta.InvMsg[node].Cmd Level: 1 Wi: 8
Attr: Sta.RpMsg[node].Cmd Level: 2 Wi: 4
Attr: Sta.UniMsg[node].Cmd Level: 1 Wi: 8
Attr: Sta.Dir.Local Level: 2 Wi: 4
Attr: Sta.Proc[5].CacheState Level: 0 Wi: 16
Attr: Sta.Proc[1].CacheState Level: 0 Wi: 16
Attr: Sta.Proc[7].CacheState Level: 0 Wi: 16
Attr: Sta.HomeUniMsg.Proc Level: 1 Wi: 8
Attr: Sta.HomeUniMsg.Cmd Level: 1 Wi: 8
Attr: Sta.Proc[node].CacheState Level: 1 Wi: 8

===== Init heuristics! =====

Progress Report:

	100000 states explored in 4.34s, with 142390 rules fired and 99487 states in the queue.
	200000 states explored in 6.48s, with 308226 rules fired and 199061 states in the queue.
	300000 states explored in 8.74s, with 482334 rules fired and 298555 states in the queue.
	400000 states explored in 11.13s, with 667504 rules fired and 397915 states in the queue.
	500000 states explored in 13.55s, with 855622 rules fired and 497189 states in the queue.
	600000 states explored in 15.79s, with 1028372 rules fired and 596892 states in the queue.
	700000 states explored in 18.05s, with 1203239 rules fired and 696580 states in the queue.
	800000 states explored in 20.26s, with 1373695 rules fired and 796309 states in the queue.
	900000 states explored in 22.47s, with 1544426 rules fired and 895997 states in the queue.
	1000000 states explored in 24.68s, with 1713897 rules fired and 995554 states in the queue.
	1100000 states explored in 26.42s, with 1848157 rules fired and 1095419 states in the queue.
	1200000 states explored in 28.09s, with 1977556 rules fired and 1195342 states in the queue.
	1300000 states explored in 29.81s, with 2111968 rules fired and 1295257 states in the queue.
	1400000 states explored in 31.60s, with 2250326 rules fired and 1395172 states in the queue.
	1500000 states explored in 33.38s, with 2388989 rules fired and 1495075 states in the queue.
	1600000 states explored in 35.14s, with 2525411 rules fired and 1594984 states in the queue.
	1700000 states explored in 37.07s, with 2674598 rules fired and 1694817 states in the queue.
	1800000 states explored in 39.04s, with 2826586 rules fired and 1794658 states in the queue.
	1900000 states explored in 41.04s, with 2980961 rules fired and 1894381 states in the queue.
	2000000 states explored in 43.38s, with 3161640 rules fired and 1993851 states in the queue.
	2100000 states explored in 45.29s, with 3308868 rules fired and 2093606 states in the queue.
	2200000 states explored in 47.09s, with 3445416 rules fired and 2193480 states in the queue.
	2300000 states explored in 48.87s, with 3580794 rules fired and 2293367 states in the queue.
	2400000 states explored in 50.95s, with 3741829 rules fired and 2393142 states in the queue.
	2500000 states explored in 53.13s, with 3908634 rules fired and 2492866 states in the queue.
	2600000 states explored in 54.83s, with 4040291 rules fired and 2592748 states in the queue.
	2700000 states explored in 56.55s, with 4171951 rules fired and 2692654 states in the queue.
	2800000 states explored in 58.34s, with 4309705 rules fired and 2792560 states in the queue.
	2900000 states explored in 60.11s, with 4445191 rules fired and 2892487 states in the queue.
	3000000 states explored in 61.94s, with 4585709 rules fired and 2992387 states in the queue.
	3100000 states explored in 63.77s, with 4725990 rules fired and 3092298 states in the queue.
	3200000 states explored in 65.74s, with 4876985 rules fired and 3192147 states in the queue.
	3300000 states explored in 67.85s, with 5039250 rules fired and 3291860 states in the queue.
	3400000 states explored in 69.92s, with 5197990 rules fired and 3391561 states in the queue.
	3500000 states explored in 71.94s, with 5353026 rules fired and 3491275 states in the queue.
target state's depth is: 164

==========================================================================

Result:

	Invariant "test_200" failed.

State Space Explored:

	3549121 states, 5435466 rules fired in 73.01s.

Analysis of State Space:

	There are rules that are never fired.
	If you are running with symmetry, this may be why.  Otherwise,
	please run this program with "-pr" for the rules information.
