This program should be regarded as a DEBUGGING aid, not as a 
certifier of correctness.
Call with the -l flag or read the license file for terms
and conditions of use.
Run this program with "-h" for the list of options.

Bugs, questions, and comments should be directed to
"melatti@di.uniroma1.it".

CMurphi compiler last modified date: Jul 24 2024
Include files last modified date:    Jul 23 2021
==========================================================================

==========================================================================
Caching Murphi Release 5.5.0
Finite-state Concurrent System Verifier.

Caching Murphi Release 5.5.0 is based on various versions of Murphi.
Caching Murphi Release 5.5.0 :
Copyright (C) 2009-2012 by Sapienza University of Rome.
Murphi release 3.1 :
Copyright (C) 1992 - 1999 by the Board of Trustees of
Leland Stanford Junior University.

==========================================================================

Protocol: ./protocols/exec/Flash_node8/Flash_node8_inv46
===========================================
  You are using LS algorithm.  
===========================================

===== Startstates are generated! =====
Carelist Layer 0: Sta.Proc[1].CacheState Sta.Proc[2].CacheState Sta.Proc[3].CacheState Sta.Proc[4].CacheState Sta.Proc[5].CacheState Sta.Proc[6].CacheState Sta.Proc[7].CacheState Sta.Proc[8].CacheState 
Carelist Layer 1: Sta.InvMsg[node].Cmd Sta.UniMsg[node].Cmd Sta.Proc[node].ProcCmd Sta.HomeUniMsg.Cmd Sta.HomeUniMsg.Proc Sta.HomeUniMsg.HomeProc Sta.Proc[node].CacheState Sta.UniMsg[node].Proc Sta.UniMsg[node].HomeProc 
Carelist Layer 2: Sta.Dir.Pending Sta.Dir.InvSet[node] Sta.Dir.Dirty Sta.Dir.HomeInvSet Sta.Dir.Local Sta.Dir.HeadVld Sta.Dir.HeadPtr Sta.Dir.HomeHeadPtr Sta.Dir.ShrSet[node] Sta.Dir.HomeShrSet Sta.HomeProc.ProcCmd Sta.HomeProc.CacheState Sta.RpMsg[node].Cmd 
Carelist Layer 3: Sta.ShWbMsg.Cmd Sta.NakcMsg.Cmd Sta.WbMsg.Cmd Sta.HomeRpMsg.Cmd 
Attr: Sta.HomeRpMsg.Cmd Level: 3 Wi: 2
Attr: Sta.WbMsg.Cmd Level: 3 Wi: 2
Attr: Sta.ShWbMsg.Cmd Level: 3 Wi: 2
Attr: Sta.HomeProc.CacheState Level: 2 Wi: 4
Attr: Sta.Dir.ShrSet[node] Level: 2 Wi: 4
Attr: Sta.Dir.HomeHeadPtr Level: 2 Wi: 4
Attr: Sta.Dir.HomeShrSet Level: 2 Wi: 4
Attr: Sta.Dir.HeadPtr Level: 2 Wi: 4
Attr: Sta.Dir.HeadVld Level: 2 Wi: 4
Attr: Sta.Dir.HomeInvSet Level: 2 Wi: 4
Attr: Sta.Dir.Dirty Level: 2 Wi: 4
Attr: Sta.HomeProc.ProcCmd Level: 2 Wi: 4
Attr: Sta.Dir.InvSet[node] Level: 2 Wi: 4
Attr: Sta.Dir.Pending Level: 2 Wi: 4
Attr: Sta.Proc[6].CacheState Level: 0 Wi: 16
Attr: Sta.UniMsg[node].Proc Level: 1 Wi: 8
Attr: Sta.UniMsg[node].HomeProc Level: 1 Wi: 8
Attr: Sta.Proc[4].CacheState Level: 0 Wi: 16
Attr: Sta.Proc[3].CacheState Level: 0 Wi: 16
Attr: Sta.Proc[2].CacheState Level: 0 Wi: 16
Attr: Sta.HomeUniMsg.HomeProc Level: 1 Wi: 8
Attr: Sta.Proc[8].CacheState Level: 0 Wi: 16
Attr: Sta.NakcMsg.Cmd Level: 3 Wi: 2
Attr: Sta.Proc[node].ProcCmd Level: 1 Wi: 8
Attr: Sta.InvMsg[node].Cmd Level: 1 Wi: 8
Attr: Sta.RpMsg[node].Cmd Level: 2 Wi: 4
Attr: Sta.UniMsg[node].Cmd Level: 1 Wi: 8
Attr: Sta.Dir.Local Level: 2 Wi: 4
Attr: Sta.Proc[5].CacheState Level: 0 Wi: 16
Attr: Sta.Proc[1].CacheState Level: 0 Wi: 16
Attr: Sta.Proc[7].CacheState Level: 0 Wi: 16
Attr: Sta.HomeUniMsg.Proc Level: 1 Wi: 8
Attr: Sta.HomeUniMsg.Cmd Level: 1 Wi: 8
Attr: Sta.Proc[node].CacheState Level: 1 Wi: 8

===== Init heuristics! =====

Progress Report:

	100000 states explored in 4.21s, with 129576 rules fired and 99299 states in the queue.
	200000 states explored in 6.23s, with 287103 rules fired and 198783 states in the queue.
	300000 states explored in 8.56s, with 467606 rules fired and 298184 states in the queue.
	400000 states explored in 11.18s, with 671786 rules fired and 397381 states in the queue.
	500000 states explored in 13.83s, with 878545 rules fired and 496509 states in the queue.
	600000 states explored in 16.57s, with 1088739 rules fired and 596000 states in the queue.
	700000 states explored in 19.73s, with 1332987 rules fired and 694945 states in the queue.
	800000 states explored in 23.11s, with 1598508 rules fired and 793475 states in the queue.
	900000 states explored in 26.38s, with 1856493 rules fired and 891703 states in the queue.
	1000000 states explored in 29.63s, with 2110515 rules fired and 989982 states in the queue.
	1100000 states explored in 33.72s, with 2431688 rules fired and 1087049 states in the queue.
	1200000 states explored in 39.64s, with 2900869 rules fired and 1172748 states in the queue.
	1300000 states explored in 42.71s, with 3144208 rules fired and 1270694 states in the queue.
	1400000 states explored in 46.32s, with 3429624 rules fired and 1368066 states in the queue.
	1500000 states explored in 49.59s, with 3687971 rules fired and 1465503 states in the queue.
	1600000 states explored in 52.40s, with 3908496 rules fired and 1563739 states in the queue.
	1700000 states explored in 55.74s, with 4171479 rules fired and 1660445 states in the queue.
	1800000 states explored in 59.71s, with 4484224 rules fired and 1753895 states in the queue.
	1900000 states explored in 64.82s, with 4895171 rules fired and 1845702 states in the queue.
	2000000 states explored in 68.87s, with 5217536 rules fired and 1939486 states in the queue.
	2100000 states explored in 71.77s, with 5443911 rules fired and 2038814 states in the queue.
	2200000 states explored in 75.05s, with 5699991 rules fired and 2137895 states in the queue.
	2300000 states explored in 78.94s, with 6006878 rules fired and 2235894 states in the queue.
	2400000 states explored in 83.76s, with 6390712 rules fired and 2330637 states in the queue.
	2500000 states explored in 89.69s, with 6862422 rules fired and 2417002 states in the queue.
	2600000 states explored in 93.91s, with 7198432 rules fired and 2513309 states in the queue.
	2700000 states explored in 98.02s, with 7525296 rules fired and 2607103 states in the queue.
	2800000 states explored in 102.28s, with 7863003 rules fired and 2700136 states in the queue.
	2900000 states explored in 106.41s, with 8190785 rules fired and 2791668 states in the queue.
	3000000 states explored in 111.04s, with 8559157 rules fired and 2881210 states in the queue.
	3100000 states explored in 115.82s, with 8938142 rules fired and 2968750 states in the queue.
	3200000 states explored in 120.65s, with 9320967 rules fired and 3055427 states in the queue.
	3300000 states explored in 123.46s, with 9542161 rules fired and 3150211 states in the queue.
	3400000 states explored in 125.54s, with 9703944 rules fired and 3249925 states in the queue.
	3500000 states explored in 127.70s, with 9872640 rules fired and 3349668 states in the queue.
	3600000 states explored in 129.78s, with 10034554 rules fired and 3449459 states in the queue.
	3700000 states explored in 131.81s, with 10192623 rules fired and 3549294 states in the queue.
	3800000 states explored in 133.42s, with 10318823 rules fired and 3649247 states in the queue.
	3900000 states explored in 135.01s, with 10442691 rules fired and 3749200 states in the queue.
	4000000 states explored in 136.64s, with 10569101 rules fired and 3849160 states in the queue.
	4100000 states explored in 138.27s, with 10693836 rules fired and 3949109 states in the queue.
	4200000 states explored in 139.91s, with 10818970 rules fired and 4049060 states in the queue.
	4300000 states explored in 141.57s, with 10945185 rules fired and 4149017 states in the queue.
	4400000 states explored in 143.26s, with 11072311 rules fired and 4248973 states in the queue.
	4500000 states explored in 144.92s, with 11199454 rules fired and 4348939 states in the queue.
	4600000 states explored in 146.59s, with 11327669 rules fired and 4448904 states in the queue.
	4700000 states explored in 148.26s, with 11454706 rules fired and 4548872 states in the queue.
	4800000 states explored in 149.94s, with 11583957 rules fired and 4648842 states in the queue.
	4900000 states explored in 151.63s, with 11713205 rules fired and 4748809 states in the queue.
	5000000 states explored in 153.31s, with 11842060 rules fired and 4848776 states in the queue.
	5100000 states explored in 155.03s, with 11972788 rules fired and 4948741 states in the queue.
	5200000 states explored in 156.73s, with 12102999 rules fired and 5048704 states in the queue.
	5300000 states explored in 158.40s, with 12231645 rules fired and 5148669 states in the queue.
	5400000 states explored in 160.14s, with 12364193 rules fired and 5248631 states in the queue.
	5500000 states explored in 161.84s, with 12493988 rules fired and 5348593 states in the queue.
	5600000 states explored in 163.54s, with 12623321 rules fired and 5448553 states in the queue.
	5700000 states explored in 165.28s, with 12755818 rules fired and 5548517 states in the queue.
	5800000 states explored in 167.02s, with 12887037 rules fired and 5648484 states in the queue.
	5900000 states explored in 168.72s, with 13015698 rules fired and 5748449 states in the queue.
	6000000 states explored in 170.46s, with 13147280 rules fired and 5848412 states in the queue.
	6100000 states explored in 172.17s, with 13276951 rules fired and 5948370 states in the queue.
	6200000 states explored in 173.90s, with 13408548 rules fired and 6048331 states in the queue.
	6300000 states explored in 175.62s, with 13539531 rules fired and 6148293 states in the queue.
	6400000 states explored in 177.33s, with 13669089 rules fired and 6248251 states in the queue.
	6500000 states explored in 179.04s, with 13799207 rules fired and 6348216 states in the queue.
	6600000 states explored in 180.77s, with 13930653 rules fired and 6448177 states in the queue.
	6700000 states explored in 182.47s, with 14061256 rules fired and 6548134 states in the queue.
	6800000 states explored in 184.25s, with 14195189 rules fired and 6648098 states in the queue.
	6900000 states explored in 185.97s, with 14326974 rules fired and 6748059 states in the queue.
	7000000 states explored in 187.66s, with 14456390 rules fired and 6848017 states in the queue.
	7100000 states explored in 189.37s, with 14586808 rules fired and 6947979 states in the queue.
	7200000 states explored in 191.06s, with 14713685 rules fired and 7047943 states in the queue.
	7300000 states explored in 192.81s, with 14845501 rules fired and 7147907 states in the queue.
	7400000 states explored in 194.52s, with 14973939 rules fired and 7247873 states in the queue.
	7500000 states explored in 196.23s, with 15103555 rules fired and 7347840 states in the queue.
	7600000 states explored in 197.98s, with 15235372 rules fired and 7447811 states in the queue.
	7700000 states explored in 199.72s, with 15366289 rules fired and 7547778 states in the queue.
	7800000 states explored in 201.48s, with 15498763 rules fired and 7647746 states in the queue.

Error:

	Internal Error: Too many active states.



