This program should be regarded as a DEBUGGING aid, not as a 
certifier of correctness.
Call with the -l flag or read the license file for terms
and conditions of use.
Run this program with "-h" for the list of options.

Bugs, questions, and comments should be directed to
"melatti@di.uniroma1.it".

CMurphi compiler last modified date: Jul 24 2024
Include files last modified date:    Jul 23 2021
==========================================================================

==========================================================================
Caching Murphi Release 5.5.0
Finite-state Concurrent System Verifier.

Caching Murphi Release 5.5.0 is based on various versions of Murphi.
Caching Murphi Release 5.5.0 :
Copyright (C) 2009-2012 by Sapienza University of Rome.
Murphi release 3.1 :
Copyright (C) 1992 - 1999 by the Board of Trustees of
Leland Stanford Junior University.

==========================================================================

Protocol: ./protocols/exec/Flash_node8/Flash_node8_inv168
===========================================
  You are using LS algorithm.  
===========================================

===== Startstates are generated! =====
Carelist Layer 0: Sta.Proc[1].CacheState Sta.Proc[2].CacheState Sta.Proc[3].CacheState Sta.Proc[4].CacheState Sta.Proc[5].CacheState Sta.Proc[6].CacheState Sta.Proc[7].CacheState Sta.Proc[8].CacheState 
Carelist Layer 1: Sta.InvMsg[node].Cmd Sta.UniMsg[node].Cmd Sta.Proc[node].ProcCmd Sta.HomeUniMsg.Cmd Sta.HomeUniMsg.Proc Sta.HomeUniMsg.HomeProc Sta.Proc[node].CacheState Sta.UniMsg[node].Proc Sta.UniMsg[node].HomeProc 
Carelist Layer 2: Sta.Dir.Pending Sta.Dir.InvSet[node] Sta.Dir.Dirty Sta.Dir.HomeInvSet Sta.Dir.Local Sta.Dir.HeadVld Sta.Dir.HeadPtr Sta.Dir.HomeHeadPtr Sta.Dir.ShrSet[node] Sta.Dir.HomeShrSet Sta.HomeProc.ProcCmd Sta.HomeProc.CacheState Sta.RpMsg[node].Cmd 
Carelist Layer 3: Sta.ShWbMsg.Cmd Sta.NakcMsg.Cmd Sta.WbMsg.Cmd Sta.HomeRpMsg.Cmd 
Attr: Sta.HomeRpMsg.Cmd Level: 3 Wi: 2
Attr: Sta.WbMsg.Cmd Level: 3 Wi: 2
Attr: Sta.ShWbMsg.Cmd Level: 3 Wi: 2
Attr: Sta.HomeProc.CacheState Level: 2 Wi: 4
Attr: Sta.Dir.ShrSet[node] Level: 2 Wi: 4
Attr: Sta.Dir.HomeHeadPtr Level: 2 Wi: 4
Attr: Sta.Dir.HomeShrSet Level: 2 Wi: 4
Attr: Sta.Dir.HeadPtr Level: 2 Wi: 4
Attr: Sta.Dir.HeadVld Level: 2 Wi: 4
Attr: Sta.Dir.HomeInvSet Level: 2 Wi: 4
Attr: Sta.Dir.Dirty Level: 2 Wi: 4
Attr: Sta.HomeProc.ProcCmd Level: 2 Wi: 4
Attr: Sta.Dir.InvSet[node] Level: 2 Wi: 4
Attr: Sta.Dir.Pending Level: 2 Wi: 4
Attr: Sta.Proc[6].CacheState Level: 0 Wi: 16
Attr: Sta.UniMsg[node].Proc Level: 1 Wi: 8
Attr: Sta.UniMsg[node].HomeProc Level: 1 Wi: 8
Attr: Sta.Proc[4].CacheState Level: 0 Wi: 16
Attr: Sta.Proc[3].CacheState Level: 0 Wi: 16
Attr: Sta.Proc[2].CacheState Level: 0 Wi: 16
Attr: Sta.HomeUniMsg.HomeProc Level: 1 Wi: 8
Attr: Sta.Proc[8].CacheState Level: 0 Wi: 16
Attr: Sta.NakcMsg.Cmd Level: 3 Wi: 2
Attr: Sta.Proc[node].ProcCmd Level: 1 Wi: 8
Attr: Sta.InvMsg[node].Cmd Level: 1 Wi: 8
Attr: Sta.RpMsg[node].Cmd Level: 2 Wi: 4
Attr: Sta.UniMsg[node].Cmd Level: 1 Wi: 8
Attr: Sta.Dir.Local Level: 2 Wi: 4
Attr: Sta.Proc[5].CacheState Level: 0 Wi: 16
Attr: Sta.Proc[1].CacheState Level: 0 Wi: 16
Attr: Sta.Proc[7].CacheState Level: 0 Wi: 16
Attr: Sta.HomeUniMsg.Proc Level: 1 Wi: 8
Attr: Sta.HomeUniMsg.Cmd Level: 1 Wi: 8
Attr: Sta.Proc[node].CacheState Level: 1 Wi: 8

===== Init heuristics! =====

Progress Report:

	100000 states explored in 6.84s, with 142390 rules fired and 99487 states in the queue.
	200000 states explored in 8.99s, with 308226 rules fired and 199061 states in the queue.
	300000 states explored in 11.22s, with 482334 rules fired and 298555 states in the queue.
	400000 states explored in 13.60s, with 667504 rules fired and 397915 states in the queue.
	500000 states explored in 16.01s, with 855622 rules fired and 497189 states in the queue.
	600000 states explored in 18.20s, with 1026729 rules fired and 596902 states in the queue.
	700000 states explored in 20.43s, with 1200460 rules fired and 696615 states in the queue.
	800000 states explored in 22.45s, with 1357453 rules fired and 796410 states in the queue.
	900000 states explored in 24.49s, with 1516861 rules fired and 896195 states in the queue.
	1000000 states explored in 26.67s, with 1686759 rules fired and 995793 states in the queue.
	1100000 states explored in 28.92s, with 1863231 rules fired and 1095406 states in the queue.
	1200000 states explored in 31.17s, with 2038277 rules fired and 1195045 states in the queue.
	1300000 states explored in 33.37s, with 2209359 rules fired and 1294732 states in the queue.
	1400000 states explored in 35.57s, with 2380876 rules fired and 1394363 states in the queue.
	1500000 states explored in 37.87s, with 2560551 rules fired and 1493970 states in the queue.
	1600000 states explored in 40.07s, with 2732124 rules fired and 1593581 states in the queue.
	1700000 states explored in 42.28s, with 2904372 rules fired and 1693034 states in the queue.
	1800000 states explored in 44.59s, with 3084573 rules fired and 1792285 states in the queue.
	1900000 states explored in 46.93s, with 3267830 rules fired and 1891619 states in the queue.
	2000000 states explored in 48.91s, with 3421810 rules fired and 1991114 states in the queue.
	2100000 states explored in 50.67s, with 3558731 rules fired and 2091003 states in the queue.
	2200000 states explored in 52.78s, with 3721586 rules fired and 2190900 states in the queue.
	2300000 states explored in 54.92s, with 3888807 rules fired and 2290785 states in the queue.
	2400000 states explored in 57.20s, with 4066817 rules fired and 2390651 states in the queue.
	2500000 states explored in 59.28s, with 4229097 rules fired and 2490531 states in the queue.
	2600000 states explored in 61.32s, with 4388195 rules fired and 2590411 states in the queue.
	2700000 states explored in 63.45s, with 4553947 rules fired and 2690234 states in the queue.
	2800000 states explored in 65.61s, with 4722741 rules fired and 2790068 states in the queue.
	2900000 states explored in 67.72s, with 4885606 rules fired and 2889919 states in the queue.
	3000000 states explored in 69.83s, with 5046115 rules fired and 2989789 states in the queue.
	3100000 states explored in 71.98s, with 5210529 rules fired and 3089623 states in the queue.
	3200000 states explored in 74.02s, with 5363821 rules fired and 3189487 states in the queue.
	3300000 states explored in 75.91s, with 5508537 rules fired and 3289382 states in the queue.
target state's depth is: 163

==========================================================================

Result:

	Invariant "test_168" failed.

State Space Explored:

	3364058 states, 5602410 rules fired in 77.13s.

Analysis of State Space:

	There are rules that are never fired.
	If you are running with symmetry, this may be why.  Otherwise,
	please run this program with "-pr" for the rules information.
