This program should be regarded as a DEBUGGING aid, not as a 
certifier of correctness.
Call with the -l flag or read the license file for terms
and conditions of use.
Run this program with "-h" for the list of options.

Bugs, questions, and comments should be directed to
"melatti@di.uniroma1.it".

CMurphi compiler last modified date: Jul 24 2024
Include files last modified date:    Jul 23 2021
==========================================================================

==========================================================================
Caching Murphi Release 5.5.0
Finite-state Concurrent System Verifier.

Caching Murphi Release 5.5.0 is based on various versions of Murphi.
Caching Murphi Release 5.5.0 :
Copyright (C) 2009-2012 by Sapienza University of Rome.
Murphi release 3.1 :
Copyright (C) 1992 - 1999 by the Board of Trustees of
Leland Stanford Junior University.

==========================================================================

Protocol: ./protocols/exec/Flash_node8/Flash_node8_inv66
===========================================
  You are using LS algorithm.  
===========================================

===== Startstates are generated! =====
Carelist Layer 0: Sta.Proc[1].CacheState Sta.Proc[2].CacheState Sta.Proc[3].CacheState Sta.Proc[4].CacheState Sta.Proc[5].CacheState Sta.Proc[6].CacheState Sta.Proc[7].CacheState Sta.Proc[8].CacheState 
Carelist Layer 1: Sta.InvMsg[node].Cmd Sta.UniMsg[node].Cmd Sta.Proc[node].ProcCmd Sta.HomeUniMsg.Cmd Sta.HomeUniMsg.Proc Sta.HomeUniMsg.HomeProc Sta.Proc[node].CacheState Sta.UniMsg[node].Proc Sta.UniMsg[node].HomeProc 
Carelist Layer 2: Sta.Dir.Pending Sta.Dir.InvSet[node] Sta.Dir.Dirty Sta.Dir.HomeInvSet Sta.Dir.Local Sta.Dir.HeadVld Sta.Dir.HeadPtr Sta.Dir.HomeHeadPtr Sta.Dir.ShrSet[node] Sta.Dir.HomeShrSet Sta.HomeProc.ProcCmd Sta.HomeProc.CacheState Sta.RpMsg[node].Cmd 
Carelist Layer 3: Sta.ShWbMsg.Cmd Sta.NakcMsg.Cmd Sta.WbMsg.Cmd Sta.HomeRpMsg.Cmd 
Attr: Sta.HomeRpMsg.Cmd Level: 3 Wi: 2
Attr: Sta.WbMsg.Cmd Level: 3 Wi: 2
Attr: Sta.ShWbMsg.Cmd Level: 3 Wi: 2
Attr: Sta.HomeProc.CacheState Level: 2 Wi: 4
Attr: Sta.Dir.ShrSet[node] Level: 2 Wi: 4
Attr: Sta.Dir.HomeHeadPtr Level: 2 Wi: 4
Attr: Sta.Dir.HomeShrSet Level: 2 Wi: 4
Attr: Sta.Dir.HeadPtr Level: 2 Wi: 4
Attr: Sta.Dir.HeadVld Level: 2 Wi: 4
Attr: Sta.Dir.HomeInvSet Level: 2 Wi: 4
Attr: Sta.Dir.Dirty Level: 2 Wi: 4
Attr: Sta.HomeProc.ProcCmd Level: 2 Wi: 4
Attr: Sta.Dir.InvSet[node] Level: 2 Wi: 4
Attr: Sta.Dir.Pending Level: 2 Wi: 4
Attr: Sta.Proc[6].CacheState Level: 0 Wi: 16
Attr: Sta.UniMsg[node].Proc Level: 1 Wi: 8
Attr: Sta.UniMsg[node].HomeProc Level: 1 Wi: 8
Attr: Sta.Proc[4].CacheState Level: 0 Wi: 16
Attr: Sta.Proc[3].CacheState Level: 0 Wi: 16
Attr: Sta.Proc[2].CacheState Level: 0 Wi: 16
Attr: Sta.HomeUniMsg.HomeProc Level: 1 Wi: 8
Attr: Sta.Proc[8].CacheState Level: 0 Wi: 16
Attr: Sta.NakcMsg.Cmd Level: 3 Wi: 2
Attr: Sta.Proc[node].ProcCmd Level: 1 Wi: 8
Attr: Sta.InvMsg[node].Cmd Level: 1 Wi: 8
Attr: Sta.RpMsg[node].Cmd Level: 2 Wi: 4
Attr: Sta.UniMsg[node].Cmd Level: 1 Wi: 8
Attr: Sta.Dir.Local Level: 2 Wi: 4
Attr: Sta.Proc[5].CacheState Level: 0 Wi: 16
Attr: Sta.Proc[1].CacheState Level: 0 Wi: 16
Attr: Sta.Proc[7].CacheState Level: 0 Wi: 16
Attr: Sta.HomeUniMsg.Proc Level: 1 Wi: 8
Attr: Sta.HomeUniMsg.Cmd Level: 1 Wi: 8
Attr: Sta.Proc[node].CacheState Level: 1 Wi: 8

===== Init heuristics! =====

Progress Report:

	100000 states explored in 4.23s, with 129209 rules fired and 99356 states in the queue.
	200000 states explored in 6.14s, with 275150 rules fired and 198807 states in the queue.
	300000 states explored in 8.15s, with 426954 rules fired and 298279 states in the queue.
	400000 states explored in 10.20s, with 580909 rules fired and 397788 states in the queue.
	500000 states explored in 12.28s, with 738753 rules fired and 497204 states in the queue.
	600000 states explored in 14.53s, with 906880 rules fired and 596845 states in the queue.
	700000 states explored in 16.83s, with 1081063 rules fired and 696433 states in the queue.
	800000 states explored in 19.11s, with 1254612 rules fired and 795818 states in the queue.
	900000 states explored in 21.30s, with 1421628 rules fired and 895150 states in the queue.
	1000000 states explored in 23.62s, with 1598113 rules fired and 994699 states in the queue.
	1100000 states explored in 25.92s, with 1766458 rules fired and 1094452 states in the queue.
	1200000 states explored in 28.46s, with 1954403 rules fired and 1194166 states in the queue.
	1300000 states explored in 31.20s, with 2157969 rules fired and 1293776 states in the queue.
	1400000 states explored in 34.00s, with 2366748 rules fired and 1393385 states in the queue.
	1500000 states explored in 36.70s, with 2569820 rules fired and 1492986 states in the queue.
	1600000 states explored in 39.33s, with 2769896 rules fired and 1592466 states in the queue.
	1700000 states explored in 41.92s, with 2967813 rules fired and 1691694 states in the queue.
	1800000 states explored in 44.26s, with 3145207 rules fired and 1790987 states in the queue.
	1900000 states explored in 47.32s, with 3372241 rules fired and 1890288 states in the queue.
	2000000 states explored in 50.52s, with 3610450 rules fired and 1989491 states in the queue.
	2100000 states explored in 53.96s, with 3867497 rules fired and 2088391 states in the queue.
	2200000 states explored in 57.73s, with 4150624 rules fired and 2186496 states in the queue.
	2300000 states explored in 61.84s, with 4459419 rules fired and 2282474 states in the queue.
	2400000 states explored in 64.30s, with 4644465 rules fired and 2381859 states in the queue.
	2500000 states explored in 66.94s, with 4844677 rules fired and 2481126 states in the queue.
	2600000 states explored in 69.48s, with 5038817 rules fired and 2580340 states in the queue.
	2700000 states explored in 71.82s, with 5217306 rules fired and 2679611 states in the queue.
	2800000 states explored in 74.36s, with 5411034 rules fired and 2778819 states in the queue.
	2900000 states explored in 77.01s, with 5613467 rules fired and 2877999 states in the queue.
	3000000 states explored in 79.66s, with 5815651 rules fired and 2977102 states in the queue.
	3100000 states explored in 82.46s, with 6029128 rules fired and 3076104 states in the queue.
	3200000 states explored in 85.05s, with 6226724 rules fired and 3175331 states in the queue.
	3300000 states explored in 87.89s, with 6443969 rules fired and 3274394 states in the queue.
	3400000 states explored in 90.75s, with 6660594 rules fired and 3373759 states in the queue.
	3500000 states explored in 93.74s, with 6885657 rules fired and 3473306 states in the queue.
	3600000 states explored in 96.97s, with 7129966 rules fired and 3572699 states in the queue.
	3700000 states explored in 100.40s, with 7390242 rules fired and 3671890 states in the queue.
	3800000 states explored in 104.00s, with 7663398 rules fired and 3770786 states in the queue.
	3900000 states explored in 107.95s, with 7965364 rules fired and 3868725 states in the queue.
	4000000 states explored in 112.31s, with 8299248 rules fired and 3964826 states in the queue.
	4100000 states explored in 115.82s, with 8565331 rules fired and 4062938 states in the queue.
	4200000 states explored in 119.28s, with 8827200 rules fired and 4161930 states in the queue.
	4300000 states explored in 123.08s, with 9115155 rules fired and 4260307 states in the queue.
	4400000 states explored in 126.87s, with 9404620 rules fired and 4357738 states in the queue.
	4500000 states explored in 129.99s, with 9643701 rules fired and 4456308 states in the queue.
	4600000 states explored in 133.12s, with 9883294 rules fired and 4554899 states in the queue.
	4700000 states explored in 136.23s, with 10121068 rules fired and 4653382 states in the queue.
	4800000 states explored in 139.52s, with 10372600 rules fired and 4751431 states in the queue.
	4900000 states explored in 142.24s, with 10579787 rules fired and 4850317 states in the queue.
	5000000 states explored in 145.23s, with 10807579 rules fired and 4948961 states in the queue.
	5100000 states explored in 148.08s, with 11024396 rules fired and 5047657 states in the queue.
	5200000 states explored in 151.06s, with 11252163 rules fired and 5146452 states in the queue.
	5300000 states explored in 154.13s, with 11486176 rules fired and 5245122 states in the queue.
	5400000 states explored in 157.36s, with 11732046 rules fired and 5343363 states in the queue.
	5500000 states explored in 160.61s, with 11980245 rules fired and 5441458 states in the queue.
	5600000 states explored in 163.74s, with 12217944 rules fired and 5539963 states in the queue.
	5700000 states explored in 166.74s, with 12447364 rules fired and 5638511 states in the queue.
	5800000 states explored in 170.07s, with 12699702 rules fired and 5736064 states in the queue.
	5900000 states explored in 173.56s, with 12962679 rules fired and 5834408 states in the queue.
	6000000 states explored in 176.40s, with 13176846 rules fired and 5933799 states in the queue.
	6100000 states explored in 179.38s, with 13400660 rules fired and 6033216 states in the queue.
	6200000 states explored in 182.59s, with 13642861 rules fired and 6132463 states in the queue.
	6300000 states explored in 186.04s, with 13902404 rules fired and 6231572 states in the queue.
	6400000 states explored in 189.71s, with 14180734 rules fired and 6330154 states in the queue.
	6500000 states explored in 193.72s, with 14485510 rules fired and 6427852 states in the queue.
	6600000 states explored in 197.75s, with 14791785 rules fired and 6524997 states in the queue.
	6700000 states explored in 201.07s, with 15042973 rules fired and 6624293 states in the queue.
	6800000 states explored in 204.58s, with 15311886 rules fired and 6723355 states in the queue.
	6900000 states explored in 208.32s, with 15597417 rules fired and 6822075 states in the queue.
	7000000 states explored in 212.38s, with 15908271 rules fired and 6920117 states in the queue.
	7100000 states explored in 216.71s, with 16241559 rules fired and 7016792 states in the queue.
	7200000 states explored in 220.28s, with 16513249 rules fired and 7115139 states in the queue.
	7300000 states explored in 223.70s, with 16773742 rules fired and 7213770 states in the queue.
	7400000 states explored in 227.12s, with 17036217 rules fired and 7312913 states in the queue.
	7500000 states explored in 230.80s, with 17322504 rules fired and 7411569 states in the queue.
	7600000 states explored in 234.71s, with 17628652 rules fired and 7509593 states in the queue.
	7700000 states explored in 238.39s, with 17913734 rules fired and 7608571 states in the queue.

Error:

	Internal Error: Too many active states.



