This program should be regarded as a DEBUGGING aid, not as a 
certifier of correctness.
Call with the -l flag or read the license file for terms
and conditions of use.
Run this program with "-h" for the list of options.

Bugs, questions, and comments should be directed to
"melatti@di.uniroma1.it".

CMurphi compiler last modified date: Jul 24 2024
Include files last modified date:    Jul 23 2021
==========================================================================

==========================================================================
Caching Murphi Release 5.5.0
Finite-state Concurrent System Verifier.

Caching Murphi Release 5.5.0 is based on various versions of Murphi.
Caching Murphi Release 5.5.0 :
Copyright (C) 2009-2012 by Sapienza University of Rome.
Murphi release 3.1 :
Copyright (C) 1992 - 1999 by the Board of Trustees of
Leland Stanford Junior University.

==========================================================================

Protocol: ./protocols/exec/Flash_node8/Flash_node8_inv108
===========================================
  You are using LS algorithm.  
===========================================

===== Startstates are generated! =====
Carelist Layer 0: Sta.Proc[1].CacheState Sta.Proc[2].CacheState Sta.Proc[3].CacheState Sta.Proc[4].CacheState Sta.Proc[5].CacheState Sta.Proc[6].CacheState Sta.Proc[7].CacheState Sta.Proc[8].CacheState 
Carelist Layer 1: Sta.InvMsg[node].Cmd Sta.UniMsg[node].Cmd Sta.Proc[node].ProcCmd Sta.HomeUniMsg.Cmd Sta.HomeUniMsg.Proc Sta.HomeUniMsg.HomeProc Sta.Proc[node].CacheState Sta.UniMsg[node].Proc Sta.UniMsg[node].HomeProc 
Carelist Layer 2: Sta.Dir.Pending Sta.Dir.InvSet[node] Sta.Dir.Dirty Sta.Dir.HomeInvSet Sta.Dir.Local Sta.Dir.HeadVld Sta.Dir.HeadPtr Sta.Dir.HomeHeadPtr Sta.Dir.ShrSet[node] Sta.Dir.HomeShrSet Sta.HomeProc.ProcCmd Sta.HomeProc.CacheState Sta.RpMsg[node].Cmd 
Carelist Layer 3: Sta.ShWbMsg.Cmd Sta.NakcMsg.Cmd Sta.WbMsg.Cmd Sta.HomeRpMsg.Cmd 
Attr: Sta.HomeRpMsg.Cmd Level: 3 Wi: 2
Attr: Sta.WbMsg.Cmd Level: 3 Wi: 2
Attr: Sta.ShWbMsg.Cmd Level: 3 Wi: 2
Attr: Sta.HomeProc.CacheState Level: 2 Wi: 4
Attr: Sta.Dir.ShrSet[node] Level: 2 Wi: 4
Attr: Sta.Dir.HomeHeadPtr Level: 2 Wi: 4
Attr: Sta.Dir.HomeShrSet Level: 2 Wi: 4
Attr: Sta.Dir.HeadPtr Level: 2 Wi: 4
Attr: Sta.Dir.HeadVld Level: 2 Wi: 4
Attr: Sta.Dir.HomeInvSet Level: 2 Wi: 4
Attr: Sta.Dir.Dirty Level: 2 Wi: 4
Attr: Sta.HomeProc.ProcCmd Level: 2 Wi: 4
Attr: Sta.Dir.InvSet[node] Level: 2 Wi: 4
Attr: Sta.Dir.Pending Level: 2 Wi: 4
Attr: Sta.Proc[6].CacheState Level: 0 Wi: 16
Attr: Sta.UniMsg[node].Proc Level: 1 Wi: 8
Attr: Sta.UniMsg[node].HomeProc Level: 1 Wi: 8
Attr: Sta.Proc[4].CacheState Level: 0 Wi: 16
Attr: Sta.Proc[3].CacheState Level: 0 Wi: 16
Attr: Sta.Proc[2].CacheState Level: 0 Wi: 16
Attr: Sta.HomeUniMsg.HomeProc Level: 1 Wi: 8
Attr: Sta.Proc[8].CacheState Level: 0 Wi: 16
Attr: Sta.NakcMsg.Cmd Level: 3 Wi: 2
Attr: Sta.Proc[node].ProcCmd Level: 1 Wi: 8
Attr: Sta.InvMsg[node].Cmd Level: 1 Wi: 8
Attr: Sta.RpMsg[node].Cmd Level: 2 Wi: 4
Attr: Sta.UniMsg[node].Cmd Level: 1 Wi: 8
Attr: Sta.Dir.Local Level: 2 Wi: 4
Attr: Sta.Proc[5].CacheState Level: 0 Wi: 16
Attr: Sta.Proc[1].CacheState Level: 0 Wi: 16
Attr: Sta.Proc[7].CacheState Level: 0 Wi: 16
Attr: Sta.HomeUniMsg.Proc Level: 1 Wi: 8
Attr: Sta.HomeUniMsg.Cmd Level: 1 Wi: 8
Attr: Sta.Proc[node].CacheState Level: 1 Wi: 8

===== Init heuristics! =====

Progress Report:

	100000 states explored in 4.21s, with 131843 rules fired and 99499 states in the queue.
	200000 states explored in 6.00s, with 273402 rules fired and 199042 states in the queue.
	300000 states explored in 7.87s, with 416962 rules fired and 298733 states in the queue.
	400000 states explored in 9.84s, with 567508 rules fired and 398480 states in the queue.
	500000 states explored in 11.87s, with 723501 rules fired and 498172 states in the queue.
	600000 states explored in 13.87s, with 876340 rules fired and 597940 states in the queue.
	700000 states explored in 15.90s, with 1034158 rules fired and 697666 states in the queue.
	800000 states explored in 18.02s, with 1198333 rules fired and 797320 states in the queue.
	900000 states explored in 20.13s, with 1360823 rules fired and 896900 states in the queue.
	1000000 states explored in 22.17s, with 1518487 rules fired and 996529 states in the queue.
	1100000 states explored in 24.22s, with 1678028 rules fired and 1096254 states in the queue.
	1200000 states explored in 26.32s, with 1840681 rules fired and 1195996 states in the queue.
	1300000 states explored in 28.45s, with 2004377 rules fired and 1295672 states in the queue.
	1400000 states explored in 30.61s, with 2171172 rules fired and 1395278 states in the queue.
	1500000 states explored in 32.76s, with 2335968 rules fired and 1494809 states in the queue.
	1600000 states explored in 34.69s, with 2486940 rules fired and 1594428 states in the queue.
	1700000 states explored in 36.74s, with 2644135 rules fired and 1694166 states in the queue.
	1800000 states explored in 38.76s, with 2798584 rules fired and 1793961 states in the queue.
	1900000 states explored in 40.77s, with 2951292 rules fired and 1893788 states in the queue.
	2000000 states explored in 42.74s, with 3100046 rules fired and 1993631 states in the queue.
	2100000 states explored in 44.80s, with 3256532 rules fired and 2093446 states in the queue.
	2200000 states explored in 46.85s, with 3413012 rules fired and 2193260 states in the queue.
	2300000 states explored in 48.93s, with 3571783 rules fired and 2293061 states in the queue.
	2400000 states explored in 51.05s, with 3733808 rules fired and 2392831 states in the queue.
	2500000 states explored in 53.22s, with 3900099 rules fired and 2492563 states in the queue.
	2600000 states explored in 55.44s, with 4070540 rules fired and 2592264 states in the queue.
	2700000 states explored in 57.68s, with 4243570 rules fired and 2691896 states in the queue.
	2800000 states explored in 59.92s, with 4416814 rules fired and 2791461 states in the queue.
	2900000 states explored in 62.14s, with 4589998 rules fired and 2890986 states in the queue.
	3000000 states explored in 64.29s, with 4756760 rules fired and 2990677 states in the queue.
	3100000 states explored in 66.51s, with 4926480 rules fired and 3090365 states in the queue.
	3200000 states explored in 68.77s, with 5102663 rules fired and 3189968 states in the queue.
	3300000 states explored in 71.06s, with 5280763 rules fired and 3289488 states in the queue.
	3400000 states explored in 73.27s, with 5451113 rules fired and 3389022 states in the queue.
	3500000 states explored in 75.47s, with 5618606 rules fired and 3488585 states in the queue.
	3600000 states explored in 77.52s, with 5775693 rules fired and 3588120 states in the queue.
	3700000 states explored in 79.29s, with 5910318 rules fired and 3687726 states in the queue.
	3800000 states explored in 81.27s, with 6059890 rules fired and 3787382 states in the queue.
	3900000 states explored in 83.30s, with 6209823 rules fired and 3887065 states in the queue.
	4000000 states explored in 85.55s, with 6376640 rules fired and 3986788 states in the queue.
	4100000 states explored in 87.94s, with 6552893 rules fired and 4086550 states in the queue.
	4200000 states explored in 90.47s, with 6739691 rules fired and 4186274 states in the queue.
	4300000 states explored in 93.06s, with 6931022 rules fired and 4285966 states in the queue.
	4400000 states explored in 95.74s, with 7130424 rules fired and 4385580 states in the queue.
	4500000 states explored in 98.52s, with 7338792 rules fired and 4485067 states in the queue.
	4600000 states explored in 101.42s, with 7554881 rules fired and 4584411 states in the queue.
	4700000 states explored in 103.78s, with 7730371 rules fired and 4684014 states in the queue.
	4800000 states explored in 105.97s, with 7895630 rules fired and 4783597 states in the queue.
	4900000 states explored in 107.90s, with 8041939 rules fired and 4883162 states in the queue.
	5000000 states explored in 110.19s, with 8213098 rules fired and 4982801 states in the queue.
	5100000 states explored in 112.76s, with 8404340 rules fired and 5082477 states in the queue.
	5200000 states explored in 115.49s, with 8607654 rules fired and 5182120 states in the queue.
	5300000 states explored in 118.31s, with 8817475 rules fired and 5281674 states in the queue.
	5400000 states explored in 121.11s, with 9025589 rules fired and 5381155 states in the queue.
	5500000 states explored in 123.89s, with 9233599 rules fired and 5480701 states in the queue.
	5600000 states explored in 126.61s, with 9436533 rules fired and 5580150 states in the queue.
	5700000 states explored in 129.00s, with 9614325 rules fired and 5679793 states in the queue.
	5800000 states explored in 131.66s, with 9811065 rules fired and 5779457 states in the queue.
	5900000 states explored in 134.37s, with 10013619 rules fired and 5879082 states in the queue.
	6000000 states explored in 137.29s, with 10231304 rules fired and 5978519 states in the queue.
	6100000 states explored in 139.98s, with 10432069 rules fired and 6078136 states in the queue.
	6200000 states explored in 142.87s, with 10647024 rules fired and 6177712 states in the queue.
	6300000 states explored in 145.77s, with 10865380 rules fired and 6277198 states in the queue.
	6400000 states explored in 148.45s, with 11065620 rules fired and 6376615 states in the queue.
	6500000 states explored in 150.79s, with 11237961 rules fired and 6476262 states in the queue.
	6600000 states explored in 153.36s, with 11428254 rules fired and 6575918 states in the queue.
	6700000 states explored in 156.00s, with 11625804 rules fired and 6675607 states in the queue.
	6800000 states explored in 158.78s, with 11832809 rules fired and 6775221 states in the queue.
	6900000 states explored in 161.64s, with 12047097 rules fired and 6874711 states in the queue.
	7000000 states explored in 164.46s, with 12257998 rules fired and 6974177 states in the queue.
	7100000 states explored in 167.25s, with 12466608 rules fired and 7073671 states in the queue.
	7200000 states explored in 170.08s, with 12678889 rules fired and 7173265 states in the queue.
	7300000 states explored in 172.98s, with 12896634 rules fired and 7272748 states in the queue.
	7400000 states explored in 175.74s, with 13103584 rules fired and 7372265 states in the queue.
	7500000 states explored in 178.58s, with 13315698 rules fired and 7471828 states in the queue.
	7600000 states explored in 181.54s, with 13534971 rules fired and 7571329 states in the queue.

Error:

	Internal Error: Too many active states.



