This program should be regarded as a DEBUGGING aid, not as a 
certifier of correctness.
Call with the -l flag or read the license file for terms
and conditions of use.
Run this program with "-h" for the list of options.

Bugs, questions, and comments should be directed to
"melatti@di.uniroma1.it".

CMurphi compiler last modified date: Jul 24 2024
Include files last modified date:    Jul 23 2021
==========================================================================

==========================================================================
Caching Murphi Release 5.5.0
Finite-state Concurrent System Verifier.

Caching Murphi Release 5.5.0 is based on various versions of Murphi.
Caching Murphi Release 5.5.0 :
Copyright (C) 2009-2012 by Sapienza University of Rome.
Murphi release 3.1 :
Copyright (C) 1992 - 1999 by the Board of Trustees of
Leland Stanford Junior University.

==========================================================================

Protocol: ./protocols/exec/Flash_node8/Flash_node8_inv244
===========================================
  You are using LS algorithm.  
===========================================

===== Startstates are generated! =====
Carelist Layer 0: Sta.Proc[1].CacheState Sta.Proc[2].CacheState Sta.Proc[3].CacheState Sta.Proc[4].CacheState Sta.Proc[5].CacheState Sta.Proc[6].CacheState Sta.Proc[7].CacheState Sta.Proc[8].CacheState 
Carelist Layer 1: Sta.InvMsg[node].Cmd Sta.UniMsg[node].Cmd Sta.Proc[node].ProcCmd Sta.HomeUniMsg.Cmd Sta.HomeUniMsg.Proc Sta.HomeUniMsg.HomeProc Sta.Proc[node].CacheState Sta.UniMsg[node].Proc Sta.UniMsg[node].HomeProc 
Carelist Layer 2: Sta.Dir.Pending Sta.Dir.InvSet[node] Sta.Dir.Dirty Sta.Dir.HomeInvSet Sta.Dir.Local Sta.Dir.HeadVld Sta.Dir.HeadPtr Sta.Dir.HomeHeadPtr Sta.Dir.ShrSet[node] Sta.Dir.HomeShrSet Sta.HomeProc.ProcCmd Sta.HomeProc.CacheState Sta.RpMsg[node].Cmd 
Carelist Layer 3: Sta.ShWbMsg.Cmd Sta.NakcMsg.Cmd Sta.WbMsg.Cmd Sta.HomeRpMsg.Cmd 
Attr: Sta.HomeRpMsg.Cmd Level: 3 Wi: 2
Attr: Sta.WbMsg.Cmd Level: 3 Wi: 2
Attr: Sta.ShWbMsg.Cmd Level: 3 Wi: 2
Attr: Sta.HomeProc.CacheState Level: 2 Wi: 4
Attr: Sta.Dir.ShrSet[node] Level: 2 Wi: 4
Attr: Sta.Dir.HomeHeadPtr Level: 2 Wi: 4
Attr: Sta.Dir.HomeShrSet Level: 2 Wi: 4
Attr: Sta.Dir.HeadPtr Level: 2 Wi: 4
Attr: Sta.Dir.HeadVld Level: 2 Wi: 4
Attr: Sta.Dir.HomeInvSet Level: 2 Wi: 4
Attr: Sta.Dir.Dirty Level: 2 Wi: 4
Attr: Sta.HomeProc.ProcCmd Level: 2 Wi: 4
Attr: Sta.Dir.InvSet[node] Level: 2 Wi: 4
Attr: Sta.Dir.Pending Level: 2 Wi: 4
Attr: Sta.Proc[6].CacheState Level: 0 Wi: 16
Attr: Sta.UniMsg[node].Proc Level: 1 Wi: 8
Attr: Sta.UniMsg[node].HomeProc Level: 1 Wi: 8
Attr: Sta.Proc[4].CacheState Level: 0 Wi: 16
Attr: Sta.Proc[3].CacheState Level: 0 Wi: 16
Attr: Sta.Proc[2].CacheState Level: 0 Wi: 16
Attr: Sta.HomeUniMsg.HomeProc Level: 1 Wi: 8
Attr: Sta.Proc[8].CacheState Level: 0 Wi: 16
Attr: Sta.NakcMsg.Cmd Level: 3 Wi: 2
Attr: Sta.Proc[node].ProcCmd Level: 1 Wi: 8
Attr: Sta.InvMsg[node].Cmd Level: 1 Wi: 8
Attr: Sta.RpMsg[node].Cmd Level: 2 Wi: 4
Attr: Sta.UniMsg[node].Cmd Level: 1 Wi: 8
Attr: Sta.Dir.Local Level: 2 Wi: 4
Attr: Sta.Proc[5].CacheState Level: 0 Wi: 16
Attr: Sta.Proc[1].CacheState Level: 0 Wi: 16
Attr: Sta.Proc[7].CacheState Level: 0 Wi: 16
Attr: Sta.HomeUniMsg.Proc Level: 1 Wi: 8
Attr: Sta.HomeUniMsg.Cmd Level: 1 Wi: 8
Attr: Sta.Proc[node].CacheState Level: 1 Wi: 8

===== Init heuristics! =====

Progress Report:

	100000 states explored in 4.47s, with 142390 rules fired and 99487 states in the queue.
	200000 states explored in 6.74s, with 308226 rules fired and 199061 states in the queue.
	300000 states explored in 8.97s, with 472117 rules fired and 298609 states in the queue.
	400000 states explored in 11.21s, with 637259 rules fired and 398211 states in the queue.
	500000 states explored in 13.74s, with 823322 rules fired and 497486 states in the queue.
	600000 states explored in 16.20s, with 1003136 rules fired and 597119 states in the queue.
	700000 states explored in 18.59s, with 1178155 rules fired and 696773 states in the queue.
	800000 states explored in 21.04s, with 1357315 rules fired and 796401 states in the queue.
	900000 states explored in 23.04s, with 1503548 rules fired and 896134 states in the queue.
	1000000 states explored in 25.01s, with 1646200 rules fired and 996003 states in the queue.
	1100000 states explored in 27.26s, with 1808931 rules fired and 1095852 states in the queue.
	1200000 states explored in 29.60s, with 1978911 rules fired and 1195715 states in the queue.
	1300000 states explored in 32.08s, with 2159238 rules fired and 1295522 states in the queue.
	1400000 states explored in 34.63s, with 2345179 rules fired and 1395300 states in the queue.
	1500000 states explored in 37.11s, with 2525008 rules fired and 1495085 states in the queue.
	1600000 states explored in 39.44s, with 2695064 rules fired and 1594941 states in the queue.
	1700000 states explored in 41.88s, with 2871177 rules fired and 1694780 states in the queue.
	1800000 states explored in 43.99s, with 3025423 rules fired and 1794658 states in the queue.
	1900000 states explored in 46.41s, with 3203596 rules fired and 1894449 states in the queue.
	2000000 states explored in 49.01s, with 3394180 rules fired and 1994190 states in the queue.
	2100000 states explored in 51.85s, with 3600889 rules fired and 2093791 states in the queue.
	2200000 states explored in 54.61s, with 3801767 rules fired and 2193528 states in the queue.
	2300000 states explored in 57.37s, with 4005088 rules fired and 2293248 states in the queue.
	2400000 states explored in 60.20s, with 4213606 rules fired and 2392945 states in the queue.
	2500000 states explored in 63.08s, with 4425242 rules fired and 2492589 states in the queue.
	2600000 states explored in 66.02s, with 4643186 rules fired and 2592225 states in the queue.
	2700000 states explored in 68.72s, with 4840868 rules fired and 2691950 states in the queue.
	2800000 states explored in 71.25s, with 5025852 rules fired and 2791747 states in the queue.
	2900000 states explored in 73.44s, with 5185749 rules fired and 2891591 states in the queue.
	3000000 states explored in 75.49s, with 5334545 rules fired and 2991473 states in the queue.
	3100000 states explored in 77.59s, with 5488105 rules fired and 3091334 states in the queue.
	3200000 states explored in 79.79s, with 5649886 rules fired and 3191167 states in the queue.
	3300000 states explored in 82.00s, with 5812522 rules fired and 3291001 states in the queue.
	3400000 states explored in 84.73s, with 6011380 rules fired and 3390715 states in the queue.
	3500000 states explored in 87.64s, with 6224149 rules fired and 3490308 states in the queue.
	3600000 states explored in 90.47s, with 6429393 rules fired and 3589992 states in the queue.
	3700000 states explored in 92.67s, with 6590260 rules fired and 3689829 states in the queue.
	3800000 states explored in 94.87s, with 6752711 rules fired and 3789672 states in the queue.
	3900000 states explored in 97.24s, with 6922349 rules fired and 3889446 states in the queue.
	4000000 states explored in 99.71s, with 7100390 rules fired and 3989224 states in the queue.
	4100000 states explored in 102.31s, with 7286916 rules fired and 4088997 states in the queue.
	4200000 states explored in 105.01s, with 7481792 rules fired and 4188745 states in the queue.
	4300000 states explored in 107.77s, with 7680613 rules fired and 4288503 states in the queue.
	4400000 states explored in 110.63s, with 7888455 rules fired and 4388228 states in the queue.
	4500000 states explored in 113.56s, with 8101173 rules fired and 4487862 states in the queue.
	4600000 states explored in 116.61s, with 8324049 rules fired and 4587403 states in the queue.
	4700000 states explored in 119.70s, with 8550529 rules fired and 4686916 states in the queue.
	4800000 states explored in 122.34s, with 8743902 rules fired and 4786668 states in the queue.
	4900000 states explored in 124.97s, with 8937131 rules fired and 4886459 states in the queue.
	5000000 states explored in 127.42s, with 9116364 rules fired and 4986207 states in the queue.
	5100000 states explored in 129.63s, with 9278233 rules fired and 5085996 states in the queue.
	5200000 states explored in 131.95s, with 9447334 rules fired and 5185798 states in the queue.
	5300000 states explored in 134.41s, with 9626786 rules fired and 5285538 states in the queue.
	5400000 states explored in 136.76s, with 9798963 rules fired and 5385319 states in the queue.
	5500000 states explored in 139.32s, with 9985249 rules fired and 5485085 states in the queue.
	5600000 states explored in 141.78s, with 10163713 rules fired and 5584838 states in the queue.
	5700000 states explored in 144.26s, with 10343828 rules fired and 5684605 states in the queue.
	5800000 states explored in 146.62s, with 10516608 rules fired and 5784383 states in the queue.
	5900000 states explored in 149.01s, with 10689158 rules fired and 5884120 states in the queue.
	6000000 states explored in 151.67s, with 10882340 rules fired and 5983809 states in the queue.
	6100000 states explored in 154.48s, with 11086659 rules fired and 6083435 states in the queue.
	6200000 states explored in 157.37s, with 11297702 rules fired and 6183025 states in the queue.
	6300000 states explored in 160.32s, with 11512714 rules fired and 6282603 states in the queue.
	6400000 states explored in 163.38s, with 11736460 rules fired and 6382140 states in the queue.
	6500000 states explored in 166.51s, with 11965260 rules fired and 6481580 states in the queue.
	6600000 states explored in 169.41s, with 12175724 rules fired and 6581170 states in the queue.
	6700000 states explored in 172.37s, with 12391057 rules fired and 6680753 states in the queue.
	6800000 states explored in 175.16s, with 12593523 rules fired and 6780449 states in the queue.
	6900000 states explored in 178.16s, with 12810683 rules fired and 6880063 states in the queue.
	7000000 states explored in 181.19s, with 13032175 rules fired and 6979672 states in the queue.
	7100000 states explored in 184.31s, with 13260341 rules fired and 7079221 states in the queue.
	7200000 states explored in 187.48s, with 13492721 rules fired and 7178711 states in the queue.
	7300000 states explored in 190.74s, with 13733078 rules fired and 7278148 states in the queue.
	7400000 states explored in 193.89s, with 13963856 rules fired and 7377602 states in the queue.
	7500000 states explored in 196.98s, with 14189336 rules fired and 7477089 states in the queue.
	7600000 states explored in 199.88s, with 14395972 rules fired and 7576724 states in the queue.

Error:

	Internal Error: Too many active states.



