This program should be regarded as a DEBUGGING aid, not as a 
certifier of correctness.
Call with the -l flag or read the license file for terms
and conditions of use.
Run this program with "-h" for the list of options.

Bugs, questions, and comments should be directed to
"melatti@di.uniroma1.it".

CMurphi compiler last modified date: Jul 24 2024
Include files last modified date:    Jul 23 2021
==========================================================================

==========================================================================
Caching Murphi Release 5.5.0
Finite-state Concurrent System Verifier.

Caching Murphi Release 5.5.0 is based on various versions of Murphi.
Caching Murphi Release 5.5.0 :
Copyright (C) 2009-2012 by Sapienza University of Rome.
Murphi release 3.1 :
Copyright (C) 1992 - 1999 by the Board of Trustees of
Leland Stanford Junior University.

==========================================================================

Protocol: ./protocols/exec/Flash_node8/Flash_node8_inv48
===========================================
  You are using LS algorithm.  
===========================================

===== Startstates are generated! =====
Carelist Layer 0: Sta.Proc[1].CacheState Sta.Proc[2].CacheState Sta.Proc[3].CacheState Sta.Proc[4].CacheState Sta.Proc[5].CacheState Sta.Proc[6].CacheState Sta.Proc[7].CacheState Sta.Proc[8].CacheState 
Carelist Layer 1: Sta.InvMsg[node].Cmd Sta.UniMsg[node].Cmd Sta.Proc[node].ProcCmd Sta.HomeUniMsg.Cmd Sta.HomeUniMsg.Proc Sta.HomeUniMsg.HomeProc Sta.Proc[node].CacheState Sta.UniMsg[node].Proc Sta.UniMsg[node].HomeProc 
Carelist Layer 2: Sta.Dir.Pending Sta.Dir.InvSet[node] Sta.Dir.Dirty Sta.Dir.HomeInvSet Sta.Dir.Local Sta.Dir.HeadVld Sta.Dir.HeadPtr Sta.Dir.HomeHeadPtr Sta.Dir.ShrSet[node] Sta.Dir.HomeShrSet Sta.HomeProc.ProcCmd Sta.HomeProc.CacheState Sta.RpMsg[node].Cmd 
Carelist Layer 3: Sta.ShWbMsg.Cmd Sta.NakcMsg.Cmd Sta.WbMsg.Cmd Sta.HomeRpMsg.Cmd 
Attr: Sta.HomeRpMsg.Cmd Level: 3 Wi: 2
Attr: Sta.WbMsg.Cmd Level: 3 Wi: 2
Attr: Sta.ShWbMsg.Cmd Level: 3 Wi: 2
Attr: Sta.HomeProc.CacheState Level: 2 Wi: 4
Attr: Sta.Dir.ShrSet[node] Level: 2 Wi: 4
Attr: Sta.Dir.HomeHeadPtr Level: 2 Wi: 4
Attr: Sta.Dir.HomeShrSet Level: 2 Wi: 4
Attr: Sta.Dir.HeadPtr Level: 2 Wi: 4
Attr: Sta.Dir.HeadVld Level: 2 Wi: 4
Attr: Sta.Dir.HomeInvSet Level: 2 Wi: 4
Attr: Sta.Dir.Dirty Level: 2 Wi: 4
Attr: Sta.HomeProc.ProcCmd Level: 2 Wi: 4
Attr: Sta.Dir.InvSet[node] Level: 2 Wi: 4
Attr: Sta.Dir.Pending Level: 2 Wi: 4
Attr: Sta.Proc[6].CacheState Level: 0 Wi: 16
Attr: Sta.UniMsg[node].Proc Level: 1 Wi: 8
Attr: Sta.UniMsg[node].HomeProc Level: 1 Wi: 8
Attr: Sta.Proc[4].CacheState Level: 0 Wi: 16
Attr: Sta.Proc[3].CacheState Level: 0 Wi: 16
Attr: Sta.Proc[2].CacheState Level: 0 Wi: 16
Attr: Sta.HomeUniMsg.HomeProc Level: 1 Wi: 8
Attr: Sta.Proc[8].CacheState Level: 0 Wi: 16
Attr: Sta.NakcMsg.Cmd Level: 3 Wi: 2
Attr: Sta.Proc[node].ProcCmd Level: 1 Wi: 8
Attr: Sta.InvMsg[node].Cmd Level: 1 Wi: 8
Attr: Sta.RpMsg[node].Cmd Level: 2 Wi: 4
Attr: Sta.UniMsg[node].Cmd Level: 1 Wi: 8
Attr: Sta.Dir.Local Level: 2 Wi: 4
Attr: Sta.Proc[5].CacheState Level: 0 Wi: 16
Attr: Sta.Proc[1].CacheState Level: 0 Wi: 16
Attr: Sta.Proc[7].CacheState Level: 0 Wi: 16
Attr: Sta.HomeUniMsg.Proc Level: 1 Wi: 8
Attr: Sta.HomeUniMsg.Cmd Level: 1 Wi: 8
Attr: Sta.Proc[node].CacheState Level: 1 Wi: 8

===== Init heuristics! =====

Progress Report:

	100000 states explored in 4.39s, with 139912 rules fired and 99432 states in the queue.
	200000 states explored in 6.40s, with 292238 rules fired and 199002 states in the queue.
	300000 states explored in 8.60s, with 456483 rules fired and 298545 states in the queue.
	400000 states explored in 10.98s, with 635142 rules fired and 398118 states in the queue.
	500000 states explored in 13.48s, with 823254 rules fired and 497552 states in the queue.
	600000 states explored in 16.03s, with 1012967 rules fired and 597177 states in the queue.
	700000 states explored in 18.78s, with 1220007 rules fired and 696724 states in the queue.
	800000 states explored in 21.81s, with 1444921 rules fired and 796080 states in the queue.
	900000 states explored in 24.99s, with 1686824 rules fired and 894998 states in the queue.
	1000000 states explored in 28.30s, with 1929604 rules fired and 994063 states in the queue.
	1100000 states explored in 31.73s, with 2188099 rules fired and 1092867 states in the queue.
	1200000 states explored in 35.40s, with 2465159 rules fired and 1191019 states in the queue.
	1300000 states explored in 38.48s, with 2699283 rules fired and 1289570 states in the queue.
	1400000 states explored in 41.94s, with 2961477 rules fired and 1387300 states in the queue.
	1500000 states explored in 45.61s, with 3238918 rules fired and 1484578 states in the queue.
	1600000 states explored in 49.01s, with 3498655 rules fired and 1583520 states in the queue.
	1700000 states explored in 52.85s, with 3793034 rules fired and 1681224 states in the queue.
	1800000 states explored in 54.90s, with 3951486 rules fired and 1780186 states in the queue.
	1900000 states explored in 56.67s, with 4088082 rules fired and 1879940 states in the queue.
	2000000 states explored in 58.56s, with 4233127 rules fired and 1979736 states in the queue.
	2100000 states explored in 60.49s, with 4381476 rules fired and 2079566 states in the queue.
	2200000 states explored in 62.48s, with 4533304 rules fired and 2179433 states in the queue.
	2300000 states explored in 64.44s, with 4682303 rules fired and 2279301 states in the queue.
	2400000 states explored in 66.47s, with 4837386 rules fired and 2379147 states in the queue.
	2500000 states explored in 68.58s, with 4998509 rules fired and 2478967 states in the queue.
	2600000 states explored in 70.64s, with 5156063 rules fired and 2578801 states in the queue.
	2700000 states explored in 72.74s, with 5316171 rules fired and 2678607 states in the queue.
	2800000 states explored in 74.84s, with 5476497 rules fired and 2778400 states in the queue.
	2900000 states explored in 76.97s, with 5637257 rules fired and 2878152 states in the queue.
	3000000 states explored in 79.09s, with 5798978 rules fired and 2977911 states in the queue.
	3100000 states explored in 81.17s, with 5958603 rules fired and 3077686 states in the queue.
	3200000 states explored in 83.26s, with 6119341 rules fired and 3177468 states in the queue.
	3300000 states explored in 85.27s, with 6274486 rules fired and 3277211 states in the queue.
	3400000 states explored in 87.29s, with 6429886 rules fired and 3376884 states in the queue.
	3500000 states explored in 89.19s, with 6576832 rules fired and 3476501 states in the queue.
	3600000 states explored in 91.17s, with 6728442 rules fired and 3576226 states in the queue.
	3700000 states explored in 93.35s, with 6891551 rules fired and 3675967 states in the queue.
	3800000 states explored in 95.56s, with 7057122 rules fired and 3775718 states in the queue.
	3900000 states explored in 97.79s, with 7222932 rules fired and 3875498 states in the queue.
	4000000 states explored in 99.98s, with 7386889 rules fired and 3975294 states in the queue.
	4100000 states explored in 102.12s, with 7546573 rules fired and 4075115 states in the queue.
	4200000 states explored in 104.29s, with 7709285 rules fired and 4174950 states in the queue.
	4300000 states explored in 106.41s, with 7867607 rules fired and 4274819 states in the queue.
	4400000 states explored in 108.51s, with 8024865 rules fired and 4374708 states in the queue.
	4500000 states explored in 110.73s, with 8190148 rules fired and 4474590 states in the queue.
	4600000 states explored in 112.85s, with 8348793 rules fired and 4574469 states in the queue.
	4700000 states explored in 115.05s, with 8512357 rules fired and 4674342 states in the queue.
	4800000 states explored in 117.22s, with 8674317 rules fired and 4774206 states in the queue.
	4900000 states explored in 119.37s, with 8836205 rules fired and 4874055 states in the queue.
	5000000 states explored in 121.51s, with 8995037 rules fired and 4973898 states in the queue.
	5100000 states explored in 123.67s, with 9157432 rules fired and 5073763 states in the queue.
	5200000 states explored in 125.88s, with 9322259 rules fired and 5173629 states in the queue.
	5300000 states explored in 128.05s, with 9484584 rules fired and 5273490 states in the queue.
	5400000 states explored in 130.21s, with 9647017 rules fired and 5373339 states in the queue.
	5500000 states explored in 132.38s, with 9809756 rules fired and 5473171 states in the queue.
	5600000 states explored in 134.51s, with 9968939 rules fired and 5573003 states in the queue.
	5700000 states explored in 136.62s, with 10126653 rules fired and 5672850 states in the queue.
	5800000 states explored in 138.77s, with 10287051 rules fired and 5772691 states in the queue.
	5900000 states explored in 140.86s, with 10443174 rules fired and 5872529 states in the queue.
	6000000 states explored in 143.01s, with 10604246 rules fired and 5972367 states in the queue.
	6100000 states explored in 145.14s, with 10763208 rules fired and 6072206 states in the queue.
	6200000 states explored in 147.29s, with 10924292 rules fired and 6171999 states in the queue.
	6300000 states explored in 149.45s, with 11086748 rules fired and 6271785 states in the queue.
	6400000 states explored in 151.62s, with 11249424 rules fired and 6371577 states in the queue.
	6500000 states explored in 153.76s, with 11409879 rules fired and 6471349 states in the queue.
	6600000 states explored in 155.88s, with 11569122 rules fired and 6571124 states in the queue.
	6700000 states explored in 158.05s, with 11731160 rules fired and 6670917 states in the queue.
	6800000 states explored in 160.20s, with 11892390 rules fired and 6770669 states in the queue.
	6900000 states explored in 162.35s, with 12052841 rules fired and 6870433 states in the queue.
	7000000 states explored in 164.53s, with 12216068 rules fired and 6970171 states in the queue.
	7100000 states explored in 166.66s, with 12375333 rules fired and 7069870 states in the queue.
	7200000 states explored in 168.83s, with 12537488 rules fired and 7169571 states in the queue.
	7300000 states explored in 171.05s, with 12703604 rules fired and 7269183 states in the queue.
	7400000 states explored in 173.00s, with 12850295 rules fired and 7368942 states in the queue.
	7500000 states explored in 174.65s, with 12970157 rules fired and 7468883 states in the queue.
	7600000 states explored in 176.41s, with 13098720 rules fired and 7568820 states in the queue.

Error:

	Internal Error: Too many active states.



