This program should be regarded as a DEBUGGING aid, not as a 
certifier of correctness.
Call with the -l flag or read the license file for terms
and conditions of use.
Run this program with "-h" for the list of options.

Bugs, questions, and comments should be directed to
"melatti@di.uniroma1.it".

CMurphi compiler last modified date: Jul 24 2024
Include files last modified date:    Jul 23 2021
==========================================================================

==========================================================================
Caching Murphi Release 5.5.0
Finite-state Concurrent System Verifier.

Caching Murphi Release 5.5.0 is based on various versions of Murphi.
Caching Murphi Release 5.5.0 :
Copyright (C) 2009-2012 by Sapienza University of Rome.
Murphi release 3.1 :
Copyright (C) 1992 - 1999 by the Board of Trustees of
Leland Stanford Junior University.

==========================================================================

Protocol: ./protocols/exec/Flash_node8/Flash_node8_inv237
===========================================
  You are using LS algorithm.  
===========================================

===== Startstates are generated! =====
Carelist Layer 0: Sta.Proc[1].CacheState Sta.Proc[2].CacheState Sta.Proc[3].CacheState Sta.Proc[4].CacheState Sta.Proc[5].CacheState Sta.Proc[6].CacheState Sta.Proc[7].CacheState Sta.Proc[8].CacheState 
Carelist Layer 1: Sta.InvMsg[node].Cmd Sta.UniMsg[node].Cmd Sta.Proc[node].ProcCmd Sta.HomeUniMsg.Cmd Sta.HomeUniMsg.Proc Sta.HomeUniMsg.HomeProc Sta.Proc[node].CacheState Sta.UniMsg[node].Proc Sta.UniMsg[node].HomeProc 
Carelist Layer 2: Sta.Dir.Pending Sta.Dir.InvSet[node] Sta.Dir.Dirty Sta.Dir.HomeInvSet Sta.Dir.Local Sta.Dir.HeadVld Sta.Dir.HeadPtr Sta.Dir.HomeHeadPtr Sta.Dir.ShrSet[node] Sta.Dir.HomeShrSet Sta.HomeProc.ProcCmd Sta.HomeProc.CacheState Sta.RpMsg[node].Cmd 
Carelist Layer 3: Sta.ShWbMsg.Cmd Sta.NakcMsg.Cmd Sta.WbMsg.Cmd Sta.HomeRpMsg.Cmd 
Attr: Sta.HomeRpMsg.Cmd Level: 3 Wi: 2
Attr: Sta.WbMsg.Cmd Level: 3 Wi: 2
Attr: Sta.ShWbMsg.Cmd Level: 3 Wi: 2
Attr: Sta.HomeProc.CacheState Level: 2 Wi: 4
Attr: Sta.Dir.ShrSet[node] Level: 2 Wi: 4
Attr: Sta.Dir.HomeHeadPtr Level: 2 Wi: 4
Attr: Sta.Dir.HomeShrSet Level: 2 Wi: 4
Attr: Sta.Dir.HeadPtr Level: 2 Wi: 4
Attr: Sta.Dir.HeadVld Level: 2 Wi: 4
Attr: Sta.Dir.HomeInvSet Level: 2 Wi: 4
Attr: Sta.Dir.Dirty Level: 2 Wi: 4
Attr: Sta.HomeProc.ProcCmd Level: 2 Wi: 4
Attr: Sta.Dir.InvSet[node] Level: 2 Wi: 4
Attr: Sta.Dir.Pending Level: 2 Wi: 4
Attr: Sta.Proc[6].CacheState Level: 0 Wi: 16
Attr: Sta.UniMsg[node].Proc Level: 1 Wi: 8
Attr: Sta.UniMsg[node].HomeProc Level: 1 Wi: 8
Attr: Sta.Proc[4].CacheState Level: 0 Wi: 16
Attr: Sta.Proc[3].CacheState Level: 0 Wi: 16
Attr: Sta.Proc[2].CacheState Level: 0 Wi: 16
Attr: Sta.HomeUniMsg.HomeProc Level: 1 Wi: 8
Attr: Sta.Proc[8].CacheState Level: 0 Wi: 16
Attr: Sta.NakcMsg.Cmd Level: 3 Wi: 2
Attr: Sta.Proc[node].ProcCmd Level: 1 Wi: 8
Attr: Sta.InvMsg[node].Cmd Level: 1 Wi: 8
Attr: Sta.RpMsg[node].Cmd Level: 2 Wi: 4
Attr: Sta.UniMsg[node].Cmd Level: 1 Wi: 8
Attr: Sta.Dir.Local Level: 2 Wi: 4
Attr: Sta.Proc[5].CacheState Level: 0 Wi: 16
Attr: Sta.Proc[1].CacheState Level: 0 Wi: 16
Attr: Sta.Proc[7].CacheState Level: 0 Wi: 16
Attr: Sta.HomeUniMsg.Proc Level: 1 Wi: 8
Attr: Sta.HomeUniMsg.Cmd Level: 1 Wi: 8
Attr: Sta.Proc[node].CacheState Level: 1 Wi: 8

===== Init heuristics! =====

Progress Report:

	100000 states explored in 4.26s, with 131843 rules fired and 99499 states in the queue.
	200000 states explored in 6.13s, with 273402 rules fired and 199042 states in the queue.
	300000 states explored in 8.06s, with 416962 rules fired and 298733 states in the queue.
	400000 states explored in 10.09s, with 567508 rules fired and 398480 states in the queue.
	500000 states explored in 12.18s, with 723501 rules fired and 498172 states in the queue.
	600000 states explored in 14.24s, with 876340 rules fired and 597940 states in the queue.
	700000 states explored in 16.36s, with 1034158 rules fired and 697666 states in the queue.
	800000 states explored in 18.56s, with 1198333 rules fired and 797320 states in the queue.
	900000 states explored in 20.74s, with 1360823 rules fired and 896900 states in the queue.
	1000000 states explored in 22.84s, with 1518487 rules fired and 996529 states in the queue.
	1100000 states explored in 24.95s, with 1678028 rules fired and 1096254 states in the queue.
	1200000 states explored in 27.13s, with 1840681 rules fired and 1195996 states in the queue.
	1300000 states explored in 29.31s, with 2004377 rules fired and 1295672 states in the queue.
	1400000 states explored in 31.53s, with 2171172 rules fired and 1395278 states in the queue.
	1500000 states explored in 33.74s, with 2335968 rules fired and 1494809 states in the queue.
	1600000 states explored in 35.74s, with 2486940 rules fired and 1594428 states in the queue.
	1700000 states explored in 37.85s, with 2644135 rules fired and 1694166 states in the queue.
	1800000 states explored in 39.94s, with 2798584 rules fired and 1793961 states in the queue.
	1900000 states explored in 42.01s, with 2951292 rules fired and 1893788 states in the queue.
	2000000 states explored in 44.03s, with 3100046 rules fired and 1993631 states in the queue.
	2100000 states explored in 46.14s, with 3256532 rules fired and 2093446 states in the queue.
	2200000 states explored in 48.26s, with 3413012 rules fired and 2193260 states in the queue.
	2300000 states explored in 50.40s, with 3571783 rules fired and 2293061 states in the queue.
	2400000 states explored in 52.58s, with 3733808 rules fired and 2392831 states in the queue.
	2500000 states explored in 54.81s, with 3900099 rules fired and 2492563 states in the queue.
	2600000 states explored in 57.10s, with 4070540 rules fired and 2592264 states in the queue.
	2700000 states explored in 59.41s, with 4243570 rules fired and 2691896 states in the queue.
	2800000 states explored in 61.71s, with 4416814 rules fired and 2791461 states in the queue.
	2900000 states explored in 63.99s, with 4589998 rules fired and 2890986 states in the queue.
	3000000 states explored in 66.21s, with 4756760 rules fired and 2990677 states in the queue.
	3100000 states explored in 68.47s, with 4926480 rules fired and 3090365 states in the queue.
	3200000 states explored in 70.80s, with 5102663 rules fired and 3189968 states in the queue.
	3300000 states explored in 73.15s, with 5280763 rules fired and 3289488 states in the queue.
	3400000 states explored in 75.42s, with 5451113 rules fired and 3389022 states in the queue.
	3500000 states explored in 77.67s, with 5618606 rules fired and 3488585 states in the queue.
	3600000 states explored in 79.78s, with 5775357 rules fired and 3588134 states in the queue.
	3700000 states explored in 81.56s, with 5908561 rules fired and 3687731 states in the queue.
	3800000 states explored in 83.50s, with 6050182 rules fired and 3787365 states in the queue.
	3900000 states explored in 85.59s, with 6205202 rules fired and 3887019 states in the queue.
	4000000 states explored in 87.76s, with 6364956 rules fired and 3986652 states in the queue.
	4100000 states explored in 89.93s, with 6521667 rules fired and 4086269 states in the queue.
	4200000 states explored in 92.23s, with 6687243 rules fired and 4185963 states in the queue.
	4300000 states explored in 94.70s, with 6863796 rules fired and 4285699 states in the queue.
	4400000 states explored in 97.23s, with 7046700 rules fired and 4385417 states in the queue.
	4500000 states explored in 99.88s, with 7238579 rules fired and 4485070 states in the queue.
	4600000 states explored in 102.62s, with 7436390 rules fired and 4584670 states in the queue.
	4700000 states explored in 105.27s, with 7629115 rules fired and 4684243 states in the queue.
	4800000 states explored in 107.95s, with 7823129 rules fired and 4783796 states in the queue.
	4900000 states explored in 110.39s, with 8002163 rules fired and 4883289 states in the queue.
	5000000 states explored in 112.82s, with 8180151 rules fired and 4982790 states in the queue.
	5100000 states explored in 115.25s, with 8359576 rules fired and 5082302 states in the queue.
	5200000 states explored in 117.92s, with 8555035 rules fired and 5181700 states in the queue.
	5300000 states explored in 120.66s, with 8756422 rules fired and 5281085 states in the queue.
	5400000 states explored in 123.46s, with 8961125 rules fired and 5380443 states in the queue.
	5500000 states explored in 126.24s, with 9164532 rules fired and 5479862 states in the queue.
	5600000 states explored in 128.94s, with 9363476 rules fired and 5579377 states in the queue.
	5700000 states explored in 131.70s, with 9566736 rules fired and 5678791 states in the queue.
	5800000 states explored in 134.55s, with 9776926 rules fired and 5778041 states in the queue.
	5900000 states explored in 137.52s, with 9995061 rules fired and 5877149 states in the queue.
	6000000 states explored in 140.55s, with 10216624 rules fired and 5976366 states in the queue.
	6100000 states explored in 143.61s, with 10439971 rules fired and 6075514 states in the queue.
	6200000 states explored in 146.76s, with 10669861 rules fired and 6174368 states in the queue.
	6300000 states explored in 150.01s, with 10908719 rules fired and 6272947 states in the queue.
	6400000 states explored in 152.57s, with 11092096 rules fired and 6372181 states in the queue.
	6500000 states explored in 154.94s, with 11261820 rules fired and 6471776 states in the queue.
	6600000 states explored in 157.20s, with 11424824 rules fired and 6571350 states in the queue.
	6700000 states explored in 159.52s, with 11592059 rules fired and 6670960 states in the queue.
	6800000 states explored in 161.87s, with 11762678 rules fired and 6770582 states in the queue.
	6900000 states explored in 164.27s, with 11938754 rules fired and 6870151 states in the queue.
	7000000 states explored in 166.54s, with 12104916 rules fired and 6969696 states in the queue.
	7100000 states explored in 168.75s, with 12263760 rules fired and 7069219 states in the queue.
	7200000 states explored in 171.03s, with 12428506 rules fired and 7168741 states in the queue.
	7300000 states explored in 173.37s, with 12598101 rules fired and 7268259 states in the queue.
	7400000 states explored in 175.79s, with 12768965 rules fired and 7367780 states in the queue.
	7500000 states explored in 178.39s, with 12954135 rules fired and 7467314 states in the queue.
	7600000 states explored in 181.34s, with 13164863 rules fired and 7566717 states in the queue.

Error:

	Internal Error: Too many active states.



