This program should be regarded as a DEBUGGING aid, not as a 
certifier of correctness.
Call with the -l flag or read the license file for terms
and conditions of use.
Run this program with "-h" for the list of options.

Bugs, questions, and comments should be directed to
"melatti@di.uniroma1.it".

CMurphi compiler last modified date: Apr 10 2024
Include files last modified date:    Jul 23 2021
==========================================================================

==========================================================================
Caching Murphi Release 5.5.0
Finite-state Concurrent System Verifier.

Caching Murphi Release 5.5.0 is based on various versions of Murphi.
Caching Murphi Release 5.5.0 :
Copyright (C) 2009-2012 by Sapienza University of Rome.
Murphi release 3.1 :
Copyright (C) 1992 - 1999 by the Board of Trustees of
Leland Stanford Junior University.

==========================================================================

Protocol: ./protocols/exec/German_node8/German_node8_inv193
===========================================
  You are using EDMC algorithm.  
===========================================

===== Startstates are generated! =====
Carelist Layer 0: Cache[1].State Cache[2].State Cache[3].State Cache[4].State Cache[5].State Cache[6].State Cache[7].State Cache[8].State 

===== Init heuristics! =====

Progress Report:

	100000 states explored in 7.84s, with 287447 rules fired and 75903 states in the queue.
	200000 states explored in 12.31s, with 674426 rules fired and 142290 states in the queue.
	300000 states explored in 14.93s, with 914716 rules fired and 220944 states in the queue.
	400000 states explored in 20.13s, with 1363293 rules fired and 279929 states in the queue.
	500000 states explored in 25.22s, with 1822185 rules fired and 340458 states in the queue.
	600000 states explored in 27.50s, with 2022794 rules fired and 422758 states in the queue.
	700000 states explored in 30.24s, with 2259421 rules fired and 501360 states in the queue.
	800000 states explored in 33.46s, with 2534809 rules fired and 576312 states in the queue.
	900000 states explored in 37.64s, with 2871185 rules fired and 644815 states in the queue.
	1000000 states explored in 45.36s, with 3470110 rules fired and 689022 states in the queue.
	1100000 states explored in 58.37s, with 4404773 rules fired and 704378 states in the queue.
	1200000 states explored in 63.02s, with 4754891 rules fired and 772564 states in the queue.
	1300000 states explored in 65.46s, with 4935206 rules fired and 855584 states in the queue.
	1400000 states explored in 68.33s, with 5127515 rules fired and 937414 states in the queue.
	1500000 states explored in 71.59s, with 5344811 rules fired and 1016104 states in the queue.
	1600000 states explored in 76.56s, with 5665015 rules fired and 1084904 states in the queue.
	1700000 states explored in 81.20s, with 5955347 rules fired and 1155801 states in the queue.
	1800000 states explored in 86.20s, with 6262178 rules fired and 1224858 states in the queue.
	1900000 states explored in 92.22s, with 6628127 rules fired and 1288482 states in the queue.
	2000000 states explored in 100.90s, with 7139596 rules fired and 1338570 states in the queue.
	2100000 states explored in 110.65s, with 7704809 rules fired and 1383910 states in the queue.
	2200000 states explored in 119.36s, with 8215662 rules fired and 1434412 states in the queue.
	2300000 states explored in 132.99s, with 8991913 rules fired and 1460490 states in the queue.
	2400000 states explored in 147.73s, with 9819107 rules fired and 1479571 states in the queue.
	2500000 states explored in 165.12s, with 10819646 rules fired and 1482363 states in the queue.
	2600000 states explored in 173.53s, with 11267888 rules fired and 1538437 states in the queue.
	2700000 states explored in 176.93s, with 11445638 rules fired and 1621196 states in the queue.
	2800000 states explored in 180.64s, with 11643963 rules fired and 1701448 states in the queue.
	2900000 states explored in 184.62s, with 11851825 rules fired and 1779792 states in the queue.
	3000000 states explored in 189.36s, with 12083137 rules fired and 1855949 states in the queue.
	3100000 states explored in 195.12s, with 12362607 rules fired and 1926802 states in the queue.
	3200000 states explored in 202.90s, with 12764415 rules fired and 1985443 states in the queue.
	3300000 states explored in 211.30s, with 13154771 rules fired and 2044733 states in the queue.
	3400000 states explored in 218.58s, with 13495806 rules fired and 2109802 states in the queue.
	3500000 states explored in 226.96s, with 13887926 rules fired and 2168480 states in the queue.
	3600000 states explored in 234.77s, with 14250109 rules fired and 2232466 states in the queue.
	3700000 states explored in 243.59s, with 14640421 rules fired and 2289433 states in the queue.
	3800000 states explored in 254.12s, with 15088122 rules fired and 2342164 states in the queue.
	3900000 states explored in 265.39s, with 15601875 rules fired and 2388290 states in the queue.
	4000000 states explored in 277.75s, with 16155205 rules fired and 2432713 states in the queue.
	4100000 states explored in 289.66s, with 16635861 rules fired and 2483627 states in the queue.
	4200000 states explored in 296.99s, with 16963772 rules fired and 2551989 states in the queue.
	4300000 states explored in 304.07s, with 17290014 rules fired and 2621000 states in the queue.
	4400000 states explored in 311.29s, with 17668253 rules fired and 2684227 states in the queue.
	4500000 states explored in 321.32s, with 18093388 rules fired and 2739057 states in the queue.
	4600000 states explored in 338.78s, with 18827787 rules fired and 2761631 states in the queue.
	4700000 states explored in 359.72s, with 19680155 rules fired and 2775397 states in the queue.
	4800000 states explored in 382.78s, with 20619713 rules fired and 2776950 states in the queue.
	4900000 states explored in 405.14s, with 21575168 rules fired and 2771307 states in the queue.
	5000000 states explored in 428.31s, with 22615898 rules fired and 2765311 states in the queue.
	5100000 states explored in 452.51s, with 23718993 rules fired and 2756093 states in the queue.
	5200000 states explored in 456.58s, with 23890647 rules fired and 2838290 states in the queue.
	5300000 states explored in 461.11s, with 24079380 rules fired and 2919174 states in the queue.
	5400000 states explored in 465.91s, with 24282781 rules fired and 2999450 states in the queue.
	5500000 states explored in 471.19s, with 24476388 rules fired and 3078164 states in the queue.
	5600000 states explored in 476.63s, with 24682766 rules fired and 3155731 states in the queue.
	5700000 states explored in 482.33s, with 24888721 rules fired and 3233417 states in the queue.
	5800000 states explored in 488.16s, with 25118045 rules fired and 3309097 states in the queue.
	5900000 states explored in 494.74s, with 25350761 rules fired and 3384491 states in the queue.
	6000000 states explored in 501.36s, with 25597040 rules fired and 3457583 states in the queue.
	6100000 states explored in 508.13s, with 25849768 rules fired and 3529926 states in the queue.
	6200000 states explored in 516.20s, with 26138110 rules fired and 3597056 states in the queue.
	6300000 states explored in 524.82s, with 26494747 rules fired and 3659515 states in the queue.
	6400000 states explored in 539.20s, with 27042630 rules fired and 3698346 states in the queue.
	6500000 states explored in 562.36s, with 27819724 rules fired and 3708738 states in the queue.
	6600000 states explored in 578.80s, with 28386421 rules fired and 3745200 states in the queue.
	6700000 states explored in 593.54s, with 28886771 rules fired and 3788305 states in the queue.
	6800000 states explored in 607.13s, with 29361147 rules fired and 3835630 states in the queue.
	6900000 states explored in 619.65s, with 29825908 rules fired and 3882689 states in the queue.
	7000000 states explored in 634.45s, with 30306728 rules fired and 3926390 states in the queue.
	7100000 states explored in 649.70s, with 30804539 rules fired and 3970613 states in the queue.
	7200000 states explored in 667.76s, with 31420369 rules fired and 4002501 states in the queue.
	7300000 states explored in 684.75s, with 32032667 rules fired and 4036959 states in the queue.
	7400000 states explored in 702.12s, with 32582493 rules fired and 4079197 states in the queue.
	7500000 states explored in 719.67s, with 33165242 rules fired and 4117148 states in the queue.
	7600000 states explored in 740.72s, with 33843799 rules fired and 4142595 states in the queue.
	7700000 states explored in 752.40s, with 34184592 rules fired and 4205348 states in the queue.
	7800000 states explored in 759.71s, with 34428286 rules fired and 4280860 states in the queue.
	7900000 states explored in 767.41s, with 34706709 rules fired and 4350125 states in the queue.
	8000000 states explored in 778.30s, with 35041693 rules fired and 4413463 states in the queue.
	8100000 states explored in 787.09s, with 35399731 rules fired and 4478477 states in the queue.
	8200000 states explored in 799.07s, with 35867721 rules fired and 4532566 states in the queue.
	8300000 states explored in 810.40s, with 36344522 rules fired and 4585402 states in the queue.
	8400000 states explored in 821.84s, with 36844782 rules fired and 4637515 states in the queue.
	8500000 states explored in 834.19s, with 37353152 rules fired and 4688481 states in the queue.
	8600000 states explored in 846.93s, with 37857520 rules fired and 4741197 states in the queue.
	8700000 states explored in 863.10s, with 38398308 rules fired and 4788819 states in the queue.
	8800000 states explored in 881.40s, with 39007245 rules fired and 4828054 states in the queue.
	8900000 states explored in 897.73s, with 39634124 rules fired and 4867206 states in the queue.
	9000000 states explored in 919.80s, with 40351724 rules fired and 4891740 states in the queue.
	9100000 states explored in 950.30s, with 41349290 rules fired and 4890687 states in the queue.
	9200000 states explored in 977.83s, with 42355147 rules fired and 4889447 states in the queue.
	9300000 states explored in 1010.99s, with 43444009 rules fired and 4878143 states in the queue.
	9400000 states explored in 1036.72s, with 44369455 rules fired and 4884493 states in the queue.
	9500000 states explored in 1065.80s, with 45489274 rules fired and 4877203 states in the queue.
	9600000 states explored in 1088.76s, with 46407081 rules fired and 4885406 states in the queue.
	9700000 states explored in 1093.70s, with 46594107 rules fired and 4966320 states in the queue.
	9800000 states explored in 1099.16s, with 46784494 rules fired and 5046073 states in the queue.
	9900000 states explored in 1106.51s, with 46987908 rules fired and 5123844 states in the queue.
	10000000 states explored in 1113.39s, with 47180655 rules fired and 5203813 states in the queue.
	10100000 states explored in 1119.55s, with 47370706 rules fired and 5284212 states in the queue.
	10200000 states explored in 1125.17s, with 47560325 rules fired and 5364547 states in the queue.
	10300000 states explored in 1130.90s, with 47744952 rules fired and 5445180 states in the queue.
	10400000 states explored in 1137.23s, with 47941588 rules fired and 5525159 states in the queue.
	10500000 states explored in 1147.21s, with 48151674 rules fired and 5603365 states in the queue.
	10600000 states explored in 1154.11s, with 48354893 rules fired and 5681678 states in the queue.
	10700000 states explored in 1161.08s, with 48583010 rules fired and 5759056 states in the queue.
	10800000 states explored in 1170.46s, with 48801965 rules fired and 5837402 states in the queue.
	10900000 states explored in 1177.91s, with 49014890 rules fired and 5916046 states in the queue.
	11000000 states explored in 1184.96s, with 49233842 rules fired and 5993853 states in the queue.
	11100000 states explored in 1192.16s, with 49474471 rules fired and 6070278 states in the queue.
	11200000 states explored in 1200.24s, with 49701491 rules fired and 6147287 states in the queue.
	11300000 states explored in 1205.76s, with 49915636 rules fired and 6225195 states in the queue.
	11400000 states explored in 1213.63s, with 50133226 rules fired and 6302269 states in the queue.
	11500000 states explored in 1222.40s, with 50362917 rules fired and 6377989 states in the queue.
	11600000 states explored in 1231.68s, with 50607208 rules fired and 6450907 states in the queue.
	11700000 states explored in 1239.84s, with 50854750 rules fired and 6522742 states in the queue.
	11800000 states explored in 1249.79s, with 51104560 rules fired and 6596027 states in the queue.
	11900000 states explored in 1260.16s, with 51370150 rules fired and 6667492 states in the queue.
	12000000 states explored in 1268.65s, with 51643954 rules fired and 6738796 states in the queue.
	12100000 states explored in 1277.93s, with 51924570 rules fired and 6808100 states in the queue.
	12200000 states explored in 1285.71s, with 52202297 rules fired and 6878470 states in the queue.
	12300000 states explored in 1294.84s, with 52485159 rules fired and 6948726 states in the queue.
	12400000 states explored in 1303.85s, with 52786750 rules fired and 7017102 states in the queue.
	12500000 states explored in 1315.32s, with 53114473 rules fired and 7082383 states in the queue.
	12600000 states explored in 1327.56s, with 53460979 rules fired and 7143918 states in the queue.
	12700000 states explored in 1339.65s, with 53803787 rules fired and 7206281 states in the queue.
	12800000 states explored in 1351.57s, with 54162829 rules fired and 7267877 states in the queue.
	12900000 states explored in 1362.82s, with 54524690 rules fired and 7328585 states in the queue.
	13000000 states explored in 1375.56s, with 54906671 rules fired and 7387088 states in the queue.
	13100000 states explored in 1392.68s, with 55390468 rules fired and 7435114 states in the queue.
	13200000 states explored in 1410.74s, with 55943425 rules fired and 7475600 states in the queue.
	13300000 states explored in 1431.83s, with 56643209 rules fired and 7497680 states in the queue.
	13400000 states explored in 1464.84s, with 57537693 rules fired and 7492221 states in the queue.
	13500000 states explored in 1500.18s, with 58511088 rules fired and 7481427 states in the queue.
	13600000 states explored in 1542.28s, with 59561920 rules fired and 7456903 states in the queue.
	13700000 states explored in 1578.47s, with 60582199 rules fired and 7441064 states in the queue.
	13800000 states explored in 1619.81s, with 61566087 rules fired and 7429571 states in the queue.
	13900000 states explored in 1651.81s, with 62535971 rules fired and 7422185 states in the queue.
	14000000 states explored in 1694.65s, with 63695688 rules fired and 7391416 states in the queue.
	14100000 states explored in 1742.85s, with 64980753 rules fired and 7349186 states in the queue.
	14200000 states explored in 1784.48s, with 66088591 rules fired and 7324689 states in the queue.
	14300000 states explored in 1821.50s, with 67075672 rules fired and 7318816 states in the queue.
	14400000 states explored in 1855.79s, with 67919879 rules fired and 7328411 states in the queue.
	14500000 states explored in 1884.07s, with 68785523 rules fired and 7338558 states in the queue.
	14600000 states explored in 1915.21s, with 69639604 rules fired and 7343869 states in the queue.
	14700000 states explored in 1937.62s, with 70180382 rules fired and 7384070 states in the queue.
	14800000 states explored in 1951.92s, with 70593463 rules fired and 7441621 states in the queue.
	14900000 states explored in 1968.09s, with 71071222 rules fired and 7494458 states in the queue.
	15000000 states explored in 1985.21s, with 71549964 rules fired and 7546518 states in the queue.
	15100000 states explored in 2003.60s, with 72034305 rules fired and 7597392 states in the queue.
	15200000 states explored in 2022.55s, with 72500454 rules fired and 7648685 states in the queue.
	15300000 states explored in 2041.44s, with 73061928 rules fired and 7692353 states in the queue.
	15400000 states explored in 2062.22s, with 73652171 rules fired and 7729644 states in the queue.
	15500000 states explored in 2077.14s, with 74089161 rules fired and 7786554 states in the queue.
	15600000 states explored in 2097.21s, with 74660429 rules fired and 7832741 states in the queue.
	15700000 states explored in 2116.66s, with 75188189 rules fired and 7883934 states in the queue.
	15800000 states explored in 2135.31s, with 75743659 rules fired and 7929930 states in the queue.
	15900000 states explored in 2157.11s, with 76319098 rules fired and 7975389 states in the queue.
	16000000 states explored in 2175.04s, with 76899596 rules fired and 8022412 states in the queue.
	16100000 states explored in 2194.58s, with 77506516 rules fired and 8068905 states in the queue.
	16200000 states explored in 2214.88s, with 78115203 rules fired and 8111529 states in the queue.
	16300000 states explored in 2232.93s, with 78692399 rules fired and 8155274 states in the queue.
	16400000 states explored in 2245.85s, with 79237408 rules fired and 8205931 states in the queue.
	16500000 states explored in 2265.14s, with 79853597 rules fired and 8248595 states in the queue.
	16600000 states explored in 2283.57s, with 80570500 rules fired and 8280304 states in the queue.
	16700000 states explored in 2305.18s, with 81296557 rules fired and 8310410 states in the queue.
	16800000 states explored in 2334.20s, with 82212341 rules fired and 8321920 states in the queue.
	16900000 states explored in 2372.53s, with 83378414 rules fired and 8306501 states in the queue.
	17000000 states explored in 2412.25s, with 84595960 rules fired and 8288282 states in the queue.
	17100000 states explored in 2440.91s, with 85415841 rules fired and 8304550 states in the queue.
	17200000 states explored in 2448.67s, with 85608071 rules fired and 8382517 states in the queue.
	17300000 states explored in 2456.92s, with 85798549 rules fired and 8461202 states in the queue.
	17400000 states explored in 2464.78s, with 85967594 rules fired and 8542916 states in the queue.
	17500000 states explored in 2473.26s, with 86136209 rules fired and 8625050 states in the queue.

Error:

	Internal Error: Too many active states.



