This program should be regarded as a DEBUGGING aid, not as a 
certifier of correctness.
Call with the -l flag or read the license file for terms
and conditions of use.
Run this program with "-h" for the list of options.

Bugs, questions, and comments should be directed to
"melatti@di.uniroma1.it".

CMurphi compiler last modified date: Apr 10 2024
Include files last modified date:    Jul 23 2021
==========================================================================

==========================================================================
Caching Murphi Release 5.5.0
Finite-state Concurrent System Verifier.

Caching Murphi Release 5.5.0 is based on various versions of Murphi.
Caching Murphi Release 5.5.0 :
Copyright (C) 2009-2012 by Sapienza University of Rome.
Murphi release 3.1 :
Copyright (C) 1992 - 1999 by the Board of Trustees of
Leland Stanford Junior University.

==========================================================================

Protocol: ./protocols/exec/German_node8/German_node8_inv174
===========================================
  You are using EDMC algorithm.  
===========================================

===== Startstates are generated! =====
Carelist Layer 0: Cache[1].State Cache[2].State Cache[3].State Cache[4].State Cache[5].State Cache[6].State Cache[7].State Cache[8].State 

===== Init heuristics! =====

Progress Report:

	100000 states explored in 7.88s, with 287469 rules fired and 75824 states in the queue.
	200000 states explored in 11.53s, with 665119 rules fired and 142644 states in the queue.
	300000 states explored in 14.13s, with 923295 rules fired and 219421 states in the queue.
	400000 states explored in 19.64s, with 1446984 rules fired and 271836 states in the queue.
	500000 states explored in 23.24s, with 1782208 rules fired and 342500 states in the queue.
	600000 states explored in 25.26s, with 1982122 rules fired and 424931 states in the queue.
	700000 states explored in 27.95s, with 2237417 rules fired and 501259 states in the queue.
	800000 states explored in 31.24s, with 2542140 rules fired and 573794 states in the queue.
	900000 states explored in 35.80s, with 2953046 rules fired and 635369 states in the queue.
	1000000 states explored in 44.19s, with 3681544 rules fired and 667693 states in the queue.
	1100000 states explored in 52.90s, with 4425703 rules fired and 700971 states in the queue.
	1200000 states explored in 55.40s, with 4609388 rules fired and 783457 states in the queue.
	1300000 states explored in 58.21s, with 4804862 rules fired and 864752 states in the queue.
	1400000 states explored in 61.27s, with 5016837 rules fired and 943516 states in the queue.
	1500000 states explored in 64.92s, with 5276314 rules fired and 1016795 states in the queue.
	1600000 states explored in 69.46s, with 5600921 rules fired and 1084250 states in the queue.
	1700000 states explored in 74.14s, with 5914521 rules fired and 1153265 states in the queue.
	1800000 states explored in 78.86s, with 6234995 rules fired and 1221322 states in the queue.
	1900000 states explored in 85.31s, with 6691000 rules fired and 1277551 states in the queue.
	2000000 states explored in 92.61s, with 7202491 rules fired and 1329045 states in the queue.
	2100000 states explored in 100.76s, with 7723915 rules fired and 1378320 states in the queue.
	2200000 states explored in 110.74s, with 8361588 rules fired and 1417553 states in the queue.
	2300000 states explored in 125.85s, with 9333978 rules fired and 1420801 states in the queue.
	2400000 states explored in 142.50s, with 10415729 rules fired and 1416729 states in the queue.
	2500000 states explored in 145.37s, with 10582661 rules fired and 1499169 states in the queue.
	2600000 states explored in 148.69s, with 10777650 rules fired and 1578583 states in the queue.
	2700000 states explored in 152.08s, with 10981755 rules fired and 1658084 states in the queue.
	2800000 states explored in 155.61s, with 11195365 rules fired and 1735977 states in the queue.
	2900000 states explored in 160.04s, with 11450799 rules fired and 1808784 states in the queue.
	3000000 states explored in 165.00s, with 11726149 rules fired and 1878905 states in the queue.
	3100000 states explored in 172.50s, with 12161028 rules fired and 1932062 states in the queue.
	3200000 states explored in 180.27s, with 12603756 rules fired and 1984513 states in the queue.
	3300000 states explored in 187.40s, with 12996145 rules fired and 2042499 states in the queue.
	3400000 states explored in 194.73s, with 13408264 rules fired and 2100645 states in the queue.
	3500000 states explored in 201.49s, with 13783989 rules fired and 2161249 states in the queue.
	3600000 states explored in 210.13s, with 14221906 rules fired and 2215014 states in the queue.
	3700000 states explored in 219.94s, with 14721715 rules fired and 2263699 states in the queue.
	3800000 states explored in 231.78s, with 15324712 rules fired and 2300955 states in the queue.
	3900000 states explored in 242.46s, with 15871900 rules fired and 2345229 states in the queue.
	4000000 states explored in 248.22s, with 16197950 rules fired and 2413963 states in the queue.
	4100000 states explored in 255.03s, with 16566570 rules fired and 2477751 states in the queue.
	4200000 states explored in 263.91s, with 17000077 rules fired and 2534337 states in the queue.
	4300000 states explored in 274.71s, with 17527022 rules fired and 2580156 states in the queue.
	4400000 states explored in 290.17s, with 18327463 rules fired and 2597641 states in the queue.
	4500000 states explored in 305.19s, with 19102698 rules fired and 2616965 states in the queue.
	4600000 states explored in 321.52s, with 19889291 rules fired and 2634270 states in the queue.
	4700000 states explored in 339.44s, with 20831470 rules fired and 2638000 states in the queue.
	4800000 states explored in 361.77s, with 21960286 rules fired and 2623698 states in the queue.
	4900000 states explored in 366.33s, with 22139623 rules fired and 2704925 states in the queue.
	5000000 states explored in 370.76s, with 22349877 rules fired and 2783252 states in the queue.
	5100000 states explored in 374.90s, with 22539285 rules fired and 2862344 states in the queue.
	5200000 states explored in 378.95s, with 22734935 rules fired and 2941871 states in the queue.
	5300000 states explored in 383.77s, with 22938500 rules fired and 3020075 states in the queue.
	5400000 states explored in 388.79s, with 23156655 rules fired and 3096476 states in the queue.
	5500000 states explored in 393.46s, with 23383202 rules fired and 3173209 states in the queue.
	5600000 states explored in 398.68s, with 23628586 rules fired and 3246473 states in the queue.
	5700000 states explored in 404.96s, with 23888130 rules fired and 3317176 states in the queue.
	5800000 states explored in 411.03s, with 24154765 rules fired and 3388527 states in the queue.
	5900000 states explored in 417.44s, with 24421426 rules fired and 3458031 states in the queue.
	6000000 states explored in 423.57s, with 24695664 rules fired and 3528760 states in the queue.
	6100000 states explored in 431.53s, with 25024018 rules fired and 3591827 states in the queue.
	6200000 states explored in 443.68s, with 25552372 rules fired and 3632341 states in the queue.
	6300000 states explored in 460.51s, with 26283512 rules fired and 3649703 states in the queue.
	6400000 states explored in 481.40s, with 27130169 rules fired and 3651622 states in the queue.
	6500000 states explored in 498.53s, with 27848067 rules fired and 3673300 states in the queue.
	6600000 states explored in 510.91s, with 28368872 rules fired and 3714512 states in the queue.
	6700000 states explored in 522.18s, with 28839534 rules fired and 3763406 states in the queue.
	6800000 states explored in 536.41s, with 29389585 rules fired and 3800500 states in the queue.
	6900000 states explored in 551.11s, with 29969856 rules fired and 3838831 states in the queue.
	7000000 states explored in 565.63s, with 30552458 rules fired and 3872942 states in the queue.
	7100000 states explored in 582.09s, with 31224264 rules fired and 3896591 states in the queue.
	7200000 states explored in 596.61s, with 31810413 rules fired and 3932775 states in the queue.
	7300000 states explored in 612.57s, with 32414940 rules fired and 3964716 states in the queue.
	7400000 states explored in 624.31s, with 32857712 rules fired and 4015870 states in the queue.
	7500000 states explored in 633.74s, with 33169862 rules fired and 4082668 states in the queue.
	7600000 states explored in 642.65s, with 33513073 rules fired and 4145444 states in the queue.
	7700000 states explored in 652.01s, with 33938611 rules fired and 4203529 states in the queue.
	7800000 states explored in 658.89s, with 34247156 rules fired and 4275774 states in the queue.
	7900000 states explored in 665.87s, with 34626162 rules fired and 4340568 states in the queue.
	8000000 states explored in 675.88s, with 35100686 rules fired and 4395897 states in the queue.
	8100000 states explored in 694.95s, with 35835231 rules fired and 4420653 states in the queue.
	8200000 states explored in 710.39s, with 36486880 rules fired and 4457316 states in the queue.
	8300000 states explored in 724.00s, with 37067113 rules fired and 4498880 states in the queue.
	8400000 states explored in 736.63s, with 37656245 rules fired and 4542667 states in the queue.
	8500000 states explored in 749.97s, with 38311579 rules fired and 4579529 states in the queue.
	8600000 states explored in 767.59s, with 39139938 rules fired and 4601402 states in the queue.
	8700000 states explored in 791.42s, with 40214904 rules fired and 4597903 states in the queue.
	8800000 states explored in 816.30s, with 41238144 rules fired and 4597798 states in the queue.
	8900000 states explored in 844.19s, with 42470037 rules fired and 4573637 states in the queue.

==========================================================================

Result:

	Invariant "test_174" failed.

State Space Explored:

	8965288 states, 42604684 rules fired in 847.20s.

