This program should be regarded as a DEBUGGING aid, not as a 
certifier of correctness.
Call with the -l flag or read the license file for terms
and conditions of use.
Run this program with "-h" for the list of options.

Bugs, questions, and comments should be directed to
"melatti@di.uniroma1.it".

CMurphi compiler last modified date: Oct 24 2023
Include files last modified date:    Jul 23 2021
==========================================================================

==========================================================================
Caching Murphi Release 5.5.0
Finite-state Concurrent System Verifier.

Caching Murphi Release 5.5.0 is based on various versions of Murphi.
Caching Murphi Release 5.5.0 :
Copyright (C) 2009-2012 by Sapienza University of Rome.
Murphi release 3.1 :
Copyright (C) 1992 - 1999 by the Board of Trustees of
Leland Stanford Junior University.

==========================================================================

Protocol: test

Algorithm:
	Verification by depth first search.
	with symmetry algorithm 3 -- Heuristic Small Memory Normalization
	with permutation trial limit 10.

Memory usage:

	* The size of each state is 4152 bits (rounded up to 520 bytes).
	* The memory allocated for the hash table and state queue is
	  10485 Mbytes.
	  With two words of overhead per state, the maximum size of
	  the state space is 19829351 states.
	   * Use option "-k" or "-m" to increase this, if necessary.
	* Capacity in queue for depth-first search: 1982935 states.
	   * Change the constant gPercentActiveStates in mu_prolog.inc
	     to increase this, if necessary.

Warning: No trace will not be printed in the case of protocol errors!
         Check the options if you want to have error traces.

Progress Report:

	100000 states explored in 10.89s, with 4471638 rules fired and 245 states in the queue.
	200000 states explored in 18.66s, with 8917946 rules fired and 1104 states in the queue.
	300000 states explored in 25.73s, with 13320193 rules fired and 3105 states in the queue.
	400000 states explored in 31.97s, with 17776455 rules fired and 3120 states in the queue.
	500000 states explored in 38.12s, with 22154050 rules fired and 5099 states in the queue.
	600000 states explored in 44.24s, with 26433400 rules fired and 7100 states in the queue.
	700000 states explored in 50.15s, with 30549420 rules fired and 13002 states in the queue.
	800000 states explored in 56.38s, with 34912143 rules fired and 15762 states in the queue.
	900000 states explored in 62.72s, with 39361068 rules fired and 16629 states in the queue.
	1000000 states explored in 69.04s, with 43809444 rules fired and 17500 states in the queue.
	1100000 states explored in 75.27s, with 48225592 rules fired and 18668 states in the queue.
	1200000 states explored in 81.36s, with 52514848 rules fired and 20624 states in the queue.
	1300000 states explored in 87.28s, with 56622876 rules fired and 26532 states in the queue.
	1400000 states explored in 93.61s, with 61049502 rules fired and 27702 states in the queue.
	1500000 states explored in 99.95s, with 65498076 rules fired and 28575 states in the queue.
	1600000 states explored in 106.23s, with 69946442 rules fired and 29449 states in the queue.
	1700000 states explored in 112.46s, with 74362605 rules fired and 30614 states in the queue.
	1800000 states explored in 118.56s, with 78652505 rules fired and 32547 states in the queue.
	1900000 states explored in 124.52s, with 82760281 rules fired and 38472 states in the queue.
	2000000 states explored in 131.26s, with 87134119 rules fired and 40881 states in the queue.
	2100000 states explored in 137.56s, with 91555888 rules fired and 42204 states in the queue.
	2200000 states explored in 143.86s, with 95962384 rules fired and 43211 states in the queue.
	2300000 states explored in 150.56s, with 100313352 rules fired and 43589 states in the queue.
	2400000 states explored in 157.02s, with 104650966 rules fired and 44293 states in the queue.
	2500000 states explored in 163.51s, with 108989284 rules fired and 44603 states in the queue.
	2600000 states explored in 170.00s, with 113339134 rules fired and 44872 states in the queue.
	2700000 states explored in 176.51s, with 117672641 rules fired and 45676 states in the queue.
	2800000 states explored in 183.69s, with 121992111 rules fired and 46818 states in the queue.
	2900000 states explored in 190.97s, with 126307714 rules fired and 47747 states in the queue.
	3000000 states explored in 197.55s, with 130640981 rules fired and 48047 states in the queue.
	3100000 states explored in 204.16s, with 134959612 rules fired and 48746 states in the queue.
	3200000 states explored in 212.89s, with 139311598 rules fired and 48964 states in the queue.
	3300000 states explored in 220.95s, with 143653360 rules fired and 49741 states in the queue.
	3400000 states explored in 228.03s, with 147978398 rules fired and 50691 states in the queue.
	3500000 states explored in 235.44s, with 152317311 rules fired and 50967 states in the queue.
	3600000 states explored in 242.95s, with 156649245 rules fired and 52078 states in the queue.
	3700000 states explored in 250.26s, with 160988690 rules fired and 52817 states in the queue.
	3800000 states explored in 256.95s, with 165320048 rules fired and 53256 states in the queue.
	3900000 states explored in 263.92s, with 169674674 rules fired and 54110 states in the queue.
	4000000 states explored in 271.24s, with 173987802 rules fired and 55100 states in the queue.
	4100000 states explored in 278.86s, with 178334668 rules fired and 55569 states in the queue.
	4200000 states explored in 286.46s, with 182662315 rules fired and 56189 states in the queue.
	4300000 states explored in 294.18s, with 186988715 rules fired and 57039 states in the queue.
	4400000 states explored in 301.92s, with 191333595 rules fired and 57472 states in the queue.
	4500000 states explored in 309.77s, with 195648749 rules fired and 58571 states in the queue.
	4600000 states explored in 317.58s, with 199989504 rules fired and 59303 states in the queue.
	4700000 states explored in 325.52s, with 204324727 rules fired and 59834 states in the queue.
	4800000 states explored in 333.43s, with 208683994 rules fired and 60443 states in the queue.
	4900000 states explored in 341.19s, with 212975242 rules fired and 62092 states in the queue.
	5000000 states explored in 349.02s, with 217298384 rules fired and 62508 states in the queue.
	5100000 states explored in 356.77s, with 221623269 rules fired and 63533 states in the queue.
	5200000 states explored in 364.64s, with 225948053 rules fired and 64624 states in the queue.
	5300000 states explored in 372.49s, with 230250343 rules fired and 65908 states in the queue.
	5400000 states explored in 380.39s, with 234584119 rules fired and 66762 states in the queue.
	5500000 states explored in 388.24s, with 238931956 rules fired and 66985 states in the queue.
	5600000 states explored in 396.07s, with 243271845 rules fired and 67571 states in the queue.
	5700000 states explored in 403.91s, with 247602661 rules fired and 68216 states in the queue.
	5800000 states explored in 411.73s, with 251947703 rules fired and 68661 states in the queue.
	5900000 states explored in 419.50s, with 256264314 rules fired and 69103 states in the queue.
	6000000 states explored in 427.33s, with 260600899 rules fired and 69907 states in the queue.
	6100000 states explored in 435.05s, with 264938183 rules fired and 70232 states in the queue.
	6200000 states explored in 442.39s, with 269265806 rules fired and 71062 states in the queue.
	6300000 states explored in 449.81s, with 273620064 rules fired and 71266 states in the queue.
	6400000 states explored in 457.51s, with 277942460 rules fired and 72334 states in the queue.
	6500000 states explored in 465.24s, with 282263792 rules fired and 73215 states in the queue.
	6600000 states explored in 473.07s, with 286598999 rules fired and 74057 states in the queue.
	6700000 states explored in 480.96s, with 290929840 rules fired and 74501 states in the queue.
	6800000 states explored in 488.90s, with 295268248 rules fired and 75122 states in the queue.
	6900000 states explored in 496.68s, with 299595388 rules fired and 76096 states in the queue.
	7000000 states explored in 504.44s, with 303911596 rules fired and 77117 states in the queue.
	7100000 states explored in 511.36s, with 308249727 rules fired and 77998 states in the queue.
	7200000 states explored in 518.92s, with 312563852 rules fired and 79283 states in the queue.
	7300000 states explored in 526.74s, with 316888127 rules fired and 80220 states in the queue.
	7400000 states explored in 533.58s, with 321231372 rules fired and 80609 states in the queue.
	7500000 states explored in 540.58s, with 325529369 rules fired and 81758 states in the queue.
	7600000 states explored in 548.32s, with 329846668 rules fired and 82926 states in the queue.
	7700000 states explored in 555.93s, with 334186501 rules fired and 83596 states in the queue.
	7800000 states explored in 563.70s, with 338536607 rules fired and 83705 states in the queue.
	7900000 states explored in 570.54s, with 342867637 rules fired and 84458 states in the queue.
	8000000 states explored in 578.20s, with 347194893 rules fired and 84917 states in the queue.
	8100000 states explored in 585.82s, with 351532541 rules fired and 85760 states in the queue.
	8200000 states explored in 593.39s, with 355846270 rules fired and 86459 states in the queue.
	8300000 states explored in 601.11s, with 360214499 rules fired and 86670 states in the queue.
	8400000 states explored in 608.68s, with 364555863 rules fired and 87321 states in the queue.
	8500000 states explored in 616.28s, with 368883504 rules fired and 88320 states in the queue.
	8600000 states explored in 623.96s, with 373178991 rules fired and 89580 states in the queue.
	8700000 states explored in 631.69s, with 377476668 rules fired and 90775 states in the queue.
	8800000 states explored in 639.35s, with 381822319 rules fired and 91225 states in the queue.
	8900000 states explored in 647.03s, with 386153933 rules fired and 91741 states in the queue.
	9000000 states explored in 654.72s, with 390472556 rules fired and 92830 states in the queue.
	9100000 states explored in 662.77s, with 394790924 rules fired and 93917 states in the queue.
	9200000 states explored in 672.06s, with 399131118 rules fired and 94434 states in the queue.
	9300000 states explored in 680.57s, with 403434031 rules fired and 95646 states in the queue.
	9400000 states explored in 688.22s, with 407759508 rules fired and 96550 states in the queue.
	9500000 states explored in 695.94s, with 412084325 rules fired and 97942 states in the queue.
	9600000 states explored in 703.61s, with 416424207 rules fired and 98609 states in the queue.
	9700000 states explored in 710.23s, with 420745736 rules fired and 99894 states in the queue.
	9800000 states explored in 718.10s, with 425094919 rules fired and 99978 states in the queue.
	9900000 states explored in 726.00s, with 429435384 rules fired and 100527 states in the queue.
	10000000 states explored in 733.90s, with 433764480 rules fired and 101517 states in the queue.
	10100000 states explored in 741.62s, with 438082676 rules fired and 102341 states in the queue.
	10200000 states explored in 749.24s, with 442415554 rules fired and 103603 states in the queue.
	10300000 states explored in 756.85s, with 446739071 rules fired and 105141 states in the queue.
	10400000 states explored in 764.54s, with 451057346 rules fired and 106703 states in the queue.
	10500000 states explored in 772.27s, with 455403222 rules fired and 107325 states in the queue.
	10600000 states explored in 780.02s, with 459728219 rules fired and 108123 states in the queue.
	10700000 states explored in 787.75s, with 464063447 rules fired and 108971 states in the queue.
	10800000 states explored in 795.49s, with 468371004 rules fired and 110318 states in the queue.
	10900000 states explored in 802.17s, with 472711774 rules fired and 111106 states in the queue.
	11000000 states explored in 808.81s, with 477051125 rules fired and 111464 states in the queue.
	11100000 states explored in 815.56s, with 481383948 rules fired and 112204 states in the queue.
	11200000 states explored in 822.31s, with 485725463 rules fired and 112786 states in the queue.
	11300000 states explored in 829.05s, with 490052990 rules fired and 113444 states in the queue.
	11400000 states explored in 835.95s, with 494370861 rules fired and 113811 states in the queue.
	11500000 states explored in 842.67s, with 498705954 rules fired and 113942 states in the queue.
	11600000 states explored in 849.38s, with 503055674 rules fired and 114498 states in the queue.
	11700000 states explored in 856.70s, with 507410961 rules fired and 114493 states in the queue.
	11800000 states explored in 864.38s, with 511735908 rules fired and 115135 states in the queue.
	11900000 states explored in 872.01s, with 516070626 rules fired and 115599 states in the queue.
	12000000 states explored in 879.81s, with 520411077 rules fired and 116496 states in the queue.
	12100000 states explored in 887.44s, with 524734724 rules fired and 117486 states in the queue.
	12200000 states explored in 895.16s, with 529034179 rules fired and 119062 states in the queue.
	12300000 states explored in 902.70s, with 533376247 rules fired and 119824 states in the queue.
	12400000 states explored in 910.30s, with 537693334 rules fired and 121032 states in the queue.
	12500000 states explored in 917.99s, with 542040933 rules fired and 121510 states in the queue.
	12600000 states explored in 925.82s, with 546348416 rules fired and 123095 states in the queue.
	12700000 states explored in 933.51s, with 550700092 rules fired and 123151 states in the queue.
	12800000 states explored in 941.16s, with 555036593 rules fired and 123689 states in the queue.
	12900000 states explored in 948.81s, with 559385899 rules fired and 124196 states in the queue.
	13000000 states explored in 956.37s, with 563729482 rules fired and 124837 states in the queue.
	13100000 states explored in 963.99s, with 568054519 rules fired and 125873 states in the queue.
	13200000 states explored in 971.72s, with 572369285 rules fired and 126955 states in the queue.
	13300000 states explored in 979.37s, with 576702641 rules fired and 127586 states in the queue.
	13400000 states explored in 987.00s, with 581031977 rules fired and 128259 states in the queue.
	13500000 states explored in 994.60s, with 585360158 rules fired and 129091 states in the queue.
	13600000 states explored in 1001.71s, with 589680625 rules fired and 130195 states in the queue.
	13700000 states explored in 1008.49s, with 593986239 rules fired and 131615 states in the queue.
	13800000 states explored in 1015.28s, with 598305698 rules fired and 132365 states in the queue.
	13900000 states explored in 1023.05s, with 602623582 rules fired and 133702 states in the queue.
	14000000 states explored in 1030.31s, with 606968231 rules fired and 134069 states in the queue.
	14100000 states explored in 1038.12s, with 611265971 rules fired and 135781 states in the queue.
	14200000 states explored in 1046.00s, with 615599109 rules fired and 136963 states in the queue.
	14300000 states explored in 1053.75s, with 619918080 rules fired and 138044 states in the queue.
	14400000 states explored in 1061.55s, with 624243278 rules fired and 138977 states in the queue.
	14500000 states explored in 1069.26s, with 628591392 rules fired and 139678 states in the queue.
	14600000 states explored in 1077.00s, with 632909828 rules fired and 141005 states in the queue.
	14700000 states explored in 1084.66s, with 637199256 rules fired and 142382 states in the queue.
	14800000 states explored in 1092.74s, with 641526721 rules fired and 142758 states in the queue.
	14900000 states explored in 1100.78s, with 645850406 rules fired and 143774 states in the queue.
	15000000 states explored in 1108.87s, with 650187994 rules fired and 144581 states in the queue.
	15100000 states explored in 1116.96s, with 654500746 rules fired and 146186 states in the queue.
	15200000 states explored in 1125.00s, with 658808262 rules fired and 146952 states in the queue.
	15300000 states explored in 1133.02s, with 663096797 rules fired and 149167 states in the queue.
	15400000 states explored in 1141.16s, with 667407248 rules fired and 149899 states in the queue.
	15500000 states explored in 1149.21s, with 671723518 rules fired and 151043 states in the queue.
	15600000 states explored in 1157.29s, with 676052754 rules fired and 151784 states in the queue.
	15700000 states explored in 1165.34s, with 680381880 rules fired and 152548 states in the queue.
	15800000 states explored in 1173.51s, with 684707694 rules fired and 153321 states in the queue.
	15900000 states explored in 1181.67s, with 689046651 rules fired and 153768 states in the queue.
	16000000 states explored in 1190.07s, with 693392053 rules fired and 154296 states in the queue.
	16100000 states explored in 1198.21s, with 697698509 rules fired and 155713 states in the queue.
	16200000 states explored in 1206.46s, with 702002210 rules fired and 157446 states in the queue.
	16300000 states explored in 1214.65s, with 706303707 rules fired and 159202 states in the queue.
	16400000 states explored in 1222.87s, with 710600373 rules fired and 161166 states in the queue.
	16500000 states explored in 1231.05s, with 714907974 rules fired and 162900 states in the queue.
	16600000 states explored in 1239.11s, with 719237750 rules fired and 163971 states in the queue.
	16700000 states explored in 1247.23s, with 723559582 rules fired and 165117 states in the queue.
	16800000 states explored in 1255.20s, with 727858498 rules fired and 166762 states in the queue.
	16900000 states explored in 1263.20s, with 732175780 rules fired and 167715 states in the queue.
	17000000 states explored in 1271.15s, with 736464684 rules fired and 169798 states in the queue.
	17100000 states explored in 1279.36s, with 740756583 rules fired and 171702 states in the queue.
	17200000 states explored in 1287.71s, with 745093959 rules fired and 172548 states in the queue.
	17300000 states explored in 1296.16s, with 749406304 rules fired and 174121 states in the queue.
	17400000 states explored in 1304.58s, with 753675046 rules fired and 176058 states in the queue.
	17500000 states explored in 1312.76s, with 757958648 rules fired and 178788 states in the queue.
	17600000 states explored in 1321.34s, with 762288265 rules fired and 179263 states in the queue.
	17700000 states explored in 1329.90s, with 766594398 rules fired and 180832 states in the queue.
	17800000 states explored in 1338.49s, with 770909426 rules fired and 182029 states in the queue.
	17900000 states explored in 1346.87s, with 775227606 rules fired and 183438 states in the queue.
	18000000 states explored in 1355.50s, with 779571489 rules fired and 184032 states in the queue.
	18100000 states explored in 1363.98s, with 783907453 rules fired and 184875 states in the queue.
	18200000 states explored in 1372.35s, with 788200248 rules fired and 186937 states in the queue.
	18300000 states explored in 1381.71s, with 792550097 rules fired and 187012 states in the queue.
	18400000 states explored in 1390.18s, with 796865267 rules fired and 188267 states in the queue.
	18500000 states explored in 1398.86s, with 801148549 rules fired and 190445 states in the queue.
	18600000 states explored in 1407.60s, with 805470739 rules fired and 191567 states in the queue.
	18700000 states explored in 1416.03s, with 809733527 rules fired and 194068 states in the queue.
	18800000 states explored in 1424.94s, with 814059873 rules fired and 194727 states in the queue.
	18900000 states explored in 1434.59s, with 818400358 rules fired and 194978 states in the queue.
	19000000 states explored in 1444.10s, with 822750121 rules fired and 195554 states in the queue.
	19100000 states explored in 1453.24s, with 827063551 rules fired and 196841 states in the queue.
	19200000 states explored in 1462.56s, with 831370269 rules fired and 198544 states in the queue.
	19300000 states explored in 1472.60s, with 835672448 rules fired and 200022 states in the queue.
	19400000 states explored in 1482.45s, with 839956116 rules fired and 201691 states in the queue.
	19500000 states explored in 1493.99s, with 844308178 rules fired and 201733 states in the queue.
	19600000 states explored in 1507.30s, with 848665767 rules fired and 202133 states in the queue.
	19700000 states explored in 1522.93s, with 853012661 rules fired and 202561 states in the queue.
	19800000 states explored in 1550.95s, with 857327571 rules fired and 203174 states in the queue.

Error:

	Closed hash table full.



