This program should be regarded as a DEBUGGING aid, not as a 
certifier of correctness.
Call with the -l flag or read the license file for terms
and conditions of use.
Run this program with "-h" for the list of options.

Bugs, questions, and comments should be directed to
"melatti@di.uniroma1.it".

CMurphi compiler last modified date: Apr 18 2024
Include files last modified date:    Jul 23 2021
==========================================================================

==========================================================================
Caching Murphi Release 5.5.0
Finite-state Concurrent System Verifier.

Caching Murphi Release 5.5.0 is based on various versions of Murphi.
Caching Murphi Release 5.5.0 :
Copyright (C) 2009-2012 by Sapienza University of Rome.
Murphi release 3.1 :
Copyright (C) 1992 - 1999 by the Board of Trustees of
Leland Stanford Junior University.

==========================================================================

Protocol: ./protocols/exec/TL-C_NonIn_M_data/TL-C_NonIn_M_data_inv52
===========================================
  You are using LS algorithm.  
===========================================

===== Startstates are generated! =====
Carelist Layer 0: Tree[1].cache[1].state Tree[2].cache[1].state Tree[3].cache[1].state Tree[4].cache[1].state Tree[5].cache[1].state Tree[6].cache[1].state Tree[7].cache[1].state 
Carelist Layer 1: Tree[node].chanA[node].opcode Tree[node].chanA[node].para Tree[node].chanA[node].addr Tree[node].cache[node].state Tree[node].directory[node][node] Tree[node].master_pending[node] Tree[node].chanC[node].opcode Tree[node].chanB[node].opcode Tree[node].chanB[node].para Tree[node].chanB[node].addr Tree[node].chanD[node].opcode Tree[node].chanD[node].para Tree[node].chanD[node].addr Tree[node].chanC[node].para Tree[node].chanC[node].addr Tree[node].slave_pending[node][node] 
Carelist Layer 2: Tree[node].chanE[node].opcode Tree[node].chanE[node].addr 
Attr: Tree[node].chanE[node].opcode Level: 2 Wi: 2
Attr: Tree[node].chanC[node].addr Level: 1 Wi: 4
Attr: Tree[node].chanC[node].para Level: 1 Wi: 4
Attr: Tree[node].chanD[node].addr Level: 1 Wi: 4
Attr: Tree[node].chanD[node].opcode Level: 1 Wi: 4
Attr: Tree[node].slave_pending[node][node] Level: 1 Wi: 4
Attr: Tree[6].cache[1].state Level: 0 Wi: 8
Attr: Tree[2].cache[1].state Level: 0 Wi: 8
Attr: Tree[5].cache[1].state Level: 0 Wi: 8
Attr: Tree[node].chanB[node].addr Level: 1 Wi: 4
Attr: Tree[4].cache[1].state Level: 0 Wi: 8
Attr: Tree[node].chanD[node].para Level: 1 Wi: 4
Attr: Tree[node].master_pending[node] Level: 1 Wi: 4
Attr: Tree[3].cache[1].state Level: 0 Wi: 8
Attr: Tree[node].cache[node].state Level: 1 Wi: 4
Attr: Tree[7].cache[1].state Level: 0 Wi: 8
Attr: Tree[node].chanA[node].opcode Level: 1 Wi: 4
Attr: Tree[node].chanA[node].para Level: 1 Wi: 4
Attr: Tree[node].directory[node][node] Level: 1 Wi: 4
Attr: Tree[node].chanA[node].addr Level: 1 Wi: 4
Attr: Tree[1].cache[1].state Level: 0 Wi: 8
Attr: Tree[node].chanC[node].opcode Level: 1 Wi: 4
Attr: Tree[node].chanB[node].opcode Level: 1 Wi: 4
Attr: Tree[node].chanE[node].addr Level: 2 Wi: 2
Attr: Tree[node].chanB[node].para Level: 1 Wi: 4

===== Init heuristics! =====

Progress Report:

	100000 states explored in 13.01s, with 696693 rules fired and 75249 states in the queue.
	200000 states explored in 26.91s, with 1601006 rules fired and 140196 states in the queue.
	300000 states explored in 36.00s, with 2182963 rules fired and 216316 states in the queue.
	400000 states explored in 52.09s, with 3209707 rules fired and 273302 states in the queue.
	500000 states explored in 65.48s, with 4065182 rules fired and 337081 states in the queue.
	600000 states explored in 73.84s, with 4599161 rules fired and 415239 states in the queue.
	700000 states explored in 85.84s, with 5350853 rules fired and 482059 states in the queue.
	800000 states explored in 104.88s, with 6522385 rules fired and 526095 states in the queue.
	900000 states explored in 126.95s, with 7906605 rules fired and 560817 states in the queue.
	1000000 states explored in 137.80s, with 8606764 rules fired and 631991 states in the queue.
	1100000 states explored in 144.37s, with 9022620 rules fired and 714494 states in the queue.
	1200000 states explored in 152.41s, with 9520155 rules fired and 792105 states in the queue.
	1300000 states explored in 162.79s, with 10155088 rules fired and 861915 states in the queue.
	1400000 states explored in 176.85s, with 11017720 rules fired and 921116 states in the queue.
	1500000 states explored in 196.73s, with 12221629 rules fired and 959116 states in the queue.
	1600000 states explored in 218.01s, with 13529990 rules fired and 992946 states in the queue.
	1700000 states explored in 238.30s, with 14777227 rules fired and 1029549 states in the queue.
	1800000 states explored in 254.71s, with 15807025 rules fired and 1081493 states in the queue.
	1900000 states explored in 268.55s, with 16715418 rules fired and 1146376 states in the queue.
	2000000 states explored in 286.75s, with 17890328 rules fired and 1198208 states in the queue.
	2100000 states explored in 293.66s, with 18339825 rules fired and 1280613 states in the queue.
	2200000 states explored in 300.51s, with 18777302 rules fired and 1362656 states in the queue.
	2300000 states explored in 307.52s, with 19228633 rules fired and 1444643 states in the queue.
	2400000 states explored in 314.55s, with 19678960 rules fired and 1526116 states in the queue.
	2500000 states explored in 321.45s, with 20120003 rules fired and 1608303 states in the queue.
	2600000 states explored in 329.12s, with 20612866 rules fired and 1688477 states in the queue.
	2700000 states explored in 337.13s, with 21115689 rules fired and 1766884 states in the queue.
	2800000 states explored in 346.50s, with 21704649 rules fired and 1841500 states in the queue.
	2900000 states explored in 356.01s, with 22291435 rules fired and 1914737 states in the queue.
	3000000 states explored in 366.94s, with 22957148 rules fired and 1983253 states in the queue.
	3100000 states explored in 382.43s, with 23899945 rules fired and 2036153 states in the queue.
	3200000 states explored in 402.36s, with 25095469 rules fired and 2072788 states in the queue.
	3300000 states explored in 423.86s, with 26386291 rules fired and 2103936 states in the queue.
	3400000 states explored in 449.79s, with 27931884 rules fired and 2116039 states in the queue.
	3500000 states explored in 475.64s, with 29480205 rules fired and 2128909 states in the queue.
	3600000 states explored in 502.92s, with 31128356 rules fired and 2137787 states in the queue.
	3700000 states explored in 522.92s, with 32371148 rules fired and 2177717 states in the queue.
	3800000 states explored in 536.51s, with 33252638 rules fired and 2242964 states in the queue.
	3900000 states explored in 547.08s, with 33942953 rules fired and 2316348 states in the queue.
	4000000 states explored in 560.18s, with 34805644 rules fired and 2384227 states in the queue.
	4100000 states explored in 578.34s, with 35995138 rules fired and 2435036 states in the queue.
	4200000 states explored in 597.89s, with 37265903 rules fired and 2482872 states in the queue.
	4300000 states explored in 603.95s, with 37647402 rules fired and 2566767 states in the queue.

Error:

	Internal Error: Too many active states.



