This program should be regarded as a DEBUGGING aid, not as a 
certifier of correctness.
Call with the -l flag or read the license file for terms
and conditions of use.
Run this program with "-h" for the list of options.

Bugs, questions, and comments should be directed to
"melatti@di.uniroma1.it".

CMurphi compiler last modified date: Apr 18 2024
Include files last modified date:    Jul 23 2021
==========================================================================

==========================================================================
Caching Murphi Release 5.5.0
Finite-state Concurrent System Verifier.

Caching Murphi Release 5.5.0 is based on various versions of Murphi.
Caching Murphi Release 5.5.0 :
Copyright (C) 2009-2012 by Sapienza University of Rome.
Murphi release 3.1 :
Copyright (C) 1992 - 1999 by the Board of Trustees of
Leland Stanford Junior University.

==========================================================================

Protocol: ./protocols/exec/TL-C_NonIn_M_data/TL-C_NonIn_M_data_inv73
===========================================
  You are using LS algorithm.  
===========================================

===== Startstates are generated! =====
Carelist Layer 0: Tree[1].cache[1].state Tree[2].cache[1].state Tree[3].cache[1].state Tree[4].cache[1].state Tree[5].cache[1].state Tree[6].cache[1].state Tree[7].cache[1].state 
Carelist Layer 1: Tree[node].chanA[node].opcode Tree[node].chanA[node].para Tree[node].chanA[node].addr Tree[node].cache[node].state Tree[node].directory[node][node] Tree[node].master_pending[node] Tree[node].chanC[node].opcode Tree[node].chanB[node].opcode Tree[node].chanB[node].para Tree[node].chanB[node].addr Tree[node].chanD[node].opcode Tree[node].chanD[node].para Tree[node].chanD[node].addr Tree[node].chanC[node].para Tree[node].chanC[node].addr Tree[node].slave_pending[node][node] 
Carelist Layer 2: Tree[node].chanE[node].opcode Tree[node].chanE[node].addr 
Attr: Tree[node].chanE[node].opcode Level: 2 Wi: 2
Attr: Tree[node].chanC[node].addr Level: 1 Wi: 4
Attr: Tree[node].chanC[node].para Level: 1 Wi: 4
Attr: Tree[node].chanD[node].addr Level: 1 Wi: 4
Attr: Tree[node].chanD[node].opcode Level: 1 Wi: 4
Attr: Tree[node].slave_pending[node][node] Level: 1 Wi: 4
Attr: Tree[6].cache[1].state Level: 0 Wi: 8
Attr: Tree[2].cache[1].state Level: 0 Wi: 8
Attr: Tree[5].cache[1].state Level: 0 Wi: 8
Attr: Tree[node].chanB[node].addr Level: 1 Wi: 4
Attr: Tree[4].cache[1].state Level: 0 Wi: 8
Attr: Tree[node].chanD[node].para Level: 1 Wi: 4
Attr: Tree[node].master_pending[node] Level: 1 Wi: 4
Attr: Tree[3].cache[1].state Level: 0 Wi: 8
Attr: Tree[node].cache[node].state Level: 1 Wi: 4
Attr: Tree[7].cache[1].state Level: 0 Wi: 8
Attr: Tree[node].chanA[node].opcode Level: 1 Wi: 4
Attr: Tree[node].chanA[node].para Level: 1 Wi: 4
Attr: Tree[node].directory[node][node] Level: 1 Wi: 4
Attr: Tree[node].chanA[node].addr Level: 1 Wi: 4
Attr: Tree[1].cache[1].state Level: 0 Wi: 8
Attr: Tree[node].chanC[node].opcode Level: 1 Wi: 4
Attr: Tree[node].chanB[node].opcode Level: 1 Wi: 4
Attr: Tree[node].chanE[node].addr Level: 2 Wi: 2
Attr: Tree[node].chanB[node].para Level: 1 Wi: 4

===== Init heuristics! =====

Progress Report:

	100000 states explored in 13.31s, with 696080 rules fired and 75277 states in the queue.
	200000 states explored in 27.63s, with 1599943 rules fired and 140276 states in the queue.
	300000 states explored in 36.80s, with 2170899 rules fired and 217015 states in the queue.
	400000 states explored in 52.66s, with 3151578 rules fired and 276202 states in the queue.
	500000 states explored in 67.35s, with 4059273 rules fired and 337050 states in the queue.
	600000 states explored in 75.87s, with 4590964 rules fired and 415704 states in the queue.
	700000 states explored in 87.51s, with 5300739 rules fired and 484614 states in the queue.
	800000 states explored in 106.15s, with 6416892 rules fired and 531599 states in the queue.
	900000 states explored in 127.44s, with 7709166 rules fired and 570615 states in the queue.
	1000000 states explored in 142.92s, with 8668846 rules fired and 629682 states in the queue.
	1100000 states explored in 149.59s, with 9080208 rules fired and 712831 states in the queue.
	1200000 states explored in 157.52s, with 9558779 rules fired and 791535 states in the queue.
	1300000 states explored in 167.13s, with 10135672 rules fired and 864763 states in the queue.
	1400000 states explored in 179.67s, with 10887465 rules fired and 929775 states in the queue.
	1500000 states explored in 199.27s, with 12047535 rules fired and 971476 states in the queue.
	1600000 states explored in 216.06s, with 13067723 rules fired and 1022362 states in the queue.
	1700000 states explored in 236.16s, with 14270359 rules fired and 1061520 states in the queue.
	1800000 states explored in 255.66s, with 15431154 rules fired and 1102426 states in the queue.
	1900000 states explored in 269.15s, with 16271102 rules fired and 1166770 states in the queue.
	2000000 states explored in 281.81s, with 17067088 rules fired and 1235154 states in the queue.
	2100000 states explored in 306.47s, with 18607692 rules fired and 1270489 states in the queue.
	2200000 states explored in 312.99s, with 19013771 rules fired and 1354069 states in the queue.
	2300000 states explored in 320.04s, with 19450279 rules fired and 1436010 states in the queue.
	2400000 states explored in 327.51s, with 19916514 rules fired and 1517166 states in the queue.
	2500000 states explored in 335.72s, with 20430136 rules fired and 1596720 states in the queue.
	2600000 states explored in 343.60s, with 20918120 rules fired and 1676790 states in the queue.
	2700000 states explored in 351.90s, with 21444213 rules fired and 1756926 states in the queue.
	2800000 states explored in 360.61s, with 21978275 rules fired and 1834216 states in the queue.
	2900000 states explored in 369.94s, with 22534102 rules fired and 1908614 states in the queue.
	3000000 states explored in 380.44s, with 23161072 rules fired and 1979915 states in the queue.
	3100000 states explored in 394.52s, with 24018766 rules fired and 2040789 states in the queue.
	3200000 states explored in 413.25s, with 25113941 rules fired and 2082560 states in the queue.
	3300000 states explored in 433.68s, with 26315841 rules fired and 2120032 states in the queue.
	3400000 states explored in 458.73s, with 27786924 rules fired and 2138967 states in the queue.
	3500000 states explored in 485.33s, with 29329039 rules fired and 2149649 states in the queue.
	3600000 states explored in 503.66s, with 30410428 rules fired and 2192022 states in the queue.
	3700000 states explored in 519.39s, with 31349938 rules fired and 2245455 states in the queue.
	3800000 states explored in 534.19s, with 32242697 rules fired and 2301973 states in the queue.
	3900000 states explored in 545.37s, with 32950761 rules fired and 2374136 states in the queue.
	4000000 states explored in 555.94s, with 33617326 rules fired and 2447325 states in the queue.
	4100000 states explored in 568.33s, with 34376205 rules fired and 2514430 states in the queue.
	4200000 states explored in 582.89s, with 35301869 rules fired and 2579199 states in the queue.

Error:

	Internal Error: Too many active states.



