This program should be regarded as a DEBUGGING aid, not as a 
certifier of correctness.
Call with the -l flag or read the license file for terms
and conditions of use.
Run this program with "-h" for the list of options.

Bugs, questions, and comments should be directed to
"melatti@di.uniroma1.it".

CMurphi compiler last modified date: Apr 18 2024
Include files last modified date:    Jul 23 2021
==========================================================================

==========================================================================
Caching Murphi Release 5.5.0
Finite-state Concurrent System Verifier.

Caching Murphi Release 5.5.0 is based on various versions of Murphi.
Caching Murphi Release 5.5.0 :
Copyright (C) 2009-2012 by Sapienza University of Rome.
Murphi release 3.1 :
Copyright (C) 1992 - 1999 by the Board of Trustees of
Leland Stanford Junior University.

==========================================================================

Protocol: ./protocols/exec/TL-C_NonIn_M_data/TL-C_NonIn_M_data_inv138
===========================================
  You are using LS algorithm.  
===========================================

===== Startstates are generated! =====
Carelist Layer 0: Tree[1].cache[1].state Tree[2].cache[1].state Tree[3].cache[1].state Tree[4].cache[1].state Tree[5].cache[1].state Tree[6].cache[1].state Tree[7].cache[1].state 
Carelist Layer 1: Tree[node].chanA[node].opcode Tree[node].chanA[node].para Tree[node].chanA[node].addr Tree[node].cache[node].state Tree[node].directory[node][node] Tree[node].master_pending[node] Tree[node].chanC[node].opcode Tree[node].chanB[node].opcode Tree[node].chanB[node].para Tree[node].chanB[node].addr Tree[node].chanD[node].opcode Tree[node].chanD[node].para Tree[node].chanD[node].addr Tree[node].chanC[node].para Tree[node].chanC[node].addr Tree[node].slave_pending[node][node] 
Carelist Layer 2: Tree[node].chanE[node].opcode Tree[node].chanE[node].addr 
Attr: Tree[node].chanE[node].opcode Level: 2 Wi: 2
Attr: Tree[node].chanC[node].addr Level: 1 Wi: 4
Attr: Tree[node].chanC[node].para Level: 1 Wi: 4
Attr: Tree[node].chanD[node].addr Level: 1 Wi: 4
Attr: Tree[node].chanD[node].opcode Level: 1 Wi: 4
Attr: Tree[node].slave_pending[node][node] Level: 1 Wi: 4
Attr: Tree[6].cache[1].state Level: 0 Wi: 8
Attr: Tree[2].cache[1].state Level: 0 Wi: 8
Attr: Tree[5].cache[1].state Level: 0 Wi: 8
Attr: Tree[node].chanB[node].addr Level: 1 Wi: 4
Attr: Tree[4].cache[1].state Level: 0 Wi: 8
Attr: Tree[node].chanD[node].para Level: 1 Wi: 4
Attr: Tree[node].master_pending[node] Level: 1 Wi: 4
Attr: Tree[3].cache[1].state Level: 0 Wi: 8
Attr: Tree[node].cache[node].state Level: 1 Wi: 4
Attr: Tree[7].cache[1].state Level: 0 Wi: 8
Attr: Tree[node].chanA[node].opcode Level: 1 Wi: 4
Attr: Tree[node].chanA[node].para Level: 1 Wi: 4
Attr: Tree[node].directory[node][node] Level: 1 Wi: 4
Attr: Tree[node].chanA[node].addr Level: 1 Wi: 4
Attr: Tree[1].cache[1].state Level: 0 Wi: 8
Attr: Tree[node].chanC[node].opcode Level: 1 Wi: 4
Attr: Tree[node].chanB[node].opcode Level: 1 Wi: 4
Attr: Tree[node].chanE[node].addr Level: 2 Wi: 2
Attr: Tree[node].chanB[node].para Level: 1 Wi: 4

===== Init heuristics! =====

Progress Report:

	100000 states explored in 14.49s, with 673714 rules fired and 74138 states in the queue.
	200000 states explored in 30.21s, with 1647386 rules fired and 129917 states in the queue.
	300000 states explored in 37.28s, with 2089225 rules fired and 212786 states in the queue.
	400000 states explored in 50.07s, with 2876064 rules fired and 278979 states in the queue.
	500000 states explored in 72.97s, with 4267084 rules fired and 306101 states in the queue.
	600000 states explored in 79.88s, with 4696904 rules fired and 388437 states in the queue.
	700000 states explored in 88.03s, with 5197555 rules fired and 467325 states in the queue.
	800000 states explored in 98.26s, with 5824049 rules fired and 540518 states in the queue.
	900000 states explored in 116.30s, with 6906562 rules fired and 587234 states in the queue.
	1000000 states explored in 139.92s, with 8322349 rules fired and 611182 states in the queue.
	1100000 states explored in 158.15s, with 9462081 rules fired and 654983 states in the queue.
	1200000 states explored in 170.64s, with 10212701 rules fired and 713810 states in the queue.
	1300000 states explored in 176.98s, with 10600922 rules fired and 797220 states in the queue.
	1400000 states explored in 184.25s, with 11043549 rules fired and 878141 states in the queue.
	1500000 states explored in 192.65s, with 11546198 rules fired and 955857 states in the queue.
	1600000 states explored in 203.88s, with 12227181 rules fired and 1025041 states in the queue.
	1700000 states explored in 218.38s, with 13093561 rules fired and 1082945 states in the queue.
	1800000 states explored in 233.37s, with 13984742 rules fired and 1137512 states in the queue.
	1900000 states explored in 250.36s, with 14982776 rules fired and 1183714 states in the queue.
	2000000 states explored in 268.30s, with 16048763 rules fired and 1226701 states in the queue.
	2100000 states explored in 288.46s, with 17252328 rules fired and 1261232 states in the queue.
	2200000 states explored in 304.44s, with 18230053 rules fired and 1312199 states in the queue.
	2300000 states explored in 314.75s, with 18893666 rules fired and 1385428 states in the queue.
	2400000 states explored in 340.73s, with 20494323 rules fired and 1403004 states in the queue.
	2500000 states explored in 362.89s, with 21858603 rules fired and 1431875 states in the queue.
	2600000 states explored in 375.85s, with 22661312 rules fired and 1493122 states in the queue.
	2700000 states explored in 381.71s, with 23013621 rules fired and 1577252 states in the queue.
	2800000 states explored in 388.05s, with 23401461 rules fired and 1660790 states in the queue.
	2900000 states explored in 394.59s, with 23799887 rules fired and 1743670 states in the queue.
	3000000 states explored in 401.80s, with 24237073 rules fired and 1825173 states in the queue.
	3100000 states explored in 410.70s, with 24775932 rules fired and 1901567 states in the queue.
	3200000 states explored in 420.18s, with 25344216 rules fired and 1975696 states in the queue.
	3300000 states explored in 430.76s, with 25968750 rules fired and 2045991 states in the queue.
	3400000 states explored in 447.74s, with 26970934 rules fired and 2093194 states in the queue.
	3500000 states explored in 462.99s, with 27863868 rules fired and 2145445 states in the queue.
	3600000 states explored in 476.38s, with 28645957 rules fired and 2203387 states in the queue.
	3700000 states explored in 490.22s, with 29451851 rules fired and 2259400 states in the queue.
	3800000 states explored in 505.08s, with 30312081 rules fired and 2311324 states in the queue.
	3900000 states explored in 520.19s, with 31195533 rules fired and 2362184 states in the queue.
	4000000 states explored in 536.84s, with 32161832 rules fired and 2406987 states in the queue.
	4100000 states explored in 553.19s, with 33121237 rules fired and 2452956 states in the queue.
	4200000 states explored in 569.70s, with 34099107 rules fired and 2499659 states in the queue.
	4300000 states explored in 585.52s, with 35033808 rules fired and 2547852 states in the queue.

Error:

	Internal Error: Too many active states.



