This program should be regarded as a DEBUGGING aid, not as a 
certifier of correctness.
Call with the -l flag or read the license file for terms
and conditions of use.
Run this program with "-h" for the list of options.

Bugs, questions, and comments should be directed to
"melatti@di.uniroma1.it".

CMurphi compiler last modified date: Apr 10 2024
Include files last modified date:    Jul 23 2021
==========================================================================

==========================================================================
Caching Murphi Release 5.5.0
Finite-state Concurrent System Verifier.

Caching Murphi Release 5.5.0 is based on various versions of Murphi.
Caching Murphi Release 5.5.0 :
Copyright (C) 2009-2012 by Sapienza University of Rome.
Murphi release 3.1 :
Copyright (C) 1992 - 1999 by the Board of Trustees of
Leland Stanford Junior University.

==========================================================================

Protocol: ./protocols/exec/German_node8/German_node8_inv202
===========================================
  You are using LS algorithm.  
===========================================

===== Startstates are generated! =====
Carelist Layer 0: Cache[1].State Cache[2].State Cache[3].State Cache[4].State Cache[5].State Cache[6].State Cache[7].State Cache[8].State 

===== Init heuristics! =====

Progress Report:

	100000 states explored in 7.81s, with 529150 rules fired and 75785 states in the queue.
	200000 states explored in 13.49s, with 1177046 rules fired and 143184 states in the queue.
	300000 states explored in 18.06s, with 1679346 rules fired and 218864 states in the queue.
	400000 states explored in 27.74s, with 2714893 rules fired and 264494 states in the queue.
	500000 states explored in 31.41s, with 3120301 rules fired and 345992 states in the queue.
	600000 states explored in 35.14s, with 3508755 rules fired and 427973 states in the queue.
	700000 states explored in 39.83s, with 3984016 rules fired and 505750 states in the queue.
	800000 states explored in 45.91s, with 4587429 rules fired and 577405 states in the queue.
	900000 states explored in 55.59s, with 5525523 rules fired and 629264 states in the queue.
	1000000 states explored in 72.01s, with 7035577 rules fired and 644850 states in the queue.
	1100000 states explored in 78.63s, with 7649182 rules fired and 713215 states in the queue.

==========================================================================

Result:

	Invariant "test_202" failed.

State Space Explored:

	1123025 states, 7734590 rules fired in 79.51s.

