This program should be regarded as a DEBUGGING aid, not as a 
certifier of correctness.
Call with the -l flag or read the license file for terms
and conditions of use.
Run this program with "-h" for the list of options.

Bugs, questions, and comments should be directed to
"melatti@di.uniroma1.it".

CMurphi compiler last modified date: Apr 10 2024
Include files last modified date:    Jul 23 2021
==========================================================================

==========================================================================
Caching Murphi Release 5.5.0
Finite-state Concurrent System Verifier.

Caching Murphi Release 5.5.0 is based on various versions of Murphi.
Caching Murphi Release 5.5.0 :
Copyright (C) 2009-2012 by Sapienza University of Rome.
Murphi release 3.1 :
Copyright (C) 1992 - 1999 by the Board of Trustees of
Leland Stanford Junior University.

==========================================================================

Protocol: ./protocols/exec/German_node8/German_node8_inv222
===========================================
  You are using LS algorithm.  
===========================================

===== Startstates are generated! =====
Carelist Layer 0: Cache[1].State Cache[2].State Cache[3].State Cache[4].State Cache[5].State Cache[6].State Cache[7].State Cache[8].State 

===== Init heuristics! =====

Progress Report:

	100000 states explored in 8.49s, with 526550 rules fired and 75926 states in the queue.
	200000 states explored in 14.97s, with 1189892 rules fired and 142430 states in the queue.
	300000 states explored in 19.75s, with 1665152 rules fired and 220867 states in the queue.
	400000 states explored in 27.66s, with 2417870 rules fired and 283170 states in the queue.
	500000 states explored in 35.90s, with 3206019 rules fired and 340175 states in the queue.
	600000 states explored in 39.99s, with 3594131 rules fired and 422720 states in the queue.
	700000 states explored in 45.02s, with 4058549 rules fired and 501311 states in the queue.
	800000 states explored in 50.74s, with 4582956 rules fired and 576013 states in the queue.
	900000 states explored in 59.06s, with 5314973 rules fired and 638759 states in the queue.
	1000000 states explored in 70.40s, with 6316983 rules fired and 686394 states in the queue.
	1100000 states explored in 88.58s, with 7844510 rules fired and 697818 states in the queue.
	1200000 states explored in 94.22s, with 8339544 rules fired and 771966 states in the queue.
	1300000 states explored in 98.50s, with 8706310 rules fired and 853483 states in the queue.
	1400000 states explored in 103.33s, with 9106729 rules fired and 933459 states in the queue.
	1500000 states explored in 108.55s, with 9538031 rules fired and 1011891 states in the queue.
	1600000 states explored in 116.26s, with 10160932 rules fired and 1080208 states in the queue.
	1700000 states explored in 122.47s, with 10670614 rules fired and 1154002 states in the queue.
	1800000 states explored in 129.95s, with 11249163 rules fired and 1223306 states in the queue.
	1900000 states explored in 138.44s, with 11884969 rules fired and 1289261 states in the queue.
	2000000 states explored in 149.07s, with 12718699 rules fired and 1345664 states in the queue.
	2100000 states explored in 160.90s, with 13597399 rules fired and 1397539 states in the queue.
	2200000 states explored in 172.38s, with 14409149 rules fired and 1452212 states in the queue.
	2300000 states explored in 188.54s, with 15569231 rules fired and 1486765 states in the queue.
	2400000 states explored in 211.40s, with 17177059 rules fired and 1483633 states in the queue.
	2500000 states explored in 234.38s, with 18846555 rules fired and 1475798 states in the queue.
	2600000 states explored in 242.88s, with 19454990 rules fired and 1540023 states in the queue.
	2700000 states explored in 247.93s, with 19812888 rules fired and 1623046 states in the queue.
	2800000 states explored in 253.76s, with 20213348 rules fired and 1701985 states in the queue.
	2900000 states explored in 260.86s, with 20695452 rules fired and 1777432 states in the queue.
	3000000 states explored in 267.44s, with 21142944 rules fired and 1853324 states in the queue.
	3100000 states explored in 274.37s, with 21623444 rules fired and 1928171 states in the queue.
	3200000 states explored in 284.85s, with 22325297 rules fired and 1988764 states in the queue.
	3300000 states explored in 296.41s, with 23090402 rules fired and 2045923 states in the queue.
	3400000 states explored in 305.22s, with 23657466 rules fired and 2113874 states in the queue.
	3500000 states explored in 314.98s, with 24309660 rules fired and 2175913 states in the queue.
	3600000 states explored in 325.34s, with 24943948 rules fired and 2238068 states in the queue.
	3700000 states explored in 336.83s, with 25649355 rules fired and 2296139 states in the queue.
	3800000 states explored in 349.52s, with 26427189 rules fired and 2346921 states in the queue.
	3900000 states explored in 364.60s, with 27320729 rules fired and 2389771 states in the queue.
	4000000 states explored in 380.15s, with 28251118 rules fired and 2430205 states in the queue.
	4100000 states explored in 392.08s, with 28954185 rules fired and 2486204 states in the queue.
	4200000 states explored in 400.08s, with 29513595 rules fired and 2555598 states in the queue.
	4300000 states explored in 412.93s, with 30247313 rules fired and 2610956 states in the queue.
	4400000 states explored in 426.05s, with 31041217 rules fired and 2663420 states in the queue.
	4500000 states explored in 446.51s, with 32201643 rules fired and 2689336 states in the queue.
	4600000 states explored in 467.19s, with 33357613 rules fired and 2719041 states in the queue.
	4700000 states explored in 487.54s, with 34534976 rules fired and 2743395 states in the queue.
	4800000 states explored in 514.54s, with 36010293 rules fired and 2743925 states in the queue.
	4900000 states explored in 538.39s, with 37385632 rules fired and 2748715 states in the queue.
	5000000 states explored in 561.78s, with 38792691 rules fired and 2761023 states in the queue.
	5100000 states explored in 588.93s, with 40394259 rules fired and 2756044 states in the queue.
	5200000 states explored in 594.57s, with 40732129 rules fired and 2838258 states in the queue.
	5300000 states explored in 600.40s, with 41092368 rules fired and 2919633 states in the queue.
	5400000 states explored in 606.13s, with 41450199 rules fired and 3000792 states in the queue.
	5500000 states explored in 612.49s, with 41818861 rules fired and 3081403 states in the queue.
	5600000 states explored in 619.09s, with 42215963 rules fired and 3160444 states in the queue.
	5700000 states explored in 626.74s, with 42664724 rules fired and 3237244 states in the queue.
	5800000 states explored in 633.83s, with 43095477 rules fired and 3314266 states in the queue.
	5900000 states explored in 641.00s, with 43552752 rules fired and 3391225 states in the queue.
	6000000 states explored in 649.68s, with 44002417 rules fired and 3465823 states in the queue.
	6100000 states explored in 658.71s, with 44474494 rules fired and 3539871 states in the queue.
	6200000 states explored in 668.75s, with 45013090 rules fired and 3609518 states in the queue.
	6300000 states explored in 679.06s, with 45627005 rules fired and 3674750 states in the queue.
	6400000 states explored in 699.57s, with 46617613 rules fired and 3712118 states in the queue.
	6500000 states explored in 722.79s, with 47704251 rules fired and 3740090 states in the queue.
	6600000 states explored in 742.04s, with 48611318 rules fired and 3779465 states in the queue.
	6700000 states explored in 759.74s, with 49397836 rules fired and 3826542 states in the queue.
	6800000 states explored in 773.21s, with 50153162 rules fired and 3876886 states in the queue.
	6900000 states explored in 787.91s, with 50922907 rules fired and 3924601 states in the queue.
	7000000 states explored in 804.70s, with 51748787 rules fired and 3969789 states in the queue.
	7100000 states explored in 822.05s, with 52593933 rules fired and 4011713 states in the queue.
	7200000 states explored in 842.21s, with 53574017 rules fired and 4038781 states in the queue.
	7300000 states explored in 861.33s, with 54490354 rules fired and 4075426 states in the queue.
	7400000 states explored in 884.58s, with 55560951 rules fired and 4104358 states in the queue.
	7500000 states explored in 908.46s, with 56625701 rules fired and 4127673 states in the queue.
	7600000 states explored in 931.65s, with 57716765 rules fired and 4149136 states in the queue.
	7700000 states explored in 943.76s, with 58328213 rules fired and 4208028 states in the queue.
	7800000 states explored in 955.00s, with 58867282 rules fired and 4273307 states in the queue.
	7900000 states explored in 967.00s, with 59372685 rules fired and 4342419 states in the queue.
	8000000 states explored in 981.16s, with 60060227 rules fired and 4399379 states in the queue.
	8100000 states explored in 990.54s, with 60560529 rules fired and 4473241 states in the queue.
	8200000 states explored in 999.59s, with 61077430 rules fired and 4547146 states in the queue.
	8300000 states explored in 1010.85s, with 61690856 rules fired and 4615871 states in the queue.
	8400000 states explored in 1025.16s, with 62410841 rules fired and 4679009 states in the queue.
	8500000 states explored in 1041.87s, with 63316519 rules fired and 4731629 states in the queue.
	8600000 states explored in 1063.99s, with 64378722 rules fired and 4768736 states in the queue.
	8700000 states explored in 1087.82s, with 65458565 rules fired and 4804723 states in the queue.
	8800000 states explored in 1111.51s, with 66644030 rules fired and 4832777 states in the queue.
	8900000 states explored in 1128.64s, with 67709061 rules fired and 4875686 states in the queue.
	9000000 states explored in 1151.47s, with 68883053 rules fired and 4910900 states in the queue.
	9100000 states explored in 1182.81s, with 70353325 rules fired and 4915023 states in the queue.
	9200000 states explored in 1211.06s, with 71768971 rules fired and 4924062 states in the queue.
	9300000 states explored in 1246.13s, with 73526987 rules fired and 4903982 states in the queue.
	9400000 states explored in 1281.02s, with 75272036 rules fired and 4886471 states in the queue.
	9500000 states explored in 1314.38s, with 76994255 rules fired and 4870450 states in the queue.
	9600000 states explored in 1339.57s, with 78217856 rules fired and 4884751 states in the queue.
	9700000 states explored in 1345.40s, with 78540766 rules fired and 4967609 states in the queue.
	9800000 states explored in 1351.51s, with 78875390 rules fired and 5050596 states in the queue.
	9900000 states explored in 1358.54s, with 79250567 rules fired and 5130397 states in the queue.
	10000000 states explored in 1365.03s, with 79601890 rules fired and 5212786 states in the queue.
	10100000 states explored in 1371.09s, with 79933678 rules fired and 5295650 states in the queue.
	10200000 states explored in 1377.75s, with 80298614 rules fired and 5376420 states in the queue.
	10300000 states explored in 1384.25s, with 80647711 rules fired and 5458226 states in the queue.
	10400000 states explored in 1393.45s, with 81057136 rules fired and 5536349 states in the queue.
	10500000 states explored in 1401.62s, with 81463551 rules fired and 5614964 states in the queue.
	10600000 states explored in 1409.21s, with 81857309 rules fired and 5694709 states in the queue.
	10700000 states explored in 1416.39s, with 82265794 rules fired and 5773701 states in the queue.
	10800000 states explored in 1423.66s, with 82669090 rules fired and 5853229 states in the queue.
	10900000 states explored in 1431.38s, with 83067295 rules fired and 5932151 states in the queue.
	11000000 states explored in 1438.90s, with 83472359 rules fired and 6011356 states in the queue.
	11100000 states explored in 1446.47s, with 83895112 rules fired and 6089252 states in the queue.
	11200000 states explored in 1454.25s, with 84317025 rules fired and 6166513 states in the queue.
	11300000 states explored in 1462.99s, with 84767501 rules fired and 6242157 states in the queue.
	11400000 states explored in 1473.15s, with 85220155 rules fired and 6316987 states in the queue.
	11500000 states explored in 1483.73s, with 85691272 rules fired and 6390761 states in the queue.
	11600000 states explored in 1494.00s, with 86161558 rules fired and 6464155 states in the queue.
	11700000 states explored in 1504.45s, with 86644431 rules fired and 6536835 states in the queue.
	11800000 states explored in 1515.12s, with 87147280 rules fired and 6609330 states in the queue.
	11900000 states explored in 1525.95s, with 87667444 rules fired and 6679583 states in the queue.
	12000000 states explored in 1536.64s, with 88181591 rules fired and 6749927 states in the queue.
	12100000 states explored in 1548.38s, with 88762857 rules fired and 6815720 states in the queue.
	12200000 states explored in 1560.82s, with 89350720 rules fired and 6881989 states in the queue.
	12300000 states explored in 1573.47s, with 89966587 rules fired and 6945886 states in the queue.
	12400000 states explored in 1586.98s, with 90612080 rules fired and 7006256 states in the queue.
	12500000 states explored in 1601.51s, with 91265077 rules fired and 7066582 states in the queue.
	12600000 states explored in 1614.68s, with 91946946 rules fired and 7128013 states in the queue.
	12700000 states explored in 1628.38s, with 92664622 rules fired and 7186092 states in the queue.
	12800000 states explored in 1642.30s, with 93369661 rules fired and 7246704 states in the queue.
	12900000 states explored in 1662.52s, with 94305017 rules fired and 7291251 states in the queue.
	13000000 states explored in 1682.42s, with 95305534 rules fired and 7331663 states in the queue.
	13100000 states explored in 1704.96s, with 96398539 rules fired and 7359009 states in the queue.
	13200000 states explored in 1734.71s, with 97737080 rules fired and 7362055 states in the queue.
	13300000 states explored in 1768.74s, with 99066805 rules fired and 7363768 states in the queue.
	13400000 states explored in 1801.52s, with 100405523 rules fired and 7368092 states in the queue.
	13500000 states explored in 1841.42s, with 101869834 rules fired and 7353945 states in the queue.
	13600000 states explored in 1874.89s, with 103348857 rules fired and 7345969 states in the queue.
	13700000 states explored in 1912.88s, with 105003901 rules fired and 7319231 states in the queue.
	13800000 states explored in 1948.73s, with 106548389 rules fired and 7303740 states in the queue.
	13900000 states explored in 1982.23s, with 107990007 rules fired and 7303065 states in the queue.
	14000000 states explored in 2019.62s, with 109478609 rules fired and 7291712 states in the queue.
	14100000 states explored in 2052.75s, with 110885144 rules fired and 7288053 states in the queue.
	14200000 states explored in 2085.21s, with 112262383 rules fired and 7288054 states in the queue.
	14300000 states explored in 2120.55s, with 113781038 rules fired and 7271983 states in the queue.
	14400000 states explored in 2152.34s, with 114947286 rules fired and 7281212 states in the queue.
	14500000 states explored in 2180.73s, with 116044288 rules fired and 7299600 states in the queue.
	14600000 states explored in 2208.06s, with 117159377 rules fired and 7311696 states in the queue.
	14700000 states explored in 2224.68s, with 117858400 rules fired and 7365273 states in the queue.
	14800000 states explored in 2238.67s, with 118471196 rules fired and 7431174 states in the queue.
	14900000 states explored in 2260.77s, with 119332186 rules fired and 7476325 states in the queue.
	15000000 states explored in 2281.08s, with 120127532 rules fired and 7524695 states in the queue.
	15100000 states explored in 2303.51s, with 120948882 rules fired and 7571823 states in the queue.
	15200000 states explored in 2323.01s, with 121757784 rules fired and 7619776 states in the queue.
	15300000 states explored in 2337.67s, with 122438857 rules fired and 7679441 states in the queue.
	15400000 states explored in 2356.82s, with 123218355 rules fired and 7732289 states in the queue.
	15500000 states explored in 2372.79s, with 123974145 rules fired and 7792149 states in the queue.
	15600000 states explored in 2387.24s, with 124717683 rules fired and 7853107 states in the queue.
	15700000 states explored in 2408.19s, with 125582852 rules fired and 7906223 states in the queue.
	15800000 states explored in 2434.18s, with 126474090 rules fired and 7957856 states in the queue.
	15900000 states explored in 2450.02s, with 127251199 rules fired and 8018885 states in the queue.
	16000000 states explored in 2471.08s, with 128199994 rules fired and 8069800 states in the queue.
	16100000 states explored in 2492.27s, with 129146369 rules fired and 8119961 states in the queue.
	16200000 states explored in 2517.10s, with 130237222 rules fired and 8164500 states in the queue.
	16300000 states explored in 2545.48s, with 131481123 rules fired and 8199235 states in the queue.
	16400000 states explored in 2573.15s, with 132842135 rules fired and 8226200 states in the queue.
	16500000 states explored in 2603.02s, with 134253833 rules fired and 8243766 states in the queue.
	16600000 states explored in 2635.34s, with 135579589 rules fired and 8266060 states in the queue.
	16700000 states explored in 2663.49s, with 136853600 rules fired and 8294820 states in the queue.
	16800000 states explored in 2700.12s, with 138325588 rules fired and 8307881 states in the queue.
	16900000 states explored in 2740.22s, with 140046215 rules fired and 8295631 states in the queue.
	17000000 states explored in 2789.85s, with 141979764 rules fired and 8269058 states in the queue.
	17100000 states explored in 2816.33s, with 143059736 rules fired and 8303979 states in the queue.
	17200000 states explored in 2826.53s, with 143413052 rules fired and 8381329 states in the queue.
	17300000 states explored in 2836.16s, with 143756605 rules fired and 8460637 states in the queue.
	17400000 states explored in 2842.24s, with 144052411 rules fired and 8545435 states in the queue.
	17500000 states explored in 2849.28s, with 144355197 rules fired and 8628922 states in the queue.

Error:

	Internal Error: Too many active states.



