This program should be regarded as a DEBUGGING aid, not as a 
certifier of correctness.
Call with the -l flag or read the license file for terms
and conditions of use.
Run this program with "-h" for the list of options.

Bugs, questions, and comments should be directed to
"melatti@di.uniroma1.it".

CMurphi compiler last modified date: Apr 10 2024
Include files last modified date:    Jul 23 2021
==========================================================================

==========================================================================
Caching Murphi Release 5.5.0
Finite-state Concurrent System Verifier.

Caching Murphi Release 5.5.0 is based on various versions of Murphi.
Caching Murphi Release 5.5.0 :
Copyright (C) 2009-2012 by Sapienza University of Rome.
Murphi release 3.1 :
Copyright (C) 1992 - 1999 by the Board of Trustees of
Leland Stanford Junior University.

==========================================================================

Protocol: ./protocols/exec/German_node8/German_node8_inv219
===========================================
  You are using LS algorithm.  
===========================================

===== Startstates are generated! =====
Carelist Layer 0: Cache[1].State Cache[2].State Cache[3].State Cache[4].State Cache[5].State Cache[6].State Cache[7].State Cache[8].State 

===== Init heuristics! =====

Progress Report:

	100000 states explored in 11.46s, with 528352 rules fired and 75846 states in the queue.
	200000 states explored in 18.41s, with 1190949 rules fired and 142315 states in the queue.
	300000 states explored in 23.45s, with 1662424 rules fired and 220826 states in the queue.
	400000 states explored in 32.03s, with 2412090 rules fired and 283443 states in the queue.
	500000 states explored in 40.86s, with 3198961 rules fired and 340330 states in the queue.
	600000 states explored in 45.13s, with 3587536 rules fired and 423095 states in the queue.
	700000 states explored in 50.28s, with 4046341 rules fired and 501883 states in the queue.
	800000 states explored in 56.26s, with 4569284 rules fired and 576881 states in the queue.
	900000 states explored in 64.66s, with 5253358 rules fired and 642674 states in the queue.
	1000000 states explored in 77.12s, with 6253898 rules fired and 690346 states in the queue.
	1100000 states explored in 97.03s, with 7767958 rules fired and 703151 states in the queue.
	1200000 states explored in 104.37s, with 8336719 rules fired and 772056 states in the queue.
	1300000 states explored in 109.26s, with 8724352 rules fired and 853148 states in the queue.
	1400000 states explored in 114.45s, with 9123907 rules fired and 933211 states in the queue.
	1500000 states explored in 120.18s, with 9545933 rules fired and 1012164 states in the queue.
	1600000 states explored in 128.35s, with 10172156 rules fired and 1080143 states in the queue.
	1700000 states explored in 135.39s, with 10692095 rules fired and 1154060 states in the queue.
	1800000 states explored in 143.26s, with 11263560 rules fired and 1223466 states in the queue.
	1900000 states explored in 152.26s, with 11876916 rules fired and 1290852 states in the queue.
	2000000 states explored in 164.42s, with 12705987 rules fired and 1346768 states in the queue.
	2100000 states explored in 177.73s, with 13530197 rules fired and 1401670 states in the queue.
	2200000 states explored in 191.92s, with 14414067 rules fired and 1452286 states in the queue.
	2300000 states explored in 211.08s, with 15577977 rules fired and 1486729 states in the queue.
	2400000 states explored in 236.79s, with 17094615 rules fired and 1489986 states in the queue.
	2500000 states explored in 264.91s, with 18814986 rules fired and 1476588 states in the queue.
	2600000 states explored in 275.54s, with 19452555 rules fired and 1539490 states in the queue.
	2700000 states explored in 281.18s, with 19806362 rules fired and 1622179 states in the queue.
	2800000 states explored in 287.45s, with 20182183 rules fired and 1703192 states in the queue.
	2900000 states explored in 295.80s, with 20664448 rules fired and 1777491 states in the queue.
	3000000 states explored in 303.55s, with 21126710 rules fired and 1853606 states in the queue.
	3100000 states explored in 311.99s, with 21593477 rules fired and 1928142 states in the queue.
	3200000 states explored in 324.24s, with 22311331 rules fired and 1988519 states in the queue.
	3300000 states explored in 337.46s, with 23020906 rules fired and 2046793 states in the queue.
	3400000 states explored in 348.58s, with 23636121 rules fired and 2111697 states in the queue.
	3500000 states explored in 360.15s, with 24265756 rules fired and 2175293 states in the queue.
	3600000 states explored in 372.54s, with 24949166 rules fired and 2235639 states in the queue.
	3700000 states explored in 386.04s, with 25636327 rules fired and 2294179 states in the queue.
	3800000 states explored in 402.12s, with 26405112 rules fired and 2345439 states in the queue.
	3900000 states explored in 417.86s, with 27243390 rules fired and 2394714 states in the queue.
	4000000 states explored in 434.50s, with 28114728 rules fired and 2441907 states in the queue.
	4100000 states explored in 450.14s, with 28889330 rules fired and 2493933 states in the queue.
	4200000 states explored in 461.18s, with 29465443 rules fired and 2562070 states in the queue.
	4300000 states explored in 472.52s, with 30069351 rules fired and 2628260 states in the queue.
	4400000 states explored in 491.89s, with 30912256 rules fired and 2675128 states in the queue.
	4500000 states explored in 517.51s, with 32082472 rules fired and 2698841 states in the queue.
	4600000 states explored in 544.16s, with 33244344 rules fired and 2727183 states in the queue.
	4700000 states explored in 571.97s, with 34493287 rules fired and 2746642 states in the queue.
	4800000 states explored in 604.34s, with 35900083 rules fired and 2752808 states in the queue.
	4900000 states explored in 633.51s, with 37368357 rules fired and 2750555 states in the queue.
	5000000 states explored in 661.00s, with 38713277 rules fired and 2763401 states in the queue.
	5100000 states explored in 696.33s, with 40393284 rules fired and 2756078 states in the queue.
	5200000 states explored in 703.07s, with 40729046 rules fired and 2837692 states in the queue.
	5300000 states explored in 710.60s, with 41089967 rules fired and 2917374 states in the queue.
	5400000 states explored in 717.90s, with 41442076 rules fired and 2998926 states in the queue.
	5500000 states explored in 725.70s, with 41832758 rules fired and 3078933 states in the queue.
	5600000 states explored in 733.79s, with 42246564 rules fired and 3157348 states in the queue.
	5700000 states explored in 743.27s, with 42660646 rules fired and 3234019 states in the queue.
	5800000 states explored in 752.69s, with 43080694 rules fired and 3310009 states in the queue.
	5900000 states explored in 763.42s, with 43528172 rules fired and 3385897 states in the queue.
	6000000 states explored in 773.55s, with 43993364 rules fired and 3460242 states in the queue.
	6100000 states explored in 783.80s, with 44469649 rules fired and 3533305 states in the queue.
	6200000 states explored in 795.18s, with 45012430 rules fired and 3603645 states in the queue.
	6300000 states explored in 810.69s, with 45732204 rules fired and 3659956 states in the queue.
	6400000 states explored in 834.46s, with 46746372 rules fired and 3693727 states in the queue.
	6500000 states explored in 858.42s, with 47754019 rules fired and 3724711 states in the queue.
	6600000 states explored in 880.06s, with 48637093 rules fired and 3764569 states in the queue.
	6700000 states explored in 896.40s, with 49364169 rules fired and 3818747 states in the queue.
	6800000 states explored in 913.20s, with 50082684 rules fired and 3872874 states in the queue.
	6900000 states explored in 931.99s, with 50850002 rules fired and 3922004 states in the queue.
	7000000 states explored in 953.80s, with 51651985 rules fired and 3966687 states in the queue.
	7100000 states explored in 978.20s, with 52518242 rules fired and 4005404 states in the queue.
	7200000 states explored in 999.85s, with 53434866 rules fired and 4040950 states in the queue.
	7300000 states explored in 1022.13s, with 54320371 rules fired and 4083026 states in the queue.
	7400000 states explored in 1044.90s, with 55268762 rules fired and 4121965 states in the queue.
	7500000 states explored in 1068.38s, with 56175138 rules fired and 4160088 states in the queue.
	7600000 states explored in 1092.15s, with 57107795 rules fired and 4194643 states in the queue.
	7700000 states explored in 1116.22s, with 58013550 rules fired and 4231529 states in the queue.
	7800000 states explored in 1128.42s, with 58538349 rules fired and 4300188 states in the queue.
	7900000 states explored in 1145.76s, with 59137549 rules fired and 4361257 states in the queue.
	8000000 states explored in 1165.01s, with 59841726 rules fired and 4415115 states in the queue.
	8100000 states explored in 1179.45s, with 60399635 rules fired and 4482948 states in the queue.
	8200000 states explored in 1192.69s, with 60941359 rules fired and 4555206 states in the queue.
	8300000 states explored in 1207.10s, with 61562084 rules fired and 4625349 states in the queue.
	8400000 states explored in 1227.73s, with 62366068 rules fired and 4683524 states in the queue.
	8500000 states explored in 1252.74s, with 63303457 rules fired and 4728392 states in the queue.
	8600000 states explored in 1284.51s, with 64391761 rules fired and 4761985 states in the queue.
	8700000 states explored in 1309.63s, with 65481827 rules fired and 4796080 states in the queue.
	8800000 states explored in 1334.24s, with 66538396 rules fired and 4835636 states in the queue.
	8900000 states explored in 1364.48s, with 67721923 rules fired and 4866769 states in the queue.
	9000000 states explored in 1398.34s, with 69016849 rules fired and 4885612 states in the queue.
	9100000 states explored in 1429.10s, with 70271151 rules fired and 4906528 states in the queue.
	9200000 states explored in 1463.76s, with 71819931 rules fired and 4913393 states in the queue.
	9300000 states explored in 1505.79s, with 73483540 rules fired and 4903285 states in the queue.
	9400000 states explored in 1550.15s, with 75018432 rules fired and 4897444 states in the queue.
	9500000 states explored in 1598.12s, with 76918476 rules fired and 4870871 states in the queue.
	9600000 states explored in 1634.04s, with 78176204 rules fired and 4885690 states in the queue.
	9700000 states explored in 1642.43s, with 78501659 rules fired and 4968173 states in the queue.
	9800000 states explored in 1650.63s, with 78858628 rules fired and 5049916 states in the queue.
	9900000 states explored in 1657.95s, with 79225510 rules fired and 5131035 states in the queue.
	10000000 states explored in 1667.61s, with 79602714 rules fired and 5210337 states in the queue.
	10100000 states explored in 1676.46s, with 79956400 rules fired and 5292687 states in the queue.
	10200000 states explored in 1684.83s, with 80338279 rules fired and 5373337 states in the queue.
	10300000 states explored in 1694.16s, with 80737047 rules fired and 5452409 states in the queue.
	10400000 states explored in 1703.01s, with 81141183 rules fired and 5531896 states in the queue.
	10500000 states explored in 1711.47s, with 81537682 rules fired and 5611624 states in the queue.
	10600000 states explored in 1721.55s, with 81946852 rules fired and 5690600 states in the queue.
	10700000 states explored in 1731.86s, with 82350821 rules fired and 5769284 states in the queue.
	10800000 states explored in 1742.13s, with 82742112 rules fired and 5848085 states in the queue.
	10900000 states explored in 1752.21s, with 83137380 rules fired and 5927523 states in the queue.
	11000000 states explored in 1763.62s, with 83579408 rules fired and 6004150 states in the queue.
	11100000 states explored in 1775.04s, with 84009294 rules fired and 6081039 states in the queue.
	11200000 states explored in 1787.10s, with 84445462 rules fired and 6158064 states in the queue.
	11300000 states explored in 1798.34s, with 84864275 rules fired and 6236450 states in the queue.
	11400000 states explored in 1811.41s, with 85298999 rules fired and 6313135 states in the queue.
	11500000 states explored in 1824.01s, with 85756880 rules fired and 6388251 states in the queue.
	11600000 states explored in 1838.50s, with 86243174 rules fired and 6461706 states in the queue.
	11700000 states explored in 1852.70s, with 86732851 rules fired and 6533981 states in the queue.
	11800000 states explored in 1867.91s, with 87221876 rules fired and 6607532 states in the queue.
	11900000 states explored in 1881.77s, with 87717617 rules fired and 6679352 states in the queue.
	12000000 states explored in 1896.15s, with 88246812 rules fired and 6748644 states in the queue.
	12100000 states explored in 1912.63s, with 88792290 rules fired and 6818448 states in the queue.
	12200000 states explored in 1929.33s, with 89373224 rules fired and 6885314 states in the queue.
	12300000 states explored in 1945.71s, with 90008975 rules fired and 6949542 states in the queue.
	12400000 states explored in 1964.12s, with 90631815 rules fired and 7011556 states in the queue.
	12500000 states explored in 1981.78s, with 91245762 rules fired and 7075717 states in the queue.
	12600000 states explored in 2001.90s, with 91871539 rules fired and 7138988 states in the queue.
	12700000 states explored in 2020.28s, with 92562413 rules fired and 7199402 states in the queue.
	12800000 states explored in 2039.69s, with 93288169 rules fired and 7258449 states in the queue.
	12900000 states explored in 2058.96s, with 93984680 rules fired and 7318552 states in the queue.
	13000000 states explored in 2082.81s, with 94857161 rules fired and 7367932 states in the queue.
	13100000 states explored in 2109.69s, with 95789405 rules fired and 7411295 states in the queue.
	13200000 states explored in 2138.92s, with 96840642 rules fired and 7446537 states in the queue.
	13300000 states explored in 2180.12s, with 98160902 rules fired and 7451069 states in the queue.
	13400000 states explored in 2224.15s, with 99556717 rules fired and 7448236 states in the queue.
	13500000 states explored in 2268.57s, with 100976169 rules fired and 7441670 states in the queue.
	13600000 states explored in 2317.31s, with 102433489 rules fired and 7432058 states in the queue.
	13700000 states explored in 2371.89s, with 103916823 rules fired and 7419651 states in the queue.
	13800000 states explored in 2420.54s, with 105355844 rules fired and 7408743 states in the queue.
	13900000 states explored in 2467.10s, with 106813490 rules fired and 7402151 states in the queue.
	14000000 states explored in 2523.41s, with 108545208 rules fired and 7368122 states in the queue.
	14100000 states explored in 2566.39s, with 109991997 rules fired and 7363084 states in the queue.
	14200000 states explored in 2610.57s, with 111371348 rules fired and 7360802 states in the queue.
	14300000 states explored in 2645.55s, with 112479730 rules fired and 7382514 states in the queue.
	14400000 states explored in 2690.30s, with 113768574 rules fired and 7387017 states in the queue.
	14500000 states explored in 2742.75s, with 115191159 rules fired and 7368119 states in the queue.
	14600000 states explored in 2789.42s, with 116426747 rules fired and 7362798 states in the queue.
	14700000 states explored in 2825.42s, with 117502412 rules fired and 7377826 states in the queue.
	14800000 states explored in 2847.23s, with 118115603 rules fired and 7443320 states in the queue.
	14900000 states explored in 2876.92s, with 118918442 rules fired and 7491338 states in the queue.
	15000000 states explored in 2917.42s, with 119791724 rules fired and 7533618 states in the queue.
	15100000 states explored in 2943.39s, with 120595466 rules fired and 7581127 states in the queue.
	15200000 states explored in 2968.09s, with 121329545 rules fired and 7634056 states in the queue.
	15300000 states explored in 2995.64s, with 122139599 rules fired and 7682800 states in the queue.
	15400000 states explored in 3020.49s, with 122886989 rules fired and 7738681 states in the queue.
	15500000 states explored in 3040.90s, with 123609907 rules fired and 7799087 states in the queue.
	15600000 states explored in 3063.93s, with 124439165 rules fired and 7855504 states in the queue.
	15700000 states explored in 3084.21s, with 125302192 rules fired and 7908906 states in the queue.
	15800000 states explored in 3106.80s, with 126221396 rules fired and 7959955 states in the queue.
	15900000 states explored in 3131.53s, with 127161341 rules fired and 8012275 states in the queue.
	16000000 states explored in 3161.04s, with 128130153 rules fired and 8062887 states in the queue.
	16100000 states explored in 3187.25s, with 129119514 rules fired and 8111219 states in the queue.
	16200000 states explored in 3218.12s, with 130188603 rules fired and 8155602 states in the queue.
	16300000 states explored in 3247.42s, with 131302220 rules fired and 8196384 states in the queue.
	16400000 states explored in 3287.24s, with 132564597 rules fired and 8231398 states in the queue.
	16500000 states explored in 3328.09s, with 133849309 rules fired and 8259117 states in the queue.
	16600000 states explored in 3380.27s, with 135120353 rules fired and 8281971 states in the queue.
	16700000 states explored in 3427.02s, with 136525108 rules fired and 8300841 states in the queue.
	16800000 states explored in 3471.96s, with 137983345 rules fired and 8317648 states in the queue.
	16900000 states explored in 3539.50s, with 139898883 rules fired and 8293527 states in the queue.
