This program should be regarded as a DEBUGGING aid, not as a 
certifier of correctness.
Call with the -l flag or read the license file for terms
and conditions of use.
Run this program with "-h" for the list of options.

Bugs, questions, and comments should be directed to
"melatti@di.uniroma1.it".

CMurphi compiler last modified date: Apr 10 2024
Include files last modified date:    Jul 23 2021
==========================================================================

==========================================================================
Caching Murphi Release 5.5.0
Finite-state Concurrent System Verifier.

Caching Murphi Release 5.5.0 is based on various versions of Murphi.
Caching Murphi Release 5.5.0 :
Copyright (C) 2009-2012 by Sapienza University of Rome.
Murphi release 3.1 :
Copyright (C) 1992 - 1999 by the Board of Trustees of
Leland Stanford Junior University.

==========================================================================

Protocol: ./protocols/exec/German_node8/German_node8_inv253
===========================================
  You are using LS algorithm.  
===========================================

===== Startstates are generated! =====
Carelist Layer 0: Cache[1].State Cache[2].State Cache[3].State Cache[4].State Cache[5].State Cache[6].State Cache[7].State Cache[8].State 

===== Init heuristics! =====

Progress Report:

	100000 states explored in 8.31s, with 529512 rules fired and 75885 states in the queue.
	200000 states explored in 14.68s, with 1197661 rules fired and 142050 states in the queue.
	300000 states explored in 18.97s, with 1655725 rules fired and 221588 states in the queue.
	400000 states explored in 25.85s, with 2344475 rules fired and 288268 states in the queue.
	500000 states explored in 35.02s, with 3249218 rules fired and 337288 states in the queue.
	600000 states explored in 38.76s, with 3632737 rules fired and 420073 states in the queue.
	700000 states explored in 43.28s, with 4084999 rules fired and 499259 states in the queue.
	800000 states explored in 48.45s, with 4581433 rules fired and 575117 states in the queue.
	900000 states explored in 55.27s, with 5238803 rules fired and 642868 states in the queue.
	1000000 states explored in 64.86s, with 6138873 rules fired and 696173 states in the queue.
	1100000 states explored in 79.66s, with 7464385 rules fired and 720861 states in the queue.
	1200000 states explored in 92.00s, with 8513572 rules fired and 759197 states in the queue.
	1300000 states explored in 95.85s, with 8856852 rules fired and 842476 states in the queue.
	1400000 states explored in 100.35s, with 9237527 rules fired and 923939 states in the queue.
	1500000 states explored in 105.19s, with 9649171 rules fired and 1003902 states in the queue.
	1600000 states explored in 111.43s, with 10179364 rules fired and 1076771 states in the queue.
	1700000 states explored in 117.73s, with 10713988 rules fired and 1149593 states in the queue.
	1800000 states explored in 123.74s, with 11238051 rules fired and 1223478 states in the queue.
	1900000 states explored in 130.85s, with 11820217 rules fired and 1292764 states in the queue.
	2000000 states explored in 139.75s, with 12549539 rules fired and 1355417 states in the queue.
	2100000 states explored in 150.34s, with 13375548 rules fired and 1410747 states in the queue.
	2200000 states explored in 160.99s, with 14168815 rules fired and 1466534 states in the queue.
	2300000 states explored in 170.35s, with 14863915 rules fired and 1529561 states in the queue.
	2400000 states explored in 186.15s, with 16041446 rules fired and 1561285 states in the queue.
	2500000 states explored in 208.67s, with 17622471 rules fired and 1560668 states in the queue.
	2600000 states explored in 233.75s, with 19367078 rules fired and 1543212 states in the queue.
	2700000 states explored in 247.36s, with 20342156 rules fired and 1578975 states in the queue.
	2800000 states explored in 252.12s, with 20697407 rules fired and 1660564 states in the queue.
	2900000 states explored in 257.22s, with 21078803 rules fired and 1741958 states in the queue.
	3000000 states explored in 263.13s, with 21492002 rules fired and 1820472 states in the queue.
	3100000 states explored in 268.85s, with 21907866 rules fired and 1899442 states in the queue.
	3200000 states explored in 275.00s, with 22360804 rules fired and 1976751 states in the queue.
	3300000 states explored in 284.84s, with 23062836 rules fired and 2037235 states in the queue.
	3400000 states explored in 294.81s, with 23722840 rules fired and 2098860 states in the queue.
	3500000 states explored in 303.32s, with 24319057 rules fired and 2167386 states in the queue.
	3600000 states explored in 311.66s, with 24900216 rules fired and 2235092 states in the queue.
	3700000 states explored in 321.15s, with 25539162 rules fired and 2298195 states in the queue.
	3800000 states explored in 331.31s, with 26211049 rules fired and 2359198 states in the queue.
	3900000 states explored in 342.97s, with 26929919 rules fired and 2416898 states in the queue.
	4000000 states explored in 356.27s, with 27757337 rules fired and 2466183 states in the queue.
	4100000 states explored in 371.24s, with 28698141 rules fired and 2505213 states in the queue.
	4200000 states explored in 381.38s, with 29374951 rules fired and 2563495 states in the queue.
	4300000 states explored in 391.77s, with 30004897 rules fired and 2624599 states in the queue.
	4400000 states explored in 402.85s, with 30679771 rules fired and 2683849 states in the queue.
	4500000 states explored in 413.58s, with 31396384 rules fired and 2742315 states in the queue.
	4600000 states explored in 426.21s, with 32164259 rules fired and 2797220 states in the queue.
	4700000 states explored in 445.82s, with 33292546 rules fired and 2824848 states in the queue.
	4800000 states explored in 465.26s, with 34421166 rules fired and 2852270 states in the queue.
	4900000 states explored in 484.49s, with 35583992 rules fired and 2879159 states in the queue.
	5000000 states explored in 505.06s, with 36790091 rules fired and 2900283 states in the queue.
	5100000 states explored in 526.40s, with 38095538 rules fired and 2914958 states in the queue.
	5200000 states explored in 549.96s, with 39573486 rules fired and 2917425 states in the queue.
	5300000 states explored in 573.88s, with 40991006 rules fired and 2923465 states in the queue.
	5400000 states explored in 606.25s, with 42924256 rules fired and 2884468 states in the queue.
	5500000 states explored in 611.41s, with 43253344 rules fired and 2965900 states in the queue.
	5600000 states explored in 616.77s, with 43605118 rules fired and 3046486 states in the queue.
	5700000 states explored in 622.52s, with 43969362 rules fired and 3126325 states in the queue.
	5800000 states explored in 628.46s, with 44359742 rules fired and 3205743 states in the queue.
	5900000 states explored in 635.21s, with 44758548 rules fired and 3283471 states in the queue.
	6000000 states explored in 642.11s, with 45196120 rules fired and 3359424 states in the queue.
	6100000 states explored in 649.39s, with 45645975 rules fired and 3434131 states in the queue.
	6200000 states explored in 656.97s, with 46116855 rules fired and 3508826 states in the queue.
	6300000 states explored in 664.12s, with 46587097 rules fired and 3583190 states in the queue.
	6400000 states explored in 675.98s, with 47295762 rules fired and 3640626 states in the queue.
	6500000 states explored in 694.05s, with 48351520 rules fired and 3671606 states in the queue.
	6600000 states explored in 708.73s, with 49219907 rules fired and 3715222 states in the queue.
	6700000 states explored in 719.78s, with 49872507 rules fired and 3776137 states in the queue.
	6800000 states explored in 730.69s, with 50509693 rules fired and 3836688 states in the queue.
	6900000 states explored in 741.99s, with 51145769 rules fired and 3896197 states in the queue.
	7000000 states explored in 754.83s, with 51876732 rules fired and 3948908 states in the queue.
	7100000 states explored in 769.10s, with 52659140 rules fired and 3997443 states in the queue.
	7200000 states explored in 783.52s, with 53463185 rules fired and 4043688 states in the queue.
	7300000 states explored in 798.04s, with 54241631 rules fired and 4093213 states in the queue.
	7400000 states explored in 814.26s, with 55094916 rules fired and 4136703 states in the queue.
	7500000 states explored in 829.64s, with 55936369 rules fired and 4180685 states in the queue.
	7600000 states explored in 846.99s, with 56873959 rules fired and 4216242 states in the queue.
	7700000 states explored in 865.61s, with 57877057 rules fired and 4244783 states in the queue.
	7800000 states explored in 884.07s, with 58849298 rules fired and 4272748 states in the queue.
	7900000 states explored in 896.56s, with 59557076 rules fired and 4325954 states in the queue.
	8000000 states explored in 908.07s, with 60102748 rules fired and 4390032 states in the queue.
	8100000 states explored in 918.03s, with 60585757 rules fired and 4459318 states in the queue.
	8200000 states explored in 927.59s, with 61098837 rules fired and 4529507 states in the queue.
	8300000 states explored in 937.12s, with 61554536 rules fired and 4602635 states in the queue.
	8400000 states explored in 944.49s, with 61979105 rules fired and 4680493 states in the queue.
	8500000 states explored in 953.40s, with 62468036 rules fired and 4755695 states in the queue.
	8600000 states explored in 962.55s, with 63004159 rules fired and 4828801 states in the queue.
	8700000 states explored in 972.24s, with 63563152 rules fired and 4899626 states in the queue.
	8800000 states explored in 983.01s, with 64183915 rules fired and 4967913 states in the queue.
	8900000 states explored in 998.32s, with 65004024 rules fired and 5023811 states in the queue.
	9000000 states explored in 1014.23s, with 65937122 rules fired and 5075085 states in the queue.
	9100000 states explored in 1035.98s, with 67009723 rules fired and 5109155 states in the queue.
	9200000 states explored in 1058.04s, with 68209150 rules fired and 5139143 states in the queue.
	9300000 states explored in 1083.55s, with 69481372 rules fired and 5159048 states in the queue.
	9400000 states explored in 1108.67s, with 70653392 rules fired and 5185398 states in the queue.
	9500000 states explored in 1135.50s, with 71943381 rules fired and 5201250 states in the queue.
	9600000 states explored in 1162.45s, with 73327094 rules fired and 5215661 states in the queue.
	9700000 states explored in 1191.49s, with 74841751 rules fired and 5212898 states in the queue.
	9800000 states explored in 1218.04s, with 76263345 rules fired and 5216999 states in the queue.
	9900000 states explored in 1246.60s, with 77794695 rules fired and 5218719 states in the queue.
	10000000 states explored in 1276.10s, with 79296782 rules fired and 5217556 states in the queue.
	10100000 states explored in 1313.01s, with 81224241 rules fired and 5183732 states in the queue.
	10200000 states explored in 1348.02s, with 83137164 rules fired and 5146589 states in the queue.
	10300000 states explored in 1366.90s, with 84058442 rules fired and 5185553 states in the queue.
	10400000 states explored in 1371.96s, with 84397762 rules fired and 5267381 states in the queue.
	10500000 states explored in 1378.52s, with 84740784 rules fired and 5349143 states in the queue.
	10600000 states explored in 1384.95s, with 85098329 rules fired and 5429885 states in the queue.
	10700000 states explored in 1391.45s, with 85460725 rules fired and 5510688 states in the queue.
	10800000 states explored in 1399.37s, with 85852551 rules fired and 5588555 states in the queue.
	10900000 states explored in 1404.65s, with 86235484 rules fired and 5668102 states in the queue.
	11000000 states explored in 1411.05s, with 86630940 rules fired and 5747115 states in the queue.
	11100000 states explored in 1418.96s, with 87036983 rules fired and 5824680 states in the queue.
	11200000 states explored in 1426.10s, with 87443250 rules fired and 5903020 states in the queue.
	11300000 states explored in 1435.07s, with 87853275 rules fired and 5980324 states in the queue.
	11400000 states explored in 1443.81s, with 88283358 rules fired and 6056853 states in the queue.
	11500000 states explored in 1452.03s, with 88722255 rules fired and 6133302 states in the queue.
	11600000 states explored in 1459.69s, with 89162788 rules fired and 6209952 states in the queue.
	11700000 states explored in 1467.91s, with 89615378 rules fired and 6284923 states in the queue.
	11800000 states explored in 1476.25s, with 90069660 rules fired and 6359780 states in the queue.
	11900000 states explored in 1485.58s, with 90536452 rules fired and 6433967 states in the queue.
	12000000 states explored in 1494.23s, with 91013153 rules fired and 6508000 states in the queue.
	12100000 states explored in 1504.01s, with 91520320 rules fired and 6579831 states in the queue.
	12200000 states explored in 1514.87s, with 92051777 rules fired and 6648967 states in the queue.
	12300000 states explored in 1526.61s, with 92647481 rules fired and 6713825 states in the queue.
	12400000 states explored in 1537.61s, with 93193355 rules fired and 6783102 states in the queue.
	12500000 states explored in 1549.79s, with 93788226 rules fired and 6848410 states in the queue.
	12600000 states explored in 1561.35s, with 94408333 rules fired and 6913801 states in the queue.
	12700000 states explored in 1573.92s, with 95055949 rules fired and 6975136 states in the queue.
	12800000 states explored in 1586.26s, with 95703320 rules fired and 7035892 states in the queue.
	12900000 states explored in 1597.75s, with 96277759 rules fired and 7100987 states in the queue.
	13000000 states explored in 1609.27s, with 96890726 rules fired and 7165128 states in the queue.
	13100000 states explored in 1621.96s, with 97533834 rules fired and 7227319 states in the queue.
	13200000 states explored in 1635.85s, with 98224181 rules fired and 7285497 states in the queue.
	13300000 states explored in 1655.87s, with 99144232 rules fired and 7327035 states in the queue.
	13400000 states explored in 1677.18s, with 100301538 rules fired and 7353183 states in the queue.
	13500000 states explored in 1701.40s, with 101420250 rules fired and 7382127 states in the queue.
	13600000 states explored in 1723.62s, with 102521605 rules fired and 7410474 states in the queue.
	13700000 states explored in 1758.29s, with 104107748 rules fired and 7388923 states in the queue.
	13800000 states explored in 1790.23s, with 105698130 rules fired and 7370030 states in the queue.
	13900000 states explored in 1824.92s, with 107196015 rules fired and 7357878 states in the queue.
	14000000 states explored in 1860.98s, with 108835128 rules fired and 7330685 states in the queue.
	14100000 states explored in 1896.21s, with 110450911 rules fired and 7302270 states in the queue.
	14200000 states explored in 1923.87s, with 111710265 rules fired and 7307024 states in the queue.
	14300000 states explored in 1950.13s, with 112895509 rules fired and 7320336 states in the queue.
	14400000 states explored in 1975.95s, with 114121251 rules fired and 7332455 states in the queue.
	14500000 states explored in 1999.11s, with 115146434 rules fired and 7354904 states in the queue.
	14600000 states explored in 2019.46s, with 116065284 rules fired and 7385039 states in the queue.
	14700000 states explored in 2047.10s, with 117199159 rules fired and 7397392 states in the queue.
	14800000 states explored in 2067.63s, with 118051145 rules fired and 7429481 states in the queue.
	14900000 states explored in 2087.21s, with 118893743 rules fired and 7462346 states in the queue.
	15000000 states explored in 2104.78s, with 119617640 rules fired and 7506306 states in the queue.
	15100000 states explored in 2118.65s, with 120267859 rules fired and 7559320 states in the queue.
	15200000 states explored in 2130.45s, with 120788234 rules fired and 7630270 states in the queue.
	15300000 states explored in 2139.90s, with 121260142 rules fired and 7705367 states in the queue.
	15400000 states explored in 2149.64s, with 121771082 rules fired and 7779164 states in the queue.
	15500000 states explored in 2162.79s, with 122362601 rules fired and 7846025 states in the queue.
	15600000 states explored in 2175.65s, with 122978633 rules fired and 7911677 states in the queue.
	15700000 states explored in 2193.16s, with 123648085 rules fired and 7970108 states in the queue.
	15800000 states explored in 2209.03s, with 124338174 rules fired and 8029893 states in the queue.
	15900000 states explored in 2226.26s, with 125053682 rules fired and 8088816 states in the queue.
	16000000 states explored in 2243.32s, with 125776526 rules fired and 8146404 states in the queue.
	16100000 states explored in 2263.35s, with 126537229 rules fired and 8201121 states in the queue.
	16200000 states explored in 2282.19s, with 127191229 rules fired and 8262762 states in the queue.
	16300000 states explored in 2298.26s, with 127797858 rules fired and 8329555 states in the queue.
	16400000 states explored in 2315.72s, with 128506012 rules fired and 8390251 states in the queue.
	16500000 states explored in 2334.97s, with 129401310 rules fired and 8440283 states in the queue.
	16600000 states explored in 2356.49s, with 130234235 rules fired and 8496074 states in the queue.
	16700000 states explored in 2375.86s, with 131056001 rules fired and 8550726 states in the queue.
	16800000 states explored in 2390.73s, with 131866654 rules fired and 8609791 states in the queue.
	16900000 states explored in 2409.23s, with 132719795 rules fired and 8661885 states in the queue.

Error:

	Internal Error: Too many active states.



