This program should be regarded as a DEBUGGING aid, not as a 
certifier of correctness.
Call with the -l flag or read the license file for terms
and conditions of use.
Run this program with "-h" for the list of options.

Bugs, questions, and comments should be directed to
"melatti@di.uniroma1.it".

CMurphi compiler last modified date: Apr 10 2024
Include files last modified date:    Jul 23 2021
==========================================================================

==========================================================================
Caching Murphi Release 5.5.0
Finite-state Concurrent System Verifier.

Caching Murphi Release 5.5.0 is based on various versions of Murphi.
Caching Murphi Release 5.5.0 :
Copyright (C) 2009-2012 by Sapienza University of Rome.
Murphi release 3.1 :
Copyright (C) 1992 - 1999 by the Board of Trustees of
Leland Stanford Junior University.

==========================================================================

Protocol: ./protocols/exec/German_node8/German_node8_inv107
===========================================
  You are using LS algorithm.  
===========================================

===== Startstates are generated! =====
Carelist Layer 0: Cache[1].State Cache[2].State Cache[3].State Cache[4].State Cache[5].State Cache[6].State Cache[7].State Cache[8].State 

===== Init heuristics! =====

Progress Report:

	100000 states explored in 8.25s, with 530820 rules fired and 75545 states in the queue.
	200000 states explored in 14.31s, with 1174881 rules fired and 143316 states in the queue.
	300000 states explored in 19.37s, with 1681015 rules fired and 218397 states in the queue.
	400000 states explored in 29.90s, with 2732256 rules fired and 263825 states in the queue.
	500000 states explored in 33.79s, with 3124153 rules fired and 345868 states in the queue.
	600000 states explored in 37.63s, with 3504533 rules fired and 429081 states in the queue.
	700000 states explored in 42.71s, with 3992341 rules fired and 506596 states in the queue.
	800000 states explored in 48.92s, with 4578563 rules fired and 578588 states in the queue.
	900000 states explored in 58.06s, with 5410941 rules fired and 635986 states in the queue.
	1000000 states explored in 76.03s, with 6978395 rules fired and 648055 states in the queue.

==========================================================================

Result:

	Invariant "test_107" failed.

State Space Explored:

	1060020 states, 7496842 rules fired in 82.00s.

