This program should be regarded as a DEBUGGING aid, not as a 
certifier of correctness.
Call with the -l flag or read the license file for terms
and conditions of use.
Run this program with "-h" for the list of options.

Bugs, questions, and comments should be directed to
"melatti@di.uniroma1.it".

CMurphi compiler last modified date: Apr 10 2024
Include files last modified date:    Jul 23 2021
==========================================================================

==========================================================================
Caching Murphi Release 5.5.0
Finite-state Concurrent System Verifier.

Caching Murphi Release 5.5.0 is based on various versions of Murphi.
Caching Murphi Release 5.5.0 :
Copyright (C) 2009-2012 by Sapienza University of Rome.
Murphi release 3.1 :
Copyright (C) 1992 - 1999 by the Board of Trustees of
Leland Stanford Junior University.

==========================================================================

Protocol: ./protocols/exec/German_node8/German_node8_inv247
===========================================
  You are using LS algorithm.  
===========================================

===== Startstates are generated! =====
Carelist Layer 0: Cache[1].State Cache[2].State Cache[3].State Cache[4].State Cache[5].State Cache[6].State Cache[7].State Cache[8].State 

===== Init heuristics! =====

Progress Report:

	100000 states explored in 8.71s, with 527672 rules fired and 75933 states in the queue.
	200000 states explored in 15.76s, with 1203673 rules fired and 141541 states in the queue.
	300000 states explored in 20.35s, with 1649717 rules fired and 221936 states in the queue.
	400000 states explored in 27.09s, with 2264001 rules fired and 293130 states in the queue.
	500000 states explored in 38.78s, with 3291944 rules fired and 334255 states in the queue.
	600000 states explored in 42.96s, with 3669818 rules fired and 416874 states in the queue.
	700000 states explored in 47.85s, with 4112787 rules fired and 496705 states in the queue.
	800000 states explored in 53.45s, with 4592414 rules fired and 574032 states in the queue.
	900000 states explored in 60.93s, with 5216786 rules fired and 644108 states in the queue.
	1000000 states explored in 70.54s, with 6019392 rules fired and 704028 states in the queue.
	1100000 states explored in 84.70s, with 7135204 rules fired and 743838 states in the queue.
	1200000 states explored in 104.40s, with 8629561 rules fired and 751796 states in the queue.
	1300000 states explored in 109.84s, with 9050528 rules fired and 830228 states in the queue.
	1400000 states explored in 114.51s, with 9416567 rules fired and 912777 states in the queue.
	1500000 states explored in 119.46s, with 9801305 rules fired and 994001 states in the queue.
	1600000 states explored in 124.61s, with 10205603 rules fired and 1075014 states in the queue.
	1700000 states explored in 132.64s, with 10830587 rules fired and 1143176 states in the queue.
	1800000 states explored in 139.86s, with 11357480 rules fired and 1217734 states in the queue.
	1900000 states explored in 147.77s, with 11918150 rules fired and 1289000 states in the queue.
	2000000 states explored in 156.08s, with 12528666 rules fired and 1356904 states in the queue.
	2100000 states explored in 166.22s, with 13276381 rules fired and 1417265 states in the queue.
	2200000 states explored in 177.10s, with 14025255 rules fired and 1475277 states in the queue.
	2300000 states explored in 187.16s, with 14666581 rules fired and 1540822 states in the queue.
	2400000 states explored in 201.41s, with 15562510 rules fired and 1589047 states in the queue.
	2500000 states explored in 220.70s, with 16774949 rules fired and 1616725 states in the queue.
	2600000 states explored in 245.52s, with 18308227 rules fired and 1617812 states in the queue.
	2700000 states explored in 275.75s, with 20133007 rules fired and 1591895 states in the queue.
	2800000 states explored in 294.99s, with 21287486 rules fired and 1617264 states in the queue.
	2900000 states explored in 300.01s, with 21639704 rules fired and 1700182 states in the queue.
	3000000 states explored in 306.00s, with 22010958 rules fired and 1781143 states in the queue.
	3100000 states explored in 312.17s, with 22397371 rules fired and 1860859 states in the queue.
	3200000 states explored in 318.96s, with 22810689 rules fired and 1939753 states in the queue.
	3300000 states explored in 326.56s, with 23293507 rules fired and 2015563 states in the queue.
	3400000 states explored in 335.72s, with 23896552 rules fired and 2082993 states in the queue.
	3500000 states explored in 344.76s, with 24486709 rules fired and 2151503 states in the queue.
	3600000 states explored in 355.19s, with 25084822 rules fired and 2217658 states in the queue.
	3700000 states explored in 364.86s, with 25644430 rules fired and 2286841 states in the queue.
	3800000 states explored in 374.63s, with 26217837 rules fired and 2354079 states in the queue.
	3900000 states explored in 385.71s, with 26860885 rules fired and 2416486 states in the queue.
	4000000 states explored in 397.08s, with 27515249 rules fired and 2478087 states in the queue.
	4100000 states explored in 409.75s, with 28187648 rules fired and 2538651 states in the queue.
	4200000 states explored in 423.68s, with 28980393 rules fired and 2591110 states in the queue.
	4300000 states explored in 438.34s, with 29747042 rules fired and 2642890 states in the queue.
	4400000 states explored in 447.52s, with 30243094 rules fired and 2715337 states in the queue.
	4500000 states explored in 458.84s, with 30879427 rules fired and 2779190 states in the queue.
	4600000 states explored in 473.75s, with 31582091 rules fired and 2837776 states in the queue.
	4700000 states explored in 487.88s, with 32311418 rules fired and 2894673 states in the queue.
	4800000 states explored in 505.77s, with 33075408 rules fired and 2950243 states in the queue.
	4900000 states explored in 533.87s, with 34374311 rules fired and 2962214 states in the queue.
	5000000 states explored in 559.74s, with 35539921 rules fired and 2985188 states in the queue.
	5100000 states explored in 585.57s, with 36782674 rules fired and 3003613 states in the queue.
	5200000 states explored in 608.55s, with 37896038 rules fired and 3028852 states in the queue.
	5300000 states explored in 632.74s, with 39115975 rules fired and 3048799 states in the queue.
	5400000 states explored in 656.16s, with 40358340 rules fired and 3065509 states in the queue.
	5500000 states explored in 685.13s, with 41817736 rules fired and 3067021 states in the queue.
	5600000 states explored in 724.36s, with 43608125 rules fired and 3036656 states in the queue.
	5700000 states explored in 755.85s, with 45151180 rules fired and 3030143 states in the queue.
	5800000 states explored in 768.24s, with 45788049 rules fired and 3091680 states in the queue.
	5900000 states explored in 774.59s, with 46156679 rules fired and 3173338 states in the queue.
	6000000 states explored in 781.43s, with 46547393 rules fired and 3253065 states in the queue.
	6100000 states explored in 789.07s, with 46943296 rules fired and 3333061 states in the queue.
	6200000 states explored in 797.81s, with 47368304 rules fired and 3411206 states in the queue.
	6300000 states explored in 806.43s, with 47797853 rules fired and 3488835 states in the queue.
	6400000 states explored in 815.28s, with 48236382 rules fired and 3564245 states in the queue.
	6500000 states explored in 824.18s, with 48681895 rules fired and 3639107 states in the queue.
	6600000 states explored in 835.28s, with 49244650 rules fired and 3707901 states in the queue.
	6700000 states explored in 855.73s, with 50250567 rules fired and 3744126 states in the queue.
	6800000 states explored in 871.12s, with 50970310 rules fired and 3801923 states in the queue.
	6900000 states explored in 884.41s, with 51611001 rules fired and 3864414 states in the queue.
	7000000 states explored in 898.90s, with 52293170 rules fired and 3920867 states in the queue.
	7100000 states explored in 913.78s, with 52921757 rules fired and 3980558 states in the queue.
	7200000 states explored in 928.38s, with 53590729 rules fired and 4039333 states in the queue.
	7300000 states explored in 943.06s, with 54265056 rules fired and 4095007 states in the queue.
	7400000 states explored in 957.45s, with 54925589 rules fired and 4150976 states in the queue.
	7500000 states explored in 974.00s, with 55646446 rules fired and 4203022 states in the queue.
	7600000 states explored in 993.00s, with 56382199 rules fired and 4254927 states in the queue.
	7700000 states explored in 1009.46s, with 57116714 rules fired and 4304951 states in the queue.
	7800000 states explored in 1028.29s, with 57931452 rules fired and 4347608 states in the queue.
	7900000 states explored in 1045.13s, with 58690365 rules fired and 4396745 states in the queue.
	8000000 states explored in 1063.96s, with 59526015 rules fired and 4442143 states in the queue.
	8100000 states explored in 1082.17s, with 60347089 rules fired and 4488779 states in the queue.
	8200000 states explored in 1098.31s, with 61047427 rules fired and 4542924 states in the queue.
	8300000 states explored in 1109.25s, with 61486493 rules fired and 4616765 states in the queue.
	8400000 states explored in 1124.82s, with 62112226 rules fired and 4676866 states in the queue.
	8500000 states explored in 1140.13s, with 62669224 rules fired and 4742012 states in the queue.
	8600000 states explored in 1150.03s, with 63112187 rules fired and 4816920 states in the queue.
	8700000 states explored in 1163.30s, with 63576429 rules fired and 4890456 states in the queue.
	8800000 states explored in 1175.38s, with 64038157 rules fired and 4966099 states in the queue.
	8900000 states explored in 1187.61s, with 64490547 rules fired and 5044137 states in the queue.
	9000000 states explored in 1198.46s, with 64969026 rules fired and 5120962 states in the queue.
	9100000 states explored in 1212.31s, with 65554515 rules fired and 5192625 states in the queue.
	9200000 states explored in 1229.15s, with 66263234 rules fired and 5256159 states in the queue.
	9300000 states explored in 1257.25s, with 67284281 rules fired and 5295169 states in the queue.
	9400000 states explored in 1286.63s, with 68328507 rules fired and 5329496 states in the queue.
	9500000 states explored in 1311.50s, with 69383432 rules fired and 5366271 states in the queue.
	9600000 states explored in 1337.52s, with 70433180 rules fired and 5399410 states in the queue.
	9700000 states explored in 1368.42s, with 71649583 rules fired and 5419325 states in the queue.
	9800000 states explored in 1399.46s, with 72998621 rules fired and 5437848 states in the queue.
	9900000 states explored in 1431.69s, with 74343144 rules fired and 5450364 states in the queue.
	10000000 states explored in 1455.77s, with 75379675 rules fired and 5487013 states in the queue.
	10100000 states explored in 1488.41s, with 76718973 rules fired and 5497593 states in the queue.
	10200000 states explored in 1519.84s, with 77977568 rules fired and 5514647 states in the queue.
	10300000 states explored in 1548.74s, with 79202070 rules fired and 5532141 states in the queue.
	10400000 states explored in 1581.04s, with 80526072 rules fired and 5544642 states in the queue.
	10500000 states explored in 1614.90s, with 81994668 rules fired and 5546407 states in the queue.
	10600000 states explored in 1651.38s, with 83490142 rules fired and 5543820 states in the queue.
	10700000 states explored in 1696.95s, with 85202783 rules fired and 5519716 states in the queue.
	10800000 states explored in 1739.09s, with 86960643 rules fired and 5496730 states in the queue.
	10900000 states explored in 1788.93s, with 88710185 rules fired and 5468533 states in the queue.
	11000000 states explored in 1825.82s, with 90028064 rules fired and 5470912 states in the queue.
	11100000 states explored in 1833.60s, with 90372444 rules fired and 5552310 states in the queue.
	11200000 states explored in 1842.53s, with 90731866 rules fired and 5634205 states in the queue.
	11300000 states explored in 1849.87s, with 91106830 rules fired and 5715069 states in the queue.
	11400000 states explored in 1857.74s, with 91477853 rules fired and 5796997 states in the queue.
	11500000 states explored in 1866.06s, with 91852646 rules fired and 5876082 states in the queue.
	11600000 states explored in 1875.22s, with 92237974 rules fired and 5955274 states in the queue.
	11700000 states explored in 1884.37s, with 92635261 rules fired and 6034304 states in the queue.
	11800000 states explored in 1893.80s, with 93056978 rules fired and 6112531 states in the queue.
	11900000 states explored in 1903.70s, with 93478681 rules fired and 6189282 states in the queue.
	12000000 states explored in 1913.29s, with 93899831 rules fired and 6265862 states in the queue.
	12100000 states explored in 1923.30s, with 94331121 rules fired and 6342114 states in the queue.
	12200000 states explored in 1932.46s, with 94770382 rules fired and 6417810 states in the queue.
	12300000 states explored in 1943.29s, with 95209177 rules fired and 6493010 states in the queue.
	12400000 states explored in 1955.42s, with 95674051 rules fired and 6566512 states in the queue.
	12500000 states explored in 1966.66s, with 96166298 rules fired and 6639032 states in the queue.
	12600000 states explored in 1976.46s, with 96690938 rules fired and 6709469 states in the queue.
	12700000 states explored in 1988.16s, with 97210023 rules fired and 6780165 states in the queue.
	12800000 states explored in 2001.77s, with 97770984 rules fired and 6847830 states in the queue.
	12900000 states explored in 2016.46s, with 98381487 rules fired and 6910651 states in the queue.
	13000000 states explored in 2033.53s, with 98986420 rules fired and 6973819 states in the queue.
	13100000 states explored in 2047.85s, with 99546212 rules fired and 7041568 states in the queue.
	13200000 states explored in 2063.18s, with 100113666 rules fired and 7107618 states in the queue.
	13300000 states explored in 2078.09s, with 100739103 rules fired and 7169169 states in the queue.
	13400000 states explored in 2093.56s, with 101362099 rules fired and 7231390 states in the queue.
	13500000 states explored in 2114.96s, with 102105403 rules fired and 7284608 states in the queue.
	13600000 states explored in 2144.53s, with 103172389 rules fired and 7307926 states in the queue.
	13700000 states explored in 2177.51s, with 104367800 rules fired and 7327801 states in the queue.
	13800000 states explored in 2210.32s, with 105589244 rules fired and 7345975 states in the queue.
	13900000 states explored in 2255.54s, with 107226772 rules fired and 7319851 states in the queue.
	14000000 states explored in 2298.39s, with 108825039 rules fired and 7288162 states in the queue.
	14100000 states explored in 2329.03s, with 109803776 rules fired and 7312732 states in the queue.
	14200000 states explored in 2350.53s, with 110667147 rules fired and 7349143 states in the queue.
	14300000 states explored in 2375.07s, with 111545399 rules fired and 7382024 states in the queue.
	14400000 states explored in 2397.70s, with 112475943 rules fired and 7413833 states in the queue.
	14500000 states explored in 2421.38s, with 113384799 rules fired and 7449646 states in the queue.
	14600000 states explored in 2443.49s, with 114248506 rules fired and 7488407 states in the queue.
	14700000 states explored in 2468.69s, with 115168085 rules fired and 7528171 states in the queue.
	14800000 states explored in 2493.72s, with 116093068 rules fired and 7564201 states in the queue.
	14900000 states explored in 2515.81s, with 116952238 rules fired and 7607855 states in the queue.
	15000000 states explored in 2541.94s, with 117943986 rules fired and 7635846 states in the queue.
	15100000 states explored in 2565.87s, with 118900857 rules fired and 7666292 states in the queue.
	15200000 states explored in 2581.74s, with 119562580 rules fired and 7723662 states in the queue.
	15300000 states explored in 2608.66s, with 120646058 rules fired and 7743300 states in the queue.
	15400000 states explored in 2633.25s, with 121553947 rules fired and 7778828 states in the queue.
	15500000 states explored in 2655.52s, with 122422852 rules fired and 7815365 states in the queue.
	15600000 states explored in 2673.38s, with 123086922 rules fired and 7869090 states in the queue.
	15700000 states explored in 2689.09s, with 123628205 rules fired and 7935035 states in the queue.
	15800000 states explored in 2700.65s, with 124041965 rules fired and 8013707 states in the queue.
	15900000 states explored in 2714.02s, with 124473921 rules fired and 8093029 states in the queue.
	16000000 states explored in 2724.51s, with 124898666 rules fired and 8173242 states in the queue.
	16100000 states explored in 2735.85s, with 125366459 rules fired and 8250683 states in the queue.
	16200000 states explored in 2750.88s, with 125852342 rules fired and 8324449 states in the queue.
	16300000 states explored in 2770.42s, with 126459096 rules fired and 8389285 states in the queue.
	16400000 states explored in 2788.17s, with 127152567 rules fired and 8448586 states in the queue.
	16500000 states explored in 2808.60s, with 127815455 rules fired and 8510750 states in the queue.
	16600000 states explored in 2827.07s, with 128512591 rules fired and 8570306 states in the queue.
	16700000 states explored in 2846.10s, with 129204616 rules fired and 8629162 states in the queue.

Error:

	Internal Error: Too many active states.



