This program should be regarded as a DEBUGGING aid, not as a 
certifier of correctness.
Call with the -l flag or read the license file for terms
and conditions of use.
Run this program with "-h" for the list of options.

Bugs, questions, and comments should be directed to
"melatti@di.uniroma1.it".

CMurphi compiler last modified date: Jul 24 2024
Include files last modified date:    Jul 23 2021
==========================================================================

==========================================================================
Caching Murphi Release 5.5.0
Finite-state Concurrent System Verifier.

Caching Murphi Release 5.5.0 is based on various versions of Murphi.
Caching Murphi Release 5.5.0 :
Copyright (C) 2009-2012 by Sapienza University of Rome.
Murphi release 3.1 :
Copyright (C) 1992 - 1999 by the Board of Trustees of
Leland Stanford Junior University.

==========================================================================

Protocol: ./protocols/exec/Godsont_node8/Godsont_node8_inv146
===========================================
  You are using LS algorithm.  
===========================================

===== Startstates are generated! =====
Carelist Layer 0: node[1].cache[1].state node[2].cache[1].state node[3].cache[1].state node[4].cache[1].state node[5].cache[1].state node[6].cache[1].state node[7].cache[1].state node[8].cache[1].state 
Carelist Layer 1: node[node].hasLock lock[node].beUsed lock[node].owner node[node].cache[node].state node[node].cache[node].addr lock[node].inProtection[node] 
Attr: lock[node].inProtection[node] Level: 1 Wi: 2
Attr: lock[node].owner Level: 1 Wi: 2
Attr: node[node].cache[node].state Level: 1 Wi: 2
Attr: node[node].hasLock Level: 1 Wi: 2
Attr: node[8].cache[1].state Level: 0 Wi: 4
Attr: node[7].cache[1].state Level: 0 Wi: 4
Attr: node[1].cache[1].state Level: 0 Wi: 4
Attr: node[3].cache[1].state Level: 0 Wi: 4
Attr: node[node].cache[node].addr Level: 1 Wi: 2
Attr: node[2].cache[1].state Level: 0 Wi: 4
Attr: node[4].cache[1].state Level: 0 Wi: 4
Attr: lock[node].beUsed Level: 1 Wi: 2
Attr: node[6].cache[1].state Level: 0 Wi: 4
Attr: node[5].cache[1].state Level: 0 Wi: 4

===== Init heuristics! =====

Progress Report:

	100000 states explored in 3.35s, with 110812 rules fired and 99899 states in the queue.
	200000 states explored in 4.26s, with 227231 rules fired and 199719 states in the queue.
	300000 states explored in 5.18s, with 347080 rules fired and 299504 states in the queue.
	400000 states explored in 6.09s, with 467152 rules fired and 399310 states in the queue.
	500000 states explored in 7.01s, with 587325 rules fired and 499104 states in the queue.
	600000 states explored in 7.94s, with 707929 rules fired and 598874 states in the queue.
	700000 states explored in 8.90s, with 829689 rules fired and 698471 states in the queue.
	800000 states explored in 9.84s, with 951349 rules fired and 798147 states in the queue.
	900000 states explored in 10.78s, with 1073016 rules fired and 897912 states in the queue.
	1000000 states explored in 11.77s, with 1197398 rules fired and 997614 states in the queue.
	1100000 states explored in 12.73s, with 1320583 rules fired and 1097439 states in the queue.
	1200000 states explored in 13.65s, with 1442871 rules fired and 1197270 states in the queue.
	1300000 states explored in 14.57s, with 1564960 rules fired and 1297125 states in the queue.
	1400000 states explored in 15.48s, with 1686360 rules fired and 1397007 states in the queue.
	1500000 states explored in 16.40s, with 1809894 rules fired and 1496835 states in the queue.
	1600000 states explored in 17.34s, with 1933587 rules fired and 1596599 states in the queue.
	1700000 states explored in 18.28s, with 2057023 rules fired and 1696438 states in the queue.
	1800000 states explored in 19.19s, with 2178841 rules fired and 1796315 states in the queue.
	1900000 states explored in 20.14s, with 2301118 rules fired and 1896141 states in the queue.
	2000000 states explored in 21.11s, with 2427812 rules fired and 1995977 states in the queue.
	2100000 states explored in 22.05s, with 2550029 rules fired and 2095827 states in the queue.
	2200000 states explored in 23.04s, with 2674663 rules fired and 2195548 states in the queue.
	2300000 states explored in 24.02s, with 2802038 rules fired and 2295347 states in the queue.
	2400000 states explored in 24.94s, with 2923730 rules fired and 2395164 states in the queue.
	2500000 states explored in 25.90s, with 3050937 rules fired and 2495052 states in the queue.
	2600000 states explored in 26.80s, with 3173338 rules fired and 2594931 states in the queue.
	2700000 states explored in 27.72s, with 3296890 rules fired and 2694805 states in the queue.
	2800000 states explored in 28.65s, with 3419930 rules fired and 2794679 states in the queue.
	2900000 states explored in 29.58s, with 3542577 rules fired and 2894561 states in the queue.
	3000000 states explored in 30.50s, with 3666033 rules fired and 2994449 states in the queue.
	3100000 states explored in 31.47s, with 3793615 rules fired and 3094233 states in the queue.
	3200000 states explored in 32.47s, with 3920935 rules fired and 3194040 states in the queue.
	3300000 states explored in 33.43s, with 4043292 rules fired and 3293903 states in the queue.
	3400000 states explored in 34.38s, with 4167272 rules fired and 3393808 states in the queue.
	3500000 states explored in 35.38s, with 4295961 rules fired and 3493686 states in the queue.
	3600000 states explored in 36.32s, with 4419379 rules fired and 3593479 states in the queue.
	3700000 states explored in 37.29s, with 4541878 rules fired and 3693323 states in the queue.
	3800000 states explored in 38.29s, with 4669820 rules fired and 3793122 states in the queue.
	3900000 states explored in 39.27s, with 4795610 rules fired and 3892978 states in the queue.
	4000000 states explored in 40.23s, with 4919714 rules fired and 3992771 states in the queue.
	4100000 states explored in 41.15s, with 5041217 rules fired and 4092642 states in the queue.
	4200000 states explored in 42.16s, with 5170962 rules fired and 4192513 states in the queue.
	4300000 states explored in 43.15s, with 5295701 rules fired and 4292313 states in the queue.
	4400000 states explored in 44.10s, with 5419939 rules fired and 4392175 states in the queue.
	4500000 states explored in 45.04s, with 5542405 rules fired and 4492022 states in the queue.
	4600000 states explored in 45.97s, with 5665629 rules fired and 4591874 states in the queue.
	4700000 states explored in 46.95s, with 5789112 rules fired and 4691610 states in the queue.
	4800000 states explored in 47.91s, with 5916561 rules fired and 4791520 states in the queue.
	4900000 states explored in 48.85s, with 6040042 rules fired and 4891360 states in the queue.
	5000000 states explored in 49.84s, with 6168419 rules fired and 4991134 states in the queue.
	5100000 states explored in 50.84s, with 6293634 rules fired and 5090934 states in the queue.
	5200000 states explored in 51.82s, with 6419671 rules fired and 5190823 states in the queue.
	5300000 states explored in 52.83s, with 6548602 rules fired and 5290593 states in the queue.
	5400000 states explored in 53.80s, with 6675168 rules fired and 5390385 states in the queue.
	5500000 states explored in 54.72s, with 6798545 rules fired and 5490170 states in the queue.
	5600000 states explored in 55.65s, with 6921155 rules fired and 5590041 states in the queue.
	5700000 states explored in 56.63s, with 7046750 rules fired and 5689911 states in the queue.
	5800000 states explored in 57.58s, with 7169304 rules fired and 5789732 states in the queue.
	5900000 states explored in 58.57s, with 7297255 rules fired and 5889519 states in the queue.
	6000000 states explored in 59.56s, with 7425435 rules fired and 5989261 states in the queue.
	6100000 states explored in 60.58s, with 7551659 rules fired and 6089012 states in the queue.
	6200000 states explored in 61.55s, with 7676472 rules fired and 6188878 states in the queue.
	6300000 states explored in 62.56s, with 7803881 rules fired and 6288635 states in the queue.
	6400000 states explored in 63.53s, with 7928794 rules fired and 6388437 states in the queue.
	6500000 states explored in 64.47s, with 8051830 rules fired and 6488209 states in the queue.
	6600000 states explored in 65.45s, with 8180674 rules fired and 6588095 states in the queue.
	6700000 states explored in 66.43s, with 8307483 rules fired and 6687906 states in the queue.
	6800000 states explored in 67.40s, with 8434431 rules fired and 6787707 states in the queue.
	6900000 states explored in 68.39s, with 8562418 rules fired and 6887483 states in the queue.
	7000000 states explored in 69.35s, with 8687477 rules fired and 6987326 states in the queue.
	7100000 states explored in 70.31s, with 8810742 rules fired and 7087109 states in the queue.
	7200000 states explored in 71.25s, with 8934648 rules fired and 7187013 states in the queue.
	7300000 states explored in 72.21s, with 9060409 rules fired and 7286864 states in the queue.
	7400000 states explored in 73.16s, with 9186265 rules fired and 7386758 states in the queue.
	7500000 states explored in 74.16s, with 9316350 rules fired and 7486609 states in the queue.
	7600000 states explored in 75.10s, with 9441994 rules fired and 7586469 states in the queue.
	7700000 states explored in 76.04s, with 9564739 rules fired and 7686328 states in the queue.
	7800000 states explored in 77.02s, with 9691580 rules fired and 7786077 states in the queue.
	7900000 states explored in 78.01s, with 9820668 rules fired and 7885924 states in the queue.
	8000000 states explored in 78.96s, with 9944592 rules fired and 7985716 states in the queue.
	8100000 states explored in 79.93s, with 10069543 rules fired and 8085504 states in the queue.

Error:

	Internal Error: Too many active states.



