This program should be regarded as a DEBUGGING aid, not as a 
certifier of correctness.
Call with the -l flag or read the license file for terms
and conditions of use.
Run this program with "-h" for the list of options.

Bugs, questions, and comments should be directed to
"melatti@di.uniroma1.it".

CMurphi compiler last modified date: Jul 24 2024
Include files last modified date:    Jul 23 2021
==========================================================================

==========================================================================
Caching Murphi Release 5.5.0
Finite-state Concurrent System Verifier.

Caching Murphi Release 5.5.0 is based on various versions of Murphi.
Caching Murphi Release 5.5.0 :
Copyright (C) 2009-2012 by Sapienza University of Rome.
Murphi release 3.1 :
Copyright (C) 1992 - 1999 by the Board of Trustees of
Leland Stanford Junior University.

==========================================================================

Protocol: ./protocols/exec/Godsont_node8/Godsont_node8_inv112
===========================================
  You are using LS algorithm.  
===========================================

===== Startstates are generated! =====
Carelist Layer 0: node[1].cache[1].state node[2].cache[1].state node[3].cache[1].state node[4].cache[1].state node[5].cache[1].state node[6].cache[1].state node[7].cache[1].state node[8].cache[1].state 
Carelist Layer 1: node[node].hasLock lock[node].beUsed lock[node].owner node[node].cache[node].state node[node].cache[node].addr lock[node].inProtection[node] 
Attr: lock[node].inProtection[node] Level: 1 Wi: 2
Attr: lock[node].owner Level: 1 Wi: 2
Attr: node[node].cache[node].state Level: 1 Wi: 2
Attr: node[node].hasLock Level: 1 Wi: 2
Attr: node[8].cache[1].state Level: 0 Wi: 4
Attr: node[7].cache[1].state Level: 0 Wi: 4
Attr: node[1].cache[1].state Level: 0 Wi: 4
Attr: node[3].cache[1].state Level: 0 Wi: 4
Attr: node[node].cache[node].addr Level: 1 Wi: 2
Attr: node[2].cache[1].state Level: 0 Wi: 4
Attr: node[4].cache[1].state Level: 0 Wi: 4
Attr: lock[node].beUsed Level: 1 Wi: 2
Attr: node[6].cache[1].state Level: 0 Wi: 4
Attr: node[5].cache[1].state Level: 0 Wi: 4

===== Init heuristics! =====

Progress Report:

	100000 states explored in 3.39s, with 110812 rules fired and 99899 states in the queue.
	200000 states explored in 4.28s, with 227231 rules fired and 199719 states in the queue.
	300000 states explored in 5.18s, with 347080 rules fired and 299504 states in the queue.
	400000 states explored in 6.10s, with 467152 rules fired and 399310 states in the queue.
	500000 states explored in 7.03s, with 587325 rules fired and 499104 states in the queue.
	600000 states explored in 7.94s, with 707929 rules fired and 598874 states in the queue.
	700000 states explored in 8.88s, with 829689 rules fired and 698471 states in the queue.
	800000 states explored in 9.83s, with 951349 rules fired and 798147 states in the queue.
	900000 states explored in 10.76s, with 1073016 rules fired and 897912 states in the queue.
	1000000 states explored in 11.72s, with 1197398 rules fired and 997614 states in the queue.
	1100000 states explored in 12.65s, with 1320583 rules fired and 1097439 states in the queue.
	1200000 states explored in 13.56s, with 1442871 rules fired and 1197270 states in the queue.
	1300000 states explored in 14.47s, with 1564960 rules fired and 1297125 states in the queue.
	1400000 states explored in 15.42s, with 1686360 rules fired and 1397007 states in the queue.
	1500000 states explored in 16.37s, with 1809894 rules fired and 1496835 states in the queue.
	1600000 states explored in 17.33s, with 1933587 rules fired and 1596599 states in the queue.
	1700000 states explored in 18.31s, with 2057023 rules fired and 1696438 states in the queue.
	1800000 states explored in 19.25s, with 2178841 rules fired and 1796315 states in the queue.
	1900000 states explored in 20.19s, with 2301118 rules fired and 1896141 states in the queue.
	2000000 states explored in 21.16s, with 2427812 rules fired and 1995977 states in the queue.
	2100000 states explored in 22.11s, with 2550029 rules fired and 2095827 states in the queue.
	2200000 states explored in 23.10s, with 2674600 rules fired and 2195549 states in the queue.
	2300000 states explored in 24.07s, with 2802164 rules fired and 2295345 states in the queue.
	2400000 states explored in 25.00s, with 2923856 rules fired and 2395162 states in the queue.
	2500000 states explored in 25.95s, with 3051063 rules fired and 2495050 states in the queue.
	2600000 states explored in 26.83s, with 3173464 rules fired and 2594929 states in the queue.
	2700000 states explored in 27.76s, with 3297016 rules fired and 2694803 states in the queue.
	2800000 states explored in 28.71s, with 3420056 rules fired and 2794677 states in the queue.
	2900000 states explored in 29.68s, with 3542703 rules fired and 2894559 states in the queue.
	3000000 states explored in 30.63s, with 3666159 rules fired and 2994447 states in the queue.
	3100000 states explored in 31.61s, with 3793741 rules fired and 3094231 states in the queue.
	3200000 states explored in 32.61s, with 3921061 rules fired and 3194038 states in the queue.
	3300000 states explored in 33.53s, with 4043418 rules fired and 3293901 states in the queue.
	3400000 states explored in 34.45s, with 4167398 rules fired and 3393806 states in the queue.
	3500000 states explored in 35.43s, with 4296087 rules fired and 3493684 states in the queue.
	3600000 states explored in 36.37s, with 4419505 rules fired and 3593477 states in the queue.
	3700000 states explored in 37.29s, with 4542004 rules fired and 3693321 states in the queue.
	3800000 states explored in 38.28s, with 4669946 rules fired and 3793120 states in the queue.
	3900000 states explored in 39.26s, with 4795736 rules fired and 3892976 states in the queue.
	4000000 states explored in 40.22s, with 4919840 rules fired and 3992769 states in the queue.
	4100000 states explored in 41.15s, with 5041343 rules fired and 4092640 states in the queue.
	4200000 states explored in 42.15s, with 5171088 rules fired and 4192511 states in the queue.
	4300000 states explored in 43.14s, with 5295827 rules fired and 4292311 states in the queue.
	4400000 states explored in 44.13s, with 5420065 rules fired and 4392173 states in the queue.
	4500000 states explored in 45.06s, with 5542531 rules fired and 4492020 states in the queue.
	4600000 states explored in 46.01s, with 5665755 rules fired and 4591872 states in the queue.
	4700000 states explored in 46.98s, with 5789238 rules fired and 4691608 states in the queue.
	4800000 states explored in 47.95s, with 5916687 rules fired and 4791518 states in the queue.
	4900000 states explored in 48.91s, with 6040168 rules fired and 4891358 states in the queue.
	5000000 states explored in 49.93s, with 6168545 rules fired and 4991132 states in the queue.
	5100000 states explored in 50.92s, with 6293760 rules fired and 5090932 states in the queue.
	5200000 states explored in 51.86s, with 6419797 rules fired and 5190821 states in the queue.
	5300000 states explored in 52.85s, with 6548665 rules fired and 5290592 states in the queue.
	5400000 states explored in 53.80s, with 6675231 rules fired and 5390384 states in the queue.
	5500000 states explored in 54.71s, with 6798608 rules fired and 5490169 states in the queue.
	5600000 states explored in 55.63s, with 6921218 rules fired and 5590040 states in the queue.
	5700000 states explored in 56.61s, with 7046813 rules fired and 5689910 states in the queue.
	5800000 states explored in 57.55s, with 7169367 rules fired and 5789731 states in the queue.
	5900000 states explored in 58.53s, with 7297381 rules fired and 5889517 states in the queue.
	6000000 states explored in 59.51s, with 7425561 rules fired and 5989259 states in the queue.
	6100000 states explored in 60.51s, with 7551785 rules fired and 6089010 states in the queue.
	6200000 states explored in 61.48s, with 7676598 rules fired and 6188876 states in the queue.
	6300000 states explored in 62.46s, with 7804007 rules fired and 6288633 states in the queue.
	6400000 states explored in 63.44s, with 7928920 rules fired and 6388435 states in the queue.
	6500000 states explored in 64.40s, with 8051956 rules fired and 6488207 states in the queue.
	6600000 states explored in 65.37s, with 8180800 rules fired and 6588093 states in the queue.
	6700000 states explored in 66.34s, with 8307609 rules fired and 6687904 states in the queue.
	6800000 states explored in 67.32s, with 8434557 rules fired and 6787705 states in the queue.
	6900000 states explored in 68.29s, with 8562544 rules fired and 6887481 states in the queue.
	7000000 states explored in 69.21s, with 8687603 rules fired and 6987324 states in the queue.
	7100000 states explored in 70.18s, with 8810805 rules fired and 7087108 states in the queue.
	7200000 states explored in 71.13s, with 8934711 rules fired and 7187012 states in the queue.
	7300000 states explored in 72.11s, with 9060472 rules fired and 7286863 states in the queue.
	7400000 states explored in 73.08s, with 9186328 rules fired and 7386757 states in the queue.
	7500000 states explored in 74.08s, with 9316413 rules fired and 7486608 states in the queue.
	7600000 states explored in 75.03s, with 9442057 rules fired and 7586468 states in the queue.
	7700000 states explored in 75.94s, with 9564802 rules fired and 7686327 states in the queue.
	7800000 states explored in 76.93s, with 9691769 rules fired and 7786074 states in the queue.
	7900000 states explored in 77.91s, with 9820857 rules fired and 7885921 states in the queue.
	8000000 states explored in 78.85s, with 9944718 rules fired and 7985714 states in the queue.
	8100000 states explored in 79.80s, with 10069732 rules fired and 8085501 states in the queue.

Error:

	Internal Error: Too many active states.



