This program should be regarded as a DEBUGGING aid, not as a 
certifier of correctness.
Call with the -l flag or read the license file for terms
and conditions of use.
Run this program with "-h" for the list of options.

Bugs, questions, and comments should be directed to
"melatti@di.uniroma1.it".

CMurphi compiler last modified date: Jul 24 2024
Include files last modified date:    Jul 23 2021
==========================================================================

==========================================================================
Caching Murphi Release 5.5.0
Finite-state Concurrent System Verifier.

Caching Murphi Release 5.5.0 is based on various versions of Murphi.
Caching Murphi Release 5.5.0 :
Copyright (C) 2009-2012 by Sapienza University of Rome.
Murphi release 3.1 :
Copyright (C) 1992 - 1999 by the Board of Trustees of
Leland Stanford Junior University.

==========================================================================

Protocol: ./protocols/exec/Godsont_node8/Godsont_node8_inv201
===========================================
  You are using LS algorithm.  
===========================================

===== Startstates are generated! =====
Carelist Layer 0: node[1].cache[1].state node[2].cache[1].state node[3].cache[1].state node[4].cache[1].state node[5].cache[1].state node[6].cache[1].state node[7].cache[1].state node[8].cache[1].state 
Carelist Layer 1: node[node].hasLock lock[node].beUsed lock[node].owner node[node].cache[node].state node[node].cache[node].addr lock[node].inProtection[node] 
Attr: lock[node].inProtection[node] Level: 1 Wi: 2
Attr: lock[node].owner Level: 1 Wi: 2
Attr: node[node].cache[node].state Level: 1 Wi: 2
Attr: node[node].hasLock Level: 1 Wi: 2
Attr: node[8].cache[1].state Level: 0 Wi: 4
Attr: node[7].cache[1].state Level: 0 Wi: 4
Attr: node[1].cache[1].state Level: 0 Wi: 4
Attr: node[3].cache[1].state Level: 0 Wi: 4
Attr: node[node].cache[node].addr Level: 1 Wi: 2
Attr: node[2].cache[1].state Level: 0 Wi: 4
Attr: node[4].cache[1].state Level: 0 Wi: 4
Attr: lock[node].beUsed Level: 1 Wi: 2
Attr: node[6].cache[1].state Level: 0 Wi: 4
Attr: node[5].cache[1].state Level: 0 Wi: 4

===== Init heuristics! =====

Progress Report:

	100000 states explored in 3.38s, with 110812 rules fired and 99899 states in the queue.
	200000 states explored in 4.29s, with 227231 rules fired and 199719 states in the queue.
	300000 states explored in 5.19s, with 347080 rules fired and 299504 states in the queue.
	400000 states explored in 6.12s, with 467152 rules fired and 399310 states in the queue.
	500000 states explored in 7.05s, with 587325 rules fired and 499104 states in the queue.
	600000 states explored in 7.97s, with 707929 rules fired and 598874 states in the queue.
	700000 states explored in 8.92s, with 829689 rules fired and 698471 states in the queue.
	800000 states explored in 9.86s, with 951349 rules fired and 798147 states in the queue.
	900000 states explored in 10.80s, with 1073016 rules fired and 897912 states in the queue.
	1000000 states explored in 11.77s, with 1197398 rules fired and 997614 states in the queue.
	1100000 states explored in 12.72s, with 1320583 rules fired and 1097439 states in the queue.
	1200000 states explored in 13.64s, with 1442934 rules fired and 1197269 states in the queue.
	1300000 states explored in 14.56s, with 1565023 rules fired and 1297124 states in the queue.
	1400000 states explored in 15.50s, with 1686423 rules fired and 1397006 states in the queue.
	1500000 states explored in 16.46s, with 1809957 rules fired and 1496834 states in the queue.
	1600000 states explored in 17.43s, with 1933650 rules fired and 1596598 states in the queue.
	1700000 states explored in 18.40s, with 2057086 rules fired and 1696437 states in the queue.
	1800000 states explored in 19.33s, with 2178904 rules fired and 1796314 states in the queue.
	1900000 states explored in 20.27s, with 2301181 rules fired and 1896140 states in the queue.
	2000000 states explored in 21.25s, with 2427875 rules fired and 1995976 states in the queue.
	2100000 states explored in 22.18s, with 2550092 rules fired and 2095826 states in the queue.
	2200000 states explored in 23.18s, with 2674726 rules fired and 2195547 states in the queue.
	2300000 states explored in 24.17s, with 2802164 rules fired and 2295345 states in the queue.
	2400000 states explored in 25.09s, with 2923856 rules fired and 2395162 states in the queue.
	2500000 states explored in 26.06s, with 3051063 rules fired and 2495050 states in the queue.
	2600000 states explored in 26.94s, with 3173464 rules fired and 2594929 states in the queue.
	2700000 states explored in 27.87s, with 3297016 rules fired and 2694803 states in the queue.
	2800000 states explored in 28.84s, with 3420056 rules fired and 2794677 states in the queue.
	2900000 states explored in 29.80s, with 3542703 rules fired and 2894559 states in the queue.
	3000000 states explored in 30.75s, with 3666159 rules fired and 2994447 states in the queue.
	3100000 states explored in 31.75s, with 3793741 rules fired and 3094231 states in the queue.
	3200000 states explored in 32.77s, with 3921061 rules fired and 3194038 states in the queue.
	3300000 states explored in 33.70s, with 4043418 rules fired and 3293901 states in the queue.
	3400000 states explored in 34.65s, with 4167398 rules fired and 3393806 states in the queue.
	3500000 states explored in 35.66s, with 4296087 rules fired and 3493684 states in the queue.
	3600000 states explored in 36.61s, with 4419505 rules fired and 3593477 states in the queue.
	3700000 states explored in 37.57s, with 4542004 rules fired and 3693321 states in the queue.
	3800000 states explored in 38.56s, with 4669946 rules fired and 3793120 states in the queue.
	3900000 states explored in 39.55s, with 4795736 rules fired and 3892976 states in the queue.
	4000000 states explored in 40.51s, with 4919840 rules fired and 3992769 states in the queue.
	4100000 states explored in 41.42s, with 5041343 rules fired and 4092640 states in the queue.
	4200000 states explored in 42.42s, with 5171088 rules fired and 4192511 states in the queue.
	4300000 states explored in 43.39s, with 5295827 rules fired and 4292311 states in the queue.
	4400000 states explored in 44.35s, with 5420065 rules fired and 4392173 states in the queue.
	4500000 states explored in 45.27s, with 5542468 rules fired and 4492021 states in the queue.
	4600000 states explored in 46.19s, with 5665692 rules fired and 4591873 states in the queue.
	4700000 states explored in 47.16s, with 5789175 rules fired and 4691609 states in the queue.
	4800000 states explored in 48.15s, with 5916624 rules fired and 4791519 states in the queue.
	4900000 states explored in 49.10s, with 6040105 rules fired and 4891359 states in the queue.
	5000000 states explored in 50.12s, with 6168482 rules fired and 4991133 states in the queue.
	5100000 states explored in 51.09s, with 6293697 rules fired and 5090933 states in the queue.
	5200000 states explored in 52.04s, with 6419734 rules fired and 5190822 states in the queue.
	5300000 states explored in 53.04s, with 6548665 rules fired and 5290592 states in the queue.
	5400000 states explored in 54.01s, with 6675231 rules fired and 5390384 states in the queue.
	5500000 states explored in 54.93s, with 6798608 rules fired and 5490169 states in the queue.
	5600000 states explored in 55.83s, with 6921218 rules fired and 5590040 states in the queue.
	5700000 states explored in 56.79s, with 7046813 rules fired and 5689910 states in the queue.
	5800000 states explored in 57.71s, with 7169367 rules fired and 5789731 states in the queue.
	5900000 states explored in 58.69s, with 7297318 rules fired and 5889518 states in the queue.
	6000000 states explored in 59.68s, with 7425498 rules fired and 5989260 states in the queue.
	6100000 states explored in 60.65s, with 7551722 rules fired and 6089011 states in the queue.
	6200000 states explored in 61.63s, with 7676535 rules fired and 6188877 states in the queue.
	6300000 states explored in 62.61s, with 7803944 rules fired and 6288634 states in the queue.
	6400000 states explored in 63.58s, with 7928857 rules fired and 6388436 states in the queue.
	6500000 states explored in 64.52s, with 8051893 rules fired and 6488208 states in the queue.
	6600000 states explored in 65.50s, with 8180737 rules fired and 6588094 states in the queue.
	6700000 states explored in 66.48s, with 8307546 rules fired and 6687905 states in the queue.
	6800000 states explored in 67.46s, with 8434494 rules fired and 6787706 states in the queue.
	6900000 states explored in 68.45s, with 8562481 rules fired and 6887482 states in the queue.
	7000000 states explored in 69.40s, with 8687540 rules fired and 6987325 states in the queue.
	7100000 states explored in 70.37s, with 8810679 rules fired and 7087110 states in the queue.
	7200000 states explored in 71.31s, with 8934585 rules fired and 7187014 states in the queue.
	7300000 states explored in 72.30s, with 9060346 rules fired and 7286865 states in the queue.
	7400000 states explored in 73.27s, with 9186202 rules fired and 7386759 states in the queue.
	7500000 states explored in 74.28s, with 9316287 rules fired and 7486610 states in the queue.
	7600000 states explored in 75.24s, with 9441931 rules fired and 7586470 states in the queue.
	7700000 states explored in 76.16s, with 9564676 rules fired and 7686329 states in the queue.
	7800000 states explored in 77.16s, with 9691643 rules fired and 7786076 states in the queue.
	7900000 states explored in 78.16s, with 9820731 rules fired and 7885923 states in the queue.
	8000000 states explored in 79.10s, with 9944529 rules fired and 7985717 states in the queue.
	8100000 states explored in 80.06s, with 10069480 rules fired and 8085505 states in the queue.

Error:

	Internal Error: Too many active states.



