This program should be regarded as a DEBUGGING aid, not as a 
certifier of correctness.
Call with the -l flag or read the license file for terms
and conditions of use.
Run this program with "-h" for the list of options.

Bugs, questions, and comments should be directed to
"melatti@di.uniroma1.it".

CMurphi compiler last modified date: Apr 10 2024
Include files last modified date:    Jul 23 2021
==========================================================================

==========================================================================
Caching Murphi Release 5.5.0
Finite-state Concurrent System Verifier.

Caching Murphi Release 5.5.0 is based on various versions of Murphi.
Caching Murphi Release 5.5.0 :
Copyright (C) 2009-2012 by Sapienza University of Rome.
Murphi release 3.1 :
Copyright (C) 1992 - 1999 by the Board of Trustees of
Leland Stanford Junior University.

==========================================================================

Protocol: ./protocols/exec/German_node8/German_node8_inv32
===========================================
  You are using EDMC algorithm.  
===========================================

===== Startstates are generated! =====
Carelist Layer 0: Cache[1].State Cache[2].State Cache[3].State Cache[4].State Cache[5].State Cache[6].State Cache[7].State Cache[8].State 
Attr: Cache[8].State Level: 0 Wi: 8
Attr: Cache[7].State Level: 0 Wi: 8
Attr: Cache[1].State Level: 0 Wi: 8
Attr: Cache[3].State Level: 0 Wi: 8
Attr: Cache[4].State Level: 0 Wi: 8
Attr: Cache[2].State Level: 0 Wi: 8
Attr: Cache[5].State Level: 0 Wi: 8
Attr: Cache[6].State Level: 0 Wi: 8

===== Init heuristics! =====

Progress Report:

	100000 states explored in 4.68s, with 150376 rules fired and 81436 states in the queue.
	200000 states explored in 6.04s, with 314272 rules fired and 163671 states in the queue.
	300000 states explored in 7.57s, with 498604 rules fired and 244712 states in the queue.
	400000 states explored in 9.19s, with 688388 rules fired and 321946 states in the queue.
	500000 states explored in 10.97s, with 895721 rules fired and 397841 states in the queue.
	600000 states explored in 12.90s, with 1122294 rules fired and 474230 states in the queue.
	700000 states explored in 14.85s, with 1356807 rules fired and 542782 states in the queue.
	800000 states explored in 16.68s, with 1560984 rules fired and 620304 states in the queue.
	900000 states explored in 18.83s, with 1801406 rules fired and 692575 states in the queue.
	1000000 states explored in 20.96s, with 2036851 rules fired and 765881 states in the queue.
	1100000 states explored in 23.06s, with 2277938 rules fired and 837316 states in the queue.
	1200000 states explored in 25.12s, with 2517223 rules fired and 909619 states in the queue.
	1300000 states explored in 27.51s, with 2803834 rules fired and 971898 states in the queue.
	1400000 states explored in 29.74s, with 3054462 rules fired and 1035499 states in the queue.
	1500000 states explored in 32.27s, with 3344680 rules fired and 1100516 states in the queue.
	1600000 states explored in 34.56s, with 3605788 rules fired and 1170694 states in the queue.
	1700000 states explored in 37.00s, with 3878928 rules fired and 1239804 states in the queue.
	1800000 states explored in 39.67s, with 4173019 rules fired and 1304955 states in the queue.
	1900000 states explored in 41.90s, with 4412479 rules fired and 1379653 states in the queue.
	2000000 states explored in 44.18s, with 4649370 rules fired and 1451367 states in the queue.
	2100000 states explored in 46.44s, with 4887216 rules fired and 1528270 states in the queue.
	2200000 states explored in 49.28s, with 5169047 rules fired and 1597467 states in the queue.
	2300000 states explored in 52.13s, with 5451778 rules fired and 1666264 states in the queue.
	2400000 states explored in 55.11s, with 5760908 rules fired and 1732514 states in the queue.
	2500000 states explored in 57.75s, with 6026311 rules fired and 1800956 states in the queue.
	2600000 states explored in 60.48s, with 6302709 rules fired and 1860240 states in the queue.
	2700000 states explored in 63.29s, with 6594262 rules fired and 1920525 states in the queue.
	2800000 states explored in 66.10s, with 6893159 rules fired and 1979783 states in the queue.
	2900000 states explored in 69.12s, with 7196647 rules fired and 2039847 states in the queue.
	3000000 states explored in 72.03s, with 7471927 rules fired and 2104275 states in the queue.
	3100000 states explored in 75.58s, with 7808931 rules fired and 2167210 states in the queue.
	3200000 states explored in 78.80s, with 8124350 rules fired and 2231439 states in the queue.
	3300000 states explored in 81.37s, with 8364623 rules fired and 2304066 states in the queue.
	3400000 states explored in 84.27s, with 8617681 rules fired and 2376065 states in the queue.
	3500000 states explored in 86.78s, with 8852444 rules fired and 2450649 states in the queue.
	3600000 states explored in 89.46s, with 9099737 rules fired and 2522632 states in the queue.
	3700000 states explored in 92.24s, with 9357461 rules fired and 2591039 states in the queue.
	3800000 states explored in 95.06s, with 9609730 rules fired and 2661315 states in the queue.
	3900000 states explored in 97.67s, with 9848788 rules fired and 2732857 states in the queue.
	4000000 states explored in 100.99s, with 10159172 rules fired and 2796471 states in the queue.
	4100000 states explored in 104.31s, with 10452665 rules fired and 2862892 states in the queue.
	4200000 states explored in 107.96s, with 10788972 rules fired and 2926890 states in the queue.
	4300000 states explored in 111.75s, with 11122240 rules fired and 2989886 states in the queue.
	4400000 states explored in 115.75s, with 11474652 rules fired and 3048796 states in the queue.
	4500000 states explored in 119.50s, with 11783467 rules fired and 3111332 states in the queue.
	4600000 states explored in 123.45s, with 12116153 rules fired and 3174083 states in the queue.
	4700000 states explored in 126.51s, with 12395719 rules fired and 3236089 states in the queue.
	4800000 states explored in 129.84s, with 12705921 rules fired and 3297518 states in the queue.
	4900000 states explored in 133.99s, with 13071458 rules fired and 3354567 states in the queue.
	5000000 states explored in 138.41s, with 13463746 rules fired and 3409894 states in the queue.
	5100000 states explored in 142.32s, with 13783579 rules fired and 3473182 states in the queue.
	5200000 states explored in 145.38s, with 14055489 rules fired and 3539773 states in the queue.
	5300000 states explored in 149.03s, with 14356147 rules fired and 3605652 states in the queue.
	5400000 states explored in 153.12s, with 14709514 rules fired and 3668235 states in the queue.
	5500000 states explored in 157.21s, with 15035560 rules fired and 3730847 states in the queue.
	5600000 states explored in 160.93s, with 15354222 rules fired and 3793552 states in the queue.
	5700000 states explored in 165.16s, with 15707993 rules fired and 3851732 states in the queue.
	5800000 states explored in 168.56s, with 15976150 rules fired and 3921292 states in the queue.
	5900000 states explored in 172.48s, with 16275446 rules fired and 3983428 states in the queue.
	6000000 states explored in 177.41s, with 16611961 rules fired and 4042973 states in the queue.
	6100000 states explored in 182.17s, with 16929324 rules fired and 4106462 states in the queue.
	6200000 states explored in 186.06s, with 17196965 rules fired and 4175065 states in the queue.
	6300000 states explored in 190.02s, with 17538878 rules fired and 4237886 states in the queue.
	6400000 states explored in 194.04s, with 17846355 rules fired and 4301339 states in the queue.
	6500000 states explored in 198.12s, with 18157323 rules fired and 4367069 states in the queue.
	6600000 states explored in 202.24s, with 18459606 rules fired and 4430627 states in the queue.
	6700000 states explored in 206.23s, with 18761761 rules fired and 4494092 states in the queue.
	6800000 states explored in 209.81s, with 19061022 rules fired and 4559984 states in the queue.
	6900000 states explored in 213.85s, with 19360056 rules fired and 4623640 states in the queue.
	7000000 states explored in 218.13s, with 19672353 rules fired and 4685070 states in the queue.
	7100000 states explored in 222.07s, with 19957983 rules fired and 4751312 states in the queue.
	7200000 states explored in 225.53s, with 20225945 rules fired and 4820561 states in the queue.
	7300000 states explored in 227.19s, with 20390764 rules fired and 4901119 states in the queue.
	7400000 states explored in 229.15s, with 20577776 rules fired and 4980808 states in the queue.
	7500000 states explored in 232.06s, with 20792874 rules fired and 5057593 states in the queue.
	7600000 states explored in 235.64s, with 21082331 rules fired and 5123278 states in the queue.
	7700000 states explored in 238.94s, with 21348453 rules fired and 5194173 states in the queue.
	7800000 states explored in 242.40s, with 21635040 rules fired and 5264322 states in the queue.
	7900000 states explored in 246.21s, with 21930725 rules fired and 5332781 states in the queue.
	8000000 states explored in 250.28s, with 22217897 rules fired and 5403020 states in the queue.
	8100000 states explored in 254.18s, with 22499018 rules fired and 5475871 states in the queue.
	8200000 states explored in 258.91s, with 22821587 rules fired and 5541015 states in the queue.
	8300000 states explored in 263.58s, with 23155240 rules fired and 5605562 states in the queue.
	8400000 states explored in 268.27s, with 23501731 rules fired and 5667427 states in the queue.
	8500000 states explored in 272.69s, with 23814918 rules fired and 5730230 states in the queue.
	8600000 states explored in 276.47s, with 24098316 rules fired and 5790873 states in the queue.
	8700000 states explored in 281.10s, with 24422850 rules fired and 5847854 states in the queue.
	8800000 states explored in 285.45s, with 24742978 rules fired and 5907074 states in the queue.
	8900000 states explored in 289.68s, with 25064132 rules fired and 5963940 states in the queue.
	9000000 states explored in 293.96s, with 25350763 rules fired and 6026742 states in the queue.
	9100000 states explored in 298.11s, with 25625417 rules fired and 6088535 states in the queue.
	9200000 states explored in 301.91s, with 25904467 rules fired and 6150039 states in the queue.
	9300000 states explored in 305.85s, with 26169414 rules fired and 6211595 states in the queue.
	9400000 states explored in 310.54s, with 26466753 rules fired and 6267634 states in the queue.
	9500000 states explored in 315.33s, with 26749910 rules fired and 6325403 states in the queue.
	9600000 states explored in 320.42s, with 27066149 rules fired and 6382671 states in the queue.
	9700000 states explored in 326.90s, with 27445400 rules fired and 6438850 states in the queue.
	9800000 states explored in 330.28s, with 27680080 rules fired and 6500472 states in the queue.
	9900000 states explored in 334.25s, with 27959046 rules fired and 6559324 states in the queue.
	10000000 states explored in 337.64s, with 28288244 rules fired and 6605475 states in the queue.
	10100000 states explored in 342.22s, with 28716143 rules fired and 6651358 states in the queue.
	10200000 states explored in 346.48s, with 29056967 rules fired and 6702979 states in the queue.
	10300000 states explored in 350.99s, with 29413306 rules fired and 6754279 states in the queue.
	10400000 states explored in 355.75s, with 29758868 rules fired and 6808762 states in the queue.
	10500000 states explored in 361.66s, with 30152746 rules fired and 6863291 states in the queue.
	10600000 states explored in 366.76s, with 30553448 rules fired and 6916487 states in the queue.
	10700000 states explored in 373.77s, with 30960199 rules fired and 6971319 states in the queue.
	10800000 states explored in 379.02s, with 31347579 rules fired and 7021286 states in the queue.
	10900000 states explored in 385.22s, with 31688765 rules fired and 7071773 states in the queue.
	11000000 states explored in 389.38s, with 31978428 rules fired and 7131645 states in the queue.
	11100000 states explored in 394.68s, with 32284080 rules fired and 7193418 states in the queue.
	11200000 states explored in 401.40s, with 32618286 rules fired and 7246639 states in the queue.
	11300000 states explored in 407.55s, with 32988242 rules fired and 7298464 states in the queue.
	11400000 states explored in 411.83s, with 33334941 rules fired and 7347368 states in the queue.
	11500000 states explored in 416.90s, with 33706073 rules fired and 7398570 states in the queue.
	11600000 states explored in 421.27s, with 33968155 rules fired and 7459524 states in the queue.
	11700000 states explored in 426.45s, with 34256023 rules fired and 7516018 states in the queue.
	11800000 states explored in 432.34s, with 34602842 rules fired and 7570997 states in the queue.
	11900000 states explored in 438.28s, with 34976507 rules fired and 7626543 states in the queue.
	12000000 states explored in 443.08s, with 35323815 rules fired and 7674887 states in the queue.
	12100000 states explored in 448.47s, with 35621787 rules fired and 7726383 states in the queue.
	12200000 states explored in 453.41s, with 35951267 rules fired and 7777808 states in the queue.
	12300000 states explored in 458.91s, with 36314811 rules fired and 7828164 states in the queue.
	12400000 states explored in 465.09s, with 36660557 rules fired and 7884179 states in the queue.
	12500000 states explored in 471.02s, with 36950188 rules fired and 7941888 states in the queue.
	12600000 states explored in 476.11s, with 37224632 rules fired and 8000965 states in the queue.
	12700000 states explored in 482.14s, with 37566233 rules fired and 8053897 states in the queue.
	12800000 states explored in 488.52s, with 37934515 rules fired and 8105798 states in the queue.
	12900000 states explored in 495.94s, with 38299502 rules fired and 8160139 states in the queue.
	13000000 states explored in 503.17s, with 38623630 rules fired and 8214860 states in the queue.
	13100000 states explored in 509.03s, with 38940581 rules fired and 8269918 states in the queue.
	13200000 states explored in 515.51s, with 39240322 rules fired and 8328521 states in the queue.
	13300000 states explored in 522.60s, with 39564423 rules fired and 8387345 states in the queue.
	13400000 states explored in 527.06s, with 39834864 rules fired and 8456433 states in the queue.
	13500000 states explored in 531.79s, with 40131198 rules fired and 8520553 states in the queue.
	13600000 states explored in 536.95s, with 40449491 rules fired and 8581179 states in the queue.
	13700000 states explored in 542.20s, with 40761069 rules fired and 8643712 states in the queue.

Error:

	Internal Error: Too many active states.



