This program should be regarded as a DEBUGGING aid, not as a 
certifier of correctness.
Call with the -l flag or read the license file for terms
and conditions of use.
Run this program with "-h" for the list of options.

Bugs, questions, and comments should be directed to
"melatti@di.uniroma1.it".

CMurphi compiler last modified date: Apr 18 2024
Include files last modified date:    Jul 23 2021
==========================================================================

==========================================================================
Caching Murphi Release 5.5.0
Finite-state Concurrent System Verifier.

Caching Murphi Release 5.5.0 is based on various versions of Murphi.
Caching Murphi Release 5.5.0 :
Copyright (C) 2009-2012 by Sapienza University of Rome.
Murphi release 3.1 :
Copyright (C) 1992 - 1999 by the Board of Trustees of
Leland Stanford Junior University.

==========================================================================

Protocol: ./protocols/exec/German_node8/German_node8_inv204
===========================================
  You are using LS algorithm.  
===========================================

===== Startstates are generated! =====
Carelist Layer 0: Cache[1].State Cache[2].State Cache[3].State Cache[4].State Cache[5].State Cache[6].State Cache[7].State Cache[8].State 
Carelist Layer 1: Chan2[node].Cmd Chan3[node].Cmd Cache[node].State 
Attr: Chan3[node].Cmd Level: 1 Wi: 2
Attr: Chan2[node].Cmd Level: 1 Wi: 2
Attr: Cache[8].State Level: 0 Wi: 4
Attr: Cache[7].State Level: 0 Wi: 4
Attr: Cache[1].State Level: 0 Wi: 4
Attr: Cache[3].State Level: 0 Wi: 4
Attr: Cache[node].State Level: 1 Wi: 2
Attr: Cache[4].State Level: 0 Wi: 4
Attr: Cache[2].State Level: 0 Wi: 4
Attr: Cache[5].State Level: 0 Wi: 4
Attr: Cache[6].State Level: 0 Wi: 4

===== Init heuristics! =====

Progress Report:

	100000 states explored in 6.19s, with 537585 rules fired and 75099 states in the queue.
	200000 states explored in 10.79s, with 1187961 rules fired and 141312 states in the queue.
	300000 states explored in 14.68s, with 1723988 rules fired and 214274 states in the queue.
	400000 states explored in 21.45s, with 2674499 rules fired and 266296 states in the queue.
	500000 states explored in 24.67s, with 3117383 rules fired and 344692 states in the queue.
	600000 states explored in 27.88s, with 3549583 rules fired and 423921 states in the queue.
	700000 states explored in 31.50s, with 4031408 rules fired and 500893 states in the queue.
	800000 states explored in 36.22s, with 4642300 rules fired and 569663 states in the queue.
	900000 states explored in 42.30s, with 5425606 rules fired and 631167 states in the queue.
	1000000 states explored in 54.17s, with 6937388 rules fired and 652240 states in the queue.
	1100000 states explored in 60.14s, with 7677721 rules fired and 711113 states in the queue.
	1200000 states explored in 63.27s, with 8061999 rules fired and 790659 states in the queue.
	1300000 states explored in 66.60s, with 8464251 rules fired and 870205 states in the queue.
	1400000 states explored in 70.45s, with 8911223 rules fired and 946978 states in the queue.
	1500000 states explored in 74.56s, with 9391814 rules fired and 1022565 states in the queue.

==========================================================================

Result:

	Invariant "test_204" failed.

State Space Explored:

	1540052 states, 9751250 rules fired in 77.74s.

