This program should be regarded as a DEBUGGING aid, not as a 
certifier of correctness.
Call with the -l flag or read the license file for terms
and conditions of use.
Run this program with "-h" for the list of options.

Bugs, questions, and comments should be directed to
"melatti@di.uniroma1.it".

CMurphi compiler last modified date: Apr 18 2024
Include files last modified date:    Jul 23 2021
==========================================================================

==========================================================================
Caching Murphi Release 5.5.0
Finite-state Concurrent System Verifier.

Caching Murphi Release 5.5.0 is based on various versions of Murphi.
Caching Murphi Release 5.5.0 :
Copyright (C) 2009-2012 by Sapienza University of Rome.
Murphi release 3.1 :
Copyright (C) 1992 - 1999 by the Board of Trustees of
Leland Stanford Junior University.

==========================================================================

Protocol: ./protocols/exec/German_node8/German_node8_inv143
===========================================
  You are using LS algorithm.  
===========================================

===== Startstates are generated! =====
Carelist Layer 0: Cache[1].State Cache[2].State Cache[3].State Cache[4].State Cache[5].State Cache[6].State Cache[7].State Cache[8].State 
Carelist Layer 1: Chan2[node].Cmd Chan3[node].Cmd Cache[node].State 
Attr: Chan3[node].Cmd Level: 1 Wi: 2
Attr: Chan2[node].Cmd Level: 1 Wi: 2
Attr: Cache[8].State Level: 0 Wi: 4
Attr: Cache[7].State Level: 0 Wi: 4
Attr: Cache[1].State Level: 0 Wi: 4
Attr: Cache[3].State Level: 0 Wi: 4
Attr: Cache[node].State Level: 1 Wi: 2
Attr: Cache[4].State Level: 0 Wi: 4
Attr: Cache[2].State Level: 0 Wi: 4
Attr: Cache[5].State Level: 0 Wi: 4
Attr: Cache[6].State Level: 0 Wi: 4

===== Init heuristics! =====

Progress Report:

	100000 states explored in 6.20s, with 534295 rules fired and 75296 states in the queue.
	200000 states explored in 10.97s, with 1197817 rules fired and 141202 states in the queue.
	300000 states explored in 14.76s, with 1705284 rules fired and 215778 states in the queue.
	400000 states explored in 20.62s, with 2512953 rules fired and 276583 states in the queue.
	500000 states explored in 25.55s, with 3174495 rules fired and 341658 states in the queue.
	600000 states explored in 28.94s, with 3619238 rules fired and 420321 states in the queue.
	700000 states explored in 32.76s, with 4113497 rules fired and 496317 states in the queue.
	800000 states explored in 37.32s, with 4698063 rules fired and 567250 states in the queue.
	900000 states explored in 42.86s, with 5403562 rules fired and 631569 states in the queue.
	1000000 states explored in 52.27s, with 6586176 rules fired and 668858 states in the queue.
	1100000 states explored in 62.36s, with 7844375 rules fired and 699867 states in the queue.
	1200000 states explored in 65.39s, with 8205642 rules fired and 780890 states in the queue.
	1300000 states explored in 68.85s, with 8606662 rules fired and 859820 states in the queue.
	1400000 states explored in 72.57s, with 9031413 rules fired and 937342 states in the queue.
	1500000 states explored in 76.50s, with 9487487 rules fired and 1013682 states in the queue.
	1600000 states explored in 83.35s, with 10260791 rules fired and 1070687 states in the queue.
	1700000 states explored in 88.56s, with 10864434 rules fired and 1139150 states in the queue.
	1800000 states explored in 94.43s, with 11515292 rules fired and 1204330 states in the queue.
	1900000 states explored in 100.69s, with 12199569 rules fired and 1266355 states in the queue.
	2000000 states explored in 107.85s, with 13010452 rules fired and 1322326 states in the queue.
	2100000 states explored in 116.58s, with 13973456 rules fired and 1368732 states in the queue.
	2200000 states explored in 125.69s, with 14986854 rules fired and 1413950 states in the queue.
	2300000 states explored in 139.74s, with 16534476 rules fired and 1420867 states in the queue.
	2400000 states explored in 155.20s, with 18252568 rules fired and 1416736 states in the queue.
	2500000 states explored in 158.20s, with 18579110 rules fired and 1498357 states in the queue.
	2600000 states explored in 161.99s, with 18983803 rules fired and 1576129 states in the queue.
	2700000 states explored in 166.13s, with 19397120 rules fired and 1652243 states in the queue.
	2800000 states explored in 170.39s, with 19816704 rules fired and 1727484 states in the queue.
	2900000 states explored in 174.93s, with 20270690 rules fired and 1801649 states in the queue.
	3000000 states explored in 179.62s, with 20754707 rules fired and 1874764 states in the queue.
	3100000 states explored in 187.75s, with 21511787 rules fired and 1926040 states in the queue.
	3200000 states explored in 196.03s, with 22292788 rules fired and 1977164 states in the queue.
	3300000 states explored in 202.78s, with 22948757 rules fired and 2036820 states in the queue.
	3400000 states explored in 209.58s, with 23592209 rules fired and 2098399 states in the queue.
	3500000 states explored in 217.51s, with 24319465 rules fired and 2152159 states in the queue.
	3600000 states explored in 225.05s, with 25019714 rules fired and 2208109 states in the queue.
	3700000 states explored in 233.46s, with 25784375 rules fired and 2258530 states in the queue.
	3800000 states explored in 242.30s, with 26589543 rules fired and 2307246 states in the queue.
	3900000 states explored in 252.11s, with 27521352 rules fired and 2347305 states in the queue.
	4000000 states explored in 260.26s, with 28310418 rules fired and 2399094 states in the queue.
	4100000 states explored in 266.13s, with 28912615 rules fired and 2467845 states in the queue.
	4200000 states explored in 273.56s, with 29669510 rules fired and 2528029 states in the queue.
	4300000 states explored in 286.36s, with 30934786 rules fired and 2552584 states in the queue.
	4400000 states explored in 301.46s, with 32398232 rules fired and 2563385 states in the queue.
	4500000 states explored in 315.81s, with 33740819 rules fired and 2581648 states in the queue.
	4600000 states explored in 328.61s, with 35015484 rules fired and 2607009 states in the queue.
	4700000 states explored in 343.21s, with 36425051 rules fired and 2622504 states in the queue.
	4800000 states explored in 359.56s, with 38024939 rules fired and 2623716 states in the queue.
	4900000 states explored in 362.80s, with 38352416 rules fired and 2705250 states in the queue.
	5000000 states explored in 366.38s, with 38689454 rules fired and 2785755 states in the queue.
	5100000 states explored in 370.48s, with 39059196 rules fired and 2863725 states in the queue.
	5200000 states explored in 374.49s, with 39444977 rules fired and 2941203 states in the queue.
	5300000 states explored in 378.87s, with 39826333 rules fired and 3018081 states in the queue.
	5400000 states explored in 383.15s, with 40221811 rules fired and 3094413 states in the queue.
	5500000 states explored in 387.94s, with 40627805 rules fired and 3168213 states in the queue.
	5600000 states explored in 392.74s, with 41049258 rules fired and 3241891 states in the queue.
	5700000 states explored in 398.05s, with 41518065 rules fired and 3313530 states in the queue.
	5800000 states explored in 403.12s, with 41974413 rules fired and 3386730 states in the queue.
	5900000 states explored in 408.57s, with 42454898 rules fired and 3458128 states in the queue.
	6000000 states explored in 414.55s, with 42937340 rules fired and 3528580 states in the queue.
	6100000 states explored in 421.54s, with 43517911 rules fired and 3593612 states in the queue.
	6200000 states explored in 433.14s, with 44448772 rules fired and 3631203 states in the queue.
	6300000 states explored in 446.33s, with 45548175 rules fired and 3654655 states in the queue.
	6400000 states explored in 459.76s, with 46702614 rules fired and 3674868 states in the queue.
	6500000 states explored in 471.86s, with 47704486 rules fired and 3703113 states in the queue.
	6600000 states explored in 482.50s, with 48544955 rules fired and 3742734 states in the queue.
	6700000 states explored in 492.43s, with 49329215 rules fired and 3787389 states in the queue.
	6800000 states explored in 502.42s, with 50153190 rules fired and 3829478 states in the queue.
	6900000 states explored in 513.93s, with 51028795 rules fired and 3865362 states in the queue.
	7000000 states explored in 524.59s, with 51878159 rules fired and 3905448 states in the queue.
	7100000 states explored in 535.78s, with 52798865 rules fired and 3942396 states in the queue.
	7200000 states explored in 546.94s, with 53752843 rules fired and 3978578 states in the queue.
	7300000 states explored in 559.10s, with 54789676 rules fired and 4009166 states in the queue.
	7400000 states explored in 568.54s, with 55612644 rules fired and 4055344 states in the queue.
	7500000 states explored in 576.45s, with 56316385 rules fired and 4116057 states in the queue.
	7600000 states explored in 583.91s, with 56983024 rules fired and 4179804 states in the queue.
	7700000 states explored in 593.17s, with 57786933 rules fired and 4235638 states in the queue.
	7800000 states explored in 602.85s, with 58597949 rules fired and 4290675 states in the queue.
	7900000 states explored in 608.83s, with 59165235 rules fired and 4363323 states in the queue.
	8000000 states explored in 615.14s, with 59741624 rules fired and 4435643 states in the queue.
	8100000 states explored in 621.51s, with 60336695 rules fired and 4507289 states in the queue.
	8200000 states explored in 630.30s, with 61134462 rules fired and 4569461 states in the queue.
	8300000 states explored in 643.92s, with 62331619 rules fired and 4605119 states in the queue.
	8400000 states explored in 658.11s, with 63577103 rules fired and 4638923 states in the queue.
	8500000 states explored in 674.47s, with 65037613 rules fired and 4656589 states in the queue.
	8600000 states explored in 693.35s, with 66724434 rules fired and 4662154 states in the queue.
	8700000 states explored in 716.76s, with 68683301 rules fired and 4639881 states in the queue.
	8800000 states explored in 743.61s, with 70810849 rules fired and 4598681 states in the queue.
	8900000 states explored in 767.54s, with 72636833 rules fired and 4576700 states in the queue.
	9000000 states explored in 771.95s, with 73024349 rules fired and 4653113 states in the queue.
	9100000 states explored in 775.84s, with 73375455 rules fired and 4733384 states in the queue.
	9200000 states explored in 780.13s, with 73724667 rules fired and 4812472 states in the queue.
	9300000 states explored in 784.28s, with 74095693 rules fired and 4891340 states in the queue.
	9400000 states explored in 788.46s, with 74438178 rules fired and 4970990 states in the queue.
	9500000 states explored in 792.81s, with 74811454 rules fired and 5049203 states in the queue.
	9600000 states explored in 797.32s, with 75187059 rules fired and 5127266 states in the queue.
	9700000 states explored in 802.03s, with 75566638 rules fired and 5204667 states in the queue.
	9800000 states explored in 806.58s, with 75967287 rules fired and 5280733 states in the queue.
	9900000 states explored in 811.50s, with 76366332 rules fired and 5356875 states in the queue.
	10000000 states explored in 816.52s, with 76770669 rules fired and 5432689 states in the queue.
	10100000 states explored in 821.75s, with 77179805 rules fired and 5508466 states in the queue.
	10200000 states explored in 826.94s, with 77590542 rules fired and 5583442 states in the queue.
	10300000 states explored in 831.85s, with 77994534 rules fired and 5659091 states in the queue.
	10400000 states explored in 836.66s, with 78385076 rules fired and 5735608 states in the queue.
	10500000 states explored in 841.89s, with 78802448 rules fired and 5811083 states in the queue.
	10600000 states explored in 847.12s, with 79227221 rules fired and 5885874 states in the queue.
	10700000 states explored in 852.54s, with 79664485 rules fired and 5960385 states in the queue.
	10800000 states explored in 857.99s, with 80084486 rules fired and 6036089 states in the queue.
	10900000 states explored in 863.70s, with 80549476 rules fired and 6109023 states in the queue.
	11000000 states explored in 869.64s, with 81017616 rules fired and 6181128 states in the queue.
	11100000 states explored in 876.02s, with 81502291 rules fired and 6253077 states in the queue.
	11200000 states explored in 881.83s, with 81989911 rules fired and 6325204 states in the queue.
	11300000 states explored in 888.41s, with 82473206 rules fired and 6396804 states in the queue.
	11400000 states explored in 895.59s, with 82959395 rules fired and 6467837 states in the queue.
	11500000 states explored in 902.89s, with 83497079 rules fired and 6536049 states in the queue.
	11600000 states explored in 910.82s, with 84045369 rules fired and 6602945 states in the queue.
	11700000 states explored in 918.41s, with 84625247 rules fired and 6668892 states in the queue.
	11800000 states explored in 926.17s, with 85211618 rules fired and 6734163 states in the queue.
	11900000 states explored in 934.46s, with 85800303 rules fired and 6799727 states in the queue.
	12000000 states explored in 943.50s, with 86434693 rules fired and 6862518 states in the queue.
	12100000 states explored in 952.43s, with 87085684 rules fired and 6923711 states in the queue.
	12200000 states explored in 960.63s, with 87737170 rules fired and 6986598 states in the queue.
	12300000 states explored in 968.01s, with 88348805 rules fired and 7052771 states in the queue.
	12400000 states explored in 974.64s, with 88940562 rules fired and 7120883 states in the queue.
	12500000 states explored in 984.88s, with 89838378 rules fired and 7169788 states in the queue.
	12600000 states explored in 996.00s, with 90724167 rules fired and 7217993 states in the queue.

==========================================================================

Result:

	Invariant "test_143" failed.

State Space Explored:

	12609718 states, 90835325 rules fired in 997.67s.

