This program should be regarded as a DEBUGGING aid, not as a 
certifier of correctness.
Call with the -l flag or read the license file for terms
and conditions of use.
Run this program with "-h" for the list of options.

Bugs, questions, and comments should be directed to
"melatti@di.uniroma1.it".

CMurphi compiler last modified date: Apr 18 2024
Include files last modified date:    Jul 23 2021
==========================================================================

==========================================================================
Caching Murphi Release 5.5.0
Finite-state Concurrent System Verifier.

Caching Murphi Release 5.5.0 is based on various versions of Murphi.
Caching Murphi Release 5.5.0 :
Copyright (C) 2009-2012 by Sapienza University of Rome.
Murphi release 3.1 :
Copyright (C) 1992 - 1999 by the Board of Trustees of
Leland Stanford Junior University.

==========================================================================

Protocol: ./protocols/exec/German_node8/German_node8_inv65
===========================================
  You are using LS algorithm.  
===========================================

===== Startstates are generated! =====
Carelist Layer 0: Cache[1].State Cache[2].State Cache[3].State Cache[4].State Cache[5].State Cache[6].State Cache[7].State Cache[8].State 
Carelist Layer 1: Chan2[node].Cmd Chan3[node].Cmd Cache[node].State 
Attr: Chan3[node].Cmd Level: 1 Wi: 2
Attr: Chan2[node].Cmd Level: 1 Wi: 2
Attr: Cache[8].State Level: 0 Wi: 4
Attr: Cache[7].State Level: 0 Wi: 4
Attr: Cache[1].State Level: 0 Wi: 4
Attr: Cache[3].State Level: 0 Wi: 4
Attr: Cache[node].State Level: 1 Wi: 2
Attr: Cache[4].State Level: 0 Wi: 4
Attr: Cache[2].State Level: 0 Wi: 4
Attr: Cache[5].State Level: 0 Wi: 4
Attr: Cache[6].State Level: 0 Wi: 4

===== Init heuristics! =====

Progress Report:

	100000 states explored in 6.42s, with 535155 rules fired and 75493 states in the queue.
	200000 states explored in 11.53s, with 1209579 rules fired and 140683 states in the queue.
	300000 states explored in 15.52s, with 1718384 rules fired and 215215 states in the queue.
	400000 states explored in 20.91s, with 2423112 rules fired and 281609 states in the queue.
	500000 states explored in 27.20s, with 3217095 rules fired and 338832 states in the queue.
	600000 states explored in 30.73s, with 3656678 rules fired and 417643 states in the queue.
	700000 states explored in 34.66s, with 4137051 rules fired and 494287 states in the queue.
	800000 states explored in 39.36s, with 4697784 rules fired and 566230 states in the queue.
	900000 states explored in 44.84s, with 5344202 rules fired and 633915 states in the queue.
	1000000 states explored in 54.01s, with 6426209 rules fired and 676793 states in the queue.
	1100000 states explored in 65.53s, with 7764543 rules fired and 703723 states in the queue.
	1200000 states explored in 70.67s, with 8363943 rules fired and 770146 states in the queue.
	1300000 states explored in 74.14s, with 8754603 rules fired and 850144 states in the queue.
	1400000 states explored in 77.98s, with 9178152 rules fired and 928372 states in the queue.
	1500000 states explored in 82.28s, with 9634878 rules fired and 1004941 states in the queue.
	1600000 states explored in 87.52s, with 10185288 rules fired and 1075697 states in the queue.
	1700000 states explored in 94.45s, with 10928496 rules fired and 1133592 states in the queue.
	1800000 states explored in 100.36s, with 11560344 rules fired and 1200243 states in the queue.
	1900000 states explored in 106.75s, with 12206966 rules fired and 1264043 states in the queue.
	2000000 states explored in 113.16s, with 12869329 rules fired and 1328919 states in the queue.
	2100000 states explored in 121.03s, with 13699992 rules fired and 1382399 states in the queue.
	2200000 states explored in 128.52s, with 14469429 rules fired and 1440346 states in the queue.
	2300000 states explored in 139.79s, with 15617811 rules fired and 1475036 states in the queue.
	2400000 states explored in 154.70s, with 17110181 rules fired and 1484594 states in the queue.
	2500000 states explored in 171.42s, with 18815659 rules fired and 1480059 states in the queue.
	2600000 states explored in 178.19s, with 19496793 rules fired and 1538346 states in the queue.
	2700000 states explored in 181.99s, with 19868834 rules fired and 1617467 states in the queue.
	2800000 states explored in 186.02s, with 20255586 rules fired and 1694537 states in the queue.
	2900000 states explored in 190.40s, with 20675303 rules fired and 1770399 states in the queue.
	3000000 states explored in 195.23s, with 21116450 rules fired and 1844918 states in the queue.
	3100000 states explored in 200.61s, with 21581288 rules fired and 1917909 states in the queue.
	3200000 states explored in 210.24s, with 22411143 rules fired and 1963804 states in the queue.
	3300000 states explored in 217.32s, with 23043404 rules fired and 2026243 states in the queue.
	3400000 states explored in 224.94s, with 23719885 rules fired and 2084857 states in the queue.
	3500000 states explored in 232.45s, with 24370274 rules fired and 2143270 states in the queue.
	3600000 states explored in 239.90s, with 25032426 rules fired and 2203943 states in the queue.
	3700000 states explored in 248.33s, with 25764100 rules fired and 2258784 states in the queue.
	3800000 states explored in 257.40s, with 26501271 rules fired and 2310352 states in the queue.
	3900000 states explored in 265.43s, with 27220383 rules fired and 2367679 states in the queue.
	4000000 states explored in 274.44s, with 27993445 rules fired and 2417873 states in the queue.
	4100000 states explored in 283.70s, with 28791509 rules fired and 2466628 states in the queue.
	4200000 states explored in 290.30s, with 29386907 rules fired and 2534076 states in the queue.
	4300000 states explored in 298.99s, with 30152365 rules fired and 2592334 states in the queue.
	4400000 states explored in 307.58s, with 30953296 rules fired and 2647651 states in the queue.
	4500000 states explored in 323.18s, with 32307263 rules fired and 2662994 states in the queue.
	4600000 states explored in 337.17s, with 33557924 rules fired and 2687270 states in the queue.
	4700000 states explored in 349.17s, with 34619132 rules fired and 2727520 states in the queue.
	4800000 states explored in 365.73s, with 36030200 rules fired and 2740454 states in the queue.
	4900000 states explored in 382.34s, with 37452965 rules fired and 2753771 states in the queue.
	5000000 states explored in 400.15s, with 39039156 rules fired and 2752521 states in the queue.
	5100000 states explored in 417.91s, with 40552045 rules fired and 2755949 states in the queue.
	5200000 states explored in 421.74s, with 40873778 rules fired and 2836039 states in the queue.
	5300000 states explored in 426.06s, with 41219147 rules fired and 2915550 states in the queue.
	5400000 states explored in 430.40s, with 41594093 rules fired and 2993471 states in the queue.
	5500000 states explored in 435.00s, with 41990894 rules fired and 3069852 states in the queue.
	5600000 states explored in 439.73s, with 42377353 rules fired and 3146638 states in the queue.
	5700000 states explored in 444.85s, with 42776304 rules fired and 3221130 states in the queue.
	5800000 states explored in 450.16s, with 43189630 rules fired and 3295477 states in the queue.
	5900000 states explored in 456.04s, with 43625733 rules fired and 3368598 states in the queue.
	6000000 states explored in 462.13s, with 44092226 rules fired and 3439927 states in the queue.
	6100000 states explored in 468.98s, with 44597944 rules fired and 3508334 states in the queue.
	6200000 states explored in 475.33s, with 45082771 rules fired and 3580068 states in the queue.
	6300000 states explored in 484.25s, with 45707506 rules fired and 3641903 states in the queue.
	6400000 states explored in 500.26s, with 46852759 rules fired and 3658942 states in the queue.
	6500000 states explored in 517.94s, with 48068368 rules fired and 3666562 states in the queue.
	6600000 states explored in 531.17s, with 49014753 rules fired and 3694763 states in the queue.
	6700000 states explored in 541.27s, with 49720330 rules fired and 3746704 states in the queue.
	6800000 states explored in 551.11s, with 50471645 rules fired and 3795435 states in the queue.
	6900000 states explored in 562.27s, with 51275132 rules fired and 3838806 states in the queue.
	7000000 states explored in 573.30s, with 52084452 rules fired and 3880772 states in the queue.
	7100000 states explored in 585.08s, with 52913986 rules fired and 3918065 states in the queue.
	7200000 states explored in 594.93s, with 53657930 rules fired and 3967156 states in the queue.
	7300000 states explored in 604.97s, with 54436740 rules fired and 4015825 states in the queue.
	7400000 states explored in 615.42s, with 55216662 rules fired and 4061097 states in the queue.
	7500000 states explored in 627.76s, with 56099083 rules fired and 4098536 states in the queue.
	7600000 states explored in 639.22s, with 56955882 rules fired and 4140117 states in the queue.
	7700000 states explored in 647.70s, with 57616531 rules fired and 4201189 states in the queue.
	7800000 states explored in 657.82s, with 58382639 rules fired and 4256802 states in the queue.
	7900000 states explored in 666.76s, with 59115507 rules fired and 4315004 states in the queue.
	8000000 states explored in 676.14s, with 59839162 rules fired and 4374460 states in the queue.
	8100000 states explored in 682.66s, with 60367150 rules fired and 4448615 states in the queue.
	8200000 states explored in 689.36s, with 60909932 rules fired and 4523246 states in the queue.
	8300000 states explored in 695.62s, with 61459601 rules fired and 4597435 states in the queue.
	8400000 states explored in 702.76s, with 62059128 rules fired and 4669701 states in the queue.
	8500000 states explored in 710.15s, with 62693687 rules fired and 4738623 states in the queue.
	8600000 states explored in 721.78s, with 63586900 rules fired and 4791867 states in the queue.
	8700000 states explored in 736.85s, with 64865551 rules fired and 4821020 states in the queue.
	8800000 states explored in 755.22s, with 66245068 rules fired and 4844938 states in the queue.
	8900000 states explored in 773.50s, with 67691256 rules fired and 4863807 states in the queue.
	9000000 states explored in 791.86s, with 69134034 rules fired and 4882083 states in the queue.
	9100000 states explored in 815.76s, with 70876288 rules fired and 4872586 states in the queue.
	9200000 states explored in 836.77s, with 72435191 rules fired and 4879354 states in the queue.
	9300000 states explored in 858.82s, with 74051953 rules fired and 4878628 states in the queue.
	9400000 states explored in 882.54s, with 75751571 rules fired and 4870807 states in the queue.
	9500000 states explored in 907.44s, with 77432741 rules fired and 4861807 states in the queue.
	9600000 states explored in 922.79s, with 78559219 rules fired and 4884895 states in the queue.
	9700000 states explored in 927.33s, with 78900591 rules fired and 4964150 states in the queue.
	9800000 states explored in 931.58s, with 79239647 rules fired and 5044391 states in the queue.
	9900000 states explored in 936.03s, with 79586138 rules fired and 5123496 states in the queue.
	10000000 states explored in 941.30s, with 79948010 rules fired and 5201428 states in the queue.
	10100000 states explored in 945.89s, with 80302072 rules fired and 5280633 states in the queue.
	10200000 states explored in 950.39s, with 80670219 rules fired and 5359950 states in the queue.
	10300000 states explored in 955.12s, with 81032972 rules fired and 5438649 states in the queue.
	10400000 states explored in 959.90s, with 81397435 rules fired and 5517456 states in the queue.
	10500000 states explored in 964.88s, with 81777224 rules fired and 5594885 states in the queue.
	10600000 states explored in 970.54s, with 82165629 rules fired and 5670240 states in the queue.
	10700000 states explored in 976.47s, with 82555637 rules fired and 5746119 states in the queue.
	10800000 states explored in 981.95s, with 82954975 rules fired and 5821684 states in the queue.
	10900000 states explored in 987.27s, with 83359754 rules fired and 5897139 states in the queue.
	11000000 states explored in 993.38s, with 83754941 rules fired and 5973407 states in the queue.
	11100000 states explored in 999.61s, with 84173720 rules fired and 6047990 states in the queue.
	11200000 states explored in 1005.83s, with 84598270 rules fired and 6122854 states in the queue.
	11300000 states explored in 1012.00s, with 85031347 rules fired and 6197135 states in the queue.
	11400000 states explored in 1017.76s, with 85463806 rules fired and 6272214 states in the queue.
	11500000 states explored in 1024.13s, with 85896390 rules fired and 6346921 states in the queue.
	11600000 states explored in 1030.99s, with 86372818 rules fired and 6417623 states in the queue.
	11700000 states explored in 1038.40s, with 86839196 rules fired and 6490051 states in the queue.
	11800000 states explored in 1045.72s, with 87334529 rules fired and 6559913 states in the queue.
	11900000 states explored in 1052.88s, with 87824562 rules fired and 6630751 states in the queue.
	12000000 states explored in 1060.73s, with 88319526 rules fired and 6702103 states in the queue.
	12100000 states explored in 1068.86s, with 88844235 rules fired and 6771253 states in the queue.
	12200000 states explored in 1077.17s, with 89369517 rules fired and 6840620 states in the queue.
	12300000 states explored in 1085.37s, with 89934813 rules fired and 6908738 states in the queue.
	12400000 states explored in 1094.50s, with 90531445 rules fired and 6974526 states in the queue.
	12500000 states explored in 1103.59s, with 91129838 rules fired and 7040109 states in the queue.
	12600000 states explored in 1111.93s, with 91722158 rules fired and 7106950 states in the queue.
	12700000 states explored in 1121.82s, with 92349288 rules fired and 7170648 states in the queue.
	12800000 states explored in 1132.03s, with 92982719 rules fired and 7233958 states in the queue.
	12900000 states explored in 1144.10s, with 93681021 rules fired and 7291953 states in the queue.
	13000000 states explored in 1155.52s, with 94396939 rules fired and 7349497 states in the queue.
	13100000 states explored in 1168.82s, with 95249756 rules fired and 7399035 states in the queue.
	13200000 states explored in 1188.02s, with 96331313 rules fired and 7426607 states in the queue.
	13300000 states explored in 1212.46s, with 97766094 rules fired and 7419326 states in the queue.
	13400000 states explored in 1234.51s, with 99120418 rules fired and 7423820 states in the queue.
	13500000 states explored in 1255.88s, with 100427669 rules fired and 7428904 states in the queue.
	13600000 states explored in 1277.84s, with 101787226 rules fired and 7431101 states in the queue.
	13700000 states explored in 1303.71s, with 103245528 rules fired and 7418872 states in the queue.
	13800000 states explored in 1326.50s, with 104653596 rules fired and 7414709 states in the queue.
	13900000 states explored in 1350.38s, with 106172235 rules fired and 7400204 states in the queue.
	14000000 states explored in 1373.19s, with 107601902 rules fired and 7393774 states in the queue.
	14100000 states explored in 1396.24s, with 109039616 rules fired and 7386883 states in the queue.
	14200000 states explored in 1417.81s, with 110476765 rules fired and 7383520 states in the queue.
	14300000 states explored in 1440.41s, with 112007683 rules fired and 7372183 states in the queue.
	14400000 states explored in 1459.29s, with 113145395 rules fired and 7395845 states in the queue.
	14500000 states explored in 1477.62s, with 114312195 rules fired and 7412743 states in the queue.
	14600000 states explored in 1495.39s, with 115420031 rules fired and 7428694 states in the queue.
	14700000 states explored in 1510.50s, with 116384446 rules fired and 7463680 states in the queue.
	14800000 states explored in 1522.03s, with 117104282 rules fired and 7525205 states in the queue.
	14900000 states explored in 1532.13s, with 117827091 rules fired and 7586879 states in the queue.
	15000000 states explored in 1543.73s, with 118580274 rules fired and 7645005 states in the queue.
	15100000 states explored in 1556.93s, with 119407253 rules fired and 7697283 states in the queue.
	15200000 states explored in 1567.87s, with 120223748 rules fired and 7750163 states in the queue.
	15300000 states explored in 1584.09s, with 121232860 rules fired and 7790129 states in the queue.
	15400000 states explored in 1600.43s, with 122242056 rules fired and 7830988 states in the queue.
	15500000 states explored in 1616.45s, with 123308437 rules fired and 7869541 states in the queue.
	15600000 states explored in 1630.13s, with 124249784 rules fired and 7917682 states in the queue.
	15700000 states explored in 1642.95s, with 125146856 rules fired and 7968600 states in the queue.
	15800000 states explored in 1655.63s, with 126018883 rules fired and 8024288 states in the queue.
	15900000 states explored in 1670.93s, with 127065391 rules fired and 8069083 states in the queue.
	16000000 states explored in 1685.30s, with 128099388 rules fired and 8114842 states in the queue.
	16100000 states explored in 1703.60s, with 129233187 rules fired and 8152346 states in the queue.
	16200000 states explored in 1720.54s, with 130384073 rules fired and 8190742 states in the queue.
	16300000 states explored in 1741.00s, with 131730751 rules fired and 8214613 states in the queue.
	16400000 states explored in 1758.89s, with 133062992 rules fired and 8242645 states in the queue.
	16500000 states explored in 1779.62s, with 134459682 rules fired and 8265425 states in the queue.
	16600000 states explored in 1802.86s, with 135858916 rules fired and 8284908 states in the queue.
	16700000 states explored in 1827.02s, with 137436220 rules fired and 8296418 states in the queue.
	16800000 states explored in 1854.09s, with 139006790 rules fired and 8304382 states in the queue.
	16900000 states explored in 1877.47s, with 140450757 rules fired and 8316644 states in the queue.
	17000000 states explored in 1908.80s, with 142372342 rules fired and 8288910 states in the queue.
	17100000 states explored in 1929.44s, with 143682077 rules fired and 8301682 states in the queue.
	17200000 states explored in 1935.36s, with 144037028 rules fired and 8376078 states in the queue.
	17300000 states explored in 1940.86s, with 144389160 rules fired and 8451107 states in the queue.
	17400000 states explored in 1947.19s, with 144742095 rules fired and 8525810 states in the queue.
	17500000 states explored in 1953.13s, with 145090953 rules fired and 8601873 states in the queue.

Error:

	Internal Error: Too many active states.



