This program should be regarded as a DEBUGGING aid, not as a 
certifier of correctness.
Call with the -l flag or read the license file for terms
and conditions of use.
Run this program with "-h" for the list of options.

Bugs, questions, and comments should be directed to
"melatti@di.uniroma1.it".

CMurphi compiler last modified date: Jul 24 2024
Include files last modified date:    Jul 23 2021
==========================================================================

==========================================================================
Caching Murphi Release 5.5.0
Finite-state Concurrent System Verifier.

Caching Murphi Release 5.5.0 is based on various versions of Murphi.
Caching Murphi Release 5.5.0 :
Copyright (C) 2009-2012 by Sapienza University of Rome.
Murphi release 3.1 :
Copyright (C) 1992 - 1999 by the Board of Trustees of
Leland Stanford Junior University.

==========================================================================

Protocol: ./protocols/exec/German_node8/German_node8_inv239
===========================================
  You are using EDMC algorithm.  
===========================================

===== Startstates are generated! =====
Carelist Layer 0: Cache[1].State Cache[2].State Cache[3].State Cache[4].State Cache[5].State Cache[6].State Cache[7].State Cache[8].State 
Carelist Layer 1: Chan2[node].Cmd Chan3[node].Cmd Cache[node].State 
Attr: Chan3[node].Cmd Level: 1 Wi: 2
Attr: Chan2[node].Cmd Level: 1 Wi: 2
Attr: Cache[8].State Level: 0 Wi: 4
Attr: Cache[7].State Level: 0 Wi: 4
Attr: Cache[1].State Level: 0 Wi: 4
Attr: Cache[3].State Level: 0 Wi: 4
Attr: Cache[node].State Level: 1 Wi: 2
Attr: Cache[4].State Level: 0 Wi: 4
Attr: Cache[2].State Level: 0 Wi: 4
Attr: Cache[5].State Level: 0 Wi: 4
Attr: Cache[6].State Level: 0 Wi: 4

===== Init heuristics! =====

Progress Report:

	100000 states explored in 3.55s, with 180215 rules fired and 80239 states in the queue.
	200000 states explored in 4.72s, with 387392 rules fired and 157415 states in the queue.
	300000 states explored in 6.18s, with 637494 rules fired and 229912 states in the queue.
	400000 states explored in 7.46s, with 855711 rules fired and 303889 states in the queue.
	500000 states explored in 8.80s, with 1084206 rules fired and 378916 states in the queue.
	600000 states explored in 10.27s, with 1326678 rules fired and 451157 states in the queue.
	700000 states explored in 11.66s, with 1553221 rules fired and 520656 states in the queue.
	800000 states explored in 13.16s, with 1798183 rules fired and 592334 states in the queue.
	900000 states explored in 14.68s, with 2047060 rules fired and 666249 states in the queue.
	1000000 states explored in 16.32s, with 2318937 rules fired and 737817 states in the queue.
	1100000 states explored in 17.92s, with 2582575 rules fired and 806472 states in the queue.
	1200000 states explored in 19.46s, with 2842799 rules fired and 875218 states in the queue.
	1300000 states explored in 20.95s, with 3085813 rules fired and 948093 states in the queue.
	1400000 states explored in 22.65s, with 3357660 rules fired and 1017336 states in the queue.
	1500000 states explored in 24.56s, with 3669729 rules fired and 1083403 states in the queue.
	1600000 states explored in 26.33s, with 3948740 rules fired and 1152265 states in the queue.
	1700000 states explored in 28.21s, with 4244907 rules fired and 1220065 states in the queue.
	1800000 states explored in 30.29s, with 4575421 rules fired and 1285578 states in the queue.
	1900000 states explored in 32.47s, with 4922463 rules fired and 1349174 states in the queue.
	2000000 states explored in 34.02s, with 5164398 rules fired and 1421235 states in the queue.
	2100000 states explored in 35.80s, with 5447651 rules fired and 1490823 states in the queue.
	2200000 states explored in 37.55s, with 5716523 rules fired and 1559715 states in the queue.
	2300000 states explored in 39.39s, with 5994482 rules fired and 1628518 states in the queue.
	2400000 states explored in 41.22s, with 6277654 rules fired and 1696065 states in the queue.
	2500000 states explored in 42.92s, with 6548190 rules fired and 1766732 states in the queue.
	2600000 states explored in 44.89s, with 6883754 rules fired and 1826999 states in the queue.
	2700000 states explored in 46.98s, with 7233752 rules fired and 1890493 states in the queue.
	2800000 states explored in 48.64s, with 7508536 rules fired and 1958017 states in the queue.
	2900000 states explored in 50.74s, with 7857971 rules fired and 2020160 states in the queue.
	3000000 states explored in 52.70s, with 8186200 rules fired and 2082747 states in the queue.
	3100000 states explored in 54.77s, with 8517250 rules fired and 2149109 states in the queue.
	3200000 states explored in 57.29s, with 8894552 rules fired and 2210090 states in the queue.
	3300000 states explored in 59.70s, with 9251111 rules fired and 2271046 states in the queue.
	3400000 states explored in 62.50s, with 9673001 rules fired and 2327140 states in the queue.
	3500000 states explored in 65.05s, with 10048754 rules fired and 2387098 states in the queue.
	3600000 states explored in 67.07s, with 10354267 rules fired and 2452089 states in the queue.
	3700000 states explored in 69.00s, with 10660320 rules fired and 2516858 states in the queue.
	3800000 states explored in 70.90s, with 10953224 rules fired and 2583291 states in the queue.
	3900000 states explored in 73.02s, with 11286412 rules fired and 2644410 states in the queue.
	4000000 states explored in 75.12s, with 11610192 rules fired and 2707096 states in the queue.
	4100000 states explored in 77.02s, with 11899268 rules fired and 2772571 states in the queue.
	4200000 states explored in 78.94s, with 12177905 rules fired and 2839648 states in the queue.
	4300000 states explored in 81.15s, with 12506183 rules fired and 2900583 states in the queue.
	4400000 states explored in 83.13s, with 12812661 rules fired and 2965024 states in the queue.
	4500000 states explored in 85.40s, with 13153578 rules fired and 3028686 states in the queue.
	4600000 states explored in 87.81s, with 13496774 rules fired and 3093580 states in the queue.
	4700000 states explored in 89.91s, with 13807140 rules fired and 3161565 states in the queue.
	4800000 states explored in 92.33s, with 14180764 rules fired and 3225346 states in the queue.
	4900000 states explored in 94.42s, with 14484518 rules fired and 3293467 states in the queue.
	5000000 states explored in 96.76s, with 14807984 rules fired and 3361851 states in the queue.
	5100000 states explored in 99.41s, with 15190368 rules fired and 3424146 states in the queue.
	5200000 states explored in 102.02s, with 15552038 rules fired and 3487619 states in the queue.
	5300000 states explored in 104.55s, with 15886649 rules fired and 3555329 states in the queue.
	5400000 states explored in 107.35s, with 16294364 rules fired and 3615837 states in the queue.
	5500000 states explored in 109.89s, with 16644480 rules fired and 3678681 states in the queue.
	5600000 states explored in 112.00s, with 16930160 rules fired and 3745519 states in the queue.
	5700000 states explored in 114.14s, with 17235995 rules fired and 3809161 states in the queue.
	5800000 states explored in 115.95s, with 17498275 rules fired and 3873689 states in the queue.
	5900000 states explored in 117.94s, with 17777571 rules fired and 3941005 states in the queue.
	6000000 states explored in 120.36s, with 18101885 rules fired and 4004262 states in the queue.
	6100000 states explored in 123.35s, with 18470621 rules fired and 4064654 states in the queue.
	6200000 states explored in 125.34s, with 18726825 rules fired and 4136147 states in the queue.
	6300000 states explored in 127.57s, with 19019224 rules fired and 4205995 states in the queue.
	6400000 states explored in 130.09s, with 19364504 rules fired and 4268157 states in the queue.
	6500000 states explored in 131.57s, with 19570697 rules fired and 4345659 states in the queue.
	6600000 states explored in 134.00s, with 19909947 rules fired and 4407989 states in the queue.
	6700000 states explored in 136.76s, with 20304392 rules fired and 4464313 states in the queue.
	6800000 states explored in 139.30s, with 20656663 rules fired and 4524492 states in the queue.
	6900000 states explored in 141.25s, with 20924826 rules fired and 4595108 states in the queue.
	7000000 states explored in 143.76s, with 21270756 rules fired and 4657859 states in the queue.
	7100000 states explored in 146.44s, with 21622836 rules fired and 4721427 states in the queue.
	7200000 states explored in 149.07s, with 21986677 rules fired and 4786944 states in the queue.
	7300000 states explored in 152.20s, with 22366952 rules fired and 4852279 states in the queue.
	7400000 states explored in 154.68s, with 22681561 rules fired and 4919402 states in the queue.
	7500000 states explored in 157.27s, with 23034449 rules fired and 4983529 states in the queue.
	7600000 states explored in 159.91s, with 23353769 rules fired and 5051661 states in the queue.
	7700000 states explored in 162.72s, with 23693317 rules fired and 5119054 states in the queue.
	7800000 states explored in 165.51s, with 24060667 rules fired and 5183086 states in the queue.
	7900000 states explored in 168.53s, with 24443176 rules fired and 5248174 states in the queue.
	8000000 states explored in 171.89s, with 24832651 rules fired and 5312459 states in the queue.
	8100000 states explored in 174.99s, with 25239453 rules fired and 5373210 states in the queue.
	8200000 states explored in 178.34s, with 25665467 rules fired and 5435787 states in the queue.
	8300000 states explored in 180.70s, with 25983191 rules fired and 5504248 states in the queue.
	8400000 states explored in 183.18s, with 26288722 rules fired and 5569015 states in the queue.
	8500000 states explored in 186.10s, with 26661907 rules fired and 5635241 states in the queue.
	8600000 states explored in 189.52s, with 27069610 rules fired and 5697916 states in the queue.
	8700000 states explored in 191.96s, with 27381441 rules fired and 5765825 states in the queue.
	8800000 states explored in 194.52s, with 27708310 rules fired and 5832445 states in the queue.
	8900000 states explored in 196.63s, with 27972395 rules fired and 5891159 states in the queue.
	9000000 states explored in 199.32s, with 28291318 rules fired and 5947246 states in the queue.
	9100000 states explored in 202.08s, with 28611745 rules fired and 6005971 states in the queue.
	9200000 states explored in 204.84s, with 28934506 rules fired and 6064268 states in the queue.
	9300000 states explored in 207.96s, with 29315710 rules fired and 6122426 states in the queue.
	9400000 states explored in 210.41s, with 29655442 rules fired and 6187479 states in the queue.
	9500000 states explored in 212.09s, with 29912710 rules fired and 6257587 states in the queue.
	9600000 states explored in 214.11s, with 30216162 rules fired and 6315794 states in the queue.
	9700000 states explored in 216.42s, with 30530482 rules fired and 6375490 states in the queue.
	9800000 states explored in 218.67s, with 30810364 rules fired and 6437096 states in the queue.
	9900000 states explored in 221.13s, with 31130515 rules fired and 6495865 states in the queue.
	10000000 states explored in 224.14s, with 31495575 rules fired and 6555846 states in the queue.
	10100000 states explored in 226.89s, with 31789796 rules fired and 6619562 states in the queue.
	10200000 states explored in 229.90s, with 32118307 rules fired and 6680435 states in the queue.
	10300000 states explored in 233.06s, with 32435079 rules fired and 6743713 states in the queue.
	10400000 states explored in 236.15s, with 32787215 rules fired and 6802388 states in the queue.
	10500000 states explored in 238.67s, with 33126415 rules fired and 6860655 states in the queue.
	10600000 states explored in 241.59s, with 33499422 rules fired and 6917729 states in the queue.
	10700000 states explored in 244.32s, with 33874083 rules fired and 6975061 states in the queue.
	10800000 states explored in 247.51s, with 34255696 rules fired and 7035589 states in the queue.
	10900000 states explored in 250.54s, with 34668293 rules fired and 7093471 states in the queue.
	11000000 states explored in 253.34s, with 35028918 rules fired and 7153375 states in the queue.
	11100000 states explored in 256.06s, with 35376182 rules fired and 7214586 states in the queue.
	11200000 states explored in 258.70s, with 35721558 rules fired and 7275648 states in the queue.
	11300000 states explored in 261.40s, with 36071714 rules fired and 7333851 states in the queue.
	11400000 states explored in 264.25s, with 36430305 rules fired and 7393710 states in the queue.
	11500000 states explored in 266.76s, with 36735732 rules fired and 7456905 states in the queue.
	11600000 states explored in 270.25s, with 37095258 rules fired and 7519406 states in the queue.
	11700000 states explored in 273.45s, with 37432590 rules fired and 7583448 states in the queue.
	11800000 states explored in 277.56s, with 37822039 rules fired and 7646461 states in the queue.
	11900000 states explored in 280.81s, with 38165255 rules fired and 7710517 states in the queue.
	12000000 states explored in 283.53s, with 38490579 rules fired and 7774237 states in the queue.
	12100000 states explored in 285.80s, with 38778450 rules fired and 7840865 states in the queue.
	12200000 states explored in 288.70s, with 39168224 rules fired and 7898592 states in the queue.
	12300000 states explored in 292.12s, with 39525900 rules fired and 7959421 states in the queue.
	12400000 states explored in 295.88s, with 39896020 rules fired and 8020985 states in the queue.
	12500000 states explored in 299.76s, with 40299186 rules fired and 8081025 states in the queue.
	12600000 states explored in 302.23s, with 40593003 rules fired and 8149314 states in the queue.
	12700000 states explored in 304.56s, with 40896996 rules fired and 8215355 states in the queue.
	12800000 states explored in 307.02s, with 41161823 rules fired and 8285829 states in the queue.
	12900000 states explored in 310.43s, with 41545909 rules fired and 8348586 states in the queue.
	13000000 states explored in 313.27s, with 41941448 rules fired and 8408173 states in the queue.
	13100000 states explored in 316.49s, with 42384743 rules fired and 8457805 states in the queue.
	13200000 states explored in 319.01s, with 42695196 rules fired and 8525785 states in the queue.
	13300000 states explored in 321.66s, with 43030024 rules fired and 8590447 states in the queue.
	13400000 states explored in 324.11s, with 43366842 rules fired and 8653433 states in the queue.

Error:

	Internal Error: Too many active states.



