This program should be regarded as a DEBUGGING aid, not as a 
certifier of correctness.
Call with the -l flag or read the license file for terms
and conditions of use.
Run this program with "-h" for the list of options.

Bugs, questions, and comments should be directed to
"melatti@di.uniroma1.it".

CMurphi compiler last modified date: Apr 18 2024
Include files last modified date:    Jul 23 2021
==========================================================================

==========================================================================
Caching Murphi Release 5.5.0
Finite-state Concurrent System Verifier.

Caching Murphi Release 5.5.0 is based on various versions of Murphi.
Caching Murphi Release 5.5.0 :
Copyright (C) 2009-2012 by Sapienza University of Rome.
Murphi release 3.1 :
Copyright (C) 1992 - 1999 by the Board of Trustees of
Leland Stanford Junior University.

==========================================================================

Protocol: ./protocols/exec/German_node8/German_node8_inv109
===========================================
  You are using LS algorithm.  
===========================================

===== Startstates are generated! =====
Carelist Layer 0: Cache[1].State Cache[2].State Cache[3].State Cache[4].State Cache[5].State Cache[6].State Cache[7].State Cache[8].State 
Carelist Layer 1: Chan2[node].Cmd Chan3[node].Cmd Cache[node].State 
Attr: Chan3[node].Cmd Level: 1 Wi: 2
Attr: Chan2[node].Cmd Level: 1 Wi: 2
Attr: Cache[8].State Level: 0 Wi: 4
Attr: Cache[7].State Level: 0 Wi: 4
Attr: Cache[1].State Level: 0 Wi: 4
Attr: Cache[3].State Level: 0 Wi: 4
Attr: Cache[node].State Level: 1 Wi: 2
Attr: Cache[4].State Level: 0 Wi: 4
Attr: Cache[2].State Level: 0 Wi: 4
Attr: Cache[5].State Level: 0 Wi: 4
Attr: Cache[6].State Level: 0 Wi: 4

===== Init heuristics! =====

Progress Report:

	100000 states explored in 6.45s, with 539687 rules fired and 75175 states in the queue.
	200000 states explored in 11.28s, with 1201435 rules fired and 141163 states in the queue.
	300000 states explored in 15.21s, with 1719739 rules fired and 214968 states in the queue.
	400000 states explored in 21.41s, with 2553177 rules fired and 273608 states in the queue.
	500000 states explored in 26.17s, with 3180344 rules fired and 341629 states in the queue.
	600000 states explored in 29.57s, with 3611650 rules fired and 420977 states in the queue.
	700000 states explored in 33.49s, with 4108970 rules fired and 496553 states in the queue.
	800000 states explored in 38.12s, with 4685460 rules fired and 567752 states in the queue.
	900000 states explored in 44.11s, with 5415281 rules fired and 630641 states in the queue.
	1000000 states explored in 54.33s, with 6663033 rules fired and 665641 states in the queue.
	1100000 states explored in 64.30s, with 7865072 rules fired and 700198 states in the queue.
	1200000 states explored in 67.44s, with 8236616 rules fired and 780405 states in the queue.
	1300000 states explored in 71.00s, with 8640133 rules fired and 859111 states in the queue.
	1400000 states explored in 74.69s, with 9061417 rules fired and 937718 states in the queue.
	1500000 states explored in 78.80s, with 9511975 rules fired and 1013811 states in the queue.
	1600000 states explored in 85.74s, with 10275006 rules fired and 1070156 states in the queue.
	1700000 states explored in 91.05s, with 10863944 rules fired and 1140109 states in the queue.
	1800000 states explored in 97.51s, with 11546037 rules fired and 1202515 states in the queue.
	1900000 states explored in 104.01s, with 12222598 rules fired and 1265493 states in the queue.
	2000000 states explored in 111.55s, with 13036080 rules fired and 1322003 states in the queue.
	2100000 states explored in 120.82s, with 14010339 rules fired and 1366956 states in the queue.
	2200000 states explored in 130.35s, with 15003058 rules fired and 1412182 states in the queue.
	2300000 states explored in 144.62s, with 16499677 rules fired and 1425753 states in the queue.
	2400000 states explored in 161.97s, with 18276026 rules fired and 1416734 states in the queue.
	2500000 states explored in 164.99s, with 18588261 rules fired and 1498423 states in the queue.
	2600000 states explored in 168.95s, with 18975205 rules fired and 1574851 states in the queue.
	2700000 states explored in 173.27s, with 19384101 rules fired and 1650640 states in the queue.
	2800000 states explored in 177.65s, with 19801319 rules fired and 1726427 states in the queue.
	2900000 states explored in 182.29s, with 20234602 rules fired and 1801766 states in the queue.
	3000000 states explored in 187.27s, with 20688807 rules fired and 1875848 states in the queue.
	3100000 states explored in 196.41s, with 21486911 rules fired and 1922232 states in the queue.
	3200000 states explored in 204.49s, with 22258868 rules fired and 1974741 states in the queue.
	3300000 states explored in 211.42s, with 22909828 rules fired and 2036231 states in the queue.
	3400000 states explored in 218.25s, with 23534625 rules fired and 2099733 states in the queue.
	3500000 states explored in 226.49s, with 24255431 rules fired and 2155057 states in the queue.
	3600000 states explored in 234.74s, with 24990135 rules fired and 2208720 states in the queue.
	3700000 states explored in 243.51s, with 25732695 rules fired and 2260368 states in the queue.
	3800000 states explored in 253.19s, with 26546281 rules fired and 2306017 states in the queue.
	3900000 states explored in 264.29s, with 27543514 rules fired and 2340275 states in the queue.
	4000000 states explored in 272.96s, with 28329907 rules fired and 2391164 states in the queue.
	4100000 states explored in 279.76s, with 28980615 rules fired and 2457862 states in the queue.
	4200000 states explored in 288.07s, with 29705421 rules fired and 2518844 states in the queue.
	4300000 states explored in 301.33s, with 30859004 rules fired and 2550698 states in the queue.
	4400000 states explored in 316.01s, with 32216432 rules fired and 2572034 states in the queue.
	4500000 states explored in 332.89s, with 33635176 rules fired and 2585215 states in the queue.
	4600000 states explored in 348.56s, with 35055903 rules fired and 2597962 states in the queue.
	4700000 states explored in 364.07s, with 36478095 rules fired and 2616085 states in the queue.
	4800000 states explored in 381.76s, with 38012939 rules fired and 2623719 states in the queue.
	4900000 states explored in 385.24s, with 38332193 rules fired and 2705252 states in the queue.
	5000000 states explored in 389.04s, with 38673522 rules fired and 2785057 states in the queue.
	5100000 states explored in 393.41s, with 39043961 rules fired and 2862207 states in the queue.
	5200000 states explored in 397.88s, with 39422495 rules fired and 2939112 states in the queue.
	5300000 states explored in 402.43s, with 39808983 rules fired and 3017033 states in the queue.
	5400000 states explored in 407.35s, with 40206649 rules fired and 3092105 states in the queue.
	5500000 states explored in 412.07s, with 40606296 rules fired and 3167995 states in the queue.
	5600000 states explored in 416.99s, with 41017505 rules fired and 3243378 states in the queue.
	5700000 states explored in 422.32s, with 41466230 rules fired and 3316763 states in the queue.
	5800000 states explored in 428.24s, with 41941842 rules fired and 3387577 states in the queue.
	5900000 states explored in 433.90s, with 42404764 rules fired and 3460597 states in the queue.
	6000000 states explored in 440.05s, with 42879256 rules fired and 3531031 states in the queue.
	6100000 states explored in 446.03s, with 43388720 rules fired and 3601818 states in the queue.
	6200000 states explored in 454.95s, with 44143161 rules fired and 3655797 states in the queue.
	6300000 states explored in 469.22s, with 45225745 rules fired and 3680952 states in the queue.
	6400000 states explored in 484.19s, with 46394414 rules fired and 3699010 states in the queue.
	6500000 states explored in 499.33s, with 47556384 rules fired and 3715301 states in the queue.
	6600000 states explored in 510.03s, with 48345418 rules fired and 3763035 states in the queue.
	6700000 states explored in 521.00s, with 49179860 rules fired and 3805856 states in the queue.
	6800000 states explored in 531.56s, with 49992043 rules fired and 3848635 states in the queue.
	6900000 states explored in 543.56s, with 50874963 rules fired and 3881623 states in the queue.
	7000000 states explored in 556.95s, with 51777546 rules fired and 3913287 states in the queue.
	7100000 states explored in 569.07s, with 52662193 rules fired and 3948705 states in the queue.
	7200000 states explored in 582.48s, with 53704399 rules fired and 3971627 states in the queue.
	7300000 states explored in 595.16s, with 54713783 rules fired and 4002555 states in the queue.
	7400000 states explored in 606.28s, with 55619879 rules fired and 4042984 states in the queue.
	7500000 states explored in 614.55s, with 56307890 rules fired and 4106191 states in the queue.
	7600000 states explored in 624.22s, with 56971104 rules fired and 4168018 states in the queue.
	7700000 states explored in 634.73s, with 57776842 rules fired and 4223449 states in the queue.
	7800000 states explored in 645.02s, with 58601332 rules fired and 4278408 states in the queue.
	7900000 states explored in 652.32s, with 59184060 rules fired and 4351053 states in the queue.
	8000000 states explored in 659.52s, with 59779676 rules fired and 4422581 states in the queue.
	8100000 states explored in 666.45s, with 60369808 rules fired and 4494738 states in the queue.
	8200000 states explored in 678.71s, with 61334468 rules fired and 4546159 states in the queue.
	8300000 states explored in 695.31s, with 62454194 rules fired and 4584566 states in the queue.
	8400000 states explored in 713.18s, with 63789970 rules fired and 4609598 states in the queue.
	8500000 states explored in 731.44s, with 65274030 rules fired and 4625967 states in the queue.
	8600000 states explored in 749.64s, with 66809762 rules fired and 4640345 states in the queue.
	8700000 states explored in 775.61s, with 68779638 rules fired and 4619505 states in the queue.
	8800000 states explored in 804.78s, with 70897512 rules fired and 4586121 states in the queue.
	8900000 states explored in 828.55s, with 72624768 rules fired and 4576403 states in the queue.
	9000000 states explored in 833.48s, with 72990150 rules fired and 4654591 states in the queue.
	9100000 states explored in 838.17s, with 73320381 rules fired and 4735324 states in the queue.
	9200000 states explored in 843.70s, with 73681406 rules fired and 4813722 states in the queue.
	9300000 states explored in 849.25s, with 74052897 rules fired and 4891366 states in the queue.
	9400000 states explored in 855.23s, with 74449133 rules fired and 4965774 states in the queue.
	9500000 states explored in 861.01s, with 74847094 rules fired and 5041918 states in the queue.
	9600000 states explored in 866.52s, with 75230290 rules fired and 5118495 states in the queue.
	9700000 states explored in 871.70s, with 75595205 rules fired and 5196636 states in the queue.
	9800000 states explored in 876.75s, with 75972254 rules fired and 5274217 states in the queue.
	9900000 states explored in 881.98s, with 76374039 rules fired and 5350202 states in the queue.
	10000000 states explored in 887.83s, with 76783040 rules fired and 5425677 states in the queue.
	10100000 states explored in 892.98s, with 77185917 rules fired and 5501972 states in the queue.
	10200000 states explored in 897.72s, with 77575220 rules fired and 5579300 states in the queue.
	10300000 states explored in 902.81s, with 77959613 rules fired and 5657444 states in the queue.
	10400000 states explored in 908.24s, with 78361607 rules fired and 5733806 states in the queue.
	10500000 states explored in 913.52s, with 78765313 rules fired and 5810627 states in the queue.
	10600000 states explored in 918.86s, with 79170867 rules fired and 5887469 states in the queue.
	10700000 states explored in 924.34s, with 79602368 rules fired and 5962554 states in the queue.
	10800000 states explored in 930.27s, with 80038305 rules fired and 6037202 states in the queue.
	10900000 states explored in 936.23s, with 80496734 rules fired and 6109872 states in the queue.
	11000000 states explored in 942.75s, with 80963925 rules fired and 6181995 states in the queue.
	11100000 states explored in 949.25s, with 81402707 rules fired and 6256830 states in the queue.
	11200000 states explored in 957.27s, with 81857983 rules fired and 6329593 states in the queue.

==========================================================================

Result:

	Invariant "test_109" failed.

State Space Explored:

	11211610 states, 81912354 rules fired in 958.30s.

