This program should be regarded as a DEBUGGING aid, not as a 
certifier of correctness.
Call with the -l flag or read the license file for terms
and conditions of use.
Run this program with "-h" for the list of options.

Bugs, questions, and comments should be directed to
"melatti@di.uniroma1.it".

CMurphi compiler last modified date: Apr 18 2024
Include files last modified date:    Jul 23 2021
==========================================================================

==========================================================================
Caching Murphi Release 5.5.0
Finite-state Concurrent System Verifier.

Caching Murphi Release 5.5.0 is based on various versions of Murphi.
Caching Murphi Release 5.5.0 :
Copyright (C) 2009-2012 by Sapienza University of Rome.
Murphi release 3.1 :
Copyright (C) 1992 - 1999 by the Board of Trustees of
Leland Stanford Junior University.

==========================================================================

Protocol: ./protocols/exec/German_node8/German_node8_inv166
===========================================
  You are using LS algorithm.  
===========================================

===== Startstates are generated! =====
Carelist Layer 0: Cache[1].State Cache[2].State Cache[3].State Cache[4].State Cache[5].State Cache[6].State Cache[7].State Cache[8].State 
Carelist Layer 1: Chan2[node].Cmd Chan3[node].Cmd Cache[node].State 
Attr: Chan3[node].Cmd Level: 1 Wi: 2
Attr: Chan2[node].Cmd Level: 1 Wi: 2
Attr: Cache[8].State Level: 0 Wi: 4
Attr: Cache[7].State Level: 0 Wi: 4
Attr: Cache[1].State Level: 0 Wi: 4
Attr: Cache[3].State Level: 0 Wi: 4
Attr: Cache[node].State Level: 1 Wi: 2
Attr: Cache[4].State Level: 0 Wi: 4
Attr: Cache[2].State Level: 0 Wi: 4
Attr: Cache[5].State Level: 0 Wi: 4
Attr: Cache[6].State Level: 0 Wi: 4

===== Init heuristics! =====

Progress Report:

	100000 states explored in 6.63s, with 536233 rules fired and 75317 states in the queue.
	200000 states explored in 11.79s, with 1206343 rules fired and 140744 states in the queue.
	300000 states explored in 15.71s, with 1706175 rules fired and 215783 states in the queue.
	400000 states explored in 20.99s, with 2398898 rules fired and 283388 states in the queue.
	500000 states explored in 27.51s, with 3222369 rules fired and 339081 states in the queue.
	600000 states explored in 30.97s, with 3655435 rules fired and 418432 states in the queue.
	700000 states explored in 35.12s, with 4152184 rules fired and 494085 states in the queue.
	800000 states explored in 39.79s, with 4710029 rules fired and 566149 states in the queue.
	900000 states explored in 45.16s, with 5355496 rules fired and 634043 states in the queue.
	1000000 states explored in 54.00s, with 6415877 rules fired and 679095 states in the queue.
	1100000 states explored in 65.61s, with 7768976 rules fired and 704931 states in the queue.
	1200000 states explored in 70.89s, with 8381577 rules fired and 770066 states in the queue.
	1300000 states explored in 74.42s, with 8773892 rules fired and 849790 states in the queue.
	1400000 states explored in 78.25s, with 9203096 rules fired and 927501 states in the queue.
	1500000 states explored in 82.44s, with 9648928 rules fired and 1004293 states in the queue.
	1600000 states explored in 88.53s, with 10278092 rules fired and 1068801 states in the queue.
	1700000 states explored in 95.16s, with 10968926 rules fired and 1129781 states in the queue.
	1800000 states explored in 101.31s, with 11607635 rules fired and 1194993 states in the queue.
	1900000 states explored in 106.90s, with 12207372 rules fired and 1263463 states in the queue.
	2000000 states explored in 112.96s, with 12870915 rules fired and 1329196 states in the queue.
	2100000 states explored in 120.57s, with 13666069 rules fired and 1385654 states in the queue.
	2200000 states explored in 128.18s, with 14437128 rules fired and 1443448 states in the queue.
	2300000 states explored in 139.75s, with 15618318 rules fired and 1475435 states in the queue.
	2400000 states explored in 154.57s, with 17143639 rules fired and 1485726 states in the queue.
	2500000 states explored in 171.39s, with 18838370 rules fired and 1479191 states in the queue.
	2600000 states explored in 178.36s, with 19511132 rules fired and 1537189 states in the queue.
	2700000 states explored in 182.20s, with 19874823 rules fired and 1615421 states in the queue.
	2800000 states explored in 186.62s, with 20264207 rules fired and 1692119 states in the queue.
	2900000 states explored in 191.40s, with 20692297 rules fired and 1766213 states in the queue.
	3000000 states explored in 196.32s, with 21143160 rules fired and 1839897 states in the queue.
	3100000 states explored in 201.90s, with 21622527 rules fired and 1911397 states in the queue.
	3200000 states explored in 211.52s, with 22455875 rules fired and 1957358 states in the queue.
	3300000 states explored in 218.85s, with 23126626 rules fired and 2015989 states in the queue.
	3400000 states explored in 226.28s, with 23791787 rules fired and 2076660 states in the queue.
	3500000 states explored in 233.73s, with 24430503 rules fired and 2137444 states in the queue.
	3600000 states explored in 241.65s, with 25105277 rules fired and 2194338 states in the queue.
	3700000 states explored in 249.95s, with 25824322 rules fired and 2248300 states in the queue.
	3800000 states explored in 258.18s, with 26531596 rules fired and 2303181 states in the queue.
	3900000 states explored in 266.39s, with 27268613 rules fired and 2359596 states in the queue.
	4000000 states explored in 275.13s, with 28055706 rules fired and 2409532 states in the queue.
	4100000 states explored in 283.47s, with 28773161 rules fired and 2465125 states in the queue.
	4200000 states explored in 290.21s, with 29384018 rules fired and 2533081 states in the queue.
	4300000 states explored in 298.84s, with 30153275 rules fired and 2589652 states in the queue.
	4400000 states explored in 308.79s, with 31013555 rules fired and 2638337 states in the queue.
	4500000 states explored in 325.70s, with 32436393 rules fired and 2647207 states in the queue.
	4600000 states explored in 338.02s, with 33581084 rules fired and 2679643 states in the queue.
	4700000 states explored in 350.14s, with 34729863 rules fired and 2717968 states in the queue.
	4800000 states explored in 365.31s, with 36095747 rules fired and 2738778 states in the queue.
	4900000 states explored in 380.64s, with 37508183 rules fired and 2753770 states in the queue.
	5000000 states explored in 398.73s, with 38997303 rules fired and 2758254 states in the queue.
	5100000 states explored in 417.61s, with 40591660 rules fired and 2756042 states in the queue.
	5200000 states explored in 421.99s, with 40923818 rules fired and 2835597 states in the queue.
	5300000 states explored in 426.26s, with 41277095 rules fired and 2914135 states in the queue.
	5400000 states explored in 430.56s, with 41635479 rules fired and 2991939 states in the queue.
	5500000 states explored in 435.61s, with 42020694 rules fired and 3069066 states in the queue.
	5600000 states explored in 440.95s, with 42418574 rules fired and 3144583 states in the queue.
	5700000 states explored in 446.58s, with 42838109 rules fired and 3219126 states in the queue.
	5800000 states explored in 451.70s, with 43266042 rules fired and 3293108 states in the queue.
	5900000 states explored in 456.78s, with 43684414 rules fired and 3367525 states in the queue.
	6000000 states explored in 462.88s, with 44148101 rules fired and 3440186 states in the queue.
	6100000 states explored in 468.93s, with 44620392 rules fired and 3510306 states in the queue.
	6200000 states explored in 475.72s, with 45110865 rules fired and 3579293 states in the queue.
	6300000 states explored in 481.78s, with 45596982 rules fired and 3652387 states in the queue.
	6400000 states explored in 493.14s, with 46478146 rules fired and 3697894 states in the queue.
	6500000 states explored in 509.79s, with 47625027 rules fired and 3710038 states in the queue.
	6600000 states explored in 527.00s, with 48897867 rules fired and 3715016 states in the queue.
	6700000 states explored in 537.90s, with 49694908 rules fired and 3759621 states in the queue.
	6800000 states explored in 548.93s, with 50419527 rules fired and 3805681 states in the queue.
	6900000 states explored in 560.20s, with 51225577 rules fired and 3847520 states in the queue.
	7000000 states explored in 572.50s, with 52047646 rules fired and 3884725 states in the queue.
	7100000 states explored in 584.85s, with 52852059 rules fired and 3925166 states in the queue.
	7200000 states explored in 595.95s, with 53650110 rules fired and 3969032 states in the queue.
	7300000 states explored in 606.76s, with 54467759 rules fired and 4013121 states in the queue.
	7400000 states explored in 617.90s, with 55282359 rules fired and 4053466 states in the queue.
	7500000 states explored in 630.10s, with 56144502 rules fired and 4090789 states in the queue.
	7600000 states explored in 641.75s, with 56949276 rules fired and 4132818 states in the queue.
	7700000 states explored in 650.06s, with 57585386 rules fired and 4197190 states in the queue.
	7800000 states explored in 659.89s, with 58318775 rules fired and 4253712 states in the queue.
	7900000 states explored in 669.60s, with 59029544 rules fired and 4311080 states in the queue.
	8000000 states explored in 679.74s, with 59798685 rules fired and 4368693 states in the queue.
	8100000 states explored in 685.54s, with 60318363 rules fired and 4444274 states in the queue.
	8200000 states explored in 691.36s, with 60852242 rules fired and 4519824 states in the queue.
	8300000 states explored in 698.15s, with 61422972 rules fired and 4592981 states in the queue.
	8400000 states explored in 704.83s, with 61999009 rules fired and 4666209 states in the queue.
	8500000 states explored in 712.17s, with 62647002 rules fired and 4735567 states in the queue.
	8600000 states explored in 720.33s, with 63399526 rules fired and 4799258 states in the queue.
	8700000 states explored in 734.08s, with 64546809 rules fired and 4839166 states in the queue.
	8800000 states explored in 751.46s, with 65976919 rules fired and 4859744 states in the queue.
	8900000 states explored in 771.49s, with 67458888 rules fired and 4874247 states in the queue.
	9000000 states explored in 790.98s, with 69035040 rules fired and 4883510 states in the queue.
	9100000 states explored in 812.38s, with 70738407 rules fired and 4882845 states in the queue.
	9200000 states explored in 832.80s, with 72383574 rules fired and 4886234 states in the queue.
	9300000 states explored in 855.75s, with 74022207 rules fired and 4885748 states in the queue.
	9400000 states explored in 879.24s, with 75652105 rules fired and 4878914 states in the queue.
	9500000 states explored in 905.19s, with 77467332 rules fired and 4861141 states in the queue.
	9600000 states explored in 921.40s, with 78612223 rules fired and 4884298 states in the queue.
	9700000 states explored in 926.82s, with 78974910 rules fired and 4962542 states in the queue.
	9800000 states explored in 931.65s, with 79336199 rules fired and 5040635 states in the queue.
	9900000 states explored in 936.39s, with 79690853 rules fired and 5119413 states in the queue.
	10000000 states explored in 941.42s, with 80062674 rules fired and 5197359 states in the queue.
	10100000 states explored in 946.16s, with 80432268 rules fired and 5275271 states in the queue.
	10200000 states explored in 951.34s, with 80799415 rules fired and 5353668 states in the queue.
	10300000 states explored in 956.05s, with 81156204 rules fired and 5433453 states in the queue.
	10400000 states explored in 961.22s, with 81508478 rules fired and 5513246 states in the queue.
	10500000 states explored in 966.15s, with 81867241 rules fired and 5592198 states in the queue.
	10600000 states explored in 971.75s, with 82233153 rules fired and 5669408 states in the queue.
	10700000 states explored in 977.85s, with 82610430 rules fired and 5747079 states in the queue.
	10800000 states explored in 982.96s, with 82994150 rules fired and 5824650 states in the queue.
	10900000 states explored in 988.13s, with 83398203 rules fired and 5900652 states in the queue.
	11000000 states explored in 994.07s, with 83796622 rules fired and 5976255 states in the queue.
	11100000 states explored in 999.27s, with 84202757 rules fired and 6051886 states in the queue.
	11200000 states explored in 1004.48s, with 84593733 rules fired and 6128818 states in the queue.
	11300000 states explored in 1010.43s, with 85027341 rules fired and 6203985 states in the queue.
	11400000 states explored in 1016.72s, with 85482246 rules fired and 6277216 states in the queue.
	11500000 states explored in 1024.21s, with 85948799 rules fired and 6349691 states in the queue.
	11600000 states explored in 1030.21s, with 86409091 rules fired and 6422424 states in the queue.
	11700000 states explored in 1036.91s, with 86877583 rules fired and 6493310 states in the queue.
	11800000 states explored in 1045.04s, with 87380483 rules fired and 6561751 states in the queue.
	11900000 states explored in 1052.62s, with 87867400 rules fired and 6632489 states in the queue.
	12000000 states explored in 1059.93s, with 88359577 rules fired and 6703038 states in the queue.
	12100000 states explored in 1067.13s, with 88831138 rules fired and 6776132 states in the queue.
	12200000 states explored in 1075.16s, with 89362315 rules fired and 6846299 states in the queue.
	12300000 states explored in 1083.51s, with 89908435 rules fired and 6914509 states in the queue.
	12400000 states explored in 1092.23s, with 90501796 rules fired and 6978898 states in the queue.
	12500000 states explored in 1102.27s, with 91095266 rules fired and 7043322 states in the queue.
	12600000 states explored in 1112.03s, with 91709075 rules fired and 7106449 states in the queue.
	12700000 states explored in 1121.74s, with 92356700 rules fired and 7166410 states in the queue.
	12800000 states explored in 1131.05s, with 92991909 rules fired and 7228155 states in the queue.
	12900000 states explored in 1142.15s, with 93704785 rules fired and 7286727 states in the queue.
	13000000 states explored in 1153.09s, with 94500609 rules fired and 7340288 states in the queue.
	13100000 states explored in 1168.09s, with 95473082 rules fired and 7381464 states in the queue.
	13200000 states explored in 1184.31s, with 96570189 rules fired and 7412213 states in the queue.
	13300000 states explored in 1208.23s, with 97980115 rules fired and 7404890 states in the queue.
	13400000 states explored in 1231.23s, with 99355552 rules fired and 7401360 states in the queue.
	13500000 states explored in 1252.86s, with 100637486 rules fired and 7410329 states in the queue.
	13600000 states explored in 1273.55s, with 101934586 rules fired and 7417603 states in the queue.
	13700000 states explored in 1294.98s, with 103314656 rules fired and 7413586 states in the queue.
	13800000 states explored in 1318.19s, with 104762311 rules fired and 7404908 states in the queue.
	13900000 states explored in 1343.39s, with 106292459 rules fired and 7392025 states in the queue.
	14000000 states explored in 1366.83s, with 107748389 rules fired and 7384039 states in the queue.
	14100000 states explored in 1392.54s, with 109314793 rules fired and 7366026 states in the queue.
	14200000 states explored in 1416.37s, with 110698028 rules fired and 7361913 states in the queue.
	14300000 states explored in 1439.75s, with 112216627 rules fired and 7345054 states in the queue.
	14400000 states explored in 1457.85s, with 113333986 rules fired and 7364034 states in the queue.
	14500000 states explored in 1475.45s, with 114415829 rules fired and 7385802 states in the queue.
	14600000 states explored in 1493.89s, with 115522115 rules fired and 7405815 states in the queue.
	14700000 states explored in 1508.11s, with 116401450 rules fired and 7449843 states in the queue.
	14800000 states explored in 1517.60s, with 117128561 rules fired and 7511756 states in the queue.
	14900000 states explored in 1528.52s, with 117897958 rules fired and 7569836 states in the queue.
	15000000 states explored in 1541.13s, with 118748024 rules fired and 7624374 states in the queue.
	15100000 states explored in 1552.04s, with 119598358 rules fired and 7677715 states in the queue.
	15200000 states explored in 1564.94s, with 120487247 rules fired and 7726473 states in the queue.
	15300000 states explored in 1580.60s, with 121563268 rules fired and 7763519 states in the queue.
	15400000 states explored in 1594.71s, with 122480667 rules fired and 7811532 states in the queue.
	15500000 states explored in 1613.70s, with 123624215 rules fired and 7844795 states in the queue.
	15600000 states explored in 1627.55s, with 124617853 rules fired and 7890267 states in the queue.
	15700000 states explored in 1638.89s, with 125508752 rules fired and 7944677 states in the queue.
	15800000 states explored in 1650.13s, with 126331727 rules fired and 8004218 states in the queue.
	15900000 states explored in 1662.35s, with 127253103 rules fired and 8056900 states in the queue.
	16000000 states explored in 1675.90s, with 128354413 rules fired and 8098685 states in the queue.
	16100000 states explored in 1691.31s, with 129498142 rules fired and 8135226 states in the queue.
	16200000 states explored in 1705.74s, with 130607841 rules fired and 8178413 states in the queue.
	16300000 states explored in 1726.49s, with 132013790 rules fired and 8201800 states in the queue.
	16400000 states explored in 1745.70s, with 133285705 rules fired and 8229725 states in the queue.
	16500000 states explored in 1766.61s, with 134700227 rules fired and 8249570 states in the queue.
	16600000 states explored in 1784.44s, with 135990188 rules fired and 8278023 states in the queue.
	16700000 states explored in 1805.30s, with 137423779 rules fired and 8299810 states in the queue.
	16800000 states explored in 1827.85s, with 138994827 rules fired and 8308403 states in the queue.
	16900000 states explored in 1854.59s, with 140695243 rules fired and 8309110 states in the queue.
	17000000 states explored in 1882.79s, with 142557992 rules fired and 8289724 states in the queue.
	17100000 states explored in 1904.51s, with 143844893 rules fired and 8301456 states in the queue.
	17200000 states explored in 1911.12s, with 144194765 rules fired and 8376268 states in the queue.
	17300000 states explored in 1916.94s, with 144556624 rules fired and 8450216 states in the queue.
	17400000 states explored in 1923.18s, with 144921164 rules fired and 8525200 states in the queue.
	17500000 states explored in 1929.22s, with 145272714 rules fired and 8600240 states in the queue.

Error:

	Internal Error: Too many active states.



