This program should be regarded as a DEBUGGING aid, not as a 
certifier of correctness.
Call with the -l flag or read the license file for terms
and conditions of use.
Run this program with "-h" for the list of options.

Bugs, questions, and comments should be directed to
"melatti@di.uniroma1.it".

CMurphi compiler last modified date: Apr 10 2024
Include files last modified date:    Jul 23 2021
==========================================================================

==========================================================================
Caching Murphi Release 5.5.0
Finite-state Concurrent System Verifier.

Caching Murphi Release 5.5.0 is based on various versions of Murphi.
Caching Murphi Release 5.5.0 :
Copyright (C) 2009-2012 by Sapienza University of Rome.
Murphi release 3.1 :
Copyright (C) 1992 - 1999 by the Board of Trustees of
Leland Stanford Junior University.

==========================================================================

Protocol: ./protocols/exec/TL-C_NonIn_M_data/TL-C_NonIn_M_data_inv110
===========================================
  You are using EDMC algorithm.  
===========================================

===== Startstates are generated! =====
Carelist Layer 0: Tree[1].cache[1].state Tree[2].cache[1].state Tree[3].cache[1].state Tree[4].cache[1].state Tree[5].cache[1].state Tree[6].cache[1].state Tree[7].cache[1].state 
Attr: Tree[7].cache[1].state Level: 2 Wi: 2
Attr: Tree[1].cache[1].state Level: 0 Wi: 8
Attr: Tree[3].cache[1].state Level: 1 Wi: 4
Attr: Tree[4].cache[1].state Level: 2 Wi: 2
Attr: Tree[5].cache[1].state Level: 2 Wi: 2
Attr: Tree[2].cache[1].state Level: 1 Wi: 4
Attr: Tree[6].cache[1].state Level: 2 Wi: 2

===== Init heuristics! =====

Progress Report:

	100000 states explored in 4.52s, with 285173 rules fired and 82023 states in the queue.
	200000 states explored in 7.46s, with 698967 rules fired and 154948 states in the queue.
	300000 states explored in 9.19s, with 941103 rules fired and 238571 states in the queue.
	400000 states explored in 11.40s, with 1245653 rules fired and 317921 states in the queue.
	500000 states explored in 16.60s, with 1954867 rules fired and 368565 states in the queue.
	600000 states explored in 19.19s, with 2309547 rules fired and 443915 states in the queue.
	700000 states explored in 20.91s, with 2540942 rules fired and 526804 states in the queue.
	800000 states explored in 22.78s, with 2805598 rules fired and 609177 states in the queue.
	900000 states explored in 25.25s, with 3139904 rules fired and 683893 states in the queue.
	1000000 states explored in 27.37s, with 3441887 rules fired and 763421 states in the queue.
	1100000 states explored in 29.50s, with 3732910 rules fired and 842648 states in the queue.
	1200000 states explored in 32.19s, with 4089168 rules fired and 915870 states in the queue.
	1300000 states explored in 34.11s, with 4370947 rules fired and 998491 states in the queue.
	1400000 states explored in 36.77s, with 4727966 rules fired and 1072096 states in the queue.
	1500000 states explored in 38.54s, with 4991467 rules fired and 1156099 states in the queue.
	1600000 states explored in 40.67s, with 5281662 rules fired and 1234678 states in the queue.
	1700000 states explored in 42.95s, with 5585129 rules fired and 1311115 states in the queue.
	1800000 states explored in 44.52s, with 5801834 rules fired and 1396295 states in the queue.
	1900000 states explored in 47.02s, with 6132401 rules fired and 1471942 states in the queue.
	2000000 states explored in 48.75s, with 6374210 rules fired and 1555420 states in the queue.
	2100000 states explored in 50.37s, with 6600949 rules fired and 1638816 states in the queue.
	2200000 states explored in 52.05s, with 6844663 rules fired and 1722646 states in the queue.
	2300000 states explored in 53.65s, with 7066229 rules fired and 1806112 states in the queue.
	2400000 states explored in 55.38s, with 7301535 rules fired and 1887786 states in the queue.
	2500000 states explored in 57.44s, with 7588021 rules fired and 1968505 states in the queue.
	2600000 states explored in 59.78s, with 7909261 rules fired and 2046303 states in the queue.
	2700000 states explored in 62.19s, with 8236629 rules fired and 2123223 states in the queue.
	2800000 states explored in 64.77s, with 8589108 rules fired and 2198815 states in the queue.
	2900000 states explored in 66.47s, with 8825346 rules fired and 2281642 states in the queue.
	3000000 states explored in 69.23s, with 9190671 rules fired and 2354498 states in the queue.
	3100000 states explored in 72.05s, with 9566755 rules fired and 2426715 states in the queue.
	3200000 states explored in 73.79s, with 9818371 rules fired and 2509659 states in the queue.
	3300000 states explored in 77.26s, with 10282559 rules fired and 2575447 states in the queue.

Error:

	Internal Error: Too many active states.



