This program should be regarded as a DEBUGGING aid, not as a 
certifier of correctness.
Call with the -l flag or read the license file for terms
and conditions of use.
Run this program with "-h" for the list of options.

Bugs, questions, and comments should be directed to
"melatti@di.uniroma1.it".

CMurphi compiler last modified date: Apr 10 2024
Include files last modified date:    Jul 23 2021
==========================================================================

==========================================================================
Caching Murphi Release 5.5.0
Finite-state Concurrent System Verifier.

Caching Murphi Release 5.5.0 is based on various versions of Murphi.
Caching Murphi Release 5.5.0 :
Copyright (C) 2009-2012 by Sapienza University of Rome.
Murphi release 3.1 :
Copyright (C) 1992 - 1999 by the Board of Trustees of
Leland Stanford Junior University.

==========================================================================

Protocol: ./protocols/exec/TL-C_NonIn_M_data/TL-C_NonIn_M_data_inv191
===========================================
  You are using EDMC algorithm.  
===========================================

===== Startstates are generated! =====
Carelist Layer 0: Tree[1].cache[1].state Tree[2].cache[1].state Tree[3].cache[1].state Tree[4].cache[1].state Tree[5].cache[1].state Tree[6].cache[1].state Tree[7].cache[1].state 
Attr: Tree[7].cache[1].state Level: 2 Wi: 2
Attr: Tree[1].cache[1].state Level: 0 Wi: 8
Attr: Tree[3].cache[1].state Level: 1 Wi: 4
Attr: Tree[4].cache[1].state Level: 2 Wi: 2
Attr: Tree[5].cache[1].state Level: 2 Wi: 2
Attr: Tree[2].cache[1].state Level: 1 Wi: 4
Attr: Tree[6].cache[1].state Level: 2 Wi: 2

===== Init heuristics! =====

Progress Report:

	100000 states explored in 4.27s, with 267735 rules fired and 83522 states in the queue.
	200000 states explored in 5.95s, with 510870 rules fired and 167309 states in the queue.
	300000 states explored in 8.14s, with 826690 rules fired and 246470 states in the queue.
	400000 states explored in 10.78s, with 1204277 rules fired and 320972 states in the queue.
	500000 states explored in 12.17s, with 1395915 rules fired and 406813 states in the queue.
	600000 states explored in 13.86s, with 1634026 rules fired and 489963 states in the queue.
	700000 states explored in 15.66s, with 1884014 rules fired and 572207 states in the queue.
	800000 states explored in 17.62s, with 2157670 rules fired and 652904 states in the queue.
	900000 states explored in 20.23s, with 2525657 rules fired and 727199 states in the queue.
	1000000 states explored in 23.13s, with 2932342 rules fired and 798561 states in the queue.
	1100000 states explored in 26.38s, with 3380745 rules fired and 866092 states in the queue.
	1200000 states explored in 28.29s, with 3644701 rules fired and 946819 states in the queue.
	1300000 states explored in 29.63s, with 3825004 rules fired and 1032817 states in the queue.
	1400000 states explored in 31.13s, with 4024276 rules fired and 1117292 states in the queue.
	1500000 states explored in 32.92s, with 4265496 rules fired and 1198619 states in the queue.
	1600000 states explored in 34.81s, with 4523960 rules fired and 1279291 states in the queue.
	1700000 states explored in 36.42s, with 4747568 rules fired and 1363026 states in the queue.
	1800000 states explored in 38.15s, with 4982781 rules fired and 1445597 states in the queue.
	1900000 states explored in 40.06s, with 5240775 rules fired and 1526178 states in the queue.
	2000000 states explored in 42.25s, with 5540683 rules fired and 1603723 states in the queue.
	2100000 states explored in 44.47s, with 5841022 rules fired and 1681180 states in the queue.
	2200000 states explored in 46.97s, with 6177807 rules fired and 1755745 states in the queue.
	2300000 states explored in 49.35s, with 6502509 rules fired and 1831684 states in the queue.
	2400000 states explored in 52.07s, with 6868026 rules fired and 1904013 states in the queue.
	2500000 states explored in 54.93s, with 7257349 rules fired and 1975288 states in the queue.
	2600000 states explored in 58.34s, with 7720969 rules fired and 2040506 states in the queue.
	2700000 states explored in 61.73s, with 8185403 rules fired and 2106685 states in the queue.
	2800000 states explored in 65.46s, with 8692577 rules fired and 2168989 states in the queue.
	2900000 states explored in 68.38s, with 9095678 rules fired and 2239565 states in the queue.
	3000000 states explored in 69.76s, with 9287647 rules fired and 2325517 states in the queue.
	3100000 states explored in 71.05s, with 9459430 rules fired and 2411961 states in the queue.
	3200000 states explored in 72.47s, with 9647145 rules fired and 2497022 states in the queue.
	3300000 states explored in 73.99s, with 9848734 rules fired and 2580867 states in the queue.

Error:

	Internal Error: Too many active states.



