This program should be regarded as a DEBUGGING aid, not as a 
certifier of correctness.
Call with the -l flag or read the license file for terms
and conditions of use.
Run this program with "-h" for the list of options.

Bugs, questions, and comments should be directed to
"melatti@di.uniroma1.it".

CMurphi compiler last modified date: Apr 10 2024
Include files last modified date:    Jul 23 2021
==========================================================================

==========================================================================
Caching Murphi Release 5.5.0
Finite-state Concurrent System Verifier.

Caching Murphi Release 5.5.0 is based on various versions of Murphi.
Caching Murphi Release 5.5.0 :
Copyright (C) 2009-2012 by Sapienza University of Rome.
Murphi release 3.1 :
Copyright (C) 1992 - 1999 by the Board of Trustees of
Leland Stanford Junior University.

==========================================================================

Protocol: ./protocols/exec/TL-C_NonIn_M_data/TL-C_NonIn_M_data_inv174
===========================================
  You are using EDMC algorithm.  
===========================================

===== Startstates are generated! =====
Carelist Layer 0: Tree[1].cache[1].state Tree[2].cache[1].state Tree[3].cache[1].state Tree[4].cache[1].state Tree[5].cache[1].state Tree[6].cache[1].state Tree[7].cache[1].state 
Attr: Tree[7].cache[1].state Level: 2 Wi: 2
Attr: Tree[1].cache[1].state Level: 0 Wi: 8
Attr: Tree[3].cache[1].state Level: 1 Wi: 4
Attr: Tree[4].cache[1].state Level: 2 Wi: 2
Attr: Tree[5].cache[1].state Level: 2 Wi: 2
Attr: Tree[2].cache[1].state Level: 1 Wi: 4
Attr: Tree[6].cache[1].state Level: 2 Wi: 2

===== Init heuristics! =====

Progress Report:

	100000 states explored in 4.56s, with 292556 rules fired and 79008 states in the queue.
	200000 states explored in 7.42s, with 677664 rules fired and 149260 states in the queue.
	300000 states explored in 9.01s, with 884101 rules fired and 232118 states in the queue.
	400000 states explored in 11.89s, with 1261013 rules fired and 301598 states in the queue.
	500000 states explored in 15.08s, with 1670809 rules fired and 367179 states in the queue.
	600000 states explored in 16.62s, with 1864424 rules fired and 450068 states in the queue.
	700000 states explored in 18.98s, with 2161252 rules fired and 523986 states in the queue.
	800000 states explored in 21.92s, with 2529171 rules fired and 591629 states in the queue.
	900000 states explored in 25.52s, with 2984254 rules fired and 652204 states in the queue.
	1000000 states explored in 29.31s, with 3477777 rules fired and 711677 states in the queue.
	1100000 states explored in 30.71s, with 3656992 rules fired and 796151 states in the queue.
	1200000 states explored in 32.24s, with 3841986 rules fired and 878373 states in the queue.
	1300000 states explored in 34.45s, with 4108118 rules fired and 953128 states in the queue.
	1400000 states explored in 37.11s, with 4438983 rules fired and 1022997 states in the queue.
	1500000 states explored in 39.93s, with 4789559 rules fired and 1091257 states in the queue.
	1600000 states explored in 42.89s, with 5157559 rules fired and 1157843 states in the queue.
	1700000 states explored in 45.71s, with 5518795 rules fired and 1226952 states in the queue.
	1800000 states explored in 48.29s, with 5857179 rules fired and 1299580 states in the queue.
	1900000 states explored in 51.14s, with 6225129 rules fired and 1369422 states in the queue.
	2000000 states explored in 54.42s, with 6660192 rules fired and 1435387 states in the queue.
	2100000 states explored in 58.60s, with 7204236 rules fired and 1490943 states in the queue.
	2200000 states explored in 60.10s, with 7398125 rules fired and 1574376 states in the queue.
	2300000 states explored in 62.03s, with 7675942 rules fired and 1654545 states in the queue.
	2400000 states explored in 63.56s, with 7857393 rules fired and 1736434 states in the queue.
	2500000 states explored in 65.29s, with 8060815 rules fired and 1815932 states in the queue.
	2600000 states explored in 67.21s, with 8296772 rules fired and 1893856 states in the queue.
	2700000 states explored in 69.72s, with 8601967 rules fired and 1964902 states in the queue.
	2800000 states explored in 72.74s, with 8958292 rules fired and 2029312 states in the queue.
	2900000 states explored in 75.70s, with 9303204 rules fired and 2093975 states in the queue.
	3000000 states explored in 78.36s, with 9641677 rules fired and 2163928 states in the queue.
	3100000 states explored in 81.51s, with 10012660 rules fired and 2226536 states in the queue.
	3200000 states explored in 84.05s, with 10332075 rules fired and 2298362 states in the queue.
	3300000 states explored in 86.50s, with 10670735 rules fired and 2373298 states in the queue.
	3400000 states explored in 88.61s, with 10957764 rules fired and 2451286 states in the queue.
	3500000 states explored in 91.12s, with 11307106 rules fired and 2525440 states in the queue.
	3600000 states explored in 93.21s, with 11586312 rules fired and 2604051 states in the queue.

Error:

	Internal Error: Too many active states.



