This program should be regarded as a DEBUGGING aid, not as a 
certifier of correctness.
Call with the -l flag or read the license file for terms
and conditions of use.
Run this program with "-h" for the list of options.

Bugs, questions, and comments should be directed to
"melatti@di.uniroma1.it".

CMurphi compiler last modified date: Apr 10 2024
Include files last modified date:    Jul 23 2021
==========================================================================

==========================================================================
Caching Murphi Release 5.5.0
Finite-state Concurrent System Verifier.

Caching Murphi Release 5.5.0 is based on various versions of Murphi.
Caching Murphi Release 5.5.0 :
Copyright (C) 2009-2012 by Sapienza University of Rome.
Murphi release 3.1 :
Copyright (C) 1992 - 1999 by the Board of Trustees of
Leland Stanford Junior University.

==========================================================================

Protocol: ./protocols/exec/German_node8/German_node8_inv192
===========================================
  You are using LS algorithm.  
===========================================

===== Startstates are generated! =====
Carelist Layer 0: Cache[1].State Cache[2].State Cache[3].State Cache[4].State Cache[5].State Cache[6].State Cache[7].State Cache[8].State 
Attr: Cache[8].State Level: 0 Wi: 8
Attr: Cache[7].State Level: 0 Wi: 8
Attr: Cache[1].State Level: 0 Wi: 8
Attr: Cache[3].State Level: 0 Wi: 8
Attr: Cache[4].State Level: 0 Wi: 8
Attr: Cache[2].State Level: 0 Wi: 8
Attr: Cache[5].State Level: 0 Wi: 8
Attr: Cache[6].State Level: 0 Wi: 8

===== Init heuristics! =====

Progress Report:

	100000 states explored in 3.33s, with 225995 rules fired and 89804 states in the queue.
	200000 states explored in 3.60s, with 454192 rules fired and 178929 states in the queue.
	300000 states explored in 3.88s, with 679865 rules fired and 268492 states in the queue.
	400000 states explored in 4.15s, with 907905 rules fired and 357415 states in the queue.
	500000 states explored in 4.42s, with 1133749 rules fired and 446687 states in the queue.
	600000 states explored in 4.70s, with 1362330 rules fired and 535407 states in the queue.
	700000 states explored in 4.98s, with 1586399 rules fired and 624486 states in the queue.
	800000 states explored in 5.26s, with 1814766 rules fired and 713109 states in the queue.
	900000 states explored in 5.54s, with 2041739 rules fired and 801864 states in the queue.
	1000000 states explored in 5.83s, with 2271300 rules fired and 890179 states in the queue.
	1100000 states explored in 6.12s, with 2500471 rules fired and 978861 states in the queue.
	1200000 states explored in 6.42s, with 2730988 rules fired and 1067403 states in the queue.
	1300000 states explored in 6.72s, with 2960217 rules fired and 1156426 states in the queue.
	1400000 states explored in 7.01s, with 3187752 rules fired and 1245091 states in the queue.
	1500000 states explored in 7.31s, with 3415782 rules fired and 1333822 states in the queue.
	1600000 states explored in 7.60s, with 3641833 rules fired and 1423100 states in the queue.
	1700000 states explored in 7.92s, with 3872631 rules fired and 1511342 states in the queue.
	1800000 states explored in 8.24s, with 4103477 rules fired and 1599758 states in the queue.
	1900000 states explored in 8.55s, with 4332223 rules fired and 1688076 states in the queue.
	2000000 states explored in 8.88s, with 4563126 rules fired and 1775847 states in the queue.
	2100000 states explored in 9.20s, with 4794584 rules fired and 1863952 states in the queue.
	2200000 states explored in 9.51s, with 5023283 rules fired and 1952560 states in the queue.

==========================================================================

Result:

	Invariant "test_192" failed.

State Space Explored:

	2253260 states, 5146423 rules fired in 9.68s.

