This program should be regarded as a DEBUGGING aid, not as a 
certifier of correctness.
Call with the -l flag or read the license file for terms
and conditions of use.
Run this program with "-h" for the list of options.

Bugs, questions, and comments should be directed to
"melatti@di.uniroma1.it".

CMurphi compiler last modified date: Apr 10 2024
Include files last modified date:    Jul 23 2021
==========================================================================

==========================================================================
Caching Murphi Release 5.5.0
Finite-state Concurrent System Verifier.

Caching Murphi Release 5.5.0 is based on various versions of Murphi.
Caching Murphi Release 5.5.0 :
Copyright (C) 2009-2012 by Sapienza University of Rome.
Murphi release 3.1 :
Copyright (C) 1992 - 1999 by the Board of Trustees of
Leland Stanford Junior University.

==========================================================================

Protocol: ./protocols/exec/German_node8/German_node8_inv221
===========================================
  You are using LS algorithm.  
===========================================

===== Startstates are generated! =====
Carelist Layer 0: Cache[1].State Cache[2].State Cache[3].State Cache[4].State Cache[5].State Cache[6].State Cache[7].State Cache[8].State 
Attr: Cache[8].State Level: 0 Wi: 8
Attr: Cache[7].State Level: 0 Wi: 8
Attr: Cache[1].State Level: 0 Wi: 8
Attr: Cache[3].State Level: 0 Wi: 8
Attr: Cache[4].State Level: 0 Wi: 8
Attr: Cache[2].State Level: 0 Wi: 8
Attr: Cache[5].State Level: 0 Wi: 8
Attr: Cache[6].State Level: 0 Wi: 8

===== Init heuristics! =====

Progress Report:

	100000 states explored in 3.76s, with 225995 rules fired and 89804 states in the queue.
	200000 states explored in 4.18s, with 454192 rules fired and 178929 states in the queue.
	300000 states explored in 4.59s, with 679865 rules fired and 268492 states in the queue.
	400000 states explored in 5.02s, with 907905 rules fired and 357415 states in the queue.
	500000 states explored in 5.45s, with 1133749 rules fired and 446687 states in the queue.
	600000 states explored in 5.90s, with 1362330 rules fired and 535407 states in the queue.
	700000 states explored in 6.34s, with 1586399 rules fired and 624486 states in the queue.
	800000 states explored in 6.79s, with 1814766 rules fired and 713109 states in the queue.
	900000 states explored in 7.24s, with 2041739 rules fired and 801864 states in the queue.
	1000000 states explored in 7.70s, with 2271300 rules fired and 890179 states in the queue.
	1100000 states explored in 8.16s, with 2500471 rules fired and 978861 states in the queue.
	1200000 states explored in 8.64s, with 2730988 rules fired and 1067403 states in the queue.
	1300000 states explored in 9.11s, with 2960217 rules fired and 1156426 states in the queue.
	1400000 states explored in 9.56s, with 3187752 rules fired and 1245091 states in the queue.
	1500000 states explored in 10.05s, with 3415782 rules fired and 1333822 states in the queue.
	1600000 states explored in 10.52s, with 3641833 rules fired and 1423100 states in the queue.
	1700000 states explored in 11.03s, with 3872631 rules fired and 1511342 states in the queue.
	1800000 states explored in 11.51s, with 4103477 rules fired and 1599758 states in the queue.
	1900000 states explored in 12.01s, with 4332223 rules fired and 1688076 states in the queue.
	2000000 states explored in 12.52s, with 4563126 rules fired and 1775847 states in the queue.
	2100000 states explored in 13.04s, with 4794584 rules fired and 1863952 states in the queue.
	2200000 states explored in 13.53s, with 5023283 rules fired and 1952560 states in the queue.
	2300000 states explored in 14.03s, with 5254379 rules fired and 2040683 states in the queue.
	2400000 states explored in 14.55s, with 5486161 rules fired and 2128578 states in the queue.
	2500000 states explored in 15.06s, with 5717771 rules fired and 2216539 states in the queue.
	2600000 states explored in 15.56s, with 5948265 rules fired and 2304883 states in the queue.
	2700000 states explored in 16.06s, with 6175626 rules fired and 2392784 states in the queue.
	2800000 states explored in 16.56s, with 6405761 rules fired and 2480841 states in the queue.
	2900000 states explored in 17.06s, with 6633554 rules fired and 2569259 states in the queue.
	3000000 states explored in 17.59s, with 6868748 rules fired and 2657407 states in the queue.
	3100000 states explored in 18.11s, with 7097169 rules fired and 2745755 states in the queue.
	3200000 states explored in 18.67s, with 7329370 rules fired and 2833560 states in the queue.
	3300000 states explored in 19.21s, with 7558741 rules fired and 2921841 states in the queue.
	3400000 states explored in 19.73s, with 7789698 rules fired and 3009823 states in the queue.
	3500000 states explored in 20.23s, with 8020556 rules fired and 3098071 states in the queue.
	3600000 states explored in 20.78s, with 8253539 rules fired and 3186062 states in the queue.
	3700000 states explored in 21.30s, with 8480599 rules fired and 3274050 states in the queue.
	3800000 states explored in 21.82s, with 8713325 rules fired and 3362544 states in the queue.
	3900000 states explored in 22.35s, with 8946688 rules fired and 3450307 states in the queue.
	4000000 states explored in 22.91s, with 9177916 rules fired and 3538622 states in the queue.
	4100000 states explored in 23.47s, with 9411698 rules fired and 3626594 states in the queue.
	4200000 states explored in 23.99s, with 9642118 rules fired and 3714569 states in the queue.
	4300000 states explored in 24.54s, with 9873786 rules fired and 3802330 states in the queue.
	4400000 states explored in 25.07s, with 10104554 rules fired and 3889830 states in the queue.
	4500000 states explored in 25.61s, with 10335812 rules fired and 3977600 states in the queue.
	4600000 states explored in 26.14s, with 10563376 rules fired and 4065582 states in the queue.
	4700000 states explored in 26.67s, with 10791723 rules fired and 4153476 states in the queue.
	4800000 states explored in 27.21s, with 11020729 rules fired and 4241498 states in the queue.
	4900000 states explored in 27.75s, with 11250603 rules fired and 4329629 states in the queue.
	5000000 states explored in 28.30s, with 11481933 rules fired and 4417493 states in the queue.
	5100000 states explored in 28.86s, with 11712881 rules fired and 4505424 states in the queue.
	5200000 states explored in 29.42s, with 11942480 rules fired and 4593567 states in the queue.
	5300000 states explored in 29.99s, with 12177092 rules fired and 4680988 states in the queue.
	5400000 states explored in 30.54s, with 12407187 rules fired and 4768908 states in the queue.
	5500000 states explored in 31.09s, with 12638307 rules fired and 4856545 states in the queue.
	5600000 states explored in 31.69s, with 12869566 rules fired and 4944201 states in the queue.
	5700000 states explored in 32.27s, with 13097893 rules fired and 5032369 states in the queue.
	5800000 states explored in 32.83s, with 13324903 rules fired and 5120621 states in the queue.
	5900000 states explored in 33.40s, with 13556408 rules fired and 5208555 states in the queue.
	6000000 states explored in 33.96s, with 13788421 rules fired and 5296163 states in the queue.
	6100000 states explored in 34.57s, with 14028070 rules fired and 5383414 states in the queue.
	6200000 states explored in 35.11s, with 14258308 rules fired and 5471613 states in the queue.
	6300000 states explored in 35.67s, with 14489491 rules fired and 5559416 states in the queue.
	6400000 states explored in 36.24s, with 14720936 rules fired and 5646456 states in the queue.
	6500000 states explored in 36.80s, with 14951843 rules fired and 5734368 states in the queue.
	6600000 states explored in 37.38s, with 15185441 rules fired and 5822040 states in the queue.
	6700000 states explored in 37.97s, with 15418179 rules fired and 5908899 states in the queue.
	6800000 states explored in 38.53s, with 15649286 rules fired and 5996581 states in the queue.
	6900000 states explored in 39.11s, with 15880476 rules fired and 6084093 states in the queue.
	7000000 states explored in 39.72s, with 16113567 rules fired and 6171599 states in the queue.
	7100000 states explored in 40.31s, with 16344942 rules fired and 6259311 states in the queue.
	7200000 states explored in 40.95s, with 16576734 rules fired and 6346790 states in the queue.
	7300000 states explored in 41.56s, with 16809626 rules fired and 6434234 states in the queue.
	7400000 states explored in 42.19s, with 17041907 rules fired and 6521959 states in the queue.
	7500000 states explored in 42.77s, with 17276106 rules fired and 6609175 states in the queue.
	7600000 states explored in 43.34s, with 17508526 rules fired and 6696928 states in the queue.
	7700000 states explored in 43.93s, with 17737744 rules fired and 6784605 states in the queue.
	7800000 states explored in 44.51s, with 17968293 rules fired and 6871922 states in the queue.
	7900000 states explored in 45.11s, with 18200165 rules fired and 6959338 states in the queue.
	8000000 states explored in 45.73s, with 18433648 rules fired and 7046238 states in the queue.
	8100000 states explored in 46.30s, with 18666183 rules fired and 7133435 states in the queue.
	8200000 states explored in 46.93s, with 18899565 rules fired and 7220856 states in the queue.
	8300000 states explored in 47.53s, with 19129860 rules fired and 7308501 states in the queue.
	8400000 states explored in 48.14s, with 19365124 rules fired and 7395764 states in the queue.
	8500000 states explored in 48.77s, with 19600808 rules fired and 7483226 states in the queue.
	8600000 states explored in 49.36s, with 19833369 rules fired and 7570380 states in the queue.
	8700000 states explored in 49.96s, with 20066729 rules fired and 7657626 states in the queue.
	8800000 states explored in 50.53s, with 20298479 rules fired and 7745125 states in the queue.
	8900000 states explored in 51.16s, with 20527944 rules fired and 7832568 states in the queue.
	9000000 states explored in 51.75s, with 20759847 rules fired and 7920306 states in the queue.

==========================================================================

Result:

	Invariant "test_221" failed.

State Space Explored:

	9032717 states, 20836006 rules fired in 51.96s.

