This program should be regarded as a DEBUGGING aid, not as a 
certifier of correctness.
Call with the -l flag or read the license file for terms
and conditions of use.
Run this program with "-h" for the list of options.

Bugs, questions, and comments should be directed to
"melatti@di.uniroma1.it".

CMurphi compiler last modified date: Apr 10 2024
Include files last modified date:    Jul 23 2021
==========================================================================

==========================================================================
Caching Murphi Release 5.5.0
Finite-state Concurrent System Verifier.

Caching Murphi Release 5.5.0 is based on various versions of Murphi.
Caching Murphi Release 5.5.0 :
Copyright (C) 2009-2012 by Sapienza University of Rome.
Murphi release 3.1 :
Copyright (C) 1992 - 1999 by the Board of Trustees of
Leland Stanford Junior University.

==========================================================================

Protocol: ./protocols/exec/TL-C_NonIn_M_data/TL-C_NonIn_M_data_inv190
===========================================
  You are using LS algorithm.  
===========================================

===== Startstates are generated! =====
Carelist Layer 0: Tree[1].cache[1].state Tree[2].cache[1].state Tree[3].cache[1].state Tree[4].cache[1].state Tree[5].cache[1].state Tree[6].cache[1].state Tree[7].cache[1].state 

===== Init heuristics! =====

Progress Report:

	100000 states explored in 10.08s, with 348124 rules fired and 77168 states in the queue.
	200000 states explored in 15.88s, with 759351 rules fired and 153495 states in the queue.
	300000 states explored in 21.65s, with 1201580 rules fired and 226693 states in the queue.
	400000 states explored in 26.02s, with 1591850 rules fired and 304489 states in the queue.
	500000 states explored in 31.18s, with 2054228 rules fired and 378601 states in the queue.
	600000 states explored in 36.72s, with 2582553 rules fired and 450367 states in the queue.
	700000 states explored in 41.81s, with 3084382 rules fired and 524832 states in the queue.
	800000 states explored in 45.98s, with 3505880 rules fired and 603947 states in the queue.
	900000 states explored in 50.33s, with 3955670 rules fired and 682781 states in the queue.
	1000000 states explored in 55.05s, with 4406986 rules fired and 758450 states in the queue.
	1100000 states explored in 60.23s, with 4851425 rules fired and 830560 states in the queue.
	1200000 states explored in 66.18s, with 5356880 rules fired and 899350 states in the queue.
	1300000 states explored in 73.52s, with 5861659 rules fired and 970672 states in the queue.
	1400000 states explored in 80.08s, with 6344682 rules fired and 1046226 states in the queue.
	1500000 states explored in 86.19s, with 6730149 rules fired and 1121624 states in the queue.
	1600000 states explored in 92.73s, with 7180799 rules fired and 1196819 states in the queue.
	1700000 states explored in 99.31s, with 7622064 rules fired and 1271455 states in the queue.
	1800000 states explored in 105.60s, with 8031191 rules fired and 1346566 states in the queue.
	1900000 states explored in 112.73s, with 8513447 rules fired and 1419141 states in the queue.
	2000000 states explored in 119.27s, with 8952056 rules fired and 1494135 states in the queue.
	2100000 states explored in 125.48s, with 9376702 rules fired and 1570536 states in the queue.
	2200000 states explored in 131.95s, with 9786182 rules fired and 1644473 states in the queue.
	2300000 states explored in 138.83s, with 10219919 rules fired and 1717002 states in the queue.
	2400000 states explored in 146.21s, with 10677820 rules fired and 1787271 states in the queue.
	2500000 states explored in 153.07s, with 11081078 rules fired and 1859511 states in the queue.
	2600000 states explored in 160.00s, with 11524820 rules fired and 1932664 states in the queue.
	2700000 states explored in 166.87s, with 12001963 rules fired and 2007551 states in the queue.
	2800000 states explored in 173.74s, with 12418951 rules fired and 2080152 states in the queue.
	2900000 states explored in 181.21s, with 12892450 rules fired and 2151206 states in the queue.
	3000000 states explored in 191.58s, with 13465522 rules fired and 2202868 states in the queue.
	3100000 states explored in 202.60s, with 14095581 rules fired and 2251718 states in the queue.
	3200000 states explored in 208.94s, with 14511618 rules fired and 2324713 states in the queue.
	3300000 states explored in 215.05s, with 14951901 rules fired and 2400016 states in the queue.
	3400000 states explored in 221.90s, with 15440781 rules fired and 2472279 states in the queue.
	3500000 states explored in 228.19s, with 15847813 rules fired and 2545119 states in the queue.
	3600000 states explored in 235.15s, with 16311446 rules fired and 2615727 states in the queue.

Error:

	Internal Error: Too many active states.



