This program should be regarded as a DEBUGGING aid, not as a 
certifier of correctness.
Call with the -l flag or read the license file for terms
and conditions of use.
Run this program with "-h" for the list of options.

Bugs, questions, and comments should be directed to
"melatti@di.uniroma1.it".

CMurphi compiler last modified date: Apr 10 2024
Include files last modified date:    Jul 23 2021
==========================================================================

==========================================================================
Caching Murphi Release 5.5.0
Finite-state Concurrent System Verifier.

Caching Murphi Release 5.5.0 is based on various versions of Murphi.
Caching Murphi Release 5.5.0 :
Copyright (C) 2009-2012 by Sapienza University of Rome.
Murphi release 3.1 :
Copyright (C) 1992 - 1999 by the Board of Trustees of
Leland Stanford Junior University.

==========================================================================

Protocol: ./protocols/exec/TL-C_NonIn_M_data/TL-C_NonIn_M_data_inv20
===========================================
  You are using LS algorithm.  
===========================================

===== Startstates are generated! =====
Carelist Layer 0: Tree[1].cache[1].state Tree[2].cache[1].state Tree[3].cache[1].state Tree[4].cache[1].state Tree[5].cache[1].state Tree[6].cache[1].state Tree[7].cache[1].state 

===== Init heuristics! =====

Progress Report:

	100000 states explored in 11.68s, with 338197 rules fired and 76305 states in the queue.
	200000 states explored in 17.53s, with 686138 rules fired and 150383 states in the queue.
	300000 states explored in 23.24s, with 1030318 rules fired and 225573 states in the queue.
	400000 states explored in 29.62s, with 1378270 rules fired and 298900 states in the queue.
	500000 states explored in 36.26s, with 1742397 rules fired and 371796 states in the queue.
	600000 states explored in 42.51s, with 2100827 rules fired and 447250 states in the queue.
	700000 states explored in 51.43s, with 2569197 rules fired and 508971 states in the queue.
	800000 states explored in 59.46s, with 2977821 rules fired and 574825 states in the queue.
	900000 states explored in 66.77s, with 3354995 rules fired and 644262 states in the queue.
	1000000 states explored in 73.00s, with 3718699 rules fired and 720619 states in the queue.
	1100000 states explored in 79.65s, with 4105003 rules fired and 795470 states in the queue.
	1200000 states explored in 86.27s, with 4483724 rules fired and 870336 states in the queue.
	1300000 states explored in 93.07s, with 4818373 rules fired and 941671 states in the queue.
	1400000 states explored in 100.09s, with 5155066 rules fired and 1011698 states in the queue.
	1500000 states explored in 107.38s, with 5510265 rules fired and 1080808 states in the queue.
	1600000 states explored in 114.92s, with 5888186 rules fired and 1149217 states in the queue.
	1700000 states explored in 122.52s, with 6271027 rules fired and 1217502 states in the queue.
	1800000 states explored in 130.04s, with 6646282 rules fired and 1286169 states in the queue.
	1900000 states explored in 137.29s, with 7010317 rules fired and 1355902 states in the queue.
	2000000 states explored in 144.63s, with 7380445 rules fired and 1425262 states in the queue.
	2100000 states explored in 152.02s, with 7750531 rules fired and 1494406 states in the queue.
	2200000 states explored in 159.65s, with 8133604 rules fired and 1562745 states in the queue.
	2300000 states explored in 166.50s, with 8499897 rules fired and 1635604 states in the queue.
	2400000 states explored in 172.97s, with 8863391 rules fired and 1710850 states in the queue.
	2500000 states explored in 179.55s, with 9201555 rules fired and 1784183 states in the queue.
	2600000 states explored in 186.55s, with 9532720 rules fired and 1854429 states in the queue.
	2700000 states explored in 193.55s, with 9865345 rules fired and 1924863 states in the queue.
	2800000 states explored in 199.68s, with 10207801 rules fired and 1994886 states in the queue.
	2900000 states explored in 205.66s, with 10544827 rules fired and 2065148 states in the queue.
	3000000 states explored in 212.48s, with 10904869 rules fired and 2134387 states in the queue.
	3100000 states explored in 219.61s, with 11284569 rules fired and 2202827 states in the queue.
	3200000 states explored in 226.54s, with 11654831 rules fired and 2271997 states in the queue.
	3300000 states explored in 233.53s, with 12028594 rules fired and 2341133 states in the queue.
	3400000 states explored in 241.00s, with 12425434 rules fired and 2408381 states in the queue.
	3500000 states explored in 248.47s, with 12828309 rules fired and 2475417 states in the queue.
	3600000 states explored in 255.06s, with 13215427 rules fired and 2543535 states in the queue.
	3700000 states explored in 262.03s, with 13611275 rules fired and 2610516 states in the queue.

Error:

	Internal Error: Too many active states.



