This program should be regarded as a DEBUGGING aid, not as a 
certifier of correctness.
Call with the -l flag or read the license file for terms
and conditions of use.
Run this program with "-h" for the list of options.

Bugs, questions, and comments should be directed to
"melatti@di.uniroma1.it".

CMurphi compiler last modified date: Apr 18 2024
Include files last modified date:    Jul 23 2021
==========================================================================

==========================================================================
Caching Murphi Release 5.5.0
Finite-state Concurrent System Verifier.

Caching Murphi Release 5.5.0 is based on various versions of Murphi.
Caching Murphi Release 5.5.0 :
Copyright (C) 2009-2012 by Sapienza University of Rome.
Murphi release 3.1 :
Copyright (C) 1992 - 1999 by the Board of Trustees of
Leland Stanford Junior University.

==========================================================================

Protocol: ./protocols/exec/TL-C_NonIn_M_data/TL-C_NonIn_M_data_inv127
===========================================
  You are using LS algorithm.  
===========================================

===== Startstates are generated! =====
Carelist Layer 0: Tree[1].cache[1].state Tree[2].cache[1].state Tree[3].cache[1].state Tree[4].cache[1].state Tree[5].cache[1].state Tree[6].cache[1].state Tree[7].cache[1].state 
Carelist Layer 1: Tree[node].chanA[node].opcode Tree[node].chanA[node].para Tree[node].chanA[node].addr Tree[node].cache[node].state Tree[node].directory[node][node] Tree[node].master_pending[node] Tree[node].chanC[node].opcode Tree[node].chanB[node].opcode Tree[node].chanB[node].para Tree[node].chanB[node].addr Tree[node].chanD[node].opcode Tree[node].chanD[node].para Tree[node].chanD[node].addr Tree[node].chanC[node].para Tree[node].chanC[node].addr Tree[node].slave_pending[node][node] 
Carelist Layer 2: Tree[node].chanE[node].opcode Tree[node].chanE[node].addr 
Attr: Tree[node].chanE[node].opcode Level: 2 Wi: 2
Attr: Tree[node].chanC[node].addr Level: 1 Wi: 4
Attr: Tree[node].chanC[node].para Level: 1 Wi: 4
Attr: Tree[node].chanD[node].addr Level: 1 Wi: 4
Attr: Tree[node].chanD[node].opcode Level: 1 Wi: 4
Attr: Tree[node].slave_pending[node][node] Level: 1 Wi: 4
Attr: Tree[6].cache[1].state Level: 0 Wi: 8
Attr: Tree[2].cache[1].state Level: 0 Wi: 8
Attr: Tree[5].cache[1].state Level: 0 Wi: 8
Attr: Tree[node].chanB[node].addr Level: 1 Wi: 4
Attr: Tree[4].cache[1].state Level: 0 Wi: 8
Attr: Tree[node].chanD[node].para Level: 1 Wi: 4
Attr: Tree[node].master_pending[node] Level: 1 Wi: 4
Attr: Tree[3].cache[1].state Level: 0 Wi: 8
Attr: Tree[node].cache[node].state Level: 1 Wi: 4
Attr: Tree[7].cache[1].state Level: 0 Wi: 8
Attr: Tree[node].chanA[node].opcode Level: 1 Wi: 4
Attr: Tree[node].chanA[node].para Level: 1 Wi: 4
Attr: Tree[node].directory[node][node] Level: 1 Wi: 4
Attr: Tree[node].chanA[node].addr Level: 1 Wi: 4
Attr: Tree[1].cache[1].state Level: 0 Wi: 8
Attr: Tree[node].chanC[node].opcode Level: 1 Wi: 4
Attr: Tree[node].chanB[node].opcode Level: 1 Wi: 4
Attr: Tree[node].chanE[node].addr Level: 2 Wi: 2
Attr: Tree[node].chanB[node].para Level: 1 Wi: 4

===== Init heuristics! =====

Progress Report:

	100000 states explored in 7.22s, with 281673 rules fired and 91271 states in the queue.
	200000 states explored in 13.64s, with 666661 rules fired and 175095 states in the queue.
	300000 states explored in 19.03s, with 983223 rules fired and 257335 states in the queue.
	400000 states explored in 22.86s, with 1208400 rules fired and 350090 states in the queue.
	500000 states explored in 27.74s, with 1495033 rules fired and 437578 states in the queue.
	600000 states explored in 32.28s, with 1759920 rules fired and 525238 states in the queue.
	700000 states explored in 36.00s, with 1980902 rules fired and 617921 states in the queue.
	800000 states explored in 41.12s, with 2281631 rules fired and 703795 states in the queue.
	900000 states explored in 45.78s, with 2554403 rules fired and 790961 states in the queue.
	1000000 states explored in 50.91s, with 2854632 rules fired and 876074 states in the queue.
	1100000 states explored in 57.64s, with 3242756 rules fired and 948072 states in the queue.
	1200000 states explored in 65.19s, with 3676166 rules fired and 1013483 states in the queue.
	1300000 states explored in 71.20s, with 4025673 rules fired and 1092251 states in the queue.
	1400000 states explored in 76.73s, with 4347428 rules fired and 1175165 states in the queue.
	1500000 states explored in 81.82s, with 4642889 rules fired and 1262803 states in the queue.
	1600000 states explored in 87.63s, with 4970806 rules fired and 1347528 states in the queue.
	1700000 states explored in 94.13s, with 5347875 rules fired and 1425290 states in the queue.
	1800000 states explored in 100.13s, with 5698389 rules fired and 1505222 states in the queue.
	1900000 states explored in 104.64s, with 5960944 rules fired and 1594771 states in the queue.
	2000000 states explored in 109.10s, with 6223480 rules fired and 1683523 states in the queue.
	2100000 states explored in 115.44s, with 6594782 rules fired and 1761531 states in the queue.
	2200000 states explored in 122.37s, with 6996840 rules fired and 1833897 states in the queue.
	2300000 states explored in 127.14s, with 7276448 rules fired and 1920581 states in the queue.
	2400000 states explored in 133.28s, with 7633796 rules fired and 1997975 states in the queue.
	2500000 states explored in 139.31s, with 7986440 rules fired and 2075432 states in the queue.
	2600000 states explored in 145.26s, with 8335944 rules fired and 2155547 states in the queue.
	2700000 states explored in 150.37s, with 8635190 rules fired and 2242402 states in the queue.
	2800000 states explored in 156.19s, with 8977451 rules fired and 2323845 states in the queue.
	2900000 states explored in 162.13s, with 9322672 rules fired and 2405147 states in the queue.
	3000000 states explored in 167.89s, with 9658479 rules fired and 2487437 states in the queue.
	3100000 states explored in 174.28s, with 10031844 rules fired and 2565774 states in the queue.

Error:

	Internal Error: Too many active states.



