This program should be regarded as a DEBUGGING aid, not as a 
certifier of correctness.
Call with the -l flag or read the license file for terms
and conditions of use.
Run this program with "-h" for the list of options.

Bugs, questions, and comments should be directed to
"melatti@di.uniroma1.it".

CMurphi compiler last modified date: Apr 10 2024
Include files last modified date:    Jul 23 2021
==========================================================================

==========================================================================
Caching Murphi Release 5.5.0
Finite-state Concurrent System Verifier.

Caching Murphi Release 5.5.0 is based on various versions of Murphi.
Caching Murphi Release 5.5.0 :
Copyright (C) 2009-2012 by Sapienza University of Rome.
Murphi release 3.1 :
Copyright (C) 1992 - 1999 by the Board of Trustees of
Leland Stanford Junior University.

==========================================================================

Protocol: ./protocols/exec/Flash_node8/Flash_node8_inv100
===========================================
  You are using LS algorithm.  
===========================================

===== Startstates are generated! =====
Carelist Layer 0: Sta.Proc[1].CacheState Sta.Proc[2].CacheState Sta.Proc[3].CacheState Sta.Proc[4].CacheState Sta.Proc[5].CacheState Sta.Proc[6].CacheState Sta.Proc[7].CacheState Sta.Proc[8].CacheState 

===== Init heuristics! =====

Progress Report:

	100000 states explored in 10.59s, with 528990 rules fired and 80897 states in the queue.
	200000 states explored in 17.45s, with 1022806 rules fired and 162012 states in the queue.
	300000 states explored in 25.90s, with 1617088 rules fired and 238908 states in the queue.
	400000 states explored in 33.43s, with 2157469 rules fired and 318639 states in the queue.
	500000 states explored in 45.71s, with 3034743 rules fired and 383655 states in the queue.
	600000 states explored in 50.71s, with 3387894 rules fired and 470230 states in the queue.
	700000 states explored in 56.76s, with 3815681 rules fired and 553938 states in the queue.
	800000 states explored in 62.96s, with 4253867 rules fired and 637254 states in the queue.
	900000 states explored in 69.70s, with 4719920 rules fired and 718884 states in the queue.
	1000000 states explored in 77.25s, with 5240734 rules fired and 798362 states in the queue.
	1100000 states explored in 89.84s, with 6108583 rules fired and 862208 states in the queue.
	1200000 states explored in 99.82s, with 6821456 rules fired and 933415 states in the queue.
	1300000 states explored in 107.07s, with 7343333 rules fired and 1013177 states in the queue.
	1400000 states explored in 115.07s, with 7913340 rules fired and 1090845 states in the queue.
	1500000 states explored in 127.15s, with 8760068 rules fired and 1156959 states in the queue.
	1600000 states explored in 144.15s, with 9941238 rules fired and 1207372 states in the queue.
	1700000 states explored in 157.32s, with 10855197 rules fired and 1268080 states in the queue.
	1800000 states explored in 162.42s, with 11205948 rules fired and 1354192 states in the queue.
	1900000 states explored in 167.84s, with 11577344 rules fired and 1439505 states in the queue.
	2000000 states explored in 173.38s, with 11960906 rules fired and 1524739 states in the queue.
	2100000 states explored in 179.10s, with 12354970 rules fired and 1609435 states in the queue.
	2200000 states explored in 184.93s, with 12761527 rules fired and 1693584 states in the queue.
	2300000 states explored in 191.97s, with 13245075 rules fired and 1774281 states in the queue.
	2400000 states explored in 198.82s, with 13712316 rules fired and 1855679 states in the queue.
	2500000 states explored in 205.31s, with 14156638 rules fired and 1938081 states in the queue.
	2600000 states explored in 211.32s, with 14597659 rules fired and 2020811 states in the queue.
	2700000 states explored in 216.58s, with 15078231 rules fired and 2102241 states in the queue.
	2800000 states explored in 222.84s, with 15544594 rules fired and 2184011 states in the queue.
	2900000 states explored in 230.59s, with 16041240 rules fired and 2264410 states in the queue.
	3000000 states explored in 238.56s, with 16549366 rules fired and 2344197 states in the queue.
	3100000 states explored in 246.42s, with 17049328 rules fired and 2424384 states in the queue.
	3200000 states explored in 254.60s, with 17566569 rules fired and 2503616 states in the queue.
	3300000 states explored in 263.02s, with 18095330 rules fired and 2582430 states in the queue.
	3400000 states explored in 271.86s, with 18653270 rules fired and 2660395 states in the queue.
	3500000 states explored in 280.65s, with 19201703 rules fired and 2737788 states in the queue.
	3600000 states explored in 290.09s, with 19792744 rules fired and 2813578 states in the queue.
	3700000 states explored in 300.34s, with 20428951 rules fired and 2886930 states in the queue.
	3800000 states explored in 313.66s, with 21252976 rules fired and 2951601 states in the queue.
	3900000 states explored in 328.96s, with 22203107 rules fired and 3010179 states in the queue.
	4000000 states explored in 346.70s, with 23294753 rules fired and 3061594 states in the queue.
	4100000 states explored in 364.64s, with 24411210 rules fired and 3112072 states in the queue.
	4200000 states explored in 384.86s, with 25670943 rules fired and 3156749 states in the queue.
	4300000 states explored in 400.80s, with 26657873 rules fired and 3212598 states in the queue.
	4400000 states explored in 413.62s, with 27456032 rules fired and 3277676 states in the queue.
	4500000 states explored in 427.79s, with 28349787 rules fired and 3339440 states in the queue.
	4600000 states explored in 440.57s, with 29167119 rules fired and 3405471 states in the queue.
	4700000 states explored in 452.06s, with 29911613 rules fired and 3475082 states in the queue.
	4800000 states explored in 465.99s, with 30803110 rules fired and 3537282 states in the queue.
	4900000 states explored in 483.23s, with 31900339 rules fired and 3590003 states in the queue.
	5000000 states explored in 501.08s, with 33041155 rules fired and 3641177 states in the queue.
	5100000 states explored in 521.34s, with 34321705 rules fired and 3683735 states in the queue.
	5200000 states explored in 535.18s, with 35191364 rules fired and 3744267 states in the queue.
	5300000 states explored in 541.04s, with 35554267 rules fired and 3829193 states in the queue.
	5400000 states explored in 546.89s, with 35916409 rules fired and 3914203 states in the queue.
	5500000 states explored in 553.12s, with 36301952 rules fired and 3998291 states in the queue.
	5600000 states explored in 559.64s, with 36708764 rules fired and 4081750 states in the queue.
	5700000 states explored in 566.06s, with 37111708 rules fired and 4165722 states in the queue.
	5800000 states explored in 572.37s, with 37501977 rules fired and 4249913 states in the queue.
	5900000 states explored in 578.64s, with 37889593 rules fired and 4334128 states in the queue.
	6000000 states explored in 585.29s, with 38303525 rules fired and 4417418 states in the queue.
	6100000 states explored in 592.06s, with 38721977 rules fired and 4500349 states in the queue.
	6200000 states explored in 598.81s, with 39139590 rules fired and 4583315 states in the queue.
	6300000 states explored in 605.74s, with 39566869 rules fired and 4665614 states in the queue.
	6400000 states explored in 613.08s, with 40018454 rules fired and 4746762 states in the queue.
	6500000 states explored in 620.27s, with 40463808 rules fired and 4828653 states in the queue.
	6600000 states explored in 627.41s, with 40903380 rules fired and 4910182 states in the queue.
	6700000 states explored in 634.46s, with 41334961 rules fired and 4992129 states in the queue.
	6800000 states explored in 641.74s, with 41781500 rules fired and 5073660 states in the queue.
	6900000 states explored in 653.97s, with 42535773 rules fired and 5141743 states in the queue.
	7000000 states explored in 666.75s, with 43321092 rules fired and 5208984 states in the queue.
	7100000 states explored in 674.93s, with 43818498 rules fired and 5288139 states in the queue.
	7200000 states explored in 682.90s, with 44301753 rules fired and 5368223 states in the queue.
	7300000 states explored in 690.87s, with 44789275 rules fired and 5448021 states in the queue.
	7400000 states explored in 699.03s, with 45289564 rules fired and 5527221 states in the queue.
	7500000 states explored in 707.67s, with 45819270 rules fired and 5605096 states in the queue.
	7600000 states explored in 714.42s, with 46247071 rules fired and 5688264 states in the queue.
	7700000 states explored in 721.23s, with 46673518 rules fired and 5771099 states in the queue.
	7800000 states explored in 728.44s, with 47128773 rules fired and 5852867 states in the queue.
	7900000 states explored in 735.31s, with 47565795 rules fired and 5935801 states in the queue.
	8000000 states explored in 742.54s, with 48023320 rules fired and 6017620 states in the queue.
	8100000 states explored in 750.13s, with 48506811 rules fired and 6099503 states in the queue.
	8200000 states explored in 755.93s, with 48970384 rules fired and 6181516 states in the queue.
	8300000 states explored in 761.96s, with 49425754 rules fired and 6263891 states in the queue.
	8400000 states explored in 768.53s, with 49884993 rules fired and 6345901 states in the queue.
	8500000 states explored in 775.18s, with 50338289 rules fired and 6428242 states in the queue.
	8600000 states explored in 781.90s, with 50794031 rules fired and 6510468 states in the queue.
	8700000 states explored in 788.47s, with 51245275 rules fired and 6592608 states in the queue.
	8800000 states explored in 795.21s, with 51704013 rules fired and 6674035 states in the queue.
	8900000 states explored in 802.24s, with 52180274 rules fired and 6754826 states in the queue.
	9000000 states explored in 809.04s, with 52653798 rules fired and 6835793 states in the queue.
	9100000 states explored in 815.71s, with 53147020 rules fired and 6915932 states in the queue.
	9200000 states explored in 823.79s, with 53699623 rules fired and 6993541 states in the queue.
	9300000 states explored in 831.93s, with 54258210 rules fired and 7070889 states in the queue.
	9400000 states explored in 839.86s, with 54794752 rules fired and 7148842 states in the queue.
	9500000 states explored in 846.30s, with 55317040 rules fired and 7228884 states in the queue.
	9600000 states explored in 855.70s, with 55915909 rules fired and 7305085 states in the queue.
	9700000 states explored in 863.61s, with 56443988 rules fired and 7383423 states in the queue.
	9800000 states explored in 871.16s, with 56971318 rules fired and 7461838 states in the queue.
	9900000 states explored in 879.25s, with 57510570 rules fired and 7539902 states in the queue.
	10000000 states explored in 887.23s, with 58041483 rules fired and 7618145 states in the queue.

Error:

	Internal Error: Too many active states.



