This program should be regarded as a DEBUGGING aid, not as a 
certifier of correctness.
Call with the -l flag or read the license file for terms
and conditions of use.
Run this program with "-h" for the list of options.

Bugs, questions, and comments should be directed to
"melatti@di.uniroma1.it".

CMurphi compiler last modified date: Apr 10 2024
Include files last modified date:    Jul 23 2021
==========================================================================

==========================================================================
Caching Murphi Release 5.5.0
Finite-state Concurrent System Verifier.

Caching Murphi Release 5.5.0 is based on various versions of Murphi.
Caching Murphi Release 5.5.0 :
Copyright (C) 2009-2012 by Sapienza University of Rome.
Murphi release 3.1 :
Copyright (C) 1992 - 1999 by the Board of Trustees of
Leland Stanford Junior University.

==========================================================================

Protocol: ./protocols/exec/Flash_node8/Flash_node8_inv241
===========================================
  You are using LS algorithm.  
===========================================

===== Startstates are generated! =====
Carelist Layer 0: Sta.Proc[1].CacheState Sta.Proc[2].CacheState Sta.Proc[3].CacheState Sta.Proc[4].CacheState Sta.Proc[5].CacheState Sta.Proc[6].CacheState Sta.Proc[7].CacheState Sta.Proc[8].CacheState 

===== Init heuristics! =====

Progress Report:

	100000 states explored in 11.53s, with 533723 rules fired and 80568 states in the queue.
	200000 states explored in 19.03s, with 1025234 rules fired and 162047 states in the queue.
	300000 states explored in 28.28s, with 1613463 rules fired and 239215 states in the queue.
	400000 states explored in 36.65s, with 2156175 rules fired and 318597 states in the queue.
	500000 states explored in 50.24s, with 3031914 rules fired and 383709 states in the queue.
	600000 states explored in 55.95s, with 3397206 rules fired and 469892 states in the queue.
	700000 states explored in 62.91s, with 3842566 rules fired and 553036 states in the queue.
	800000 states explored in 69.62s, with 4272796 rules fired and 636622 states in the queue.
	900000 states explored in 77.13s, with 4748063 rules fired and 718233 states in the queue.
	1000000 states explored in 85.45s, with 5269575 rules fired and 797307 states in the queue.
	1100000 states explored in 99.59s, with 6147639 rules fired and 860503 states in the queue.
	1200000 states explored in 110.44s, with 6842857 rules fired and 932907 states in the queue.
	1300000 states explored in 118.33s, with 7352072 rules fired and 1013212 states in the queue.
	1400000 states explored in 127.08s, with 7916179 rules fired and 1091234 states in the queue.
	1500000 states explored in 140.40s, with 8771382 rules fired and 1156748 states in the queue.
	1600000 states explored in 158.49s, with 9912513 rules fired and 1207865 states in the queue.
	1700000 states explored in 173.20s, with 10840998 rules fired and 1268297 states in the queue.
	1800000 states explored in 178.73s, with 11190336 rules fired and 1354732 states in the queue.
	1900000 states explored in 184.51s, with 11557208 rules fired and 1440521 states in the queue.
	2000000 states explored in 190.76s, with 11951885 rules fired and 1525117 states in the queue.
	2100000 states explored in 197.14s, with 12356649 rules fired and 1609322 states in the queue.
	2200000 states explored in 203.86s, with 12780301 rules fired and 1692509 states in the queue.
	2300000 states explored in 211.81s, with 13282749 rules fired and 1772712 states in the queue.
	2400000 states explored in 219.14s, with 13742816 rules fired and 1854423 states in the queue.
	2500000 states explored in 226.33s, with 14195394 rules fired and 1936321 states in the queue.
	2600000 states explored in 233.24s, with 14630351 rules fired and 2018978 states in the queue.
	2700000 states explored in 240.84s, with 15114128 rules fired and 2100523 states in the queue.
	2800000 states explored in 248.80s, with 15620049 rules fired and 2181056 states in the queue.
	2900000 states explored in 256.42s, with 16104374 rules fired and 2262130 states in the queue.
	3000000 states explored in 264.23s, with 16593093 rules fired and 2342677 states in the queue.
	3100000 states explored in 272.09s, with 17088315 rules fired and 2423032 states in the queue.
	3200000 states explored in 280.60s, with 17627024 rules fired and 2502267 states in the queue.
	3300000 states explored in 289.67s, with 18197354 rules fired and 2579699 states in the queue.
	3400000 states explored in 298.21s, with 18732397 rules fired and 2657964 states in the queue.
	3500000 states explored in 307.28s, with 19298213 rules fired and 2734576 states in the queue.
	3600000 states explored in 316.73s, with 19879341 rules fired and 2809949 states in the queue.
	3700000 states explored in 326.64s, with 20492727 rules fired and 2884056 states in the queue.
	3800000 states explored in 339.84s, with 21307065 rules fired and 2949015 states in the queue.
	3900000 states explored in 354.94s, with 22236918 rules fired and 3008473 states in the queue.
	4000000 states explored in 372.18s, with 23295427 rules fired and 3061854 states in the queue.
	4100000 states explored in 391.54s, with 24481108 rules fired and 3109568 states in the queue.
	4200000 states explored in 412.42s, with 25769807 rules fired and 3153013 states in the queue.
	4300000 states explored in 427.18s, with 26683081 rules fired and 3213476 states in the queue.
	4400000 states explored in 439.72s, with 27463201 rules fired and 3280749 states in the queue.
	4500000 states explored in 454.74s, with 28400628 rules fired and 3340147 states in the queue.
	4600000 states explored in 467.27s, with 29190228 rules fired and 3406742 states in the queue.
	4700000 states explored in 479.41s, with 29959625 rules fired and 3474338 states in the queue.
	4800000 states explored in 493.76s, with 30867325 rules fired and 3536064 states in the queue.
	4900000 states explored in 510.66s, with 31942059 rules fired and 3589777 states in the queue.
	5000000 states explored in 528.12s, with 33047526 rules fired and 3641454 states in the queue.
	5100000 states explored in 548.98s, with 34356802 rules fired and 3683578 states in the queue.
	5200000 states explored in 563.07s, with 35235317 rules fired and 3744488 states in the queue.
	5300000 states explored in 568.88s, with 35597018 rules fired and 3830093 states in the queue.
	5400000 states explored in 575.03s, with 35978276 rules fired and 3914785 states in the queue.
	5500000 states explored in 581.24s, with 36363797 rules fired and 3999082 states in the queue.
	5600000 states explored in 587.53s, with 36755654 rules fired and 4083296 states in the queue.
	5700000 states explored in 593.94s, with 37154361 rules fired and 4167082 states in the queue.
	5800000 states explored in 600.62s, with 37569594 rules fired and 4250463 states in the queue.
	5900000 states explored in 607.39s, with 37991798 rules fired and 4333312 states in the queue.
	6000000 states explored in 614.29s, with 38424504 rules fired and 4415950 states in the queue.
	6100000 states explored in 621.26s, with 38858666 rules fired and 4497898 states in the queue.
	6200000 states explored in 627.98s, with 39277490 rules fired and 4580531 states in the queue.
	6300000 states explored in 634.76s, with 39696957 rules fired and 4663011 states in the queue.
	6400000 states explored in 641.92s, with 40140309 rules fired and 4744663 states in the queue.
	6500000 states explored in 649.00s, with 40576151 rules fired and 4826783 states in the queue.
	6600000 states explored in 655.90s, with 40998798 rules fired and 4909129 states in the queue.
	6700000 states explored in 663.12s, with 41441973 rules fired and 4990645 states in the queue.
	6800000 states explored in 670.45s, with 41892983 rules fired and 5071975 states in the queue.
	6900000 states explored in 682.15s, with 42608716 rules fired and 5141359 states in the queue.
	7000000 states explored in 695.10s, with 43404762 rules fired and 5207281 states in the queue.
	7100000 states explored in 703.96s, with 43959720 rules fired and 5284493 states in the queue.
	7200000 states explored in 712.13s, with 44468944 rules fired and 5363553 states in the queue.
	7300000 states explored in 720.22s, with 44973200 rules fired and 5442825 states in the queue.
	7400000 states explored in 728.42s, with 45483486 rules fired and 5521695 states in the queue.
	7500000 states explored in 736.05s, with 45958586 rules fired and 5602387 states in the queue.
	7600000 states explored in 742.72s, with 46383552 rules fired and 5685482 states in the queue.
	7700000 states explored in 749.43s, with 46808874 rules fired and 5768510 states in the queue.
	7800000 states explored in 756.24s, with 47243446 rules fired and 5851791 states in the queue.
	7900000 states explored in 763.71s, with 47720220 rules fired and 5933564 states in the queue.
	8000000 states explored in 770.82s, with 48175225 rules fired and 6016012 states in the queue.
	8100000 states explored in 777.83s, with 48622606 rules fired and 6098122 states in the queue.
	8200000 states explored in 784.77s, with 49063547 rules fired and 6180538 states in the queue.
	8300000 states explored in 791.90s, with 49519756 rules fired and 6262962 states in the queue.
	8400000 states explored in 799.12s, with 49976658 rules fired and 6344902 states in the queue.
	8500000 states explored in 806.14s, with 50427428 rules fired and 6427309 states in the queue.
	8600000 states explored in 813.12s, with 50874299 rules fired and 6509633 states in the queue.
	8700000 states explored in 820.16s, with 51327263 rules fired and 6591775 states in the queue.
	8800000 states explored in 827.47s, with 51793315 rules fired and 6673134 states in the queue.
	8900000 states explored in 835.24s, with 52286478 rules fired and 6753102 states in the queue.
	9000000 states explored in 842.61s, with 52755750 rules fired and 6834441 states in the queue.
	9100000 states explored in 850.35s, with 53247599 rules fired and 6914764 states in the queue.
	9200000 states explored in 858.84s, with 53785450 rules fired and 6993138 states in the queue.
	9300000 states explored in 867.47s, with 54333929 rules fired and 7071118 states in the queue.
	9400000 states explored in 876.22s, with 54893491 rules fired and 7148658 states in the queue.
	9500000 states explored in 884.64s, with 55431606 rules fired and 7226863 states in the queue.
	9600000 states explored in 892.75s, with 55954607 rules fired and 7305882 states in the queue.
	9700000 states explored in 901.07s, with 56491778 rules fired and 7384091 states in the queue.
	9800000 states explored in 909.43s, with 57028637 rules fired and 7461967 states in the queue.
	9900000 states explored in 917.68s, with 57558860 rules fired and 7540262 states in the queue.
	10000000 states explored in 926.14s, with 58098704 rules fired and 7617815 states in the queue.

Error:

	Internal Error: Too many active states.



