This program should be regarded as a DEBUGGING aid, not as a 
certifier of correctness.
Call with the -l flag or read the license file for terms
and conditions of use.
Run this program with "-h" for the list of options.

Bugs, questions, and comments should be directed to
"melatti@di.uniroma1.it".

CMurphi compiler last modified date: Apr 10 2024
Include files last modified date:    Jul 23 2021
==========================================================================

==========================================================================
Caching Murphi Release 5.5.0
Finite-state Concurrent System Verifier.

Caching Murphi Release 5.5.0 is based on various versions of Murphi.
Caching Murphi Release 5.5.0 :
Copyright (C) 2009-2012 by Sapienza University of Rome.
Murphi release 3.1 :
Copyright (C) 1992 - 1999 by the Board of Trustees of
Leland Stanford Junior University.

==========================================================================

Protocol: ./protocols/exec/Flash_node8/Flash_node8_inv223
===========================================
  You are using LS algorithm.  
===========================================

===== Startstates are generated! =====
Carelist Layer 0: Sta.Proc[1].CacheState Sta.Proc[2].CacheState Sta.Proc[3].CacheState Sta.Proc[4].CacheState Sta.Proc[5].CacheState Sta.Proc[6].CacheState Sta.Proc[7].CacheState Sta.Proc[8].CacheState 

===== Init heuristics! =====

Progress Report:

	100000 states explored in 9.82s, with 523337 rules fired and 81152 states in the queue.
	200000 states explored in 16.18s, with 1038034 rules fired and 161579 states in the queue.
	300000 states explored in 23.15s, with 1588915 rules fired and 240263 states in the queue.
	400000 states explored in 29.58s, with 2111934 rules fired and 320654 states in the queue.
	500000 states explored in 41.15s, with 3040467 rules fired and 383845 states in the queue.
	600000 states explored in 46.58s, with 3476612 rules fired and 466827 states in the queue.
	700000 states explored in 51.88s, with 3905234 rules fired and 550926 states in the queue.
	800000 states explored in 57.22s, with 4333808 rules fired and 634620 states in the queue.
	900000 states explored in 62.86s, with 4782157 rules fired and 717340 states in the queue.
	1000000 states explored in 69.22s, with 5278130 rules fired and 797682 states in the queue.
	1100000 states explored in 81.76s, with 6142818 rules fired and 861571 states in the queue.
	1200000 states explored in 90.08s, with 6721931 rules fired and 938769 states in the queue.
	1300000 states explored in 97.57s, with 7228276 rules fired and 1019413 states in the queue.
	1400000 states explored in 105.31s, with 7766128 rules fired and 1098471 states in the queue.
	1500000 states explored in 114.38s, with 8359944 rules fired and 1174963 states in the queue.
	1600000 states explored in 129.82s, with 9363094 rules fired and 1233064 states in the queue.
	1700000 states explored in 147.98s, with 10546168 rules fired and 1282870 states in the queue.
	1800000 states explored in 163.18s, with 11542401 rules fired and 1339547 states in the queue.
	1900000 states explored in 168.65s, with 11899620 rules fired and 1425404 states in the queue.
	2000000 states explored in 174.37s, with 12276297 rules fired and 1510824 states in the queue.
	2100000 states explored in 180.45s, with 12675838 rules fired and 1595238 states in the queue.
	2200000 states explored in 186.62s, with 13082791 rules fired and 1679650 states in the queue.
	2300000 states explored in 193.27s, with 13521208 rules fired and 1762812 states in the queue.
	2400000 states explored in 200.54s, with 13999931 rules fired and 1844189 states in the queue.
	2500000 states explored in 207.27s, with 14442343 rules fired and 1927050 states in the queue.
	2600000 states explored in 213.99s, with 14895506 rules fired and 2009408 states in the queue.
	2700000 states explored in 220.71s, with 15341501 rules fired and 2091843 states in the queue.
	2800000 states explored in 227.55s, with 15793485 rules fired and 2174204 states in the queue.
	2900000 states explored in 235.25s, with 16299963 rules fired and 2254563 states in the queue.
	3000000 states explored in 243.19s, with 16821868 rules fired and 2334288 states in the queue.
	3100000 states explored in 250.62s, with 17310165 rules fired and 2415110 states in the queue.
	3200000 states explored in 258.33s, with 17816294 rules fired and 2495100 states in the queue.
	3300000 states explored in 266.03s, with 18341520 rules fired and 2573891 states in the queue.
	3400000 states explored in 273.83s, with 18873692 rules fired and 2652391 states in the queue.
	3500000 states explored in 282.30s, with 19436858 rules fired and 2730626 states in the queue.
	3600000 states explored in 290.70s, with 19990957 rules fired and 2808200 states in the queue.
	3700000 states explored in 299.46s, with 20595019 rules fired and 2883570 states in the queue.
	3800000 states explored in 307.89s, with 21227484 rules fired and 2957329 states in the queue.
	3900000 states explored in 319.34s, with 22098129 rules fired and 3019804 states in the queue.
	4000000 states explored in 333.08s, with 23138848 rules fired and 3073264 states in the queue.
	4100000 states explored in 349.54s, with 24383165 rules fired and 3116711 states in the queue.
	4200000 states explored in 365.63s, with 25601323 rules fired and 3162178 states in the queue.
	4300000 states explored in 374.94s, with 26312542 rules fired and 3232126 states in the queue.
	4400000 states explored in 384.27s, with 27026127 rules fired and 3301342 states in the queue.
	4500000 states explored in 394.32s, with 27797623 rules fired and 3368003 states in the queue.
	4600000 states explored in 404.31s, with 28569248 rules fired and 3434847 states in the queue.
	4700000 states explored in 412.67s, with 29224926 rules fired and 3507893 states in the queue.
	4800000 states explored in 421.98s, with 29952361 rules fired and 3578183 states in the queue.
	4900000 states explored in 431.27s, with 30681873 rules fired and 3647900 states in the queue.
	5000000 states explored in 443.35s, with 31621773 rules fired and 3707906 states in the queue.
	5100000 states explored in 456.42s, with 32631763 rules fired and 3763870 states in the queue.
	5200000 states explored in 470.75s, with 33746688 rules fired and 3815423 states in the queue.
	5300000 states explored in 486.23s, with 34937865 rules fired and 3862343 states in the queue.
	5400000 states explored in 503.26s, with 36245475 rules fired and 3902919 states in the queue.
	5500000 states explored in 520.18s, with 37541087 rules fired and 3943836 states in the queue.
	5600000 states explored in 524.75s, with 37888152 rules fired and 4029396 states in the queue.
	5700000 states explored in 529.62s, with 38259418 rules fired and 4113957 states in the queue.
	5800000 states explored in 534.62s, with 38639224 rules fired and 4198503 states in the queue.
	5900000 states explored in 539.55s, with 39013552 rules fired and 4283052 states in the queue.
	6000000 states explored in 544.98s, with 39425019 rules fired and 4366040 states in the queue.
	6100000 states explored in 550.24s, with 39824389 rules fired and 4449671 states in the queue.
	6200000 states explored in 555.54s, with 40225811 rules fired and 4533239 states in the queue.
	6300000 states explored in 560.84s, with 40626551 rules fired and 4616774 states in the queue.
	6400000 states explored in 566.14s, with 41030429 rules fired and 4700375 states in the queue.
	6500000 states explored in 571.64s, with 41449532 rules fired and 4783420 states in the queue.
	6600000 states explored in 577.44s, with 41896394 rules fired and 4865373 states in the queue.
	6700000 states explored in 583.16s, with 42332366 rules fired and 4947919 states in the queue.
	6800000 states explored in 588.82s, with 42766240 rules fired and 5030422 states in the queue.
	6900000 states explored in 594.49s, with 43194606 rules fired and 5112809 states in the queue.
	7000000 states explored in 599.71s, with 43599753 rules fired and 5196696 states in the queue.
	7100000 states explored in 605.07s, with 44017481 rules fired and 5280227 states in the queue.
	7200000 states explored in 612.13s, with 44560343 rules fired and 5359139 states in the queue.
	7300000 states explored in 618.67s, with 45070811 rules fired and 5438870 states in the queue.
	7400000 states explored in 624.95s, with 45560459 rules fired and 5519255 states in the queue.
	7500000 states explored in 631.66s, with 46081822 rules fired and 5598374 states in the queue.
	7600000 states explored in 638.34s, with 46598754 rules fired and 5677688 states in the queue.
	7700000 states explored in 643.98s, with 47035417 rules fired and 5760280 states in the queue.
	7800000 states explored in 649.67s, with 47474723 rules fired and 5842951 states in the queue.
	7900000 states explored in 655.29s, with 47910948 rules fired and 5925512 states in the queue.
	8000000 states explored in 660.75s, with 48336730 rules fired and 6009055 states in the queue.
	8100000 states explored in 666.38s, with 48777224 rules fired and 6092333 states in the queue.
	8200000 states explored in 671.92s, with 49210701 rules fired and 6175676 states in the queue.
	8300000 states explored in 677.40s, with 49636307 rules fired and 6258726 states in the queue.
	8400000 states explored in 683.08s, with 50076304 rules fired and 6341148 states in the queue.
	8500000 states explored in 688.74s, with 50518124 rules fired and 6423682 states in the queue.
	8600000 states explored in 694.52s, with 50966438 rules fired and 6505531 states in the queue.
	8700000 states explored in 700.46s, with 51433472 rules fired and 6587056 states in the queue.
	8800000 states explored in 706.31s, with 51888034 rules fired and 6668901 states in the queue.
	8900000 states explored in 712.22s, with 52349240 rules fired and 6750650 states in the queue.
	9000000 states explored in 718.02s, with 52800156 rules fired and 6832773 states in the queue.
	9100000 states explored in 723.95s, with 53255512 rules fired and 6914084 states in the queue.
	9200000 states explored in 729.70s, with 53700815 rules fired and 6996197 states in the queue.
	9300000 states explored in 735.81s, with 54176331 rules fired and 7077575 states in the queue.
	9400000 states explored in 741.90s, with 54645295 rules fired and 7158693 states in the queue.
	9500000 states explored in 748.27s, with 55138069 rules fired and 7238886 states in the queue.
	9600000 states explored in 754.81s, with 55641455 rules fired and 7318362 states in the queue.
	9700000 states explored in 761.21s, with 56139331 rules fired and 7398222 states in the queue.
	9800000 states explored in 767.80s, with 56650292 rules fired and 7477410 states in the queue.
	9900000 states explored in 774.44s, with 57161839 rules fired and 7557179 states in the queue.
	10000000 states explored in 781.18s, with 57693467 rules fired and 7636453 states in the queue.

Error:

	Internal Error: Too many active states.



