This program should be regarded as a DEBUGGING aid, not as a 
certifier of correctness.
Call with the -l flag or read the license file for terms
and conditions of use.
Run this program with "-h" for the list of options.

Bugs, questions, and comments should be directed to
"melatti@di.uniroma1.it".

CMurphi compiler last modified date: Jul 24 2024
Include files last modified date:    Jul 23 2021
==========================================================================

==========================================================================
Caching Murphi Release 5.5.0
Finite-state Concurrent System Verifier.

Caching Murphi Release 5.5.0 is based on various versions of Murphi.
Caching Murphi Release 5.5.0 :
Copyright (C) 2009-2012 by Sapienza University of Rome.
Murphi release 3.1 :
Copyright (C) 1992 - 1999 by the Board of Trustees of
Leland Stanford Junior University.

==========================================================================

Protocol: ./protocols/exec/Flash_node8/Flash_node8_inv113
===========================================
  You are using LS algorithm.  
===========================================

===== Startstates are generated! =====
Carelist Layer 0: Sta.Proc[1].CacheState Sta.Proc[2].CacheState Sta.Proc[3].CacheState Sta.Proc[4].CacheState Sta.Proc[5].CacheState Sta.Proc[6].CacheState Sta.Proc[7].CacheState Sta.Proc[8].CacheState 
Carelist Layer 1: Sta.InvMsg[node].Cmd Sta.UniMsg[node].Cmd Sta.Proc[node].ProcCmd Sta.HomeUniMsg.Cmd Sta.HomeUniMsg.Proc Sta.HomeUniMsg.HomeProc Sta.Proc[node].CacheState Sta.UniMsg[node].Proc Sta.UniMsg[node].HomeProc 
Carelist Layer 2: Sta.Dir.Pending Sta.Dir.InvSet[node] Sta.Dir.Dirty Sta.Dir.HomeInvSet Sta.Dir.Local Sta.Dir.HeadVld Sta.Dir.HeadPtr Sta.Dir.HomeHeadPtr Sta.Dir.ShrSet[node] Sta.Dir.HomeShrSet Sta.HomeProc.ProcCmd Sta.HomeProc.CacheState Sta.RpMsg[node].Cmd 
Carelist Layer 3: Sta.ShWbMsg.Cmd Sta.NakcMsg.Cmd Sta.WbMsg.Cmd Sta.HomeRpMsg.Cmd 
Attr: Sta.HomeRpMsg.Cmd Level: 3 Wi: 2
Attr: Sta.WbMsg.Cmd Level: 3 Wi: 2
Attr: Sta.ShWbMsg.Cmd Level: 3 Wi: 2
Attr: Sta.HomeProc.CacheState Level: 2 Wi: 4
Attr: Sta.Dir.ShrSet[node] Level: 2 Wi: 4
Attr: Sta.Dir.HomeHeadPtr Level: 2 Wi: 4
Attr: Sta.Dir.HomeShrSet Level: 2 Wi: 4
Attr: Sta.Dir.HeadPtr Level: 2 Wi: 4
Attr: Sta.Dir.HeadVld Level: 2 Wi: 4
Attr: Sta.Dir.HomeInvSet Level: 2 Wi: 4
Attr: Sta.Dir.Dirty Level: 2 Wi: 4
Attr: Sta.HomeProc.ProcCmd Level: 2 Wi: 4
Attr: Sta.Dir.InvSet[node] Level: 2 Wi: 4
Attr: Sta.Dir.Pending Level: 2 Wi: 4
Attr: Sta.Proc[6].CacheState Level: 0 Wi: 16
Attr: Sta.UniMsg[node].Proc Level: 1 Wi: 8
Attr: Sta.UniMsg[node].HomeProc Level: 1 Wi: 8
Attr: Sta.Proc[4].CacheState Level: 0 Wi: 16
Attr: Sta.Proc[3].CacheState Level: 0 Wi: 16
Attr: Sta.Proc[2].CacheState Level: 0 Wi: 16
Attr: Sta.HomeUniMsg.HomeProc Level: 1 Wi: 8
Attr: Sta.Proc[8].CacheState Level: 0 Wi: 16
Attr: Sta.NakcMsg.Cmd Level: 3 Wi: 2
Attr: Sta.Proc[node].ProcCmd Level: 1 Wi: 8
Attr: Sta.InvMsg[node].Cmd Level: 1 Wi: 8
Attr: Sta.RpMsg[node].Cmd Level: 2 Wi: 4
Attr: Sta.UniMsg[node].Cmd Level: 1 Wi: 8
Attr: Sta.Dir.Local Level: 2 Wi: 4
Attr: Sta.Proc[5].CacheState Level: 0 Wi: 16
Attr: Sta.Proc[1].CacheState Level: 0 Wi: 16
Attr: Sta.Proc[7].CacheState Level: 0 Wi: 16
Attr: Sta.HomeUniMsg.Proc Level: 1 Wi: 8
Attr: Sta.HomeUniMsg.Cmd Level: 1 Wi: 8
Attr: Sta.Proc[node].CacheState Level: 1 Wi: 8

===== Init heuristics! =====

Progress Report:

	100000 states explored in 4.28s, with 125470 rules fired and 99822 states in the queue.
	200000 states explored in 6.05s, with 255339 rules fired and 199645 states in the queue.
	300000 states explored in 7.86s, with 389110 rules fired and 299457 states in the queue.
	400000 states explored in 9.69s, with 523099 rules fired and 399244 states in the queue.
	500000 states explored in 11.50s, with 656326 rules fired and 499020 states in the queue.
	600000 states explored in 13.26s, with 785962 rules fired and 598739 states in the queue.
	700000 states explored in 15.03s, with 915664 rules fired and 698550 states in the queue.
	800000 states explored in 16.79s, with 1044234 rules fired and 798367 states in the queue.
	900000 states explored in 18.53s, with 1172682 rules fired and 898188 states in the queue.
	1000000 states explored in 20.35s, with 1305954 rules fired and 997972 states in the queue.
	1100000 states explored in 22.16s, with 1438115 rules fired and 1097760 states in the queue.
	1200000 states explored in 23.96s, with 1570988 rules fired and 1197541 states in the queue.
	1300000 states explored in 25.76s, with 1704130 rules fired and 1297330 states in the queue.
	1400000 states explored in 27.62s, with 1840952 rules fired and 1397094 states in the queue.
	1500000 states explored in 29.48s, with 1978199 rules fired and 1496879 states in the queue.
	1600000 states explored in 31.29s, with 2111120 rules fired and 1596663 states in the queue.
	1700000 states explored in 33.14s, with 2246717 rules fired and 1696455 states in the queue.
	1800000 states explored in 34.94s, with 2377941 rules fired and 1796225 states in the queue.
	1900000 states explored in 36.70s, with 2506639 rules fired and 1895971 states in the queue.
	2000000 states explored in 38.56s, with 2643485 rules fired and 1995677 states in the queue.
	2100000 states explored in 40.41s, with 2779042 rules fired and 2095383 states in the queue.
	2200000 states explored in 42.26s, with 2914237 rules fired and 2195085 states in the queue.
	2300000 states explored in 44.12s, with 3051393 rules fired and 2294784 states in the queue.
	2400000 states explored in 45.97s, with 3187373 rules fired and 2394445 states in the queue.
	2500000 states explored in 47.83s, with 3322486 rules fired and 2494117 states in the queue.
	2600000 states explored in 49.65s, with 3455733 rules fired and 2593908 states in the queue.
	2700000 states explored in 51.47s, with 3589151 rules fired and 2693719 states in the queue.
	2800000 states explored in 53.32s, with 3724628 rules fired and 2793505 states in the queue.
	2900000 states explored in 55.15s, with 3858521 rules fired and 2893292 states in the queue.
	3000000 states explored in 57.01s, with 3994990 rules fired and 2993077 states in the queue.
	3100000 states explored in 58.83s, with 4128348 rules fired and 3092867 states in the queue.
	3200000 states explored in 60.64s, with 4261144 rules fired and 3192669 states in the queue.
	3300000 states explored in 62.50s, with 4397800 rules fired and 3292474 states in the queue.
	3400000 states explored in 64.37s, with 4536240 rules fired and 3392280 states in the queue.
	3500000 states explored in 66.21s, with 4671542 rules fired and 3492085 states in the queue.
	3600000 states explored in 68.03s, with 4803760 rules fired and 3591903 states in the queue.
	3700000 states explored in 69.94s, with 4943040 rules fired and 3691677 states in the queue.
	3800000 states explored in 71.82s, with 5081224 rules fired and 3791462 states in the queue.
	3900000 states explored in 73.66s, with 5215875 rules fired and 3891256 states in the queue.
	4000000 states explored in 75.47s, with 5348567 rules fired and 3991053 states in the queue.
	4100000 states explored in 77.27s, with 5479726 rules fired and 4090830 states in the queue.
	4200000 states explored in 79.11s, with 5613341 rules fired and 4190621 states in the queue.
	4300000 states explored in 80.98s, with 5748430 rules fired and 4290388 states in the queue.
	4400000 states explored in 82.89s, with 5887937 rules fired and 4390128 states in the queue.
	4500000 states explored in 84.71s, with 6019662 rules fired and 4489917 states in the queue.
	4600000 states explored in 86.51s, with 6150450 rules fired and 4589699 states in the queue.
	4700000 states explored in 88.38s, with 6286998 rules fired and 4689464 states in the queue.
	4800000 states explored in 90.23s, with 6422158 rules fired and 4789267 states in the queue.
	4900000 states explored in 92.16s, with 6562393 rules fired and 4889070 states in the queue.
	5000000 states explored in 94.06s, with 6701298 rules fired and 4988827 states in the queue.
	5100000 states explored in 95.92s, with 6835946 rules fired and 5088590 states in the queue.
	5200000 states explored in 97.79s, with 6971619 rules fired and 5188363 states in the queue.
	5300000 states explored in 99.64s, with 7106999 rules fired and 5288111 states in the queue.
	5400000 states explored in 101.49s, with 7241300 rules fired and 5387881 states in the queue.
	5500000 states explored in 103.29s, with 7372517 rules fired and 5487649 states in the queue.
	5600000 states explored in 105.09s, with 7503866 rules fired and 5587448 states in the queue.
	5700000 states explored in 106.95s, with 7639626 rules fired and 5687201 states in the queue.
	5800000 states explored in 108.82s, with 7775934 rules fired and 5786971 states in the queue.
	5900000 states explored in 110.77s, with 7918041 rules fired and 5886702 states in the queue.
	6000000 states explored in 112.70s, with 8059734 rules fired and 5986456 states in the queue.
	6100000 states explored in 114.54s, with 8194403 rules fired and 6086227 states in the queue.
	6200000 states explored in 116.47s, with 8335288 rules fired and 6185966 states in the queue.
	6300000 states explored in 118.34s, with 8472435 rules fired and 6285743 states in the queue.
	6400000 states explored in 120.12s, with 8603255 rules fired and 6385526 states in the queue.
	6500000 states explored in 122.00s, with 8739840 rules fired and 6485284 states in the queue.
	6600000 states explored in 123.91s, with 8878517 rules fired and 6585037 states in the queue.
	6700000 states explored in 125.79s, with 9016876 rules fired and 6684774 states in the queue.
	6800000 states explored in 127.67s, with 9153647 rules fired and 6784497 states in the queue.
	6900000 states explored in 129.54s, with 9289527 rules fired and 6884250 states in the queue.
	7000000 states explored in 131.38s, with 9422992 rules fired and 6984016 states in the queue.
	7100000 states explored in 133.30s, with 9562582 rules fired and 7083667 states in the queue.
	7200000 states explored in 135.25s, with 9704214 rules fired and 7183393 states in the queue.
	7300000 states explored in 137.30s, with 9855128 rules fired and 7283112 states in the queue.
	7400000 states explored in 139.26s, with 9997754 rules fired and 7382811 states in the queue.
	7500000 states explored in 141.25s, with 10141985 rules fired and 7482510 states in the queue.
	7600000 states explored in 143.19s, with 10283074 rules fired and 7582206 states in the queue.

Error:

	Internal Error: Too many active states.



