This program should be regarded as a DEBUGGING aid, not as a 
certifier of correctness.
Call with the -l flag or read the license file for terms
and conditions of use.
Run this program with "-h" for the list of options.

Bugs, questions, and comments should be directed to
"melatti@di.uniroma1.it".

CMurphi compiler last modified date: Jul 24 2024
Include files last modified date:    Jul 23 2021
==========================================================================

==========================================================================
Caching Murphi Release 5.5.0
Finite-state Concurrent System Verifier.

Caching Murphi Release 5.5.0 is based on various versions of Murphi.
Caching Murphi Release 5.5.0 :
Copyright (C) 2009-2012 by Sapienza University of Rome.
Murphi release 3.1 :
Copyright (C) 1992 - 1999 by the Board of Trustees of
Leland Stanford Junior University.

==========================================================================

Protocol: ./protocols/exec/Flash_node8/Flash_node8_inv193
===========================================
  You are using LS algorithm.  
===========================================

===== Startstates are generated! =====
Carelist Layer 0: Sta.Proc[1].CacheState Sta.Proc[2].CacheState Sta.Proc[3].CacheState Sta.Proc[4].CacheState Sta.Proc[5].CacheState Sta.Proc[6].CacheState Sta.Proc[7].CacheState Sta.Proc[8].CacheState 
Carelist Layer 1: Sta.InvMsg[node].Cmd Sta.UniMsg[node].Cmd Sta.Proc[node].ProcCmd Sta.HomeUniMsg.Cmd Sta.HomeUniMsg.Proc Sta.HomeUniMsg.HomeProc Sta.Proc[node].CacheState Sta.UniMsg[node].Proc Sta.UniMsg[node].HomeProc 
Carelist Layer 2: Sta.Dir.Pending Sta.Dir.InvSet[node] Sta.Dir.Dirty Sta.Dir.HomeInvSet Sta.Dir.Local Sta.Dir.HeadVld Sta.Dir.HeadPtr Sta.Dir.HomeHeadPtr Sta.Dir.ShrSet[node] Sta.Dir.HomeShrSet Sta.HomeProc.ProcCmd Sta.HomeProc.CacheState Sta.RpMsg[node].Cmd 
Carelist Layer 3: Sta.ShWbMsg.Cmd Sta.NakcMsg.Cmd Sta.WbMsg.Cmd Sta.HomeRpMsg.Cmd 
Attr: Sta.HomeRpMsg.Cmd Level: 3 Wi: 2
Attr: Sta.WbMsg.Cmd Level: 3 Wi: 2
Attr: Sta.ShWbMsg.Cmd Level: 3 Wi: 2
Attr: Sta.HomeProc.CacheState Level: 2 Wi: 4
Attr: Sta.Dir.ShrSet[node] Level: 2 Wi: 4
Attr: Sta.Dir.HomeHeadPtr Level: 2 Wi: 4
Attr: Sta.Dir.HomeShrSet Level: 2 Wi: 4
Attr: Sta.Dir.HeadPtr Level: 2 Wi: 4
Attr: Sta.Dir.HeadVld Level: 2 Wi: 4
Attr: Sta.Dir.HomeInvSet Level: 2 Wi: 4
Attr: Sta.Dir.Dirty Level: 2 Wi: 4
Attr: Sta.HomeProc.ProcCmd Level: 2 Wi: 4
Attr: Sta.Dir.InvSet[node] Level: 2 Wi: 4
Attr: Sta.Dir.Pending Level: 2 Wi: 4
Attr: Sta.Proc[6].CacheState Level: 0 Wi: 16
Attr: Sta.UniMsg[node].Proc Level: 1 Wi: 8
Attr: Sta.UniMsg[node].HomeProc Level: 1 Wi: 8
Attr: Sta.Proc[4].CacheState Level: 0 Wi: 16
Attr: Sta.Proc[3].CacheState Level: 0 Wi: 16
Attr: Sta.Proc[2].CacheState Level: 0 Wi: 16
Attr: Sta.HomeUniMsg.HomeProc Level: 1 Wi: 8
Attr: Sta.Proc[8].CacheState Level: 0 Wi: 16
Attr: Sta.NakcMsg.Cmd Level: 3 Wi: 2
Attr: Sta.Proc[node].ProcCmd Level: 1 Wi: 8
Attr: Sta.InvMsg[node].Cmd Level: 1 Wi: 8
Attr: Sta.RpMsg[node].Cmd Level: 2 Wi: 4
Attr: Sta.UniMsg[node].Cmd Level: 1 Wi: 8
Attr: Sta.Dir.Local Level: 2 Wi: 4
Attr: Sta.Proc[5].CacheState Level: 0 Wi: 16
Attr: Sta.Proc[1].CacheState Level: 0 Wi: 16
Attr: Sta.Proc[7].CacheState Level: 0 Wi: 16
Attr: Sta.HomeUniMsg.Proc Level: 1 Wi: 8
Attr: Sta.HomeUniMsg.Cmd Level: 1 Wi: 8
Attr: Sta.Proc[node].CacheState Level: 1 Wi: 8

===== Init heuristics! =====

Progress Report:

	100000 states explored in 4.27s, with 125385 rules fired and 99822 states in the queue.
	200000 states explored in 6.07s, with 255366 rules fired and 199646 states in the queue.
	300000 states explored in 7.91s, with 389260 rules fired and 299454 states in the queue.
	400000 states explored in 9.76s, with 522971 rules fired and 399242 states in the queue.
	500000 states explored in 11.60s, with 656681 rules fired and 499021 states in the queue.
	600000 states explored in 13.38s, with 785966 rules fired and 598749 states in the queue.
	700000 states explored in 15.17s, with 915563 rules fired and 698566 states in the queue.
	800000 states explored in 16.96s, with 1045416 rules fired and 798381 states in the queue.
	900000 states explored in 18.78s, with 1176390 rules fired and 898172 states in the queue.
	1000000 states explored in 20.58s, with 1307099 rules fired and 997970 states in the queue.
	1100000 states explored in 22.41s, with 1438301 rules fired and 1097751 states in the queue.
	1200000 states explored in 24.24s, with 1570802 rules fired and 1197522 states in the queue.
	1300000 states explored in 26.13s, with 1707064 rules fired and 1297279 states in the queue.
	1400000 states explored in 27.97s, with 1840633 rules fired and 1397072 states in the queue.
	1500000 states explored in 29.85s, with 1976961 rules fired and 1496862 states in the queue.
	1600000 states explored in 31.68s, with 2109735 rules fired and 1596645 states in the queue.
	1700000 states explored in 33.53s, with 2243377 rules fired and 1696436 states in the queue.
	1800000 states explored in 35.37s, with 2376391 rules fired and 1796250 states in the queue.
	1900000 states explored in 37.21s, with 2509378 rules fired and 1895979 states in the queue.
	2000000 states explored in 39.11s, with 2646577 rules fired and 1995739 states in the queue.
	2100000 states explored in 40.97s, with 2781046 rules fired and 2095433 states in the queue.
	2200000 states explored in 42.85s, with 2915141 rules fired and 2195052 states in the queue.
	2300000 states explored in 44.74s, with 3052665 rules fired and 2294782 states in the queue.
	2400000 states explored in 46.62s, with 3189520 rules fired and 2394482 states in the queue.
	2500000 states explored in 48.46s, with 3322102 rules fired and 2494217 states in the queue.
	2600000 states explored in 50.29s, with 3454577 rules fired and 2593906 states in the queue.
	2700000 states explored in 52.16s, with 3590119 rules fired and 2693710 states in the queue.
	2800000 states explored in 54.01s, with 3725214 rules fired and 2793515 states in the queue.
	2900000 states explored in 55.83s, with 3855975 rules fired and 2893315 states in the queue.
	3000000 states explored in 57.67s, with 3988569 rules fired and 2993105 states in the queue.
	3100000 states explored in 59.54s, with 4123815 rules fired and 3092901 states in the queue.
	3200000 states explored in 61.37s, with 4254975 rules fired and 3192685 states in the queue.
	3300000 states explored in 63.22s, with 4388742 rules fired and 3292498 states in the queue.
	3400000 states explored in 65.08s, with 4522229 rules fired and 3392316 states in the queue.
	3500000 states explored in 66.98s, with 4659400 rules fired and 3492107 states in the queue.
	3600000 states explored in 68.84s, with 4793423 rules fired and 3591902 states in the queue.
	3700000 states explored in 70.73s, with 4929377 rules fired and 3691696 states in the queue.
	3800000 states explored in 72.72s, with 5072773 rules fired and 3791459 states in the queue.
	3900000 states explored in 74.59s, with 5207483 rules fired and 3891258 states in the queue.
	4000000 states explored in 76.54s, with 5348202 rules fired and 3991048 states in the queue.
	4100000 states explored in 78.40s, with 5481588 rules fired and 4090841 states in the queue.
	4200000 states explored in 80.24s, with 5614171 rules fired and 4190621 states in the queue.
	4300000 states explored in 82.12s, with 5748911 rules fired and 4290414 states in the queue.
	4400000 states explored in 84.01s, with 5884081 rules fired and 4390206 states in the queue.
	4500000 states explored in 85.93s, with 6022102 rules fired and 4489951 states in the queue.
	4600000 states explored in 87.78s, with 6153897 rules fired and 4589737 states in the queue.
	4700000 states explored in 89.65s, with 6287997 rules fired and 4689519 states in the queue.
	4800000 states explored in 91.54s, with 6423634 rules fired and 4789274 states in the queue.
	4900000 states explored in 93.41s, with 6558018 rules fired and 4889051 states in the queue.
	5000000 states explored in 95.32s, with 6695471 rules fired and 4988824 states in the queue.
	5100000 states explored in 97.24s, with 6833976 rules fired and 5088584 states in the queue.
	5200000 states explored in 99.16s, with 6972294 rules fired and 5188349 states in the queue.
	5300000 states explored in 101.02s, with 7106213 rules fired and 5288114 states in the queue.
	5400000 states explored in 102.93s, with 7243281 rules fired and 5387907 states in the queue.
	5500000 states explored in 104.81s, with 7377744 rules fired and 5487666 states in the queue.
	5600000 states explored in 106.76s, with 7518236 rules fired and 5587400 states in the queue.
	5700000 states explored in 108.67s, with 7656199 rules fired and 5687181 states in the queue.
	5800000 states explored in 110.59s, with 7794286 rules fired and 5786923 states in the queue.
	5900000 states explored in 112.45s, with 7926436 rules fired and 5886699 states in the queue.
	6000000 states explored in 114.32s, with 8060259 rules fired and 5986486 states in the queue.
	6100000 states explored in 116.23s, with 8197622 rules fired and 6086238 states in the queue.
	6200000 states explored in 118.12s, with 8334188 rules fired and 6186040 states in the queue.
	6300000 states explored in 120.06s, with 8473482 rules fired and 6285773 states in the queue.
	6400000 states explored in 121.92s, with 8607914 rules fired and 6385535 states in the queue.
	6500000 states explored in 123.76s, with 8739864 rules fired and 6485311 states in the queue.
	6600000 states explored in 125.59s, with 8871282 rules fired and 6585096 states in the queue.
	6700000 states explored in 127.56s, with 9012995 rules fired and 6684820 states in the queue.
	6800000 states explored in 129.49s, with 9151663 rules fired and 6784532 states in the queue.
	6900000 states explored in 131.39s, with 9288572 rules fired and 6884258 states in the queue.
	7000000 states explored in 133.28s, with 9424209 rules fired and 6984010 states in the queue.
	7100000 states explored in 135.24s, with 9565251 rules fired and 7083769 states in the queue.
	7200000 states explored in 137.18s, with 9706277 rules fired and 7183500 states in the queue.
	7300000 states explored in 139.10s, with 9844647 rules fired and 7283234 states in the queue.
	7400000 states explored in 141.14s, with 9992109 rules fired and 7382913 states in the queue.
	7500000 states explored in 143.10s, with 10133141 rules fired and 7482616 states in the queue.
	7600000 states explored in 145.05s, with 10273522 rules fired and 7582340 states in the queue.

Error:

	Internal Error: Too many active states.



