This program should be regarded as a DEBUGGING aid, not as a 
certifier of correctness.
Call with the -l flag or read the license file for terms
and conditions of use.
Run this program with "-h" for the list of options.

Bugs, questions, and comments should be directed to
"melatti@di.uniroma1.it".

CMurphi compiler last modified date: Jul 24 2024
Include files last modified date:    Jul 23 2021
==========================================================================

==========================================================================
Caching Murphi Release 5.5.0
Finite-state Concurrent System Verifier.

Caching Murphi Release 5.5.0 is based on various versions of Murphi.
Caching Murphi Release 5.5.0 :
Copyright (C) 2009-2012 by Sapienza University of Rome.
Murphi release 3.1 :
Copyright (C) 1992 - 1999 by the Board of Trustees of
Leland Stanford Junior University.

==========================================================================

Protocol: ./protocols/exec/Flash_node8/Flash_node8_inv33
===========================================
  You are using LS algorithm.  
===========================================

===== Startstates are generated! =====
Carelist Layer 0: Sta.Proc[1].CacheState Sta.Proc[2].CacheState Sta.Proc[3].CacheState Sta.Proc[4].CacheState Sta.Proc[5].CacheState Sta.Proc[6].CacheState Sta.Proc[7].CacheState Sta.Proc[8].CacheState 
Carelist Layer 1: Sta.InvMsg[node].Cmd Sta.UniMsg[node].Cmd Sta.Proc[node].ProcCmd Sta.HomeUniMsg.Cmd Sta.HomeUniMsg.Proc Sta.HomeUniMsg.HomeProc Sta.Proc[node].CacheState Sta.UniMsg[node].Proc Sta.UniMsg[node].HomeProc 
Carelist Layer 2: Sta.Dir.Pending Sta.Dir.InvSet[node] Sta.Dir.Dirty Sta.Dir.HomeInvSet Sta.Dir.Local Sta.Dir.HeadVld Sta.Dir.HeadPtr Sta.Dir.HomeHeadPtr Sta.Dir.ShrSet[node] Sta.Dir.HomeShrSet Sta.HomeProc.ProcCmd Sta.HomeProc.CacheState Sta.RpMsg[node].Cmd 
Carelist Layer 3: Sta.ShWbMsg.Cmd Sta.NakcMsg.Cmd Sta.WbMsg.Cmd Sta.HomeRpMsg.Cmd 
Attr: Sta.HomeRpMsg.Cmd Level: 3 Wi: 2
Attr: Sta.WbMsg.Cmd Level: 3 Wi: 2
Attr: Sta.ShWbMsg.Cmd Level: 3 Wi: 2
Attr: Sta.HomeProc.CacheState Level: 2 Wi: 4
Attr: Sta.Dir.ShrSet[node] Level: 2 Wi: 4
Attr: Sta.Dir.HomeHeadPtr Level: 2 Wi: 4
Attr: Sta.Dir.HomeShrSet Level: 2 Wi: 4
Attr: Sta.Dir.HeadPtr Level: 2 Wi: 4
Attr: Sta.Dir.HeadVld Level: 2 Wi: 4
Attr: Sta.Dir.HomeInvSet Level: 2 Wi: 4
Attr: Sta.Dir.Dirty Level: 2 Wi: 4
Attr: Sta.HomeProc.ProcCmd Level: 2 Wi: 4
Attr: Sta.Dir.InvSet[node] Level: 2 Wi: 4
Attr: Sta.Dir.Pending Level: 2 Wi: 4
Attr: Sta.Proc[6].CacheState Level: 0 Wi: 16
Attr: Sta.UniMsg[node].Proc Level: 1 Wi: 8
Attr: Sta.UniMsg[node].HomeProc Level: 1 Wi: 8
Attr: Sta.Proc[4].CacheState Level: 0 Wi: 16
Attr: Sta.Proc[3].CacheState Level: 0 Wi: 16
Attr: Sta.Proc[2].CacheState Level: 0 Wi: 16
Attr: Sta.HomeUniMsg.HomeProc Level: 1 Wi: 8
Attr: Sta.Proc[8].CacheState Level: 0 Wi: 16
Attr: Sta.NakcMsg.Cmd Level: 3 Wi: 2
Attr: Sta.Proc[node].ProcCmd Level: 1 Wi: 8
Attr: Sta.InvMsg[node].Cmd Level: 1 Wi: 8
Attr: Sta.RpMsg[node].Cmd Level: 2 Wi: 4
Attr: Sta.UniMsg[node].Cmd Level: 1 Wi: 8
Attr: Sta.Dir.Local Level: 2 Wi: 4
Attr: Sta.Proc[5].CacheState Level: 0 Wi: 16
Attr: Sta.Proc[1].CacheState Level: 0 Wi: 16
Attr: Sta.Proc[7].CacheState Level: 0 Wi: 16
Attr: Sta.HomeUniMsg.Proc Level: 1 Wi: 8
Attr: Sta.HomeUniMsg.Cmd Level: 1 Wi: 8
Attr: Sta.Proc[node].CacheState Level: 1 Wi: 8

===== Init heuristics! =====

Progress Report:

	100000 states explored in 4.17s, with 125612 rules fired and 99819 states in the queue.
	200000 states explored in 5.89s, with 256169 rules fired and 199641 states in the queue.
	300000 states explored in 7.67s, with 391087 rules fired and 299442 states in the queue.
	400000 states explored in 9.43s, with 524445 rules fired and 399237 states in the queue.
	500000 states explored in 11.19s, with 658296 rules fired and 499007 states in the queue.
	600000 states explored in 12.93s, with 790474 rules fired and 598729 states in the queue.
	700000 states explored in 14.66s, with 919858 rules fired and 698530 states in the queue.
	800000 states explored in 16.37s, with 1049486 rules fired and 798340 states in the queue.
	900000 states explored in 18.13s, with 1183193 rules fired and 898150 states in the queue.
	1000000 states explored in 19.89s, with 1316003 rules fired and 997935 states in the queue.
	1100000 states explored in 21.60s, with 1445427 rules fired and 1097725 states in the queue.
	1200000 states explored in 23.35s, with 1577364 rules fired and 1197477 states in the queue.
	1300000 states explored in 25.12s, with 1711201 rules fired and 1297229 states in the queue.
	1400000 states explored in 26.89s, with 1845898 rules fired and 1397001 states in the queue.
	1500000 states explored in 28.67s, with 1980204 rules fired and 1496799 states in the queue.
	1600000 states explored in 30.47s, with 2117381 rules fired and 1596591 states in the queue.
	1700000 states explored in 32.24s, with 2250570 rules fired and 1696380 states in the queue.
	1800000 states explored in 33.96s, with 2379840 rules fired and 1796154 states in the queue.
	1900000 states explored in 35.71s, with 2512347 rules fired and 1895906 states in the queue.
	2000000 states explored in 37.48s, with 2646473 rules fired and 1995592 states in the queue.
	2100000 states explored in 39.27s, with 2781758 rules fired and 2095224 states in the queue.
	2200000 states explored in 41.05s, with 2915852 rules fired and 2194956 states in the queue.
	2300000 states explored in 42.84s, with 3051092 rules fired and 2294668 states in the queue.
	2400000 states explored in 44.58s, with 3182850 rules fired and 2394390 states in the queue.
	2500000 states explored in 46.38s, with 3319060 rules fired and 2494170 states in the queue.
	2600000 states explored in 48.13s, with 3451419 rules fired and 2593968 states in the queue.
	2700000 states explored in 49.90s, with 3584837 rules fired and 2693761 states in the queue.
	2800000 states explored in 51.69s, with 3719551 rules fired and 2793551 states in the queue.
	2900000 states explored in 53.41s, with 3849559 rules fired and 2893369 states in the queue.
	3000000 states explored in 55.19s, with 3983416 rules fired and 2993146 states in the queue.
	3100000 states explored in 56.96s, with 4117037 rules fired and 3092941 states in the queue.
	3200000 states explored in 58.80s, with 4255579 rules fired and 3192706 states in the queue.
	3300000 states explored in 60.54s, with 4387554 rules fired and 3292495 states in the queue.
	3400000 states explored in 62.33s, with 4521395 rules fired and 3392292 states in the queue.
	3500000 states explored in 64.07s, with 4652613 rules fired and 3492089 states in the queue.
	3600000 states explored in 65.87s, with 4788715 rules fired and 3591878 states in the queue.
	3700000 states explored in 67.66s, with 4923893 rules fired and 3691686 states in the queue.
	3800000 states explored in 69.43s, with 5057875 rules fired and 3791466 states in the queue.
	3900000 states explored in 71.23s, with 5194398 rules fired and 3891229 states in the queue.
	4000000 states explored in 72.99s, with 5326400 rules fired and 3991002 states in the queue.
	4100000 states explored in 74.83s, with 5463242 rules fired and 4090753 states in the queue.
	4200000 states explored in 76.65s, with 5596469 rules fired and 4190547 states in the queue.
	4300000 states explored in 78.53s, with 5736626 rules fired and 4290304 states in the queue.
	4400000 states explored in 80.30s, with 5870424 rules fired and 4390104 states in the queue.
	4500000 states explored in 82.09s, with 6004658 rules fired and 4489864 states in the queue.
	4600000 states explored in 83.93s, with 6137181 rules fired and 4589635 states in the queue.
	4700000 states explored in 85.74s, with 6269984 rules fired and 4689366 states in the queue.
	4800000 states explored in 87.57s, with 6406579 rules fired and 4789162 states in the queue.
	4900000 states explored in 89.44s, with 6545544 rules fired and 4888939 states in the queue.
	5000000 states explored in 91.27s, with 6682163 rules fired and 4988698 states in the queue.
	5100000 states explored in 93.13s, with 6818913 rules fired and 5088469 states in the queue.
	5200000 states explored in 94.96s, with 6953694 rules fired and 5188216 states in the queue.
	5300000 states explored in 96.78s, with 7089820 rules fired and 5287969 states in the queue.
	5400000 states explored in 98.66s, with 7230496 rules fired and 5387721 states in the queue.
	5500000 states explored in 100.55s, with 7372489 rules fired and 5487458 states in the queue.
	5600000 states explored in 102.39s, with 7510135 rules fired and 5587205 states in the queue.
	5700000 states explored in 104.21s, with 7646463 rules fired and 5686957 states in the queue.
	5800000 states explored in 106.00s, with 7781467 rules fired and 5786754 states in the queue.
	5900000 states explored in 107.90s, with 7924556 rules fired and 5886529 states in the queue.
	6000000 states explored in 109.73s, with 8062566 rules fired and 5986296 states in the queue.
	6100000 states explored in 111.56s, with 8201064 rules fired and 6086052 states in the queue.
	6200000 states explored in 113.41s, with 8339454 rules fired and 6185822 states in the queue.
	6300000 states explored in 115.26s, with 8477788 rules fired and 6285605 states in the queue.
	6400000 states explored in 117.08s, with 8613706 rules fired and 6385371 states in the queue.
	6500000 states explored in 118.94s, with 8754217 rules fired and 6485133 states in the queue.
	6600000 states explored in 120.81s, with 8895122 rules fired and 6584842 states in the queue.
	6700000 states explored in 122.70s, with 9036760 rules fired and 6684554 states in the queue.
	6800000 states explored in 124.53s, with 9174367 rules fired and 6784290 states in the queue.
	6900000 states explored in 126.33s, with 9308736 rules fired and 6884030 states in the queue.
	7000000 states explored in 128.23s, with 9451323 rules fired and 6983798 states in the queue.
	7100000 states explored in 130.10s, with 9591500 rules fired and 7083551 states in the queue.
	7200000 states explored in 131.96s, with 9730390 rules fired and 7183245 states in the queue.
	7300000 states explored in 133.80s, with 9867714 rules fired and 7282935 states in the queue.
	7400000 states explored in 135.76s, with 10015450 rules fired and 7382610 states in the queue.
	7500000 states explored in 137.69s, with 10159994 rules fired and 7482310 states in the queue.
	7600000 states explored in 139.59s, with 10302080 rules fired and 7581979 states in the queue.

Error:

	Internal Error: Too many active states.



