This program should be regarded as a DEBUGGING aid, not as a 
certifier of correctness.
Call with the -l flag or read the license file for terms
and conditions of use.
Run this program with "-h" for the list of options.

Bugs, questions, and comments should be directed to
"melatti@di.uniroma1.it".

CMurphi compiler last modified date: Jul 24 2024
Include files last modified date:    Jul 23 2021
==========================================================================

==========================================================================
Caching Murphi Release 5.5.0
Finite-state Concurrent System Verifier.

Caching Murphi Release 5.5.0 is based on various versions of Murphi.
Caching Murphi Release 5.5.0 :
Copyright (C) 2009-2012 by Sapienza University of Rome.
Murphi release 3.1 :
Copyright (C) 1992 - 1999 by the Board of Trustees of
Leland Stanford Junior University.

==========================================================================

Protocol: ./protocols/exec/Flash_node8/Flash_node8_inv158
===========================================
  You are using LS algorithm.  
===========================================

===== Startstates are generated! =====
Carelist Layer 0: Sta.Proc[1].CacheState Sta.Proc[2].CacheState Sta.Proc[3].CacheState Sta.Proc[4].CacheState Sta.Proc[5].CacheState Sta.Proc[6].CacheState Sta.Proc[7].CacheState Sta.Proc[8].CacheState 
Carelist Layer 1: Sta.InvMsg[node].Cmd Sta.UniMsg[node].Cmd Sta.Proc[node].ProcCmd Sta.HomeUniMsg.Cmd Sta.HomeUniMsg.Proc Sta.HomeUniMsg.HomeProc Sta.Proc[node].CacheState Sta.UniMsg[node].Proc Sta.UniMsg[node].HomeProc 
Carelist Layer 2: Sta.Dir.Pending Sta.Dir.InvSet[node] Sta.Dir.Dirty Sta.Dir.HomeInvSet Sta.Dir.Local Sta.Dir.HeadVld Sta.Dir.HeadPtr Sta.Dir.HomeHeadPtr Sta.Dir.ShrSet[node] Sta.Dir.HomeShrSet Sta.HomeProc.ProcCmd Sta.HomeProc.CacheState Sta.RpMsg[node].Cmd 
Carelist Layer 3: Sta.ShWbMsg.Cmd Sta.NakcMsg.Cmd Sta.WbMsg.Cmd Sta.HomeRpMsg.Cmd 
Attr: Sta.HomeRpMsg.Cmd Level: 3 Wi: 2
Attr: Sta.WbMsg.Cmd Level: 3 Wi: 2
Attr: Sta.ShWbMsg.Cmd Level: 3 Wi: 2
Attr: Sta.HomeProc.CacheState Level: 2 Wi: 4
Attr: Sta.Dir.ShrSet[node] Level: 2 Wi: 4
Attr: Sta.Dir.HomeHeadPtr Level: 2 Wi: 4
Attr: Sta.Dir.HomeShrSet Level: 2 Wi: 4
Attr: Sta.Dir.HeadPtr Level: 2 Wi: 4
Attr: Sta.Dir.HeadVld Level: 2 Wi: 4
Attr: Sta.Dir.HomeInvSet Level: 2 Wi: 4
Attr: Sta.Dir.Dirty Level: 2 Wi: 4
Attr: Sta.HomeProc.ProcCmd Level: 2 Wi: 4
Attr: Sta.Dir.InvSet[node] Level: 2 Wi: 4
Attr: Sta.Dir.Pending Level: 2 Wi: 4
Attr: Sta.Proc[6].CacheState Level: 0 Wi: 16
Attr: Sta.UniMsg[node].Proc Level: 1 Wi: 8
Attr: Sta.UniMsg[node].HomeProc Level: 1 Wi: 8
Attr: Sta.Proc[4].CacheState Level: 0 Wi: 16
Attr: Sta.Proc[3].CacheState Level: 0 Wi: 16
Attr: Sta.Proc[2].CacheState Level: 0 Wi: 16
Attr: Sta.HomeUniMsg.HomeProc Level: 1 Wi: 8
Attr: Sta.Proc[8].CacheState Level: 0 Wi: 16
Attr: Sta.NakcMsg.Cmd Level: 3 Wi: 2
Attr: Sta.Proc[node].ProcCmd Level: 1 Wi: 8
Attr: Sta.InvMsg[node].Cmd Level: 1 Wi: 8
Attr: Sta.RpMsg[node].Cmd Level: 2 Wi: 4
Attr: Sta.UniMsg[node].Cmd Level: 1 Wi: 8
Attr: Sta.Dir.Local Level: 2 Wi: 4
Attr: Sta.Proc[5].CacheState Level: 0 Wi: 16
Attr: Sta.Proc[1].CacheState Level: 0 Wi: 16
Attr: Sta.Proc[7].CacheState Level: 0 Wi: 16
Attr: Sta.HomeUniMsg.Proc Level: 1 Wi: 8
Attr: Sta.HomeUniMsg.Cmd Level: 1 Wi: 8
Attr: Sta.Proc[node].CacheState Level: 1 Wi: 8

===== Init heuristics! =====

Progress Report:

	100000 states explored in 4.36s, with 125467 rules fired and 99822 states in the queue.
	200000 states explored in 6.14s, with 255172 rules fired and 199647 states in the queue.
	300000 states explored in 7.98s, with 389841 rules fired and 299452 states in the queue.
	400000 states explored in 9.81s, with 524129 rules fired and 399240 states in the queue.
	500000 states explored in 11.63s, with 657182 rules fired and 499020 states in the queue.
	600000 states explored in 13.40s, with 786409 rules fired and 598745 states in the queue.
	700000 states explored in 15.22s, with 918332 rules fired and 698550 states in the queue.
	800000 states explored in 17.00s, with 1048511 rules fired and 798369 states in the queue.
	900000 states explored in 18.80s, with 1178988 rules fired and 898170 states in the queue.
	1000000 states explored in 20.63s, with 1312133 rules fired and 997955 states in the queue.
	1100000 states explored in 22.44s, with 1442972 rules fired and 1097744 states in the queue.
	1200000 states explored in 24.26s, with 1575954 rules fired and 1197505 states in the queue.
	1300000 states explored in 26.13s, with 1712073 rules fired and 1297257 states in the queue.
	1400000 states explored in 27.98s, with 1847637 rules fired and 1397042 states in the queue.
	1500000 states explored in 29.84s, with 1983753 rules fired and 1496843 states in the queue.
	1600000 states explored in 31.72s, with 2121778 rules fired and 1596614 states in the queue.
	1700000 states explored in 33.54s, with 2254669 rules fired and 1696403 states in the queue.
	1800000 states explored in 35.33s, with 2385585 rules fired and 1796201 states in the queue.
	1900000 states explored in 37.12s, with 2515555 rules fired and 1895944 states in the queue.
	2000000 states explored in 38.95s, with 2649570 rules fired and 1995687 states in the queue.
	2100000 states explored in 40.81s, with 2784735 rules fired and 2095365 states in the queue.
	2200000 states explored in 42.69s, with 2921319 rules fired and 2195025 states in the queue.
	2300000 states explored in 44.57s, with 3058507 rules fired and 2294725 states in the queue.
	2400000 states explored in 46.36s, with 3188885 rules fired and 2394494 states in the queue.
	2500000 states explored in 48.21s, with 3323419 rules fired and 2494136 states in the queue.
	2600000 states explored in 49.99s, with 3452643 rules fired and 2593928 states in the queue.
	2700000 states explored in 51.82s, with 3585641 rules fired and 2693728 states in the queue.
	2800000 states explored in 53.64s, with 3718257 rules fired and 2793534 states in the queue.
	2900000 states explored in 55.48s, with 3852207 rules fired and 2893322 states in the queue.
	3000000 states explored in 57.35s, with 3988434 rules fired and 2993112 states in the queue.
	3100000 states explored in 59.18s, with 4122076 rules fired and 3092887 states in the queue.
	3200000 states explored in 61.02s, with 4255356 rules fired and 3192680 states in the queue.
	3300000 states explored in 62.89s, with 4391088 rules fired and 3292481 states in the queue.
	3400000 states explored in 64.76s, with 4526670 rules fired and 3392267 states in the queue.
	3500000 states explored in 66.63s, with 4662803 rules fired and 3492056 states in the queue.
	3600000 states explored in 68.50s, with 4798121 rules fired and 3591832 states in the queue.
	3700000 states explored in 70.34s, with 4932475 rules fired and 3691603 states in the queue.
	3800000 states explored in 72.19s, with 5065939 rules fired and 3791398 states in the queue.
	3900000 states explored in 74.06s, with 5200938 rules fired and 3891169 states in the queue.
	4000000 states explored in 75.93s, with 5336431 rules fired and 3990962 states in the queue.
	4100000 states explored in 77.73s, with 5466813 rules fired and 4090767 states in the queue.
	4200000 states explored in 79.57s, with 5599538 rules fired and 4190521 states in the queue.
	4300000 states explored in 81.40s, with 5730687 rules fired and 4290313 states in the queue.
	4400000 states explored in 83.25s, with 5864808 rules fired and 4390096 states in the queue.
	4500000 states explored in 85.12s, with 6000997 rules fired and 4489843 states in the queue.
	4600000 states explored in 86.96s, with 6133031 rules fired and 4589620 states in the queue.
	4700000 states explored in 88.83s, with 6268515 rules fired and 4689404 states in the queue.
	4800000 states explored in 90.70s, with 6403443 rules fired and 4789156 states in the queue.
	4900000 states explored in 92.59s, with 6540726 rules fired and 4888943 states in the queue.
	5000000 states explored in 94.50s, with 6679141 rules fired and 4988705 states in the queue.
	5100000 states explored in 96.36s, with 6813787 rules fired and 5088475 states in the queue.
	5200000 states explored in 98.25s, with 6949636 rules fired and 5188222 states in the queue.
	5300000 states explored in 100.17s, with 7088096 rules fired and 5287942 states in the queue.
	5400000 states explored in 102.09s, with 7225809 rules fired and 5387708 states in the queue.
	5500000 states explored in 103.95s, with 7360001 rules fired and 5487461 states in the queue.
	5600000 states explored in 105.86s, with 7498022 rules fired and 5587217 states in the queue.
	5700000 states explored in 107.81s, with 7640329 rules fired and 5686970 states in the queue.
	5800000 states explored in 109.65s, with 7773621 rules fired and 5786752 states in the queue.
	5900000 states explored in 111.59s, with 7913740 rules fired and 5886516 states in the queue.
	6000000 states explored in 113.49s, with 8052256 rules fired and 5986319 states in the queue.
	6100000 states explored in 115.36s, with 8188567 rules fired and 6086085 states in the queue.
	6200000 states explored in 117.27s, with 8327016 rules fired and 6185827 states in the queue.
	6300000 states explored in 119.22s, with 8468661 rules fired and 6285551 states in the queue.
	6400000 states explored in 121.22s, with 8614145 rules fired and 6385289 states in the queue.
	6500000 states explored in 123.20s, with 8758389 rules fired and 6485051 states in the queue.
	6600000 states explored in 125.07s, with 8892669 rules fired and 6584807 states in the queue.
	6700000 states explored in 126.98s, with 9030602 rules fired and 6684545 states in the queue.
	6800000 states explored in 128.88s, with 9169734 rules fired and 6784285 states in the queue.
	6900000 states explored in 130.77s, with 9306900 rules fired and 6884057 states in the queue.
	7000000 states explored in 132.65s, with 9442548 rules fired and 6983807 states in the queue.
	7100000 states explored in 134.60s, with 9584335 rules fired and 7083573 states in the queue.
	7200000 states explored in 136.52s, with 9724052 rules fired and 7183326 states in the queue.
	7300000 states explored in 138.42s, with 9860586 rules fired and 7283086 states in the queue.
	7400000 states explored in 140.36s, with 10000125 rules fired and 7382832 states in the queue.
	7500000 states explored in 142.24s, with 10135181 rules fired and 7482562 states in the queue.
	7600000 states explored in 144.21s, with 10277194 rules fired and 7582312 states in the queue.

Error:

	Internal Error: Too many active states.



