This program should be regarded as a DEBUGGING aid, not as a 
certifier of correctness.
Call with the -l flag or read the license file for terms
and conditions of use.
Run this program with "-h" for the list of options.

Bugs, questions, and comments should be directed to
"melatti@di.uniroma1.it".

CMurphi compiler last modified date: Jul 24 2024
Include files last modified date:    Jul 23 2021
==========================================================================

==========================================================================
Caching Murphi Release 5.5.0
Finite-state Concurrent System Verifier.

Caching Murphi Release 5.5.0 is based on various versions of Murphi.
Caching Murphi Release 5.5.0 :
Copyright (C) 2009-2012 by Sapienza University of Rome.
Murphi release 3.1 :
Copyright (C) 1992 - 1999 by the Board of Trustees of
Leland Stanford Junior University.

==========================================================================

Protocol: ./protocols/exec/Flash_node8/Flash_node8_inv171
===========================================
  You are using LS algorithm.  
===========================================

===== Startstates are generated! =====
Carelist Layer 0: Sta.Proc[1].CacheState Sta.Proc[2].CacheState Sta.Proc[3].CacheState Sta.Proc[4].CacheState Sta.Proc[5].CacheState Sta.Proc[6].CacheState Sta.Proc[7].CacheState Sta.Proc[8].CacheState 
Carelist Layer 1: Sta.InvMsg[node].Cmd Sta.UniMsg[node].Cmd Sta.Proc[node].ProcCmd Sta.HomeUniMsg.Cmd Sta.HomeUniMsg.Proc Sta.HomeUniMsg.HomeProc Sta.Proc[node].CacheState Sta.UniMsg[node].Proc Sta.UniMsg[node].HomeProc 
Carelist Layer 2: Sta.Dir.Pending Sta.Dir.InvSet[node] Sta.Dir.Dirty Sta.Dir.HomeInvSet Sta.Dir.Local Sta.Dir.HeadVld Sta.Dir.HeadPtr Sta.Dir.HomeHeadPtr Sta.Dir.ShrSet[node] Sta.Dir.HomeShrSet Sta.HomeProc.ProcCmd Sta.HomeProc.CacheState Sta.RpMsg[node].Cmd 
Carelist Layer 3: Sta.ShWbMsg.Cmd Sta.NakcMsg.Cmd Sta.WbMsg.Cmd Sta.HomeRpMsg.Cmd 
Attr: Sta.HomeRpMsg.Cmd Level: 3 Wi: 2
Attr: Sta.WbMsg.Cmd Level: 3 Wi: 2
Attr: Sta.ShWbMsg.Cmd Level: 3 Wi: 2
Attr: Sta.HomeProc.CacheState Level: 2 Wi: 4
Attr: Sta.Dir.ShrSet[node] Level: 2 Wi: 4
Attr: Sta.Dir.HomeHeadPtr Level: 2 Wi: 4
Attr: Sta.Dir.HomeShrSet Level: 2 Wi: 4
Attr: Sta.Dir.HeadPtr Level: 2 Wi: 4
Attr: Sta.Dir.HeadVld Level: 2 Wi: 4
Attr: Sta.Dir.HomeInvSet Level: 2 Wi: 4
Attr: Sta.Dir.Dirty Level: 2 Wi: 4
Attr: Sta.HomeProc.ProcCmd Level: 2 Wi: 4
Attr: Sta.Dir.InvSet[node] Level: 2 Wi: 4
Attr: Sta.Dir.Pending Level: 2 Wi: 4
Attr: Sta.Proc[6].CacheState Level: 0 Wi: 16
Attr: Sta.UniMsg[node].Proc Level: 1 Wi: 8
Attr: Sta.UniMsg[node].HomeProc Level: 1 Wi: 8
Attr: Sta.Proc[4].CacheState Level: 0 Wi: 16
Attr: Sta.Proc[3].CacheState Level: 0 Wi: 16
Attr: Sta.Proc[2].CacheState Level: 0 Wi: 16
Attr: Sta.HomeUniMsg.HomeProc Level: 1 Wi: 8
Attr: Sta.Proc[8].CacheState Level: 0 Wi: 16
Attr: Sta.NakcMsg.Cmd Level: 3 Wi: 2
Attr: Sta.Proc[node].ProcCmd Level: 1 Wi: 8
Attr: Sta.InvMsg[node].Cmd Level: 1 Wi: 8
Attr: Sta.RpMsg[node].Cmd Level: 2 Wi: 4
Attr: Sta.UniMsg[node].Cmd Level: 1 Wi: 8
Attr: Sta.Dir.Local Level: 2 Wi: 4
Attr: Sta.Proc[5].CacheState Level: 0 Wi: 16
Attr: Sta.Proc[1].CacheState Level: 0 Wi: 16
Attr: Sta.Proc[7].CacheState Level: 0 Wi: 16
Attr: Sta.HomeUniMsg.Proc Level: 1 Wi: 8
Attr: Sta.HomeUniMsg.Cmd Level: 1 Wi: 8
Attr: Sta.Proc[node].CacheState Level: 1 Wi: 8

===== Init heuristics! =====

Progress Report:

	100000 states explored in 4.23s, with 125449 rules fired and 99822 states in the queue.
	200000 states explored in 6.00s, with 255229 rules fired and 199647 states in the queue.
	300000 states explored in 7.83s, with 389843 rules fired and 299453 states in the queue.
	400000 states explored in 9.65s, with 524069 rules fired and 399242 states in the queue.
	500000 states explored in 11.48s, with 657554 rules fired and 499009 states in the queue.
	600000 states explored in 13.22s, with 784839 rules fired and 598750 states in the queue.
	700000 states explored in 15.01s, with 915514 rules fired and 698551 states in the queue.
	800000 states explored in 16.79s, with 1046032 rules fired and 798374 states in the queue.
	900000 states explored in 18.55s, with 1174861 rules fired and 898184 states in the queue.
	1000000 states explored in 20.38s, with 1308177 rules fired and 997968 states in the queue.
	1100000 states explored in 22.18s, with 1439670 rules fired and 1097765 states in the queue.
	1200000 states explored in 24.02s, with 1574280 rules fired and 1197524 states in the queue.
	1300000 states explored in 25.89s, with 1710283 rules fired and 1297274 states in the queue.
	1400000 states explored in 27.72s, with 1844140 rules fired and 1397043 states in the queue.
	1500000 states explored in 29.57s, with 1980542 rules fired and 1496827 states in the queue.
	1600000 states explored in 31.41s, with 2114463 rules fired and 1596620 states in the queue.
	1700000 states explored in 33.22s, with 2248101 rules fired and 1696417 states in the queue.
	1800000 states explored in 35.03s, with 2379728 rules fired and 1796196 states in the queue.
	1900000 states explored in 36.89s, with 2515000 rules fired and 1895932 states in the queue.
	2000000 states explored in 38.74s, with 2650115 rules fired and 1995665 states in the queue.
	2100000 states explored in 40.60s, with 2785724 rules fired and 2095342 states in the queue.
	2200000 states explored in 42.51s, with 2924905 rules fired and 2195005 states in the queue.
	2300000 states explored in 44.40s, with 3063510 rules fired and 2294680 states in the queue.
	2400000 states explored in 46.20s, with 3194317 rules fired and 2394401 states in the queue.
	2500000 states explored in 48.05s, with 3330208 rules fired and 2494088 states in the queue.
	2600000 states explored in 49.90s, with 3464066 rules fired and 2593889 states in the queue.
	2700000 states explored in 51.68s, with 3595172 rules fired and 2693705 states in the queue.
	2800000 states explored in 53.50s, with 3727638 rules fired and 2793513 states in the queue.
	2900000 states explored in 55.33s, with 3861953 rules fired and 2893301 states in the queue.
	3000000 states explored in 57.23s, with 4000611 rules fired and 2993073 states in the queue.
	3100000 states explored in 59.10s, with 4136769 rules fired and 3092865 states in the queue.
	3200000 states explored in 60.91s, with 4268545 rules fired and 3192667 states in the queue.
	3300000 states explored in 62.79s, with 4405690 rules fired and 3292470 states in the queue.
	3400000 states explored in 64.62s, with 4539739 rules fired and 3392272 states in the queue.
	3500000 states explored in 66.49s, with 4675753 rules fired and 3492054 states in the queue.
	3600000 states explored in 68.30s, with 4807298 rules fired and 3591822 states in the queue.
	3700000 states explored in 70.20s, with 4944510 rules fired and 3691598 states in the queue.
	3800000 states explored in 72.07s, with 5080192 rules fired and 3791386 states in the queue.
	3900000 states explored in 73.89s, with 5213074 rules fired and 3891174 states in the queue.
	4000000 states explored in 75.79s, with 5351554 rules fired and 3990948 states in the queue.
	4100000 states explored in 77.62s, with 5484541 rules fired and 4090746 states in the queue.
	4200000 states explored in 79.48s, with 5618736 rules fired and 4190530 states in the queue.
	4300000 states explored in 81.36s, with 5755036 rules fired and 4290299 states in the queue.
	4400000 states explored in 83.16s, with 5884725 rules fired and 4390096 states in the queue.
	4500000 states explored in 85.03s, with 6020589 rules fired and 4489861 states in the queue.
	4600000 states explored in 86.98s, with 6162150 rules fired and 4589597 states in the queue.
	4700000 states explored in 88.80s, with 6294372 rules fired and 4689390 states in the queue.
	4800000 states explored in 90.69s, with 6430561 rules fired and 4789163 states in the queue.
	4900000 states explored in 92.56s, with 6566019 rules fired and 4888922 states in the queue.
	5000000 states explored in 94.44s, with 6702369 rules fired and 4988703 states in the queue.
	5100000 states explored in 96.37s, with 6842872 rules fired and 5088450 states in the queue.
	5200000 states explored in 98.24s, with 6978038 rules fired and 5188218 states in the queue.
	5300000 states explored in 100.09s, with 7112127 rules fired and 5287962 states in the queue.
	5400000 states explored in 101.94s, with 7245506 rules fired and 5387711 states in the queue.
	5500000 states explored in 103.90s, with 7388401 rules fired and 5487463 states in the queue.
	5600000 states explored in 105.78s, with 7525420 rules fired and 5587233 states in the queue.
	5700000 states explored in 107.69s, with 7664436 rules fired and 5686963 states in the queue.
	5800000 states explored in 109.54s, with 7799722 rules fired and 5786730 states in the queue.
	5900000 states explored in 111.37s, with 7933428 rules fired and 5886521 states in the queue.
	6000000 states explored in 113.23s, with 8069217 rules fired and 5986312 states in the queue.
	6100000 states explored in 115.17s, with 8211453 rules fired and 6086091 states in the queue.
	6200000 states explored in 117.08s, with 8350702 rules fired and 6185879 states in the queue.
	6300000 states explored in 118.93s, with 8485245 rules fired and 6285639 states in the queue.
	6400000 states explored in 120.90s, with 8627936 rules fired and 6385384 states in the queue.
	6500000 states explored in 122.84s, with 8768664 rules fired and 6485112 states in the queue.
	6600000 states explored in 124.73s, with 8905811 rules fired and 6584884 states in the queue.
	6700000 states explored in 126.61s, with 9042924 rules fired and 6684655 states in the queue.
	6800000 states explored in 128.50s, with 9180303 rules fired and 6784400 states in the queue.
	6900000 states explored in 130.39s, with 9317118 rules fired and 6884172 states in the queue.
	7000000 states explored in 132.19s, with 9448572 rules fired and 6983956 states in the queue.
	7100000 states explored in 134.07s, with 9585374 rules fired and 7083719 states in the queue.
	7200000 states explored in 135.97s, with 9724082 rules fired and 7183466 states in the queue.
	7300000 states explored in 137.92s, with 9865647 rules fired and 7283194 states in the queue.
	7400000 states explored in 139.86s, with 10006663 rules fired and 7382952 states in the queue.
	7500000 states explored in 141.88s, with 10153412 rules fired and 7482675 states in the queue.
	7600000 states explored in 143.81s, with 10292353 rules fired and 7582427 states in the queue.

Error:

	Internal Error: Too many active states.



