This program should be regarded as a DEBUGGING aid, not as a 
certifier of correctness.
Call with the -l flag or read the license file for terms
and conditions of use.
Run this program with "-h" for the list of options.

Bugs, questions, and comments should be directed to
"melatti@di.uniroma1.it".

CMurphi compiler last modified date: Jul 24 2024
Include files last modified date:    Jul 23 2021
==========================================================================

==========================================================================
Caching Murphi Release 5.5.0
Finite-state Concurrent System Verifier.

Caching Murphi Release 5.5.0 is based on various versions of Murphi.
Caching Murphi Release 5.5.0 :
Copyright (C) 2009-2012 by Sapienza University of Rome.
Murphi release 3.1 :
Copyright (C) 1992 - 1999 by the Board of Trustees of
Leland Stanford Junior University.

==========================================================================

Protocol: ./protocols/exec/Flash_node8/Flash_node8_inv176
===========================================
  You are using LS algorithm.  
===========================================

===== Startstates are generated! =====
Carelist Layer 0: Sta.Proc[1].CacheState Sta.Proc[2].CacheState Sta.Proc[3].CacheState Sta.Proc[4].CacheState Sta.Proc[5].CacheState Sta.Proc[6].CacheState Sta.Proc[7].CacheState Sta.Proc[8].CacheState 
Carelist Layer 1: Sta.InvMsg[node].Cmd Sta.UniMsg[node].Cmd Sta.Proc[node].ProcCmd Sta.HomeUniMsg.Cmd Sta.HomeUniMsg.Proc Sta.HomeUniMsg.HomeProc Sta.Proc[node].CacheState Sta.UniMsg[node].Proc Sta.UniMsg[node].HomeProc 
Carelist Layer 2: Sta.Dir.Pending Sta.Dir.InvSet[node] Sta.Dir.Dirty Sta.Dir.HomeInvSet Sta.Dir.Local Sta.Dir.HeadVld Sta.Dir.HeadPtr Sta.Dir.HomeHeadPtr Sta.Dir.ShrSet[node] Sta.Dir.HomeShrSet Sta.HomeProc.ProcCmd Sta.HomeProc.CacheState Sta.RpMsg[node].Cmd 
Carelist Layer 3: Sta.ShWbMsg.Cmd Sta.NakcMsg.Cmd Sta.WbMsg.Cmd Sta.HomeRpMsg.Cmd 
Attr: Sta.HomeRpMsg.Cmd Level: 3 Wi: 2
Attr: Sta.WbMsg.Cmd Level: 3 Wi: 2
Attr: Sta.ShWbMsg.Cmd Level: 3 Wi: 2
Attr: Sta.HomeProc.CacheState Level: 2 Wi: 4
Attr: Sta.Dir.ShrSet[node] Level: 2 Wi: 4
Attr: Sta.Dir.HomeHeadPtr Level: 2 Wi: 4
Attr: Sta.Dir.HomeShrSet Level: 2 Wi: 4
Attr: Sta.Dir.HeadPtr Level: 2 Wi: 4
Attr: Sta.Dir.HeadVld Level: 2 Wi: 4
Attr: Sta.Dir.HomeInvSet Level: 2 Wi: 4
Attr: Sta.Dir.Dirty Level: 2 Wi: 4
Attr: Sta.HomeProc.ProcCmd Level: 2 Wi: 4
Attr: Sta.Dir.InvSet[node] Level: 2 Wi: 4
Attr: Sta.Dir.Pending Level: 2 Wi: 4
Attr: Sta.Proc[6].CacheState Level: 0 Wi: 16
Attr: Sta.UniMsg[node].Proc Level: 1 Wi: 8
Attr: Sta.UniMsg[node].HomeProc Level: 1 Wi: 8
Attr: Sta.Proc[4].CacheState Level: 0 Wi: 16
Attr: Sta.Proc[3].CacheState Level: 0 Wi: 16
Attr: Sta.Proc[2].CacheState Level: 0 Wi: 16
Attr: Sta.HomeUniMsg.HomeProc Level: 1 Wi: 8
Attr: Sta.Proc[8].CacheState Level: 0 Wi: 16
Attr: Sta.NakcMsg.Cmd Level: 3 Wi: 2
Attr: Sta.Proc[node].ProcCmd Level: 1 Wi: 8
Attr: Sta.InvMsg[node].Cmd Level: 1 Wi: 8
Attr: Sta.RpMsg[node].Cmd Level: 2 Wi: 4
Attr: Sta.UniMsg[node].Cmd Level: 1 Wi: 8
Attr: Sta.Dir.Local Level: 2 Wi: 4
Attr: Sta.Proc[5].CacheState Level: 0 Wi: 16
Attr: Sta.Proc[1].CacheState Level: 0 Wi: 16
Attr: Sta.Proc[7].CacheState Level: 0 Wi: 16
Attr: Sta.HomeUniMsg.Proc Level: 1 Wi: 8
Attr: Sta.HomeUniMsg.Cmd Level: 1 Wi: 8
Attr: Sta.Proc[node].CacheState Level: 1 Wi: 8

===== Init heuristics! =====

Progress Report:

	100000 states explored in 4.17s, with 125583 rules fired and 99819 states in the queue.
	200000 states explored in 5.91s, with 256166 rules fired and 199641 states in the queue.
	300000 states explored in 7.70s, with 390966 rules fired and 299444 states in the queue.
	400000 states explored in 9.45s, with 523595 rules fired and 399239 states in the queue.
	500000 states explored in 11.22s, with 657046 rules fired and 499009 states in the queue.
	600000 states explored in 12.96s, with 788257 rules fired and 598736 states in the queue.
	700000 states explored in 14.66s, with 915910 rules fired and 698543 states in the queue.
	800000 states explored in 16.40s, with 1046124 rules fired and 798356 states in the queue.
	900000 states explored in 18.15s, with 1178523 rules fired and 898166 states in the queue.
	1000000 states explored in 19.89s, with 1309437 rules fired and 997962 states in the queue.
	1100000 states explored in 21.67s, with 1441533 rules fired and 1097744 states in the queue.
	1200000 states explored in 23.44s, with 1574509 rules fired and 1197499 states in the queue.
	1300000 states explored in 25.23s, with 1709120 rules fired and 1297255 states in the queue.
	1400000 states explored in 27.02s, with 1844269 rules fired and 1397020 states in the queue.
	1500000 states explored in 28.84s, with 1982032 rules fired and 1496802 states in the queue.
	1600000 states explored in 30.62s, with 2116303 rules fired and 1596594 states in the queue.
	1700000 states explored in 32.37s, with 2247915 rules fired and 1696390 states in the queue.
	1800000 states explored in 34.12s, with 2379406 rules fired and 1796156 states in the queue.
	1900000 states explored in 35.90s, with 2512670 rules fired and 1895865 states in the queue.
	2000000 states explored in 37.95s, with 2648198 rules fired and 1995547 states in the queue.
	2100000 states explored in 39.77s, with 2782971 rules fired and 2095190 states in the queue.
	2200000 states explored in 41.62s, with 2921402 rules fired and 2194887 states in the queue.
	2300000 states explored in 43.42s, with 3056149 rules fired and 2294609 states in the queue.
	2400000 states explored in 45.24s, with 3192216 rules fired and 2394305 states in the queue.
	2500000 states explored in 47.01s, with 3324618 rules fired and 2494099 states in the queue.
	2600000 states explored in 48.81s, with 3459490 rules fired and 2593902 states in the queue.
	2700000 states explored in 50.80s, with 3593034 rules fired and 2693704 states in the queue.
	2800000 states explored in 52.58s, with 3726212 rules fired and 2793502 states in the queue.
	2900000 states explored in 54.36s, with 3859364 rules fired and 2893307 states in the queue.
	3000000 states explored in 56.21s, with 3997277 rules fired and 2993100 states in the queue.
	3100000 states explored in 57.95s, with 4127703 rules fired and 3092886 states in the queue.
	3200000 states explored in 59.77s, with 4262985 rules fired and 3192661 states in the queue.
	3300000 states explored in 61.55s, with 4396404 rules fired and 3292438 states in the queue.
	3400000 states explored in 63.34s, with 4530978 rules fired and 3392241 states in the queue.
	3500000 states explored in 65.11s, with 4664037 rules fired and 3492044 states in the queue.
	3600000 states explored in 66.91s, with 4799579 rules fired and 3591843 states in the queue.
	3700000 states explored in 68.68s, with 4933220 rules fired and 3691642 states in the queue.
	3800000 states explored in 70.47s, with 5066881 rules fired and 3791422 states in the queue.
	3900000 states explored in 72.31s, with 5204959 rules fired and 3891139 states in the queue.
	4000000 states explored in 74.11s, with 5338453 rules fired and 3990907 states in the queue.
	4100000 states explored in 75.93s, with 5474573 rules fired and 4090671 states in the queue.
	4200000 states explored in 77.74s, with 5609104 rules fired and 4190480 states in the queue.
	4300000 states explored in 79.64s, with 5750578 rules fired and 4290255 states in the queue.
	4400000 states explored in 81.45s, with 5885685 rules fired and 4390028 states in the queue.
	4500000 states explored in 83.22s, with 6017304 rules fired and 4489805 states in the queue.
	4600000 states explored in 85.05s, with 6154059 rules fired and 4589577 states in the queue.
	4700000 states explored in 86.90s, with 6292451 rules fired and 4689315 states in the queue.
	4800000 states explored in 88.71s, with 6426886 rules fired and 4789109 states in the queue.
	4900000 states explored in 90.54s, with 6563096 rules fired and 4888897 states in the queue.
	5000000 states explored in 92.41s, with 6703307 rules fired and 4988630 states in the queue.
	5100000 states explored in 94.22s, with 6837480 rules fired and 5088391 states in the queue.
	5200000 states explored in 96.02s, with 6971682 rules fired and 5188146 states in the queue.
	5300000 states explored in 97.82s, with 7106412 rules fired and 5287910 states in the queue.
	5400000 states explored in 99.66s, with 7243523 rules fired and 5387665 states in the queue.
	5500000 states explored in 101.55s, with 7385199 rules fired and 5487442 states in the queue.
	5600000 states explored in 103.46s, with 7529181 rules fired and 5587206 states in the queue.
	5700000 states explored in 105.28s, with 7665511 rules fired and 5686945 states in the queue.
	5800000 states explored in 107.12s, with 7801750 rules fired and 5786726 states in the queue.
	5900000 states explored in 108.93s, with 7937390 rules fired and 5886531 states in the queue.
	6000000 states explored in 110.78s, with 8076626 rules fired and 5986277 states in the queue.
	6100000 states explored in 112.60s, with 8211908 rules fired and 6086050 states in the queue.
	6200000 states explored in 114.45s, with 8350621 rules fired and 6185815 states in the queue.
	6300000 states explored in 116.25s, with 8484494 rules fired and 6285605 states in the queue.
	6400000 states explored in 118.09s, with 8622464 rules fired and 6385383 states in the queue.
	6500000 states explored in 119.94s, with 8760528 rules fired and 6485127 states in the queue.
	6600000 states explored in 121.72s, with 8894036 rules fired and 6584899 states in the queue.
	6700000 states explored in 123.60s, with 9034039 rules fired and 6684637 states in the queue.
	6800000 states explored in 125.42s, with 9169769 rules fired and 6784407 states in the queue.
	6900000 states explored in 127.34s, with 9313731 rules fired and 6884144 states in the queue.
	7000000 states explored in 129.32s, with 9461949 rules fired and 6983863 states in the queue.
	7100000 states explored in 131.18s, with 9601708 rules fired and 7083607 states in the queue.
	7200000 states explored in 133.05s, with 9740394 rules fired and 7183251 states in the queue.
	7300000 states explored in 134.90s, with 9878659 rules fired and 7282964 states in the queue.
	7400000 states explored in 136.81s, with 10021108 rules fired and 7382675 states in the queue.
	7500000 states explored in 138.79s, with 10169647 rules fired and 7482354 states in the queue.
	7600000 states explored in 140.70s, with 10311359 rules fired and 7582086 states in the queue.

Error:

	Internal Error: Too many active states.



