This program should be regarded as a DEBUGGING aid, not as a 
certifier of correctness.
Call with the -l flag or read the license file for terms
and conditions of use.
Run this program with "-h" for the list of options.

Bugs, questions, and comments should be directed to
"melatti@di.uniroma1.it".

CMurphi compiler last modified date: Apr 10 2024
Include files last modified date:    Jul 23 2021
==========================================================================

==========================================================================
Caching Murphi Release 5.5.0
Finite-state Concurrent System Verifier.

Caching Murphi Release 5.5.0 is based on various versions of Murphi.
Caching Murphi Release 5.5.0 :
Copyright (C) 2009-2012 by Sapienza University of Rome.
Murphi release 3.1 :
Copyright (C) 1992 - 1999 by the Board of Trustees of
Leland Stanford Junior University.

==========================================================================

Protocol: ./protocols/exec/German_node8/German_node8_inv213

Algorithm:
	Verification by breadth first search.
	with symmetry algorithm 3 -- Heuristic Small Memory Normalization
	with permutation trial limit 10.

Memory usage:

	* The size of each state is 680 bits (rounded up to 88 bytes).
	* The memory allocated for the hash table and state queue is
	  10485 Mbytes.
	  With two words of overhead per state, the maximum size of
	  the state space is 86802673 states.
	   * Use option "-k" or "-m" to increase this, if necessary.
	* Capacity in queue for breadth-first search: 8680267 states.
	   * Change the constant gPercentActiveStates in mu_prolog.inc
	     to increase this, if necessary.

Warning: No trace will not be printed in the case of protocol errors!
         Check the options if you want to have error traces.

Progress Report:

	100000 states explored in 4.16s, with 383990 rules fired and 66464 states in the queue.
	200000 states explored in 5.30s, with 791870 rules fired and 129468 states in the queue.
	300000 states explored in 6.69s, with 1204245 rules fired and 192211 states in the queue.
	400000 states explored in 8.13s, with 1652735 rules fired and 253295 states in the queue.
	500000 states explored in 9.81s, with 2047056 rules fired and 316357 states in the queue.
	600000 states explored in 11.68s, with 2481376 rules fired and 376712 states in the queue.
	700000 states explored in 13.74s, with 2931028 rules fired and 436177 states in the queue.
	800000 states explored in 15.96s, with 3394545 rules fired and 494817 states in the queue.
	900000 states explored in 18.33s, with 3906513 rules fired and 550036 states in the queue.
	1000000 states explored in 20.85s, with 4384763 rules fired and 606715 states in the queue.
	1100000 states explored in 23.72s, with 4809843 rules fired and 665037 states in the queue.
	1200000 states explored in 26.74s, with 5248208 rules fired and 722376 states in the queue.
	1300000 states explored in 29.92s, with 5744714 rules fired and 774655 states in the queue.
	1400000 states explored in 33.24s, with 6223325 rules fired and 828502 states in the queue.
	1500000 states explored in 36.74s, with 6685797 rules fired and 883782 states in the queue.
	1600000 states explored in 40.58s, with 7220326 rules fired and 932708 states in the queue.
	1700000 states explored in 44.42s, with 7687327 rules fired and 987696 states in the queue.
	1800000 states explored in 48.64s, with 8228185 rules fired and 1036343 states in the queue.
	1900000 states explored in 52.55s, with 8763560 rules fired and 1085222 states in the queue.
	2000000 states explored in 57.09s, with 9324183 rules fired and 1132166 states in the queue.
	2100000 states explored in 61.53s, with 9940806 rules fired and 1174299 states in the queue.
	2200000 states explored in 67.13s, with 10447982 rules fired and 1224921 states in the queue.
	2300000 states explored in 71.75s, with 10876983 rules fired and 1279294 states in the queue.
	2400000 states explored in 76.90s, with 11383371 rules fired and 1326590 states in the queue.
	2500000 states explored in 81.88s, with 11820888 rules fired and 1380121 states in the queue.
	2600000 states explored in 87.13s, with 12319939 rules fired and 1428000 states in the queue.
	2700000 states explored in 91.89s, with 12832704 rules fired and 1474878 states in the queue.
	2800000 states explored in 97.32s, with 13379135 rules fired and 1518168 states in the queue.
	2900000 states explored in 103.14s, with 13986015 rules fired and 1556169 states in the queue.
	3000000 states explored in 108.66s, with 14428673 rules fired and 1609388 states in the queue.
	3100000 states explored in 114.67s, with 14937137 rules fired and 1656561 states in the queue.
	3200000 states explored in 120.15s, with 15453927 rules fired and 1703002 states in the queue.
	3300000 states explored in 126.40s, with 16004775 rules fired and 1745974 states in the queue.
	3400000 states explored in 133.08s, with 16599368 rules fired and 1784945 states in the queue.
	3500000 states explored in 139.04s, with 17114012 rules fired and 1831608 states in the queue.
	3600000 states explored in 145.76s, with 17646270 rules fired and 1876318 states in the queue.
	3700000 states explored in 153.23s, with 18281954 rules fired and 1911682 states in the queue.
	3800000 states explored in 159.48s, with 18812095 rules fired and 1956648 states in the queue.
	3900000 states explored in 166.43s, with 19448545 rules fired and 1991783 states in the queue.
	4000000 states explored in 173.82s, with 20039344 rules fired and 2030587 states in the queue.
	4100000 states explored in 181.70s, with 20715032 rules fired and 2062296 states in the queue.
	4200000 states explored in 189.84s, with 21424162 rules fired and 2090800 states in the queue.
	4300000 states explored in 197.19s, with 21963423 rules fired and 2135270 states in the queue.
	4400000 states explored in 204.32s, with 22422667 rules fired and 2184268 states in the queue.
	4500000 states explored in 210.39s, with 22861876 rules fired and 2235623 states in the queue.
	4600000 states explored in 217.29s, with 23362905 rules fired and 2281719 states in the queue.
	4700000 states explored in 224.05s, with 23898142 rules fired and 2324450 states in the queue.
	4800000 states explored in 231.31s, with 24379850 rules fired and 2371003 states in the queue.
	4900000 states explored in 238.20s, with 24864200 rules fired and 2418532 states in the queue.
	5000000 states explored in 246.02s, with 25398629 rules fired and 2461594 states in the queue.
	5100000 states explored in 253.77s, with 25933560 rules fired and 2504018 states in the queue.
	5200000 states explored in 260.10s, with 26467526 rules fired and 2547100 states in the queue.
	5300000 states explored in 267.39s, with 27033960 rules fired and 2586421 states in the queue.
	5400000 states explored in 275.89s, with 27625345 rules fired and 2623799 states in the queue.
	5500000 states explored in 284.63s, with 28268176 rules fired and 2654802 states in the queue.
	5600000 states explored in 293.75s, with 28852788 rules fired and 2691141 states in the queue.
	5700000 states explored in 301.07s, with 29326214 rules fired and 2739283 states in the queue.
	5800000 states explored in 309.24s, with 29846111 rules fired and 2784110 states in the queue.
	5900000 states explored in 318.05s, with 30394629 rules fired and 2824608 states in the queue.
	6000000 states explored in 325.01s, with 30913428 rules fired and 2869412 states in the queue.
	6100000 states explored in 332.83s, with 31479865 rules fired and 2908433 states in the queue.
	6200000 states explored in 342.50s, with 32072422 rules fired and 2946112 states in the queue.
	6300000 states explored in 351.09s, with 32685294 rules fired and 2980120 states in the queue.
	6400000 states explored in 361.68s, with 33342992 rules fired and 3009800 states in the queue.
	6500000 states explored in 369.26s, with 33854707 rules fired and 3054683 states in the queue.
	6600000 states explored in 377.81s, with 34423987 rules fired and 3094045 states in the queue.
	6700000 states explored in 388.22s, with 35013598 rules fired and 3131329 states in the queue.
	6800000 states explored in 397.71s, with 35624178 rules fired and 3166140 states in the queue.
	6900000 states explored in 409.35s, with 36302622 rules fired and 3193925 states in the queue.
	7000000 states explored in 418.53s, with 36888169 rules fired and 3231318 states in the queue.
	7100000 states explored in 426.90s, with 37492206 rules fired and 3266582 states in the queue.
	7200000 states explored in 438.31s, with 38192629 rules fired and 3292071 states in the queue.
	7300000 states explored in 449.23s, with 38827444 rules fired and 3323976 states in the queue.
	7400000 states explored in 461.37s, with 39541702 rules fired and 3347663 states in the queue.
	7500000 states explored in 474.77s, with 40293574 rules fired and 3366514 states in the queue.
	7600000 states explored in 490.68s, with 41193341 rules fired and 3374318 states in the queue.
	7700000 states explored in 498.08s, with 41587812 rules fired and 3428352 states in the queue.
	7800000 states explored in 506.53s, with 42028027 rules fired and 3479615 states in the queue.
	7900000 states explored in 515.69s, with 42513249 rules fired and 3528448 states in the queue.
	8000000 states explored in 525.25s, with 43008262 rules fired and 3574923 states in the queue.
	8100000 states explored in 532.08s, with 43475821 rules fired and 3624431 states in the queue.
	8200000 states explored in 539.86s, with 44003386 rules fired and 3668537 states in the queue.
	8300000 states explored in 548.94s, with 44510402 rules fired and 3714431 states in the queue.
	8400000 states explored in 557.97s, with 45075373 rules fired and 3755733 states in the queue.
	8500000 states explored in 569.14s, with 45697530 rules fired and 3789636 states in the queue.
	8600000 states explored in 577.95s, with 46186171 rules fired and 3836404 states in the queue.
	8700000 states explored in 585.76s, with 46661290 rules fired and 3885114 states in the queue.
	8800000 states explored in 594.86s, with 47181992 rules fired and 3930053 states in the queue.
	8900000 states explored in 605.83s, with 47716909 rules fired and 3973521 states in the queue.
	9000000 states explored in 616.40s, with 48282668 rules fired and 4014213 states in the queue.
	9100000 states explored in 630.09s, with 48904332 rules fired and 4047789 states in the queue.
	9200000 states explored in 638.09s, with 49415976 rules fired and 4093302 states in the queue.
	9300000 states explored in 645.80s, with 49982697 rules fired and 4134548 states in the queue.
	9400000 states explored in 655.34s, with 50599554 rules fired and 4168408 states in the queue.
	9500000 states explored in 664.94s, with 51183907 rules fired and 4207373 states in the queue.
	9600000 states explored in 677.44s, with 51808560 rules fired and 4240368 states in the queue.
	9700000 states explored in 688.04s, with 52436138 rules fired and 4273668 states in the queue.
	9800000 states explored in 701.83s, with 53155072 rules fired and 4295569 states in the queue.
	9900000 states explored in 713.61s, with 53755789 rules fired and 4327952 states in the queue.
	10000000 states explored in 721.44s, with 54228646 rules fired and 4376844 states in the queue.
	10100000 states explored in 730.38s, with 54751729 rules fired and 4421446 states in the queue.
	10200000 states explored in 742.37s, with 55287558 rules fired and 4465016 states in the queue.
	10300000 states explored in 751.95s, with 55839542 rules fired and 4507232 states in the queue.
	10400000 states explored in 765.71s, with 56499743 rules fired and 4537534 states in the queue.
	10500000 states explored in 774.02s, with 56973229 rules fired and 4586327 states in the queue.
	10600000 states explored in 782.31s, with 57522586 rules fired and 4628997 states in the queue.
	10700000 states explored in 791.56s, with 58121656 rules fired and 4665809 states in the queue.
	10800000 states explored in 801.90s, with 58719041 rules fired and 4701909 states in the queue.
	10900000 states explored in 814.55s, with 59329626 rules fired and 4738447 states in the queue.
	11000000 states explored in 827.19s, with 59965449 rules fired and 4769916 states in the queue.
	11100000 states explored in 840.71s, with 60673839 rules fired and 4793973 states in the queue.
	11200000 states explored in 855.23s, with 61357497 rules fired and 4816817 states in the queue.
	11300000 states explored in 865.78s, with 61892528 rules fired and 4860430 states in the queue.
	11400000 states explored in 874.92s, with 62445656 rules fired and 4902626 states in the queue.
	11500000 states explored in 887.47s, with 63103542 rules fired and 4933020 states in the queue.
	11600000 states explored in 898.82s, with 63641432 rules fired and 4975930 states in the queue.
	11700000 states explored in 916.24s, with 64299294 rules fired and 5006088 states in the queue.
	11800000 states explored in 929.01s, with 64930825 rules fired and 5038526 states in the queue.
	11900000 states explored in 946.03s, with 65647615 rules fired and 5060544 states in the queue.
	12000000 states explored in 959.95s, with 66286950 rules fired and 5090085 states in the queue.
	12100000 states explored in 971.55s, with 66899143 rules fired and 5125829 states in the queue.
	12200000 states explored in 982.91s, with 67542984 rules fired and 5158004 states in the queue.
	12300000 states explored in 996.89s, with 68245000 rules fired and 5181046 states in the queue.
	12400000 states explored in 1012.95s, with 68971869 rules fired and 5201011 states in the queue.
	12500000 states explored in 1027.33s, with 69640273 rules fired and 5229164 states in the queue.
	12600000 states explored in 1047.57s, with 70426101 rules fired and 5241304 states in the queue.
	12700000 states explored in 1064.37s, with 71190235 rules fired and 5256408 states in the queue.
	12800000 states explored in 1086.25s, with 72068079 rules fired and 5256794 states in the queue.
	12900000 states explored in 1101.93s, with 72755523 rules fired and 5280048 states in the queue.
	13000000 states explored in 1110.74s, with 73169469 rules fired and 5334144 states in the queue.
	13100000 states explored in 1120.50s, with 73647882 rules fired and 5383025 states in the queue.
	13200000 states explored in 1130.87s, with 74099749 rules fired and 5434803 states in the queue.
	13300000 states explored in 1144.43s, with 74607043 rules fired and 5481992 states in the queue.
	13400000 states explored in 1155.30s, with 75112710 rules fired and 5528670 states in the queue.
	13500000 states explored in 1169.94s, with 75672531 rules fired and 5570044 states in the queue.
	13600000 states explored in 1182.38s, with 76177775 rules fired and 5616482 states in the queue.
	13700000 states explored in 1192.05s, with 76685095 rules fired and 5663480 states in the queue.
	13800000 states explored in 1199.24s, with 77175425 rules fired and 5711312 states in the queue.
	13900000 states explored in 1208.20s, with 77720685 rules fired and 5754808 states in the queue.
	14000000 states explored in 1217.94s, with 78267063 rules fired and 5796966 states in the queue.
	14100000 states explored in 1228.91s, with 78796024 rules fired and 5841530 states in the queue.
	14200000 states explored in 1244.37s, with 79408503 rules fired and 5878474 states in the queue.
	14300000 states explored in 1253.88s, with 79964016 rules fired and 5920386 states in the queue.
	14400000 states explored in 1266.82s, with 80593645 rules fired and 5954265 states in the queue.
	14500000 states explored in 1282.50s, with 81272491 rules fired and 5981172 states in the queue.
	14600000 states explored in 1292.06s, with 81711954 rules fired and 6033522 states in the queue.
	14700000 states explored in 1302.47s, with 82215274 rules fired and 6080728 states in the queue.
	14800000 states explored in 1312.33s, with 82732048 rules fired and 6126289 states in the queue.
	14900000 states explored in 1325.41s, with 83354318 rules fired and 6162498 states in the queue.
	15000000 states explored in 1336.91s, with 83842585 rules fired and 6210483 states in the queue.
	15100000 states explored in 1351.10s, with 84388588 rules fired and 6253955 states in the queue.
	15200000 states explored in 1367.55s, with 84973462 rules fired and 6292669 states in the queue.
	15300000 states explored in 1381.52s, with 85584038 rules fired and 6329230 states in the queue.
	15400000 states explored in 1399.85s, with 86225777 rules fired and 6361790 states in the queue.
	15500000 states explored in 1417.11s, with 86816730 rules fired and 6397512 states in the queue.
	15600000 states explored in 1426.66s, with 87350131 rules fired and 6441738 states in the queue.
	15700000 states explored in 1438.07s, with 87958275 rules fired and 6478939 states in the queue.
	15800000 states explored in 1446.48s, with 88518060 rules fired and 6520345 states in the queue.
	15900000 states explored in 1456.91s, with 89149957 rules fired and 6554213 states in the queue.
	16000000 states explored in 1468.62s, with 89832265 rules fired and 6580757 states in the queue.
	16100000 states explored in 1479.97s, with 90400477 rules fired and 6621019 states in the queue.
	16200000 states explored in 1495.56s, with 91041327 rules fired and 6654798 states in the queue.
	16300000 states explored in 1514.29s, with 91721581 rules fired and 6680707 states in the queue.
	16400000 states explored in 1526.74s, with 92387302 rules fired and 6711686 states in the queue.
	16500000 states explored in 1545.72s, with 93117752 rules fired and 6729769 states in the queue.
	16600000 states explored in 1562.51s, with 93813405 rules fired and 6748394 states in the queue.
	16700000 states explored in 1573.52s, with 94279006 rules fired and 6799175 states in the queue.
	16800000 states explored in 1584.12s, with 94769529 rules fired and 6847004 states in the queue.
	16900000 states explored in 1594.41s, with 95309181 rules fired and 6890739 states in the queue.
	17000000 states explored in 1605.93s, with 95901578 rules fired and 6929203 states in the queue.
	17100000 states explored in 1619.14s, with 96407441 rules fired and 6976086 states in the queue.
	17200000 states explored in 1636.04s, with 96968263 rules fired and 7017220 states in the queue.
	17300000 states explored in 1652.07s, with 97550820 rules fired and 7057142 states in the queue.
	17400000 states explored in 1664.99s, with 98157482 rules fired and 7093703 states in the queue.
	17500000 states explored in 1682.65s, with 98825070 rules fired and 7122832 states in the queue.
	17600000 states explored in 1696.54s, with 99380218 rules fired and 7162756 states in the queue.
	17700000 states explored in 1708.07s, with 99927828 rules fired and 7206183 states in the queue.
	17800000 states explored in 1719.61s, with 100520951 rules fired and 7244632 states in the queue.
	17900000 states explored in 1728.67s, with 101104015 rules fired and 7282933 states in the queue.
	18000000 states explored in 1740.01s, with 101740567 rules fired and 7316831 states in the queue.
	18100000 states explored in 1752.30s, with 102396444 rules fired and 7345950 states in the queue.
	18200000 states explored in 1765.97s, with 102994090 rules fired and 7383473 states in the queue.
	18300000 states explored in 1784.53s, with 103622484 rules fired and 7417549 states in the queue.
	18400000 states explored in 1801.35s, with 104310468 rules fired and 7444635 states in the queue.
	18500000 states explored in 1814.95s, with 104991493 rules fired and 7470787 states in the queue.
	18600000 states explored in 1833.19s, with 105724519 rules fired and 7489322 states in the queue.
	18700000 states explored in 1848.43s, with 106386052 rules fired and 7513119 states in the queue.
	18800000 states explored in 1860.20s, with 106909524 rules fired and 7558322 states in the queue.
	18900000 states explored in 1875.68s, with 107530886 rules fired and 7594476 states in the queue.
	19000000 states explored in 1885.56s, with 108080883 rules fired and 7637585 states in the queue.
	19100000 states explored in 1898.59s, with 108696371 rules fired and 7671988 states in the queue.
	19200000 states explored in 1913.45s, with 109402032 rules fired and 7696324 states in the queue.
	19300000 states explored in 1926.61s, with 109955997 rules fired and 7738551 states in the queue.
	19400000 states explored in 1945.56s, with 110583132 rules fired and 7772499 states in the queue.
	19500000 states explored in 1970.24s, with 111282127 rules fired and 7797222 states in the queue.
	19600000 states explored in 1984.58s, with 111926586 rules fired and 7829612 states in the queue.
	19700000 states explored in 2004.54s, with 112654006 rules fired and 7849291 states in the queue.
	19800000 states explored in 2025.49s, with 113409611 rules fired and 7862000 states in the queue.
	19900000 states explored in 2036.70s, with 113988820 rules fired and 7901138 states in the queue.
	20000000 states explored in 2051.02s, with 114632667 rules fired and 7934902 states in the queue.
	20100000 states explored in 2065.02s, with 115303926 rules fired and 7961535 states in the queue.
	20200000 states explored in 2076.49s, with 115969290 rules fired and 7991002 states in the queue.
	20300000 states explored in 2092.24s, with 116719674 rules fired and 8008743 states in the queue.
	20400000 states explored in 2109.36s, with 117457974 rules fired and 8024252 states in the queue.
	20500000 states explored in 2126.21s, with 118132060 rules fired and 8050656 states in the queue.
	20600000 states explored in 2150.21s, with 118868067 rules fired and 8069249 states in the queue.
	20700000 states explored in 2168.65s, with 119637836 rules fired and 8081183 states in the queue.
	20800000 states explored in 2189.04s, with 120450161 rules fired and 8085062 states in the queue.
	20900000 states explored in 2212.79s, with 121323874 rules fired and 8078261 states in the queue.
	21000000 states explored in 2224.11s, with 121862734 rules fired and 8117706 states in the queue.
	21100000 states explored in 2236.35s, with 122284135 rules fired and 8169670 states in the queue.
	21200000 states explored in 2247.77s, with 122735503 rules fired and 8220377 states in the queue.
	21300000 states explored in 2259.46s, with 123213216 rules fired and 8268695 states in the queue.
	21400000 states explored in 2272.52s, with 123735596 rules fired and 8313268 states in the queue.
	21500000 states explored in 2286.81s, with 124247500 rules fired and 8359656 states in the queue.
	21600000 states explored in 2300.47s, with 124719303 rules fired and 8408657 states in the queue.
	21700000 states explored in 2317.64s, with 125235523 rules fired and 8454374 states in the queue.
	21800000 states explored in 2336.83s, with 125770497 rules fired and 8497718 states in the queue.
	21900000 states explored in 2350.32s, with 126290311 rules fired and 8542493 states in the queue.
	22000000 states explored in 2366.37s, with 126865924 rules fired and 8584158 states in the queue.
	22100000 states explored in 2387.55s, with 127445701 rules fired and 8622620 states in the queue.
	22200000 states explored in 2410.56s, with 128058261 rules fired and 8659437 states in the queue.

Error:

	Internal Error: Too many active states.



