This program should be regarded as a DEBUGGING aid, not as a 
certifier of correctness.
Call with the -l flag or read the license file for terms
and conditions of use.
Run this program with "-h" for the list of options.

Bugs, questions, and comments should be directed to
"melatti@di.uniroma1.it".

CMurphi compiler last modified date: Jul 24 2024
Include files last modified date:    Jul 23 2021
==========================================================================

==========================================================================
Caching Murphi Release 5.5.0
Finite-state Concurrent System Verifier.

Caching Murphi Release 5.5.0 is based on various versions of Murphi.
Caching Murphi Release 5.5.0 :
Copyright (C) 2009-2012 by Sapienza University of Rome.
Murphi release 3.1 :
Copyright (C) 1992 - 1999 by the Board of Trustees of
Leland Stanford Junior University.

==========================================================================

Protocol: ./protocols/exec/TL-C_NonIn_M_data/TL-C_NonIn_M_data_inv35
===========================================
  You are using EDMC algorithm.  
===========================================

===== Startstates are generated! =====
Carelist Layer 0: Tree[1].cache[1].state Tree[2].cache[1].state Tree[3].cache[1].state Tree[4].cache[1].state Tree[5].cache[1].state Tree[6].cache[1].state Tree[7].cache[1].state 
Carelist Layer 1: Tree[node].chanA[node].opcode Tree[node].chanA[node].para Tree[node].chanA[node].addr Tree[node].cache[node].state Tree[node].directory[node][node] Tree[node].master_pending[node] Tree[node].chanC[node].opcode Tree[node].chanB[node].opcode Tree[node].chanB[node].para Tree[node].chanB[node].addr Tree[node].chanD[node].opcode Tree[node].chanD[node].para Tree[node].chanD[node].addr Tree[node].chanC[node].para Tree[node].chanC[node].addr Tree[node].slave_pending[node][node] 
Carelist Layer 2: Tree[node].chanE[node].opcode Tree[node].chanE[node].addr 
Attr: Tree[node].chanE[node].opcode Level: 2 Wi: 2
Attr: Tree[node].chanC[node].addr Level: 1 Wi: 4
Attr: Tree[node].chanC[node].para Level: 1 Wi: 4
Attr: Tree[node].chanD[node].addr Level: 1 Wi: 4
Attr: Tree[node].chanD[node].opcode Level: 1 Wi: 4
Attr: Tree[node].slave_pending[node][node] Level: 1 Wi: 4
Attr: Tree[6].cache[1].state Level: 0 Wi: 8
Attr: Tree[2].cache[1].state Level: 0 Wi: 8
Attr: Tree[5].cache[1].state Level: 0 Wi: 8
Attr: Tree[node].chanB[node].addr Level: 1 Wi: 4
Attr: Tree[4].cache[1].state Level: 0 Wi: 8
Attr: Tree[node].chanD[node].para Level: 1 Wi: 4
Attr: Tree[node].master_pending[node] Level: 1 Wi: 4
Attr: Tree[3].cache[1].state Level: 0 Wi: 8
Attr: Tree[node].cache[node].state Level: 1 Wi: 4
Attr: Tree[7].cache[1].state Level: 0 Wi: 8
Attr: Tree[node].chanA[node].opcode Level: 1 Wi: 4
Attr: Tree[node].chanA[node].para Level: 1 Wi: 4
Attr: Tree[node].directory[node][node] Level: 1 Wi: 4
Attr: Tree[node].chanA[node].addr Level: 1 Wi: 4
Attr: Tree[1].cache[1].state Level: 0 Wi: 8
Attr: Tree[node].chanC[node].opcode Level: 1 Wi: 4
Attr: Tree[node].chanB[node].opcode Level: 1 Wi: 4
Attr: Tree[node].chanE[node].addr Level: 2 Wi: 2
Attr: Tree[node].chanB[node].para Level: 1 Wi: 4

===== Init heuristics! =====

Progress Report:

	100000 states explored in 28.11s, with 319068 rules fired and 77736 states in the queue.
	200000 states explored in 32.50s, with 727394 rules fired and 146430 states in the queue.
	300000 states explored in 35.74s, with 1024568 rules fired and 222805 states in the queue.
	400000 states explored in 41.88s, with 1579304 rules fired and 276782 states in the queue.
	500000 states explored in 44.58s, with 1819894 rules fired and 355691 states in the queue.
	600000 states explored in 48.31s, with 2151633 rules fired and 427788 states in the queue.
	700000 states explored in 55.48s, with 2800388 rules fired and 474713 states in the queue.
	800000 states explored in 61.22s, with 3325803 rules fired and 531968 states in the queue.
	900000 states explored in 66.24s, with 3795261 rules fired and 595862 states in the queue.
	1000000 states explored in 69.74s, with 4103503 rules fired and 667764 states in the queue.
	1100000 states explored in 72.07s, with 4313211 rules fired and 750323 states in the queue.
	1200000 states explored in 74.63s, with 4550248 rules fired and 832480 states in the queue.
	1300000 states explored in 77.77s, with 4831647 rules fired and 909240 states in the queue.
	1400000 states explored in 83.59s, with 5344403 rules fired and 964779 states in the queue.
	1500000 states explored in 91.36s, with 6033888 rules fired and 1004819 states in the queue.
	1600000 states explored in 102.31s, with 7012148 rules fired and 1020545 states in the queue.
	1700000 states explored in 105.75s, with 7319874 rules fired and 1094153 states in the queue.
	1800000 states explored in 108.01s, with 7529180 rules fired and 1177880 states in the queue.
	1900000 states explored in 110.29s, with 7728895 rules fired and 1259944 states in the queue.
	2000000 states explored in 113.05s, with 7973094 rules fired and 1338215 states in the queue.
	2100000 states explored in 116.30s, with 8261364 rules fired and 1412690 states in the queue.
	2200000 states explored in 119.09s, with 8504126 rules fired and 1490983 states in the queue.
	2300000 states explored in 122.58s, with 8806921 rules fired and 1563722 states in the queue.
	2400000 states explored in 126.95s, with 9186316 rules fired and 1629431 states in the queue.
	2500000 states explored in 132.81s, with 9714348 rules fired and 1685796 states in the queue.
	2600000 states explored in 139.52s, with 10320796 rules fired and 1736204 states in the queue.
	2700000 states explored in 145.86s, with 10907848 rules fired and 1791280 states in the queue.
	2800000 states explored in 152.35s, with 11498866 rules fired and 1843106 states in the queue.
	2900000 states explored in 159.79s, with 12141729 rules fired and 1882902 states in the queue.
	3000000 states explored in 172.47s, with 13264280 rules fired and 1883522 states in the queue.
	3100000 states explored in 177.67s, with 13724830 rules fired and 1941715 states in the queue.
	3200000 states explored in 180.26s, with 13947752 rules fired and 2019908 states in the queue.
	3300000 states explored in 182.31s, with 14118681 rules fired and 2102282 states in the queue.
	3400000 states explored in 184.47s, with 14306071 rules fired and 2184814 states in the queue.
	3500000 states explored in 187.12s, with 14542689 rules fired and 2265017 states in the queue.
	3600000 states explored in 190.88s, with 14873433 rules fired and 2335701 states in the queue.
	3700000 states explored in 193.90s, with 15149373 rules fired and 2413730 states in the queue.
	3800000 states explored in 196.41s, with 15385224 rules fired and 2496228 states in the queue.
	3900000 states explored in 199.62s, with 15687005 rules fired and 2573663 states in the queue.
	4000000 states explored in 202.33s, with 15933960 rules fired and 2654008 states in the queue.
	4100000 states explored in 205.32s, with 16214096 rules fired and 2733533 states in the queue.
	4200000 states explored in 208.27s, with 16499704 rules fired and 2814832 states in the queue.
	4300000 states explored in 211.35s, with 16785243 rules fired and 2893108 states in the queue.
	4400000 states explored in 214.05s, with 17035404 rules fired and 2974214 states in the queue.
	4500000 states explored in 217.33s, with 17352447 rules fired and 3053085 states in the queue.
	4600000 states explored in 221.44s, with 17737596 rules fired and 3124887 states in the queue.
	4700000 states explored in 227.33s, with 18281484 rules fired and 3182552 states in the queue.
	4800000 states explored in 233.48s, with 18827605 rules fired and 3235316 states in the queue.
	4900000 states explored in 240.69s, with 19479318 rules fired and 3281370 states in the queue.
	5000000 states explored in 248.80s, with 20195432 rules fired and 3318064 states in the queue.
	5100000 states explored in 255.45s, with 20785324 rules fired and 3365951 states in the queue.
	5200000 states explored in 261.29s, with 21325078 rules fired and 3423228 states in the queue.
	5300000 states explored in 268.69s, with 21984009 rules fired and 3466066 states in the queue.
	5400000 states explored in 278.05s, with 22792129 rules fired and 3490520 states in the queue.
	5500000 states explored in 287.27s, with 23587137 rules fired and 3516337 states in the queue.
	5600000 states explored in 295.91s, with 24376827 rules fired and 3553213 states in the queue.
	5700000 states explored in 304.70s, with 25173536 rules fired and 3588711 states in the queue.
	5800000 states explored in 308.93s, with 25557618 rules fired and 3656017 states in the queue.
	5900000 states explored in 312.05s, with 25878031 rules fired and 3735531 states in the queue.
	6000000 states explored in 314.96s, with 26169405 rules fired and 3815235 states in the queue.
	6100000 states explored in 318.76s, with 26551600 rules fired and 3888897 states in the queue.
	6200000 states explored in 321.58s, with 26830618 rules fired and 3968768 states in the queue.
	6300000 states explored in 324.96s, with 27160490 rules fired and 4044144 states in the queue.
	6400000 states explored in 329.04s, with 27559270 rules fired and 4114016 states in the queue.
	6500000 states explored in 333.08s, with 27959676 rules fired and 4184988 states in the queue.
	6600000 states explored in 335.53s, with 28199884 rules fired and 4267705 states in the queue.
	6700000 states explored in 338.28s, with 28466190 rules fired and 4347393 states in the queue.
	6800000 states explored in 341.63s, with 28786982 rules fired and 4421506 states in the queue.
	6900000 states explored in 345.13s, with 29121317 rules fired and 4494686 states in the queue.
	7000000 states explored in 348.79s, with 29470273 rules fired and 4566736 states in the queue.
	7100000 states explored in 352.72s, with 29847530 rules fired and 4637699 states in the queue.
	7200000 states explored in 357.14s, with 30273631 rules fired and 4704549 states in the queue.
	7300000 states explored in 362.25s, with 30766291 rules fired and 4765830 states in the queue.
	7400000 states explored in 365.31s, with 31062000 rules fired and 4842756 states in the queue.
	7500000 states explored in 368.14s, with 31340819 rules fired and 4922965 states in the queue.
	7600000 states explored in 369.95s, with 31508668 rules fired and 5009097 states in the queue.
	7700000 states explored in 372.45s, with 31745779 rules fired and 5090245 states in the queue.
	7800000 states explored in 375.28s, with 32018255 rules fired and 5169162 states in the queue.
	7900000 states explored in 378.25s, with 32311235 rules fired and 5248099 states in the queue.
	8000000 states explored in 381.56s, with 32621251 rules fired and 5322237 states in the queue.
	8100000 states explored in 385.17s, with 32972195 rules fired and 5396005 states in the queue.
	8200000 states explored in 388.49s, with 33289343 rules fired and 5471042 states in the queue.
	8300000 states explored in 392.52s, with 33661870 rules fired and 5539225 states in the queue.
	8400000 states explored in 396.21s, with 34018139 rules fired and 5611770 states in the queue.
	8500000 states explored in 400.46s, with 34409663 rules fired and 5677388 states in the queue.
	8600000 states explored in 405.50s, with 34873897 rules fired and 5736171 states in the queue.
	8700000 states explored in 409.76s, with 35274666 rules fired and 5803124 states in the queue.
	8800000 states explored in 414.44s, with 35713221 rules fired and 5866601 states in the queue.
	8900000 states explored in 418.81s, with 36130685 rules fired and 5933437 states in the queue.
	9000000 states explored in 423.01s, with 36542082 rules fired and 6002831 states in the queue.
	9100000 states explored in 424.87s, with 36722657 rules fired and 6089362 states in the queue.
	9200000 states explored in 427.29s, with 36965766 rules fired and 6172755 states in the queue.
	9300000 states explored in 429.95s, with 37223728 rules fired and 6253072 states in the queue.
	9400000 states explored in 432.49s, with 37477434 rules fired and 6335676 states in the queue.
	9500000 states explored in 435.09s, with 37722112 rules fired and 6415356 states in the queue.
	9600000 states explored in 437.66s, with 37966130 rules fired and 6496088 states in the queue.
	9700000 states explored in 440.42s, with 38227949 rules fired and 6574889 states in the queue.
	9800000 states explored in 443.54s, with 38513969 rules fired and 6649602 states in the queue.
	9900000 states explored in 446.60s, with 38802643 rules fired and 6725378 states in the queue.
	10000000 states explored in 449.85s, with 39097586 rules fired and 6798373 states in the queue.
	10100000 states explored in 452.91s, with 39378266 rules fired and 6873840 states in the queue.
	10200000 states explored in 455.72s, with 39661478 rules fired and 6954828 states in the queue.
	10300000 states explored in 458.99s, with 39964724 rules fired and 7028829 states in the queue.
	10400000 states explored in 462.28s, with 40266420 rules fired and 7102716 states in the queue.
	10500000 states explored in 465.68s, with 40579266 rules fired and 7175387 states in the queue.
	10600000 states explored in 469.24s, with 40930685 rules fired and 7250295 states in the queue.
	10700000 states explored in 472.95s, with 41265296 rules fired and 7320233 states in the queue.
	10800000 states explored in 475.67s, with 41535224 rules fired and 7401298 states in the queue.
	10900000 states explored in 479.71s, with 41916757 rules fired and 7470508 states in the queue.
	11000000 states explored in 483.82s, with 42286067 rules fired and 7536614 states in the queue.
	11100000 states explored in 487.52s, with 42634634 rules fired and 7608491 states in the queue.
	11200000 states explored in 490.87s, with 42972323 rules fired and 7685970 states in the queue.
	11300000 states explored in 495.53s, with 43406822 rules fired and 7749516 states in the queue.
	11400000 states explored in 499.58s, with 43786554 rules fired and 7818195 states in the queue.
	11500000 states explored in 502.68s, with 44075588 rules fired and 7894141 states in the queue.
	11600000 states explored in 507.27s, with 44499870 rules fired and 7958055 states in the queue.
	11700000 states explored in 514.69s, with 45179142 rules fired and 7995890 states in the queue.
	11800000 states explored in 518.00s, with 45487147 rules fired and 8070559 states in the queue.
	11900000 states explored in 522.11s, with 45880345 rules fired and 8139268 states in the queue.
	12000000 states explored in 527.23s, with 46368775 rules fired and 8199991 states in the queue.
	12100000 states explored in 532.16s, with 46818537 rules fired and 8260264 states in the queue.
	12200000 states explored in 534.78s, with 47064543 rules fired and 8339546 states in the queue.
	12300000 states explored in 537.29s, with 47320719 rules fired and 8423925 states in the queue.
	12400000 states explored in 540.62s, with 47651057 rules fired and 8500678 states in the queue.
	12500000 states explored in 543.65s, with 47937816 rules fired and 8577266 states in the queue.
	12600000 states explored in 546.12s, with 48168342 rules fired and 8658911 states in the queue.
	12700000 states explored in 548.73s, with 48405769 rules fired and 8738468 states in the queue.
	12800000 states explored in 551.23s, with 48631115 rules fired and 8819347 states in the queue.
	12900000 states explored in 554.40s, with 48916357 rules fired and 8894845 states in the queue.
	13000000 states explored in 557.74s, with 49220044 rules fired and 8968752 states in the queue.
	13100000 states explored in 560.81s, with 49505669 rules fired and 9046133 states in the queue.
	13200000 states explored in 563.57s, with 49767576 rules fired and 9125910 states in the queue.
	13300000 states explored in 566.27s, with 50018285 rules fired and 9205809 states in the queue.
	13400000 states explored in 568.96s, with 50264816 rules fired and 9285052 states in the queue.
	13500000 states explored in 572.08s, with 50565636 rules fired and 9362067 states in the queue.
	13600000 states explored in 575.26s, with 50895447 rules fired and 9442052 states in the queue.
	13700000 states explored in 579.04s, with 51277649 rules fired and 9516965 states in the queue.
	13800000 states explored in 581.97s, with 51553030 rules fired and 9594245 states in the queue.
	13900000 states explored in 585.51s, with 51873421 rules fired and 9665434 states in the queue.
	14000000 states explored in 588.63s, with 52150903 rules fired and 9739555 states in the queue.
	14100000 states explored in 591.62s, with 52426865 rules fired and 9816125 states in the queue.
	14200000 states explored in 594.83s, with 52764685 rules fired and 9896768 states in the queue.
	14300000 states explored in 598.48s, with 53128974 rules fired and 9971808 states in the queue.
	14400000 states explored in 602.82s, with 53541478 rules fired and 10039105 states in the queue.
	14500000 states explored in 606.33s, with 53877725 rules fired and 10113334 states in the queue.
	14600000 states explored in 609.40s, with 54193371 rules fired and 10193236 states in the queue.
	14700000 states explored in 612.67s, with 54522896 rules fired and 10271064 states in the queue.
	14800000 states explored in 617.04s, with 54951028 rules fired and 10339697 states in the queue.
	14900000 states explored in 619.86s, with 55205576 rules fired and 10416939 states in the queue.
	15000000 states explored in 622.69s, with 55490811 rules fired and 10497802 states in the queue.
	15100000 states explored in 625.88s, with 55816372 rules fired and 10576692 states in the queue.
	15200000 states explored in 629.74s, with 56172452 rules fired and 10645824 states in the queue.
	15300000 states explored in 633.65s, with 56523566 rules fired and 10713138 states in the queue.
	15400000 states explored in 637.17s, with 56841766 rules fired and 10785152 states in the queue.
	15500000 states explored in 640.62s, with 57156000 rules fired and 10857940 states in the queue.
	15600000 states explored in 644.15s, with 57474531 rules fired and 10929708 states in the queue.
	15700000 states explored in 647.13s, with 57763882 rules fired and 11009019 states in the queue.
	15800000 states explored in 650.74s, with 58121854 rules fired and 11084719 states in the queue.
	15900000 states explored in 654.55s, with 58493205 rules fired and 11157816 states in the queue.
	16000000 states explored in 658.13s, with 58822075 rules fired and 11229795 states in the queue.
	16100000 states explored in 662.33s, with 59181823 rules fired and 11294200 states in the queue.
	16200000 states explored in 666.50s, with 59539432 rules fired and 11358104 states in the queue.
	16300000 states explored in 670.47s, with 59901671 rules fired and 11426348 states in the queue.
	16400000 states explored in 674.93s, with 60306992 rules fired and 11489824 states in the queue.
	16500000 states explored in 679.07s, with 60664338 rules fired and 11554642 states in the queue.
	16600000 states explored in 682.80s, with 61003069 rules fired and 11624623 states in the queue.
	16700000 states explored in 686.60s, with 61349437 rules fired and 11693769 states in the queue.
	16800000 states explored in 690.55s, with 61719875 rules fired and 11763227 states in the queue.
	16900000 states explored in 694.54s, with 62085359 rules fired and 11831585 states in the queue.
	17000000 states explored in 698.50s, with 62442812 rules fired and 11899046 states in the queue.
	17100000 states explored in 702.21s, with 62779798 rules fired and 11968547 states in the queue.
	17200000 states explored in 705.90s, with 63137227 rules fired and 12041839 states in the queue.
	17300000 states explored in 709.94s, with 63551067 rules fired and 12115319 states in the queue.
	17400000 states explored in 713.68s, with 63895616 rules fired and 12185492 states in the queue.
	17500000 states explored in 717.16s, with 64221591 rules fired and 12258164 states in the queue.
	17600000 states explored in 720.52s, with 64558649 rules fired and 12334977 states in the queue.
	17700000 states explored in 724.15s, with 64914419 rules fired and 12408777 states in the queue.
	17800000 states explored in 727.58s, with 65249718 rules fired and 12484046 states in the queue.
	17900000 states explored in 731.75s, with 65658516 rules fired and 12553669 states in the queue.
	18000000 states explored in 738.53s, with 66290821 rules fired and 12599439 states in the queue.
	18100000 states explored in 743.57s, with 66768142 rules fired and 12661806 states in the queue.
	18200000 states explored in 746.63s, with 67075236 rules fired and 12741188 states in the queue.
	18300000 states explored in 750.06s, with 67416419 rules fired and 12817249 states in the queue.
	18400000 states explored in 754.05s, with 67813818 rules fired and 12889128 states in the queue.
	18500000 states explored in 759.22s, with 68324957 rules fired and 12952939 states in the queue.
	18600000 states explored in 761.92s, with 68587726 rules fired and 13033703 states in the queue.
	18700000 states explored in 765.19s, with 68925682 rules fired and 13112885 states in the queue.
	18800000 states explored in 768.16s, with 69216350 rules fired and 13191753 states in the queue.
	18900000 states explored in 771.03s, with 69476324 rules fired and 13267222 states in the queue.
	19000000 states explored in 774.45s, with 69798410 rules fired and 13340281 states in the queue.
	19100000 states explored in 777.84s, with 70107372 rules fired and 13412502 states in the queue.
	19200000 states explored in 780.54s, with 70348875 rules fired and 13490192 states in the queue.
	19300000 states explored in 781.90s, with 70469286 rules fired and 13579422 states in the queue.
	19400000 states explored in 783.19s, with 70586957 rules fired and 13669751 states in the queue.
	19500000 states explored in 784.50s, with 70706020 rules fired and 13759978 states in the queue.
	19600000 states explored in 787.34s, with 70986895 rules fired and 13840016 states in the queue.
	19700000 states explored in 790.42s, with 71282459 rules fired and 13917359 states in the queue.
	19800000 states explored in 791.74s, with 71401468 rules fired and 14006988 states in the queue.
	19900000 states explored in 794.23s, with 71641117 rules fired and 14088337 states in the queue.
	20000000 states explored in 797.80s, with 71980227 rules fired and 14161266 states in the queue.
	20100000 states explored in 799.82s, with 72167273 rules fired and 14245520 states in the queue.
	20200000 states explored in 801.56s, with 72323762 rules fired and 14331478 states in the queue.
	20300000 states explored in 803.88s, with 72550636 rules fired and 14415256 states in the queue.
	20400000 states explored in 806.62s, with 72818712 rules fired and 14495891 states in the queue.
	20500000 states explored in 809.80s, with 73129084 rules fired and 14572977 states in the queue.
	20600000 states explored in 813.08s, with 73447548 rules fired and 14649208 states in the queue.
	20700000 states explored in 816.72s, with 73800080 rules fired and 14722938 states in the queue.
	20800000 states explored in 820.65s, with 74178115 rules fired and 14794824 states in the queue.
	20900000 states explored in 824.90s, with 74588314 rules fired and 14864119 states in the queue.
	21000000 states explored in 829.42s, with 75027099 rules fired and 14931767 states in the queue.
	21100000 states explored in 834.31s, with 75515301 rules fired and 14998633 states in the queue.
	21200000 states explored in 838.29s, with 75913717 rules fired and 15071598 states in the queue.
	21300000 states explored in 840.51s, with 76136677 rules fired and 15156538 states in the queue.
	21400000 states explored in 842.91s, with 76369731 rules fired and 15239277 states in the queue.
	21500000 states explored in 845.39s, with 76613423 rules fired and 15321314 states in the queue.
	21600000 states explored in 848.08s, with 76873695 rules fired and 15401755 states in the queue.
	21700000 states explored in 851.52s, with 77221259 rules fired and 15478311 states in the queue.
	21800000 states explored in 854.32s, with 77490711 rules fired and 15557579 states in the queue.
	21900000 states explored in 856.68s, with 77719742 rules fired and 15640559 states in the queue.
	22000000 states explored in 859.07s, with 77960641 rules fired and 15724380 states in the queue.
	22100000 states explored in 861.81s, with 78237252 rules fired and 15806312 states in the queue.
	22200000 states explored in 865.35s, with 78593335 rules fired and 15882354 states in the queue.
	22300000 states explored in 869.26s, with 78974888 rules fired and 15953964 states in the queue.
	22400000 states explored in 872.75s, with 79309641 rules fired and 16028057 states in the queue.
	22500000 states explored in 876.55s, with 79664256 rules fired and 16099267 states in the queue.
	22600000 states explored in 879.76s, with 79966346 rules fired and 16175123 states in the queue.
	22700000 states explored in 883.31s, with 80329607 rules fired and 16253108 states in the queue.
	22800000 states explored in 887.01s, with 80697330 rules fired and 16328291 states in the queue.
	22900000 states explored in 890.87s, with 81075034 rules fired and 16401810 states in the queue.
	23000000 states explored in 894.37s, with 81403394 rules fired and 16475974 states in the queue.
	23100000 states explored in 897.88s, with 81727196 rules fired and 16548686 states in the queue.
	23200000 states explored in 901.45s, with 82050973 rules fired and 16619306 states in the queue.
	23300000 states explored in 904.35s, with 82321245 rules fired and 16696555 states in the queue.
	23400000 states explored in 907.52s, with 82619376 rules fired and 16772327 states in the queue.
	23500000 states explored in 910.63s, with 82915231 rules fired and 16850586 states in the queue.
	23600000 states explored in 913.67s, with 83203317 rules fired and 16927586 states in the queue.
	23700000 states explored in 917.24s, with 83529610 rules fired and 16998885 states in the queue.
	23800000 states explored in 920.52s, with 83831281 rules fired and 17072772 states in the queue.
	23900000 states explored in 924.03s, with 84161307 rules fired and 17145894 states in the queue.
	24000000 states explored in 928.11s, with 84522684 rules fired and 17210996 states in the queue.
	24100000 states explored in 932.20s, with 84912364 rules fired and 17279188 states in the queue.
	24200000 states explored in 935.90s, with 85259587 rules fired and 17349667 states in the queue.
	24300000 states explored in 940.24s, with 85670127 rules fired and 17415520 states in the queue.
	24400000 states explored in 944.56s, with 86045894 rules fired and 17477920 states in the queue.
	24500000 states explored in 948.50s, with 86388586 rules fired and 17543424 states in the queue.
	24600000 states explored in 951.94s, with 86694932 rules fired and 17614775 states in the queue.
	24700000 states explored in 955.78s, with 87052312 rules fired and 17684664 states in the queue.
	24800000 states explored in 958.83s, with 87336039 rules fired and 17760491 states in the queue.
	24900000 states explored in 961.83s, with 87644739 rules fired and 17841349 states in the queue.
	25000000 states explored in 965.28s, with 87980597 rules fired and 17916537 states in the queue.
	25100000 states explored in 968.68s, with 88314427 rules fired and 17991996 states in the queue.
	25200000 states explored in 971.85s, with 88637262 rules fired and 18071526 states in the queue.
	25300000 states explored in 976.08s, with 89072109 rules fired and 18144616 states in the queue.
	25400000 states explored in 980.47s, with 89477306 rules fired and 18211433 states in the queue.
	25500000 states explored in 984.11s, with 89796483 rules fired and 18280961 states in the queue.
	25600000 states explored in 987.95s, with 90161807 rules fired and 18353109 states in the queue.
	25700000 states explored in 991.69s, with 90496938 rules fired and 18422997 states in the queue.
	25800000 states explored in 995.14s, with 90825846 rules fired and 18497615 states in the queue.
	25900000 states explored in 999.26s, with 91187132 rules fired and 18562741 states in the queue.
	26000000 states explored in 1003.02s, with 91517625 rules fired and 18630428 states in the queue.
	26100000 states explored in 1006.66s, with 91842126 rules fired and 18699875 states in the queue.
	26200000 states explored in 1009.91s, with 92167277 rules fired and 18777654 states in the queue.
	26300000 states explored in 1013.81s, with 92553630 rules fired and 18850626 states in the queue.
	26400000 states explored in 1016.99s, with 92870653 rules fired and 18928728 states in the queue.
	26500000 states explored in 1020.66s, with 93250210 rules fired and 19005468 states in the queue.
	26600000 states explored in 1025.23s, with 93697366 rules fired and 19072606 states in the queue.
	26700000 states explored in 1030.39s, with 94173410 rules fired and 19132624 states in the queue.
	26800000 states explored in 1035.00s, with 94575465 rules fired and 19193017 states in the queue.
	26900000 states explored in 1039.66s, with 94990674 rules fired and 19254758 states in the queue.
	27000000 states explored in 1042.52s, with 95254962 rules fired and 19332444 states in the queue.
	27100000 states explored in 1045.65s, with 95548957 rules fired and 19408262 states in the queue.
	27200000 states explored in 1049.05s, with 95886995 rules fired and 19484616 states in the queue.
	27300000 states explored in 1052.48s, with 96224221 rules fired and 19560479 states in the queue.
	27400000 states explored in 1055.64s, with 96548954 rules fired and 19640619 states in the queue.
	27500000 states explored in 1059.70s, with 96985511 rules fired and 19717114 states in the queue.
	27600000 states explored in 1064.63s, with 97485899 rules fired and 19784451 states in the queue.
	27700000 states explored in 1069.35s, with 97916338 rules fired and 19846150 states in the queue.
	27800000 states explored in 1073.55s, with 98280858 rules fired and 19910290 states in the queue.
	27900000 states explored in 1078.64s, with 98723692 rules fired and 19967183 states in the queue.
	28000000 states explored in 1081.83s, with 99007815 rules fired and 20041297 states in the queue.
	28100000 states explored in 1085.85s, with 99393241 rules fired and 20112187 states in the queue.
	28200000 states explored in 1090.20s, with 99775000 rules fired and 20175668 states in the queue.
	28300000 states explored in 1093.38s, with 100089371 rules fired and 20253892 states in the queue.
	28400000 states explored in 1096.47s, with 100406832 rules fired and 20334373 states in the queue.
	28500000 states explored in 1100.03s, with 100785339 rules fired and 20413387 states in the queue.
	28600000 states explored in 1104.08s, with 101197148 rules fired and 20487422 states in the queue.
	28700000 states explored in 1108.34s, with 101616450 rules fired and 20558316 states in the queue.
	28800000 states explored in 1112.83s, with 102045129 rules fired and 20625329 states in the queue.
	28900000 states explored in 1117.61s, with 102487981 rules fired and 20688783 states in the queue.
	29000000 states explored in 1123.19s, with 102988632 rules fired and 20743439 states in the queue.
	29100000 states explored in 1127.21s, with 103357810 rules fired and 20811455 states in the queue.
	29200000 states explored in 1132.01s, with 103801624 rules fired and 20873500 states in the queue.
	29300000 states explored in 1135.96s, with 104160310 rules fired and 20942163 states in the queue.
	29400000 states explored in 1140.52s, with 104597111 rules fired and 21008577 states in the queue.
	29500000 states explored in 1144.19s, with 104949736 rules fired and 21082185 states in the queue.
	29600000 states explored in 1147.25s, with 105237375 rules fired and 21159278 states in the queue.
	29700000 states explored in 1150.84s, with 105560957 rules fired and 21230364 states in the queue.
	29800000 states explored in 1154.15s, with 105862922 rules fired and 21304546 states in the queue.
	29900000 states explored in 1157.64s, with 106185614 rules fired and 21378278 states in the queue.
	30000000 states explored in 1161.42s, with 106536926 rules fired and 21449739 states in the queue.
	30100000 states explored in 1165.63s, with 106909213 rules fired and 21515327 states in the queue.
	30200000 states explored in 1170.90s, with 107390977 rules fired and 21573103 states in the queue.
	30300000 states explored in 1174.41s, with 107696900 rules fired and 21643961 states in the queue.
	30400000 states explored in 1178.70s, with 108111363 rules fired and 21712195 states in the queue.
	30500000 states explored in 1182.94s, with 108512040 rules fired and 21780245 states in the queue.
	30600000 states explored in 1187.73s, with 108947782 rules fired and 21841786 states in the queue.
	30700000 states explored in 1192.57s, with 109418371 rules fired and 21906779 states in the queue.
	30800000 states explored in 1198.06s, with 109970549 rules fired and 21969194 states in the queue.
	30900000 states explored in 1200.09s, with 110163042 rules fired and 22054067 states in the queue.
	31000000 states explored in 1202.55s, with 110391269 rules fired and 22135761 states in the queue.
	31100000 states explored in 1205.46s, with 110670340 rules fired and 22214215 states in the queue.
	31200000 states explored in 1207.55s, with 110855154 rules fired and 22296609 states in the queue.
	31300000 states explored in 1210.16s, with 111095138 rules fired and 22375663 states in the queue.
	31400000 states explored in 1212.87s, with 111346281 rules fired and 22454225 states in the queue.
	31500000 states explored in 1214.82s, with 111517382 rules fired and 22537679 states in the queue.
	31600000 states explored in 1216.88s, with 111696659 rules fired and 22619745 states in the queue.
	31700000 states explored in 1218.95s, with 111888858 rules fired and 22703673 states in the queue.
	31800000 states explored in 1221.16s, with 112083683 rules fired and 22784931 states in the queue.
	31900000 states explored in 1223.58s, with 112298051 rules fired and 22864391 states in the queue.
	32000000 states explored in 1226.07s, with 112526505 rules fired and 22944565 states in the queue.
	32100000 states explored in 1228.80s, with 112786229 rules fired and 23024195 states in the queue.
	32200000 states explored in 1231.32s, with 113029054 rules fired and 23105901 states in the queue.
	32300000 states explored in 1233.93s, with 113285195 rules fired and 23187745 states in the queue.
	32400000 states explored in 1237.02s, with 113581257 rules fired and 23264892 states in the queue.
	32500000 states explored in 1239.73s, with 113846120 rules fired and 23345875 states in the queue.
	32600000 states explored in 1242.59s, with 114127475 rules fired and 23425547 states in the queue.
	32700000 states explored in 1245.27s, with 114388912 rules fired and 23506769 states in the queue.
	32800000 states explored in 1248.22s, with 114687023 rules fired and 23587471 states in the queue.
	32900000 states explored in 1252.01s, with 115071312 rules fired and 23662713 states in the queue.
	33000000 states explored in 1255.74s, with 115458378 rules fired and 23739405 states in the queue.
	33100000 states explored in 1258.61s, with 115729900 rules fired and 23817731 states in the queue.
	33200000 states explored in 1260.90s, with 115936131 rules fired and 23898883 states in the queue.
	33300000 states explored in 1263.38s, with 116166063 rules fired and 23979863 states in the queue.
	33400000 states explored in 1265.88s, with 116391303 rules fired and 24059330 states in the queue.
	33500000 states explored in 1268.50s, with 116632694 rules fired and 24138495 states in the queue.
	33600000 states explored in 1270.91s, with 116862697 rules fired and 24220869 states in the queue.
	33700000 states explored in 1273.56s, with 117117588 rules fired and 24301648 states in the queue.
	33800000 states explored in 1276.19s, with 117364065 rules fired and 24382138 states in the queue.
	33900000 states explored in 1279.17s, with 117650036 rules fired and 24459893 states in the queue.
	34000000 states explored in 1281.92s, with 117918172 rules fired and 24540490 states in the queue.
	34100000 states explored in 1285.43s, with 118263904 rules fired and 24616390 states in the queue.
	34200000 states explored in 1289.29s, with 118655720 rules fired and 24691114 states in the queue.
	34300000 states explored in 1292.75s, with 118997073 rules fired and 24767229 states in the queue.
	34400000 states explored in 1296.16s, with 119330397 rules fired and 24842740 states in the queue.
	34500000 states explored in 1300.18s, with 119736094 rules fired and 24915894 states in the queue.
	34600000 states explored in 1304.20s, with 120127603 rules fired and 24986678 states in the queue.
	34700000 states explored in 1307.81s, with 120466023 rules fired and 25058894 states in the queue.
	34800000 states explored in 1310.68s, with 120746261 rules fired and 25138108 states in the queue.
	34900000 states explored in 1313.91s, with 121059670 rules fired and 25214557 states in the queue.
	35000000 states explored in 1316.67s, with 121313859 rules fired and 25292802 states in the queue.
	35100000 states explored in 1319.69s, with 121599493 rules fired and 25370300 states in the queue.
	35200000 states explored in 1322.63s, with 121891156 rules fired and 25450263 states in the queue.
	35300000 states explored in 1326.17s, with 122233006 rules fired and 25524668 states in the queue.
	35400000 states explored in 1329.82s, with 122591558 rules fired and 25599099 states in the queue.
	35500000 states explored in 1334.07s, with 122993595 rules fired and 25666969 states in the queue.
	35600000 states explored in 1337.48s, with 123318224 rules fired and 25741428 states in the queue.
	35700000 states explored in 1341.52s, with 123706782 rules fired and 25811084 states in the queue.
	35800000 states explored in 1346.11s, with 124139677 rules fired and 25875765 states in the queue.
	35900000 states explored in 1350.27s, with 124536777 rules fired and 25944564 states in the queue.
	36000000 states explored in 1354.35s, with 124938326 rules fired and 26015639 states in the queue.
	36100000 states explored in 1358.50s, with 125351420 rules fired and 26086440 states in the queue.
	36200000 states explored in 1363.47s, with 125842064 rules fired and 26151310 states in the queue.

Error:

	Internal Error: Too many active states.



