This program should be regarded as a DEBUGGING aid, not as a 
certifier of correctness.
Call with the -l flag or read the license file for terms
and conditions of use.
Run this program with "-h" for the list of options.

Bugs, questions, and comments should be directed to
"melatti@di.uniroma1.it".

CMurphi compiler last modified date: Jul 24 2024
Include files last modified date:    Jul 23 2021
==========================================================================

==========================================================================
Caching Murphi Release 5.5.0
Finite-state Concurrent System Verifier.

Caching Murphi Release 5.5.0 is based on various versions of Murphi.
Caching Murphi Release 5.5.0 :
Copyright (C) 2009-2012 by Sapienza University of Rome.
Murphi release 3.1 :
Copyright (C) 1992 - 1999 by the Board of Trustees of
Leland Stanford Junior University.

==========================================================================

Protocol: ./protocols/exec/TL-C_NonIn_M_data/TL-C_NonIn_M_data_inv164
===========================================
  You are using EDMC algorithm.  
===========================================

===== Startstates are generated! =====
Carelist Layer 0: Tree[1].cache[1].state Tree[2].cache[1].state Tree[3].cache[1].state Tree[4].cache[1].state Tree[5].cache[1].state Tree[6].cache[1].state Tree[7].cache[1].state 
Carelist Layer 1: Tree[node].chanA[node].opcode Tree[node].chanA[node].para Tree[node].chanA[node].addr Tree[node].cache[node].state Tree[node].directory[node][node] Tree[node].master_pending[node] Tree[node].chanC[node].opcode Tree[node].chanB[node].opcode Tree[node].chanB[node].para Tree[node].chanB[node].addr Tree[node].chanD[node].opcode Tree[node].chanD[node].para Tree[node].chanD[node].addr Tree[node].chanC[node].para Tree[node].chanC[node].addr Tree[node].slave_pending[node][node] 
Carelist Layer 2: Tree[node].chanE[node].opcode Tree[node].chanE[node].addr 
Attr: Tree[node].chanE[node].opcode Level: 2 Wi: 2
Attr: Tree[node].chanC[node].addr Level: 1 Wi: 4
Attr: Tree[node].chanC[node].para Level: 1 Wi: 4
Attr: Tree[node].chanD[node].addr Level: 1 Wi: 4
Attr: Tree[node].chanD[node].opcode Level: 1 Wi: 4
Attr: Tree[node].slave_pending[node][node] Level: 1 Wi: 4
Attr: Tree[6].cache[1].state Level: 0 Wi: 8
Attr: Tree[2].cache[1].state Level: 0 Wi: 8
Attr: Tree[5].cache[1].state Level: 0 Wi: 8
Attr: Tree[node].chanB[node].addr Level: 1 Wi: 4
Attr: Tree[4].cache[1].state Level: 0 Wi: 8
Attr: Tree[node].chanD[node].para Level: 1 Wi: 4
Attr: Tree[node].master_pending[node] Level: 1 Wi: 4
Attr: Tree[3].cache[1].state Level: 0 Wi: 8
Attr: Tree[node].cache[node].state Level: 1 Wi: 4
Attr: Tree[7].cache[1].state Level: 0 Wi: 8
Attr: Tree[node].chanA[node].opcode Level: 1 Wi: 4
Attr: Tree[node].chanA[node].para Level: 1 Wi: 4
Attr: Tree[node].directory[node][node] Level: 1 Wi: 4
Attr: Tree[node].chanA[node].addr Level: 1 Wi: 4
Attr: Tree[1].cache[1].state Level: 0 Wi: 8
Attr: Tree[node].chanC[node].opcode Level: 1 Wi: 4
Attr: Tree[node].chanB[node].opcode Level: 1 Wi: 4
Attr: Tree[node].chanE[node].addr Level: 2 Wi: 2
Attr: Tree[node].chanB[node].para Level: 1 Wi: 4

===== Init heuristics! =====

Progress Report:

	100000 states explored in 31.48s, with 292556 rules fired and 79008 states in the queue.
	200000 states explored in 36.59s, with 677664 rules fired and 149260 states in the queue.
	300000 states explored in 40.88s, with 884101 rules fired and 232118 states in the queue.
	400000 states explored in 46.14s, with 1261013 rules fired and 301598 states in the queue.
	500000 states explored in 50.84s, with 1670809 rules fired and 367179 states in the queue.
	600000 states explored in 53.18s, with 1863990 rules fired and 449947 states in the queue.
	700000 states explored in 56.84s, with 2164490 rules fired and 523232 states in the queue.
	800000 states explored in 61.46s, with 2540916 rules fired and 589758 states in the queue.
	900000 states explored in 67.12s, with 3013475 rules fired and 648682 states in the queue.
	1000000 states explored in 72.24s, with 3445498 rules fired and 712537 states in the queue.
	1100000 states explored in 74.26s, with 3611291 rules fired and 797432 states in the queue.
	1200000 states explored in 76.71s, with 3807417 rules fired and 878631 states in the queue.
	1300000 states explored in 80.35s, with 4101384 rules fired and 950702 states in the queue.
	1400000 states explored in 84.79s, with 4457100 rules fired and 1016489 states in the queue.
	1500000 states explored in 89.47s, with 4834325 rules fired and 1080496 states in the queue.
	1600000 states explored in 94.51s, with 5247974 rules fired and 1141875 states in the queue.
	1700000 states explored in 98.37s, with 5582396 rules fired and 1214451 states in the queue.
	1800000 states explored in 102.28s, with 5946099 rules fired and 1285232 states in the queue.
	1900000 states explored in 108.61s, with 6518573 rules fired and 1336218 states in the queue.
	2000000 states explored in 111.36s, with 6760422 rules fired and 1413672 states in the queue.
	2100000 states explored in 113.23s, with 6923521 rules fired and 1497666 states in the queue.
	2200000 states explored in 115.42s, with 7112080 rules fired and 1578842 states in the queue.
	2300000 states explored in 117.94s, with 7329623 rules fired and 1657200 states in the queue.
	2400000 states explored in 120.77s, with 7573787 rules fired and 1733119 states in the queue.
	2500000 states explored in 124.26s, with 7880296 rules fired and 1803575 states in the queue.
	2600000 states explored in 128.54s, with 8251567 rules fired and 1866500 states in the queue.
	2700000 states explored in 133.26s, with 8656434 rules fired and 1924759 states in the queue.
	2800000 states explored in 137.75s, with 9046271 rules fired and 1985652 states in the queue.
	2900000 states explored in 142.10s, with 9433284 rules fired and 2049114 states in the queue.
	3000000 states explored in 146.67s, with 9828686 rules fired and 2109486 states in the queue.
	3100000 states explored in 149.32s, with 10074575 rules fired and 2189795 states in the queue.
	3200000 states explored in 152.23s, with 10349902 rules fired and 2268612 states in the queue.
	3300000 states explored in 155.43s, with 10655282 rules fired and 2345458 states in the queue.
	3400000 states explored in 159.93s, with 11075770 rules fired and 2412597 states in the queue.
	3500000 states explored in 164.77s, with 11539766 rules fired and 2476901 states in the queue.
	3600000 states explored in 170.58s, with 12096548 rules fired and 2534096 states in the queue.
	3700000 states explored in 175.56s, with 12548446 rules fired and 2593912 states in the queue.
	3800000 states explored in 177.33s, with 12705314 rules fired and 2678943 states in the queue.
	3900000 states explored in 179.20s, with 12871348 rules fired and 2763416 states in the queue.
	4000000 states explored in 181.43s, with 13081465 rules fired and 2846512 states in the queue.
	4100000 states explored in 183.71s, with 13289253 rules fired and 2928026 states in the queue.
	4200000 states explored in 185.94s, with 13489224 rules fired and 3009495 states in the queue.
	4300000 states explored in 188.21s, with 13693280 rules fired and 3090925 states in the queue.
	4400000 states explored in 190.56s, with 13902440 rules fired and 3171432 states in the queue.
	4500000 states explored in 193.13s, with 14125358 rules fired and 3249384 states in the queue.
	4600000 states explored in 195.84s, with 14366022 rules fired and 3326781 states in the queue.
	4700000 states explored in 198.55s, with 14601676 rules fired and 3403600 states in the queue.
	4800000 states explored in 201.58s, with 14872217 rules fired and 3478551 states in the queue.
	4900000 states explored in 205.20s, with 15185117 rules fired and 3547257 states in the queue.
	5000000 states explored in 209.29s, with 15545176 rules fired and 3613631 states in the queue.
	5100000 states explored in 213.79s, with 15934693 rules fired and 3674899 states in the queue.
	5200000 states explored in 218.51s, with 16344033 rules fired and 3733467 states in the queue.
	5300000 states explored in 223.35s, with 16758808 rules fired and 3790625 states in the queue.
	5400000 states explored in 228.17s, with 17172109 rules fired and 3847990 states in the queue.
	5500000 states explored in 233.35s, with 17619777 rules fired and 3902251 states in the queue.
	5600000 states explored in 239.05s, with 18109334 rules fired and 3951593 states in the queue.
	5700000 states explored in 244.49s, with 18569127 rules fired and 4002154 states in the queue.
	5800000 states explored in 247.21s, with 18816197 rules fired and 4081207 states in the queue.
	5900000 states explored in 250.24s, with 19104668 rules fired and 4159254 states in the queue.
	6000000 states explored in 253.47s, with 19421580 rules fired and 4237229 states in the queue.
	6100000 states explored in 256.83s, with 19751664 rules fired and 4313695 states in the queue.
	6200000 states explored in 259.86s, with 20035828 rules fired and 4392384 states in the queue.
	6300000 states explored in 263.19s, with 20361807 rules fired and 4469390 states in the queue.
	6400000 states explored in 267.28s, with 20760112 rules fired and 4540332 states in the queue.
	6500000 states explored in 271.36s, with 21155646 rules fired and 4610575 states in the queue.
	6600000 states explored in 276.75s, with 21679679 rules fired and 4672089 states in the queue.
	6700000 states explored in 281.64s, with 22141046 rules fired and 4735562 states in the queue.
	6800000 states explored in 286.91s, with 22655536 rules fired and 4797996 states in the queue.
	6900000 states explored in 293.12s, with 23249596 rules fired and 4851727 states in the queue.
	7000000 states explored in 298.21s, with 23739366 rules fired and 4914346 states in the queue.
	7100000 states explored in 300.22s, with 23930407 rules fired and 4999675 states in the queue.
	7200000 states explored in 302.24s, with 24134002 rules fired and 5086623 states in the queue.
	7300000 states explored in 304.50s, with 24357351 rules fired and 5171418 states in the queue.
	7400000 states explored in 306.59s, with 24553614 rules fired and 5255690 states in the queue.
	7500000 states explored in 308.31s, with 24710162 rules fired and 5342120 states in the queue.
	7600000 states explored in 310.21s, with 24888293 rules fired and 5428120 states in the queue.
	7700000 states explored in 313.44s, with 25205676 rules fired and 5505185 states in the queue.
	7800000 states explored in 316.95s, with 25546928 rules fired and 5579204 states in the queue.
	7900000 states explored in 318.75s, with 25715730 rules fired and 5665777 states in the queue.
	8000000 states explored in 321.60s, with 25993285 rules fired and 5745160 states in the queue.
	8100000 states explored in 325.44s, with 26367581 rules fired and 5816128 states in the queue.
	8200000 states explored in 327.34s, with 26547727 rules fired and 5902318 states in the queue.
	8300000 states explored in 329.31s, with 26728760 rules fired and 5987003 states in the queue.
	8400000 states explored in 331.33s, with 26922395 rules fired and 6072311 states in the queue.
	8500000 states explored in 333.25s, with 27100128 rules fired and 6157451 states in the queue.
	8600000 states explored in 335.04s, with 27263277 rules fired and 6243542 states in the queue.
	8700000 states explored in 337.23s, with 27461617 rules fired and 6326100 states in the queue.
	8800000 states explored in 339.39s, with 27650723 rules fired and 6408074 states in the queue.
	8900000 states explored in 341.65s, with 27855228 rules fired and 6489839 states in the queue.
	9000000 states explored in 344.10s, with 28074763 rules fired and 6570015 states in the queue.
	9100000 states explored in 346.64s, with 28299397 rules fired and 6648843 states in the queue.
	9200000 states explored in 349.16s, with 28525430 rules fired and 6727966 states in the queue.
	9300000 states explored in 351.80s, with 28760900 rules fired and 6806587 states in the queue.
	9400000 states explored in 354.50s, with 28997272 rules fired and 6883793 states in the queue.
	9500000 states explored in 357.16s, with 29235050 rules fired and 6961791 states in the queue.
	9600000 states explored in 359.97s, with 29480020 rules fired and 7037957 states in the queue.
	9700000 states explored in 362.84s, with 29731211 rules fired and 7113819 states in the queue.
	9800000 states explored in 365.86s, with 30001312 rules fired and 7189052 states in the queue.
	9900000 states explored in 368.98s, with 30281538 rules fired and 7263665 states in the queue.
	10000000 states explored in 372.25s, with 30573862 rules fired and 7337740 states in the queue.
	10100000 states explored in 375.72s, with 30879285 rules fired and 7409045 states in the queue.
	10200000 states explored in 379.38s, with 31198450 rules fired and 7478574 states in the queue.
	10300000 states explored in 383.70s, with 31578522 rules fired and 7542427 states in the queue.
	10400000 states explored in 387.82s, with 31954005 rules fired and 7609102 states in the queue.
	10500000 states explored in 392.20s, with 32342020 rules fired and 7671885 states in the queue.
	10600000 states explored in 396.98s, with 32756256 rules fired and 7730146 states in the queue.
	10700000 states explored in 401.71s, with 33177241 rules fired and 7791093 states in the queue.
	10800000 states explored in 406.64s, with 33602623 rules fired and 7847283 states in the queue.
	10900000 states explored in 411.99s, with 34074585 rules fired and 7901481 states in the queue.
	11000000 states explored in 415.52s, with 34420018 rules fired and 7975872 states in the queue.
	11100000 states explored in 418.98s, with 34756305 rules fired and 8050089 states in the queue.
	11200000 states explored in 423.27s, with 35162812 rules fired and 8116573 states in the queue.
	11300000 states explored in 428.35s, with 35623905 rules fired and 8175028 states in the queue.
	11400000 states explored in 433.49s, with 36079646 rules fired and 8232552 states in the queue.
	11500000 states explored in 438.75s, with 36536720 rules fired and 8287465 states in the queue.
	11600000 states explored in 444.10s, with 37005629 rules fired and 8341594 states in the queue.
	11700000 states explored in 448.03s, with 37359074 rules fired and 8410087 states in the queue.
	11800000 states explored in 451.98s, with 37730165 rules fired and 8478804 states in the queue.
	11900000 states explored in 457.32s, with 38229161 rules fired and 8535775 states in the queue.
	12000000 states explored in 463.72s, with 38804642 rules fired and 8582599 states in the queue.
	12100000 states explored in 469.74s, with 39382984 rules fired and 8637466 states in the queue.
	12200000 states explored in 474.33s, with 39804681 rules fired and 8700284 states in the queue.
	12300000 states explored in 480.07s, with 40330205 rules fired and 8753921 states in the queue.
	12400000 states explored in 486.63s, with 40916182 rules fired and 8798969 states in the queue.
	12500000 states explored in 492.93s, with 41468001 rules fired and 8845054 states in the queue.
	12600000 states explored in 499.02s, with 41985298 rules fired and 8890828 states in the queue.
	12700000 states explored in 501.92s, with 42259012 rules fired and 8970008 states in the queue.
	12800000 states explored in 505.00s, with 42552954 rules fired and 9047884 states in the queue.
	12900000 states explored in 508.23s, with 42860667 rules fired and 9124294 states in the queue.
	13000000 states explored in 511.77s, with 43214151 rules fired and 9200661 states in the queue.
	13100000 states explored in 516.19s, with 43651821 rules fired and 9270295 states in the queue.
	13200000 states explored in 520.22s, with 44033774 rules fired and 9340745 states in the queue.
	13300000 states explored in 524.02s, with 44403425 rules fired and 9414151 states in the queue.
	13400000 states explored in 528.05s, with 44795353 rules fired and 9484748 states in the queue.
	13500000 states explored in 531.99s, with 45168026 rules fired and 9554288 states in the queue.
	13600000 states explored in 536.56s, with 45602821 rules fired and 9620074 states in the queue.
	13700000 states explored in 540.26s, with 45970522 rules fired and 9695591 states in the queue.
	13800000 states explored in 544.88s, with 46422160 rules fired and 9763126 states in the queue.
	13900000 states explored in 550.35s, with 46949576 rules fired and 9823900 states in the queue.
	14000000 states explored in 555.16s, with 47408341 rules fired and 9889371 states in the queue.
	14100000 states explored in 559.53s, with 47835157 rules fired and 9959212 states in the queue.
	14200000 states explored in 564.35s, with 48305721 rules fired and 10025145 states in the queue.
	14300000 states explored in 570.69s, with 48930653 rules fired and 10080689 states in the queue.
	14400000 states explored in 577.17s, with 49557764 rules fired and 10134340 states in the queue.
	14500000 states explored in 582.92s, with 50108558 rules fired and 10192088 states in the queue.
	14600000 states explored in 588.32s, with 50660860 rules fired and 10257183 states in the queue.
	14700000 states explored in 592.72s, with 51081681 rules fired and 10324605 states in the queue.
	14800000 states explored in 595.27s, with 51326768 rules fired and 10405330 states in the queue.
	14900000 states explored in 596.96s, with 51480749 rules fired and 10492187 states in the queue.
	15000000 states explored in 598.67s, with 51638905 rules fired and 10578990 states in the queue.
	15100000 states explored in 600.38s, with 51796578 rules fired and 10665811 states in the queue.
	15200000 states explored in 602.76s, with 52020286 rules fired and 10747365 states in the queue.
	15300000 states explored in 605.39s, with 52265436 rules fired and 10826843 states in the queue.
	15400000 states explored in 607.24s, with 52432582 rules fired and 10911985 states in the queue.
	15500000 states explored in 609.00s, with 52588222 rules fired and 10997623 states in the queue.
	15600000 states explored in 610.76s, with 52744346 rules fired and 11083085 states in the queue.
	15700000 states explored in 612.66s, with 52911570 rules fired and 11168090 states in the queue.
	15800000 states explored in 615.11s, with 53148742 rules fired and 11250211 states in the queue.
	15900000 states explored in 617.92s, with 53414429 rules fired and 11328825 states in the queue.
	16000000 states explored in 620.11s, with 53620913 rules fired and 11412520 states in the queue.
	16100000 states explored in 622.32s, with 53822707 rules fired and 11495561 states in the queue.
	16200000 states explored in 624.32s, with 54005897 rules fired and 11580325 states in the queue.
	16300000 states explored in 626.21s, with 54177638 rules fired and 11665669 states in the queue.
	16400000 states explored in 628.25s, with 54365150 rules fired and 11749472 states in the queue.
	16500000 states explored in 630.90s, with 54610608 rules fired and 11828266 states in the queue.
	16600000 states explored in 633.82s, with 54883245 rules fired and 11905003 states in the queue.
	16700000 states explored in 637.07s, with 55178499 rules fired and 11978326 states in the queue.
	16800000 states explored in 640.59s, with 55497501 rules fired and 12049527 states in the queue.
	16900000 states explored in 645.08s, with 55916952 rules fired and 12113992 states in the queue.
	17000000 states explored in 647.99s, with 56187517 rules fired and 12191063 states in the queue.
	17100000 states explored in 650.88s, with 56459887 rules fired and 12268782 states in the queue.
	17200000 states explored in 653.00s, with 56651003 rules fired and 12351847 states in the queue.
	17300000 states explored in 655.32s, with 56859433 rules fired and 12433095 states in the queue.
	17400000 states explored in 657.52s, with 57052552 rules fired and 12514643 states in the queue.
	17500000 states explored in 659.81s, with 57254942 rules fired and 12595460 states in the queue.
	17600000 states explored in 662.02s, with 57449705 rules fired and 12677545 states in the queue.
	17700000 states explored in 664.58s, with 57687487 rules fired and 12758298 states in the queue.
	17800000 states explored in 666.87s, with 57887203 rules fired and 12838938 states in the queue.
	17900000 states explored in 669.21s, with 58094308 rules fired and 12919671 states in the queue.
	18000000 states explored in 671.46s, with 58290410 rules fired and 13000628 states in the queue.
	18100000 states explored in 673.95s, with 58512315 rules fired and 13081102 states in the queue.
	18200000 states explored in 676.50s, with 58732550 rules fired and 13160711 states in the queue.
	18300000 states explored in 679.05s, with 58948446 rules fired and 13239507 states in the queue.
	18400000 states explored in 681.61s, with 59182635 rules fired and 13320382 states in the queue.
	18500000 states explored in 684.58s, with 59453949 rules fired and 13397735 states in the queue.
	18600000 states explored in 687.40s, with 59703680 rules fired and 13476197 states in the queue.
	18700000 states explored in 690.22s, with 59948440 rules fired and 13553495 states in the queue.
	18800000 states explored in 692.82s, with 60173944 rules fired and 13632192 states in the queue.
	18900000 states explored in 695.61s, with 60415722 rules fired and 13709579 states in the queue.
	19000000 states explored in 698.47s, with 60669803 rules fired and 13786282 states in the queue.
	19100000 states explored in 701.29s, with 60917369 rules fired and 13862422 states in the queue.
	19200000 states explored in 704.35s, with 61186595 rules fired and 13936736 states in the queue.
	19300000 states explored in 707.59s, with 61475200 rules fired and 14010040 states in the queue.
	19400000 states explored in 710.82s, with 61761188 rules fired and 14083114 states in the queue.
	19500000 states explored in 714.02s, with 62053942 rules fired and 14158177 states in the queue.
	19600000 states explored in 717.61s, with 62381954 rules fired and 14229672 states in the queue.
	19700000 states explored in 721.33s, with 62718198 rules fired and 14299424 states in the queue.
	19800000 states explored in 725.37s, with 63084456 rules fired and 14366648 states in the queue.
	19900000 states explored in 729.54s, with 63454899 rules fired and 14431906 states in the queue.
	20000000 states explored in 733.90s, with 63842253 rules fired and 14495317 states in the queue.
	20100000 states explored in 738.32s, with 64226016 rules fired and 14557908 states in the queue.
	20200000 states explored in 742.37s, with 64572479 rules fired and 14622675 states in the queue.
	20300000 states explored in 746.81s, with 64971388 rules fired and 14686892 states in the queue.
	20400000 states explored in 751.07s, with 65346141 rules fired and 14751368 states in the queue.
	20500000 states explored in 755.33s, with 65719848 rules fired and 14815555 states in the queue.
	20600000 states explored in 759.45s, with 66080182 rules fired and 14880100 states in the queue.
	20700000 states explored in 764.16s, with 66506833 rules fired and 14942243 states in the queue.
	20800000 states explored in 768.23s, with 66863510 rules fired and 15007475 states in the queue.
	20900000 states explored in 772.39s, with 67231073 rules fired and 15072121 states in the queue.
	21000000 states explored in 776.49s, with 67595889 rules fired and 15137945 states in the queue.
	21100000 states explored in 781.10s, with 67997541 rules fired and 15198356 states in the queue.
	21200000 states explored in 785.30s, with 68380149 rules fired and 15265671 states in the queue.
	21300000 states explored in 790.21s, with 68803143 rules fired and 15322865 states in the queue.
	21400000 states explored in 794.52s, with 69182825 rules fired and 15386371 states in the queue.
	21500000 states explored in 799.39s, with 69618242 rules fired and 15446997 states in the queue.
	21600000 states explored in 804.10s, with 70021254 rules fired and 15506843 states in the queue.
	21700000 states explored in 808.89s, with 70433251 rules fired and 15565615 states in the queue.
	21800000 states explored in 813.52s, with 70843214 rules fired and 15627119 states in the queue.
	21900000 states explored in 818.60s, with 71306662 rules fired and 15686100 states in the queue.
	22000000 states explored in 823.26s, with 71723995 rules fired and 15748235 states in the queue.
	22100000 states explored in 827.91s, with 72136909 rules fired and 15811005 states in the queue.
	22200000 states explored in 831.75s, with 72479494 rules fired and 15879970 states in the queue.
	22300000 states explored in 835.26s, with 72800912 rules fired and 15952356 states in the queue.
	22400000 states explored in 839.61s, with 73199404 rules fired and 16019078 states in the queue.
	22500000 states explored in 844.07s, with 73629407 rules fired and 16087735 states in the queue.
	22600000 states explored in 848.92s, with 74072212 rules fired and 16149238 states in the queue.
	22700000 states explored in 853.36s, with 74464105 rules fired and 16212320 states in the queue.
	22800000 states explored in 857.72s, with 74865104 rules fired and 16278780 states in the queue.
	22900000 states explored in 862.62s, with 75309084 rules fired and 16340468 states in the queue.
	23000000 states explored in 867.74s, with 75794330 rules fired and 16402291 states in the queue.
	23100000 states explored in 872.14s, with 76191012 rules fired and 16467137 states in the queue.
	23200000 states explored in 874.32s, with 76388208 rules fired and 16549764 states in the queue.
	23300000 states explored in 877.37s, with 76708611 rules fired and 16629275 states in the queue.
	23400000 states explored in 880.32s, with 77010119 rules fired and 16708249 states in the queue.
	23500000 states explored in 884.01s, with 77381045 rules fired and 16782525 states in the queue.
	23600000 states explored in 886.75s, with 77657732 rules fired and 16862345 states in the queue.
	23700000 states explored in 890.24s, with 78004072 rules fired and 16935828 states in the queue.
	23800000 states explored in 894.32s, with 78414668 rules fired and 17005663 states in the queue.
	23900000 states explored in 898.16s, with 78798100 rules fired and 17076694 states in the queue.
	24000000 states explored in 900.57s, with 79033425 rules fired and 17158447 states in the queue.
	24100000 states explored in 903.08s, with 79283463 rules fired and 17239939 states in the queue.
	24200000 states explored in 906.28s, with 79600640 rules fired and 17315731 states in the queue.
	24300000 states explored in 910.40s, with 80006377 rules fired and 17383826 states in the queue.
	24400000 states explored in 914.58s, with 80411819 rules fired and 17450559 states in the queue.
	24500000 states explored in 918.96s, with 80842483 rules fired and 17517230 states in the queue.
	24600000 states explored in 924.38s, with 81368309 rules fired and 17575054 states in the queue.
	24700000 states explored in 926.87s, with 81619888 rules fired and 17657382 states in the queue.
	24800000 states explored in 929.30s, with 81852997 rules fired and 17738663 states in the queue.
	24900000 states explored in 931.73s, with 82086460 rules fired and 17819761 states in the queue.
	25000000 states explored in 934.43s, with 82351293 rules fired and 17899888 states in the queue.
	25100000 states explored in 937.60s, with 82657451 rules fired and 17975332 states in the queue.
	25200000 states explored in 940.61s, with 82944078 rules fired and 18051324 states in the queue.
	25300000 states explored in 943.91s, with 83263686 rules fired and 18125228 states in the queue.
	25400000 states explored in 947.28s, with 83587630 rules fired and 18198110 states in the queue.
	25500000 states explored in 950.77s, with 83919229 rules fired and 18270194 states in the queue.
	25600000 states explored in 954.15s, with 84251554 rules fired and 18344343 states in the queue.
	25700000 states explored in 957.94s, with 84619758 rules fired and 18415112 states in the queue.
	25800000 states explored in 961.91s, with 85012731 rules fired and 18485303 states in the queue.
target state's depth is: 11

==========================================================================

Result:

	Invariant "test_reachable_state_164" failed.

State Space Explored:

	25822981 states, 85123342 rules fired in 963.05s.

Analysis of State Space:

	There are rules that are never fired.
	If you are running with symmetry, this may be why.  Otherwise,
	please run this program with "-pr" for the rules information.
