This program should be regarded as a DEBUGGING aid, not as a 
certifier of correctness.
Call with the -l flag or read the license file for terms
and conditions of use.
Run this program with "-h" for the list of options.

Bugs, questions, and comments should be directed to
"melatti@di.uniroma1.it".

CMurphi compiler last modified date: Jul 24 2024
Include files last modified date:    Jul 23 2021
==========================================================================

==========================================================================
Caching Murphi Release 5.5.0
Finite-state Concurrent System Verifier.

Caching Murphi Release 5.5.0 is based on various versions of Murphi.
Caching Murphi Release 5.5.0 :
Copyright (C) 2009-2012 by Sapienza University of Rome.
Murphi release 3.1 :
Copyright (C) 1992 - 1999 by the Board of Trustees of
Leland Stanford Junior University.

==========================================================================

Protocol: ./protocols/exec/TL-C_NonIn_M_data/TL-C_NonIn_M_data_inv173
===========================================
  You are using EDMC algorithm.  
===========================================

===== Startstates are generated! =====
Carelist Layer 0: Tree[1].cache[1].state Tree[2].cache[1].state Tree[3].cache[1].state Tree[4].cache[1].state Tree[5].cache[1].state Tree[6].cache[1].state Tree[7].cache[1].state 
Carelist Layer 1: Tree[node].chanA[node].opcode Tree[node].chanA[node].para Tree[node].chanA[node].addr Tree[node].cache[node].state Tree[node].directory[node][node] Tree[node].master_pending[node] Tree[node].chanC[node].opcode Tree[node].chanB[node].opcode Tree[node].chanB[node].para Tree[node].chanB[node].addr Tree[node].chanD[node].opcode Tree[node].chanD[node].para Tree[node].chanD[node].addr Tree[node].chanC[node].para Tree[node].chanC[node].addr Tree[node].slave_pending[node][node] 
Carelist Layer 2: Tree[node].chanE[node].opcode Tree[node].chanE[node].addr 
Attr: Tree[node].chanE[node].opcode Level: 2 Wi: 2
Attr: Tree[node].chanC[node].addr Level: 1 Wi: 4
Attr: Tree[node].chanC[node].para Level: 1 Wi: 4
Attr: Tree[node].chanD[node].addr Level: 1 Wi: 4
Attr: Tree[node].chanD[node].opcode Level: 1 Wi: 4
Attr: Tree[node].slave_pending[node][node] Level: 1 Wi: 4
Attr: Tree[6].cache[1].state Level: 0 Wi: 8
Attr: Tree[2].cache[1].state Level: 0 Wi: 8
Attr: Tree[5].cache[1].state Level: 0 Wi: 8
Attr: Tree[node].chanB[node].addr Level: 1 Wi: 4
Attr: Tree[4].cache[1].state Level: 0 Wi: 8
Attr: Tree[node].chanD[node].para Level: 1 Wi: 4
Attr: Tree[node].master_pending[node] Level: 1 Wi: 4
Attr: Tree[3].cache[1].state Level: 0 Wi: 8
Attr: Tree[node].cache[node].state Level: 1 Wi: 4
Attr: Tree[7].cache[1].state Level: 0 Wi: 8
Attr: Tree[node].chanA[node].opcode Level: 1 Wi: 4
Attr: Tree[node].chanA[node].para Level: 1 Wi: 4
Attr: Tree[node].directory[node][node] Level: 1 Wi: 4
Attr: Tree[node].chanA[node].addr Level: 1 Wi: 4
Attr: Tree[1].cache[1].state Level: 0 Wi: 8
Attr: Tree[node].chanC[node].opcode Level: 1 Wi: 4
Attr: Tree[node].chanB[node].opcode Level: 1 Wi: 4
Attr: Tree[node].chanE[node].addr Level: 2 Wi: 2
Attr: Tree[node].chanB[node].para Level: 1 Wi: 4

===== Init heuristics! =====

Progress Report:

	100000 states explored in 27.40s, with 292556 rules fired and 79008 states in the queue.
	200000 states explored in 31.39s, with 677664 rules fired and 149260 states in the queue.
	300000 states explored in 33.59s, with 884101 rules fired and 232118 states in the queue.
	400000 states explored in 37.58s, with 1261013 rules fired and 301598 states in the queue.
	500000 states explored in 41.98s, with 1670809 rules fired and 367179 states in the queue.
	600000 states explored in 44.09s, with 1863990 rules fired and 449947 states in the queue.
	700000 states explored in 47.38s, with 2164490 rules fired and 523232 states in the queue.
	800000 states explored in 51.52s, with 2540916 rules fired and 589758 states in the queue.
	900000 states explored in 56.65s, with 3013475 rules fired and 648682 states in the queue.
	1000000 states explored in 61.26s, with 3445498 rules fired and 712537 states in the queue.
	1100000 states explored in 63.09s, with 3611291 rules fired and 797432 states in the queue.
	1200000 states explored in 65.30s, with 3807417 rules fired and 878631 states in the queue.
	1300000 states explored in 68.59s, with 4101384 rules fired and 950702 states in the queue.
	1400000 states explored in 72.60s, with 4457100 rules fired and 1016489 states in the queue.
	1500000 states explored in 76.85s, with 4834325 rules fired and 1080496 states in the queue.
	1600000 states explored in 81.46s, with 5247974 rules fired and 1141875 states in the queue.
	1700000 states explored in 85.01s, with 5582396 rules fired and 1214451 states in the queue.
	1800000 states explored in 88.86s, with 5946099 rules fired and 1285232 states in the queue.
	1900000 states explored in 95.09s, with 6518573 rules fired and 1336218 states in the queue.
	2000000 states explored in 97.77s, with 6760422 rules fired and 1413672 states in the queue.
	2100000 states explored in 99.61s, with 6923521 rules fired and 1497666 states in the queue.
	2200000 states explored in 101.76s, with 7112080 rules fired and 1578842 states in the queue.
	2300000 states explored in 104.24s, with 7329623 rules fired and 1657200 states in the queue.
	2400000 states explored in 107.02s, with 7573787 rules fired and 1733119 states in the queue.
	2500000 states explored in 110.48s, with 7880296 rules fired and 1803575 states in the queue.
	2600000 states explored in 114.71s, with 8251567 rules fired and 1866500 states in the queue.
	2700000 states explored in 119.40s, with 8656434 rules fired and 1924759 states in the queue.
	2800000 states explored in 123.86s, with 9046271 rules fired and 1985652 states in the queue.
	2900000 states explored in 128.17s, with 9433284 rules fired and 2049114 states in the queue.
	3000000 states explored in 132.71s, with 9828686 rules fired and 2109486 states in the queue.
	3100000 states explored in 135.32s, with 10074575 rules fired and 2189795 states in the queue.
	3200000 states explored in 138.19s, with 10349902 rules fired and 2268612 states in the queue.
	3300000 states explored in 141.36s, with 10655282 rules fired and 2345458 states in the queue.
	3400000 states explored in 145.74s, with 11075770 rules fired and 2412597 states in the queue.
	3500000 states explored in 150.54s, with 11539766 rules fired and 2476901 states in the queue.
	3600000 states explored in 156.31s, with 12096548 rules fired and 2534096 states in the queue.
	3700000 states explored in 161.26s, with 12548446 rules fired and 2593912 states in the queue.
	3800000 states explored in 163.01s, with 12705314 rules fired and 2678943 states in the queue.
	3900000 states explored in 164.85s, with 12871348 rules fired and 2763416 states in the queue.
	4000000 states explored in 167.05s, with 13081465 rules fired and 2846512 states in the queue.
	4100000 states explored in 169.31s, with 13289253 rules fired and 2928026 states in the queue.
	4200000 states explored in 171.52s, with 13489224 rules fired and 3009495 states in the queue.
	4300000 states explored in 173.76s, with 13693280 rules fired and 3090925 states in the queue.
	4400000 states explored in 176.09s, with 13902440 rules fired and 3171432 states in the queue.
	4500000 states explored in 178.64s, with 14125358 rules fired and 3249384 states in the queue.
	4600000 states explored in 181.39s, with 14366022 rules fired and 3326781 states in the queue.
	4700000 states explored in 184.07s, with 14601676 rules fired and 3403600 states in the queue.
	4800000 states explored in 187.05s, with 14872217 rules fired and 3478551 states in the queue.
	4900000 states explored in 190.66s, with 15185117 rules fired and 3547257 states in the queue.
	5000000 states explored in 194.73s, with 15545176 rules fired and 3613631 states in the queue.
	5100000 states explored in 199.22s, with 15934693 rules fired and 3674899 states in the queue.
	5200000 states explored in 203.87s, with 16344033 rules fired and 3733467 states in the queue.
	5300000 states explored in 208.63s, with 16758808 rules fired and 3790625 states in the queue.
	5400000 states explored in 213.38s, with 17172109 rules fired and 3847990 states in the queue.
	5500000 states explored in 218.51s, with 17619777 rules fired and 3902251 states in the queue.
	5600000 states explored in 224.17s, with 18109334 rules fired and 3951593 states in the queue.
	5700000 states explored in 229.58s, with 18569127 rules fired and 4002154 states in the queue.
	5800000 states explored in 232.27s, with 18816197 rules fired and 4081207 states in the queue.
	5900000 states explored in 235.27s, with 19104668 rules fired and 4159254 states in the queue.
	6000000 states explored in 238.47s, with 19421580 rules fired and 4237229 states in the queue.
	6100000 states explored in 241.80s, with 19751664 rules fired and 4313695 states in the queue.
	6200000 states explored in 244.74s, with 20035828 rules fired and 4392384 states in the queue.
	6300000 states explored in 248.02s, with 20361807 rules fired and 4469390 states in the queue.
	6400000 states explored in 252.06s, with 20760112 rules fired and 4540332 states in the queue.
	6500000 states explored in 256.11s, with 21155646 rules fired and 4610575 states in the queue.
	6600000 states explored in 261.46s, with 21679679 rules fired and 4672089 states in the queue.
	6700000 states explored in 266.31s, with 22141046 rules fired and 4735562 states in the queue.
	6800000 states explored in 271.54s, with 22655536 rules fired and 4797996 states in the queue.
	6900000 states explored in 277.71s, with 23249596 rules fired and 4851727 states in the queue.
	7000000 states explored in 282.76s, with 23739366 rules fired and 4914346 states in the queue.
	7100000 states explored in 284.74s, with 23930407 rules fired and 4999675 states in the queue.
	7200000 states explored in 286.74s, with 24134002 rules fired and 5086623 states in the queue.
	7300000 states explored in 288.97s, with 24357351 rules fired and 5171418 states in the queue.
	7400000 states explored in 291.03s, with 24553614 rules fired and 5255690 states in the queue.
	7500000 states explored in 292.73s, with 24710162 rules fired and 5342120 states in the queue.
	7600000 states explored in 294.59s, with 24888293 rules fired and 5428120 states in the queue.
	7700000 states explored in 297.77s, with 25205676 rules fired and 5505185 states in the queue.
	7800000 states explored in 301.24s, with 25546928 rules fired and 5579204 states in the queue.
	7900000 states explored in 303.02s, with 25715730 rules fired and 5665777 states in the queue.
	8000000 states explored in 305.84s, with 25993285 rules fired and 5745160 states in the queue.
	8100000 states explored in 309.66s, with 26367581 rules fired and 5816128 states in the queue.
	8200000 states explored in 311.53s, with 26547727 rules fired and 5902318 states in the queue.
	8300000 states explored in 313.48s, with 26728760 rules fired and 5987003 states in the queue.
	8400000 states explored in 315.47s, with 26922395 rules fired and 6072311 states in the queue.
	8500000 states explored in 317.37s, with 27100128 rules fired and 6157451 states in the queue.
	8600000 states explored in 319.13s, with 27263277 rules fired and 6243542 states in the queue.
	8700000 states explored in 321.29s, with 27461617 rules fired and 6326100 states in the queue.
	8800000 states explored in 323.43s, with 27650723 rules fired and 6408074 states in the queue.
	8900000 states explored in 325.68s, with 27855228 rules fired and 6489839 states in the queue.
	9000000 states explored in 328.09s, with 28074763 rules fired and 6570015 states in the queue.
	9100000 states explored in 330.60s, with 28299397 rules fired and 6648843 states in the queue.
	9200000 states explored in 333.12s, with 28525430 rules fired and 6727966 states in the queue.
	9300000 states explored in 335.72s, with 28760900 rules fired and 6806587 states in the queue.
	9400000 states explored in 338.38s, with 28997272 rules fired and 6883793 states in the queue.
	9500000 states explored in 341.02s, with 29235050 rules fired and 6961791 states in the queue.
	9600000 states explored in 343.80s, with 29480020 rules fired and 7037957 states in the queue.
	9700000 states explored in 346.62s, with 29731211 rules fired and 7113819 states in the queue.
	9800000 states explored in 349.62s, with 30001312 rules fired and 7189052 states in the queue.
	9900000 states explored in 352.70s, with 30281538 rules fired and 7263665 states in the queue.
	10000000 states explored in 355.90s, with 30573862 rules fired and 7337740 states in the queue.
	10100000 states explored in 359.32s, with 30879285 rules fired and 7409045 states in the queue.
	10200000 states explored in 362.92s, with 31198450 rules fired and 7478574 states in the queue.
	10300000 states explored in 367.18s, with 31578522 rules fired and 7542427 states in the queue.
	10400000 states explored in 371.26s, with 31954005 rules fired and 7609102 states in the queue.
	10500000 states explored in 375.62s, with 32342020 rules fired and 7671885 states in the queue.
	10600000 states explored in 380.36s, with 32756256 rules fired and 7730146 states in the queue.
	10700000 states explored in 385.03s, with 33177241 rules fired and 7791093 states in the queue.
	10800000 states explored in 389.92s, with 33602623 rules fired and 7847283 states in the queue.
	10900000 states explored in 395.24s, with 34074585 rules fired and 7901481 states in the queue.
	11000000 states explored in 398.75s, with 34420018 rules fired and 7975872 states in the queue.
	11100000 states explored in 402.19s, with 34756305 rules fired and 8050089 states in the queue.
	11200000 states explored in 406.44s, with 35162812 rules fired and 8116573 states in the queue.
	11300000 states explored in 411.48s, with 35623905 rules fired and 8175028 states in the queue.
	11400000 states explored in 416.51s, with 36079646 rules fired and 8232552 states in the queue.
	11500000 states explored in 421.68s, with 36536720 rules fired and 8287465 states in the queue.
	11600000 states explored in 426.97s, with 37005629 rules fired and 8341594 states in the queue.
	11700000 states explored in 430.85s, with 37359074 rules fired and 8410087 states in the queue.
	11800000 states explored in 434.78s, with 37730165 rules fired and 8478804 states in the queue.
	11900000 states explored in 440.14s, with 38229161 rules fired and 8535775 states in the queue.
	12000000 states explored in 446.58s, with 38804642 rules fired and 8582599 states in the queue.
	12100000 states explored in 452.64s, with 39382984 rules fired and 8637466 states in the queue.
	12200000 states explored in 457.29s, with 39804681 rules fired and 8700284 states in the queue.
	12300000 states explored in 463.05s, with 40330205 rules fired and 8753921 states in the queue.
	12400000 states explored in 469.54s, with 40916182 rules fired and 8798969 states in the queue.
	12500000 states explored in 475.76s, with 41468001 rules fired and 8845054 states in the queue.
	12600000 states explored in 481.75s, with 41985298 rules fired and 8890828 states in the queue.
	12700000 states explored in 484.60s, with 42259012 rules fired and 8970008 states in the queue.
	12800000 states explored in 487.66s, with 42552954 rules fired and 9047884 states in the queue.
	12900000 states explored in 490.85s, with 42860667 rules fired and 9124294 states in the queue.
	13000000 states explored in 494.35s, with 43214151 rules fired and 9200661 states in the queue.
	13100000 states explored in 498.74s, with 43651821 rules fired and 9270295 states in the queue.
	13200000 states explored in 502.74s, with 44033774 rules fired and 9340745 states in the queue.
	13300000 states explored in 506.51s, with 44403425 rules fired and 9414151 states in the queue.
	13400000 states explored in 510.50s, with 44795353 rules fired and 9484748 states in the queue.
	13500000 states explored in 514.42s, with 45168026 rules fired and 9554288 states in the queue.
	13600000 states explored in 518.95s, with 45602821 rules fired and 9620074 states in the queue.
	13700000 states explored in 522.62s, with 45970522 rules fired and 9695591 states in the queue.
	13800000 states explored in 527.20s, with 46422160 rules fired and 9763126 states in the queue.
	13900000 states explored in 532.60s, with 46949576 rules fired and 9823900 states in the queue.
	14000000 states explored in 537.34s, with 47408341 rules fired and 9889371 states in the queue.
	14100000 states explored in 541.65s, with 47835157 rules fired and 9959212 states in the queue.
	14200000 states explored in 546.41s, with 48305721 rules fired and 10025145 states in the queue.
	14300000 states explored in 552.72s, with 48930653 rules fired and 10080689 states in the queue.
	14400000 states explored in 559.15s, with 49557764 rules fired and 10134340 states in the queue.
	14500000 states explored in 564.85s, with 50108558 rules fired and 10192088 states in the queue.
	14600000 states explored in 570.22s, with 50660860 rules fired and 10257183 states in the queue.
	14700000 states explored in 574.58s, with 51081681 rules fired and 10324605 states in the queue.
	14800000 states explored in 577.11s, with 51326768 rules fired and 10405330 states in the queue.
	14900000 states explored in 578.78s, with 51480749 rules fired and 10492187 states in the queue.
	15000000 states explored in 580.47s, with 51638905 rules fired and 10578990 states in the queue.
	15100000 states explored in 582.15s, with 51796578 rules fired and 10665811 states in the queue.
	15200000 states explored in 584.52s, with 52020286 rules fired and 10747365 states in the queue.
	15300000 states explored in 587.12s, with 52265436 rules fired and 10826843 states in the queue.
	15400000 states explored in 588.95s, with 52432582 rules fired and 10911985 states in the queue.
	15500000 states explored in 590.68s, with 52588222 rules fired and 10997623 states in the queue.
	15600000 states explored in 592.46s, with 52744346 rules fired and 11083085 states in the queue.
	15700000 states explored in 594.30s, with 52911570 rules fired and 11168090 states in the queue.
	15800000 states explored in 596.65s, with 53153913 rules fired and 11251831 states in the queue.
	15900000 states explored in 599.62s, with 53461892 rules fired and 11330905 states in the queue.
	16000000 states explored in 603.62s, with 53874789 rules fired and 11402292 states in the queue.
	16100000 states explored in 606.33s, with 54152664 rules fired and 11482691 states in the queue.
	16200000 states explored in 609.40s, with 54461093 rules fired and 11559905 states in the queue.
	16300000 states explored in 613.33s, with 54854196 rules fired and 11629877 states in the queue.
	16400000 states explored in 617.71s, with 55294493 rules fired and 11697164 states in the queue.
	16500000 states explored in 620.10s, with 55534492 rules fired and 11779158 states in the queue.
	16600000 states explored in 622.88s, with 55811943 rules fired and 11858001 states in the queue.
	16700000 states explored in 626.22s, with 56138049 rules fired and 11931359 states in the queue.
	16800000 states explored in 629.96s, with 56500232 rules fired and 12001353 states in the queue.
	16900000 states explored in 633.78s, with 56876145 rules fired and 12071675 states in the queue.
	17000000 states explored in 637.94s, with 57283406 rules fired and 12139378 states in the queue.
	17100000 states explored in 642.32s, with 57720062 rules fired and 12206361 states in the queue.
	17200000 states explored in 646.56s, with 58147125 rules fired and 12274428 states in the queue.
	17300000 states explored in 649.06s, with 58403915 rules fired and 12356880 states in the queue.
	17400000 states explored in 652.19s, with 58714905 rules fired and 12432817 states in the queue.
	17500000 states explored in 655.31s, with 59017597 rules fired and 12508057 states in the queue.
	17600000 states explored in 658.19s, with 59295509 rules fired and 12584866 states in the queue.
	17700000 states explored in 661.23s, with 59600062 rules fired and 12662037 states in the queue.
	17800000 states explored in 664.50s, with 59916662 rules fired and 12735742 states in the queue.
	17900000 states explored in 668.18s, with 60278195 rules fired and 12807345 states in the queue.
	18000000 states explored in 671.97s, with 60636427 rules fired and 12875637 states in the queue.
	18100000 states explored in 676.40s, with 61058715 rules fired and 12938959 states in the queue.
	18200000 states explored in 680.67s, with 61461568 rules fired and 13003293 states in the queue.
	18300000 states explored in 684.45s, with 61835711 rules fired and 13074316 states in the queue.
	18400000 states explored in 688.66s, with 62241222 rules fired and 13140516 states in the queue.
	18500000 states explored in 692.59s, with 62632155 rules fired and 13210485 states in the queue.
target state's depth is: 11

==========================================================================

Result:

	Invariant "test_reachable_state_173" failed.

State Space Explored:

	18597479 states, 63066478 rules fired in 697.08s.

Analysis of State Space:

	There are rules that are never fired.
	If you are running with symmetry, this may be why.  Otherwise,
	please run this program with "-pr" for the rules information.
