This program should be regarded as a DEBUGGING aid, not as a 
certifier of correctness.
Call with the -l flag or read the license file for terms
and conditions of use.
Run this program with "-h" for the list of options.

Bugs, questions, and comments should be directed to
"melatti@di.uniroma1.it".

CMurphi compiler last modified date: Apr 10 2024
Include files last modified date:    Jul 23 2021
==========================================================================

==========================================================================
Caching Murphi Release 5.5.0
Finite-state Concurrent System Verifier.

Caching Murphi Release 5.5.0 is based on various versions of Murphi.
Caching Murphi Release 5.5.0 :
Copyright (C) 2009-2012 by Sapienza University of Rome.
Murphi release 3.1 :
Copyright (C) 1992 - 1999 by the Board of Trustees of
Leland Stanford Junior University.

==========================================================================

Protocol: ./protocols/exec/German_node8/German_node8_inv197
===========================================
  You are using LS algorithm.  
===========================================

===== Startstates are generated! =====
Carelist Layer 0: Cache[1].State Cache[2].State Cache[3].State Cache[4].State Cache[5].State Cache[6].State Cache[7].State Cache[8].State 
Attr: Cache[8].State Level: 0 Wi: 8
Attr: Cache[7].State Level: 0 Wi: 8
Attr: Cache[1].State Level: 0 Wi: 8
Attr: Cache[3].State Level: 0 Wi: 8
Attr: Cache[4].State Level: 0 Wi: 8
Attr: Cache[2].State Level: 0 Wi: 8
Attr: Cache[5].State Level: 0 Wi: 8
Attr: Cache[6].State Level: 0 Wi: 8

===== Init heuristics! =====

Progress Report:

	100000 states explored in 5.67s, with 334762 rules fired and 78516 states in the queue.
	200000 states explored in 8.71s, with 815465 rules fired and 146711 states in the queue.
	300000 states explored in 11.28s, with 1216988 rules fired and 221282 states in the queue.
	400000 states explored in 13.47s, with 1548100 rules fired and 302053 states in the queue.
	500000 states explored in 17.07s, with 1958869 rules fired and 379534 states in the queue.
	600000 states explored in 21.25s, with 2508024 rules fired and 446260 states in the queue.
	700000 states explored in 24.40s, with 2858876 rules fired and 522685 states in the queue.
	800000 states explored in 27.58s, with 3211779 rules fired and 600178 states in the queue.
	900000 states explored in 31.39s, with 3633734 rules fired and 674516 states in the queue.
	1000000 states explored in 35.30s, with 4065377 rules fired and 750473 states in the queue.
	1100000 states explored in 38.97s, with 4480953 rules fired and 824033 states in the queue.
	1200000 states explored in 42.05s, with 4864376 rules fired and 899488 states in the queue.
	1300000 states explored in 43.77s, with 5139153 rules fired and 979114 states in the queue.
	1400000 states explored in 45.66s, with 5441942 rules fired and 1056067 states in the queue.
	1500000 states explored in 47.79s, with 5779999 rules fired and 1134239 states in the queue.
	1600000 states explored in 49.95s, with 6118990 rules fired and 1213309 states in the queue.
	1700000 states explored in 52.34s, with 6489405 rules fired and 1291633 states in the queue.
	1800000 states explored in 54.50s, with 6829768 rules fired and 1370218 states in the queue.
	1900000 states explored in 57.41s, with 7193098 rules fired and 1449909 states in the queue.
	2000000 states explored in 60.36s, with 7536725 rules fired and 1526287 states in the queue.
	2100000 states explored in 62.63s, with 7892642 rules fired and 1602882 states in the queue.
	2200000 states explored in 66.26s, with 8281528 rules fired and 1678293 states in the queue.
	2300000 states explored in 69.04s, with 8584016 rules fired and 1759032 states in the queue.
	2400000 states explored in 71.95s, with 8896540 rules fired and 1840063 states in the queue.
	2500000 states explored in 75.01s, with 9232698 rules fired and 1922101 states in the queue.
	2600000 states explored in 78.11s, with 9594981 rules fired and 2001970 states in the queue.
	2700000 states explored in 80.87s, with 9893485 rules fired and 2082281 states in the queue.
	2800000 states explored in 84.36s, with 10285438 rules fired and 2159477 states in the queue.
	2900000 states explored in 87.40s, with 10599950 rules fired and 2240744 states in the queue.
	3000000 states explored in 90.71s, with 10938154 rules fired and 2321826 states in the queue.
	3100000 states explored in 93.98s, with 11269047 rules fired and 2402347 states in the queue.
	3200000 states explored in 97.25s, with 11602785 rules fired and 2484793 states in the queue.
	3300000 states explored in 100.65s, with 11944829 rules fired and 2567449 states in the queue.
	3400000 states explored in 104.15s, with 12313558 rules fired and 2648405 states in the queue.
	3500000 states explored in 106.66s, with 12679375 rules fired and 2730534 states in the queue.
	3600000 states explored in 110.66s, with 13083730 rules fired and 2810541 states in the queue.
	3700000 states explored in 113.83s, with 13409762 rules fired and 2892695 states in the queue.
	3800000 states explored in 116.09s, with 13740400 rules fired and 2973106 states in the queue.
	3900000 states explored in 118.44s, with 14069044 rules fired and 3054186 states in the queue.
	4000000 states explored in 120.89s, with 14406265 rules fired and 3135974 states in the queue.
	4100000 states explored in 123.52s, with 14772249 rules fired and 3216967 states in the queue.
	4200000 states explored in 126.13s, with 15146118 rules fired and 3297816 states in the queue.
	4300000 states explored in 128.71s, with 15515904 rules fired and 3376696 states in the queue.
	4400000 states explored in 131.62s, with 15932611 rules fired and 3455327 states in the queue.
	4500000 states explored in 134.15s, with 16307606 rules fired and 3535911 states in the queue.
	4600000 states explored in 136.73s, with 16674391 rules fired and 3618105 states in the queue.
	4700000 states explored in 139.63s, with 17067325 rules fired and 3698277 states in the queue.
	4800000 states explored in 142.20s, with 17422365 rules fired and 3779963 states in the queue.
	4900000 states explored in 145.02s, with 17795474 rules fired and 3861642 states in the queue.
	5000000 states explored in 147.83s, with 18176533 rules fired and 3944140 states in the queue.
	5100000 states explored in 151.49s, with 18552910 rules fired and 4025500 states in the queue.
	5200000 states explored in 155.51s, with 18912571 rules fired and 4105002 states in the queue.
	5300000 states explored in 159.81s, with 19304808 rules fired and 4184971 states in the queue.
	5400000 states explored in 163.66s, with 19731102 rules fired and 4261439 states in the queue.
	5500000 states explored in 168.59s, with 20157255 rules fired and 4339033 states in the queue.
	5600000 states explored in 173.84s, with 20595114 rules fired and 4417291 states in the queue.
	5700000 states explored in 178.84s, with 21030131 rules fired and 4497443 states in the queue.
	5800000 states explored in 184.03s, with 21514231 rules fired and 4572464 states in the queue.
	5900000 states explored in 189.18s, with 22007445 rules fired and 4645608 states in the queue.
	6000000 states explored in 194.32s, with 22474078 rules fired and 4718166 states in the queue.
	6100000 states explored in 199.80s, with 22973165 rules fired and 4788183 states in the queue.
	6200000 states explored in 204.72s, with 23448109 rules fired and 4864698 states in the queue.
	6300000 states explored in 209.59s, with 23933847 rules fired and 4941792 states in the queue.
	6400000 states explored in 214.70s, with 24437486 rules fired and 5017570 states in the queue.
	6500000 states explored in 220.37s, with 24943033 rules fired and 5091166 states in the queue.
	6600000 states explored in 226.06s, with 25449582 rules fired and 5163618 states in the queue.
	6700000 states explored in 231.62s, with 25960540 rules fired and 5238444 states in the queue.
	6800000 states explored in 237.45s, with 26486871 rules fired and 5312528 states in the queue.
	6900000 states explored in 243.64s, with 27004298 rules fired and 5385974 states in the queue.
	7000000 states explored in 249.74s, with 27528522 rules fired and 5460924 states in the queue.
	7100000 states explored in 255.98s, with 28038829 rules fired and 5533945 states in the queue.
	7200000 states explored in 261.71s, with 28536940 rules fired and 5607039 states in the queue.
	7300000 states explored in 268.05s, with 29099262 rules fired and 5678427 states in the queue.
	7400000 states explored in 273.85s, with 29621656 rules fired and 5750702 states in the queue.
	7500000 states explored in 279.60s, with 30160917 rules fired and 5821085 states in the queue.
	7600000 states explored in 285.36s, with 30704285 rules fired and 5892181 states in the queue.
	7700000 states explored in 291.36s, with 31236813 rules fired and 5960067 states in the queue.
	7800000 states explored in 297.40s, with 31772470 rules fired and 6031312 states in the queue.
	7900000 states explored in 303.55s, with 32330225 rules fired and 6099968 states in the queue.
	8000000 states explored in 310.14s, with 32903244 rules fired and 6167489 states in the queue.
	8100000 states explored in 314.67s, with 33306416 rules fired and 6242296 states in the queue.
	8200000 states explored in 318.87s, with 33721450 rules fired and 6315851 states in the queue.
	8300000 states explored in 323.36s, with 34130356 rules fired and 6389722 states in the queue.
	8400000 states explored in 328.04s, with 34530536 rules fired and 6465768 states in the queue.
	8500000 states explored in 333.19s, with 34969951 rules fired and 6538811 states in the queue.
	8600000 states explored in 338.63s, with 35453895 rules fired and 6609956 states in the queue.
	8700000 states explored in 344.44s, with 36016671 rules fired and 6676509 states in the queue.
	8800000 states explored in 351.37s, with 36714266 rules fired and 6738618 states in the queue.
	8900000 states explored in 356.46s, with 37211685 rules fired and 6810925 states in the queue.
	9000000 states explored in 362.55s, with 37734210 rules fired and 6880377 states in the queue.
	9100000 states explored in 369.15s, with 38346861 rules fired and 6945549 states in the queue.
	9200000 states explored in 376.50s, with 39038389 rules fired and 7005958 states in the queue.
	9300000 states explored in 381.42s, with 39530663 rules fired and 7078373 states in the queue.
	9400000 states explored in 387.55s, with 40151532 rules fired and 7142410 states in the queue.
	9500000 states explored in 393.90s, with 40799320 rules fired and 7208776 states in the queue.
	9600000 states explored in 398.40s, with 41200354 rules fired and 7283600 states in the queue.
	9700000 states explored in 403.70s, with 41583382 rules fired and 7359474 states in the queue.
	9800000 states explored in 407.76s, with 41894418 rules fired and 7438710 states in the queue.
	9900000 states explored in 411.92s, with 42229049 rules fired and 7517875 states in the queue.
	10000000 states explored in 415.65s, with 42569498 rules fired and 7598580 states in the queue.
	10100000 states explored in 420.70s, with 42951958 rules fired and 7677524 states in the queue.
	10200000 states explored in 426.07s, with 43302859 rules fired and 7754048 states in the queue.
	10300000 states explored in 431.60s, with 43708583 rules fired and 7829501 states in the queue.
	10400000 states explored in 437.46s, with 44141432 rules fired and 7907021 states in the queue.
	10500000 states explored in 442.11s, with 44483486 rules fired and 7988376 states in the queue.
	10600000 states explored in 447.88s, with 44874992 rules fired and 8067981 states in the queue.
	10700000 states explored in 453.94s, with 45299666 rules fired and 8144022 states in the queue.
	10800000 states explored in 458.18s, with 45706221 rules fired and 8221452 states in the queue.
	10900000 states explored in 462.18s, with 46099281 rules fired and 8299601 states in the queue.
	11000000 states explored in 466.16s, with 46565399 rules fired and 8377789 states in the queue.
	11100000 states explored in 470.30s, with 47008098 rules fired and 8453485 states in the queue.
	11200000 states explored in 474.45s, with 47395679 rules fired and 8532905 states in the queue.
	11300000 states explored in 480.14s, with 47745758 rules fired and 8615414 states in the queue.

Error:

	Internal Error: Too many active states.



