This program should be regarded as a DEBUGGING aid, not as a 
certifier of correctness.
Call with the -l flag or read the license file for terms
and conditions of use.
Run this program with "-h" for the list of options.

Bugs, questions, and comments should be directed to
"melatti@di.uniroma1.it".

CMurphi compiler last modified date: Apr 10 2024
Include files last modified date:    Jul 23 2021
==========================================================================

==========================================================================
Caching Murphi Release 5.5.0
Finite-state Concurrent System Verifier.

Caching Murphi Release 5.5.0 is based on various versions of Murphi.
Caching Murphi Release 5.5.0 :
Copyright (C) 2009-2012 by Sapienza University of Rome.
Murphi release 3.1 :
Copyright (C) 1992 - 1999 by the Board of Trustees of
Leland Stanford Junior University.

==========================================================================

Protocol: ./protocols/exec/German_node8/German_node8_inv258
===========================================
  You are using LS algorithm.  
===========================================

===== Startstates are generated! =====
Carelist Layer 0: Cache[1].State Cache[2].State Cache[3].State Cache[4].State Cache[5].State Cache[6].State Cache[7].State Cache[8].State 
Attr: Cache[8].State Level: 0 Wi: 8
Attr: Cache[7].State Level: 0 Wi: 8
Attr: Cache[1].State Level: 0 Wi: 8
Attr: Cache[3].State Level: 0 Wi: 8
Attr: Cache[4].State Level: 0 Wi: 8
Attr: Cache[2].State Level: 0 Wi: 8
Attr: Cache[5].State Level: 0 Wi: 8
Attr: Cache[6].State Level: 0 Wi: 8

===== Init heuristics! =====

Progress Report:

	100000 states explored in 6.66s, with 326279 rules fired and 76985 states in the queue.
	200000 states explored in 10.77s, with 722190 rules fired and 148515 states in the queue.
	300000 states explored in 13.97s, with 1052959 rules fired and 221582 states in the queue.
	400000 states explored in 17.40s, with 1415985 rules fired and 297041 states in the queue.
	500000 states explored in 20.94s, with 1790338 rules fired and 372516 states in the queue.
	600000 states explored in 24.39s, with 2167551 rules fired and 450963 states in the queue.
	700000 states explored in 28.25s, with 2569854 rules fired and 522565 states in the queue.
	800000 states explored in 33.44s, with 3108993 rules fired and 588813 states in the queue.
	900000 states explored in 38.98s, with 3683980 rules fired and 651316 states in the queue.
	1000000 states explored in 43.91s, with 4176639 rules fired and 714109 states in the queue.
	1100000 states explored in 49.19s, with 4703787 rules fired and 776997 states in the queue.
	1200000 states explored in 55.34s, with 5326337 rules fired and 833037 states in the queue.
	1300000 states explored in 62.09s, with 6019236 rules fired and 887186 states in the queue.
	1400000 states explored in 67.66s, with 6581016 rules fired and 944159 states in the queue.
	1500000 states explored in 72.05s, with 7031130 rules fired and 1009824 states in the queue.
	1600000 states explored in 77.01s, with 7554125 rules fired and 1070589 states in the queue.
	1700000 states explored in 80.18s, with 7879393 rules fired and 1144695 states in the queue.
	1800000 states explored in 83.70s, with 8248430 rules fired and 1220074 states in the queue.
	1900000 states explored in 87.59s, with 8644739 rules fired and 1295280 states in the queue.
	2000000 states explored in 91.17s, with 9013252 rules fired and 1371843 states in the queue.
	2100000 states explored in 95.34s, with 9439641 rules fired and 1447712 states in the queue.
	2200000 states explored in 98.76s, with 9803643 rules fired and 1524998 states in the queue.
	2300000 states explored in 102.50s, with 10197000 rules fired and 1602896 states in the queue.
	2400000 states explored in 106.45s, with 10602685 rules fired and 1681815 states in the queue.
	2500000 states explored in 111.06s, with 11044154 rules fired and 1754905 states in the queue.
	2600000 states explored in 115.86s, with 11521895 rules fired and 1824609 states in the queue.
	2700000 states explored in 120.20s, with 11967722 rules fired and 1897604 states in the queue.
	2800000 states explored in 125.29s, with 12477942 rules fired and 1966373 states in the queue.
	2900000 states explored in 129.53s, with 12922543 rules fired and 2038762 states in the queue.
	3000000 states explored in 134.44s, with 13427872 rules fired and 2109212 states in the queue.
	3100000 states explored in 140.89s, with 14084391 rules fired and 2170644 states in the queue.
	3200000 states explored in 148.37s, with 14834220 rules fired and 2221968 states in the queue.
	3300000 states explored in 156.74s, with 15658125 rules fired and 2267131 states in the queue.
	3400000 states explored in 162.98s, with 16270220 rules fired and 2322701 states in the queue.
	3500000 states explored in 168.58s, with 16818821 rules fired and 2384004 states in the queue.
	3600000 states explored in 175.27s, with 17466964 rules fired and 2441092 states in the queue.
	3700000 states explored in 179.20s, with 18043707 rules fired and 2501384 states in the queue.
	3800000 states explored in 182.78s, with 18579264 rules fired and 2566722 states in the queue.
	3900000 states explored in 185.97s, with 19055723 rules fired and 2632367 states in the queue.
	4000000 states explored in 190.27s, with 19702967 rules fired and 2686211 states in the queue.
	4100000 states explored in 193.78s, with 20227889 rules fired and 2750718 states in the queue.
	4200000 states explored in 197.94s, with 20851670 rules fired and 2812012 states in the queue.
	4300000 states explored in 202.03s, with 21455761 rules fired and 2873133 states in the queue.
	4400000 states explored in 206.23s, with 22091191 rules fired and 2931030 states in the queue.
	4500000 states explored in 209.97s, with 22609224 rules fired and 2995130 states in the queue.
	4600000 states explored in 213.29s, with 23127576 rules fired and 3060466 states in the queue.
	4700000 states explored in 216.06s, with 23570461 rules fired and 3130886 states in the queue.
	4800000 states explored in 219.27s, with 24056765 rules fired and 3199775 states in the queue.
	4900000 states explored in 222.89s, with 24616881 rules fired and 3268524 states in the queue.
	5000000 states explored in 226.65s, with 25185208 rules fired and 3338146 states in the queue.
	5100000 states explored in 229.47s, with 25613247 rules fired and 3412094 states in the queue.
	5200000 states explored in 232.18s, with 26024029 rules fired and 3485421 states in the queue.
	5300000 states explored in 235.21s, with 26493082 rules fired and 3557440 states in the queue.
	5400000 states explored in 238.51s, with 26998850 rules fired and 3626613 states in the queue.
	5500000 states explored in 241.52s, with 27474868 rules fired and 3697782 states in the queue.
	5600000 states explored in 244.54s, with 27945065 rules fired and 3769642 states in the queue.
	5700000 states explored in 247.78s, with 28441097 rules fired and 3839987 states in the queue.
	5800000 states explored in 251.78s, with 29033576 rules fired and 3900383 states in the queue.
	5900000 states explored in 254.54s, with 29442408 rules fired and 3970438 states in the queue.
	6000000 states explored in 257.82s, with 29935876 rules fired and 4035582 states in the queue.
	6100000 states explored in 261.42s, with 30531619 rules fired and 4095808 states in the queue.
	6200000 states explored in 264.93s, with 31077097 rules fired and 4158308 states in the queue.
	6300000 states explored in 267.97s, with 31520177 rules fired and 4232114 states in the queue.
	6400000 states explored in 270.09s, with 31823001 rules fired and 4309954 states in the queue.
	6500000 states explored in 272.37s, with 32150480 rules fired and 4388837 states in the queue.
	6600000 states explored in 275.31s, with 32550161 rules fired and 4464421 states in the queue.
	6700000 states explored in 277.77s, with 32886366 rules fired and 4543212 states in the queue.
	6800000 states explored in 280.09s, with 33231111 rules fired and 4624367 states in the queue.
	6900000 states explored in 282.61s, with 33573724 rules fired and 4702532 states in the queue.
	7000000 states explored in 285.04s, with 33901062 rules fired and 4781714 states in the queue.
	7100000 states explored in 287.71s, with 34269478 rules fired and 4860904 states in the queue.
	7200000 states explored in 290.23s, with 34640355 rules fired and 4940838 states in the queue.
	7300000 states explored in 292.74s, with 34995172 rules fired and 5021362 states in the queue.
	7400000 states explored in 295.45s, with 35366308 rules fired and 5100589 states in the queue.
	7500000 states explored in 297.95s, with 35718921 rules fired and 5180964 states in the queue.
	7600000 states explored in 300.73s, with 36121934 rules fired and 5261024 states in the queue.
	7700000 states explored in 303.48s, with 36505313 rules fired and 5342400 states in the queue.
	7800000 states explored in 306.57s, with 36915699 rules fired and 5414922 states in the queue.
	7900000 states explored in 309.76s, with 37360437 rules fired and 5485802 states in the queue.
	8000000 states explored in 313.52s, with 37859436 rules fired and 5552874 states in the queue.
	8100000 states explored in 316.86s, with 38333409 rules fired and 5622023 states in the queue.
	8200000 states explored in 320.45s, with 38846537 rules fired and 5692812 states in the queue.
	8300000 states explored in 324.32s, with 39395538 rules fired and 5763453 states in the queue.
	8400000 states explored in 327.78s, with 39883684 rules fired and 5837910 states in the queue.
	8500000 states explored in 331.39s, with 40427760 rules fired and 5910587 states in the queue.
	8600000 states explored in 334.82s, with 40934798 rules fired and 5984215 states in the queue.
	8700000 states explored in 338.16s, with 41407926 rules fired and 6059208 states in the queue.
	8800000 states explored in 341.95s, with 41949345 rules fired and 6130438 states in the queue.
	8900000 states explored in 346.56s, with 42592436 rules fired and 6195803 states in the queue.
	9000000 states explored in 350.90s, with 43228469 rules fired and 6261713 states in the queue.
	9100000 states explored in 355.35s, with 43876512 rules fired and 6325803 states in the queue.
	9200000 states explored in 358.90s, with 44393731 rules fired and 6398291 states in the queue.
	9300000 states explored in 363.13s, with 44987168 rules fired and 6467595 states in the queue.
	9400000 states explored in 366.47s, with 45483256 rules fired and 6541598 states in the queue.
	9500000 states explored in 370.28s, with 46047147 rules fired and 6612533 states in the queue.
	9600000 states explored in 374.46s, with 46634736 rules fired and 6681891 states in the queue.
	9700000 states explored in 378.93s, with 47263920 rules fired and 6749083 states in the queue.
	9800000 states explored in 382.12s, with 47715153 rules fired and 6824914 states in the queue.
	9900000 states explored in 386.72s, with 48381880 rules fired and 6889516 states in the queue.
	10000000 states explored in 391.02s, with 49010067 rules fired and 6955179 states in the queue.
	10100000 states explored in 395.50s, with 49624355 rules fired and 7022021 states in the queue.
	10200000 states explored in 399.15s, with 50089627 rules fired and 7095519 states in the queue.
	10300000 states explored in 403.41s, with 50679828 rules fired and 7162711 states in the queue.
	10400000 states explored in 407.29s, with 51198645 rules fired and 7233145 states in the queue.
	10500000 states explored in 411.66s, with 51745437 rules fired and 7303524 states in the queue.
	10600000 states explored in 415.92s, with 52275366 rules fired and 7374317 states in the queue.
	10700000 states explored in 420.78s, with 52943440 rules fired and 7438958 states in the queue.
	10800000 states explored in 426.38s, with 53416913 rules fired and 7513101 states in the queue.
	10900000 states explored in 431.90s, with 53956200 rules fired and 7584053 states in the queue.
	11000000 states explored in 437.73s, with 54444680 rules fired and 7658975 states in the queue.
	11100000 states explored in 443.27s, with 54940363 rules fired and 7731463 states in the queue.
	11200000 states explored in 449.21s, with 55456377 rules fired and 7804961 states in the queue.
	11300000 states explored in 458.57s, with 56236399 rules fired and 7863569 states in the queue.
	11400000 states explored in 465.54s, with 56852632 rules fired and 7930715 states in the queue.
	11500000 states explored in 471.29s, with 57402613 rules fired and 8003000 states in the queue.
	11600000 states explored in 476.91s, with 57932082 rules fired and 8075693 states in the queue.
	11700000 states explored in 482.14s, with 58414550 rules fired and 8151170 states in the queue.
	11800000 states explored in 486.30s, with 58951087 rules fired and 8222951 states in the queue.
	11900000 states explored in 490.78s, with 59570273 rules fired and 8290554 states in the queue.
	12000000 states explored in 496.78s, with 60395873 rules fired and 8347170 states in the queue.
	12100000 states explored in 501.53s, with 60992954 rules fired and 8413179 states in the queue.
	12200000 states explored in 504.63s, with 61379426 rules fired and 8489286 states in the queue.
	12300000 states explored in 507.85s, with 61778012 rules fired and 8564590 states in the queue.
	12400000 states explored in 511.06s, with 62166834 rules fired and 8642127 states in the queue.

Error:

	Internal Error: Too many active states.



