This program should be regarded as a DEBUGGING aid, not as a 
certifier of correctness.
Call with the -l flag or read the license file for terms
and conditions of use.
Run this program with "-h" for the list of options.

Bugs, questions, and comments should be directed to
"melatti@di.uniroma1.it".

CMurphi compiler last modified date: Apr 10 2024
Include files last modified date:    Jul 23 2021
==========================================================================

==========================================================================
Caching Murphi Release 5.5.0
Finite-state Concurrent System Verifier.

Caching Murphi Release 5.5.0 is based on various versions of Murphi.
Caching Murphi Release 5.5.0 :
Copyright (C) 2009-2012 by Sapienza University of Rome.
Murphi release 3.1 :
Copyright (C) 1992 - 1999 by the Board of Trustees of
Leland Stanford Junior University.

==========================================================================

Protocol: ./protocols/exec/German_node8/German_node8_inv244
===========================================
  You are using LS algorithm.  
===========================================

===== Startstates are generated! =====
Carelist Layer 0: Cache[1].State Cache[2].State Cache[3].State Cache[4].State Cache[5].State Cache[6].State Cache[7].State Cache[8].State 
Attr: Cache[8].State Level: 0 Wi: 8
Attr: Cache[7].State Level: 0 Wi: 8
Attr: Cache[1].State Level: 0 Wi: 8
Attr: Cache[3].State Level: 0 Wi: 8
Attr: Cache[4].State Level: 0 Wi: 8
Attr: Cache[2].State Level: 0 Wi: 8
Attr: Cache[5].State Level: 0 Wi: 8
Attr: Cache[6].State Level: 0 Wi: 8

===== Init heuristics! =====

Progress Report:

	100000 states explored in 5.61s, with 262548 rules fired and 82769 states in the queue.
	200000 states explored in 8.15s, with 567265 rules fired and 159403 states in the queue.
	300000 states explored in 10.92s, with 895159 rules fired and 234622 states in the queue.
	400000 states explored in 13.48s, with 1200418 rules fired and 313237 states in the queue.
	500000 states explored in 16.08s, with 1502650 rules fired and 392978 states in the queue.
	600000 states explored in 18.58s, with 1794369 rules fired and 472206 states in the queue.
	700000 states explored in 21.45s, with 2139598 rules fired and 550411 states in the queue.
	800000 states explored in 23.98s, with 2424659 rules fired and 631490 states in the queue.
	900000 states explored in 26.65s, with 2736900 rules fired and 709280 states in the queue.
	1000000 states explored in 29.41s, with 3049243 rules fired and 788865 states in the queue.
	1100000 states explored in 32.13s, with 3365463 rules fired and 870733 states in the queue.
	1200000 states explored in 34.65s, with 3647012 rules fired and 951610 states in the queue.
	1300000 states explored in 37.22s, with 3929413 rules fired and 1033835 states in the queue.
	1400000 states explored in 40.13s, with 4268338 rules fired and 1110541 states in the queue.
	1500000 states explored in 42.59s, with 4573365 rules fired and 1191700 states in the queue.
	1600000 states explored in 44.70s, with 4881391 rules fired and 1273367 states in the queue.
	1700000 states explored in 46.89s, with 5211716 rules fired and 1354335 states in the queue.
	1800000 states explored in 49.38s, with 5573520 rules fired and 1430339 states in the queue.
	1900000 states explored in 51.79s, with 5923912 rules fired and 1506890 states in the queue.
	2000000 states explored in 54.50s, with 6308252 rules fired and 1585385 states in the queue.
	2100000 states explored in 56.95s, with 6659934 rules fired and 1663510 states in the queue.
	2200000 states explored in 59.63s, with 7041013 rules fired and 1742517 states in the queue.
	2300000 states explored in 62.61s, with 7469286 rules fired and 1821253 states in the queue.
	2400000 states explored in 65.91s, with 7917268 rules fired and 1897477 states in the queue.
	2500000 states explored in 68.67s, with 8314638 rules fired and 1975349 states in the queue.
	2600000 states explored in 71.55s, with 8694739 rules fired and 2054609 states in the queue.
	2700000 states explored in 74.24s, with 9095756 rules fired and 2127881 states in the queue.
	2800000 states explored in 76.53s, with 9406367 rules fired and 2208829 states in the queue.
	2900000 states explored in 79.61s, with 9734406 rules fired and 2290131 states in the queue.
	3000000 states explored in 83.33s, with 10074471 rules fired and 2371185 states in the queue.
	3100000 states explored in 87.60s, with 10446553 rules fired and 2451008 states in the queue.
	3200000 states explored in 91.21s, with 10772246 rules fired and 2533059 states in the queue.
	3300000 states explored in 95.36s, with 11126348 rules fired and 2615564 states in the queue.
	3400000 states explored in 99.88s, with 11521050 rules fired and 2696592 states in the queue.
	3500000 states explored in 103.44s, with 11830658 rules fired and 2778505 states in the queue.
	3600000 states explored in 107.03s, with 12136793 rules fired and 2861679 states in the queue.
	3700000 states explored in 110.75s, with 12452591 rules fired and 2944741 states in the queue.
	3800000 states explored in 114.87s, with 12783732 rules fired and 3028148 states in the queue.
	3900000 states explored in 118.92s, with 13128686 rules fired and 3110502 states in the queue.
	4000000 states explored in 122.91s, with 13477599 rules fired and 3189580 states in the queue.
	4100000 states explored in 126.88s, with 13802320 rules fired and 3271572 states in the queue.
	4200000 states explored in 131.10s, with 14166424 rules fired and 3352227 states in the queue.
	4300000 states explored in 135.03s, with 14512457 rules fired and 3430442 states in the queue.
	4400000 states explored in 138.00s, with 14861117 rules fired and 3512324 states in the queue.
	4500000 states explored in 141.04s, with 15231353 rules fired and 3593410 states in the queue.
	4600000 states explored in 143.72s, with 15562213 rules fired and 3676089 states in the queue.
	4700000 states explored in 146.56s, with 15905813 rules fired and 3758855 states in the queue.
	4800000 states explored in 150.33s, with 16255058 rules fired and 3841279 states in the queue.
	4900000 states explored in 153.05s, with 16605201 rules fired and 3923058 states in the queue.
	5000000 states explored in 156.72s, with 16960286 rules fired and 4005005 states in the queue.
	5100000 states explored in 160.51s, with 17302173 rules fired and 4087977 states in the queue.
	5200000 states explored in 164.67s, with 17672068 rules fired and 4170908 states in the queue.
	5300000 states explored in 169.02s, with 18097151 rules fired and 4245793 states in the queue.
	5400000 states explored in 172.84s, with 18439702 rules fired and 4327095 states in the queue.
	5500000 states explored in 176.97s, with 18788504 rules fired and 4410281 states in the queue.
	5600000 states explored in 181.24s, with 19151238 rules fired and 4494158 states in the queue.
	5700000 states explored in 185.70s, with 19510000 rules fired and 4576585 states in the queue.
	5800000 states explored in 189.84s, with 19867741 rules fired and 4657510 states in the queue.
	5900000 states explored in 194.35s, with 20266429 rules fired and 4736563 states in the queue.
	6000000 states explored in 198.97s, with 20662092 rules fired and 4816003 states in the queue.
	6100000 states explored in 203.82s, with 21041681 rules fired and 4896877 states in the queue.
	6200000 states explored in 208.48s, with 21394960 rules fired and 4979289 states in the queue.
	6300000 states explored in 212.56s, with 21759552 rules fired and 5061047 states in the queue.
	6400000 states explored in 216.62s, with 22129483 rules fired and 5139513 states in the queue.
	6500000 states explored in 220.84s, with 22496220 rules fired and 5219938 states in the queue.
	6600000 states explored in 225.20s, with 22855839 rules fired and 5301888 states in the queue.
	6700000 states explored in 229.91s, with 23216827 rules fired and 5384417 states in the queue.
	6800000 states explored in 234.63s, with 23583196 rules fired and 5466219 states in the queue.
	6900000 states explored in 240.02s, with 23981016 rules fired and 5547446 states in the queue.
	7000000 states explored in 245.16s, with 24375551 rules fired and 5628363 states in the queue.
	7100000 states explored in 249.62s, with 24727587 rules fired and 5709551 states in the queue.
	7200000 states explored in 254.80s, with 25117990 rules fired and 5792369 states in the queue.
	7300000 states explored in 259.49s, with 25482647 rules fired and 5876314 states in the queue.
	7400000 states explored in 264.39s, with 25854560 rules fired and 5960272 states in the queue.
	7500000 states explored in 269.61s, with 26232722 rules fired and 6042490 states in the queue.
	7600000 states explored in 274.30s, with 26611341 rules fired and 6123672 states in the queue.
	7700000 states explored in 279.55s, with 27003085 rules fired and 6205550 states in the queue.
	7800000 states explored in 284.77s, with 27419889 rules fired and 6286355 states in the queue.
	7900000 states explored in 289.46s, with 27821266 rules fired and 6364641 states in the queue.
	8000000 states explored in 294.14s, with 28228158 rules fired and 6441675 states in the queue.
	8100000 states explored in 297.45s, with 28565751 rules fired and 6521343 states in the queue.
	8200000 states explored in 301.06s, with 28924954 rules fired and 6600750 states in the queue.
	8300000 states explored in 304.94s, with 29299109 rules fired and 6679881 states in the queue.
	8400000 states explored in 309.47s, with 29708826 rules fired and 6757229 states in the queue.
	8500000 states explored in 314.34s, with 30115940 rules fired and 6836952 states in the queue.
	8600000 states explored in 320.03s, with 30541170 rules fired and 6915461 states in the queue.
	8700000 states explored in 326.00s, with 31001442 rules fired and 6992985 states in the queue.
	8800000 states explored in 330.98s, with 31427883 rules fired and 7069760 states in the queue.
	8900000 states explored in 335.95s, with 31844833 rules fired and 7148169 states in the queue.
	9000000 states explored in 340.34s, with 32267848 rules fired and 7225687 states in the queue.
	9100000 states explored in 345.28s, with 32714867 rules fired and 7304829 states in the queue.
	9200000 states explored in 350.93s, with 33291985 rules fired and 7374084 states in the queue.
	9300000 states explored in 355.39s, with 33718231 rules fired and 7451504 states in the queue.
	9400000 states explored in 359.23s, with 34103885 rules fired and 7529296 states in the queue.
	9500000 states explored in 362.82s, with 34515896 rules fired and 7603660 states in the queue.
	9600000 states explored in 367.41s, with 34995958 rules fired and 7675735 states in the queue.
	9700000 states explored in 371.03s, with 35486794 rules fired and 7748505 states in the queue.
	9800000 states explored in 374.04s, with 35907806 rules fired and 7822176 states in the queue.
	9900000 states explored in 377.54s, with 36408021 rules fired and 7892702 states in the queue.
	10000000 states explored in 380.84s, with 36872660 rules fired and 7963949 states in the queue.
	10100000 states explored in 383.89s, with 37302922 rules fired and 8037728 states in the queue.
	10200000 states explored in 387.06s, with 37726330 rules fired and 8106693 states in the queue.
	10300000 states explored in 390.18s, with 38168077 rules fired and 8175128 states in the queue.
	10400000 states explored in 393.36s, with 38600508 rules fired and 8245287 states in the queue.
	10500000 states explored in 396.77s, with 39063093 rules fired and 8313546 states in the queue.
	10600000 states explored in 400.17s, with 39518272 rules fired and 8381200 states in the queue.
	10700000 states explored in 403.64s, with 39974038 rules fired and 8451954 states in the queue.
	10800000 states explored in 407.55s, with 40499349 rules fired and 8520952 states in the queue.
	10900000 states explored in 411.27s, with 40983683 rules fired and 8594855 states in the queue.
	11000000 states explored in 414.51s, with 41406804 rules fired and 8669049 states in the queue.

Error:

	Internal Error: Too many active states.



