This program should be regarded as a DEBUGGING aid, not as a 
certifier of correctness.
Call with the -l flag or read the license file for terms
and conditions of use.
Run this program with "-h" for the list of options.

Bugs, questions, and comments should be directed to
"melatti@di.uniroma1.it".

CMurphi compiler last modified date: Apr 10 2024
Include files last modified date:    Jul 23 2021
==========================================================================

==========================================================================
Caching Murphi Release 5.5.0
Finite-state Concurrent System Verifier.

Caching Murphi Release 5.5.0 is based on various versions of Murphi.
Caching Murphi Release 5.5.0 :
Copyright (C) 2009-2012 by Sapienza University of Rome.
Murphi release 3.1 :
Copyright (C) 1992 - 1999 by the Board of Trustees of
Leland Stanford Junior University.

==========================================================================

Protocol: ./protocols/exec/TL-C_NonIn_M_data/TL-C_NonIn_M_data_inv82
===========================================
  You are using LS algorithm.  
===========================================

===== Startstates are generated! =====
Carelist Layer 0: Tree[1].cache[1].state Tree[2].cache[1].state Tree[3].cache[1].state Tree[4].cache[1].state Tree[5].cache[1].state Tree[6].cache[1].state Tree[7].cache[1].state 

===== Init heuristics! =====

Progress Report:

	100000 states explored in 11.88s, with 683077 rules fired and 73721 states in the queue.
	200000 states explored in 24.63s, with 1664306 rules fired and 129949 states in the queue.
	300000 states explored in 30.93s, with 2155078 rules fired and 209814 states in the queue.
	400000 states explored in 44.05s, with 3103610 rules fired and 266749 states in the queue.
	500000 states explored in 59.77s, with 4241468 rules fired and 307757 states in the queue.
	600000 states explored in 66.17s, with 4704455 rules fired and 387533 states in the queue.
	700000 states explored in 74.36s, with 5299100 rules fired and 461404 states in the queue.
	800000 states explored in 85.67s, with 6105874 rules fired and 523876 states in the queue.
	900000 states explored in 106.48s, with 7520739 rules fired and 551087 states in the queue.
	1000000 states explored in 132.35s, with 9229499 rules fired and 557204 states in the queue.
	1100000 states explored in 137.44s, with 9569042 rules fired and 642346 states in the queue.
	1200000 states explored in 143.89s, with 9987846 rules fired and 723121 states in the queue.
	1300000 states explored in 151.05s, with 10452766 rules fired and 801919 states in the queue.
	1400000 states explored in 159.36s, with 10993363 rules fired and 877358 states in the queue.
	1500000 states explored in 170.50s, with 11702030 rules fired and 942888 states in the queue.
	1600000 states explored in 189.48s, with 12895394 rules fired and 979094 states in the queue.
	1700000 states explored in 205.75s, with 13942353 rules fired and 1026081 states in the queue.
	1800000 states explored in 223.75s, with 15086948 rules fired and 1065104 states in the queue.
	1900000 states explored in 242.58s, with 16294776 rules fired and 1100856 states in the queue.
	2000000 states explored in 263.43s, with 17746656 rules fired and 1123443 states in the queue.
	2100000 states explored in 287.61s, with 19385205 rules fired and 1137857 states in the queue.
	2200000 states explored in 294.43s, with 19842503 rules fired and 1217074 states in the queue.
	2300000 states explored in 299.64s, with 20186275 rules fired and 1302138 states in the queue.
	2400000 states explored in 305.60s, with 20570723 rules fired and 1384723 states in the queue.
	2500000 states explored in 311.77s, with 20961653 rules fired and 1466511 states in the queue.
	2600000 states explored in 318.05s, with 21368238 rules fired and 1548186 states in the queue.
	2700000 states explored in 325.15s, with 21838270 rules fired and 1627856 states in the queue.
	2800000 states explored in 332.59s, with 22329502 rules fired and 1706392 states in the queue.
	2900000 states explored in 340.43s, with 22825539 rules fired and 1783152 states in the queue.
	3000000 states explored in 348.56s, with 23347249 rules fired and 1859289 states in the queue.
	3100000 states explored in 357.28s, with 23912003 rules fired and 1933946 states in the queue.
	3200000 states explored in 371.52s, with 24791492 rules fired and 1988791 states in the queue.
	3300000 states explored in 390.36s, with 25951206 rules fired and 2027149 states in the queue.
	3400000 states explored in 410.04s, with 27190806 rules fired and 2062011 states in the queue.
	3500000 states explored in 435.55s, with 28766299 rules fired and 2073177 states in the queue.
	3600000 states explored in 457.14s, with 30188149 rules fired and 2091388 states in the queue.
	3700000 states explored in 474.34s, with 31391466 rules fired and 2124523 states in the queue.
	3800000 states explored in 492.64s, with 32608753 rules fired and 2156409 states in the queue.
	3900000 states explored in 510.93s, with 33849780 rules fired and 2187588 states in the queue.
	4000000 states explored in 530.24s, with 35175647 rules fired and 2217344 states in the queue.
	4100000 states explored in 546.95s, with 36309813 rules fired and 2263061 states in the queue.
	4200000 states explored in 559.04s, with 37147141 rules fired and 2324851 states in the queue.
	4300000 states explored in 577.87s, with 38477189 rules fired and 2363985 states in the queue.
	4400000 states explored in 603.55s, with 40327555 rules fired and 2376024 states in the queue.
	4500000 states explored in 609.24s, with 40722737 rules fired and 2457292 states in the queue.
	4600000 states explored in 613.69s, with 41031721 rules fired and 2543383 states in the queue.

Error:

	Internal Error: Too many active states.



