This program should be regarded as a DEBUGGING aid, not as a 
certifier of correctness.
Call with the -l flag or read the license file for terms
and conditions of use.
Run this program with "-h" for the list of options.

Bugs, questions, and comments should be directed to
"melatti@di.uniroma1.it".

CMurphi compiler last modified date: Apr 10 2024
Include files last modified date:    Jul 23 2021
==========================================================================

==========================================================================
Caching Murphi Release 5.5.0
Finite-state Concurrent System Verifier.

Caching Murphi Release 5.5.0 is based on various versions of Murphi.
Caching Murphi Release 5.5.0 :
Copyright (C) 2009-2012 by Sapienza University of Rome.
Murphi release 3.1 :
Copyright (C) 1992 - 1999 by the Board of Trustees of
Leland Stanford Junior University.

==========================================================================

Protocol: ./protocols/exec/TL-C_NonIn_M_data/TL-C_NonIn_M_data_inv107
===========================================
  You are using LS algorithm.  
===========================================

===== Startstates are generated! =====
Carelist Layer 0: Tree[1].cache[1].state Tree[2].cache[1].state Tree[3].cache[1].state Tree[4].cache[1].state Tree[5].cache[1].state Tree[6].cache[1].state Tree[7].cache[1].state 

===== Init heuristics! =====

Progress Report:

	100000 states explored in 12.02s, with 681852 rules fired and 73778 states in the queue.
	200000 states explored in 24.56s, with 1668736 rules fired and 129865 states in the queue.
	300000 states explored in 30.13s, with 2140175 rules fired and 210814 states in the queue.
	400000 states explored in 41.54s, with 2985193 rules fired and 273602 states in the queue.
	500000 states explored in 60.41s, with 4268727 rules fired and 306785 states in the queue.
	600000 states explored in 66.91s, with 4724176 rules fired and 387216 states in the queue.
	700000 states explored in 74.96s, with 5288213 rules fired and 462363 states in the queue.
	800000 states explored in 86.33s, with 6086635 rules fired and 525439 states in the queue.
	900000 states explored in 101.54s, with 7322227 rules fired and 563810 states in the queue.
	1000000 states explored in 118.91s, with 8774035 rules fired and 589063 states in the queue.
	1100000 states explored in 130.80s, with 9782460 rules fired and 635716 states in the queue.
	1200000 states explored in 135.41s, with 10165162 rules fired and 718542 states in the queue.
	1300000 states explored in 140.89s, with 10618008 rules fired and 798306 states in the queue.
	1400000 states explored in 147.20s, with 11133592 rules fired and 874765 states in the queue.
	1500000 states explored in 154.72s, with 11737661 rules fired and 946429 states in the queue.
	1600000 states explored in 169.68s, with 12742385 rules fired and 993705 states in the queue.
	1700000 states explored in 185.87s, with 13748198 rules fired and 1043772 states in the queue.
	1800000 states explored in 203.06s, with 14783211 rules fired and 1088146 states in the queue.
	1900000 states explored in 221.02s, with 15890396 rules fired and 1128796 states in the queue.
	2000000 states explored in 238.91s, with 17022071 rules fired and 1170233 states in the queue.
	2100000 states explored in 257.24s, with 18254894 rules fired and 1205380 states in the queue.
	2200000 states explored in 268.49s, with 19105602 rules fired and 1268399 states in the queue.
	2300000 states explored in 292.14s, with 20788117 rules fired and 1283281 states in the queue.
	2400000 states explored in 300.52s, with 21406655 rules fired and 1354461 states in the queue.
	2500000 states explored in 305.48s, with 21763436 rules fired and 1438556 states in the queue.
	2600000 states explored in 311.01s, with 22152730 rules fired and 1520499 states in the queue.
	2700000 states explored in 316.86s, with 22563910 rules fired and 1601475 states in the queue.
	2800000 states explored in 323.12s, with 22998015 rules fired and 1682032 states in the queue.
	2900000 states explored in 330.06s, with 23454208 rules fired and 1760882 states in the queue.
	3000000 states explored in 336.97s, with 23920656 rules fired and 1839216 states in the queue.
	3100000 states explored in 344.97s, with 24416987 rules fired and 1916278 states in the queue.
	3200000 states explored in 355.63s, with 25061383 rules fired and 1984676 states in the queue.
	3300000 states explored in 372.82s, with 26089805 rules fired and 2030136 states in the queue.
	3400000 states explored in 393.26s, with 27303840 rules fired and 2063572 states in the queue.
	3500000 states explored in 414.71s, with 28586297 rules fired and 2092035 states in the queue.
	3600000 states explored in 434.09s, with 29744849 rules fired and 2126568 states in the queue.
	3700000 states explored in 452.46s, with 30830971 rules fired and 2164272 states in the queue.
	3800000 states explored in 469.68s, with 31872843 rules fired and 2206127 states in the queue.
	3900000 states explored in 485.42s, with 32871348 rules fired and 2252361 states in the queue.
	4000000 states explored in 501.93s, with 33949954 rules fired and 2293945 states in the queue.
	4100000 states explored in 519.22s, with 35015895 rules fired and 2335234 states in the queue.
	4200000 states explored in 535.39s, with 36034820 rules fired and 2381168 states in the queue.
	4300000 states explored in 542.84s, with 36557611 rules fired and 2460385 states in the queue.
	4400000 states explored in 551.31s, with 37154200 rules fired and 2536116 states in the queue.
	4500000 states explored in 560.72s, with 37816883 rules fired and 2608854 states in the queue.

Error:

	Internal Error: Too many active states.



