This program should be regarded as a DEBUGGING aid, not as a 
certifier of correctness.
Call with the -l flag or read the license file for terms
and conditions of use.
Run this program with "-h" for the list of options.

Bugs, questions, and comments should be directed to
"melatti@di.uniroma1.it".

CMurphi compiler last modified date: Apr 10 2024
Include files last modified date:    Jul 23 2021
==========================================================================

==========================================================================
Caching Murphi Release 5.5.0
Finite-state Concurrent System Verifier.

Caching Murphi Release 5.5.0 is based on various versions of Murphi.
Caching Murphi Release 5.5.0 :
Copyright (C) 2009-2012 by Sapienza University of Rome.
Murphi release 3.1 :
Copyright (C) 1992 - 1999 by the Board of Trustees of
Leland Stanford Junior University.

==========================================================================

Protocol: ./protocols/exec/TL-C_NonIn_M_data/TL-C_NonIn_M_data_inv25
===========================================
  You are using LS algorithm.  
===========================================

===== Startstates are generated! =====
Carelist Layer 0: Tree[1].cache[1].state Tree[2].cache[1].state Tree[3].cache[1].state Tree[4].cache[1].state Tree[5].cache[1].state Tree[6].cache[1].state Tree[7].cache[1].state 

===== Init heuristics! =====

Progress Report:

	100000 states explored in 10.44s, with 671921 rules fired and 76205 states in the queue.
	200000 states explored in 20.73s, with 1577794 rules fired and 141224 states in the queue.
	300000 states explored in 26.54s, with 2076393 rules fired and 221390 states in the queue.
	400000 states explored in 37.19s, with 3087457 rules fired and 279384 states in the queue.
	500000 states explored in 45.83s, with 4024057 rules fired and 337677 states in the queue.
	600000 states explored in 50.58s, with 4539987 rules fired and 415703 states in the queue.
	700000 states explored in 57.96s, with 5191079 rules fired and 487518 states in the queue.
	800000 states explored in 69.36s, with 6349763 rules fired and 536219 states in the queue.
	900000 states explored in 85.77s, with 7895748 rules fired and 563200 states in the queue.
	1000000 states explored in 96.43s, with 8646480 rules fired and 630373 states in the queue.
	1100000 states explored in 102.57s, with 9066592 rules fired and 711939 states in the queue.
	1200000 states explored in 109.53s, with 9533041 rules fired and 790954 states in the queue.
	1300000 states explored in 116.77s, with 10023579 rules fired and 869563 states in the queue.
	1400000 states explored in 128.48s, with 10799351 rules fired and 933614 states in the queue.
	1500000 states explored in 146.07s, with 11951164 rules fired and 977720 states in the queue.
	1600000 states explored in 162.56s, with 13074526 rules fired and 1024836 states in the queue.
	1700000 states explored in 180.38s, with 14263502 rules fired and 1067479 states in the queue.
	1800000 states explored in 201.55s, with 15660253 rules fired and 1097003 states in the queue.
	1900000 states explored in 215.57s, with 16633874 rules fired and 1153182 states in the queue.
	2000000 states explored in 232.93s, with 17865475 rules fired and 1198783 states in the queue.
	2100000 states explored in 238.52s, with 18238133 rules fired and 1281784 states in the queue.
	2200000 states explored in 244.12s, with 18613651 rules fired and 1364942 states in the queue.
	2300000 states explored in 250.16s, with 19034235 rules fired and 1447395 states in the queue.
	2400000 states explored in 256.56s, with 19460809 rules fired and 1528174 states in the queue.
	2500000 states explored in 263.22s, with 19910920 rules fired and 1608048 states in the queue.
	2600000 states explored in 270.28s, with 20390914 rules fired and 1687079 states in the queue.
	2700000 states explored in 278.29s, with 20923395 rules fired and 1763051 states in the queue.
	2800000 states explored in 287.39s, with 21517572 rules fired and 1835521 states in the queue.
	2900000 states explored in 297.19s, with 22160332 rules fired and 1905689 states in the queue.
	3000000 states explored in 315.34s, with 23325100 rules fired and 1946370 states in the queue.
	3100000 states explored in 337.29s, with 24722852 rules fired and 1973253 states in the queue.
	3200000 states explored in 359.00s, with 26148386 rules fired and 2003367 states in the queue.
	3300000 states explored in 382.48s, with 27668851 rules fired and 2026977 states in the queue.
	3400000 states explored in 401.84s, with 28900967 rules fired and 2062250 states in the queue.
	3500000 states explored in 418.92s, with 30010684 rules fired and 2106472 states in the queue.
	3600000 states explored in 436.79s, with 31162358 rules fired and 2148274 states in the queue.
	3700000 states explored in 453.89s, with 32289227 rules fired and 2193014 states in the queue.
	3800000 states explored in 464.89s, with 33056804 rules fired and 2259491 states in the queue.
	3900000 states explored in 474.50s, with 33767956 rules fired and 2333314 states in the queue.
	4000000 states explored in 490.18s, with 34887391 rules fired and 2387157 states in the queue.
	4100000 states explored in 515.67s, with 36674757 rules fired and 2406929 states in the queue.
	4200000 states explored in 522.70s, with 37149031 rules fired and 2486141 states in the queue.
	4300000 states explored in 528.46s, with 37537058 rules fired and 2569620 states in the queue.

Error:

	Internal Error: Too many active states.



