This program should be regarded as a DEBUGGING aid, not as a 
certifier of correctness.
Call with the -l flag or read the license file for terms
and conditions of use.
Run this program with "-h" for the list of options.

Bugs, questions, and comments should be directed to
"melatti@di.uniroma1.it".

CMurphi compiler last modified date: Apr 10 2024
Include files last modified date:    Jul 23 2021
==========================================================================

==========================================================================
Caching Murphi Release 5.5.0
Finite-state Concurrent System Verifier.

Caching Murphi Release 5.5.0 is based on various versions of Murphi.
Caching Murphi Release 5.5.0 :
Copyright (C) 2009-2012 by Sapienza University of Rome.
Murphi release 3.1 :
Copyright (C) 1992 - 1999 by the Board of Trustees of
Leland Stanford Junior University.

==========================================================================

Protocol: ./protocols/exec/TL-C_NonIn_M_data/TL-C_NonIn_M_data_inv14
===========================================
  You are using LS algorithm.  
===========================================

===== Startstates are generated! =====
Carelist Layer 0: Tree[1].cache[1].state Tree[2].cache[1].state Tree[3].cache[1].state Tree[4].cache[1].state Tree[5].cache[1].state Tree[6].cache[1].state Tree[7].cache[1].state 

===== Init heuristics! =====

Progress Report:

	100000 states explored in 10.96s, with 672367 rules fired and 76187 states in the queue.
	200000 states explored in 21.91s, with 1578182 rules fired and 141167 states in the queue.
	300000 states explored in 28.17s, with 2078322 rules fired and 221223 states in the queue.
	400000 states explored in 41.73s, with 3155732 rules fired and 275976 states in the queue.
	500000 states explored in 52.77s, with 4013555 rules fired and 337753 states in the queue.
	600000 states explored in 59.47s, with 4529902 rules fired and 415589 states in the queue.
	700000 states explored in 67.77s, with 5223568 rules fired and 485238 states in the queue.
	800000 states explored in 83.98s, with 6436466 rules fired and 531330 states in the queue.
	900000 states explored in 106.01s, with 8058853 rules fired and 554723 states in the queue.
	1000000 states explored in 112.83s, with 8572091 rules fired and 632605 states in the queue.
	1100000 states explored in 118.72s, with 9004056 rules fired and 713462 states in the queue.
	1200000 states explored in 125.22s, with 9474389 rules fired and 792212 states in the queue.
	1300000 states explored in 132.27s, with 9987167 rules fired and 869734 states in the queue.
	1400000 states explored in 143.70s, with 10804599 rules fired and 931711 states in the queue.
	1500000 states explored in 160.91s, with 12019924 rules fired and 971798 states in the queue.
	1600000 states explored in 178.12s, with 13261382 rules fired and 1012108 states in the queue.
	1700000 states explored in 197.21s, with 14600288 rules fired and 1046328 states in the queue.
	1800000 states explored in 218.44s, with 16076588 rules fired and 1072464 states in the queue.
	1900000 states explored in 233.11s, with 17180016 rules fired and 1125870 states in the queue.
	2000000 states explored in 238.11s, with 17536321 rules fired and 1210510 states in the queue.
	2100000 states explored in 243.42s, with 17916433 rules fired and 1294166 states in the queue.
	2200000 states explored in 248.86s, with 18301504 rules fired and 1377140 states in the queue.
	2300000 states explored in 254.87s, with 18728633 rules fired and 1458498 states in the queue.
	2400000 states explored in 261.25s, with 19166710 rules fired and 1538380 states in the queue.
	2500000 states explored in 266.24s, with 19636113 rules fired and 1618262 states in the queue.
	2600000 states explored in 272.81s, with 20149882 rules fired and 1695649 states in the queue.
	2700000 states explored in 281.42s, with 20709129 rules fired and 1769371 states in the queue.
	2800000 states explored in 291.12s, with 21335449 rules fired and 1840018 states in the queue.
	2900000 states explored in 304.04s, with 22179598 rules fired and 1900067 states in the queue.
	3000000 states explored in 324.01s, with 23480943 rules fired and 1931252 states in the queue.
	3100000 states explored in 345.49s, with 24864835 rules fired and 1962565 states in the queue.
	3200000 states explored in 367.62s, with 26309532 rules fired and 1992216 states in the queue.
	3300000 states explored in 392.10s, with 27874047 rules fired and 2011977 states in the queue.
	3400000 states explored in 414.20s, with 29308067 rules fired and 2041268 states in the queue.
	3500000 states explored in 434.24s, with 30611636 rules fired and 2076853 states in the queue.
	3600000 states explored in 454.65s, with 31949520 rules fired and 2110923 states in the queue.
	3700000 states explored in 467.52s, with 32828402 rules fired and 2170999 states in the queue.
	3800000 states explored in 482.72s, with 33912571 rules fired and 2226187 states in the queue.
	3900000 states explored in 496.85s, with 34914689 rules fired and 2283884 states in the queue.
	4000000 states explored in 502.22s, with 35286932 rules fired and 2368948 states in the queue.
	4100000 states explored in 507.65s, with 35662165 rules fired and 2453884 states in the queue.
	4200000 states explored in 513.25s, with 36044439 rules fired and 2538134 states in the queue.

Error:

	Internal Error: Too many active states.



