This program should be regarded as a DEBUGGING aid, not as a 
certifier of correctness.
Call with the -l flag or read the license file for terms
and conditions of use.
Run this program with "-h" for the list of options.

Bugs, questions, and comments should be directed to
"melatti@di.uniroma1.it".

CMurphi compiler last modified date: Apr 10 2024
Include files last modified date:    Jul 23 2021
==========================================================================

==========================================================================
Caching Murphi Release 5.5.0
Finite-state Concurrent System Verifier.

Caching Murphi Release 5.5.0 is based on various versions of Murphi.
Caching Murphi Release 5.5.0 :
Copyright (C) 2009-2012 by Sapienza University of Rome.
Murphi release 3.1 :
Copyright (C) 1992 - 1999 by the Board of Trustees of
Leland Stanford Junior University.

==========================================================================

Protocol: ./protocols/exec/TL-C_NonIn_M_data/TL-C_NonIn_M_data_inv135
===========================================
  You are using LS algorithm.  
===========================================

===== Startstates are generated! =====
Carelist Layer 0: Tree[1].cache[1].state Tree[2].cache[1].state Tree[3].cache[1].state Tree[4].cache[1].state Tree[5].cache[1].state Tree[6].cache[1].state Tree[7].cache[1].state 

===== Init heuristics! =====

Progress Report:

	100000 states explored in 16.02s, with 681279 rules fired and 73817 states in the queue.
	200000 states explored in 31.28s, with 1672107 rules fired and 129761 states in the queue.
	300000 states explored in 38.24s, with 2124596 rules fired and 211880 states in the queue.
	400000 states explored in 49.51s, with 2844884 rules fired and 281758 states in the queue.
	500000 states explored in 72.87s, with 4306062 rules fired and 305704 states in the queue.
	600000 states explored in 80.00s, with 4750116 rules fired and 386211 states in the queue.
	700000 states explored in 88.10s, with 5262140 rules fired and 464525 states in the queue.
	800000 states explored in 100.89s, with 6049032 rules fired and 528309 states in the queue.
	900000 states explored in 118.90s, with 7144642 rules fired and 574766 states in the queue.
	1000000 states explored in 139.41s, with 8424664 rules fired and 611861 states in the queue.
	1100000 states explored in 158.76s, with 9675985 rules fired and 649299 states in the queue.
	1200000 states explored in 169.85s, with 10360414 rules fired and 713001 states in the queue.
	1300000 states explored in 176.83s, with 10782282 rules fired and 793575 states in the queue.
	1400000 states explored in 184.79s, with 11262178 rules fired and 871693 states in the queue.
	1500000 states explored in 193.78s, with 11807645 rules fired and 946562 states in the queue.
	1600000 states explored in 208.36s, with 12694487 rules fired and 1000272 states in the queue.
	1700000 states explored in 223.10s, with 13666506 rules fired and 1051031 states in the queue.
	1800000 states explored in 235.94s, with 14515573 rules fired and 1110090 states in the queue.
	1900000 states explored in 250.86s, with 15510976 rules fired and 1159878 states in the queue.
	2000000 states explored in 267.24s, with 16577853 rules fired and 1204669 states in the queue.
	2100000 states explored in 285.46s, with 17724748 rules fired and 1242386 states in the queue.
	2200000 states explored in 295.78s, with 18397847 rules fired and 1311243 states in the queue.
	2300000 states explored in 307.24s, with 19183801 rules fired and 1379050 states in the queue.
	2400000 states explored in 331.59s, with 20779387 rules fired and 1402718 states in the queue.
	2500000 states explored in 350.42s, with 22151205 rules fired and 1433797 states in the queue.
	2600000 states explored in 362.24s, with 22991223 rules fired and 1492645 states in the queue.
	2700000 states explored in 368.12s, with 23371264 rules fired and 1575477 states in the queue.
	2800000 states explored in 374.18s, with 23756389 rules fired and 1657076 states in the queue.
	2900000 states explored in 380.82s, with 24183523 rules fired and 1736770 states in the queue.
	3000000 states explored in 386.90s, with 24615222 rules fired and 1816502 states in the queue.
	3100000 states explored in 394.21s, with 25081049 rules fired and 1894676 states in the queue.
	3200000 states explored in 401.39s, with 25549915 rules fired and 1973555 states in the queue.
	3300000 states explored in 409.88s, with 26166800 rules fired and 2042928 states in the queue.
	3400000 states explored in 428.76s, with 27248313 rules fired and 2081552 states in the queue.
	3500000 states explored in 444.12s, with 28214924 rules fired and 2129798 states in the queue.
	3600000 states explored in 461.82s, with 29334869 rules fired and 2168094 states in the queue.
	3700000 states explored in 475.66s, with 30201360 rules fired and 2222520 states in the queue.
	3800000 states explored in 491.71s, with 31129556 rules fired and 2272185 states in the queue.
	3900000 states explored in 508.86s, with 32118309 rules fired and 2317319 states in the queue.
	4000000 states explored in 527.99s, with 33209299 rules fired and 2354168 states in the queue.
	4100000 states explored in 543.86s, with 34139121 rules fired and 2401684 states in the queue.
	4200000 states explored in 561.38s, with 35161146 rules fired and 2443246 states in the queue.
	4300000 states explored in 569.02s, with 35658752 rules fired and 2521955 states in the queue.
	4400000 states explored in 577.33s, with 36207836 rules fired and 2598907 states in the queue.

Error:

	Internal Error: Too many active states.



