This program should be regarded as a DEBUGGING aid, not as a 
certifier of correctness.
Call with the -l flag or read the license file for terms
and conditions of use.
Run this program with "-h" for the list of options.

Bugs, questions, and comments should be directed to
"melatti@di.uniroma1.it".

CMurphi compiler last modified date: Apr 10 2024
Include files last modified date:    Jul 23 2021
==========================================================================

==========================================================================
Caching Murphi Release 5.5.0
Finite-state Concurrent System Verifier.

Caching Murphi Release 5.5.0 is based on various versions of Murphi.
Caching Murphi Release 5.5.0 :
Copyright (C) 2009-2012 by Sapienza University of Rome.
Murphi release 3.1 :
Copyright (C) 1992 - 1999 by the Board of Trustees of
Leland Stanford Junior University.

==========================================================================

Protocol: ./protocols/exec/TL-C_NonIn_M_data/TL-C_NonIn_M_data_inv123
===========================================
  You are using LS algorithm.  
===========================================

===== Startstates are generated! =====
Carelist Layer 0: Tree[1].cache[1].state Tree[2].cache[1].state Tree[3].cache[1].state Tree[4].cache[1].state Tree[5].cache[1].state Tree[6].cache[1].state Tree[7].cache[1].state 

===== Init heuristics! =====

Progress Report:

	100000 states explored in 16.10s, with 682123 rules fired and 73766 states in the queue.
	200000 states explored in 31.12s, with 1668677 rules fired and 129786 states in the queue.
	300000 states explored in 38.30s, with 2141560 rules fired and 210757 states in the queue.
	400000 states explored in 51.55s, with 2996563 rules fired and 273206 states in the queue.
	500000 states explored in 71.74s, with 4277467 rules fired and 306429 states in the queue.
	600000 states explored in 78.89s, with 4730854 rules fired and 386558 states in the queue.
	700000 states explored in 87.82s, with 5292588 rules fired and 461856 states in the queue.
	800000 states explored in 101.29s, with 6124588 rules fired and 522996 states in the queue.
	900000 states explored in 122.58s, with 7428925 rules fired and 557106 states in the queue.
	1000000 states explored in 145.06s, with 8838364 rules fired and 585188 states in the queue.
	1100000 states explored in 159.92s, with 9788387 rules fired and 635882 states in the queue.
	1200000 states explored in 165.98s, with 10162266 rules fired and 718880 states in the queue.
	1300000 states explored in 173.58s, with 10628502 rules fired and 797597 states in the queue.
	1400000 states explored in 181.93s, with 11137278 rules fired and 874134 states in the queue.
	1500000 states explored in 192.15s, with 11751310 rules fired and 944966 states in the queue.
	1600000 states explored in 208.48s, with 12730108 rules fired and 994284 states in the queue.
	1700000 states explored in 223.75s, with 13801733 rules fired and 1040133 states in the queue.
	1800000 states explored in 239.49s, with 14837923 rules fired and 1084743 states in the queue.
	1900000 states explored in 257.29s, with 16004694 rules fired and 1123152 states in the queue.
	2000000 states explored in 275.37s, with 17174637 rules fired and 1161031 states in the queue.
	2100000 states explored in 292.36s, with 18371712 rules fired and 1198474 states in the queue.
	2200000 states explored in 302.81s, with 19119554 rules fired and 1267910 states in the queue.
	2300000 states explored in 328.86s, with 20896461 rules fired and 1279061 states in the queue.
	2400000 states explored in 336.98s, with 21413391 rules fired and 1354811 states in the queue.
	2500000 states explored in 342.89s, with 21781747 rules fired and 1438838 states in the queue.
	2600000 states explored in 349.27s, with 22166306 rules fired and 1521124 states in the queue.
	2700000 states explored in 355.90s, with 22565594 rules fired and 1602471 states in the queue.
	2800000 states explored in 362.89s, with 22998709 rules fired and 1683336 states in the queue.
	2900000 states explored in 370.16s, with 23435611 rules fired and 1762880 states in the queue.
	3000000 states explored in 377.88s, with 23895925 rules fired and 1841173 states in the queue.
	3100000 states explored in 386.27s, with 24409242 rules fired and 1917954 states in the queue.
	3200000 states explored in 396.49s, with 25020657 rules fired and 1988343 states in the queue.
	3300000 states explored in 413.90s, with 26043020 rules fired and 2034652 states in the queue.
	3400000 states explored in 434.68s, with 27256780 rules fired and 2068691 states in the queue.
	3500000 states explored in 456.41s, with 28519000 rules fired and 2097457 states in the queue.
	3600000 states explored in 478.49s, with 29790163 rules fired and 2124418 states in the queue.
	3700000 states explored in 497.23s, with 30871334 rules fired and 2162772 states in the queue.
	3800000 states explored in 516.21s, with 31980415 rules fired and 2200142 states in the queue.
	3900000 states explored in 534.73s, with 33078700 rules fired and 2239367 states in the queue.
	4000000 states explored in 553.25s, with 34169361 rules fired and 2277447 states in the queue.
	4100000 states explored in 571.25s, with 35254563 rules fired and 2317735 states in the queue.
	4200000 states explored in 585.09s, with 36136356 rules fired and 2374295 states in the queue.
	4300000 states explored in 593.98s, with 36729270 rules fired and 2449565 states in the queue.
	4400000 states explored in 602.13s, with 37283794 rules fired and 2527189 states in the queue.
	4500000 states explored in 612.46s, with 37981309 rules fired and 2598457 states in the queue.

Error:

	Internal Error: Too many active states.



