This program should be regarded as a DEBUGGING aid, not as a 
certifier of correctness.
Call with the -l flag or read the license file for terms
and conditions of use.
Run this program with "-h" for the list of options.

Bugs, questions, and comments should be directed to
"melatti@di.uniroma1.it".

CMurphi compiler last modified date: Apr 10 2024
Include files last modified date:    Jul 23 2021
==========================================================================

==========================================================================
Caching Murphi Release 5.5.0
Finite-state Concurrent System Verifier.

Caching Murphi Release 5.5.0 is based on various versions of Murphi.
Caching Murphi Release 5.5.0 :
Copyright (C) 2009-2012 by Sapienza University of Rome.
Murphi release 3.1 :
Copyright (C) 1992 - 1999 by the Board of Trustees of
Leland Stanford Junior University.

==========================================================================

Protocol: ./protocols/exec/TL-C_NonIn_M_data/TL-C_NonIn_M_data_inv223
===========================================
  You are using LS algorithm.  
===========================================

===== Startstates are generated! =====
Carelist Layer 0: Tree[1].cache[1].state Tree[2].cache[1].state Tree[3].cache[1].state Tree[4].cache[1].state Tree[5].cache[1].state Tree[6].cache[1].state Tree[7].cache[1].state 

===== Init heuristics! =====

Progress Report:

	100000 states explored in 6.09s, with 308732 rules fired and 83257 states in the queue.
	200000 states explored in 9.53s, with 656274 rules fired and 165043 states in the queue.
	300000 states explored in 12.72s, with 968580 rules fired and 248054 states in the queue.
	400000 states explored in 15.98s, with 1308288 rules fired and 330050 states in the queue.
	500000 states explored in 19.53s, with 1690686 rules fired and 410406 states in the queue.
	600000 states explored in 23.11s, with 2085977 rules fired and 490978 states in the queue.
	700000 states explored in 26.61s, with 2461426 rules fired and 572336 states in the queue.
	800000 states explored in 30.42s, with 2853131 rules fired and 652002 states in the queue.
	900000 states explored in 34.12s, with 3247315 rules fired and 731978 states in the queue.
	1000000 states explored in 37.57s, with 3596332 rules fired and 813615 states in the queue.
	1100000 states explored in 41.19s, with 3974061 rules fired and 894742 states in the queue.
	1200000 states explored in 45.51s, with 4428124 rules fired and 971396 states in the queue.
	1300000 states explored in 49.58s, with 4860332 rules fired and 1049558 states in the queue.
	1400000 states explored in 53.50s, with 5282389 rules fired and 1128616 states in the queue.
	1500000 states explored in 57.24s, with 5688934 rules fired and 1208715 states in the queue.
	1600000 states explored in 60.92s, with 6088375 rules fired and 1288962 states in the queue.
	1700000 states explored in 64.32s, with 6431017 rules fired and 1369892 states in the queue.
	1800000 states explored in 67.55s, with 6748773 rules fired and 1451475 states in the queue.
	1900000 states explored in 70.87s, with 7070300 rules fired and 1532174 states in the queue.
	2000000 states explored in 74.09s, with 7381764 rules fired and 1613438 states in the queue.
	2100000 states explored in 77.45s, with 7712687 rules fired and 1694233 states in the queue.
	2200000 states explored in 80.65s, with 8022447 rules fired and 1775865 states in the queue.
	2300000 states explored in 83.90s, with 8344141 rules fired and 1857168 states in the queue.
	2400000 states explored in 87.08s, with 8661995 rules fired and 1938811 states in the queue.
	2500000 states explored in 90.22s, with 8984778 rules fired and 2020711 states in the queue.
	2600000 states explored in 93.48s, with 9320641 rules fired and 2102204 states in the queue.
	2700000 states explored in 96.65s, with 9645416 rules fired and 2184629 states in the queue.
	2800000 states explored in 99.59s, with 9942327 rules fired and 2268717 states in the queue.
	2900000 states explored in 102.56s, with 10242730 rules fired and 2353007 states in the queue.
	3000000 states explored in 105.52s, with 10543239 rules fired and 2437098 states in the queue.
	3100000 states explored in 108.40s, with 10837045 rules fired and 2521434 states in the queue.
	3200000 states explored in 111.32s, with 11137511 rules fired and 2605684 states in the queue.

Error:

	Internal Error: Too many active states.



