This program should be regarded as a DEBUGGING aid, not as a 
certifier of correctness.
Call with the -l flag or read the license file for terms
and conditions of use.
Run this program with "-h" for the list of options.

Bugs, questions, and comments should be directed to
"melatti@di.uniroma1.it".

CMurphi compiler last modified date: Apr 10 2024
Include files last modified date:    Jul 23 2021
==========================================================================

==========================================================================
Caching Murphi Release 5.5.0
Finite-state Concurrent System Verifier.

Caching Murphi Release 5.5.0 is based on various versions of Murphi.
Caching Murphi Release 5.5.0 :
Copyright (C) 2009-2012 by Sapienza University of Rome.
Murphi release 3.1 :
Copyright (C) 1992 - 1999 by the Board of Trustees of
Leland Stanford Junior University.

==========================================================================

Protocol: ./protocols/exec/TL-C_NonIn_M_data/TL-C_NonIn_M_data_inv176
===========================================
  You are using LS algorithm.  
===========================================

===== Startstates are generated! =====
Carelist Layer 0: Tree[1].cache[1].state Tree[2].cache[1].state Tree[3].cache[1].state Tree[4].cache[1].state Tree[5].cache[1].state Tree[6].cache[1].state Tree[7].cache[1].state 

===== Init heuristics! =====

Progress Report:

	100000 states explored in 9.58s, with 312360 rules fired and 76240 states in the queue.
	200000 states explored in 15.60s, with 615067 rules fired and 152810 states in the queue.
	300000 states explored in 21.09s, with 918066 rules fired and 229575 states in the queue.
	400000 states explored in 26.86s, with 1208971 rules fired and 304065 states in the queue.
	500000 states explored in 32.73s, with 1543023 rules fired and 379608 states in the queue.
	600000 states explored in 38.16s, with 1822751 rules fired and 455147 states in the queue.
	700000 states explored in 44.94s, with 2169965 rules fired and 523405 states in the queue.
	800000 states explored in 51.47s, with 2503986 rules fired and 593485 states in the queue.
	900000 states explored in 57.89s, with 2836292 rules fired and 664539 states in the queue.
	1000000 states explored in 63.99s, with 3146863 rules fired and 736536 states in the queue.
	1100000 states explored in 69.99s, with 3457257 rules fired and 809717 states in the queue.
	1200000 states explored in 76.26s, with 3767727 rules fired and 880954 states in the queue.
	1300000 states explored in 82.10s, with 4046035 rules fired and 953885 states in the queue.
	1400000 states explored in 87.97s, with 4326131 rules fired and 1026657 states in the queue.
	1500000 states explored in 94.21s, with 4633022 rules fired and 1098486 states in the queue.
	1600000 states explored in 100.56s, with 4952313 rules fired and 1170022 states in the queue.
	1700000 states explored in 106.23s, with 5255708 rules fired and 1245539 states in the queue.
	1800000 states explored in 112.55s, with 5572735 rules fired and 1317204 states in the queue.
	1900000 states explored in 118.52s, with 5878696 rules fired and 1390765 states in the queue.
	2000000 states explored in 124.62s, with 6190912 rules fired and 1464134 states in the queue.
	2100000 states explored in 130.84s, with 6484556 rules fired and 1537015 states in the queue.
	2200000 states explored in 137.38s, with 6802299 rules fired and 1608685 states in the queue.
	2300000 states explored in 144.33s, with 7142655 rules fired and 1678898 states in the queue.
	2400000 states explored in 151.22s, with 7477602 rules fired and 1749256 states in the queue.
	2500000 states explored in 157.25s, with 7748276 rules fired and 1822511 states in the queue.
	2600000 states explored in 163.69s, with 8041341 rules fired and 1893528 states in the queue.
	2700000 states explored in 169.81s, with 8316004 rules fired and 1966316 states in the queue.
	2800000 states explored in 175.81s, with 8587543 rules fired and 2039528 states in the queue.
	2900000 states explored in 181.98s, with 8874638 rules fired and 2112237 states in the queue.
	3000000 states explored in 188.21s, with 9186198 rules fired and 2185975 states in the queue.
	3100000 states explored in 194.67s, with 9497758 rules fired and 2257867 states in the queue.
	3200000 states explored in 200.96s, with 9816481 rules fired and 2331460 states in the queue.
	3300000 states explored in 207.21s, with 10115460 rules fired and 2404461 states in the queue.
	3400000 states explored in 213.55s, with 10419030 rules fired and 2477093 states in the queue.
	3500000 states explored in 219.91s, with 10725645 rules fired and 2549828 states in the queue.

Error:

	Internal Error: Too many active states.



