This program should be regarded as a DEBUGGING aid, not as a 
certifier of correctness.
Call with the -l flag or read the license file for terms
and conditions of use.
Run this program with "-h" for the list of options.

Bugs, questions, and comments should be directed to
"melatti@di.uniroma1.it".

CMurphi compiler last modified date: Apr 10 2024
Include files last modified date:    Jul 23 2021
==========================================================================

==========================================================================
Caching Murphi Release 5.5.0
Finite-state Concurrent System Verifier.

Caching Murphi Release 5.5.0 is based on various versions of Murphi.
Caching Murphi Release 5.5.0 :
Copyright (C) 2009-2012 by Sapienza University of Rome.
Murphi release 3.1 :
Copyright (C) 1992 - 1999 by the Board of Trustees of
Leland Stanford Junior University.

==========================================================================

Protocol: ./protocols/exec/TL-C_NonIn_M_data/TL-C_NonIn_M_data_inv203
===========================================
  You are using LS algorithm.  
===========================================

===== Startstates are generated! =====
Carelist Layer 0: Tree[1].cache[1].state Tree[2].cache[1].state Tree[3].cache[1].state Tree[4].cache[1].state Tree[5].cache[1].state Tree[6].cache[1].state Tree[7].cache[1].state 

===== Init heuristics! =====

Progress Report:

	100000 states explored in 7.62s, with 273151 rules fired and 82122 states in the queue.
	200000 states explored in 11.84s, with 541801 rules fired and 164702 states in the queue.
	300000 states explored in 16.53s, with 798647 rules fired and 246068 states in the queue.
	400000 states explored in 22.29s, with 1100737 rules fired and 324012 states in the queue.
	500000 states explored in 27.37s, with 1372921 rules fired and 405312 states in the queue.
	600000 states explored in 31.76s, with 1612954 rules fired and 489607 states in the queue.
	700000 states explored in 36.75s, with 1889340 rules fired and 572001 states in the queue.
	800000 states explored in 42.05s, with 2185360 rules fired and 653459 states in the queue.
	900000 states explored in 47.24s, with 2469685 rules fired and 734762 states in the queue.
	1000000 states explored in 52.15s, with 2718514 rules fired and 815825 states in the queue.
	1100000 states explored in 57.09s, with 2968623 rules fired and 896843 states in the queue.
	1200000 states explored in 61.97s, with 3216368 rules fired and 978051 states in the queue.
	1300000 states explored in 66.89s, with 3475980 rules fired and 1058628 states in the queue.
	1400000 states explored in 72.82s, with 3790865 rules fired and 1135769 states in the queue.
	1500000 states explored in 78.69s, with 4103282 rules fired and 1212978 states in the queue.
	1600000 states explored in 84.60s, with 4417220 rules fired and 1290027 states in the queue.
	1700000 states explored in 90.56s, with 4732720 rules fired and 1366836 states in the queue.
	1800000 states explored in 96.28s, with 5054035 rules fired and 1445660 states in the queue.
	1900000 states explored in 100.64s, with 5293067 rules fired and 1529827 states in the queue.
	2000000 states explored in 105.07s, with 5537807 rules fired and 1613822 states in the queue.
	2100000 states explored in 109.37s, with 5776466 rules fired and 1698090 states in the queue.
	2200000 states explored in 113.71s, with 6017193 rules fired and 1782230 states in the queue.
	2300000 states explored in 118.14s, with 6262195 rules fired and 1866170 states in the queue.
	2400000 states explored in 122.49s, with 6503165 rules fired and 1950423 states in the queue.
	2500000 states explored in 126.89s, with 6746481 rules fired and 2034587 states in the queue.
	2600000 states explored in 131.52s, with 7001379 rules fired and 2117871 states in the queue.
	2700000 states explored in 136.72s, with 7293649 rules fired and 2199215 states in the queue.
	2800000 states explored in 141.93s, with 7589761 rules fired and 2280588 states in the queue.
	2900000 states explored in 147.08s, with 7886491 rules fired and 2361798 states in the queue.
	3000000 states explored in 152.25s, with 8182271 rules fired and 2442957 states in the queue.
	3100000 states explored in 157.40s, with 8477661 rules fired and 2524148 states in the queue.
	3200000 states explored in 162.54s, with 8772067 rules fired and 2605422 states in the queue.

Error:

	Internal Error: Too many active states.



