You choose the local search option :-)
This program should be regarded as a DEBUGGING aid, not as a 
certifier of correctness.
Call with the -l flag or read the license file for terms
and conditions of use.
Run this program with "-h" for the list of options.

Bugs, questions, and comments should be directed to
"melatti@di.uniroma1.it".

CMurphi compiler last modified date: Oct  9 2023
Include files last modified date:    Jul 23 2021
==========================================================================

==========================================================================
Caching Murphi Release 5.5.0
Finite-state Concurrent System Verifier.

Caching Murphi Release 5.5.0 is based on various versions of Murphi.
Caching Murphi Release 5.5.0 :
Copyright (C) 2009-2012 by Sapienza University of Rome.
Murphi release 3.1 :
Copyright (C) 1992 - 1999 by the Board of Trustees of
Leland Stanford Junior University.

==========================================================================

Protocol: ./models/TL-C_NonIn_S_data

Algorithm:
	Verification by our local search.
	with symmetry algorithm 3 -- Heuristic Small Memory Normalization
	with permutation trial limit 10.

Memory usage:

	* The size of each state is 1920 bits (rounded up to 240 bytes).
	* The memory allocated for the hash table and state queue is
	  10485 Mbytes.
	  With two words of overhead per state, the maximum size of
	  the state space is 38437547 states.
	   * Use option "-k" or "-m" to increase this, if necessary.
	* Capacity in queue for breadth-first search: 3843754 states.
	   * Change the constant gPercentActiveStates in mu_prolog.inc
	     to increase this, if necessary.

Warning: No trace will not be printed in the case of protocol errors!
         Check the options if you want to have error traces.
==========================================================================

You are using local search algorithm (Version 1) :

------------- Show Goalstate: ------------------
Tree[1].cache.state:None
Tree[1].cache.data:Undefined
Tree[1].cache.dirty:0
Tree[1].sons[1]:2
Tree[1].sons[2]:3
Tree[1].directory[1]:None
Tree[1].directory[2]:None
Tree[1].slave_pending[1]:Undefined
Tree[1].slave_pending[2]:Undefined
Tree[1].master_pending:Undefined
Tree[1].chanA[1].opcode:Undefined
Tree[1].chanA[1].para:Undefined
Tree[1].chanA[2].opcode:Undefined
Tree[1].chanA[2].para:Undefined
Tree[1].chanB[1].opcode:Undefined
Tree[1].chanB[1].para:Undefined
Tree[1].chanB[2].opcode:Undefined
Tree[1].chanB[2].para:Undefined
Tree[1].chanC[1].opcode:Undefined
Tree[1].chanC[1].para:Undefined
Tree[1].chanC[1].data:Undefined
Tree[1].chanC[1].dirty:Undefined
Tree[1].chanC[2].opcode:Undefined
Tree[1].chanC[2].para:Undefined
Tree[1].chanC[2].data:Undefined
Tree[1].chanC[2].dirty:Undefined
Tree[1].chanD[1].opcode:Undefined
Tree[1].chanD[1].para:Undefined
Tree[1].chanD[1].data:Undefined
Tree[1].chanD[2].opcode:Undefined
Tree[1].chanD[2].para:Undefined
Tree[1].chanD[2].data:Undefined
Tree[1].chanE[1].opcode:Undefined
Tree[1].chanE[2].opcode:Undefined
Tree[2].cache.state:Branch
Tree[2].cache.data:Undefined
Tree[2].cache.dirty:0
Tree[2].sons[1]:4
Tree[2].sons[2]:5
Tree[2].directory[1]:None
Tree[2].directory[2]:None
Tree[2].slave_pending[1]:Undefined
Tree[2].slave_pending[2]:Undefined
Tree[2].master_pending:Undefined
Tree[2].chanA[1].opcode:Undefined
Tree[2].chanA[1].para:Undefined
Tree[2].chanA[2].opcode:Undefined
Tree[2].chanA[2].para:Undefined
Tree[2].chanB[1].opcode:Undefined
Tree[2].chanB[1].para:Undefined
Tree[2].chanB[2].opcode:Undefined
Tree[2].chanB[2].para:Undefined
Tree[2].chanC[1].opcode:Undefined
Tree[2].chanC[1].para:Undefined
Tree[2].chanC[1].data:Undefined
Tree[2].chanC[1].dirty:Undefined
Tree[2].chanC[2].opcode:Undefined
Tree[2].chanC[2].para:Undefined
Tree[2].chanC[2].data:Undefined
Tree[2].chanC[2].dirty:Undefined
Tree[2].chanD[1].opcode:Undefined
Tree[2].chanD[1].para:Undefined
Tree[2].chanD[1].data:Undefined
Tree[2].chanD[2].opcode:Undefined
Tree[2].chanD[2].para:Undefined
Tree[2].chanD[2].data:Undefined
Tree[2].chanE[1].opcode:Undefined
Tree[2].chanE[2].opcode:Undefined
Tree[3].cache.state:None
Tree[3].cache.data:Undefined
Tree[3].cache.dirty:0
Tree[3].sons[1]:6
Tree[3].sons[2]:7
Tree[3].directory[1]:None
Tree[3].directory[2]:None
Tree[3].slave_pending[1]:Undefined
Tree[3].slave_pending[2]:Undefined
Tree[3].master_pending:Undefined
Tree[3].chanA[1].opcode:Undefined
Tree[3].chanA[1].para:Undefined
Tree[3].chanA[2].opcode:Undefined
Tree[3].chanA[2].para:Undefined
Tree[3].chanB[1].opcode:Undefined
Tree[3].chanB[1].para:Undefined
Tree[3].chanB[2].opcode:Undefined
Tree[3].chanB[2].para:Undefined
Tree[3].chanC[1].opcode:Undefined
Tree[3].chanC[1].para:Undefined
Tree[3].chanC[1].data:Undefined
Tree[3].chanC[1].dirty:Undefined
Tree[3].chanC[2].opcode:Undefined
Tree[3].chanC[2].para:Undefined
Tree[3].chanC[2].data:Undefined
Tree[3].chanC[2].dirty:Undefined
Tree[3].chanD[1].opcode:Undefined
Tree[3].chanD[1].para:Undefined
Tree[3].chanD[1].data:Undefined
Tree[3].chanD[2].opcode:Undefined
Tree[3].chanD[2].para:Undefined
Tree[3].chanD[2].data:Undefined
Tree[3].chanE[1].opcode:Undefined
Tree[3].chanE[2].opcode:Undefined
Tree[4].cache.state:Branch
Tree[4].cache.data:Undefined
Tree[4].cache.dirty:0
Tree[4].sons[1]:Undefined
Tree[4].sons[2]:Undefined
Tree[4].directory[1]:Undefined
Tree[4].directory[2]:Undefined
Tree[4].slave_pending[1]:Undefined
Tree[4].slave_pending[2]:Undefined
Tree[4].master_pending:Undefined
Tree[4].chanA[1].opcode:Undefined
Tree[4].chanA[1].para:Undefined
Tree[4].chanA[2].opcode:Undefined
Tree[4].chanA[2].para:Undefined
Tree[4].chanB[1].opcode:Undefined
Tree[4].chanB[1].para:Undefined
Tree[4].chanB[2].opcode:Undefined
Tree[4].chanB[2].para:Undefined
Tree[4].chanC[1].opcode:Undefined
Tree[4].chanC[1].para:Undefined
Tree[4].chanC[1].data:Undefined
Tree[4].chanC[1].dirty:Undefined
Tree[4].chanC[2].opcode:Undefined
Tree[4].chanC[2].para:Undefined
Tree[4].chanC[2].data:Undefined
Tree[4].chanC[2].dirty:Undefined
Tree[4].chanD[1].opcode:Undefined
Tree[4].chanD[1].para:Undefined
Tree[4].chanD[1].data:Undefined
Tree[4].chanD[2].opcode:Undefined
Tree[4].chanD[2].para:Undefined
Tree[4].chanD[2].data:Undefined
Tree[4].chanE[1].opcode:Undefined
Tree[4].chanE[2].opcode:Undefined
Tree[5].cache.state:Branch
Tree[5].cache.data:Undefined
Tree[5].cache.dirty:0
Tree[5].sons[1]:Undefined
Tree[5].sons[2]:Undefined
Tree[5].directory[1]:Undefined
Tree[5].directory[2]:Undefined
Tree[5].slave_pending[1]:Undefined
Tree[5].slave_pending[2]:Undefined
Tree[5].master_pending:Undefined
Tree[5].chanA[1].opcode:Undefined
Tree[5].chanA[1].para:Undefined
Tree[5].chanA[2].opcode:Undefined
Tree[5].chanA[2].para:Undefined
Tree[5].chanB[1].opcode:Undefined
Tree[5].chanB[1].para:Undefined
Tree[5].chanB[2].opcode:Undefined
Tree[5].chanB[2].para:Undefined
Tree[5].chanC[1].opcode:Undefined
Tree[5].chanC[1].para:Undefined
Tree[5].chanC[1].data:Undefined
Tree[5].chanC[1].dirty:Undefined
Tree[5].chanC[2].opcode:Undefined
Tree[5].chanC[2].para:Undefined
Tree[5].chanC[2].data:Undefined
Tree[5].chanC[2].dirty:Undefined
Tree[5].chanD[1].opcode:Undefined
Tree[5].chanD[1].para:Undefined
Tree[5].chanD[1].data:Undefined
Tree[5].chanD[2].opcode:Undefined
Tree[5].chanD[2].para:Undefined
Tree[5].chanD[2].data:Undefined
Tree[5].chanE[1].opcode:Undefined
Tree[5].chanE[2].opcode:Undefined
Tree[6].cache.state:None
Tree[6].cache.data:Undefined
Tree[6].cache.dirty:0
Tree[6].sons[1]:Undefined
Tree[6].sons[2]:Undefined
Tree[6].directory[1]:Undefined
Tree[6].directory[2]:Undefined
Tree[6].slave_pending[1]:Undefined
Tree[6].slave_pending[2]:Undefined
Tree[6].master_pending:Undefined
Tree[6].chanA[1].opcode:Undefined
Tree[6].chanA[1].para:Undefined
Tree[6].chanA[2].opcode:Undefined
Tree[6].chanA[2].para:Undefined
Tree[6].chanB[1].opcode:Undefined
Tree[6].chanB[1].para:Undefined
Tree[6].chanB[2].opcode:Undefined
Tree[6].chanB[2].para:Undefined
Tree[6].chanC[1].opcode:Undefined
Tree[6].chanC[1].para:Undefined
Tree[6].chanC[1].data:Undefined
Tree[6].chanC[1].dirty:Undefined
Tree[6].chanC[2].opcode:Undefined
Tree[6].chanC[2].para:Undefined
Tree[6].chanC[2].data:Undefined
Tree[6].chanC[2].dirty:Undefined
Tree[6].chanD[1].opcode:Undefined
Tree[6].chanD[1].para:Undefined
Tree[6].chanD[1].data:Undefined
Tree[6].chanD[2].opcode:Undefined
Tree[6].chanD[2].para:Undefined
Tree[6].chanD[2].data:Undefined
Tree[6].chanE[1].opcode:Undefined
Tree[6].chanE[2].opcode:Undefined
Tree[7].cache.state:Branch
Tree[7].cache.data:Undefined
Tree[7].cache.dirty:0
Tree[7].sons[1]:Undefined
Tree[7].sons[2]:Undefined
Tree[7].directory[1]:Undefined
Tree[7].directory[2]:Undefined
Tree[7].slave_pending[1]:Undefined
Tree[7].slave_pending[2]:Undefined
Tree[7].master_pending:Undefined
Tree[7].chanA[1].opcode:Undefined
Tree[7].chanA[1].para:Undefined
Tree[7].chanA[2].opcode:Undefined
Tree[7].chanA[2].para:Undefined
Tree[7].chanB[1].opcode:Undefined
Tree[7].chanB[1].para:Undefined
Tree[7].chanB[2].opcode:Undefined
Tree[7].chanB[2].para:Undefined
Tree[7].chanC[1].opcode:Undefined
Tree[7].chanC[1].para:Undefined
Tree[7].chanC[1].data:Undefined
Tree[7].chanC[1].dirty:Undefined
Tree[7].chanC[2].opcode:Undefined
Tree[7].chanC[2].para:Undefined
Tree[7].chanC[2].data:Undefined
Tree[7].chanC[2].dirty:Undefined
Tree[7].chanD[1].opcode:Undefined
Tree[7].chanD[1].para:Undefined
Tree[7].chanD[1].data:Undefined
Tree[7].chanD[2].opcode:Undefined
Tree[7].chanD[2].para:Undefined
Tree[7].chanD[2].data:Undefined
Tree[7].chanE[1].opcode:Undefined
Tree[7].chanE[2].opcode:Undefined
memData:dataType_2
auxData:dataType_2

------------- Show a heuristic value: ------------------
4

------------- Show Initstate: ------------------
Tree[1].cache.state:None
Tree[1].cache.data:Undefined
Tree[1].cache.dirty:0
Tree[1].sons[1]:2
Tree[1].sons[2]:3
Tree[1].directory[1]:None
Tree[1].directory[2]:None
Tree[1].slave_pending[1]:Undefined
Tree[1].slave_pending[2]:Undefined
Tree[1].master_pending:Undefined
Tree[1].chanA[1].opcode:Undefined
Tree[1].chanA[1].para:Undefined
Tree[1].chanA[2].opcode:Undefined
Tree[1].chanA[2].para:Undefined
Tree[1].chanB[1].opcode:Undefined
Tree[1].chanB[1].para:Undefined
Tree[1].chanB[2].opcode:Undefined
Tree[1].chanB[2].para:Undefined
Tree[1].chanC[1].opcode:Undefined
Tree[1].chanC[1].para:Undefined
Tree[1].chanC[1].data:Undefined
Tree[1].chanC[1].dirty:Undefined
Tree[1].chanC[2].opcode:Undefined
Tree[1].chanC[2].para:Undefined
Tree[1].chanC[2].data:Undefined
Tree[1].chanC[2].dirty:Undefined
Tree[1].chanD[1].opcode:Undefined
Tree[1].chanD[1].para:Undefined
Tree[1].chanD[1].data:Undefined
Tree[1].chanD[2].opcode:Undefined
Tree[1].chanD[2].para:Undefined
Tree[1].chanD[2].data:Undefined
Tree[1].chanE[1].opcode:Undefined
Tree[1].chanE[2].opcode:Undefined
Tree[2].cache.state:None
Tree[2].cache.data:Undefined
Tree[2].cache.dirty:0
Tree[2].sons[1]:4
Tree[2].sons[2]:5
Tree[2].directory[1]:None
Tree[2].directory[2]:None
Tree[2].slave_pending[1]:Undefined
Tree[2].slave_pending[2]:Undefined
Tree[2].master_pending:Undefined
Tree[2].chanA[1].opcode:Undefined
Tree[2].chanA[1].para:Undefined
Tree[2].chanA[2].opcode:Undefined
Tree[2].chanA[2].para:Undefined
Tree[2].chanB[1].opcode:Undefined
Tree[2].chanB[1].para:Undefined
Tree[2].chanB[2].opcode:Undefined
Tree[2].chanB[2].para:Undefined
Tree[2].chanC[1].opcode:Undefined
Tree[2].chanC[1].para:Undefined
Tree[2].chanC[1].data:Undefined
Tree[2].chanC[1].dirty:Undefined
Tree[2].chanC[2].opcode:Undefined
Tree[2].chanC[2].para:Undefined
Tree[2].chanC[2].data:Undefined
Tree[2].chanC[2].dirty:Undefined
Tree[2].chanD[1].opcode:Undefined
Tree[2].chanD[1].para:Undefined
Tree[2].chanD[1].data:Undefined
Tree[2].chanD[2].opcode:Undefined
Tree[2].chanD[2].para:Undefined
Tree[2].chanD[2].data:Undefined
Tree[2].chanE[1].opcode:Undefined
Tree[2].chanE[2].opcode:Undefined
Tree[3].cache.state:None
Tree[3].cache.data:Undefined
Tree[3].cache.dirty:0
Tree[3].sons[1]:6
Tree[3].sons[2]:7
Tree[3].directory[1]:None
Tree[3].directory[2]:None
Tree[3].slave_pending[1]:Undefined
Tree[3].slave_pending[2]:Undefined
Tree[3].master_pending:Undefined
Tree[3].chanA[1].opcode:Undefined
Tree[3].chanA[1].para:Undefined
Tree[3].chanA[2].opcode:Undefined
Tree[3].chanA[2].para:Undefined
Tree[3].chanB[1].opcode:Undefined
Tree[3].chanB[1].para:Undefined
Tree[3].chanB[2].opcode:Undefined
Tree[3].chanB[2].para:Undefined
Tree[3].chanC[1].opcode:Undefined
Tree[3].chanC[1].para:Undefined
Tree[3].chanC[1].data:Undefined
Tree[3].chanC[1].dirty:Undefined
Tree[3].chanC[2].opcode:Undefined
Tree[3].chanC[2].para:Undefined
Tree[3].chanC[2].data:Undefined
Tree[3].chanC[2].dirty:Undefined
Tree[3].chanD[1].opcode:Undefined
Tree[3].chanD[1].para:Undefined
Tree[3].chanD[1].data:Undefined
Tree[3].chanD[2].opcode:Undefined
Tree[3].chanD[2].para:Undefined
Tree[3].chanD[2].data:Undefined
Tree[3].chanE[1].opcode:Undefined
Tree[3].chanE[2].opcode:Undefined
Tree[4].cache.state:None
Tree[4].cache.data:Undefined
Tree[4].cache.dirty:0
Tree[4].sons[1]:Undefined
Tree[4].sons[2]:Undefined
Tree[4].directory[1]:Undefined
Tree[4].directory[2]:Undefined
Tree[4].slave_pending[1]:Undefined
Tree[4].slave_pending[2]:Undefined
Tree[4].master_pending:Undefined
Tree[4].chanA[1].opcode:Undefined
Tree[4].chanA[1].para:Undefined
Tree[4].chanA[2].opcode:Undefined
Tree[4].chanA[2].para:Undefined
Tree[4].chanB[1].opcode:Undefined
Tree[4].chanB[1].para:Undefined
Tree[4].chanB[2].opcode:Undefined
Tree[4].chanB[2].para:Undefined
Tree[4].chanC[1].opcode:Undefined
Tree[4].chanC[1].para:Undefined
Tree[4].chanC[1].data:Undefined
Tree[4].chanC[1].dirty:Undefined
Tree[4].chanC[2].opcode:Undefined
Tree[4].chanC[2].para:Undefined
Tree[4].chanC[2].data:Undefined
Tree[4].chanC[2].dirty:Undefined
Tree[4].chanD[1].opcode:Undefined
Tree[4].chanD[1].para:Undefined
Tree[4].chanD[1].data:Undefined
Tree[4].chanD[2].opcode:Undefined
Tree[4].chanD[2].para:Undefined
Tree[4].chanD[2].data:Undefined
Tree[4].chanE[1].opcode:Undefined
Tree[4].chanE[2].opcode:Undefined
Tree[5].cache.state:None
Tree[5].cache.data:Undefined
Tree[5].cache.dirty:0
Tree[5].sons[1]:Undefined
Tree[5].sons[2]:Undefined
Tree[5].directory[1]:Undefined
Tree[5].directory[2]:Undefined
Tree[5].slave_pending[1]:Undefined
Tree[5].slave_pending[2]:Undefined
Tree[5].master_pending:Undefined
Tree[5].chanA[1].opcode:Undefined
Tree[5].chanA[1].para:Undefined
Tree[5].chanA[2].opcode:Undefined
Tree[5].chanA[2].para:Undefined
Tree[5].chanB[1].opcode:Undefined
Tree[5].chanB[1].para:Undefined
Tree[5].chanB[2].opcode:Undefined
Tree[5].chanB[2].para:Undefined
Tree[5].chanC[1].opcode:Undefined
Tree[5].chanC[1].para:Undefined
Tree[5].chanC[1].data:Undefined
Tree[5].chanC[1].dirty:Undefined
Tree[5].chanC[2].opcode:Undefined
Tree[5].chanC[2].para:Undefined
Tree[5].chanC[2].data:Undefined
Tree[5].chanC[2].dirty:Undefined
Tree[5].chanD[1].opcode:Undefined
Tree[5].chanD[1].para:Undefined
Tree[5].chanD[1].data:Undefined
Tree[5].chanD[2].opcode:Undefined
Tree[5].chanD[2].para:Undefined
Tree[5].chanD[2].data:Undefined
Tree[5].chanE[1].opcode:Undefined
Tree[5].chanE[2].opcode:Undefined
Tree[6].cache.state:None
Tree[6].cache.data:Undefined
Tree[6].cache.dirty:0
Tree[6].sons[1]:Undefined
Tree[6].sons[2]:Undefined
Tree[6].directory[1]:Undefined
Tree[6].directory[2]:Undefined
Tree[6].slave_pending[1]:Undefined
Tree[6].slave_pending[2]:Undefined
Tree[6].master_pending:Undefined
Tree[6].chanA[1].opcode:Undefined
Tree[6].chanA[1].para:Undefined
Tree[6].chanA[2].opcode:Undefined
Tree[6].chanA[2].para:Undefined
Tree[6].chanB[1].opcode:Undefined
Tree[6].chanB[1].para:Undefined
Tree[6].chanB[2].opcode:Undefined
Tree[6].chanB[2].para:Undefined
Tree[6].chanC[1].opcode:Undefined
Tree[6].chanC[1].para:Undefined
Tree[6].chanC[1].data:Undefined
Tree[6].chanC[1].dirty:Undefined
Tree[6].chanC[2].opcode:Undefined
Tree[6].chanC[2].para:Undefined
Tree[6].chanC[2].data:Undefined
Tree[6].chanC[2].dirty:Undefined
Tree[6].chanD[1].opcode:Undefined
Tree[6].chanD[1].para:Undefined
Tree[6].chanD[1].data:Undefined
Tree[6].chanD[2].opcode:Undefined
Tree[6].chanD[2].para:Undefined
Tree[6].chanD[2].data:Undefined
Tree[6].chanE[1].opcode:Undefined
Tree[6].chanE[2].opcode:Undefined
Tree[7].cache.state:None
Tree[7].cache.data:Undefined
Tree[7].cache.dirty:0
Tree[7].sons[1]:Undefined
Tree[7].sons[2]:Undefined
Tree[7].directory[1]:Undefined
Tree[7].directory[2]:Undefined
Tree[7].slave_pending[1]:Undefined
Tree[7].slave_pending[2]:Undefined
Tree[7].master_pending:Undefined
Tree[7].chanA[1].opcode:Undefined
Tree[7].chanA[1].para:Undefined
Tree[7].chanA[2].opcode:Undefined
Tree[7].chanA[2].para:Undefined
Tree[7].chanB[1].opcode:Undefined
Tree[7].chanB[1].para:Undefined
Tree[7].chanB[2].opcode:Undefined
Tree[7].chanB[2].para:Undefined
Tree[7].chanC[1].opcode:Undefined
Tree[7].chanC[1].para:Undefined
Tree[7].chanC[1].data:Undefined
Tree[7].chanC[1].dirty:Undefined
Tree[7].chanC[2].opcode:Undefined
Tree[7].chanC[2].para:Undefined
Tree[7].chanC[2].data:Undefined
Tree[7].chanC[2].dirty:Undefined
Tree[7].chanD[1].opcode:Undefined
Tree[7].chanD[1].para:Undefined
Tree[7].chanD[1].data:Undefined
Tree[7].chanD[2].opcode:Undefined
Tree[7].chanD[2].para:Undefined
Tree[7].chanD[2].data:Undefined
Tree[7].chanE[1].opcode:Undefined
Tree[7].chanE[2].opcode:Undefined
memData:dataType_2
auxData:dataType_2

===== Startstates generated! =====

Progress Report:

	100000 states explored in 16.53s, with 227882 rules fired and 63554 states in the queue.
====== Now the openlist is cut off! ======
	200000 states explored in 30.82s, with 459066 rules fired and 35709 states in the queue.
	300000 states explored in 45.73s, with 701353 rules fired and 98612 states in the queue.
====== Now the openlist is cut off! ======
	400000 states explored in 60.60s, with 943248 rules fired and 73455 states in the queue.
====== Now the openlist is cut off! ======
	500000 states explored in 74.69s, with 1172853 rules fired and 51040 states in the queue.
====== Now the openlist is cut off! ======
	600000 states explored in 89.82s, with 1419824 rules fired and 27571 states in the queue.
	700000 states explored in 105.13s, with 1669000 rules fired and 91013 states in the queue.
====== Now the openlist is cut off! ======
	800000 states explored in 120.52s, with 1919674 rules fired and 65271 states in the queue.
====== Now the openlist is cut off! ======
	900000 states explored in 136.97s, with 2187587 rules fired and 37608 states in the queue.
====== Now the openlist is cut off! ======
	1000000 states explored in 153.32s, with 2453577 rules fired and 13046 states in the queue.
	1100000 states explored in 168.20s, with 2696469 rules fired and 80413 states in the queue.
====== Now the openlist is cut off! ======
	1200000 states explored in 182.34s, with 2927056 rules fired and 59330 states in the queue.
====== Now the openlist is cut off! ======
	1300000 states explored in 198.27s, with 3182740 rules fired and 34192 states in the queue.
====== Now the openlist is cut off! ======
	1400000 states explored in 213.69s, with 3434430 rules fired and 10699 states in the queue.
	1500000 states explored in 229.30s, with 3689428 rules fired and 77164 states in the queue.
====== Now the openlist is cut off! ======
	1600000 states explored in 245.33s, with 3950892 rules fired and 52803 states in the queue.
====== Now the openlist is cut off! ======
	1700000 states explored in 260.31s, with 4195227 rules fired and 30213 states in the queue.
	1800000 states explored in 275.53s, with 4443734 rules fired and 96919 states in the queue.
====== Now the openlist is cut off! ======
	1900000 states explored in 291.88s, with 4708979 rules fired and 66641 states in the queue.
====== Now the openlist is cut off! ======
	2000000 states explored in 310.48s, with 5009913 rules fired and 29501 states in the queue.
	2100000 states explored in 327.38s, with 5281495 rules fired and 85293 states in the queue.
====== Now the openlist is cut off! ======
	2200000 states explored in 345.13s, with 5568925 rules fired and 51162 states in the queue.
====== Now the openlist is cut off! ======
	2300000 states explored in 364.19s, with 5876593 rules fired and 14416 states in the queue.
	2400000 states explored in 384.20s, with 6200756 rules fired and 68432 states in the queue.
====== Now the openlist is cut off! ======
	2500000 states explored in 403.83s, with 6512797 rules fired and 34736 states in the queue.
	2600000 states explored in 424.75s, with 6847724 rules fired and 83562 states in the queue.
====== Now the openlist is cut off! ======
	2700000 states explored in 444.84s, with 7169573 rules fired and 47729 states in the queue.
====== Now the openlist is cut off! ======
	2800000 states explored in 466.13s, with 7514318 rules fired and 10807 states in the queue.
	2900000 states explored in 488.37s, with 7870532 rules fired and 63148 states in the queue.
====== Now the openlist is cut off! ======
	3000000 states explored in 513.50s, with 8264121 rules fired and 21261 states in the queue.
	3100000 states explored in 534.69s, with 8590014 rules fired and 54506 states in the queue.
	3200000 states explored in 555.77s, with 8905247 rules fired and 93966 states in the queue.
====== Now the openlist is cut off! ======
	3300000 states explored in 576.35s, with 9211383 rules fired and 52284 states in the queue.
	3400000 states explored in 599.64s, with 9565175 rules fired and 96172 states in the queue.
====== Now the openlist is cut off! ======
	3500000 states explored in 615.93s, with 9808146 rules fired and 65735 states in the queue.
====== Now the openlist is cut off! ======
	3600000 states explored in 633.65s, with 10079182 rules fired and 34217 states in the queue.
	3700000 states explored in 649.47s, with 10327932 rules fired and 98597 states in the queue.
====== Now the openlist is cut off! ======
	3800000 states explored in 666.45s, with 10597614 rules fired and 69842 states in the queue.
====== Now the openlist is cut off! ======
	3900000 states explored in 684.13s, with 10881627 rules fired and 40150 states in the queue.
====== Now the openlist is cut off! ======
	4000000 states explored in 701.49s, with 11160925 rules fired and 11335 states in the queue.
	4100000 states explored in 718.34s, with 11434083 rules fired and 74821 states in the queue.
====== Now the openlist is cut off! ======
	4200000 states explored in 734.76s, with 11698488 rules fired and 49859 states in the queue.
====== Now the openlist is cut off! ======
	4300000 states explored in 751.59s, with 11964714 rules fired and 24885 states in the queue.
	4400000 states explored in 766.39s, with 12201261 rules fired and 92706 states in the queue.
====== Now the openlist is cut off! ======
	4500000 states explored in 781.41s, with 12440898 rules fired and 70512 states in the queue.
====== Now the openlist is cut off! ======
	4600000 states explored in 797.31s, with 12693901 rules fired and 46447 states in the queue.
====== Now the openlist is cut off! ======
	4700000 states explored in 813.41s, with 12949716 rules fired and 22347 states in the queue.
	4800000 states explored in 828.38s, with 13188855 rules fired and 89814 states in the queue.
====== Now the openlist is cut off! ======
	4900000 states explored in 843.62s, with 13430199 rules fired and 67455 states in the queue.
====== Now the openlist is cut off! ======
	5000000 states explored in 862.19s, with 13715321 rules fired and 35704 states in the queue.
	5100000 states explored in 886.31s, with 14086936 rules fired and 84528 states in the queue.
====== Now the openlist is cut off! ======
	5200000 states explored in 906.45s, with 14379456 rules fired and 52166 states in the queue.
====== Now the openlist is cut off! ======
	5300000 states explored in 928.34s, with 14705165 rules fired and 13839 states in the queue.
	5400000 states explored in 949.06s, with 15020610 rules fired and 67605 states in the queue.
====== Now the openlist is cut off! ======
	5500000 states explored in 969.66s, with 15333851 rules fired and 34265 states in the queue.
	5600000 states explored in 991.87s, with 15672056 rules fired and 86833 states in the queue.
====== Now the openlist is cut off! ======
	5700000 states explored in 1012.61s, with 15982334 rules fired and 51476 states in the queue.
====== Now the openlist is cut off! ======
	5800000 states explored in 1034.61s, with 16323495 rules fired and 14828 states in the queue.
	5900000 states explored in 1057.66s, with 16682647 rules fired and 65997 states in the queue.
====== Now the openlist is cut off! ======
	6000000 states explored in 1081.96s, with 17064936 rules fired and 25176 states in the queue.
	6100000 states explored in 1102.25s, with 17381464 rules fired and 80391 states in the queue.
====== Now the openlist is cut off! ======
	6200000 states explored in 1124.27s, with 17728620 rules fired and 44237 states in the queue.
	6300000 states explored in 1146.18s, with 18069061 rules fired and 85084 states in the queue.
====== Now the openlist is cut off! ======
	6400000 states explored in 1167.23s, with 18394648 rules fired and 25612 states in the queue.
	6500000 states explored in 1186.66s, with 18695748 rules fired and 71143 states in the queue.
====== Now the openlist is cut off! ======
	6600000 states explored in 1202.69s, with 18953317 rules fired and 47905 states in the queue.
====== Now the openlist is cut off! ======
	6700000 states explored in 1220.18s, with 19228047 rules fired and 22812 states in the queue.
	6800000 states explored in 1237.13s, with 19495875 rules fired and 90199 states in the queue.
====== Now the openlist is cut off! ======
	6900000 states explored in 1254.98s, with 19777742 rules fired and 63647 states in the queue.
====== Now the openlist is cut off! ======
	7000000 states explored in 1273.90s, with 20071744 rules fired and 33951 states in the queue.
	7100000 states explored in 1293.36s, with 20366847 rules fired and 93186 states in the queue.
====== Now the openlist is cut off! ======
	7200000 states explored in 1310.13s, with 20621753 rules fired and 67153 states in the queue.
====== Now the openlist is cut off! ======
	7300000 states explored in 1327.94s, with 20887244 rules fired and 41194 states in the queue.
====== Now the openlist is cut off! ======
	7400000 states explored in 1346.61s, with 21164580 rules fired and 11798 states in the queue.
	7500000 states explored in 1365.12s, with 21442380 rules fired and 75115 states in the queue.
====== Now the openlist is cut off! ======
	7600000 states explored in 1383.85s, with 21726700 rules fired and 44761 states in the queue.
====== Now the openlist is cut off! ======
	7700000 states explored in 1403.25s, with 22024361 rules fired and 13365 states in the queue.
	7800000 states explored in 1423.64s, with 22339668 rules fired and 70093 states in the queue.
====== Now the openlist is cut off! ======
	7900000 states explored in 1443.65s, with 22653137 rules fired and 27774 states in the queue.
	8000000 states explored in 1464.61s, with 22974825 rules fired and 60796 states in the queue.
	8100000 states explored in 1486.94s, with 23320381 rules fired and 92534 states in the queue.
====== Now the openlist is cut off! ======
	8200000 states explored in 1508.82s, with 23658929 rules fired and 37089 states in the queue.
	8300000 states explored in 1531.99s, with 24014637 rules fired and 67549 states in the queue.
	8400000 states explored in 1553.28s, with 24340477 rules fired and 99455 states in the queue.
====== Now the openlist is cut off! ======
	8500000 states explored in 1575.67s, with 24685711 rules fired and 43775 states in the queue.
	8600000 states explored in 1597.88s, with 25024843 rules fired and 76388 states in the queue.
====== Now the openlist is cut off! ======
	8700000 states explored in 1623.44s, with 25419352 rules fired and 15563 states in the queue.
	8800000 states explored in 1646.65s, with 25775985 rules fired and 46245 states in the queue.
	8900000 states explored in 1668.82s, with 26115479 rules fired and 80612 states in the queue.
====== Now the openlist is cut off! ======
	9000000 states explored in 1692.81s, with 26490375 rules fired and 22122 states in the queue.
	9100000 states explored in 1716.19s, with 26855716 rules fired and 56953 states in the queue.
	9200000 states explored in 1738.64s, with 27212548 rules fired and 90949 states in the queue.
====== Now the openlist is cut off! ======
	9300000 states explored in 1760.95s, with 27566077 rules fired and 32338 states in the queue.
	9400000 states explored in 1783.92s, with 27929807 rules fired and 60299 states in the queue.
	9500000 states explored in 1807.69s, with 28305352 rules fired and 85667 states in the queue.
====== Now the openlist is cut off! ======
	9600000 states explored in 1831.58s, with 28685630 rules fired and 27088 states in the queue.
	9700000 states explored in 1856.93s, with 29090675 rules fired and 55088 states in the queue.
	9800000 states explored in 1882.66s, with 29503274 rules fired and 78099 states in the queue.
====== Now the openlist is cut off! ======
	9900000 states explored in 1907.54s, with 29902659 rules fired and 14472 states in the queue.
	10000000 states explored in 1933.15s, with 30313428 rules fired and 42015 states in the queue.
	10100000 states explored in 1960.28s, with 30743723 rules fired and 61314 states in the queue.
	10200000 states explored in 1987.42s, with 31178685 rules fired and 80996 states in the queue.
	10300000 states explored in 2017.85s, with 31666213 rules fired and 92028 states in the queue.
	10400000 states explored in 2050.08s, with 32183869 rules fired and 98298 states in the queue.
====== Now the openlist is cut off! ======
	10500000 states explored in 2078.36s, with 32636787 rules fired and 21731 states in the queue.
	10600000 states explored in 2109.86s, with 33141602 rules fired and 28246 states in the queue.
	10700000 states explored in 2136.37s, with 33564760 rules fired and 43295 states in the queue.
	10800000 states explored in 2157.14s, with 33895253 rules fired and 74305 states in the queue.
====== Now the openlist is cut off! ======
	10900000 states explored in 2177.29s, with 34215223 rules fired and 17232 states in the queue.
	11000000 states explored in 2197.45s, with 34535058 rules fired and 46944 states in the queue.
	11100000 states explored in 2218.17s, with 34863483 rules fired and 76134 states in the queue.
====== Now the openlist is cut off! ======
	11200000 states explored in 2238.77s, with 35189528 rules fired and 13282 states in the queue.
	11300000 states explored in 2258.15s, with 35498172 rules fired and 48128 states in the queue.
	11400000 states explored in 2277.87s, with 35811428 rules fired and 81319 states in the queue.
====== Now the openlist is cut off! ======
	11500000 states explored in 2297.46s, with 36121996 rules fired and 23586 states in the queue.
	11600000 states explored in 2317.57s, with 36440854 rules fired and 53942 states in the queue.
	11700000 states explored in 2339.92s, with 36795498 rules fired and 76485 states in the queue.
====== Now the openlist is cut off! ======
	11800000 states explored in 2361.04s, with 37129606 rules fired and 10270 states in the queue.
	11900000 states explored in 2384.25s, with 37498308 rules fired and 30038 states in the queue.
	12000000 states explored in 2409.82s, with 37903601 rules fired and 40485 states in the queue.
	12100000 states explored in 2434.13s, with 38288887 rules fired and 54834 states in the queue.
	12200000 states explored in 2455.27s, with 38624170 rules fired and 83983 states in the queue.
====== Now the openlist is cut off! ======
	12300000 states explored in 2475.94s, with 38951944 rules fired and 25121 states in the queue.
	12400000 states explored in 2496.16s, with 39272770 rules fired and 57394 states in the queue.
	12500000 states explored in 2515.16s, with 39574178 rules fired and 93139 states in the queue.
====== Now the openlist is cut off! ======
	12600000 states explored in 2534.80s, with 39885635 rules fired and 37070 states in the queue.
	12700000 states explored in 2555.24s, with 40209593 rules fired and 67633 states in the queue.
	12800000 states explored in 2575.99s, with 40538113 rules fired and 93890 states in the queue.
====== Now the openlist is cut off! ======
	12900000 states explored in 2597.19s, with 40874526 rules fired and 31017 states in the queue.
	13000000 states explored in 2618.36s, with 41210373 rules fired and 58231 states in the queue.
	13100000 states explored in 2639.87s, with 41550380 rules fired and 82404 states in the queue.
====== Now the openlist is cut off! ======
	13200000 states explored in 2660.69s, with 41880083 rules fired and 20822 states in the queue.
	13300000 states explored in 2683.01s, with 42233379 rules fired and 42273 states in the queue.
	13400000 states explored in 2705.97s, with 42595651 rules fired and 59132 states in the queue.
	13500000 states explored in 2728.78s, with 42956118 rules fired and 78074 states in the queue.
	13600000 states explored in 2754.65s, with 43364504 rules fired and 85253 states in the queue.
	13700000 states explored in 2782.41s, with 43806180 rules fired and 88510 states in the queue.
	13800000 states explored in 2811.90s, with 44276502 rules fired and 87387 states in the queue.
====== Now the openlist is cut off! ======
	13900000 states explored in 2835.68s, with 44656837 rules fired and 17994 states in the queue.
	14000000 states explored in 2861.74s, with 45079892 rules fired and 46859 states in the queue.
	14100000 states explored in 2887.15s, with 45489916 rules fired and 71928 states in the queue.
====== Now the openlist is cut off! ======
	14200000 states explored in 2912.70s, with 45903948 rules fired and 11699 states in the queue.
	14300000 states explored in 2940.75s, with 46359946 rules fired and 37333 states in the queue.
	14400000 states explored in 2970.59s, with 46844913 rules fired and 59464 states in the queue.
	14500000 states explored in 3002.01s, with 47355595 rules fired and 76978 states in the queue.
	14600000 states explored in 3032.50s, with 47849345 rules fired and 92372 states in the queue.
	14700000 states explored in 3066.70s, with 48403595 rules fired and 99157 states in the queue.
	14800000 states explored in 3105.93s, with 49038738 rules fired and 89601 states in the queue.
	14900000 states explored in 3144.63s, with 49664368 rules fired and 80421 states in the queue.
====== Now the openlist is cut off! ======
	15000000 states explored in 3165.42s, with 49995473 rules fired and 21102 states in the queue.
	15100000 states explored in 3186.68s, with 50334515 rules fired and 49858 states in the queue.
	15200000 states explored in 3208.39s, with 50679462 rules fired and 74811 states in the queue.
	15300000 states explored in 3235.63s, with 51108624 rules fired and 72221 states in the queue.
	15400000 states explored in 3261.96s, with 51523586 rules fired and 72098 states in the queue.
	15500000 states explored in 3283.52s, with 51865328 rules fired and 94623 states in the queue.
====== Now the openlist is cut off! ======
	15600000 states explored in 3303.89s, with 52189514 rules fired and 37838 states in the queue.
	15700000 states explored in 3330.50s, with 52612621 rules fired and 48304 states in the queue.
====== Now the openlist is cut off! ======
	15800000 states explored in 3347.82s, with 52892088 rules fired and 18781 states in the queue.
	15900000 states explored in 3368.11s, with 53221065 rules fired and 74529 states in the queue.
====== Now the openlist is cut off! ======
	16000000 states explored in 3392.92s, with 53624734 rules fired and 29733 states in the queue.
	16100000 states explored in 3417.82s, with 54030330 rules fired and 73654 states in the queue.
====== Now the openlist is cut off! ======
	16200000 states explored in 3448.54s, with 54529759 rules fired and 10589 states in the queue.
	16300000 states explored in 3471.25s, with 54895454 rules fired and 42418 states in the queue.
	16400000 states explored in 3492.96s, with 55244670 rules fired and 75181 states in the queue.
====== Now the openlist is cut off! ======
	16500000 states explored in 3511.36s, with 55542882 rules fired and 38478 states in the queue.
	16600000 states explored in 3529.42s, with 55837559 rules fired and 99412 states in the queue.
====== Now the openlist is cut off! ======
	16700000 states explored in 3548.58s, with 56149527 rules fired and 66801 states in the queue.
====== Now the openlist is cut off! ======
	16800000 states explored in 3573.50s, with 56555045 rules fired and 20014 states in the queue.
