This program should be regarded as a DEBUGGING aid, not as a 
certifier of correctness.
Call with the -l flag or read the license file for terms
and conditions of use.
Run this program with "-h" for the list of options.

Bugs, questions, and comments should be directed to
"melatti@di.uniroma1.it".

CMurphi compiler last modified date: Apr 10 2024
Include files last modified date:    Jul 23 2021
==========================================================================

==========================================================================
Caching Murphi Release 5.5.0
Finite-state Concurrent System Verifier.

Caching Murphi Release 5.5.0 is based on various versions of Murphi.
Caching Murphi Release 5.5.0 :
Copyright (C) 2009-2012 by Sapienza University of Rome.
Murphi release 3.1 :
Copyright (C) 1992 - 1999 by the Board of Trustees of
Leland Stanford Junior University.

==========================================================================

Protocol: ./protocols/exec/TL-C_NonIn_M_data/TL-C_NonIn_M_data_inv132
===========================================
  You are using LS algorithm.  
===========================================

===== Startstates are generated! =====
Carelist Layer 0: Tree[1].cache[1].state Tree[2].cache[1].state Tree[3].cache[1].state Tree[4].cache[1].state Tree[5].cache[1].state Tree[6].cache[1].state Tree[7].cache[1].state 
Attr: Tree[7].cache[1].state Level: 2 Wi: 2
Attr: Tree[1].cache[1].state Level: 0 Wi: 8
Attr: Tree[3].cache[1].state Level: 1 Wi: 4
Attr: Tree[4].cache[1].state Level: 2 Wi: 2
Attr: Tree[5].cache[1].state Level: 2 Wi: 2
Attr: Tree[2].cache[1].state Level: 1 Wi: 4
Attr: Tree[6].cache[1].state Level: 2 Wi: 2

===== Init heuristics! =====

Progress Report:

	100000 states explored in 8.39s, with 396580 rules fired and 76303 states in the queue.
	200000 states explored in 14.30s, with 873705 rules fired and 149610 states in the queue.
	300000 states explored in 20.29s, with 1354044 rules fired and 223032 states in the queue.
	400000 states explored in 26.34s, with 1858561 rules fired and 296295 states in the queue.
	500000 states explored in 32.83s, with 2411681 rules fired and 368382 states in the queue.
	600000 states explored in 39.30s, with 2968304 rules fired and 440516 states in the queue.
	700000 states explored in 46.10s, with 3578744 rules fired and 512290 states in the queue.
	800000 states explored in 52.45s, with 4147590 rules fired and 585688 states in the queue.
	900000 states explored in 59.29s, with 4714546 rules fired and 656763 states in the queue.
	1000000 states explored in 66.94s, with 5328303 rules fired and 723655 states in the queue.
	1100000 states explored in 73.71s, with 5865690 rules fired and 794641 states in the queue.
	1200000 states explored in 80.50s, with 6403004 rules fired and 865681 states in the queue.
	1300000 states explored in 86.95s, with 6913198 rules fired and 938068 states in the queue.
	1400000 states explored in 93.54s, with 7443793 rules fired and 1010261 states in the queue.
	1500000 states explored in 99.38s, with 7936071 rules fired and 1085924 states in the queue.
	1600000 states explored in 104.44s, with 8390490 rules fired and 1165416 states in the queue.
	1700000 states explored in 110.81s, with 8950032 rules fired and 1239812 states in the queue.
	1800000 states explored in 119.31s, with 9627899 rules fired and 1304184 states in the queue.
	1900000 states explored in 126.56s, with 10202542 rules fired and 1374475 states in the queue.
	2000000 states explored in 133.56s, with 10744880 rules fired and 1445921 states in the queue.
	2100000 states explored in 140.66s, with 11311110 rules fired and 1516432 states in the queue.
	2200000 states explored in 147.42s, with 11848035 rules fired and 1588672 states in the queue.
	2300000 states explored in 154.60s, with 12403022 rules fired and 1659535 states in the queue.
	2400000 states explored in 162.29s, with 13003863 rules fired and 1727664 states in the queue.
	2500000 states explored in 169.99s, with 13627222 rules fired and 1796166 states in the queue.
	2600000 states explored in 177.21s, with 14230660 rules fired and 1867045 states in the queue.
	2700000 states explored in 183.36s, with 14744513 rules fired and 1942415 states in the queue.
	2800000 states explored in 189.68s, with 15231450 rules fired and 2015234 states in the queue.
	2900000 states explored in 196.27s, with 15745006 rules fired and 2088783 states in the queue.
	3000000 states explored in 202.00s, with 16216049 rules fired and 2165727 states in the queue.
	3100000 states explored in 209.08s, with 16793055 rules fired and 2236321 states in the queue.
	3200000 states explored in 216.59s, with 17434115 rules fired and 2305064 states in the queue.
	3300000 states explored in 224.43s, with 18092456 rules fired and 2372737 states in the queue.
	3400000 states explored in 230.47s, with 18618052 rules fired and 2448031 states in the queue.
	3500000 states explored in 237.16s, with 19143073 rules fired and 2520211 states in the queue.
	3600000 states explored in 244.38s, with 19716816 rules fired and 2590096 states in the queue.

Error:

	Internal Error: Too many active states.



