This program should be regarded as a DEBUGGING aid, not as a 
certifier of correctness.
Call with the -l flag or read the license file for terms
and conditions of use.
Run this program with "-h" for the list of options.

Bugs, questions, and comments should be directed to
"melatti@di.uniroma1.it".

CMurphi compiler last modified date: Apr 10 2024
Include files last modified date:    Jul 23 2021
==========================================================================

==========================================================================
Caching Murphi Release 5.5.0
Finite-state Concurrent System Verifier.

Caching Murphi Release 5.5.0 is based on various versions of Murphi.
Caching Murphi Release 5.5.0 :
Copyright (C) 2009-2012 by Sapienza University of Rome.
Murphi release 3.1 :
Copyright (C) 1992 - 1999 by the Board of Trustees of
Leland Stanford Junior University.

==========================================================================

Protocol: ./protocols/exec/TL-C_NonIn_M_data/TL-C_NonIn_M_data_inv30
===========================================
  You are using LS algorithm.  
===========================================

===== Startstates are generated! =====
Carelist Layer 0: Tree[1].cache[1].state Tree[2].cache[1].state Tree[3].cache[1].state Tree[4].cache[1].state Tree[5].cache[1].state Tree[6].cache[1].state Tree[7].cache[1].state 
Attr: Tree[7].cache[1].state Level: 2 Wi: 2
Attr: Tree[1].cache[1].state Level: 0 Wi: 8
Attr: Tree[3].cache[1].state Level: 1 Wi: 4
Attr: Tree[4].cache[1].state Level: 2 Wi: 2
Attr: Tree[5].cache[1].state Level: 2 Wi: 2
Attr: Tree[2].cache[1].state Level: 1 Wi: 4
Attr: Tree[6].cache[1].state Level: 2 Wi: 2

===== Init heuristics! =====

Progress Report:

	100000 states explored in 7.66s, with 426049 rules fired and 71196 states in the queue.
	200000 states explored in 13.05s, with 943014 rules fired and 141020 states in the queue.
	300000 states explored in 19.12s, with 1515877 rules fired and 206741 states in the queue.
	400000 states explored in 24.24s, with 1996178 rules fired and 278352 states in the queue.
	500000 states explored in 29.85s, with 2529638 rules fired and 347269 states in the queue.
	600000 states explored in 36.27s, with 3100359 rules fired and 412538 states in the queue.
	700000 states explored in 43.25s, with 3644876 rules fired and 479069 states in the queue.
	800000 states explored in 50.41s, with 4199547 rules fired and 545998 states in the queue.
	900000 states explored in 56.33s, with 4724899 rules fired and 612129 states in the queue.
	1000000 states explored in 62.47s, with 5309491 rules fired and 678385 states in the queue.
	1100000 states explored in 68.36s, with 5866151 rules fired and 746051 states in the queue.
	1200000 states explored in 73.53s, with 6329156 rules fired and 816875 states in the queue.
	1300000 states explored in 81.59s, with 6931530 rules fired and 879053 states in the queue.
	1400000 states explored in 89.88s, with 7504373 rules fired and 942572 states in the queue.
	1500000 states explored in 97.51s, with 8178151 rules fired and 999738 states in the queue.
	1600000 states explored in 104.42s, with 8809550 rules fired and 1059903 states in the queue.
	1700000 states explored in 112.28s, with 9531104 rules fired and 1114857 states in the queue.
	1800000 states explored in 119.85s, with 10242013 rules fired and 1172749 states in the queue.
	1900000 states explored in 127.79s, with 10864310 rules fired and 1236319 states in the queue.
	2000000 states explored in 137.14s, with 11515712 rules fired and 1301438 states in the queue.
	2100000 states explored in 143.90s, with 12128694 rules fired and 1364615 states in the queue.
	2200000 states explored in 150.68s, with 12757309 rules fired and 1426794 states in the queue.
	2300000 states explored in 156.78s, with 13328005 rules fired and 1493198 states in the queue.
	2400000 states explored in 162.79s, with 13874277 rules fired and 1559038 states in the queue.
	2500000 states explored in 168.61s, with 14422838 rules fired and 1628252 states in the queue.
	2600000 states explored in 175.29s, with 15057612 rules fired and 1692374 states in the queue.
	2700000 states explored in 184.70s, with 15918609 rules fired and 1740726 states in the queue.
	2800000 states explored in 192.95s, with 16667752 rules fired and 1793519 states in the queue.
	2900000 states explored in 198.71s, with 17188875 rules fired and 1861288 states in the queue.
	3000000 states explored in 205.61s, with 17813720 rules fired and 1924297 states in the queue.
	3100000 states explored in 212.09s, with 18273869 rules fired and 1996170 states in the queue.
	3200000 states explored in 219.81s, with 18804911 rules fired and 2062247 states in the queue.
	3300000 states explored in 226.49s, with 19408246 rules fired and 2124286 states in the queue.
	3400000 states explored in 233.07s, with 20015109 rules fired and 2186779 states in the queue.
	3500000 states explored in 238.53s, with 20546322 rules fired and 2257454 states in the queue.
	3600000 states explored in 244.57s, with 21121386 rules fired and 2324319 states in the queue.
	3700000 states explored in 250.78s, with 21704287 rules fired and 2390202 states in the queue.
	3800000 states explored in 256.09s, with 22196081 rules fired and 2460875 states in the queue.
	3900000 states explored in 261.82s, with 22739780 rules fired and 2530313 states in the queue.
	4000000 states explored in 267.95s, with 23310759 rules fired and 2598195 states in the queue.

Error:

	Internal Error: Too many active states.



