This program should be regarded as a DEBUGGING aid, not as a 
certifier of correctness.
Call with the -l flag or read the license file for terms
and conditions of use.
Run this program with "-h" for the list of options.

Bugs, questions, and comments should be directed to
"melatti@di.uniroma1.it".

CMurphi compiler last modified date: Apr 10 2024
Include files last modified date:    Jul 23 2021
==========================================================================

==========================================================================
Caching Murphi Release 5.5.0
Finite-state Concurrent System Verifier.

Caching Murphi Release 5.5.0 is based on various versions of Murphi.
Caching Murphi Release 5.5.0 :
Copyright (C) 2009-2012 by Sapienza University of Rome.
Murphi release 3.1 :
Copyright (C) 1992 - 1999 by the Board of Trustees of
Leland Stanford Junior University.

==========================================================================

Protocol: ./protocols/exec/TL-C_NonIn_M_data/TL-C_NonIn_M_data_inv32
===========================================
  You are using LS algorithm.  
===========================================

===== Startstates are generated! =====
Carelist Layer 0: Tree[1].cache[1].state Tree[2].cache[1].state Tree[3].cache[1].state Tree[4].cache[1].state Tree[5].cache[1].state Tree[6].cache[1].state Tree[7].cache[1].state 
Attr: Tree[7].cache[1].state Level: 2 Wi: 2
Attr: Tree[1].cache[1].state Level: 0 Wi: 8
Attr: Tree[3].cache[1].state Level: 1 Wi: 4
Attr: Tree[4].cache[1].state Level: 2 Wi: 2
Attr: Tree[5].cache[1].state Level: 2 Wi: 2
Attr: Tree[2].cache[1].state Level: 1 Wi: 4
Attr: Tree[6].cache[1].state Level: 2 Wi: 2

===== Init heuristics! =====

Progress Report:

	100000 states explored in 8.41s, with 431717 rules fired and 69255 states in the queue.
	200000 states explored in 13.79s, with 948613 rules fired and 139543 states in the queue.
	300000 states explored in 19.64s, with 1501514 rules fired and 206970 states in the queue.
	400000 states explored in 25.77s, with 2088153 rules fired and 272837 states in the queue.
	500000 states explored in 31.96s, with 2686623 rules fired and 339161 states in the queue.
	600000 states explored in 38.88s, with 3225630 rules fired and 409320 states in the queue.
	700000 states explored in 45.07s, with 3804918 rules fired and 475486 states in the queue.
	800000 states explored in 51.43s, with 4365947 rules fired and 539064 states in the queue.
	900000 states explored in 57.94s, with 4982895 rules fired and 603498 states in the queue.
	1000000 states explored in 64.49s, with 5589002 rules fired and 668194 states in the queue.
	1100000 states explored in 72.20s, with 6335903 rules fired and 726820 states in the queue.
	1200000 states explored in 81.36s, with 7193251 rules fired and 775754 states in the queue.
	1300000 states explored in 89.87s, with 7733405 rules fired and 839400 states in the queue.
	1400000 states explored in 98.45s, with 8274517 rules fired and 905048 states in the queue.
	1500000 states explored in 107.62s, with 8853548 rules fired and 968466 states in the queue.
	1600000 states explored in 116.77s, with 9424570 rules fired and 1032851 states in the queue.
	1700000 states explored in 126.24s, with 10016706 rules fired and 1095031 states in the queue.
	1800000 states explored in 134.87s, with 10570882 rules fired and 1160739 states in the queue.
	1900000 states explored in 142.65s, with 11047428 rules fired and 1229126 states in the queue.
	2000000 states explored in 152.84s, with 11685037 rules fired and 1287724 states in the queue.
	2100000 states explored in 161.43s, with 12258019 rules fired and 1354967 states in the queue.
	2200000 states explored in 171.71s, with 12905894 rules fired and 1413928 states in the queue.
	2300000 states explored in 181.71s, with 13562238 rules fired and 1476146 states in the queue.
	2400000 states explored in 191.79s, with 14179381 rules fired and 1535835 states in the queue.
	2500000 states explored in 202.17s, with 14835352 rules fired and 1594731 states in the queue.
	2600000 states explored in 211.23s, with 15448900 rules fired and 1660794 states in the queue.
	2700000 states explored in 220.63s, with 16045302 rules fired and 1724660 states in the queue.
	2800000 states explored in 230.34s, with 16690451 rules fired and 1789562 states in the queue.
	2900000 states explored in 240.17s, with 17330260 rules fired and 1853227 states in the queue.
	3000000 states explored in 248.30s, with 17862834 rules fired and 1923441 states in the queue.
	3100000 states explored in 259.13s, with 18549549 rules fired and 1981657 states in the queue.
	3200000 states explored in 269.15s, with 19192189 rules fired and 2045153 states in the queue.
	3300000 states explored in 279.99s, with 19898547 rules fired and 2106513 states in the queue.
	3400000 states explored in 294.32s, with 20789460 rules fired and 2147914 states in the queue.
	3500000 states explored in 304.35s, with 21410271 rules fired and 2209200 states in the queue.
	3600000 states explored in 315.23s, with 22071570 rules fired and 2266178 states in the queue.
	3700000 states explored in 325.68s, with 22691704 rules fired and 2324413 states in the queue.
	3800000 states explored in 335.63s, with 23323792 rules fired and 2387276 states in the queue.
	3900000 states explored in 345.26s, with 23963815 rules fired and 2453218 states in the queue.
	4000000 states explored in 355.95s, with 24654252 rules fired and 2514184 states in the queue.
	4100000 states explored in 365.92s, with 25288623 rules fired and 2577067 states in the queue.

Error:

	Internal Error: Too many active states.



