This program should be regarded as a DEBUGGING aid, not as a 
certifier of correctness.
Call with the -l flag or read the license file for terms
and conditions of use.
Run this program with "-h" for the list of options.

Bugs, questions, and comments should be directed to
"melatti@di.uniroma1.it".

CMurphi compiler last modified date: Jul 24 2024
Include files last modified date:    Jul 23 2021
==========================================================================

==========================================================================
Caching Murphi Release 5.5.0
Finite-state Concurrent System Verifier.

Caching Murphi Release 5.5.0 is based on various versions of Murphi.
Caching Murphi Release 5.5.0 :
Copyright (C) 2009-2012 by Sapienza University of Rome.
Murphi release 3.1 :
Copyright (C) 1992 - 1999 by the Board of Trustees of
Leland Stanford Junior University.

==========================================================================

Protocol: ./protocols/exec/TL-C_NonIn_S_nodata/TL-C_NonIn_S_nodata_inv95
===========================================
  You are using EDMC algorithm.  
===========================================

===== Startstates are generated! =====
Carelist Layer 0: Tree[1].cache.state Tree[2].cache.state Tree[3].cache.state Tree[4].cache.state Tree[5].cache.state Tree[6].cache.state Tree[7].cache.state 
Carelist Layer 1: Tree[node].chanA[node].opcode.isundefined Tree[node].chanA[node].opcode Tree[node].chanA[node].para Tree[node].cache.state Tree[node].directory[node] Tree[node].master_pending.isundefined Tree[node].chanC[node].opcode.isundefined Tree[node].chanB[node].opcode.isundefined Tree[node].chanB[node].opcode Tree[node].chanB[node].para Tree[node].master_pending Tree[node].chanD[node].opcode.isundefined Tree[node].chanD[node].opcode Tree[node].chanD[node].para Tree[node].chanC[node].opcode Tree[node].chanC[node].para Tree[node].slave_pending[node].isundefined 
Attr: Tree[node].slave_pending[node].isundefined Level: 1 Wi: 2
Attr: Tree[node].chanC[node].opcode Level: 1 Wi: 2
Attr: Tree[node].chanD[node].para Level: 1 Wi: 2
Attr: Tree[node].chanD[node].opcode Level: 1 Wi: 2
Attr: Tree[node].chanC[node].para Level: 1 Wi: 2
Attr: Tree[node].chanD[node].opcode.isundefined Level: 1 Wi: 2
Attr: Tree[node].directory[node] Level: 1 Wi: 2
Attr: Tree[3].cache.state Level: 0 Wi: 4
Attr: Tree[4].cache.state Level: 0 Wi: 4
Attr: Tree[node].master_pending Level: 1 Wi: 2
Attr: Tree[node].cache.state Level: 1 Wi: 2
Attr: Tree[node].chanB[node].opcode.isundefined Level: 1 Wi: 2
Attr: Tree[node].chanB[node].para Level: 1 Wi: 2
Attr: Tree[6].cache.state Level: 0 Wi: 4
Attr: Tree[node].chanC[node].opcode.isundefined Level: 1 Wi: 2
Attr: Tree[1].cache.state Level: 0 Wi: 4
Attr: Tree[2].cache.state Level: 0 Wi: 4
Attr: Tree[5].cache.state Level: 0 Wi: 4
Attr: Tree[7].cache.state Level: 0 Wi: 4
Attr: Tree[node].chanA[node].opcode.isundefined Level: 1 Wi: 2
Attr: Tree[node].chanA[node].opcode Level: 1 Wi: 2
Attr: Tree[node].chanA[node].para Level: 1 Wi: 2
Attr: Tree[node].master_pending.isundefined Level: 1 Wi: 2
Attr: Tree[node].chanB[node].opcode Level: 1 Wi: 2

===== Init heuristics! =====

Progress Report:

	100000 states explored in 5.36s, with 289700 rules fired and 55465 states in the queue.
	200000 states explored in 8.50s, with 603377 rules fired and 107667 states in the queue.
	300000 states explored in 12.18s, with 977604 rules fired and 152655 states in the queue.
	400000 states explored in 15.97s, with 1359593 rules fired and 196560 states in the queue.
	500000 states explored in 19.89s, with 1757016 rules fired and 238883 states in the queue.
	600000 states explored in 24.19s, with 2197198 rules fired and 275525 states in the queue.
	700000 states explored in 28.71s, with 2649877 rules fired and 309054 states in the queue.
	800000 states explored in 33.69s, with 3149989 rules fired and 336654 states in the queue.
	900000 states explored in 39.12s, with 3700105 rules fired and 358073 states in the queue.
	1000000 states explored in 45.52s, with 4349904 rules fired and 365893 states in the queue.
target state's depth is: 85

==========================================================================

Result:

	Invariant "test_reachable_state_95" failed.

State Space Explored:

	1052488 states, 4679804 rules fired in 48.72s.

Analysis of State Space:

	There are rules that are never fired.
	If you are running with symmetry, this may be why.  Otherwise,
	please run this program with "-pr" for the rules information.
