You choose the local search option :-)
This program should be regarded as a DEBUGGING aid, not as a 
certifier of correctness.
Call with the -l flag or read the license file for terms
and conditions of use.
Run this program with "-h" for the list of options.

Bugs, questions, and comments should be directed to
"melatti@di.uniroma1.it".

CMurphi compiler last modified date: Oct  9 2023
Include files last modified date:    Jul 23 2021
==========================================================================

==========================================================================
Caching Murphi Release 5.5.0
Finite-state Concurrent System Verifier.

Caching Murphi Release 5.5.0 is based on various versions of Murphi.
Caching Murphi Release 5.5.0 :
Copyright (C) 2009-2012 by Sapienza University of Rome.
Murphi release 3.1 :
Copyright (C) 1992 - 1999 by the Board of Trustees of
Leland Stanford Junior University.

==========================================================================

Protocol: ./models/TL-C_NonIn_S_data

Algorithm:
	Verification by our local search.
	with symmetry algorithm 3 -- Heuristic Small Memory Normalization
	with permutation trial limit 10.

Memory usage:

	* The size of each state is 1920 bits (rounded up to 240 bytes).
	* The memory allocated for the hash table and state queue is
	  10485 Mbytes.
	  With two words of overhead per state, the maximum size of
	  the state space is 38437547 states.
	   * Use option "-k" or "-m" to increase this, if necessary.
	* Capacity in queue for breadth-first search: 3843754 states.
	   * Change the constant gPercentActiveStates in mu_prolog.inc
	     to increase this, if necessary.

Warning: No trace will not be printed in the case of protocol errors!
         Check the options if you want to have error traces.
==========================================================================

You are using local search algorithm (Version 1) :

------------- Show Goalstate: ------------------
Tree[1].cache.state:Branch
Tree[1].cache.data:Undefined
Tree[1].cache.dirty:0
Tree[1].sons[1]:2
Tree[1].sons[2]:3
Tree[1].directory[1]:None
Tree[1].directory[2]:None
Tree[1].slave_pending[1]:Undefined
Tree[1].slave_pending[2]:Undefined
Tree[1].master_pending:Undefined
Tree[1].chanA[1].opcode:Undefined
Tree[1].chanA[1].para:Undefined
Tree[1].chanA[2].opcode:Undefined
Tree[1].chanA[2].para:Undefined
Tree[1].chanB[1].opcode:Undefined
Tree[1].chanB[1].para:Undefined
Tree[1].chanB[2].opcode:Undefined
Tree[1].chanB[2].para:Undefined
Tree[1].chanC[1].opcode:Undefined
Tree[1].chanC[1].para:Undefined
Tree[1].chanC[1].data:Undefined
Tree[1].chanC[1].dirty:Undefined
Tree[1].chanC[2].opcode:Undefined
Tree[1].chanC[2].para:Undefined
Tree[1].chanC[2].data:Undefined
Tree[1].chanC[2].dirty:Undefined
Tree[1].chanD[1].opcode:Undefined
Tree[1].chanD[1].para:Undefined
Tree[1].chanD[1].data:Undefined
Tree[1].chanD[2].opcode:Undefined
Tree[1].chanD[2].para:Undefined
Tree[1].chanD[2].data:Undefined
Tree[1].chanE[1].opcode:Undefined
Tree[1].chanE[2].opcode:Undefined
Tree[2].cache.state:Branch
Tree[2].cache.data:Undefined
Tree[2].cache.dirty:0
Tree[2].sons[1]:4
Tree[2].sons[2]:5
Tree[2].directory[1]:None
Tree[2].directory[2]:None
Tree[2].slave_pending[1]:Undefined
Tree[2].slave_pending[2]:Undefined
Tree[2].master_pending:Undefined
Tree[2].chanA[1].opcode:Undefined
Tree[2].chanA[1].para:Undefined
Tree[2].chanA[2].opcode:Undefined
Tree[2].chanA[2].para:Undefined
Tree[2].chanB[1].opcode:Undefined
Tree[2].chanB[1].para:Undefined
Tree[2].chanB[2].opcode:Undefined
Tree[2].chanB[2].para:Undefined
Tree[2].chanC[1].opcode:Undefined
Tree[2].chanC[1].para:Undefined
Tree[2].chanC[1].data:Undefined
Tree[2].chanC[1].dirty:Undefined
Tree[2].chanC[2].opcode:Undefined
Tree[2].chanC[2].para:Undefined
Tree[2].chanC[2].data:Undefined
Tree[2].chanC[2].dirty:Undefined
Tree[2].chanD[1].opcode:Undefined
Tree[2].chanD[1].para:Undefined
Tree[2].chanD[1].data:Undefined
Tree[2].chanD[2].opcode:Undefined
Tree[2].chanD[2].para:Undefined
Tree[2].chanD[2].data:Undefined
Tree[2].chanE[1].opcode:Undefined
Tree[2].chanE[2].opcode:Undefined
Tree[3].cache.state:None
Tree[3].cache.data:Undefined
Tree[3].cache.dirty:0
Tree[3].sons[1]:6
Tree[3].sons[2]:7
Tree[3].directory[1]:None
Tree[3].directory[2]:None
Tree[3].slave_pending[1]:Undefined
Tree[3].slave_pending[2]:Undefined
Tree[3].master_pending:Undefined
Tree[3].chanA[1].opcode:Undefined
Tree[3].chanA[1].para:Undefined
Tree[3].chanA[2].opcode:Undefined
Tree[3].chanA[2].para:Undefined
Tree[3].chanB[1].opcode:Undefined
Tree[3].chanB[1].para:Undefined
Tree[3].chanB[2].opcode:Undefined
Tree[3].chanB[2].para:Undefined
Tree[3].chanC[1].opcode:Undefined
Tree[3].chanC[1].para:Undefined
Tree[3].chanC[1].data:Undefined
Tree[3].chanC[1].dirty:Undefined
Tree[3].chanC[2].opcode:Undefined
Tree[3].chanC[2].para:Undefined
Tree[3].chanC[2].data:Undefined
Tree[3].chanC[2].dirty:Undefined
Tree[3].chanD[1].opcode:Undefined
Tree[3].chanD[1].para:Undefined
Tree[3].chanD[1].data:Undefined
Tree[3].chanD[2].opcode:Undefined
Tree[3].chanD[2].para:Undefined
Tree[3].chanD[2].data:Undefined
Tree[3].chanE[1].opcode:Undefined
Tree[3].chanE[2].opcode:Undefined
Tree[4].cache.state:Branch
Tree[4].cache.data:Undefined
Tree[4].cache.dirty:0
Tree[4].sons[1]:Undefined
Tree[4].sons[2]:Undefined
Tree[4].directory[1]:Undefined
Tree[4].directory[2]:Undefined
Tree[4].slave_pending[1]:Undefined
Tree[4].slave_pending[2]:Undefined
Tree[4].master_pending:Undefined
Tree[4].chanA[1].opcode:Undefined
Tree[4].chanA[1].para:Undefined
Tree[4].chanA[2].opcode:Undefined
Tree[4].chanA[2].para:Undefined
Tree[4].chanB[1].opcode:Undefined
Tree[4].chanB[1].para:Undefined
Tree[4].chanB[2].opcode:Undefined
Tree[4].chanB[2].para:Undefined
Tree[4].chanC[1].opcode:Undefined
Tree[4].chanC[1].para:Undefined
Tree[4].chanC[1].data:Undefined
Tree[4].chanC[1].dirty:Undefined
Tree[4].chanC[2].opcode:Undefined
Tree[4].chanC[2].para:Undefined
Tree[4].chanC[2].data:Undefined
Tree[4].chanC[2].dirty:Undefined
Tree[4].chanD[1].opcode:Undefined
Tree[4].chanD[1].para:Undefined
Tree[4].chanD[1].data:Undefined
Tree[4].chanD[2].opcode:Undefined
Tree[4].chanD[2].para:Undefined
Tree[4].chanD[2].data:Undefined
Tree[4].chanE[1].opcode:Undefined
Tree[4].chanE[2].opcode:Undefined
Tree[5].cache.state:Branch
Tree[5].cache.data:Undefined
Tree[5].cache.dirty:0
Tree[5].sons[1]:Undefined
Tree[5].sons[2]:Undefined
Tree[5].directory[1]:Undefined
Tree[5].directory[2]:Undefined
Tree[5].slave_pending[1]:Undefined
Tree[5].slave_pending[2]:Undefined
Tree[5].master_pending:Undefined
Tree[5].chanA[1].opcode:Undefined
Tree[5].chanA[1].para:Undefined
Tree[5].chanA[2].opcode:Undefined
Tree[5].chanA[2].para:Undefined
Tree[5].chanB[1].opcode:Undefined
Tree[5].chanB[1].para:Undefined
Tree[5].chanB[2].opcode:Undefined
Tree[5].chanB[2].para:Undefined
Tree[5].chanC[1].opcode:Undefined
Tree[5].chanC[1].para:Undefined
Tree[5].chanC[1].data:Undefined
Tree[5].chanC[1].dirty:Undefined
Tree[5].chanC[2].opcode:Undefined
Tree[5].chanC[2].para:Undefined
Tree[5].chanC[2].data:Undefined
Tree[5].chanC[2].dirty:Undefined
Tree[5].chanD[1].opcode:Undefined
Tree[5].chanD[1].para:Undefined
Tree[5].chanD[1].data:Undefined
Tree[5].chanD[2].opcode:Undefined
Tree[5].chanD[2].para:Undefined
Tree[5].chanD[2].data:Undefined
Tree[5].chanE[1].opcode:Undefined
Tree[5].chanE[2].opcode:Undefined
Tree[6].cache.state:Branch
Tree[6].cache.data:Undefined
Tree[6].cache.dirty:0
Tree[6].sons[1]:Undefined
Tree[6].sons[2]:Undefined
Tree[6].directory[1]:Undefined
Tree[6].directory[2]:Undefined
Tree[6].slave_pending[1]:Undefined
Tree[6].slave_pending[2]:Undefined
Tree[6].master_pending:Undefined
Tree[6].chanA[1].opcode:Undefined
Tree[6].chanA[1].para:Undefined
Tree[6].chanA[2].opcode:Undefined
Tree[6].chanA[2].para:Undefined
Tree[6].chanB[1].opcode:Undefined
Tree[6].chanB[1].para:Undefined
Tree[6].chanB[2].opcode:Undefined
Tree[6].chanB[2].para:Undefined
Tree[6].chanC[1].opcode:Undefined
Tree[6].chanC[1].para:Undefined
Tree[6].chanC[1].data:Undefined
Tree[6].chanC[1].dirty:Undefined
Tree[6].chanC[2].opcode:Undefined
Tree[6].chanC[2].para:Undefined
Tree[6].chanC[2].data:Undefined
Tree[6].chanC[2].dirty:Undefined
Tree[6].chanD[1].opcode:Undefined
Tree[6].chanD[1].para:Undefined
Tree[6].chanD[1].data:Undefined
Tree[6].chanD[2].opcode:Undefined
Tree[6].chanD[2].para:Undefined
Tree[6].chanD[2].data:Undefined
Tree[6].chanE[1].opcode:Undefined
Tree[6].chanE[2].opcode:Undefined
Tree[7].cache.state:Branch
Tree[7].cache.data:Undefined
Tree[7].cache.dirty:0
Tree[7].sons[1]:Undefined
Tree[7].sons[2]:Undefined
Tree[7].directory[1]:Undefined
Tree[7].directory[2]:Undefined
Tree[7].slave_pending[1]:Undefined
Tree[7].slave_pending[2]:Undefined
Tree[7].master_pending:Undefined
Tree[7].chanA[1].opcode:Undefined
Tree[7].chanA[1].para:Undefined
Tree[7].chanA[2].opcode:Undefined
Tree[7].chanA[2].para:Undefined
Tree[7].chanB[1].opcode:Undefined
Tree[7].chanB[1].para:Undefined
Tree[7].chanB[2].opcode:Undefined
Tree[7].chanB[2].para:Undefined
Tree[7].chanC[1].opcode:Undefined
Tree[7].chanC[1].para:Undefined
Tree[7].chanC[1].data:Undefined
Tree[7].chanC[1].dirty:Undefined
Tree[7].chanC[2].opcode:Undefined
Tree[7].chanC[2].para:Undefined
Tree[7].chanC[2].data:Undefined
Tree[7].chanC[2].dirty:Undefined
Tree[7].chanD[1].opcode:Undefined
Tree[7].chanD[1].para:Undefined
Tree[7].chanD[1].data:Undefined
Tree[7].chanD[2].opcode:Undefined
Tree[7].chanD[2].para:Undefined
Tree[7].chanD[2].data:Undefined
Tree[7].chanE[1].opcode:Undefined
Tree[7].chanE[2].opcode:Undefined
memData:dataType_2
auxData:dataType_2

------------- Show a heuristic value: ------------------
7

------------- Show Initstate: ------------------
Tree[1].cache.state:None
Tree[1].cache.data:Undefined
Tree[1].cache.dirty:0
Tree[1].sons[1]:2
Tree[1].sons[2]:3
Tree[1].directory[1]:None
Tree[1].directory[2]:None
Tree[1].slave_pending[1]:Undefined
Tree[1].slave_pending[2]:Undefined
Tree[1].master_pending:Undefined
Tree[1].chanA[1].opcode:Undefined
Tree[1].chanA[1].para:Undefined
Tree[1].chanA[2].opcode:Undefined
Tree[1].chanA[2].para:Undefined
Tree[1].chanB[1].opcode:Undefined
Tree[1].chanB[1].para:Undefined
Tree[1].chanB[2].opcode:Undefined
Tree[1].chanB[2].para:Undefined
Tree[1].chanC[1].opcode:Undefined
Tree[1].chanC[1].para:Undefined
Tree[1].chanC[1].data:Undefined
Tree[1].chanC[1].dirty:Undefined
Tree[1].chanC[2].opcode:Undefined
Tree[1].chanC[2].para:Undefined
Tree[1].chanC[2].data:Undefined
Tree[1].chanC[2].dirty:Undefined
Tree[1].chanD[1].opcode:Undefined
Tree[1].chanD[1].para:Undefined
Tree[1].chanD[1].data:Undefined
Tree[1].chanD[2].opcode:Undefined
Tree[1].chanD[2].para:Undefined
Tree[1].chanD[2].data:Undefined
Tree[1].chanE[1].opcode:Undefined
Tree[1].chanE[2].opcode:Undefined
Tree[2].cache.state:None
Tree[2].cache.data:Undefined
Tree[2].cache.dirty:0
Tree[2].sons[1]:4
Tree[2].sons[2]:5
Tree[2].directory[1]:None
Tree[2].directory[2]:None
Tree[2].slave_pending[1]:Undefined
Tree[2].slave_pending[2]:Undefined
Tree[2].master_pending:Undefined
Tree[2].chanA[1].opcode:Undefined
Tree[2].chanA[1].para:Undefined
Tree[2].chanA[2].opcode:Undefined
Tree[2].chanA[2].para:Undefined
Tree[2].chanB[1].opcode:Undefined
Tree[2].chanB[1].para:Undefined
Tree[2].chanB[2].opcode:Undefined
Tree[2].chanB[2].para:Undefined
Tree[2].chanC[1].opcode:Undefined
Tree[2].chanC[1].para:Undefined
Tree[2].chanC[1].data:Undefined
Tree[2].chanC[1].dirty:Undefined
Tree[2].chanC[2].opcode:Undefined
Tree[2].chanC[2].para:Undefined
Tree[2].chanC[2].data:Undefined
Tree[2].chanC[2].dirty:Undefined
Tree[2].chanD[1].opcode:Undefined
Tree[2].chanD[1].para:Undefined
Tree[2].chanD[1].data:Undefined
Tree[2].chanD[2].opcode:Undefined
Tree[2].chanD[2].para:Undefined
Tree[2].chanD[2].data:Undefined
Tree[2].chanE[1].opcode:Undefined
Tree[2].chanE[2].opcode:Undefined
Tree[3].cache.state:None
Tree[3].cache.data:Undefined
Tree[3].cache.dirty:0
Tree[3].sons[1]:6
Tree[3].sons[2]:7
Tree[3].directory[1]:None
Tree[3].directory[2]:None
Tree[3].slave_pending[1]:Undefined
Tree[3].slave_pending[2]:Undefined
Tree[3].master_pending:Undefined
Tree[3].chanA[1].opcode:Undefined
Tree[3].chanA[1].para:Undefined
Tree[3].chanA[2].opcode:Undefined
Tree[3].chanA[2].para:Undefined
Tree[3].chanB[1].opcode:Undefined
Tree[3].chanB[1].para:Undefined
Tree[3].chanB[2].opcode:Undefined
Tree[3].chanB[2].para:Undefined
Tree[3].chanC[1].opcode:Undefined
Tree[3].chanC[1].para:Undefined
Tree[3].chanC[1].data:Undefined
Tree[3].chanC[1].dirty:Undefined
Tree[3].chanC[2].opcode:Undefined
Tree[3].chanC[2].para:Undefined
Tree[3].chanC[2].data:Undefined
Tree[3].chanC[2].dirty:Undefined
Tree[3].chanD[1].opcode:Undefined
Tree[3].chanD[1].para:Undefined
Tree[3].chanD[1].data:Undefined
Tree[3].chanD[2].opcode:Undefined
Tree[3].chanD[2].para:Undefined
Tree[3].chanD[2].data:Undefined
Tree[3].chanE[1].opcode:Undefined
Tree[3].chanE[2].opcode:Undefined
Tree[4].cache.state:None
Tree[4].cache.data:Undefined
Tree[4].cache.dirty:0
Tree[4].sons[1]:Undefined
Tree[4].sons[2]:Undefined
Tree[4].directory[1]:Undefined
Tree[4].directory[2]:Undefined
Tree[4].slave_pending[1]:Undefined
Tree[4].slave_pending[2]:Undefined
Tree[4].master_pending:Undefined
Tree[4].chanA[1].opcode:Undefined
Tree[4].chanA[1].para:Undefined
Tree[4].chanA[2].opcode:Undefined
Tree[4].chanA[2].para:Undefined
Tree[4].chanB[1].opcode:Undefined
Tree[4].chanB[1].para:Undefined
Tree[4].chanB[2].opcode:Undefined
Tree[4].chanB[2].para:Undefined
Tree[4].chanC[1].opcode:Undefined
Tree[4].chanC[1].para:Undefined
Tree[4].chanC[1].data:Undefined
Tree[4].chanC[1].dirty:Undefined
Tree[4].chanC[2].opcode:Undefined
Tree[4].chanC[2].para:Undefined
Tree[4].chanC[2].data:Undefined
Tree[4].chanC[2].dirty:Undefined
Tree[4].chanD[1].opcode:Undefined
Tree[4].chanD[1].para:Undefined
Tree[4].chanD[1].data:Undefined
Tree[4].chanD[2].opcode:Undefined
Tree[4].chanD[2].para:Undefined
Tree[4].chanD[2].data:Undefined
Tree[4].chanE[1].opcode:Undefined
Tree[4].chanE[2].opcode:Undefined
Tree[5].cache.state:None
Tree[5].cache.data:Undefined
Tree[5].cache.dirty:0
Tree[5].sons[1]:Undefined
Tree[5].sons[2]:Undefined
Tree[5].directory[1]:Undefined
Tree[5].directory[2]:Undefined
Tree[5].slave_pending[1]:Undefined
Tree[5].slave_pending[2]:Undefined
Tree[5].master_pending:Undefined
Tree[5].chanA[1].opcode:Undefined
Tree[5].chanA[1].para:Undefined
Tree[5].chanA[2].opcode:Undefined
Tree[5].chanA[2].para:Undefined
Tree[5].chanB[1].opcode:Undefined
Tree[5].chanB[1].para:Undefined
Tree[5].chanB[2].opcode:Undefined
Tree[5].chanB[2].para:Undefined
Tree[5].chanC[1].opcode:Undefined
Tree[5].chanC[1].para:Undefined
Tree[5].chanC[1].data:Undefined
Tree[5].chanC[1].dirty:Undefined
Tree[5].chanC[2].opcode:Undefined
Tree[5].chanC[2].para:Undefined
Tree[5].chanC[2].data:Undefined
Tree[5].chanC[2].dirty:Undefined
Tree[5].chanD[1].opcode:Undefined
Tree[5].chanD[1].para:Undefined
Tree[5].chanD[1].data:Undefined
Tree[5].chanD[2].opcode:Undefined
Tree[5].chanD[2].para:Undefined
Tree[5].chanD[2].data:Undefined
Tree[5].chanE[1].opcode:Undefined
Tree[5].chanE[2].opcode:Undefined
Tree[6].cache.state:None
Tree[6].cache.data:Undefined
Tree[6].cache.dirty:0
Tree[6].sons[1]:Undefined
Tree[6].sons[2]:Undefined
Tree[6].directory[1]:Undefined
Tree[6].directory[2]:Undefined
Tree[6].slave_pending[1]:Undefined
Tree[6].slave_pending[2]:Undefined
Tree[6].master_pending:Undefined
Tree[6].chanA[1].opcode:Undefined
Tree[6].chanA[1].para:Undefined
Tree[6].chanA[2].opcode:Undefined
Tree[6].chanA[2].para:Undefined
Tree[6].chanB[1].opcode:Undefined
Tree[6].chanB[1].para:Undefined
Tree[6].chanB[2].opcode:Undefined
Tree[6].chanB[2].para:Undefined
Tree[6].chanC[1].opcode:Undefined
Tree[6].chanC[1].para:Undefined
Tree[6].chanC[1].data:Undefined
Tree[6].chanC[1].dirty:Undefined
Tree[6].chanC[2].opcode:Undefined
Tree[6].chanC[2].para:Undefined
Tree[6].chanC[2].data:Undefined
Tree[6].chanC[2].dirty:Undefined
Tree[6].chanD[1].opcode:Undefined
Tree[6].chanD[1].para:Undefined
Tree[6].chanD[1].data:Undefined
Tree[6].chanD[2].opcode:Undefined
Tree[6].chanD[2].para:Undefined
Tree[6].chanD[2].data:Undefined
Tree[6].chanE[1].opcode:Undefined
Tree[6].chanE[2].opcode:Undefined
Tree[7].cache.state:None
Tree[7].cache.data:Undefined
Tree[7].cache.dirty:0
Tree[7].sons[1]:Undefined
Tree[7].sons[2]:Undefined
Tree[7].directory[1]:Undefined
Tree[7].directory[2]:Undefined
Tree[7].slave_pending[1]:Undefined
Tree[7].slave_pending[2]:Undefined
Tree[7].master_pending:Undefined
Tree[7].chanA[1].opcode:Undefined
Tree[7].chanA[1].para:Undefined
Tree[7].chanA[2].opcode:Undefined
Tree[7].chanA[2].para:Undefined
Tree[7].chanB[1].opcode:Undefined
Tree[7].chanB[1].para:Undefined
Tree[7].chanB[2].opcode:Undefined
Tree[7].chanB[2].para:Undefined
Tree[7].chanC[1].opcode:Undefined
Tree[7].chanC[1].para:Undefined
Tree[7].chanC[1].data:Undefined
Tree[7].chanC[1].dirty:Undefined
Tree[7].chanC[2].opcode:Undefined
Tree[7].chanC[2].para:Undefined
Tree[7].chanC[2].data:Undefined
Tree[7].chanC[2].dirty:Undefined
Tree[7].chanD[1].opcode:Undefined
Tree[7].chanD[1].para:Undefined
Tree[7].chanD[1].data:Undefined
Tree[7].chanD[2].opcode:Undefined
Tree[7].chanD[2].para:Undefined
Tree[7].chanD[2].data:Undefined
Tree[7].chanE[1].opcode:Undefined
Tree[7].chanE[2].opcode:Undefined
memData:dataType_2
auxData:dataType_2

===== Startstates generated! =====

Progress Report:

	100000 states explored in 49.34s, with 359677 rules fired and 50669 states in the queue.
	200000 states explored in 90.76s, with 705155 rules fired and 102681 states in the queue.
	300000 states explored in 139.84s, with 1113308 rules fired and 144508 states in the queue.
	400000 states explored in 194.96s, with 1568187 rules fired and 182111 states in the queue.
	500000 states explored in 236.70s, with 1905316 rules fired and 230818 states in the queue.
	600000 states explored in 285.02s, with 2305348 rules fired and 277886 states in the queue.
	700000 states explored in 336.02s, with 2720746 rules fired and 323316 states in the queue.
	800000 states explored in 366.78s, with 2970395 rules fired and 386572 states in the queue.
	900000 states explored in 424.87s, with 3444396 rules fired and 416823 states in the queue.
	1000000 states explored in 488.19s, with 3968384 rules fired and 448502 states in the queue.
	1100000 states explored in 535.86s, with 4358216 rules fired and 499795 states in the queue.
	1200000 states explored in 562.85s, with 4605601 rules fired and 562026 states in the queue.
	1300000 states explored in 586.21s, with 4825571 rules fired and 633832 states in the queue.
	1400000 states explored in 618.46s, with 5133345 rules fired and 696313 states in the queue.
	1500000 states explored in 669.48s, with 5619900 rules fired and 730189 states in the queue.
	1600000 states explored in 738.34s, with 6265809 rules fired and 741083 states in the queue.
	1700000 states explored in 814.38s, with 6893227 rules fired and 759528 states in the queue.
	1800000 states explored in 852.62s, with 7209221 rules fired and 809494 states in the queue.
	1900000 states explored in 890.79s, with 7526832 rules fired and 861946 states in the queue.
	2000000 states explored in 925.50s, with 7812884 rules fired and 925027 states in the queue.
	2100000 states explored in 964.89s, with 8137128 rules fired and 981302 states in the queue.
	2200000 states explored in 1018.40s, with 8583439 rules fired and 1021406 states in the queue.
	2300000 states explored in 1077.13s, with 9070978 rules fired and 1060290 states in the queue.
	2400000 states explored in 1138.41s, with 9576701 rules fired and 1096850 states in the queue.
	2500000 states explored in 1209.69s, with 10170566 rules fired and 1124145 states in the queue.

==========================================================================

Result:

	Invariant "test_reachable_state_128" failed.

State Space Explored:

	2596126 states, 10842450 rules fired in 1290.05s.

Analysis of State Space:

	There are rules that are never fired.
	If you are running with symmetry, this may be why.  Otherwise,
	please run this program with "-pr" for the rules information.
