This program should be regarded as a DEBUGGING aid, not as a 
certifier of correctness.
Call with the -l flag or read the license file for terms
and conditions of use.
Run this program with "-h" for the list of options.

Bugs, questions, and comments should be directed to
"melatti@di.uniroma1.it".

CMurphi compiler last modified date: Jul 24 2024
Include files last modified date:    Jul 23 2021
==========================================================================

==========================================================================
Caching Murphi Release 5.5.0
Finite-state Concurrent System Verifier.

Caching Murphi Release 5.5.0 is based on various versions of Murphi.
Caching Murphi Release 5.5.0 :
Copyright (C) 2009-2012 by Sapienza University of Rome.
Murphi release 3.1 :
Copyright (C) 1992 - 1999 by the Board of Trustees of
Leland Stanford Junior University.

==========================================================================

Protocol: ./protocols/exec/Godsont_node8/Godsont_node8_inv123
===========================================
  You are using LS algorithm.  
===========================================

===== Startstates are generated! =====
Carelist Layer 0: node[1].cache[1].state node[2].cache[1].state node[3].cache[1].state node[4].cache[1].state node[5].cache[1].state node[6].cache[1].state node[7].cache[1].state node[8].cache[1].state 
Carelist Layer 1: node[node].hasLock lock[node].beUsed lock[node].owner node[node].cache[node].state node[node].cache[node].addr lock[node].inProtection[node] 
Attr: lock[node].inProtection[node] Level: 1 Wi: 2
Attr: lock[node].owner Level: 1 Wi: 2
Attr: node[node].cache[node].state Level: 1 Wi: 2
Attr: node[node].hasLock Level: 1 Wi: 2
Attr: node[8].cache[1].state Level: 0 Wi: 4
Attr: node[7].cache[1].state Level: 0 Wi: 4
Attr: node[1].cache[1].state Level: 0 Wi: 4
Attr: node[3].cache[1].state Level: 0 Wi: 4
Attr: node[node].cache[node].addr Level: 1 Wi: 2
Attr: node[2].cache[1].state Level: 0 Wi: 4
Attr: node[4].cache[1].state Level: 0 Wi: 4
Attr: lock[node].beUsed Level: 1 Wi: 2
Attr: node[6].cache[1].state Level: 0 Wi: 4
Attr: node[5].cache[1].state Level: 0 Wi: 4

===== Init heuristics! =====

Progress Report:

	100000 states explored in 42.07s, with 115853 rules fired and 99928 states in the queue.
	200000 states explored in 42.96s, with 233861 rules fired and 199850 states in the queue.
	300000 states explored in 43.96s, with 363533 rules fired and 299548 states in the queue.
	400000 states explored in 44.97s, with 490878 rules fired and 399365 states in the queue.
	500000 states explored in 45.97s, with 616762 rules fired and 499238 states in the queue.
	600000 states explored in 46.95s, with 744577 rules fired and 599047 states in the queue.
	700000 states explored in 47.91s, with 871973 rules fired and 698869 states in the queue.
	800000 states explored in 48.85s, with 999232 rules fired and 798736 states in the queue.
	900000 states explored in 49.80s, with 1126555 rules fired and 898566 states in the queue.
	1000000 states explored in 50.78s, with 1254590 rules fired and 998395 states in the queue.
	1100000 states explored in 51.81s, with 1383408 rules fired and 1098092 states in the queue.
	1200000 states explored in 52.87s, with 1518362 rules fired and 1197916 states in the queue.
	1300000 states explored in 53.92s, with 1657702 rules fired and 1297842 states in the queue.
	1400000 states explored in 54.98s, with 1793827 rules fired and 1397702 states in the queue.
	1500000 states explored in 55.98s, with 1926445 rules fired and 1497568 states in the queue.
	1600000 states explored in 56.96s, with 2054838 rules fired and 1597443 states in the queue.
	1700000 states explored in 58.00s, with 2189948 rules fired and 1697342 states in the queue.
	1800000 states explored in 59.00s, with 2318956 rules fired and 1797135 states in the queue.
	1900000 states explored in 60.07s, with 2451365 rules fired and 1896945 states in the queue.
	2000000 states explored in 61.05s, with 2581505 rules fired and 1996837 states in the queue.
	2100000 states explored in 62.03s, with 2708608 rules fired and 2096744 states in the queue.
	2200000 states explored in 63.02s, with 2837353 rules fired and 2196655 states in the queue.
	2300000 states explored in 64.05s, with 2975214 rules fired and 2296548 states in the queue.
	2400000 states explored in 65.05s, with 3105873 rules fired and 2396329 states in the queue.
	2500000 states explored in 66.06s, with 3236327 rules fired and 2496190 states in the queue.
	2600000 states explored in 67.05s, with 3365900 rules fired and 2596034 states in the queue.
	2700000 states explored in 68.01s, with 3493146 rules fired and 2695935 states in the queue.
	2800000 states explored in 68.97s, with 3620946 rules fired and 2795811 states in the queue.
	2900000 states explored in 69.94s, with 3747757 rules fired and 2895719 states in the queue.
	3000000 states explored in 70.97s, with 3883044 rules fired and 2995601 states in the queue.
	3100000 states explored in 71.94s, with 4014794 rules fired and 3095343 states in the queue.
	3200000 states explored in 72.97s, with 4150305 rules fired and 3195199 states in the queue.
	3300000 states explored in 73.94s, with 4281993 rules fired and 3295005 states in the queue.
	3400000 states explored in 74.98s, with 4417919 rules fired and 3394851 states in the queue.
	3500000 states explored in 75.98s, with 4546994 rules fired and 3494642 states in the queue.
	3600000 states explored in 76.96s, with 4676021 rules fired and 3594504 states in the queue.
	3700000 states explored in 77.91s, with 4797205 rules fired and 3694371 states in the queue.
	3800000 states explored in 78.85s, with 4925252 rules fired and 3794222 states in the queue.
	3900000 states explored in 79.79s, with 5053485 rules fired and 3894122 states in the queue.
	4000000 states explored in 80.74s, with 5181739 rules fired and 3994013 states in the queue.
	4100000 states explored in 81.69s, with 5309661 rules fired and 4093909 states in the queue.
	4200000 states explored in 82.64s, with 5437263 rules fired and 4193809 states in the queue.
	4300000 states explored in 83.62s, with 5567337 rules fired and 4293708 states in the queue.
	4400000 states explored in 84.59s, with 5695954 rules fired and 4393608 states in the queue.
	4500000 states explored in 85.60s, with 5826892 rules fired and 4493458 states in the queue.
	4600000 states explored in 86.59s, with 5956822 rules fired and 4593316 states in the queue.
	4700000 states explored in 87.60s, with 6090421 rules fired and 4693152 states in the queue.
	4800000 states explored in 88.57s, with 6218840 rules fired and 4793008 states in the queue.
	4900000 states explored in 89.52s, with 6346586 rules fired and 4892915 states in the queue.
	5000000 states explored in 90.53s, with 6480013 rules fired and 4992737 states in the queue.
	5100000 states explored in 91.54s, with 6610363 rules fired and 5092514 states in the queue.
	5200000 states explored in 92.49s, with 6737781 rules fired and 5192416 states in the queue.
	5300000 states explored in 93.48s, with 6867424 rules fired and 5292159 states in the queue.
	5400000 states explored in 94.47s, with 6999670 rules fired and 5392029 states in the queue.
	5500000 states explored in 95.50s, with 7133057 rules fired and 5491789 states in the queue.
	5600000 states explored in 96.47s, with 7263374 rules fired and 5591682 states in the queue.
	5700000 states explored in 97.51s, with 7399498 rules fired and 5691429 states in the queue.
	5800000 states explored in 98.47s, with 7531395 rules fired and 5791220 states in the queue.
	5900000 states explored in 99.46s, with 7665470 rules fired and 5891094 states in the queue.
	6000000 states explored in 100.50s, with 7799871 rules fired and 5990839 states in the queue.
	6100000 states explored in 101.53s, with 7931594 rules fired and 6090586 states in the queue.
	6200000 states explored in 102.58s, with 8067431 rules fired and 6190444 states in the queue.
	6300000 states explored in 103.65s, with 8205224 rules fired and 6290040 states in the queue.
	6400000 states explored in 104.64s, with 8329577 rules fired and 6389839 states in the queue.
	6500000 states explored in 105.57s, with 8454920 rules fired and 6489706 states in the queue.
	6600000 states explored in 106.55s, with 8583079 rules fired and 6589568 states in the queue.
	6700000 states explored in 107.51s, with 8712815 rules fired and 6689471 states in the queue.
	6800000 states explored in 108.48s, with 8841988 rules fired and 6789343 states in the queue.
	6900000 states explored in 109.42s, with 8971524 rules fired and 6889249 states in the queue.
	7000000 states explored in 110.37s, with 9099656 rules fired and 6989145 states in the queue.
	7100000 states explored in 111.34s, with 9228638 rules fired and 7089040 states in the queue.
	7200000 states explored in 112.32s, with 9346068 rules fired and 7188658 states in the queue.
	7300000 states explored in 113.26s, with 9473440 rules fired and 7288550 states in the queue.
	7400000 states explored in 114.25s, with 9589510 rules fired and 7388092 states in the queue.
	7500000 states explored in 115.23s, with 9714454 rules fired and 7487800 states in the queue.
	7600000 states explored in 116.26s, with 9846040 rules fired and 7587522 states in the queue.
	7700000 states explored in 117.23s, with 9979020 rules fired and 7687343 states in the queue.
	7800000 states explored in 118.22s, with 10111101 rules fired and 7787200 states in the queue.
	7900000 states explored in 119.17s, with 10242831 rules fired and 7887086 states in the queue.
	8000000 states explored in 120.15s, with 10376582 rules fired and 7986918 states in the queue.
	8100000 states explored in 121.08s, with 10502517 rules fired and 8086682 states in the queue.
	8200000 states explored in 122.01s, with 10623735 rules fired and 8186488 states in the queue.
	8300000 states explored in 122.94s, with 10752607 rules fired and 8286351 states in the queue.
	8400000 states explored in 123.85s, with 10881187 rules fired and 8386241 states in the queue.
	8500000 states explored in 124.84s, with 11012296 rules fired and 8486134 states in the queue.
	8600000 states explored in 125.79s, with 11142152 rules fired and 8586011 states in the queue.
	8700000 states explored in 126.76s, with 11272844 rules fired and 8685908 states in the queue.
	8800000 states explored in 127.73s, with 11402402 rules fired and 8785779 states in the queue.
	8900000 states explored in 128.71s, with 11532989 rules fired and 8885623 states in the queue.
	9000000 states explored in 129.73s, with 11667994 rules fired and 8985472 states in the queue.
	9100000 states explored in 130.74s, with 11800768 rules fired and 9085235 states in the queue.
	9200000 states explored in 131.75s, with 11934388 rules fired and 9185022 states in the queue.
	9300000 states explored in 132.75s, with 12066803 rules fired and 9284721 states in the queue.
	9400000 states explored in 133.80s, with 12199414 rules fired and 9384370 states in the queue.
	9500000 states explored in 134.78s, with 12322855 rules fired and 9484220 states in the queue.
	9600000 states explored in 135.76s, with 12455057 rules fired and 9584107 states in the queue.
	9700000 states explored in 136.75s, with 12584790 rules fired and 9683994 states in the queue.
	9800000 states explored in 137.74s, with 12716385 rules fired and 9783889 states in the queue.
	9900000 states explored in 138.74s, with 12848692 rules fired and 9883783 states in the queue.
	10000000 states explored in 139.72s, with 12981280 rules fired and 9983693 states in the queue.
	10100000 states explored in 140.67s, with 13112099 rules fired and 10083601 states in the queue.
	10200000 states explored in 141.62s, with 13236437 rules fired and 10183391 states in the queue.
	10300000 states explored in 142.62s, with 13349189 rules fired and 10282965 states in the queue.
	10400000 states explored in 143.60s, with 13479470 rules fired and 10382837 states in the queue.
	10500000 states explored in 144.56s, with 13610115 rules fired and 10482749 states in the queue.
	10600000 states explored in 145.52s, with 13731731 rules fired and 10582424 states in the queue.
	10700000 states explored in 146.50s, with 13856948 rules fired and 10682179 states in the queue.
	10800000 states explored in 147.47s, with 13978285 rules fired and 10781742 states in the queue.
	10900000 states explored in 148.44s, with 14101728 rules fired and 10881429 states in the queue.
	11000000 states explored in 149.45s, with 14232060 rules fired and 10981167 states in the queue.
	11100000 states explored in 150.43s, with 14360900 rules fired and 11081002 states in the queue.
	11200000 states explored in 151.43s, with 14497588 rules fired and 11180860 states in the queue.
	11300000 states explored in 152.42s, with 14625380 rules fired and 11280619 states in the queue.
	11400000 states explored in 153.48s, with 14761767 rules fired and 11380311 states in the queue.
	11500000 states explored in 154.46s, with 14882891 rules fired and 11479882 states in the queue.
	11600000 states explored in 155.46s, with 15004667 rules fired and 11579432 states in the queue.
	11700000 states explored in 156.45s, with 15130327 rules fired and 11679154 states in the queue.
	11800000 states explored in 157.49s, with 15268447 rules fired and 11778978 states in the queue.
	11900000 states explored in 158.48s, with 15400916 rules fired and 11878743 states in the queue.
	12000000 states explored in 159.43s, with 15530626 rules fired and 11978588 states in the queue.
	12100000 states explored in 160.50s, with 15655395 rules fired and 12077840 states in the queue.
	12200000 states explored in 161.58s, with 15792025 rules fired and 12177509 states in the queue.
	12300000 states explored in 162.61s, with 15917406 rules fired and 12276872 states in the queue.
target state's depth is: 22

==========================================================================

Result:

	Invariant "test_123" failed.

State Space Explored:

	12345249 states, 15967577 rules fired in 163.05s.

Analysis of State Space:

	There are rules that are never fired.
	If you are running with symmetry, this may be why.  Otherwise,
	please run this program with "-pr" for the rules information.
