This program should be regarded as a DEBUGGING aid, not as a 
certifier of correctness.
Call with the -l flag or read the license file for terms
and conditions of use.
Run this program with "-h" for the list of options.

Bugs, questions, and comments should be directed to
"melatti@di.uniroma1.it".

CMurphi compiler last modified date: Jul 24 2024
Include files last modified date:    Jul 23 2021
==========================================================================

==========================================================================
Caching Murphi Release 5.5.0
Finite-state Concurrent System Verifier.

Caching Murphi Release 5.5.0 is based on various versions of Murphi.
Caching Murphi Release 5.5.0 :
Copyright (C) 2009-2012 by Sapienza University of Rome.
Murphi release 3.1 :
Copyright (C) 1992 - 1999 by the Board of Trustees of
Leland Stanford Junior University.

==========================================================================

Protocol: ./protocols/exec/Godsont_node8/Godsont_node8_inv250
===========================================
  You are using LS algorithm.  
===========================================

===== Startstates are generated! =====
Carelist Layer 0: node[1].cache[1].state node[2].cache[1].state node[3].cache[1].state node[4].cache[1].state node[5].cache[1].state node[6].cache[1].state node[7].cache[1].state node[8].cache[1].state 
Carelist Layer 1: node[node].hasLock lock[node].beUsed lock[node].owner node[node].cache[node].state node[node].cache[node].addr lock[node].inProtection[node] 
Attr: lock[node].inProtection[node] Level: 1 Wi: 2
Attr: lock[node].owner Level: 1 Wi: 2
Attr: node[node].cache[node].state Level: 1 Wi: 2
Attr: node[node].hasLock Level: 1 Wi: 2
Attr: node[8].cache[1].state Level: 0 Wi: 4
Attr: node[7].cache[1].state Level: 0 Wi: 4
Attr: node[1].cache[1].state Level: 0 Wi: 4
Attr: node[3].cache[1].state Level: 0 Wi: 4
Attr: node[node].cache[node].addr Level: 1 Wi: 2
Attr: node[2].cache[1].state Level: 0 Wi: 4
Attr: node[4].cache[1].state Level: 0 Wi: 4
Attr: lock[node].beUsed Level: 1 Wi: 2
Attr: node[6].cache[1].state Level: 0 Wi: 4
Attr: node[5].cache[1].state Level: 0 Wi: 4

===== Init heuristics! =====

Progress Report:

	100000 states explored in 29.15s, with 115853 rules fired and 99928 states in the queue.
	200000 states explored in 30.05s, with 233861 rules fired and 199850 states in the queue.
	300000 states explored in 31.05s, with 363533 rules fired and 299548 states in the queue.
	400000 states explored in 32.01s, with 490878 rules fired and 399365 states in the queue.
	500000 states explored in 32.93s, with 616762 rules fired and 499238 states in the queue.
	600000 states explored in 33.88s, with 744577 rules fired and 599047 states in the queue.
	700000 states explored in 34.79s, with 871973 rules fired and 698869 states in the queue.
	800000 states explored in 35.72s, with 999232 rules fired and 798736 states in the queue.
	900000 states explored in 36.65s, with 1126555 rules fired and 898566 states in the queue.
	1000000 states explored in 37.60s, with 1254590 rules fired and 998395 states in the queue.
	1100000 states explored in 38.56s, with 1383408 rules fired and 1098092 states in the queue.
	1200000 states explored in 39.57s, with 1518362 rules fired and 1197916 states in the queue.
	1300000 states explored in 40.59s, with 1657702 rules fired and 1297842 states in the queue.
	1400000 states explored in 41.62s, with 1793827 rules fired and 1397702 states in the queue.
	1500000 states explored in 42.61s, with 1926445 rules fired and 1497568 states in the queue.
	1600000 states explored in 43.57s, with 2054838 rules fired and 1597443 states in the queue.
	1700000 states explored in 44.57s, with 2189948 rules fired and 1697342 states in the queue.
	1800000 states explored in 45.44s, with 2311382 rules fired and 1797199 states in the queue.
	1900000 states explored in 46.35s, with 2438980 rules fired and 1897094 states in the queue.
	2000000 states explored in 47.26s, with 2566971 rules fired and 1996970 states in the queue.
	2100000 states explored in 48.19s, with 2696079 rules fired and 2096869 states in the queue.
	2200000 states explored in 49.12s, with 2823695 rules fired and 2196766 states in the queue.
	2300000 states explored in 50.05s, with 2952042 rules fired and 2296667 states in the queue.
	2400000 states explored in 50.96s, with 3081092 rules fired and 2396566 states in the queue.
	2500000 states explored in 51.85s, with 3209312 rules fired and 2496483 states in the queue.
	2600000 states explored in 52.74s, with 3338253 rules fired and 2596368 states in the queue.
	2700000 states explored in 53.70s, with 3468430 rules fired and 2696259 states in the queue.
	2800000 states explored in 54.67s, with 3603122 rules fired and 2796136 states in the queue.
	2900000 states explored in 55.68s, with 3741613 rules fired and 2895989 states in the queue.
	3000000 states explored in 56.67s, with 3873266 rules fired and 2995830 states in the queue.
	3100000 states explored in 57.66s, with 4008299 rules fired and 3095659 states in the queue.
	3200000 states explored in 58.61s, with 4136906 rules fired and 3195512 states in the queue.
	3300000 states explored in 59.65s, with 4270506 rules fired and 3295307 states in the queue.
	3400000 states explored in 60.63s, with 4402605 rules fired and 3395195 states in the queue.
	3500000 states explored in 61.58s, with 4532178 rules fired and 3495036 states in the queue.
	3600000 states explored in 62.54s, with 4664074 rules fired and 3594920 states in the queue.
	3700000 states explored in 63.47s, with 4792548 rules fired and 3694832 states in the queue.
	3800000 states explored in 64.44s, with 4924033 rules fired and 3794724 states in the queue.
	3900000 states explored in 65.43s, with 5059872 rules fired and 3894587 states in the queue.
	4000000 states explored in 66.43s, with 5193031 rules fired and 3994359 states in the queue.
	4100000 states explored in 67.37s, with 5321830 rules fired and 4094164 states in the queue.
	4200000 states explored in 68.37s, with 5454784 rules fired and 4193953 states in the queue.
	4300000 states explored in 69.36s, with 5584486 rules fired and 4293823 states in the queue.
	4400000 states explored in 70.32s, with 5715427 rules fired and 4393691 states in the queue.
	4500000 states explored in 71.28s, with 5845851 rules fired and 4493577 states in the queue.
	4600000 states explored in 72.21s, with 5974310 rules fired and 4593449 states in the queue.
	4700000 states explored in 73.16s, with 6101342 rules fired and 4693270 states in the queue.
	4800000 states explored in 74.16s, with 6232521 rules fired and 4793150 states in the queue.
	4900000 states explored in 75.16s, with 6366813 rules fired and 4892898 states in the queue.
	5000000 states explored in 76.20s, with 6499681 rules fired and 4992736 states in the queue.
	5100000 states explored in 77.23s, with 6638721 rules fired and 5092554 states in the queue.
	5200000 states explored in 78.24s, with 6775095 rules fired and 5192438 states in the queue.
	5300000 states explored in 79.21s, with 6907357 rules fired and 5292211 states in the queue.
	5400000 states explored in 80.22s, with 7044954 rules fired and 5392048 states in the queue.
	5500000 states explored in 81.25s, with 7180774 rules fired and 5491821 states in the queue.
	5600000 states explored in 82.23s, with 7310124 rules fired and 5591602 states in the queue.
	5700000 states explored in 83.18s, with 7440176 rules fired and 5691452 states in the queue.
	5800000 states explored in 84.15s, with 7572078 rules fired and 5791228 states in the queue.
	5900000 states explored in 85.03s, with 7692664 rules fired and 5891031 states in the queue.
	6000000 states explored in 85.93s, with 7821049 rules fired and 5990921 states in the queue.
	6100000 states explored in 86.83s, with 7949868 rules fired and 6090822 states in the queue.
	6200000 states explored in 87.75s, with 8076782 rules fired and 6190711 states in the queue.
	6300000 states explored in 88.68s, with 8205171 rules fired and 6290601 states in the queue.
	6400000 states explored in 89.62s, with 8334618 rules fired and 6390503 states in the queue.
	6500000 states explored in 90.57s, with 8463591 rules fired and 6490402 states in the queue.
	6600000 states explored in 91.49s, with 8592295 rules fired and 6590314 states in the queue.
	6700000 states explored in 92.41s, with 8720216 rules fired and 6690188 states in the queue.
	6800000 states explored in 93.40s, with 8849029 rules fired and 6790000 states in the queue.
	6900000 states explored in 94.34s, with 8976986 rules fired and 6889899 states in the queue.
	7000000 states explored in 95.36s, with 9106088 rules fired and 6989714 states in the queue.
	7100000 states explored in 96.29s, with 9216447 rules fired and 7089336 states in the queue.
	7200000 states explored in 97.22s, with 9340668 rules fired and 7189152 states in the queue.
	7300000 states explored in 98.11s, with 9468739 rules fired and 7289053 states in the queue.
	7400000 states explored in 99.07s, with 9595840 rules fired and 7388844 states in the queue.
	7500000 states explored in 100.05s, with 9724459 rules fired and 7488625 states in the queue.
	7600000 states explored in 100.98s, with 9854540 rules fired and 7588475 states in the queue.
	7700000 states explored in 101.95s, with 9986266 rules fired and 7688274 states in the queue.
	7800000 states explored in 102.91s, with 10116603 rules fired and 7788108 states in the queue.
	7900000 states explored in 103.85s, with 10247363 rules fired and 7887998 states in the queue.
	8000000 states explored in 104.82s, with 10381235 rules fired and 7987828 states in the queue.
	8100000 states explored in 105.77s, with 10514930 rules fired and 8087703 states in the queue.
	8200000 states explored in 106.70s, with 10644993 rules fired and 8187600 states in the queue.
	8300000 states explored in 107.62s, with 10773913 rules fired and 8287466 states in the queue.
	8400000 states explored in 108.58s, with 10907978 rules fired and 8387254 states in the queue.
	8500000 states explored in 109.55s, with 11037926 rules fired and 8487106 states in the queue.
	8600000 states explored in 110.43s, with 11166317 rules fired and 8586981 states in the queue.
	8700000 states explored in 111.36s, with 11296615 rules fired and 8686872 states in the queue.
	8800000 states explored in 112.29s, with 11426767 rules fired and 8786785 states in the queue.
	8900000 states explored in 113.27s, with 11563807 rules fired and 8886693 states in the queue.
	9000000 states explored in 114.27s, with 11698261 rules fired and 8986460 states in the queue.
	9100000 states explored in 115.16s, with 11827548 rules fired and 9086366 states in the queue.
	9200000 states explored in 116.15s, with 11964888 rules fired and 9186075 states in the queue.
	9300000 states explored in 117.06s, with 12096643 rules fired and 9285945 states in the queue.
	9400000 states explored in 118.01s, with 12229254 rules fired and 9385773 states in the queue.
	9500000 states explored in 118.92s, with 12359631 rules fired and 9485677 states in the queue.
	9600000 states explored in 119.92s, with 12499356 rules fired and 9585525 states in the queue.
	9700000 states explored in 120.92s, with 12627302 rules fired and 9685214 states in the queue.
	9800000 states explored in 121.91s, with 12757319 rules fired and 9784956 states in the queue.
	9900000 states explored in 122.91s, with 12890974 rules fired and 9884695 states in the queue.
	10000000 states explored in 123.89s, with 13026684 rules fired and 9984505 states in the queue.
	10100000 states explored in 124.85s, with 13163229 rules fired and 10084332 states in the queue.
	10200000 states explored in 125.81s, with 13299806 rules fired and 10184194 states in the queue.
	10300000 states explored in 126.77s, with 13435161 rules fired and 10284044 states in the queue.
	10400000 states explored in 127.80s, with 13573789 rules fired and 10383772 states in the queue.
	10500000 states explored in 128.86s, with 13708273 rules fired and 10483422 states in the queue.
	10600000 states explored in 129.86s, with 13837836 rules fired and 10583105 states in the queue.
	10700000 states explored in 130.83s, with 13951136 rules fired and 10682717 states in the queue.
	10800000 states explored in 131.75s, with 14079386 rules fired and 10782597 states in the queue.
	10900000 states explored in 132.70s, with 14196235 rules fired and 10882338 states in the queue.
	11000000 states explored in 133.60s, with 14325157 rules fired and 10982198 states in the queue.
	11100000 states explored in 134.52s, with 14455588 rules fired and 11082078 states in the queue.
	11200000 states explored in 135.43s, with 14585454 rules fired and 11181966 states in the queue.
	11300000 states explored in 136.34s, with 14714035 rules fired and 11281838 states in the queue.
	11400000 states explored in 137.26s, with 14842867 rules fired and 11381721 states in the queue.
	11500000 states explored in 138.17s, with 14973324 rules fired and 11481637 states in the queue.
	11600000 states explored in 139.10s, with 15090646 rules fired and 11581244 states in the queue.
	11700000 states explored in 140.00s, with 15217062 rules fired and 11681079 states in the queue.
	11800000 states explored in 140.93s, with 15333163 rules fired and 11780723 states in the queue.
	11900000 states explored in 141.81s, with 15460337 rules fired and 11880612 states in the queue.
	12000000 states explored in 142.72s, with 15591826 rules fired and 11980491 states in the queue.
	12100000 states explored in 143.63s, with 15721427 rules fired and 12080376 states in the queue.
	12200000 states explored in 144.54s, with 15851566 rules fired and 12180264 states in the queue.
	12300000 states explored in 145.49s, with 15981330 rules fired and 12280134 states in the queue.
	12400000 states explored in 146.43s, with 16111251 rules fired and 12380020 states in the queue.
	12500000 states explored in 147.36s, with 16236326 rules fired and 12479852 states in the queue.
	12600000 states explored in 148.27s, with 16366885 rules fired and 12579738 states in the queue.
	12700000 states explored in 149.19s, with 16497757 rules fired and 12679628 states in the queue.
	12800000 states explored in 150.13s, with 16628428 rules fired and 12779498 states in the queue.
	12900000 states explored in 151.08s, with 16760101 rules fired and 12879367 states in the queue.
	13000000 states explored in 152.02s, with 16890722 rules fired and 12979255 states in the queue.
	13100000 states explored in 152.95s, with 17019023 rules fired and 13078917 states in the queue.
	13200000 states explored in 153.88s, with 17144996 rules fired and 13178641 states in the queue.
	13300000 states explored in 154.81s, with 17264161 rules fired and 13278274 states in the queue.
	13400000 states explored in 155.75s, with 17392068 rules fired and 13378132 states in the queue.
	13500000 states explored in 156.66s, with 17521285 rules fired and 13478025 states in the queue.
	13600000 states explored in 157.59s, with 17650471 rules fired and 13577916 states in the queue.
	13700000 states explored in 158.54s, with 17778923 rules fired and 13677811 states in the queue.
	13800000 states explored in 159.48s, with 17907644 rules fired and 13777712 states in the queue.
	13900000 states explored in 160.43s, with 18036753 rules fired and 13877614 states in the queue.
	14000000 states explored in 161.38s, with 18167118 rules fired and 13977517 states in the queue.
	14100000 states explored in 162.33s, with 18298839 rules fired and 14077352 states in the queue.
	14200000 states explored in 163.27s, with 18429756 rules fired and 14177247 states in the queue.
	14300000 states explored in 164.24s, with 18563305 rules fired and 14277153 states in the queue.
	14400000 states explored in 165.19s, with 18695208 rules fired and 14377037 states in the queue.
	14500000 states explored in 166.20s, with 18830044 rules fired and 14476799 states in the queue.
	14600000 states explored in 167.22s, with 18965495 rules fired and 14576685 states in the queue.
	14700000 states explored in 168.14s, with 19094868 rules fired and 14676577 states in the queue.
	14800000 states explored in 169.13s, with 19228901 rules fired and 14776438 states in the queue.
	14900000 states explored in 170.10s, with 19359209 rules fired and 14876281 states in the queue.
	15000000 states explored in 171.07s, with 19490854 rules fired and 14976144 states in the queue.
	15100000 states explored in 172.04s, with 19623883 rules fired and 15075991 states in the queue.
	15200000 states explored in 172.98s, with 19755072 rules fired and 15175873 states in the queue.
	15300000 states explored in 173.94s, with 19886732 rules fired and 15275745 states in the queue.
	15400000 states explored in 174.93s, with 20020306 rules fired and 15375600 states in the queue.
	15500000 states explored in 175.87s, with 20132607 rules fired and 15475221 states in the queue.
	15600000 states explored in 176.84s, with 20246084 rules fired and 15574872 states in the queue.
	15700000 states explored in 177.83s, with 20366785 rules fired and 15674547 states in the queue.
	15800000 states explored in 178.82s, with 20498089 rules fired and 15774449 states in the queue.
	15900000 states explored in 179.84s, with 20628350 rules fired and 15874184 states in the queue.
	16000000 states explored in 180.77s, with 20758885 rules fired and 15974086 states in the queue.
	16100000 states explored in 181.74s, with 20886042 rules fired and 16073863 states in the queue.
	16200000 states explored in 182.71s, with 21018867 rules fired and 16173708 states in the queue.
	16300000 states explored in 183.63s, with 21147025 rules fired and 16273572 states in the queue.
	16400000 states explored in 184.58s, with 21276120 rules fired and 16373476 states in the queue.
	16500000 states explored in 185.53s, with 21404650 rules fired and 16473342 states in the queue.
	16600000 states explored in 186.52s, with 21536564 rules fired and 16573155 states in the queue.
	16700000 states explored in 187.49s, with 21667864 rules fired and 16673063 states in the queue.
	16800000 states explored in 188.49s, with 21799799 rules fired and 16772897 states in the queue.
	16900000 states explored in 189.53s, with 21930349 rules fired and 16872721 states in the queue.
	17000000 states explored in 190.53s, with 22057918 rules fired and 16972522 states in the queue.
	17100000 states explored in 191.54s, with 22189803 rules fired and 17072317 states in the queue.
	17200000 states explored in 192.52s, with 22322789 rules fired and 17172133 states in the queue.
	17300000 states explored in 193.51s, with 22457304 rules fired and 17271951 states in the queue.
	17400000 states explored in 194.50s, with 22590479 rules fired and 17371740 states in the queue.
	17500000 states explored in 195.46s, with 22719714 rules fired and 17471543 states in the queue.
	17600000 states explored in 196.46s, with 22846253 rules fired and 17571215 states in the queue.
	17700000 states explored in 197.45s, with 22970782 rules fired and 17670848 states in the queue.
	17800000 states explored in 198.46s, with 23096200 rules fired and 17770540 states in the queue.
	17900000 states explored in 199.52s, with 23225125 rules fired and 17870183 states in the queue.
	18000000 states explored in 200.60s, with 23357581 rules fired and 17969679 states in the queue.
	18100000 states explored in 201.63s, with 23492281 rules fired and 18069408 states in the queue.
	18200000 states explored in 202.65s, with 23623043 rules fired and 18169004 states in the queue.
	18300000 states explored in 203.64s, with 23740393 rules fired and 18268522 states in the queue.
	18400000 states explored in 204.60s, with 23861235 rules fired and 18368267 states in the queue.
	18500000 states explored in 205.55s, with 23978187 rules fired and 18467906 states in the queue.
	18600000 states explored in 206.49s, with 24090399 rules fired and 18567461 states in the queue.
	18700000 states explored in 207.43s, with 24204480 rules fired and 18667066 states in the queue.
	18800000 states explored in 208.36s, with 24321172 rules fired and 18766753 states in the queue.
	18900000 states explored in 209.31s, with 24450454 rules fired and 18866623 states in the queue.
	19000000 states explored in 210.27s, with 24581547 rules fired and 18966501 states in the queue.
	19100000 states explored in 211.21s, with 24700812 rules fired and 19065981 states in the queue.
	19200000 states explored in 212.16s, with 24814464 rules fired and 19165398 states in the queue.
	19300000 states explored in 213.11s, with 24931124 rules fired and 19265121 states in the queue.
	19400000 states explored in 214.07s, with 25058136 rules fired and 19364963 states in the queue.
	19500000 states explored in 215.02s, with 25188020 rules fired and 19464870 states in the queue.
	19600000 states explored in 215.99s, with 25313825 rules fired and 19564664 states in the queue.
	19700000 states explored in 216.92s, with 25435954 rules fired and 19664445 states in the queue.
	19800000 states explored in 217.89s, with 25544986 rules fired and 19763937 states in the queue.
	19900000 states explored in 218.83s, with 25667396 rules fired and 19863679 states in the queue.
	20000000 states explored in 219.76s, with 25777478 rules fired and 19963273 states in the queue.
	20100000 states explored in 220.73s, with 25893233 rules fired and 20062942 states in the queue.
	20200000 states explored in 221.70s, with 26021701 rules fired and 20162722 states in the queue.
	20300000 states explored in 222.68s, with 26153265 rules fired and 20262614 states in the queue.
	20400000 states explored in 223.68s, with 26287324 rules fired and 20362453 states in the queue.
	20500000 states explored in 224.67s, with 26421497 rules fired and 20462366 states in the queue.
	20600000 states explored in 225.64s, with 26555019 rules fired and 20562244 states in the queue.
	20700000 states explored in 226.57s, with 26674076 rules fired and 20661997 states in the queue.
	20800000 states explored in 227.47s, with 26799061 rules fired and 20761862 states in the queue.
	20900000 states explored in 228.41s, with 26925291 rules fired and 20861747 states in the queue.
	21000000 states explored in 229.34s, with 27050494 rules fired and 20961616 states in the queue.
	21100000 states explored in 230.28s, with 27177373 rules fired and 21061498 states in the queue.
	21200000 states explored in 231.21s, with 27304977 rules fired and 21161389 states in the queue.
	21300000 states explored in 232.13s, with 27434076 rules fired and 21261269 states in the queue.
	21400000 states explored in 233.12s, with 27568391 rules fired and 21361143 states in the queue.
	21500000 states explored in 234.09s, with 27690707 rules fired and 21460743 states in the queue.
	21600000 states explored in 235.13s, with 27813895 rules fired and 21560080 states in the queue.
	21700000 states explored in 236.07s, with 27943172 rules fired and 21659949 states in the queue.
	21800000 states explored in 237.07s, with 28072868 rules fired and 21759755 states in the queue.
	21900000 states explored in 238.03s, with 28202157 rules fired and 21859584 states in the queue.
	22000000 states explored in 238.99s, with 28331671 rules fired and 21959487 states in the queue.
	22100000 states explored in 239.95s, with 28462061 rules fired and 22059388 states in the queue.
	22200000 states explored in 241.01s, with 28600009 rules fired and 22159281 states in the queue.
	22300000 states explored in 242.03s, with 28734295 rules fired and 22259129 states in the queue.
	22400000 states explored in 243.03s, with 28863185 rules fired and 22359028 states in the queue.
	22500000 states explored in 244.04s, with 28996223 rules fired and 22458888 states in the queue.
	22600000 states explored in 245.08s, with 29132732 rules fired and 22558773 states in the queue.
	22700000 states explored in 246.11s, with 29268103 rules fired and 22658508 states in the queue.
	22800000 states explored in 247.15s, with 29406042 rules fired and 22758407 states in the queue.
	22900000 states explored in 248.15s, with 29542029 rules fired and 22858204 states in the queue.
	23000000 states explored in 249.12s, with 29674224 rules fired and 22958027 states in the queue.
	23100000 states explored in 250.18s, with 29816292 rules fired and 23057818 states in the queue.
	23200000 states explored in 251.20s, with 29954646 rules fired and 23157524 states in the queue.
	23300000 states explored in 252.20s, with 30090374 rules fired and 23257271 states in the queue.
	23400000 states explored in 253.25s, with 30232793 rules fired and 23357052 states in the queue.
	23500000 states explored in 254.28s, with 30372278 rules fired and 23456940 states in the queue.
	23600000 states explored in 255.34s, with 30510298 rules fired and 23556636 states in the queue.
	23700000 states explored in 256.33s, with 30642649 rules fired and 23656491 states in the queue.
	23800000 states explored in 257.32s, with 30772832 rules fired and 23756290 states in the queue.
	23900000 states explored in 258.25s, with 30901616 rules fired and 23856144 states in the queue.
	24000000 states explored in 259.17s, with 31030931 rules fired and 23956000 states in the queue.
	24100000 states explored in 260.12s, with 31160589 rules fired and 24055896 states in the queue.
	24200000 states explored in 261.08s, with 31289896 rules fired and 24155770 states in the queue.
	24300000 states explored in 262.03s, with 31419843 rules fired and 24255664 states in the queue.
	24400000 states explored in 262.98s, with 31548579 rules fired and 24355514 states in the queue.
	24500000 states explored in 263.89s, with 31666152 rules fired and 24455145 states in the queue.
	24600000 states explored in 264.83s, with 31786823 rules fired and 24554852 states in the queue.
	24700000 states explored in 265.79s, with 31907059 rules fired and 24654571 states in the queue.
	24800000 states explored in 266.71s, with 32037041 rules fired and 24754459 states in the queue.
	24900000 states explored in 267.64s, with 32169064 rules fired and 24854350 states in the queue.
	25000000 states explored in 268.61s, with 32300721 rules fired and 24954219 states in the queue.
	25100000 states explored in 269.55s, with 32431295 rules fired and 25054095 states in the queue.
	25200000 states explored in 270.51s, with 32561924 rules fired and 25153969 states in the queue.
	25300000 states explored in 271.50s, with 32693485 rules fired and 25253777 states in the queue.
	25400000 states explored in 272.52s, with 32819717 rules fired and 25353189 states in the queue.
	25500000 states explored in 273.48s, with 32947976 rules fired and 25452838 states in the queue.
	25600000 states explored in 274.45s, with 33078366 rules fired and 25552650 states in the queue.
	25700000 states explored in 275.43s, with 33204964 rules fired and 25652258 states in the queue.
	25800000 states explored in 276.39s, with 33332165 rules fired and 25751982 states in the queue.
	25900000 states explored in 277.35s, with 33460538 rules fired and 25851685 states in the queue.
	26000000 states explored in 278.36s, with 33590220 rules fired and 25951230 states in the queue.
	26100000 states explored in 279.31s, with 33718845 rules fired and 26050930 states in the queue.
	26200000 states explored in 280.25s, with 33851675 rules fired and 26150717 states in the queue.
	26300000 states explored in 281.19s, with 33982311 rules fired and 26250578 states in the queue.
	26400000 states explored in 282.16s, with 34112591 rules fired and 26350290 states in the queue.
	26500000 states explored in 283.16s, with 34243777 rules fired and 26449937 states in the queue.
	26600000 states explored in 284.19s, with 34376641 rules fired and 26549532 states in the queue.
	26700000 states explored in 285.20s, with 34505424 rules fired and 26649057 states in the queue.
	26800000 states explored in 286.12s, with 34633831 rules fired and 26748942 states in the queue.
	26900000 states explored in 287.04s, with 34762595 rules fired and 26848844 states in the queue.
	27000000 states explored in 288.02s, with 34898281 rules fired and 26948640 states in the queue.
	27100000 states explored in 289.07s, with 35032277 rules fired and 27048213 states in the queue.
	27200000 states explored in 290.08s, with 35164109 rules fired and 27147791 states in the queue.
	27300000 states explored in 291.03s, with 35295639 rules fired and 27247502 states in the queue.
	27400000 states explored in 292.03s, with 35429158 rules fired and 27347096 states in the queue.
	27500000 states explored in 292.97s, with 35551323 rules fired and 27446533 states in the queue.
	27600000 states explored in 293.96s, with 35686990 rules fired and 27546324 states in the queue.
	27700000 states explored in 294.92s, with 35820822 rules fired and 27646184 states in the queue.
	27800000 states explored in 295.90s, with 35954561 rules fired and 27745997 states in the queue.
	27900000 states explored in 296.83s, with 36086303 rules fired and 27845906 states in the queue.
	28000000 states explored in 297.78s, with 36222760 rules fired and 27945799 states in the queue.
	28100000 states explored in 298.78s, with 36359587 rules fired and 28045600 states in the queue.
	28200000 states explored in 299.72s, with 36491687 rules fired and 28145490 states in the queue.
	28300000 states explored in 300.73s, with 36628264 rules fired and 28245376 states in the queue.
	28400000 states explored in 301.72s, with 36762447 rules fired and 28345203 states in the queue.
	28500000 states explored in 302.72s, with 36897444 rules fired and 28445029 states in the queue.
	28600000 states explored in 303.71s, with 37034628 rules fired and 28544898 states in the queue.
	28700000 states explored in 304.65s, with 37168018 rules fired and 28644752 states in the queue.
	28800000 states explored in 305.60s, with 37300988 rules fired and 28744645 states in the queue.
	28900000 states explored in 306.59s, with 37438785 rules fired and 28844457 states in the queue.
	29000000 states explored in 307.59s, with 37575681 rules fired and 28944244 states in the queue.
	29100000 states explored in 308.54s, with 37709310 rules fired and 29044071 states in the queue.
	29200000 states explored in 309.49s, with 37842390 rules fired and 29143944 states in the queue.
	29300000 states explored in 310.48s, with 37980209 rules fired and 29243843 states in the queue.
	29400000 states explored in 311.48s, with 38120275 rules fired and 29343641 states in the queue.
	29500000 states explored in 312.41s, with 38255698 rules fired and 29443519 states in the queue.
	29600000 states explored in 313.39s, with 38394148 rules fired and 29543349 states in the queue.
	29700000 states explored in 314.38s, with 38532509 rules fired and 29643111 states in the queue.
	29800000 states explored in 315.32s, with 38668206 rules fired and 29742965 states in the queue.
	29900000 states explored in 316.34s, with 38807310 rules fired and 29842751 states in the queue.
	30000000 states explored in 317.35s, with 38946938 rules fired and 29942526 states in the queue.
	30100000 states explored in 318.37s, with 39088294 rules fired and 30042305 states in the queue.
	30200000 states explored in 319.39s, with 39229235 rules fired and 30142081 states in the queue.
	30300000 states explored in 320.41s, with 39368902 rules fired and 30241815 states in the queue.
	30400000 states explored in 321.45s, with 39509555 rules fired and 30341564 states in the queue.
target state's depth is: 20

==========================================================================

Result:

	Invariant "test_250" failed.

State Space Explored:

	30430510 states, 39550794 rules fired in 321.76s.

Analysis of State Space:

	There are rules that are never fired.
	If you are running with symmetry, this may be why.  Otherwise,
	please run this program with "-pr" for the rules information.
