This program should be regarded as a DEBUGGING aid, not as a 
certifier of correctness.
Call with the -l flag or read the license file for terms
and conditions of use.
Run this program with "-h" for the list of options.

Bugs, questions, and comments should be directed to
"melatti@di.uniroma1.it".

CMurphi compiler last modified date: Jul 24 2024
Include files last modified date:    Jul 23 2021
==========================================================================

==========================================================================
Caching Murphi Release 5.5.0
Finite-state Concurrent System Verifier.

Caching Murphi Release 5.5.0 is based on various versions of Murphi.
Caching Murphi Release 5.5.0 :
Copyright (C) 2009-2012 by Sapienza University of Rome.
Murphi release 3.1 :
Copyright (C) 1992 - 1999 by the Board of Trustees of
Leland Stanford Junior University.

==========================================================================

Protocol: ./protocols/exec/Godsont_node8/Godsont_node8_inv192
===========================================
  You are using LS algorithm.  
===========================================

===== Startstates are generated! =====
Carelist Layer 0: node[1].cache[1].state node[2].cache[1].state node[3].cache[1].state node[4].cache[1].state node[5].cache[1].state node[6].cache[1].state node[7].cache[1].state node[8].cache[1].state 
Carelist Layer 1: node[node].hasLock lock[node].beUsed lock[node].owner node[node].cache[node].state node[node].cache[node].addr lock[node].inProtection[node] 
Attr: lock[node].inProtection[node] Level: 1 Wi: 2
Attr: lock[node].owner Level: 1 Wi: 2
Attr: node[node].cache[node].state Level: 1 Wi: 2
Attr: node[node].hasLock Level: 1 Wi: 2
Attr: node[8].cache[1].state Level: 0 Wi: 4
Attr: node[7].cache[1].state Level: 0 Wi: 4
Attr: node[1].cache[1].state Level: 0 Wi: 4
Attr: node[3].cache[1].state Level: 0 Wi: 4
Attr: node[node].cache[node].addr Level: 1 Wi: 2
Attr: node[2].cache[1].state Level: 0 Wi: 4
Attr: node[4].cache[1].state Level: 0 Wi: 4
Attr: lock[node].beUsed Level: 1 Wi: 2
Attr: node[6].cache[1].state Level: 0 Wi: 4
Attr: node[5].cache[1].state Level: 0 Wi: 4

===== Init heuristics! =====

Progress Report:

	100000 states explored in 27.35s, with 115853 rules fired and 99928 states in the queue.
	200000 states explored in 28.24s, with 233861 rules fired and 199850 states in the queue.
	300000 states explored in 29.22s, with 363533 rules fired and 299548 states in the queue.
	400000 states explored in 30.15s, with 490878 rules fired and 399365 states in the queue.
	500000 states explored in 31.05s, with 616762 rules fired and 499238 states in the queue.
	600000 states explored in 32.00s, with 744577 rules fired and 599047 states in the queue.
	700000 states explored in 32.91s, with 871973 rules fired and 698869 states in the queue.
	800000 states explored in 33.85s, with 999232 rules fired and 798736 states in the queue.
	900000 states explored in 34.80s, with 1126555 rules fired and 898566 states in the queue.
	1000000 states explored in 35.76s, with 1254590 rules fired and 998395 states in the queue.
	1100000 states explored in 36.73s, with 1383408 rules fired and 1098092 states in the queue.
	1200000 states explored in 38.53s, with 1518362 rules fired and 1197916 states in the queue.
	1300000 states explored in 40.84s, with 1657702 rules fired and 1297842 states in the queue.
	1400000 states explored in 42.44s, with 1793827 rules fired and 1397702 states in the queue.
	1500000 states explored in 43.43s, with 1926445 rules fired and 1497568 states in the queue.
	1600000 states explored in 44.35s, with 2054838 rules fired and 1597443 states in the queue.
	1700000 states explored in 45.34s, with 2189948 rules fired and 1697342 states in the queue.
	1800000 states explored in 46.23s, with 2311382 rules fired and 1797199 states in the queue.
	1900000 states explored in 47.13s, with 2438980 rules fired and 1897094 states in the queue.
	2000000 states explored in 48.05s, with 2566971 rules fired and 1996970 states in the queue.
	2100000 states explored in 49.01s, with 2696079 rules fired and 2096869 states in the queue.
	2200000 states explored in 49.93s, with 2823695 rules fired and 2196766 states in the queue.
	2300000 states explored in 50.84s, with 2952042 rules fired and 2296667 states in the queue.
	2400000 states explored in 51.79s, with 3081092 rules fired and 2396566 states in the queue.
	2500000 states explored in 52.71s, with 3209312 rules fired and 2496483 states in the queue.
	2600000 states explored in 53.63s, with 3338253 rules fired and 2596368 states in the queue.
	2700000 states explored in 54.59s, with 3468430 rules fired and 2696259 states in the queue.
	2800000 states explored in 55.58s, with 3603122 rules fired and 2796136 states in the queue.
	2900000 states explored in 56.60s, with 3741613 rules fired and 2895989 states in the queue.
	3000000 states explored in 57.59s, with 3873266 rules fired and 2995830 states in the queue.
	3100000 states explored in 58.59s, with 4008299 rules fired and 3095659 states in the queue.
	3200000 states explored in 59.55s, with 4136906 rules fired and 3195512 states in the queue.
	3300000 states explored in 60.60s, with 4270506 rules fired and 3295307 states in the queue.
	3400000 states explored in 61.61s, with 4402605 rules fired and 3395195 states in the queue.
	3500000 states explored in 62.56s, with 4532178 rules fired and 3495036 states in the queue.
	3600000 states explored in 63.52s, with 4664074 rules fired and 3594920 states in the queue.
	3700000 states explored in 64.45s, with 4792548 rules fired and 3694832 states in the queue.
	3800000 states explored in 65.43s, with 4924033 rules fired and 3794724 states in the queue.
	3900000 states explored in 66.44s, with 5059872 rules fired and 3894587 states in the queue.
	4000000 states explored in 67.47s, with 5193031 rules fired and 3994359 states in the queue.
	4100000 states explored in 68.41s, with 5321830 rules fired and 4094164 states in the queue.
	4200000 states explored in 69.42s, with 5454784 rules fired and 4193953 states in the queue.
	4300000 states explored in 70.41s, with 5584486 rules fired and 4293823 states in the queue.
	4400000 states explored in 71.37s, with 5715427 rules fired and 4393691 states in the queue.
	4500000 states explored in 72.34s, with 5845851 rules fired and 4493577 states in the queue.
	4600000 states explored in 73.29s, with 5974310 rules fired and 4593449 states in the queue.
	4700000 states explored in 74.24s, with 6101342 rules fired and 4693270 states in the queue.
	4800000 states explored in 75.23s, with 6232521 rules fired and 4793150 states in the queue.
	4900000 states explored in 76.22s, with 6366813 rules fired and 4892898 states in the queue.
	5000000 states explored in 77.24s, with 6499681 rules fired and 4992736 states in the queue.
	5100000 states explored in 78.26s, with 6638721 rules fired and 5092554 states in the queue.
	5200000 states explored in 79.25s, with 6775095 rules fired and 5192438 states in the queue.
	5300000 states explored in 80.25s, with 6907357 rules fired and 5292211 states in the queue.
	5400000 states explored in 81.27s, with 7044954 rules fired and 5392048 states in the queue.
	5500000 states explored in 82.30s, with 7180774 rules fired and 5491821 states in the queue.
	5600000 states explored in 83.28s, with 7310124 rules fired and 5591602 states in the queue.
	5700000 states explored in 84.27s, with 7440176 rules fired and 5691452 states in the queue.
	5800000 states explored in 85.27s, with 7572078 rules fired and 5791228 states in the queue.
	5900000 states explored in 86.18s, with 7692664 rules fired and 5891031 states in the queue.
	6000000 states explored in 87.20s, with 7821049 rules fired and 5990921 states in the queue.
	6100000 states explored in 88.70s, with 7949868 rules fired and 6090822 states in the queue.
	6200000 states explored in 90.31s, with 8076782 rules fired and 6190711 states in the queue.
	6300000 states explored in 91.92s, with 8205171 rules fired and 6290601 states in the queue.
	6400000 states explored in 93.30s, with 8334618 rules fired and 6390503 states in the queue.
	6500000 states explored in 94.34s, with 8463591 rules fired and 6490402 states in the queue.
	6600000 states explored in 95.28s, with 8592295 rules fired and 6590314 states in the queue.
	6700000 states explored in 96.21s, with 8720216 rules fired and 6690188 states in the queue.
	6800000 states explored in 97.20s, with 8849029 rules fired and 6790000 states in the queue.
	6900000 states explored in 98.10s, with 8976986 rules fired and 6889899 states in the queue.
	7000000 states explored in 99.11s, with 9108917 rules fired and 6989725 states in the queue.
	7100000 states explored in 100.03s, with 9224053 rules fired and 7089389 states in the queue.
	7200000 states explored in 100.96s, with 9345141 rules fired and 7189149 states in the queue.
	7300000 states explored in 101.91s, with 9463826 rules fired and 7288862 states in the queue.
	7400000 states explored in 102.86s, with 9594767 rules fired and 7388695 states in the queue.
	7500000 states explored in 103.78s, with 9724498 rules fired and 7488557 states in the queue.
	7600000 states explored in 104.72s, with 9853632 rules fired and 7588458 states in the queue.
	7700000 states explored in 105.68s, with 9985992 rules fired and 7688337 states in the queue.
	7800000 states explored in 106.65s, with 10119635 rules fired and 7788159 states in the queue.
	7900000 states explored in 107.56s, with 10252353 rules fired and 7888030 states in the queue.
	8000000 states explored in 108.50s, with 10384542 rules fired and 7987883 states in the queue.
	8100000 states explored in 109.44s, with 10518212 rules fired and 8087772 states in the queue.
	8200000 states explored in 110.37s, with 10649181 rules fired and 8187661 states in the queue.
	8300000 states explored in 111.33s, with 10784921 rules fired and 8287525 states in the queue.
	8400000 states explored in 112.27s, with 10915933 rules fired and 8387348 states in the queue.
	8500000 states explored in 113.24s, with 11047270 rules fired and 8487207 states in the queue.
	8600000 states explored in 114.18s, with 11176221 rules fired and 8587103 states in the queue.
	8700000 states explored in 115.17s, with 11305973 rules fired and 8686827 states in the queue.
	8800000 states explored in 116.10s, with 11434434 rules fired and 8786690 states in the queue.
	8900000 states explored in 117.06s, with 11559411 rules fired and 8886391 states in the queue.
	9000000 states explored in 118.01s, with 11690455 rules fired and 8986285 states in the queue.
	9100000 states explored in 118.99s, with 11822261 rules fired and 9086054 states in the queue.
	9200000 states explored in 119.95s, with 11953165 rules fired and 9185891 states in the queue.
	9300000 states explored in 120.90s, with 12084096 rules fired and 9285775 states in the queue.
	9400000 states explored in 121.89s, with 12209488 rules fired and 9385437 states in the queue.
	9500000 states explored in 122.86s, with 12340281 rules fired and 9485299 states in the queue.
	9600000 states explored in 123.84s, with 12474822 rules fired and 9585132 states in the queue.
	9700000 states explored in 124.84s, with 12609391 rules fired and 9684924 states in the queue.
	9800000 states explored in 125.84s, with 12744594 rules fired and 9784614 states in the queue.
	9900000 states explored in 126.79s, with 12878961 rules fired and 9884383 states in the queue.
	10000000 states explored in 127.77s, with 13016602 rules fired and 9984298 states in the queue.
	10100000 states explored in 128.71s, with 13149578 rules fired and 10084133 states in the queue.
	10200000 states explored in 129.71s, with 13286142 rules fired and 10183988 states in the queue.
	10300000 states explored in 130.74s, with 13415630 rules fired and 10283425 states in the queue.
	10400000 states explored in 131.73s, with 13545684 rules fired and 10383089 states in the queue.
	10500000 states explored in 132.63s, with 13663511 rules fired and 10482722 states in the queue.
	10600000 states explored in 133.55s, with 13784436 rules fired and 10582443 states in the queue.
	10700000 states explored in 134.44s, with 13904298 rules fired and 10682192 states in the queue.
	10800000 states explored in 135.35s, with 14034646 rules fired and 10782071 states in the queue.
	10900000 states explored in 136.25s, with 14164445 rules fired and 10881974 states in the queue.
	11000000 states explored in 137.18s, with 14294711 rules fired and 10981852 states in the queue.
	11100000 states explored in 138.09s, with 14423760 rules fired and 11081726 states in the queue.
	11200000 states explored in 139.00s, with 14554000 rules fired and 11181614 states in the queue.
	11300000 states explored in 139.91s, with 14682610 rules fired and 11281476 states in the queue.
	11400000 states explored in 140.81s, with 14808972 rules fired and 11381340 states in the queue.
	11500000 states explored in 141.72s, with 14938963 rules fired and 11481227 states in the queue.
	11600000 states explored in 142.64s, with 15069607 rules fired and 11581122 states in the queue.
	11700000 states explored in 143.56s, with 15199710 rules fired and 11680991 states in the queue.
	11800000 states explored in 144.49s, with 15329400 rules fired and 11780858 states in the queue.
	11900000 states explored in 145.42s, with 15461141 rules fired and 11880742 states in the queue.
	12000000 states explored in 146.31s, with 15584484 rules fired and 11980597 states in the queue.
	12100000 states explored in 147.23s, with 15713998 rules fired and 12080459 states in the queue.
	12200000 states explored in 148.14s, with 15842541 rules fired and 12180351 states in the queue.
	12300000 states explored in 149.07s, with 15971899 rules fired and 12280239 states in the queue.
	12400000 states explored in 149.98s, with 16100991 rules fired and 12380136 states in the queue.
	12500000 states explored in 150.89s, with 16229218 rules fired and 12480046 states in the queue.
	12600000 states explored in 151.83s, with 16358352 rules fired and 12579942 states in the queue.
	12700000 states explored in 152.75s, with 16487910 rules fired and 12679860 states in the queue.
	12800000 states explored in 153.72s, with 16615049 rules fired and 12779727 states in the queue.
	12900000 states explored in 154.65s, with 16723989 rules fired and 12879200 states in the queue.
	13000000 states explored in 155.60s, with 16840969 rules fired and 12978783 states in the queue.
	13100000 states explored in 156.53s, with 16959491 rules fired and 13078387 states in the queue.
	13200000 states explored in 157.47s, with 17079067 rules fired and 13178044 states in the queue.
	13300000 states explored in 158.43s, with 17211184 rules fired and 13277949 states in the queue.
	13400000 states explored in 159.37s, with 17332034 rules fired and 13377649 states in the queue.
	13500000 states explored in 160.31s, with 17451737 rules fired and 13477376 states in the queue.
	13600000 states explored in 161.24s, with 17575170 rules fired and 13577171 states in the queue.
	13700000 states explored in 162.18s, with 17699645 rules fired and 13676987 states in the queue.
	13800000 states explored in 163.13s, with 17828683 rules fired and 13776821 states in the queue.
	13900000 states explored in 164.08s, with 17957503 rules fired and 13876724 states in the queue.
	14000000 states explored in 165.05s, with 18088861 rules fired and 13976549 states in the queue.
	14100000 states explored in 165.95s, with 18217880 rules fired and 14076453 states in the queue.
	14200000 states explored in 166.89s, with 18347638 rules fired and 14176338 states in the queue.
	14300000 states explored in 167.83s, with 18478276 rules fired and 14276177 states in the queue.
	14400000 states explored in 168.78s, with 18609613 rules fired and 14376048 states in the queue.
	14500000 states explored in 169.71s, with 18739285 rules fired and 14475888 states in the queue.
	14600000 states explored in 170.64s, with 18869181 rules fired and 14575785 states in the queue.
	14700000 states explored in 171.59s, with 19001384 rules fired and 14675650 states in the queue.
	14800000 states explored in 172.55s, with 19131882 rules fired and 14775458 states in the queue.
	14900000 states explored in 173.50s, with 19264820 rules fired and 14875309 states in the queue.
	15000000 states explored in 174.43s, with 19394237 rules fired and 14975189 states in the queue.
	15100000 states explored in 175.38s, with 19524977 rules fired and 15075049 states in the queue.
	15200000 states explored in 176.29s, with 19653864 rules fired and 15174956 states in the queue.
	15300000 states explored in 177.26s, with 19788869 rules fired and 15274776 states in the queue.
	15400000 states explored in 178.21s, with 19917811 rules fired and 15374610 states in the queue.
	15500000 states explored in 179.18s, with 20051405 rules fired and 15474466 states in the queue.
	15600000 states explored in 180.12s, with 20181969 rules fired and 15574360 states in the queue.
	15700000 states explored in 181.10s, with 20316848 rules fired and 15674151 states in the queue.
	15800000 states explored in 182.05s, with 20449774 rules fired and 15773985 states in the queue.
	15900000 states explored in 182.97s, with 20582044 rules fired and 15873866 states in the queue.
	16000000 states explored in 183.87s, with 20712988 rules fired and 15973737 states in the queue.
	16100000 states explored in 184.84s, with 20848936 rules fired and 16073613 states in the queue.
	16200000 states explored in 185.85s, with 20985765 rules fired and 16173391 states in the queue.
	16300000 states explored in 186.80s, with 21116531 rules fired and 16273242 states in the queue.
	16400000 states explored in 187.81s, with 21250004 rules fired and 16373040 states in the queue.
	16500000 states explored in 188.77s, with 21381587 rules fired and 16472888 states in the queue.
	16600000 states explored in 189.80s, with 21519298 rules fired and 16572678 states in the queue.
	16700000 states explored in 190.81s, with 21655720 rules fired and 16672502 states in the queue.
	16800000 states explored in 191.80s, with 21788975 rules fired and 16772300 states in the queue.
	16900000 states explored in 192.81s, with 21922873 rules fired and 16872133 states in the queue.
	17000000 states explored in 193.81s, with 22059075 rules fired and 16971860 states in the queue.
	17100000 states explored in 194.80s, with 22194035 rules fired and 17071593 states in the queue.
	17200000 states explored in 195.82s, with 22333408 rules fired and 17171399 states in the queue.
	17300000 states explored in 196.81s, with 22468459 rules fired and 17271178 states in the queue.
	17400000 states explored in 197.86s, with 22609084 rules fired and 17370993 states in the queue.
	17500000 states explored in 198.90s, with 22747313 rules fired and 17470822 states in the queue.
	17600000 states explored in 199.90s, with 22880005 rules fired and 17570597 states in the queue.
	17700000 states explored in 200.82s, with 23007393 rules fired and 17670453 states in the queue.
	17800000 states explored in 201.77s, with 23137170 rules fired and 17770312 states in the queue.
	17900000 states explored in 202.70s, with 23266460 rules fired and 17870201 states in the queue.
	18000000 states explored in 203.64s, with 23396235 rules fired and 17970087 states in the queue.
	18100000 states explored in 204.60s, with 23527274 rules fired and 18069968 states in the queue.
	18200000 states explored in 205.58s, with 23657658 rules fired and 18169836 states in the queue.
	18300000 states explored in 206.49s, with 23777480 rules fired and 18269488 states in the queue.
	18400000 states explored in 207.42s, with 23899340 rules fired and 18369207 states in the queue.
	18500000 states explored in 208.38s, with 24022905 rules fired and 18468911 states in the queue.
	18600000 states explored in 209.38s, with 24155315 rules fired and 18568702 states in the queue.
	18700000 states explored in 210.34s, with 24285303 rules fired and 18668586 states in the queue.
	18800000 states explored in 211.27s, with 24413461 rules fired and 18768473 states in the queue.
	18900000 states explored in 212.25s, with 24545281 rules fired and 18868254 states in the queue.
	19000000 states explored in 213.23s, with 24675891 rules fired and 18968114 states in the queue.
	19100000 states explored in 214.18s, with 24804350 rules fired and 19068019 states in the queue.
	19200000 states explored in 215.16s, with 24937314 rules fired and 19167847 states in the queue.
	19300000 states explored in 216.10s, with 25065681 rules fired and 19267723 states in the queue.
	19400000 states explored in 217.12s, with 25193141 rules fired and 19367504 states in the queue.
	19500000 states explored in 218.16s, with 25323130 rules fired and 19467215 states in the queue.
	19600000 states explored in 219.12s, with 25448410 rules fired and 19566945 states in the queue.
	19700000 states explored in 220.16s, with 25580596 rules fired and 19666644 states in the queue.
	19800000 states explored in 221.14s, with 25706942 rules fired and 19766486 states in the queue.
	19900000 states explored in 222.13s, with 25834280 rules fired and 19866181 states in the queue.
	20000000 states explored in 223.10s, with 25961100 rules fired and 19965951 states in the queue.
	20100000 states explored in 224.07s, with 26089747 rules fired and 20065809 states in the queue.
	20200000 states explored in 225.02s, with 26219041 rules fired and 20165688 states in the queue.
	20300000 states explored in 225.99s, with 26348791 rules fired and 20265509 states in the queue.
	20400000 states explored in 226.93s, with 26475613 rules fired and 20365307 states in the queue.
	20500000 states explored in 227.91s, with 26608731 rules fired and 20465149 states in the queue.
	20600000 states explored in 228.93s, with 26734663 rules fired and 20564750 states in the queue.
	20700000 states explored in 229.94s, with 26867989 rules fired and 20664593 states in the queue.
	20800000 states explored in 230.93s, with 26997367 rules fired and 20764367 states in the queue.
	20900000 states explored in 231.96s, with 27127054 rules fired and 20863935 states in the queue.
	21000000 states explored in 232.97s, with 27257621 rules fired and 20963601 states in the queue.
	21100000 states explored in 233.97s, with 27386194 rules fired and 21063251 states in the queue.
	21200000 states explored in 234.93s, with 27513625 rules fired and 21163078 states in the queue.
	21300000 states explored in 235.95s, with 27648236 rules fired and 21262910 states in the queue.
	21400000 states explored in 236.99s, with 27784832 rules fired and 21362655 states in the queue.
	21500000 states explored in 238.04s, with 27921471 rules fired and 21462448 states in the queue.
	21600000 states explored in 239.04s, with 28051225 rules fired and 21562095 states in the queue.
	21700000 states explored in 240.05s, with 28179636 rules fired and 21661756 states in the queue.
	21800000 states explored in 241.06s, with 28307097 rules fired and 21761367 states in the queue.
	21900000 states explored in 242.02s, with 28420097 rules fired and 21860774 states in the queue.
	22000000 states explored in 242.98s, with 28530822 rules fired and 21960143 states in the queue.
	22100000 states explored in 243.95s, with 28651525 rules fired and 22059806 states in the queue.
	22200000 states explored in 244.89s, with 28768170 rules fired and 22159409 states in the queue.
	22300000 states explored in 245.83s, with 28889143 rules fired and 22259131 states in the queue.
	22400000 states explored in 246.79s, with 29013268 rules fired and 22358908 states in the queue.
	22500000 states explored in 247.76s, with 29142169 rules fired and 22458762 states in the queue.
	22600000 states explored in 248.73s, with 29262719 rules fired and 22558430 states in the queue.
	22700000 states explored in 249.73s, with 29389547 rules fired and 22658076 states in the queue.
	22800000 states explored in 250.69s, with 29512853 rules fired and 22757732 states in the queue.
	22900000 states explored in 251.64s, with 29634695 rules fired and 22857463 states in the queue.
	23000000 states explored in 252.67s, with 29758632 rules fired and 22956981 states in the queue.
	23100000 states explored in 253.63s, with 29875398 rules fired and 23056629 states in the queue.
	23200000 states explored in 254.58s, with 29999491 rules fired and 23156349 states in the queue.
	23300000 states explored in 255.55s, with 30124453 rules fired and 23256011 states in the queue.
	23400000 states explored in 256.47s, with 30252422 rules fired and 23355823 states in the queue.
	23500000 states explored in 257.49s, with 30385731 rules fired and 23455680 states in the queue.
	23600000 states explored in 258.46s, with 30516517 rules fired and 23555496 states in the queue.
	23700000 states explored in 259.43s, with 30651046 rules fired and 23655390 states in the queue.
	23800000 states explored in 260.40s, with 30784737 rules fired and 23755250 states in the queue.
	23900000 states explored in 261.31s, with 30913192 rules fired and 23855104 states in the queue.
	24000000 states explored in 262.28s, with 31043913 rules fired and 23954888 states in the queue.
	24100000 states explored in 263.28s, with 31171068 rules fired and 24054543 states in the queue.
	24200000 states explored in 264.25s, with 31303266 rules fired and 24154384 states in the queue.
	24300000 states explored in 265.24s, with 31433593 rules fired and 24254002 states in the queue.
	24400000 states explored in 266.26s, with 31557131 rules fired and 24353500 states in the queue.
	24500000 states explored in 267.30s, with 31690510 rules fired and 24453046 states in the queue.
	24600000 states explored in 268.34s, with 31820377 rules fired and 24552543 states in the queue.
	24700000 states explored in 269.31s, with 31950607 rules fired and 24652391 states in the queue.
	24800000 states explored in 270.32s, with 32081648 rules fired and 24752066 states in the queue.
	24900000 states explored in 271.25s, with 32199401 rules fired and 24851713 states in the queue.
	25000000 states explored in 272.19s, with 32314248 rules fired and 24951247 states in the queue.
	25100000 states explored in 273.15s, with 32425471 rules fired and 25050612 states in the queue.
	25200000 states explored in 274.14s, with 32552332 rules fired and 25150251 states in the queue.
	25300000 states explored in 275.11s, with 32662471 rules fired and 25249710 states in the queue.
	25400000 states explored in 276.11s, with 32789596 rules fired and 25349400 states in the queue.
	25500000 states explored in 277.13s, with 32923298 rules fired and 25449150 states in the queue.
	25600000 states explored in 278.09s, with 33053093 rules fired and 25549012 states in the queue.
	25700000 states explored in 279.09s, with 33184053 rules fired and 25648894 states in the queue.
	25800000 states explored in 280.09s, with 33315636 rules fired and 25748724 states in the queue.
	25900000 states explored in 281.03s, with 33444780 rules fired and 25848618 states in the queue.
	26000000 states explored in 282.04s, with 33576323 rules fired and 25948369 states in the queue.
	26100000 states explored in 283.01s, with 33706442 rules fired and 26048164 states in the queue.
	26200000 states explored in 284.00s, with 33837387 rules fired and 26147972 states in the queue.
	26300000 states explored in 284.94s, with 33966319 rules fired and 26247861 states in the queue.
	26400000 states explored in 285.96s, with 34101865 rules fired and 26347737 states in the queue.
	26500000 states explored in 286.91s, with 34230111 rules fired and 26447609 states in the queue.
	26600000 states explored in 287.90s, with 34361025 rules fired and 26547450 states in the queue.
	26700000 states explored in 288.87s, with 34492247 rules fired and 26647334 states in the queue.
	26800000 states explored in 289.83s, with 34621816 rules fired and 26747219 states in the queue.
	26900000 states explored in 290.84s, with 34754264 rules fired and 26847105 states in the queue.
	27000000 states explored in 291.81s, with 34884349 rules fired and 26946986 states in the queue.
	27100000 states explored in 292.87s, with 35022643 rules fired and 27046809 states in the queue.
	27200000 states explored in 293.84s, with 35154308 rules fired and 27146662 states in the queue.
	27300000 states explored in 294.82s, with 35284887 rules fired and 27246516 states in the queue.
	27400000 states explored in 295.85s, with 35418667 rules fired and 27346391 states in the queue.
	27500000 states explored in 296.80s, with 35549201 rules fired and 27446264 states in the queue.
	27600000 states explored in 297.76s, with 35682247 rules fired and 27546146 states in the queue.
	27700000 states explored in 298.77s, with 35815734 rules fired and 27646032 states in the queue.
	27800000 states explored in 299.77s, with 35949597 rules fired and 27745791 states in the queue.
	27900000 states explored in 300.71s, with 36078443 rules fired and 27845681 states in the queue.
	28000000 states explored in 301.72s, with 36212023 rules fired and 27945489 states in the queue.
	28100000 states explored in 302.69s, with 36344906 rules fired and 28045310 states in the queue.
	28200000 states explored in 303.68s, with 36481104 rules fired and 28145181 states in the queue.
	28300000 states explored in 304.62s, with 36611462 rules fired and 28245034 states in the queue.
	28400000 states explored in 305.65s, with 36749090 rules fired and 28344901 states in the queue.
	28500000 states explored in 306.61s, with 36881360 rules fired and 28444708 states in the queue.
	28600000 states explored in 307.56s, with 37011228 rules fired and 28544581 states in the queue.
	28700000 states explored in 308.52s, with 37140563 rules fired and 28644490 states in the queue.
	28800000 states explored in 309.59s, with 37279352 rules fired and 28744226 states in the queue.
	28900000 states explored in 310.54s, with 37409753 rules fired and 28844099 states in the queue.
	29000000 states explored in 311.54s, with 37547017 rules fired and 28943890 states in the queue.
	29100000 states explored in 312.54s, with 37682681 rules fired and 29043714 states in the queue.
	29200000 states explored in 313.54s, with 37815518 rules fired and 29143489 states in the queue.
	29300000 states explored in 314.52s, with 37948806 rules fired and 29243282 states in the queue.
	29400000 states explored in 315.49s, with 38082623 rules fired and 29343109 states in the queue.
	29500000 states explored in 316.49s, with 38218097 rules fired and 29442899 states in the queue.
	29600000 states explored in 317.51s, with 38353815 rules fired and 29542652 states in the queue.
	29700000 states explored in 318.56s, with 38493840 rules fired and 29642442 states in the queue.
	29800000 states explored in 319.58s, with 38632584 rules fired and 29742295 states in the queue.
	29900000 states explored in 320.59s, with 38766899 rules fired and 29842082 states in the queue.
	30000000 states explored in 321.57s, with 38900104 rules fired and 29941951 states in the queue.
	30100000 states explored in 322.54s, with 39032328 rules fired and 30041761 states in the queue.
	30200000 states explored in 323.61s, with 39172434 rules fired and 30141555 states in the queue.
	30300000 states explored in 324.59s, with 39302593 rules fired and 30241453 states in the queue.
	30400000 states explored in 325.62s, with 39437129 rules fired and 30341295 states in the queue.
	30500000 states explored in 326.65s, with 39567519 rules fired and 30440483 states in the queue.
	30600000 states explored in 327.60s, with 39694649 rules fired and 30540349 states in the queue.
	30700000 states explored in 328.56s, with 39825736 rules fired and 30640221 states in the queue.
	30800000 states explored in 329.51s, with 39954328 rules fired and 30740097 states in the queue.
	30900000 states explored in 330.48s, with 40085821 rules fired and 30839960 states in the queue.
	31000000 states explored in 331.44s, with 40215710 rules fired and 30939840 states in the queue.
	31100000 states explored in 332.42s, with 40346344 rules fired and 31039716 states in the queue.
target state's depth is: 114

==========================================================================

Result:

	Invariant "test_192" failed.

State Space Explored:

	31125239 states, 40380508 rules fired in 332.67s.

Analysis of State Space:

	There are rules that are never fired.
	If you are running with symmetry, this may be why.  Otherwise,
	please run this program with "-pr" for the rules information.
