This program should be regarded as a DEBUGGING aid, not as a 
certifier of correctness.
Call with the -l flag or read the license file for terms
and conditions of use.
Run this program with "-h" for the list of options.

Bugs, questions, and comments should be directed to
"melatti@di.uniroma1.it".

CMurphi compiler last modified date: Apr 10 2024
Include files last modified date:    Jul 23 2021
==========================================================================

==========================================================================
Caching Murphi Release 5.5.0
Finite-state Concurrent System Verifier.

Caching Murphi Release 5.5.0 is based on various versions of Murphi.
Caching Murphi Release 5.5.0 :
Copyright (C) 2009-2012 by Sapienza University of Rome.
Murphi release 3.1 :
Copyright (C) 1992 - 1999 by the Board of Trustees of
Leland Stanford Junior University.

==========================================================================

Protocol: ./protocols/exec/German_node8/German_node8_inv122
===========================================
  You are using LS algorithm.  
===========================================

===== Startstates are generated! =====
Carelist Layer 0: Cache[1].State Cache[2].State Cache[3].State Cache[4].State Cache[5].State Cache[6].State Cache[7].State Cache[8].State 

===== Init heuristics! =====

Progress Report:

	100000 states explored in 6.82s, with 382264 rules fired and 75691 states in the queue.
	200000 states explored in 10.57s, with 799005 rules fired and 150814 states in the queue.
	300000 states explored in 15.30s, with 1302659 rules fired and 217387 states in the queue.
	400000 states explored in 20.08s, with 1800927 rules fired and 285415 states in the queue.
	500000 states explored in 25.19s, with 2310823 rules fired and 353050 states in the queue.
	600000 states explored in 30.56s, with 2847405 rules fired and 420325 states in the queue.
	700000 states explored in 35.43s, with 3336747 rules fired and 486043 states in the queue.
	800000 states explored in 40.87s, with 3872046 rules fired and 551810 states in the queue.
	900000 states explored in 46.56s, with 4416259 rules fired and 620098 states in the queue.
	1000000 states explored in 53.12s, with 5017712 rules fired and 683312 states in the queue.
	1100000 states explored in 59.23s, with 5582869 rules fired and 747774 states in the queue.
	1200000 states explored in 64.74s, with 6077277 rules fired and 813271 states in the queue.
	1300000 states explored in 70.62s, with 6605446 rules fired and 879820 states in the queue.
	1400000 states explored in 76.48s, with 7170419 rules fired and 942674 states in the queue.
	1500000 states explored in 82.33s, with 7705778 rules fired and 1008153 states in the queue.
	1600000 states explored in 88.37s, with 8268156 rules fired and 1070934 states in the queue.
	1700000 states explored in 96.10s, with 8965734 rules fired and 1124753 states in the queue.
	1800000 states explored in 101.96s, with 9506552 rules fired and 1188976 states in the queue.
	1900000 states explored in 107.52s, with 10038531 rules fired and 1256205 states in the queue.
	2000000 states explored in 114.00s, with 10638495 rules fired and 1318121 states in the queue.
	2100000 states explored in 120.76s, with 11239539 rules fired and 1382990 states in the queue.
	2200000 states explored in 128.91s, with 11906479 rules fired and 1441156 states in the queue.
	2300000 states explored in 136.12s, with 12499844 rules fired and 1503375 states in the queue.
	2400000 states explored in 142.17s, with 13041029 rules fired and 1560049 states in the queue.
	2500000 states explored in 147.90s, with 13578493 rules fired and 1615721 states in the queue.
	2600000 states explored in 154.61s, with 14221382 rules fired and 1671281 states in the queue.
	2700000 states explored in 160.43s, with 14762130 rules fired and 1733211 states in the queue.
	2800000 states explored in 166.85s, with 15340302 rules fired and 1792719 states in the queue.
	2900000 states explored in 172.56s, with 15875417 rules fired and 1859661 states in the queue.
	3000000 states explored in 178.54s, with 16485369 rules fired and 1923398 states in the queue.
	3100000 states explored in 184.78s, with 17101540 rules fired and 1983505 states in the queue.
	3200000 states explored in 190.65s, with 17674355 rules fired and 2047350 states in the queue.
	3300000 states explored in 196.62s, with 18250935 rules fired and 2111833 states in the queue.
	3400000 states explored in 204.29s, with 19012682 rules fired and 2162201 states in the queue.
	3500000 states explored in 211.77s, with 19739533 rules fired and 2210965 states in the queue.
	3600000 states explored in 218.15s, with 20351693 rules fired and 2273278 states in the queue.
	3700000 states explored in 224.49s, with 20950381 rules fired and 2337833 states in the queue.
	3800000 states explored in 232.13s, with 21631167 rules fired and 2397054 states in the queue.
	3900000 states explored in 238.64s, with 22231301 rules fired and 2457102 states in the queue.
	4000000 states explored in 246.13s, with 22887061 rules fired and 2514445 states in the queue.
	4100000 states explored in 253.69s, with 23580601 rules fired and 2570816 states in the queue.
	4200000 states explored in 260.94s, with 24195007 rules fired and 2629883 states in the queue.
	4300000 states explored in 267.26s, with 24753615 rules fired and 2689969 states in the queue.
	4400000 states explored in 275.13s, with 25436863 rules fired and 2747827 states in the queue.
	4500000 states explored in 283.46s, with 26156236 rules fired and 2801556 states in the queue.
	4600000 states explored in 291.88s, with 26823799 rules fired and 2858575 states in the queue.
	4700000 states explored in 300.99s, with 27573995 rules fired and 2909658 states in the queue.
	4800000 states explored in 309.75s, with 28285933 rules fired and 2965959 states in the queue.
	4900000 states explored in 318.79s, with 29055133 rules fired and 3023396 states in the queue.
	5000000 states explored in 326.45s, with 29670614 rules fired and 3086812 states in the queue.
	5100000 states explored in 336.59s, with 30519155 rules fired and 3133566 states in the queue.
	5200000 states explored in 346.74s, with 31386691 rules fired and 3181982 states in the queue.
	5300000 states explored in 357.05s, with 32230395 rules fired and 3230417 states in the queue.
	5400000 states explored in 368.57s, with 33171269 rules fired and 3270728 states in the queue.
	5500000 states explored in 379.32s, with 34088219 rules fired and 3306334 states in the queue.
	5600000 states explored in 391.34s, with 35122633 rules fired and 3331837 states in the queue.
	5700000 states explored in 398.63s, with 35717019 rules fired and 3387277 states in the queue.
	5800000 states explored in 401.88s, with 36065864 rules fired and 3466938 states in the queue.
	5900000 states explored in 404.98s, with 36416535 rules fired and 3548818 states in the queue.
	6000000 states explored in 408.44s, with 36806814 rules fired and 3628781 states in the queue.
	6100000 states explored in 412.66s, with 37185932 rules fired and 3708114 states in the queue.
	6200000 states explored in 416.56s, with 37576622 rules fired and 3790133 states in the queue.
	6300000 states explored in 421.21s, with 37999099 rules fired and 3869302 states in the queue.
	6400000 states explored in 428.39s, with 38438424 rules fired and 3945338 states in the queue.
	6500000 states explored in 435.23s, with 38941398 rules fired and 4016365 states in the queue.
	6600000 states explored in 442.50s, with 39583559 rules fired and 4074350 states in the queue.
	6700000 states explored in 450.56s, with 40228829 rules fired and 4131003 states in the queue.
	6800000 states explored in 458.55s, with 40883665 rules fired and 4190948 states in the queue.
	6900000 states explored in 469.29s, with 41599219 rules fired and 4249645 states in the queue.
	7000000 states explored in 478.31s, with 42210675 rules fired and 4316992 states in the queue.
	7100000 states explored in 487.03s, with 42734144 rules fired and 4390973 states in the queue.
	7200000 states explored in 497.10s, with 43343325 rules fired and 4461230 states in the queue.
	7300000 states explored in 508.75s, with 43999394 rules fired and 4525129 states in the queue.
	7400000 states explored in 521.97s, with 44752923 rules fired and 4584986 states in the queue.
	7500000 states explored in 534.69s, with 45426615 rules fired and 4645326 states in the queue.
	7600000 states explored in 545.10s, with 46043170 rules fired and 4711316 states in the queue.
	7700000 states explored in 550.24s, with 46611898 rules fired and 4779848 states in the queue.
	7800000 states explored in 554.90s, with 47117871 rules fired and 4852872 states in the queue.
	7900000 states explored in 559.04s, with 47541811 rules fired and 4933328 states in the queue.
	8000000 states explored in 563.68s, with 47995446 rules fired and 5012526 states in the queue.
	8100000 states explored in 568.27s, with 48465495 rules fired and 5088688 states in the queue.
	8200000 states explored in 572.98s, with 48939938 rules fired and 5165019 states in the queue.
	8300000 states explored in 577.58s, with 49388212 rules fired and 5242283 states in the queue.
	8400000 states explored in 583.17s, with 49970942 rules fired and 5315999 states in the queue.
	8500000 states explored in 588.10s, with 50453865 rules fired and 5392144 states in the queue.
	8600000 states explored in 594.47s, with 51057803 rules fired and 5463336 states in the queue.
	8700000 states explored in 600.80s, with 51632331 rules fired and 5536503 states in the queue.
	8800000 states explored in 607.40s, with 52185638 rules fired and 5610922 states in the queue.
	8900000 states explored in 614.67s, with 52797220 rules fired and 5681103 states in the queue.
	9000000 states explored in 622.83s, with 53424405 rules fired and 5746341 states in the queue.
	9100000 states explored in 631.35s, with 54033826 rules fired and 5812748 states in the queue.
	9200000 states explored in 638.37s, with 54656893 rules fired and 5879138 states in the queue.
	9300000 states explored in 644.05s, with 55238375 rules fired and 5943717 states in the queue.
	9400000 states explored in 651.85s, with 55867239 rules fired and 6014701 states in the queue.
	9500000 states explored in 656.81s, with 56516088 rules fired and 6083919 states in the queue.
	9600000 states explored in 663.58s, with 57156613 rules fired and 6151606 states in the queue.
	9700000 states explored in 670.57s, with 57737081 rules fired and 6221875 states in the queue.
	9800000 states explored in 677.05s, with 58324093 rules fired and 6289898 states in the queue.
	9900000 states explored in 684.42s, with 58953353 rules fired and 6354177 states in the queue.
	10000000 states explored in 692.00s, with 59584186 rules fired and 6415827 states in the queue.
	10100000 states explored in 698.21s, with 60117646 rules fired and 6483527 states in the queue.
	10200000 states explored in 701.75s, with 60476907 rules fired and 6563234 states in the queue.
	10300000 states explored in 705.92s, with 60847673 rules fired and 6644280 states in the queue.
	10400000 states explored in 710.85s, with 61250956 rules fired and 6724459 states in the queue.
	10500000 states explored in 715.59s, with 61668087 rules fired and 6802682 states in the queue.
	10600000 states explored in 720.37s, with 62089469 rules fired and 6879322 states in the queue.
	10700000 states explored in 723.98s, with 62483148 rules fired and 6959673 states in the queue.
	10800000 states explored in 728.63s, with 62918180 rules fired and 7035433 states in the queue.
	10900000 states explored in 732.89s, with 63320582 rules fired and 7113743 states in the queue.
	11000000 states explored in 737.81s, with 63732197 rules fired and 7190758 states in the queue.
	11100000 states explored in 743.56s, with 64201337 rules fired and 7266929 states in the queue.
	11200000 states explored in 750.52s, with 64699324 rules fired and 7341057 states in the queue.
	11300000 states explored in 756.56s, with 65225760 rules fired and 7414653 states in the queue.
	11400000 states explored in 761.58s, with 65776994 rules fired and 7473065 states in the queue.
	11500000 states explored in 766.87s, with 66183160 rules fired and 7550202 states in the queue.
	11600000 states explored in 772.35s, with 66630219 rules fired and 7627168 states in the queue.
	11700000 states explored in 778.65s, with 67120065 rules fired and 7699247 states in the queue.
	11800000 states explored in 785.10s, with 67538718 rules fired and 7774942 states in the queue.
	11900000 states explored in 791.07s, with 67982307 rules fired and 7850833 states in the queue.
	12000000 states explored in 797.47s, with 68496764 rules fired and 7921787 states in the queue.
	12100000 states explored in 804.43s, with 68966538 rules fired and 7997801 states in the queue.
	12200000 states explored in 811.61s, with 69474046 rules fired and 8073363 states in the queue.
	12300000 states explored in 818.58s, with 70073010 rules fired and 8134281 states in the queue.
	12400000 states explored in 825.50s, with 70542278 rules fired and 8204724 states in the queue.
	12500000 states explored in 832.18s, with 70987451 rules fired and 8279961 states in the queue.
	12600000 states explored in 839.50s, with 71481847 rules fired and 8353446 states in the queue.
	12700000 states explored in 844.37s, with 71888777 rules fired and 8430855 states in the queue.
	12800000 states explored in 850.15s, with 72397235 rules fired and 8501706 states in the queue.
	12900000 states explored in 856.65s, with 72968626 rules fired and 8570248 states in the queue.
	13000000 states explored in 865.09s, with 73613604 rules fired and 8634302 states in the queue.

Error:

	Internal Error: Too many active states.



