This program should be regarded as a DEBUGGING aid, not as a 
certifier of correctness.
Call with the -l flag or read the license file for terms
and conditions of use.
Run this program with "-h" for the list of options.

Bugs, questions, and comments should be directed to
"melatti@di.uniroma1.it".

CMurphi compiler last modified date: Apr 10 2024
Include files last modified date:    Jul 23 2021
==========================================================================

==========================================================================
Caching Murphi Release 5.5.0
Finite-state Concurrent System Verifier.

Caching Murphi Release 5.5.0 is based on various versions of Murphi.
Caching Murphi Release 5.5.0 :
Copyright (C) 2009-2012 by Sapienza University of Rome.
Murphi release 3.1 :
Copyright (C) 1992 - 1999 by the Board of Trustees of
Leland Stanford Junior University.

==========================================================================

Protocol: ./protocols/exec/German_node8/German_node8_inv116
===========================================
  You are using LS algorithm.  
===========================================

===== Startstates are generated! =====
Carelist Layer 0: Cache[1].State Cache[2].State Cache[3].State Cache[4].State Cache[5].State Cache[6].State Cache[7].State Cache[8].State 

===== Init heuristics! =====

Progress Report:

	100000 states explored in 6.81s, with 411372 rules fired and 66822 states in the queue.
	200000 states explored in 9.66s, with 781691 rules fired and 142599 states in the queue.
	300000 states explored in 13.33s, with 1231078 rules fired and 214555 states in the queue.
	400000 states explored in 17.04s, with 1726953 rules fired and 276910 states in the queue.
	500000 states explored in 20.42s, with 2232910 rules fired and 340343 states in the queue.
	600000 states explored in 23.97s, with 2777750 rules fired and 400726 states in the queue.
	700000 states explored in 27.39s, with 3298247 rules fired and 460578 states in the queue.
	800000 states explored in 31.73s, with 3826680 rules fired and 520944 states in the queue.
	900000 states explored in 36.56s, with 4432564 rules fired and 575995 states in the queue.
	1000000 states explored in 41.58s, with 5044360 rules fired and 632517 states in the queue.
	1100000 states explored in 45.19s, with 5516031 rules fired and 703048 states in the queue.
	1200000 states explored in 49.42s, with 6056922 rules fired and 768084 states in the queue.
	1300000 states explored in 53.69s, with 6574673 rules fired and 829125 states in the queue.
	1400000 states explored in 58.62s, with 7181570 rules fired and 887172 states in the queue.
	1500000 states explored in 62.69s, with 7658680 rules fired and 953412 states in the queue.
	1600000 states explored in 66.57s, with 8187731 rules fired and 1016560 states in the queue.
	1700000 states explored in 70.79s, with 8708985 rules fired and 1084041 states in the queue.
	1800000 states explored in 76.15s, with 9250114 rules fired and 1151883 states in the queue.
	1900000 states explored in 81.99s, with 9839570 rules fired and 1213797 states in the queue.
	2000000 states explored in 88.83s, with 10490306 rules fired and 1274550 states in the queue.
	2100000 states explored in 95.34s, with 11088956 rules fired and 1338642 states in the queue.
	2200000 states explored in 100.88s, with 11630227 rules fired and 1405571 states in the queue.
	2300000 states explored in 106.45s, with 12190496 rules fired and 1471069 states in the queue.
	2400000 states explored in 111.33s, with 12732227 rules fired and 1538520 states in the queue.
	2500000 states explored in 117.37s, with 13360716 rules fired and 1600907 states in the queue.
	2600000 states explored in 123.03s, with 13946450 rules fired and 1668182 states in the queue.
	2700000 states explored in 128.61s, with 14518870 rules fired and 1733518 states in the queue.
	2800000 states explored in 134.20s, with 15075299 rules fired and 1801988 states in the queue.
	2900000 states explored in 140.20s, with 15673668 rules fired and 1868187 states in the queue.
	3000000 states explored in 146.11s, with 16277858 rules fired and 1935227 states in the queue.
	3100000 states explored in 151.18s, with 16785023 rules fired and 2008437 states in the queue.
	3200000 states explored in 157.12s, with 17437388 rules fired and 2067460 states in the queue.
	3300000 states explored in 163.95s, with 18196402 rules fired and 2119281 states in the queue.
	3400000 states explored in 170.61s, with 18883888 rules fired and 2178098 states in the queue.
	3500000 states explored in 177.42s, with 19587910 rules fired and 2236600 states in the queue.
	3600000 states explored in 185.21s, with 20350043 rules fired and 2286132 states in the queue.
	3700000 states explored in 194.16s, with 21192817 rules fired and 2331980 states in the queue.
	3800000 states explored in 203.38s, with 22022156 rules fired and 2376469 states in the queue.
	3900000 states explored in 210.56s, with 22653201 rules fired and 2433953 states in the queue.
	4000000 states explored in 216.91s, with 23193867 rules fired and 2496807 states in the queue.
	4100000 states explored in 223.54s, with 23756796 rules fired and 2557799 states in the queue.
	4200000 states explored in 231.21s, with 24397403 rules fired and 2618162 states in the queue.
	4300000 states explored in 238.50s, with 25020273 rules fired and 2675318 states in the queue.
	4400000 states explored in 245.31s, with 25603233 rules fired and 2735202 states in the queue.
	4500000 states explored in 252.34s, with 26199913 rules fired and 2796679 states in the queue.
	4600000 states explored in 260.01s, with 26838523 rules fired and 2857214 states in the queue.
	4700000 states explored in 268.58s, with 27486878 rules fired and 2918448 states in the queue.
	4800000 states explored in 277.00s, with 28211205 rules fired and 2978372 states in the queue.
	4900000 states explored in 284.66s, with 28815558 rules fired and 3043286 states in the queue.
	5000000 states explored in 293.70s, with 29594920 rules fired and 3091741 states in the queue.
	5100000 states explored in 304.25s, with 30462470 rules fired and 3135739 states in the queue.
	5200000 states explored in 313.32s, with 31259366 rules fired and 3184700 states in the queue.
	5300000 states explored in 323.26s, with 32149978 rules fired and 3227089 states in the queue.
	5400000 states explored in 332.43s, with 32868090 rules fired and 3282645 states in the queue.
	5500000 states explored in 343.32s, with 33738756 rules fired and 3329313 states in the queue.
	5600000 states explored in 355.31s, with 34709291 rules fired and 3364124 states in the queue.
	5700000 states explored in 366.80s, with 35646384 rules fired and 3397951 states in the queue.
	5800000 states explored in 374.15s, with 36305442 rules fired and 3447544 states in the queue.
	5900000 states explored in 377.67s, with 36675351 rules fired and 3525045 states in the queue.
	6000000 states explored in 381.54s, with 37066996 rules fired and 3603462 states in the queue.
	6100000 states explored in 387.83s, with 37625923 rules fired and 3662186 states in the queue.
	6200000 states explored in 394.46s, with 38186741 rules fired and 3721718 states in the queue.
	6300000 states explored in 399.34s, with 38678054 rules fired and 3790579 states in the queue.
	6400000 states explored in 404.11s, with 39152555 rules fired and 3864404 states in the queue.
	6500000 states explored in 410.84s, with 39752774 rules fired and 3923695 states in the queue.
	6600000 states explored in 417.79s, with 40401312 rules fired and 3982595 states in the queue.
	6700000 states explored in 424.63s, with 41017066 rules fired and 4042980 states in the queue.
	6800000 states explored in 431.09s, with 41598692 rules fired and 4105724 states in the queue.
	6900000 states explored in 437.06s, with 42148868 rules fired and 4170113 states in the queue.
	7000000 states explored in 442.08s, with 42641891 rules fired and 4243024 states in the queue.
	7100000 states explored in 446.38s, with 43048235 rules fired and 4323050 states in the queue.
	7200000 states explored in 451.74s, with 43516362 rules fired and 4400199 states in the queue.
	7300000 states explored in 457.13s, with 44018291 rules fired and 4475477 states in the queue.
	7400000 states explored in 462.86s, with 44530571 rules fired and 4550544 states in the queue.
	7500000 states explored in 468.48s, with 45089053 rules fired and 4619218 states in the queue.
	7600000 states explored in 473.66s, with 45618991 rules fired and 4693145 states in the queue.
	7700000 states explored in 479.21s, with 46174924 rules fired and 4762480 states in the queue.
	7800000 states explored in 483.95s, with 46630042 rules fired and 4835748 states in the queue.
	7900000 states explored in 488.36s, with 47029323 rules fired and 4915517 states in the queue.
	8000000 states explored in 493.69s, with 47446588 rules fired and 4991820 states in the queue.
	8100000 states explored in 498.58s, with 47823373 rules fired and 5072580 states in the queue.
	8200000 states explored in 503.85s, with 48239185 rules fired and 5152489 states in the queue.
	8300000 states explored in 509.15s, with 48676650 rules fired and 5230540 states in the queue.
	8400000 states explored in 515.17s, with 49189219 rules fired and 5303148 states in the queue.
	8500000 states explored in 520.17s, with 49671288 rules fired and 5364690 states in the queue.
	8600000 states explored in 526.39s, with 50278799 rules fired and 5421490 states in the queue.
	8700000 states explored in 532.13s, with 50789660 rules fired and 5481182 states in the queue.
	8800000 states explored in 538.89s, with 51336165 rules fired and 5544825 states in the queue.
	8900000 states explored in 546.50s, with 51916510 rules fired and 5604651 states in the queue.
	9000000 states explored in 554.52s, with 52517653 rules fired and 5667459 states in the queue.
	9100000 states explored in 563.45s, with 53171931 rules fired and 5726952 states in the queue.
	9200000 states explored in 569.35s, with 53708121 rules fired and 5787432 states in the queue.
	9300000 states explored in 577.24s, with 54362581 rules fired and 5840177 states in the queue.
	9400000 states explored in 583.31s, with 54886159 rules fired and 5906304 states in the queue.
	9500000 states explored in 590.12s, with 55470336 rules fired and 5968266 states in the queue.
	9600000 states explored in 599.16s, with 56103691 rules fired and 6029759 states in the queue.
	9700000 states explored in 607.28s, with 56695965 rules fired and 6090883 states in the queue.
	9800000 states explored in 613.98s, with 57191226 rules fired and 6157694 states in the queue.
	9900000 states explored in 623.48s, with 57767533 rules fired and 6217708 states in the queue.
	10000000 states explored in 632.56s, with 58392316 rules fired and 6277190 states in the queue.
	10100000 states explored in 641.30s, with 58971832 rules fired and 6341169 states in the queue.
	10200000 states explored in 649.87s, with 59514460 rules fired and 6407552 states in the queue.
	10300000 states explored in 661.31s, with 60204393 rules fired and 6465141 states in the queue.
	10400000 states explored in 673.89s, with 60943952 rules fired and 6519809 states in the queue.
	10500000 states explored in 686.15s, with 61657815 rules fired and 6576994 states in the queue.
	10600000 states explored in 695.84s, with 62283991 rules fired and 6636104 states in the queue.
	10700000 states explored in 705.30s, with 62966125 rules fired and 6694437 states in the queue.
	10800000 states explored in 717.47s, with 63625012 rules fired and 6750631 states in the queue.
	10900000 states explored in 727.84s, with 64255979 rules fired and 6806820 states in the queue.
	11000000 states explored in 739.31s, with 64930297 rules fired and 6860502 states in the queue.
	11100000 states explored in 749.96s, with 65531707 rules fired and 6923821 states in the queue.
	11200000 states explored in 759.04s, with 66147639 rules fired and 6983445 states in the queue.
	11300000 states explored in 769.85s, with 66795964 rules fired and 7040678 states in the queue.
	11400000 states explored in 781.35s, with 67403153 rules fired and 7102933 states in the queue.
	11500000 states explored in 794.54s, with 68006869 rules fired and 7167836 states in the queue.
	11600000 states explored in 809.78s, with 68699641 rules fired and 7227938 states in the queue.
	11700000 states explored in 825.50s, with 69410898 rules fired and 7287405 states in the queue.
	11800000 states explored in 840.07s, with 70099493 rules fired and 7346797 states in the queue.
	11900000 states explored in 854.84s, with 70772642 rules fired and 7403243 states in the queue.
	12000000 states explored in 864.34s, with 71343918 rules fired and 7467855 states in the queue.
	12100000 states explored in 874.77s, with 71955461 rules fired and 7527972 states in the queue.
	12200000 states explored in 881.91s, with 72523441 rules fired and 7588449 states in the queue.
	12300000 states explored in 888.27s, with 73122636 rules fired and 7646117 states in the queue.
	12400000 states explored in 895.38s, with 73811848 rules fired and 7702541 states in the queue.
	12500000 states explored in 902.94s, with 74501571 rules fired and 7758621 states in the queue.
	12600000 states explored in 911.20s, with 75260982 rules fired and 7815619 states in the queue.
	12700000 states explored in 920.84s, with 76021724 rules fired and 7871891 states in the queue.
	12800000 states explored in 927.51s, with 76554656 rules fired and 7938285 states in the queue.
	12900000 states explored in 934.80s, with 77133921 rules fired and 7999010 states in the queue.
	13000000 states explored in 943.02s, with 77775621 rules fired and 8055580 states in the queue.
	13100000 states explored in 952.94s, with 78472456 rules fired and 8107135 states in the queue.
	13200000 states explored in 961.92s, with 79137197 rules fired and 8162188 states in the queue.
	13300000 states explored in 971.68s, with 79850492 rules fired and 8218224 states in the queue.
	13400000 states explored in 982.06s, with 80613107 rules fired and 8273896 states in the queue.
	13500000 states explored in 993.28s, with 81390098 rules fired and 8328651 states in the queue.
	13600000 states explored in 1000.58s, with 81873736 rules fired and 8398567 states in the queue.
	13700000 states explored in 1007.86s, with 82370040 rules fired and 8469205 states in the queue.
	13800000 states explored in 1015.49s, with 82947666 rules fired and 8532836 states in the queue.
	13900000 states explored in 1027.33s, with 83705957 rules fired and 8593986 states in the queue.
	14000000 states explored in 1035.08s, with 84322976 rules fired and 8660513 states in the queue.

Error:

	Internal Error: Too many active states.



