This program should be regarded as a DEBUGGING aid, not as a 
certifier of correctness.
Call with the -l flag or read the license file for terms
and conditions of use.
Run this program with "-h" for the list of options.

Bugs, questions, and comments should be directed to
"melatti@di.uniroma1.it".

CMurphi compiler last modified date: Apr 10 2024
Include files last modified date:    Jul 23 2021
==========================================================================

==========================================================================
Caching Murphi Release 5.5.0
Finite-state Concurrent System Verifier.

Caching Murphi Release 5.5.0 is based on various versions of Murphi.
Caching Murphi Release 5.5.0 :
Copyright (C) 2009-2012 by Sapienza University of Rome.
Murphi release 3.1 :
Copyright (C) 1992 - 1999 by the Board of Trustees of
Leland Stanford Junior University.

==========================================================================

Protocol: ./protocols/exec/German_node8/German_node8_inv243
===========================================
  You are using LS algorithm.  
===========================================

===== Startstates are generated! =====
Carelist Layer 0: Cache[1].State Cache[2].State Cache[3].State Cache[4].State Cache[5].State Cache[6].State Cache[7].State Cache[8].State 

===== Init heuristics! =====

Progress Report:

	100000 states explored in 6.82s, with 407949 rules fired and 72709 states in the queue.
	200000 states explored in 10.70s, with 919609 rules fired and 138210 states in the queue.
	300000 states explored in 15.05s, with 1478246 rules fired and 198686 states in the queue.
	400000 states explored in 18.52s, with 1937019 rules fired and 265532 states in the queue.
	500000 states explored in 21.87s, with 2397197 rules fired and 338494 states in the queue.
	600000 states explored in 25.14s, with 2839850 rules fired and 412178 states in the queue.
	700000 states explored in 28.84s, with 3322472 rules fired and 480976 states in the queue.
	800000 states explored in 32.53s, with 3810818 rules fired and 550595 states in the queue.
	900000 states explored in 35.90s, with 4262016 rules fired and 625458 states in the queue.
	1000000 states explored in 39.77s, with 4755690 rules fired and 695000 states in the queue.
	1100000 states explored in 43.47s, with 5239431 rules fired and 764989 states in the queue.
	1200000 states explored in 46.78s, with 5763960 rules fired and 832494 states in the queue.
	1300000 states explored in 50.67s, with 6349046 rules fired and 893651 states in the queue.
	1400000 states explored in 54.78s, with 6839158 rules fired and 961279 states in the queue.
	1500000 states explored in 59.23s, with 7416566 rules fired and 1024472 states in the queue.
	1600000 states explored in 63.26s, with 7916911 rules fired and 1094685 states in the queue.
	1700000 states explored in 67.38s, with 8434378 rules fired and 1162983 states in the queue.
	1800000 states explored in 72.16s, with 9013994 rules fired and 1225124 states in the queue.
	1900000 states explored in 76.06s, with 9492847 rules fired and 1294756 states in the queue.
	2000000 states explored in 80.30s, with 10017605 rules fired and 1361313 states in the queue.
	2100000 states explored in 84.46s, with 10520133 rules fired and 1428530 states in the queue.
	2200000 states explored in 89.33s, with 11112699 rules fired and 1492321 states in the queue.
	2300000 states explored in 94.31s, with 11726736 rules fired and 1557641 states in the queue.
	2400000 states explored in 98.64s, with 12229823 rules fired and 1626110 states in the queue.
	2500000 states explored in 103.79s, with 12836806 rules fired and 1690893 states in the queue.
	2600000 states explored in 109.02s, with 13468242 rules fired and 1754771 states in the queue.
	2700000 states explored in 114.25s, with 14087341 rules fired and 1819276 states in the queue.
	2800000 states explored in 118.95s, with 14650605 rules fired and 1886769 states in the queue.
	2900000 states explored in 123.62s, with 15205099 rules fired and 1950722 states in the queue.
	3000000 states explored in 128.98s, with 15851365 rules fired and 2008565 states in the queue.
	3100000 states explored in 134.68s, with 16524281 rules fired and 2068313 states in the queue.
	3200000 states explored in 140.07s, with 17161467 rules fired and 2131129 states in the queue.
	3300000 states explored in 143.78s, with 17590913 rules fired and 2208908 states in the queue.
	3400000 states explored in 147.31s, with 17994404 rules fired and 2288909 states in the queue.
	3500000 states explored in 150.94s, with 18434250 rules fired and 2365265 states in the queue.
	3600000 states explored in 155.06s, with 18925372 rules fired and 2439224 states in the queue.
	3700000 states explored in 159.08s, with 19393858 rules fired and 2507808 states in the queue.
	3800000 states explored in 163.27s, with 19883118 rules fired and 2572789 states in the queue.
	3900000 states explored in 167.45s, with 20369209 rules fired and 2635137 states in the queue.
	4000000 states explored in 171.56s, with 20852774 rules fired and 2698545 states in the queue.
	4100000 states explored in 177.01s, with 21503038 rules fired and 2758883 states in the queue.
	4200000 states explored in 182.06s, with 22096126 rules fired and 2823131 states in the queue.
	4300000 states explored in 188.08s, with 22803201 rules fired and 2885528 states in the queue.
	4400000 states explored in 192.86s, with 23348334 rules fired and 2948765 states in the queue.
	4500000 states explored in 198.11s, with 23960067 rules fired and 3011992 states in the queue.
	4600000 states explored in 202.81s, with 24515456 rules fired and 3078977 states in the queue.
	4700000 states explored in 207.39s, with 25056968 rules fired and 3144473 states in the queue.
	4800000 states explored in 212.27s, with 25643174 rules fired and 3207362 states in the queue.
	4900000 states explored in 217.12s, with 26175367 rules fired and 3271715 states in the queue.
	5000000 states explored in 222.63s, with 26778076 rules fired and 3335690 states in the queue.
	5100000 states explored in 228.24s, with 27452204 rules fired and 3399125 states in the queue.
	5200000 states explored in 234.16s, with 28180547 rules fired and 3462966 states in the queue.
	5300000 states explored in 238.31s, with 28663864 rules fired and 3531109 states in the queue.
	5400000 states explored in 242.85s, with 29184522 rules fired and 3598336 states in the queue.
	5500000 states explored in 248.26s, with 29797105 rules fired and 3660117 states in the queue.
	5600000 states explored in 253.28s, with 30345411 rules fired and 3730277 states in the queue.
	5700000 states explored in 259.71s, with 31026109 rules fired and 3794707 states in the queue.
	5800000 states explored in 265.45s, with 31688449 rules fired and 3859251 states in the queue.
	5900000 states explored in 271.09s, with 32315438 rules fired and 3921424 states in the queue.
	6000000 states explored in 276.36s, with 32877362 rules fired and 3988720 states in the queue.
	6100000 states explored in 282.85s, with 33546116 rules fired and 4052510 states in the queue.
	6200000 states explored in 289.34s, with 34223667 rules fired and 4117141 states in the queue.
	6300000 states explored in 295.66s, with 34936289 rules fired and 4182179 states in the queue.
	6400000 states explored in 301.33s, with 35558420 rules fired and 4250571 states in the queue.
	6500000 states explored in 307.11s, with 36239700 rules fired and 4314078 states in the queue.
	6600000 states explored in 312.46s, with 36842006 rules fired and 4381399 states in the queue.
	6700000 states explored in 318.81s, with 37551999 rules fired and 4439700 states in the queue.
	6800000 states explored in 325.49s, with 38299023 rules fired and 4492114 states in the queue.
	6900000 states explored in 331.54s, with 38984934 rules fired and 4550208 states in the queue.
	7000000 states explored in 337.49s, with 39657360 rules fired and 4607397 states in the queue.
	7100000 states explored in 342.25s, with 40201621 rules fired and 4674438 states in the queue.
	7200000 states explored in 347.16s, with 40722171 rules fired and 4743529 states in the queue.
	7300000 states explored in 352.06s, with 41266801 rules fired and 4812247 states in the queue.
	7400000 states explored in 357.87s, with 41899880 rules fired and 4875867 states in the queue.
	7500000 states explored in 363.67s, with 42521740 rules fired and 4941725 states in the queue.
	7600000 states explored in 369.80s, with 43179231 rules fired and 5005976 states in the queue.
	7700000 states explored in 376.34s, with 43864820 rules fired and 5068860 states in the queue.
	7800000 states explored in 382.77s, with 44528947 rules fired and 5133147 states in the queue.
	7900000 states explored in 388.47s, with 45037005 rules fired and 5208657 states in the queue.
	8000000 states explored in 393.34s, with 45554044 rules fired and 5282843 states in the queue.
	8100000 states explored in 398.65s, with 46146398 rules fired and 5350369 states in the queue.
	8200000 states explored in 403.48s, with 46677104 rules fired and 5422193 states in the queue.
	8300000 states explored in 408.62s, with 47243735 rules fired and 5493056 states in the queue.
	8400000 states explored in 413.63s, with 47882896 rules fired and 5557268 states in the queue.
	8500000 states explored in 417.62s, with 48482958 rules fired and 5625822 states in the queue.
	8600000 states explored in 422.34s, with 49160395 rules fired and 5690030 states in the queue.
	8700000 states explored in 426.51s, with 49783086 rules fired and 5757289 states in the queue.
	8800000 states explored in 431.89s, with 50376931 rules fired and 5825305 states in the queue.
	8900000 states explored in 437.16s, with 50913387 rules fired and 5896666 states in the queue.
	9000000 states explored in 443.73s, with 51611607 rules fired and 5958533 states in the queue.
	9100000 states explored in 451.46s, with 52357110 rules fired and 6019846 states in the queue.
	9200000 states explored in 457.85s, with 52971328 rules fired and 6087891 states in the queue.
	9300000 states explored in 465.02s, with 53708653 rules fired and 6149143 states in the queue.
	9400000 states explored in 470.99s, with 54303660 rules fired and 6217467 states in the queue.
	9500000 states explored in 477.67s, with 54922439 rules fired and 6284427 states in the queue.
	9600000 states explored in 485.48s, with 55655302 rules fired and 6346862 states in the queue.
	9700000 states explored in 493.50s, with 56369941 rules fired and 6410095 states in the queue.
	9800000 states explored in 501.11s, with 57061505 rules fired and 6476662 states in the queue.
	9900000 states explored in 507.13s, with 57628887 rules fired and 6549185 states in the queue.
	10000000 states explored in 514.29s, with 58325983 rules fired and 6617624 states in the queue.
	10100000 states explored in 522.38s, with 59096533 rules fired and 6681209 states in the queue.
	10200000 states explored in 528.11s, with 59627590 rules fired and 6754433 states in the queue.
	10300000 states explored in 536.16s, with 60322828 rules fired and 6824212 states in the queue.
	10400000 states explored in 542.97s, with 60920659 rules fired and 6895192 states in the queue.
	10500000 states explored in 549.05s, with 61499836 rules fired and 6966756 states in the queue.
	10600000 states explored in 557.09s, with 62291177 rules fired and 7021735 states in the queue.
	10700000 states explored in 563.95s, with 62883373 rules fired and 7088584 states in the queue.
	10800000 states explored in 569.62s, with 63449234 rules fired and 7156110 states in the queue.
	10900000 states explored in 578.27s, with 64237493 rules fired and 7211974 states in the queue.
	11000000 states explored in 584.18s, with 64724644 rules fired and 7284944 states in the queue.
	11100000 states explored in 592.28s, with 65396568 rules fired and 7348242 states in the queue.
	11200000 states explored in 597.34s, with 66010761 rules fired and 7412372 states in the queue.
	11300000 states explored in 601.19s, with 66536560 rules fired and 7481158 states in the queue.
	11400000 states explored in 605.12s, with 67065397 rules fired and 7549960 states in the queue.
	11500000 states explored in 609.40s, with 67675608 rules fired and 7617165 states in the queue.
	11600000 states explored in 613.55s, with 68264411 rules fired and 7685488 states in the queue.
	11700000 states explored in 618.03s, with 68837234 rules fired and 7754659 states in the queue.
	11800000 states explored in 622.20s, with 69402671 rules fired and 7824394 states in the queue.
	11900000 states explored in 627.49s, with 70105113 rules fired and 7889690 states in the queue.
	12000000 states explored in 632.00s, with 70754094 rules fired and 7952314 states in the queue.
	12100000 states explored in 636.59s, with 71448573 rules fired and 8018096 states in the queue.
	12200000 states explored in 640.75s, with 72035282 rules fired and 8084996 states in the queue.
	12300000 states explored in 644.95s, with 72623600 rules fired and 8153517 states in the queue.
	12400000 states explored in 650.13s, with 73351897 rules fired and 8215302 states in the queue.
	12500000 states explored in 655.95s, with 74165482 rules fired and 8269727 states in the queue.
	12600000 states explored in 662.31s, with 75032291 rules fired and 8317096 states in the queue.
	12700000 states explored in 667.66s, with 75713283 rules fired and 8377149 states in the queue.
	12800000 states explored in 673.47s, with 76515579 rules fired and 8427057 states in the queue.
	12900000 states explored in 679.44s, with 77323654 rules fired and 8480185 states in the queue.
	13000000 states explored in 686.24s, with 78227052 rules fired and 8524426 states in the queue.
	13100000 states explored in 695.80s, with 79130677 rules fired and 8567302 states in the queue.
	13200000 states explored in 705.20s, with 80026333 rules fired and 8615258 states in the queue.
	13300000 states explored in 713.53s, with 80807931 rules fired and 8671835 states in the queue.

Error:

	Internal Error: Too many active states.



