This program should be regarded as a DEBUGGING aid, not as a 
certifier of correctness.
Call with the -l flag or read the license file for terms
and conditions of use.
Run this program with "-h" for the list of options.

Bugs, questions, and comments should be directed to
"melatti@di.uniroma1.it".

CMurphi compiler last modified date: Apr 10 2024
Include files last modified date:    Jul 23 2021
==========================================================================

==========================================================================
Caching Murphi Release 5.5.0
Finite-state Concurrent System Verifier.

Caching Murphi Release 5.5.0 is based on various versions of Murphi.
Caching Murphi Release 5.5.0 :
Copyright (C) 2009-2012 by Sapienza University of Rome.
Murphi release 3.1 :
Copyright (C) 1992 - 1999 by the Board of Trustees of
Leland Stanford Junior University.

==========================================================================

Protocol: ./protocols/exec/German_node8/German_node8_inv36
===========================================
  You are using EDMC algorithm.  
===========================================

===== Startstates are generated! =====
Carelist Layer 0: Cache[1].State Cache[2].State Cache[3].State Cache[4].State Cache[5].State Cache[6].State Cache[7].State Cache[8].State 
Attr: Cache[8].State Level: 0 Wi: 8
Attr: Cache[7].State Level: 0 Wi: 8
Attr: Cache[1].State Level: 0 Wi: 8
Attr: Cache[3].State Level: 0 Wi: 8
Attr: Cache[4].State Level: 0 Wi: 8
Attr: Cache[2].State Level: 0 Wi: 8
Attr: Cache[5].State Level: 0 Wi: 8
Attr: Cache[6].State Level: 0 Wi: 8

===== Init heuristics! =====

Progress Report:

	100000 states explored in 4.66s, with 185833 rules fired and 76032 states in the queue.
	200000 states explored in 6.31s, with 412588 rules fired and 145571 states in the queue.
	300000 states explored in 7.93s, with 632992 rules fired and 215128 states in the queue.
	400000 states explored in 9.78s, with 880082 rules fired and 281559 states in the queue.
	500000 states explored in 11.72s, with 1139149 rules fired and 348809 states in the queue.
	600000 states explored in 13.74s, with 1408864 rules fired and 412614 states in the queue.
	700000 states explored in 15.75s, with 1668530 rules fired and 473142 states in the queue.
	800000 states explored in 18.06s, with 1973190 rules fired and 532597 states in the queue.
	900000 states explored in 20.24s, with 2254250 rules fired and 597812 states in the queue.
	1000000 states explored in 22.47s, with 2547002 rules fired and 662113 states in the queue.
	1100000 states explored in 24.72s, with 2838530 rules fired and 725710 states in the queue.
	1200000 states explored in 26.98s, with 3122204 rules fired and 789415 states in the queue.
	1300000 states explored in 29.25s, with 3405703 rules fired and 848822 states in the queue.
	1400000 states explored in 31.53s, with 3678771 rules fired and 910157 states in the queue.
	1500000 states explored in 33.95s, with 3968270 rules fired and 970126 states in the queue.
	1600000 states explored in 36.20s, with 4240337 rules fired and 1033857 states in the queue.
	1700000 states explored in 38.82s, with 4555220 rules fired and 1093905 states in the queue.
	1800000 states explored in 41.01s, with 4824125 rules fired and 1160300 states in the queue.
	1900000 states explored in 43.69s, with 5136732 rules fired and 1222736 states in the queue.
	2000000 states explored in 46.45s, with 5475216 rules fired and 1282593 states in the queue.
	2100000 states explored in 48.95s, with 5780319 rules fired and 1345344 states in the queue.
	2200000 states explored in 51.96s, with 6148626 rules fired and 1405616 states in the queue.
	2300000 states explored in 55.08s, with 6512522 rules fired and 1465630 states in the queue.
	2400000 states explored in 58.09s, with 6871822 rules fired and 1526495 states in the queue.
	2500000 states explored in 61.22s, with 7260273 rules fired and 1586712 states in the queue.
	2600000 states explored in 63.84s, with 7563928 rules fired and 1649877 states in the queue.
	2700000 states explored in 66.66s, with 7895418 rules fired and 1710083 states in the queue.
	2800000 states explored in 69.63s, with 8222674 rules fired and 1771843 states in the queue.
	2900000 states explored in 73.25s, with 8616770 rules fired and 1833246 states in the queue.
	3000000 states explored in 75.71s, with 8894652 rules fired and 1895147 states in the queue.
	3100000 states explored in 78.01s, with 9172528 rules fired and 1953233 states in the queue.
	3200000 states explored in 80.54s, with 9464673 rules fired and 2007484 states in the queue.
	3300000 states explored in 82.93s, with 9739689 rules fired and 2066284 states in the queue.
	3400000 states explored in 85.57s, with 10073900 rules fired and 2124257 states in the queue.
	3500000 states explored in 87.98s, with 10353832 rules fired and 2190588 states in the queue.
	3600000 states explored in 90.62s, with 10635387 rules fired and 2253081 states in the queue.
	3700000 states explored in 93.27s, with 10919809 rules fired and 2314383 states in the queue.
	3800000 states explored in 96.04s, with 11227237 rules fired and 2372204 states in the queue.
	3900000 states explored in 99.11s, with 11559202 rules fired and 2431592 states in the queue.
	4000000 states explored in 101.30s, with 11865206 rules fired and 2490820 states in the queue.
	4100000 states explored in 103.68s, with 12220460 rules fired and 2550680 states in the queue.
	4200000 states explored in 106.24s, with 12608254 rules fired and 2607023 states in the queue.
	4300000 states explored in 108.60s, with 12994285 rules fired and 2662110 states in the queue.
	4400000 states explored in 111.03s, with 13368233 rules fired and 2721354 states in the queue.
	4500000 states explored in 112.98s, with 13625534 rules fired and 2786388 states in the queue.
	4600000 states explored in 115.36s, with 13929918 rules fired and 2844715 states in the queue.
	4700000 states explored in 117.50s, with 14244862 rules fired and 2898208 states in the queue.
	4800000 states explored in 119.81s, with 14578519 rules fired and 2956607 states in the queue.
	4900000 states explored in 122.21s, with 14928063 rules fired and 3014851 states in the queue.
	5000000 states explored in 124.94s, with 15337890 rules fired and 3070968 states in the queue.
	5100000 states explored in 127.59s, with 15699754 rules fired and 3130121 states in the queue.
	5200000 states explored in 130.23s, with 16049726 rules fired and 3187790 states in the queue.
	5300000 states explored in 132.53s, with 16368125 rules fired and 3248504 states in the queue.
	5400000 states explored in 134.73s, with 16661532 rules fired and 3312004 states in the queue.
	5500000 states explored in 137.21s, with 17033469 rules fired and 3365238 states in the queue.
	5600000 states explored in 140.02s, with 17397601 rules fired and 3421888 states in the queue.
	5700000 states explored in 142.65s, with 17769362 rules fired and 3480638 states in the queue.
	5800000 states explored in 145.36s, with 18171986 rules fired and 3537388 states in the queue.
	5900000 states explored in 148.23s, with 18578899 rules fired and 3594830 states in the queue.
	6000000 states explored in 151.30s, with 19035088 rules fired and 3648100 states in the queue.
	6100000 states explored in 154.45s, with 19478603 rules fired and 3704768 states in the queue.
	6200000 states explored in 157.75s, with 19930079 rules fired and 3764786 states in the queue.
	6300000 states explored in 160.72s, with 20341266 rules fired and 3825050 states in the queue.
	6400000 states explored in 162.91s, with 20626297 rules fired and 3891649 states in the queue.
	6500000 states explored in 165.37s, with 20960496 rules fired and 3951167 states in the queue.
	6600000 states explored in 167.68s, with 21275120 rules fired and 4012865 states in the queue.
	6700000 states explored in 170.54s, with 21665988 rules fired and 4067960 states in the queue.
	6800000 states explored in 173.42s, with 22070686 rules fired and 4114830 states in the queue.
	6900000 states explored in 176.05s, with 22376695 rules fired and 4172289 states in the queue.
	7000000 states explored in 178.78s, with 22692589 rules fired and 4227274 states in the queue.
	7100000 states explored in 181.42s, with 23024559 rules fired and 4281600 states in the queue.
	7200000 states explored in 184.37s, with 23410639 rules fired and 4327383 states in the queue.
	7300000 states explored in 187.03s, with 23713988 rules fired and 4387636 states in the queue.
	7400000 states explored in 189.60s, with 24020375 rules fired and 4444470 states in the queue.
	7500000 states explored in 192.33s, with 24354869 rules fired and 4500690 states in the queue.
	7600000 states explored in 195.26s, with 24711907 rules fired and 4553540 states in the queue.
	7700000 states explored in 197.48s, with 24998423 rules fired and 4618013 states in the queue.
	7800000 states explored in 199.75s, with 25294330 rules fired and 4681343 states in the queue.
	7900000 states explored in 202.19s, with 25592951 rules fired and 4748655 states in the queue.
	8000000 states explored in 204.46s, with 25888878 rules fired and 4815318 states in the queue.
	8100000 states explored in 206.83s, with 26163922 rules fired and 4882660 states in the queue.
	8200000 states explored in 209.46s, with 26455327 rules fired and 4950591 states in the queue.
	8300000 states explored in 212.23s, with 26772239 rules fired and 5014044 states in the queue.
	8400000 states explored in 214.76s, with 27049507 rules fired and 5076253 states in the queue.
	8500000 states explored in 217.14s, with 27299031 rules fired and 5140682 states in the queue.
	8600000 states explored in 220.00s, with 27601271 rules fired and 5201002 states in the queue.
	8700000 states explored in 223.26s, with 27936733 rules fired and 5258674 states in the queue.
	8800000 states explored in 226.02s, with 28244897 rules fired and 5319282 states in the queue.
	8900000 states explored in 228.51s, with 28516682 rules fired and 5385263 states in the queue.
	9000000 states explored in 231.45s, with 28809523 rules fired and 5448971 states in the queue.
	9100000 states explored in 234.47s, with 29131445 rules fired and 5509416 states in the queue.
	9200000 states explored in 237.94s, with 29492883 rules fired and 5570322 states in the queue.
	9300000 states explored in 241.60s, with 29869863 rules fired and 5630689 states in the queue.
	9400000 states explored in 245.21s, with 30240887 rules fired and 5691871 states in the queue.
	9500000 states explored in 248.09s, with 30520429 rules fired and 5752148 states in the queue.
	9600000 states explored in 251.32s, with 30825916 rules fired and 5808546 states in the queue.
	9700000 states explored in 254.36s, with 31180496 rules fired and 5863308 states in the queue.
	9800000 states explored in 257.94s, with 31499448 rules fired and 5921282 states in the queue.
	9900000 states explored in 262.48s, with 31845194 rules fired and 5978242 states in the queue.
	10000000 states explored in 267.77s, with 32256413 rules fired and 6033606 states in the queue.
	10100000 states explored in 270.93s, with 32563422 rules fired and 6094968 states in the queue.
	10200000 states explored in 274.09s, with 32874275 rules fired and 6154540 states in the queue.
	10300000 states explored in 277.61s, with 33209628 rules fired and 6213482 states in the queue.
	10400000 states explored in 281.50s, with 33516347 rules fired and 6269697 states in the queue.
	10500000 states explored in 287.98s, with 33900331 rules fired and 6325845 states in the queue.
	10600000 states explored in 292.71s, with 34180328 rules fired and 6387948 states in the queue.
	10700000 states explored in 296.83s, with 34439488 rules fired and 6450770 states in the queue.
	10800000 states explored in 301.33s, with 34699269 rules fired and 6513155 states in the queue.
	10900000 states explored in 305.98s, with 34961701 rules fired and 6574112 states in the queue.
	11000000 states explored in 310.73s, with 35257721 rules fired and 6635245 states in the queue.
	11100000 states explored in 316.25s, with 35596730 rules fired and 6694754 states in the queue.
	11200000 states explored in 322.02s, with 35949225 rules fired and 6754576 states in the queue.
	11300000 states explored in 327.85s, with 36273960 rules fired and 6814381 states in the queue.
	11400000 states explored in 333.57s, with 36638390 rules fired and 6868405 states in the queue.
	11500000 states explored in 339.27s, with 36963526 rules fired and 6925287 states in the queue.
	11600000 states explored in 345.27s, with 37273679 rules fired and 6983844 states in the queue.
	11700000 states explored in 351.11s, with 37583559 rules fired and 7040907 states in the queue.
	11800000 states explored in 356.74s, with 37906996 rules fired and 7102942 states in the queue.
	11900000 states explored in 362.50s, with 38226692 rules fired and 7164678 states in the queue.
	12000000 states explored in 368.67s, with 38587875 rules fired and 7226076 states in the queue.
	12100000 states explored in 375.46s, with 38973971 rules fired and 7286792 states in the queue.
	12200000 states explored in 381.88s, with 39374489 rules fired and 7342893 states in the queue.
	12300000 states explored in 389.08s, with 39806151 rules fired and 7401271 states in the queue.
	12400000 states explored in 396.41s, with 40225533 rules fired and 7460100 states in the queue.
	12500000 states explored in 403.42s, with 40588895 rules fired and 7519750 states in the queue.
	12600000 states explored in 410.99s, with 41007704 rules fired and 7575798 states in the queue.
	12700000 states explored in 416.80s, with 41318769 rules fired and 7638183 states in the queue.
	12800000 states explored in 420.95s, with 41675749 rules fired and 7697903 states in the queue.
	12900000 states explored in 425.70s, with 42079938 rules fired and 7755636 states in the queue.
	13000000 states explored in 430.54s, with 42478872 rules fired and 7816893 states in the queue.
	13100000 states explored in 434.80s, with 42823442 rules fired and 7882999 states in the queue.
	13200000 states explored in 439.16s, with 43171424 rules fired and 7943736 states in the queue.
	13300000 states explored in 444.58s, with 43580417 rules fired and 8001621 states in the queue.
	13400000 states explored in 447.49s, with 43808063 rules fired and 8071963 states in the queue.
	13500000 states explored in 450.86s, with 44058177 rules fired and 8141127 states in the queue.
	13600000 states explored in 454.08s, with 44333687 rules fired and 8206935 states in the queue.
	13700000 states explored in 458.19s, with 44673856 rules fired and 8272086 states in the queue.
	13800000 states explored in 461.75s, with 44933896 rules fired and 8338824 states in the queue.
	13900000 states explored in 465.14s, with 45178966 rules fired and 8407240 states in the queue.
	14000000 states explored in 467.50s, with 45368219 rules fired and 8487140 states in the queue.
	14100000 states explored in 470.18s, with 45573569 rules fired and 8565893 states in the queue.
	14200000 states explored in 472.73s, with 45801024 rules fired and 8635459 states in the queue.

Error:

	Internal Error: Too many active states.



