This program should be regarded as a DEBUGGING aid, not as a 
certifier of correctness.
Call with the -l flag or read the license file for terms
and conditions of use.
Run this program with "-h" for the list of options.

Bugs, questions, and comments should be directed to
"melatti@di.uniroma1.it".

CMurphi compiler last modified date: Apr 10 2024
Include files last modified date:    Jul 23 2021
==========================================================================

==========================================================================
Caching Murphi Release 5.5.0
Finite-state Concurrent System Verifier.

Caching Murphi Release 5.5.0 is based on various versions of Murphi.
Caching Murphi Release 5.5.0 :
Copyright (C) 2009-2012 by Sapienza University of Rome.
Murphi release 3.1 :
Copyright (C) 1992 - 1999 by the Board of Trustees of
Leland Stanford Junior University.

==========================================================================

Protocol: ./protocols/exec/German_node8/German_node8_inv101
===========================================
  You are using LS algorithm.  
===========================================

===== Startstates are generated! =====
Carelist Layer 0: Cache[1].State Cache[2].State Cache[3].State Cache[4].State Cache[5].State Cache[6].State Cache[7].State Cache[8].State 
Attr: Cache[8].State Level: 0 Wi: 8
Attr: Cache[7].State Level: 0 Wi: 8
Attr: Cache[1].State Level: 0 Wi: 8
Attr: Cache[3].State Level: 0 Wi: 8
Attr: Cache[4].State Level: 0 Wi: 8
Attr: Cache[2].State Level: 0 Wi: 8
Attr: Cache[5].State Level: 0 Wi: 8
Attr: Cache[6].State Level: 0 Wi: 8

===== Init heuristics! =====

Progress Report:

	100000 states explored in 5.51s, with 285081 rules fired and 79579 states in the queue.
	200000 states explored in 7.89s, with 595447 rules fired and 157770 states in the queue.
	300000 states explored in 10.28s, with 904078 rules fired and 239013 states in the queue.
	400000 states explored in 12.65s, with 1207941 rules fired and 319227 states in the queue.
	500000 states explored in 15.13s, with 1523304 rules fired and 399759 states in the queue.
	600000 states explored in 17.73s, with 1856555 rules fired and 480777 states in the queue.
	700000 states explored in 20.48s, with 2191181 rules fired and 561007 states in the queue.
	800000 states explored in 23.64s, with 2533065 rules fired and 642506 states in the queue.
	900000 states explored in 26.73s, with 2871687 rules fired and 724428 states in the queue.
	1000000 states explored in 30.09s, with 3241586 rules fired and 805368 states in the queue.
	1100000 states explored in 33.59s, with 3618602 rules fired and 881670 states in the queue.
	1200000 states explored in 37.09s, with 4005197 rules fired and 956280 states in the queue.
	1300000 states explored in 40.49s, with 4418451 rules fired and 1027768 states in the queue.
	1400000 states explored in 45.14s, with 4888987 rules fired and 1095320 states in the queue.
	1500000 states explored in 49.37s, with 5312208 rules fired and 1166697 states in the queue.
	1600000 states explored in 53.09s, with 5723880 rules fired and 1239491 states in the queue.
	1700000 states explored in 56.01s, with 6164526 rules fired and 1311169 states in the queue.
	1800000 states explored in 59.04s, with 6594766 rules fired and 1384293 states in the queue.
	1900000 states explored in 62.31s, with 7065425 rules fired and 1454673 states in the queue.
	2000000 states explored in 65.54s, with 7546679 rules fired and 1525286 states in the queue.
	2100000 states explored in 68.45s, with 7968486 rules fired and 1599246 states in the queue.
	2200000 states explored in 71.76s, with 8429812 rules fired and 1670973 states in the queue.
	2300000 states explored in 74.90s, with 8883548 rules fired and 1742342 states in the queue.
	2400000 states explored in 77.78s, with 9328160 rules fired and 1813518 states in the queue.
	2500000 states explored in 81.35s, with 9845255 rules fired and 1878835 states in the queue.
	2600000 states explored in 84.46s, with 10302023 rules fired and 1948058 states in the queue.
	2700000 states explored in 87.72s, with 10764994 rules fired and 2014645 states in the queue.
	2800000 states explored in 92.23s, with 11317926 rules fired and 2078433 states in the queue.
	2900000 states explored in 96.26s, with 11877330 rules fired and 2143647 states in the queue.
	3000000 states explored in 100.24s, with 12408008 rules fired and 2212822 states in the queue.
	3100000 states explored in 104.04s, with 12896362 rules fired and 2282462 states in the queue.
	3200000 states explored in 107.94s, with 13415451 rules fired and 2350584 states in the queue.
	3300000 states explored in 111.54s, with 13895296 rules fired and 2419883 states in the queue.
	3400000 states explored in 114.29s, with 14234850 rules fired and 2495886 states in the queue.
	3500000 states explored in 117.45s, with 14634829 rules fired and 2571772 states in the queue.
	3600000 states explored in 120.72s, with 15080933 rules fired and 2644338 states in the queue.
	3700000 states explored in 123.91s, with 15470157 rules fired and 2722823 states in the queue.
	3800000 states explored in 128.43s, with 15920886 rules fired and 2796034 states in the queue.
	3900000 states explored in 134.00s, with 16382865 rules fired and 2871367 states in the queue.
	4000000 states explored in 139.53s, with 16863134 rules fired and 2942452 states in the queue.
	4100000 states explored in 144.94s, with 17333183 rules fired and 3014218 states in the queue.
	4200000 states explored in 150.57s, with 17824637 rules fired and 3083336 states in the queue.
	4300000 states explored in 156.81s, with 18310582 rules fired and 3154105 states in the queue.
	4400000 states explored in 161.45s, with 18811284 rules fired and 3222588 states in the queue.
	4500000 states explored in 164.92s, with 19270660 rules fired and 3292616 states in the queue.
	4600000 states explored in 169.07s, with 19788195 rules fired and 3360728 states in the queue.
	4700000 states explored in 173.56s, with 20351126 rules fired and 3427918 states in the queue.
	4800000 states explored in 177.52s, with 20821096 rules fired and 3498366 states in the queue.
	4900000 states explored in 181.94s, with 21299790 rules fired and 3571169 states in the queue.
	5000000 states explored in 186.56s, with 21824790 rules fired and 3637622 states in the queue.
	5100000 states explored in 191.18s, with 22360106 rules fired and 3701938 states in the queue.
	5200000 states explored in 195.89s, with 22890570 rules fired and 3767691 states in the queue.
	5300000 states explored in 201.67s, with 23439774 rules fired and 3837158 states in the queue.
	5400000 states explored in 207.98s, with 24015183 rules fired and 3905078 states in the queue.
	5500000 states explored in 214.57s, with 24734014 rules fired and 3966339 states in the queue.
	5600000 states explored in 220.22s, with 25416625 rules fired and 4031773 states in the queue.
	5700000 states explored in 225.52s, with 25994099 rules fired and 4097088 states in the queue.
	5800000 states explored in 231.68s, with 26680660 rules fired and 4158876 states in the queue.
	5900000 states explored in 238.23s, with 27469510 rules fired and 4216940 states in the queue.
	6000000 states explored in 243.06s, with 27985637 rules fired and 4286095 states in the queue.
	6100000 states explored in 248.81s, with 28622715 rules fired and 4347632 states in the queue.
	6200000 states explored in 255.45s, with 29252915 rules fired and 4408234 states in the queue.
	6300000 states explored in 264.74s, with 29951947 rules fired and 4467414 states in the queue.
	6400000 states explored in 271.88s, with 30546799 rules fired and 4534548 states in the queue.
	6500000 states explored in 278.04s, with 31217100 rules fired and 4591998 states in the queue.
	6600000 states explored in 282.70s, with 31690027 rules fired and 4661908 states in the queue.
	6700000 states explored in 288.52s, with 32161957 rules fired and 4733820 states in the queue.
	6800000 states explored in 293.09s, with 32605790 rules fired and 4805875 states in the queue.
	6900000 states explored in 296.93s, with 33137244 rules fired and 4874803 states in the queue.
	7000000 states explored in 303.05s, with 33684041 rules fired and 4944442 states in the queue.
	7100000 states explored in 310.54s, with 34179206 rules fired and 5013339 states in the queue.
	7200000 states explored in 316.15s, with 34712580 rules fired and 5081306 states in the queue.
	7300000 states explored in 321.99s, with 35271890 rules fired and 5147414 states in the queue.
	7400000 states explored in 326.92s, with 35852790 rules fired and 5211737 states in the queue.
	7500000 states explored in 332.91s, with 36462168 rules fired and 5270851 states in the queue.
	7600000 states explored in 338.87s, with 37098628 rules fired and 5329922 states in the queue.
	7700000 states explored in 343.98s, with 37692875 rules fired and 5391083 states in the queue.
	7800000 states explored in 348.95s, with 38219888 rules fired and 5456781 states in the queue.
	7900000 states explored in 355.33s, with 38826052 rules fired and 5517868 states in the queue.
	8000000 states explored in 361.44s, with 39383148 rules fired and 5582900 states in the queue.
	8100000 states explored in 367.33s, with 39941660 rules fired and 5652238 states in the queue.
	8200000 states explored in 372.90s, with 40517446 rules fired and 5715659 states in the queue.
	8300000 states explored in 379.17s, with 41087630 rules fired and 5778881 states in the queue.
	8400000 states explored in 384.07s, with 41555010 rules fired and 5846951 states in the queue.
	8500000 states explored in 386.39s, with 41877392 rules fired and 5920992 states in the queue.
	8600000 states explored in 388.36s, with 42181279 rules fired and 5998213 states in the queue.
	8700000 states explored in 390.06s, with 42445121 rules fired and 6078734 states in the queue.
	8800000 states explored in 391.84s, with 42722869 rules fired and 6160896 states in the queue.
	8900000 states explored in 393.82s, with 43034860 rules fired and 6239839 states in the queue.
	9000000 states explored in 395.68s, with 43327403 rules fired and 6320894 states in the queue.
	9100000 states explored in 397.66s, with 43642720 rules fired and 6401331 states in the queue.
	9200000 states explored in 399.67s, with 43958105 rules fired and 6484170 states in the queue.
	9300000 states explored in 401.98s, with 44294680 rules fired and 6561885 states in the queue.
	9400000 states explored in 403.89s, with 44571360 rules fired and 6642751 states in the queue.
	9500000 states explored in 405.87s, with 44861440 rules fired and 6723066 states in the queue.
	9600000 states explored in 408.15s, with 45205121 rules fired and 6801685 states in the queue.
	9700000 states explored in 410.63s, with 45507688 rules fired and 6883263 states in the queue.
	9800000 states explored in 413.80s, with 45862080 rules fired and 6963086 states in the queue.
	9900000 states explored in 415.75s, with 46149672 rules fired and 7046208 states in the queue.
	10000000 states explored in 418.38s, with 46462820 rules fired and 7127507 states in the queue.
	10100000 states explored in 421.85s, with 46815081 rules fired and 7208473 states in the queue.
	10200000 states explored in 424.99s, with 47179865 rules fired and 7289968 states in the queue.
	10300000 states explored in 427.59s, with 47567760 rules fired and 7370327 states in the queue.
	10400000 states explored in 429.97s, with 47911489 rules fired and 7447659 states in the queue.
	10500000 states explored in 432.37s, with 48268604 rules fired and 7524358 states in the queue.
	10600000 states explored in 434.55s, with 48584547 rules fired and 7604797 states in the queue.
	10700000 states explored in 436.65s, with 48887003 rules fired and 7687178 states in the queue.
	10800000 states explored in 438.75s, with 49194436 rules fired and 7770646 states in the queue.
	10900000 states explored in 441.12s, with 49522739 rules fired and 7853794 states in the queue.
	11000000 states explored in 443.68s, with 49882501 rules fired and 7935550 states in the queue.
	11100000 states explored in 445.89s, with 50211520 rules fired and 8014858 states in the queue.
	11200000 states explored in 449.57s, with 50611832 rules fired and 8093609 states in the queue.
	11300000 states explored in 452.17s, with 50967854 rules fired and 8172454 states in the queue.
	11400000 states explored in 454.67s, with 51322893 rules fired and 8250655 states in the queue.
	11500000 states explored in 456.97s, with 51661541 rules fired and 8328580 states in the queue.
	11600000 states explored in 459.58s, with 52025637 rules fired and 8407372 states in the queue.
	11700000 states explored in 461.97s, with 52350852 rules fired and 8490520 states in the queue.
	11800000 states explored in 464.60s, with 52705543 rules fired and 8572428 states in the queue.
	11900000 states explored in 468.52s, with 53077910 rules fired and 8651354 states in the queue.

Error:

	Internal Error: Too many active states.



