This program should be regarded as a DEBUGGING aid, not as a 
certifier of correctness.
Call with the -l flag or read the license file for terms
and conditions of use.
Run this program with "-h" for the list of options.

Bugs, questions, and comments should be directed to
"melatti@di.uniroma1.it".

CMurphi compiler last modified date: Apr 10 2024
Include files last modified date:    Jul 23 2021
==========================================================================

==========================================================================
Caching Murphi Release 5.5.0
Finite-state Concurrent System Verifier.

Caching Murphi Release 5.5.0 is based on various versions of Murphi.
Caching Murphi Release 5.5.0 :
Copyright (C) 2009-2012 by Sapienza University of Rome.
Murphi release 3.1 :
Copyright (C) 1992 - 1999 by the Board of Trustees of
Leland Stanford Junior University.

==========================================================================

Protocol: ./protocols/exec/German_node8/German_node8_inv198
===========================================
  You are using LS algorithm.  
===========================================

===== Startstates are generated! =====
Carelist Layer 0: Cache[1].State Cache[2].State Cache[3].State Cache[4].State Cache[5].State Cache[6].State Cache[7].State Cache[8].State 
Attr: Cache[8].State Level: 0 Wi: 8
Attr: Cache[7].State Level: 0 Wi: 8
Attr: Cache[1].State Level: 0 Wi: 8
Attr: Cache[3].State Level: 0 Wi: 8
Attr: Cache[4].State Level: 0 Wi: 8
Attr: Cache[2].State Level: 0 Wi: 8
Attr: Cache[5].State Level: 0 Wi: 8
Attr: Cache[6].State Level: 0 Wi: 8

===== Init heuristics! =====

Progress Report:

	100000 states explored in 5.38s, with 391194 rules fired and 72643 states in the queue.
	200000 states explored in 8.20s, with 855415 rules fired and 141207 states in the queue.
	300000 states explored in 11.62s, with 1389799 rules fired and 202625 states in the queue.
	400000 states explored in 15.04s, with 1925627 rules fired and 260690 states in the queue.
	500000 states explored in 16.83s, with 2224222 rules fired and 340075 states in the queue.
	600000 states explored in 19.22s, with 2617925 rules fired and 411742 states in the queue.
	700000 states explored in 21.30s, with 2954167 rules fired and 488784 states in the queue.
	800000 states explored in 23.25s, with 3260095 rules fired and 567815 states in the queue.
	900000 states explored in 25.20s, with 3567237 rules fired and 649155 states in the queue.

==========================================================================

Result:

	Invariant "test_198" failed.

State Space Explored:

	966298 states, 3762721 rules fired in 26.46s.

