This program should be regarded as a DEBUGGING aid, not as a 
certifier of correctness.
Call with the -l flag or read the license file for terms
and conditions of use.
Run this program with "-h" for the list of options.

Bugs, questions, and comments should be directed to
"melatti@di.uniroma1.it".

CMurphi compiler last modified date: Apr 10 2024
Include files last modified date:    Jul 23 2021
==========================================================================

==========================================================================
Caching Murphi Release 5.5.0
Finite-state Concurrent System Verifier.

Caching Murphi Release 5.5.0 is based on various versions of Murphi.
Caching Murphi Release 5.5.0 :
Copyright (C) 2009-2012 by Sapienza University of Rome.
Murphi release 3.1 :
Copyright (C) 1992 - 1999 by the Board of Trustees of
Leland Stanford Junior University.

==========================================================================

Protocol: ./protocols/exec/German_node8/German_node8_inv112
===========================================
  You are using LS algorithm.  
===========================================

===== Startstates are generated! =====
Carelist Layer 0: Cache[1].State Cache[2].State Cache[3].State Cache[4].State Cache[5].State Cache[6].State Cache[7].State Cache[8].State 
Attr: Cache[8].State Level: 0 Wi: 8
Attr: Cache[7].State Level: 0 Wi: 8
Attr: Cache[1].State Level: 0 Wi: 8
Attr: Cache[3].State Level: 0 Wi: 8
Attr: Cache[4].State Level: 0 Wi: 8
Attr: Cache[2].State Level: 0 Wi: 8
Attr: Cache[5].State Level: 0 Wi: 8
Attr: Cache[6].State Level: 0 Wi: 8

===== Init heuristics! =====

Progress Report:

	100000 states explored in 5.42s, with 243477 rules fired and 86029 states in the queue.
	200000 states explored in 7.66s, with 498615 rules fired and 169041 states in the queue.
	300000 states explored in 9.98s, with 759938 rules fired and 250481 states in the queue.
	400000 states explored in 12.30s, with 1018492 rules fired and 332100 states in the queue.
	500000 states explored in 14.48s, with 1293626 rules fired and 413590 states in the queue.
	600000 states explored in 16.21s, with 1568635 rules fired and 493728 states in the queue.
	700000 states explored in 17.84s, with 1823152 rules fired and 576100 states in the queue.
	800000 states explored in 20.19s, with 2098095 rules fired and 658535 states in the queue.
	900000 states explored in 21.99s, with 2397334 rules fired and 739821 states in the queue.
	1000000 states explored in 23.66s, with 2666910 rules fired and 821525 states in the queue.
	1100000 states explored in 25.42s, with 2948815 rules fired and 900852 states in the queue.
	1200000 states explored in 27.15s, with 3216371 rules fired and 983489 states in the queue.
	1300000 states explored in 28.90s, with 3490615 rules fired and 1067084 states in the queue.
	1400000 states explored in 30.61s, with 3759338 rules fired and 1150920 states in the queue.
	1500000 states explored in 32.48s, with 4054317 rules fired and 1234533 states in the queue.
	1600000 states explored in 34.13s, with 4320790 rules fired and 1318003 states in the queue.
	1700000 states explored in 36.00s, with 4618879 rules fired and 1400521 states in the queue.
	1800000 states explored in 37.93s, with 4923477 rules fired and 1484606 states in the queue.
	1900000 states explored in 39.68s, with 5176654 rules fired and 1567856 states in the queue.
	2000000 states explored in 42.18s, with 5444191 rules fired and 1652093 states in the queue.
	2100000 states explored in 45.02s, with 5734766 rules fired and 1735828 states in the queue.
	2200000 states explored in 47.68s, with 6001033 rules fired and 1817825 states in the queue.
	2300000 states explored in 50.81s, with 6303583 rules fired and 1900806 states in the queue.
	2400000 states explored in 53.95s, with 6616652 rules fired and 1983696 states in the queue.
	2500000 states explored in 56.64s, with 6880346 rules fired and 2065850 states in the queue.
	2600000 states explored in 59.36s, with 7158407 rules fired and 2149233 states in the queue.
	2700000 states explored in 62.07s, with 7421775 rules fired and 2230465 states in the queue.
	2800000 states explored in 65.17s, with 7728101 rules fired and 2312068 states in the queue.
	2900000 states explored in 68.20s, with 8027514 rules fired and 2393351 states in the queue.
	3000000 states explored in 71.34s, with 8334639 rules fired and 2475613 states in the queue.
	3100000 states explored in 74.55s, with 8654146 rules fired and 2556784 states in the queue.
	3200000 states explored in 78.04s, with 9009540 rules fired and 2636444 states in the queue.
	3300000 states explored in 81.27s, with 9323996 rules fired and 2717413 states in the queue.
	3400000 states explored in 84.43s, with 9641766 rules fired and 2797334 states in the queue.
	3500000 states explored in 87.25s, with 9924097 rules fired and 2879973 states in the queue.
	3600000 states explored in 90.36s, with 10233031 rules fired and 2962311 states in the queue.
	3700000 states explored in 93.80s, with 10572064 rules fired and 3044150 states in the queue.
	3800000 states explored in 96.94s, with 10893000 rules fired and 3123299 states in the queue.
	3900000 states explored in 99.81s, with 11180631 rules fired and 3204614 states in the queue.
	4000000 states explored in 103.06s, with 11498979 rules fired and 3285128 states in the queue.
	4100000 states explored in 106.60s, with 11834608 rules fired and 3367378 states in the queue.
	4200000 states explored in 110.10s, with 12189294 rules fired and 3448044 states in the queue.
	4300000 states explored in 113.60s, with 12525525 rules fired and 3528740 states in the queue.
	4400000 states explored in 117.43s, with 12889521 rules fired and 3609811 states in the queue.
	4500000 states explored in 120.66s, with 13243938 rules fired and 3691443 states in the queue.
	4600000 states explored in 123.27s, with 13620411 rules fired and 3772563 states in the queue.
	4700000 states explored in 125.73s, with 13964769 rules fired and 3852678 states in the queue.
	4800000 states explored in 128.53s, with 14346114 rules fired and 3933219 states in the queue.
	4900000 states explored in 131.11s, with 14698479 rules fired and 4014599 states in the queue.
	5000000 states explored in 133.57s, with 15031474 rules fired and 4097267 states in the queue.
	5100000 states explored in 135.67s, with 15330927 rules fired and 4180144 states in the queue.
	5200000 states explored in 137.67s, with 15615272 rules fired and 4264204 states in the queue.
	5300000 states explored in 140.07s, with 15903178 rules fired and 4348005 states in the queue.
	5400000 states explored in 142.37s, with 16224104 rules fired and 4431128 states in the queue.
	5500000 states explored in 144.49s, with 16520166 rules fired and 4512074 states in the queue.
	5600000 states explored in 146.83s, with 16820768 rules fired and 4595268 states in the queue.
	5700000 states explored in 149.33s, with 17153926 rules fired and 4678698 states in the queue.
	5800000 states explored in 151.81s, with 17485907 rules fired and 4761680 states in the queue.
	5900000 states explored in 154.42s, with 17836565 rules fired and 4845221 states in the queue.
	6000000 states explored in 156.57s, with 18160652 rules fired and 4926926 states in the queue.
	6100000 states explored in 159.16s, with 18523077 rules fired and 5007538 states in the queue.
	6200000 states explored in 161.20s, with 18804882 rules fired and 5088590 states in the queue.
	6300000 states explored in 163.44s, with 19100516 rules fired and 5171207 states in the queue.
	6400000 states explored in 165.57s, with 19404976 rules fired and 5251580 states in the queue.
	6500000 states explored in 167.92s, with 19715769 rules fired and 5334303 states in the queue.
	6600000 states explored in 170.46s, with 20048835 rules fired and 5416495 states in the queue.
	6700000 states explored in 172.97s, with 20399517 rules fired and 5496635 states in the queue.
	6800000 states explored in 175.32s, with 20699630 rules fired and 5581167 states in the queue.
	6900000 states explored in 177.94s, with 21024290 rules fired and 5664587 states in the queue.
	7000000 states explored in 180.47s, with 21342424 rules fired and 5748833 states in the queue.
	7100000 states explored in 182.98s, with 21644495 rules fired and 5833671 states in the queue.
	7200000 states explored in 185.60s, with 21973672 rules fired and 5917133 states in the queue.
	7300000 states explored in 188.38s, with 22315149 rules fired and 6001042 states in the queue.
	7400000 states explored in 191.21s, with 22670087 rules fired and 6085523 states in the queue.
	7500000 states explored in 193.74s, with 23008712 rules fired and 6168255 states in the queue.
	7600000 states explored in 196.25s, with 23356995 rules fired and 6249226 states in the queue.
	7700000 states explored in 198.55s, with 23694332 rules fired and 6329712 states in the queue.
	7800000 states explored in 200.85s, with 24032879 rules fired and 6408354 states in the queue.
	7900000 states explored in 203.35s, with 24400859 rules fired and 6488293 states in the queue.
	8000000 states explored in 206.76s, with 24743899 rules fired and 6570320 states in the queue.
	8100000 states explored in 210.66s, with 25101824 rules fired and 6652971 states in the queue.
	8200000 states explored in 214.77s, with 25486762 rules fired and 6733116 states in the queue.
	8300000 states explored in 218.45s, with 25863823 rules fired and 6813542 states in the queue.
	8400000 states explored in 221.69s, with 26230443 rules fired and 6894160 states in the queue.
	8500000 states explored in 224.93s, with 26590310 rules fired and 6973772 states in the queue.
	8600000 states explored in 228.97s, with 26948940 rules fired and 7055414 states in the queue.
	8700000 states explored in 232.96s, with 27343496 rules fired and 7134373 states in the queue.
	8800000 states explored in 236.34s, with 27697762 rules fired and 7211110 states in the queue.
	8900000 states explored in 239.61s, with 28065397 rules fired and 7291132 states in the queue.
	9000000 states explored in 241.94s, with 28371336 rules fired and 7371537 states in the queue.
	9100000 states explored in 245.23s, with 28751516 rules fired and 7452122 states in the queue.
	9200000 states explored in 248.24s, with 29078489 rules fired and 7533538 states in the queue.
	9300000 states explored in 250.81s, with 29425028 rules fired and 7611850 states in the queue.
	9400000 states explored in 253.53s, with 29776586 rules fired and 7693118 states in the queue.
	9500000 states explored in 256.70s, with 30156397 rules fired and 7776162 states in the queue.
	9600000 states explored in 259.38s, with 30542963 rules fired and 7854153 states in the queue.
	9700000 states explored in 262.63s, with 30958567 rules fired and 7934748 states in the queue.
	9800000 states explored in 264.98s, with 31311131 rules fired and 8011625 states in the queue.
	9900000 states explored in 267.79s, with 31722542 rules fired and 8087437 states in the queue.
	10000000 states explored in 270.73s, with 32103765 rules fired and 8167105 states in the queue.
	10100000 states explored in 273.67s, with 32511498 rules fired and 8245016 states in the queue.
	10200000 states explored in 276.66s, with 32916628 rules fired and 8324493 states in the queue.
	10300000 states explored in 279.64s, with 33336829 rules fired and 8401527 states in the queue.
	10400000 states explored in 282.55s, with 33737520 rules fired and 8480742 states in the queue.
	10500000 states explored in 285.07s, with 34113431 rules fired and 8560126 states in the queue.
	10600000 states explored in 287.75s, with 34481531 rules fired and 8641898 states in the queue.

Error:

	Internal Error: Too many active states.



