This program should be regarded as a DEBUGGING aid, not as a 
certifier of correctness.
Call with the -l flag or read the license file for terms
and conditions of use.
Run this program with "-h" for the list of options.

Bugs, questions, and comments should be directed to
"melatti@di.uniroma1.it".

CMurphi compiler last modified date: Apr 10 2024
Include files last modified date:    Jul 23 2021
==========================================================================

==========================================================================
Caching Murphi Release 5.5.0
Finite-state Concurrent System Verifier.

Caching Murphi Release 5.5.0 is based on various versions of Murphi.
Caching Murphi Release 5.5.0 :
Copyright (C) 2009-2012 by Sapienza University of Rome.
Murphi release 3.1 :
Copyright (C) 1992 - 1999 by the Board of Trustees of
Leland Stanford Junior University.

==========================================================================

Protocol: ./protocols/exec/German_node8/German_node8_inv197
===========================================
  You are using LS algorithm.  
===========================================

===== Startstates are generated! =====
Carelist Layer 0: Cache[1].State Cache[2].State Cache[3].State Cache[4].State Cache[5].State Cache[6].State Cache[7].State Cache[8].State 
Attr: Cache[8].State Level: 0 Wi: 8
Attr: Cache[7].State Level: 0 Wi: 8
Attr: Cache[1].State Level: 0 Wi: 8
Attr: Cache[3].State Level: 0 Wi: 8
Attr: Cache[4].State Level: 0 Wi: 8
Attr: Cache[2].State Level: 0 Wi: 8
Attr: Cache[5].State Level: 0 Wi: 8
Attr: Cache[6].State Level: 0 Wi: 8

===== Init heuristics! =====

Progress Report:

	100000 states explored in 5.95s, with 334762 rules fired and 78516 states in the queue.
	200000 states explored in 9.81s, with 815465 rules fired and 146711 states in the queue.
	300000 states explored in 13.08s, with 1216988 rules fired and 221282 states in the queue.
	400000 states explored in 15.83s, with 1548100 rules fired and 302053 states in the queue.
	500000 states explored in 19.33s, with 1958869 rules fired and 379534 states in the queue.
	600000 states explored in 24.13s, with 2508024 rules fired and 446260 states in the queue.
	700000 states explored in 26.83s, with 2845667 rules fired and 524938 states in the queue.
	800000 states explored in 29.80s, with 3219404 rules fired and 600579 states in the queue.
	900000 states explored in 33.08s, with 3629288 rules fired and 676826 states in the queue.
	1000000 states explored in 36.51s, with 4061196 rules fired and 752116 states in the queue.
	1100000 states explored in 39.51s, with 4440639 rules fired and 828616 states in the queue.
	1200000 states explored in 41.81s, with 4726546 rules fired and 906803 states in the queue.
	1300000 states explored in 44.48s, with 5054398 rules fired and 983473 states in the queue.
	1400000 states explored in 47.46s, with 5407322 rules fired and 1061051 states in the queue.
	1500000 states explored in 49.96s, with 5709538 rules fired and 1138677 states in the queue.
	1600000 states explored in 52.68s, with 6034155 rules fired and 1217995 states in the queue.
	1700000 states explored in 55.37s, with 6363773 rules fired and 1297578 states in the queue.
	1800000 states explored in 57.68s, with 6647991 rules fired and 1378421 states in the queue.
	1900000 states explored in 60.17s, with 6951108 rules fired and 1460560 states in the queue.
	2000000 states explored in 62.60s, with 7244733 rules fired and 1539973 states in the queue.
	2100000 states explored in 65.30s, with 7568185 rules fired and 1620752 states in the queue.
	2200000 states explored in 68.10s, with 7889800 rules fired and 1702153 states in the queue.
	2300000 states explored in 71.05s, with 8240660 rules fired and 1783824 states in the queue.
	2400000 states explored in 73.91s, with 8575814 rules fired and 1861000 states in the queue.
	2500000 states explored in 76.50s, with 8874957 rules fired and 1941939 states in the queue.
	2600000 states explored in 79.40s, with 9213832 rules fired and 2021432 states in the queue.
	2700000 states explored in 82.36s, with 9542933 rules fired and 2104087 states in the queue.
	2800000 states explored in 85.21s, with 9872308 rules fired and 2181218 states in the queue.
	2900000 states explored in 88.30s, with 10229811 rules fired and 2260502 states in the queue.
	3000000 states explored in 91.60s, with 10596311 rules fired and 2338480 states in the queue.
	3100000 states explored in 94.57s, with 10931600 rules fired and 2420031 states in the queue.
	3200000 states explored in 97.80s, with 11286393 rules fired and 2501776 states in the queue.
	3300000 states explored in 101.26s, with 11663781 rules fired and 2580676 states in the queue.
	3400000 states explored in 104.60s, with 12021187 rules fired and 2662389 states in the queue.
	3500000 states explored in 107.79s, with 12374822 rules fired and 2744812 states in the queue.
	3600000 states explored in 110.88s, with 12723993 rules fired and 2824036 states in the queue.
	3700000 states explored in 113.61s, with 13036335 rules fired and 2904314 states in the queue.
	3800000 states explored in 116.63s, with 13364440 rules fired and 2984565 states in the queue.
	3900000 states explored in 119.91s, with 13721989 rules fired and 3065483 states in the queue.
	4000000 states explored in 123.36s, with 14102164 rules fired and 3144262 states in the queue.
	4100000 states explored in 126.91s, with 14486024 rules fired and 3223330 states in the queue.
	4200000 states explored in 130.22s, with 14824799 rules fired and 3304984 states in the queue.
	4300000 states explored in 133.36s, with 15155042 rules fired and 3388137 states in the queue.
	4400000 states explored in 136.68s, with 15509718 rules fired and 3471556 states in the queue.
	4500000 states explored in 140.29s, with 15905986 rules fired and 3550328 states in the queue.
	4600000 states explored in 143.86s, with 16290893 rules fired and 3631548 states in the queue.
	4700000 states explored in 147.09s, with 16637149 rules fired and 3713535 states in the queue.
	4800000 states explored in 150.47s, with 16989146 rules fired and 3797165 states in the queue.
	4900000 states explored in 153.90s, with 17357222 rules fired and 3878874 states in the queue.
	5000000 states explored in 157.32s, with 17720874 rules fired and 3961236 states in the queue.
	5100000 states explored in 161.07s, with 18096622 rules fired and 4043479 states in the queue.
	5200000 states explored in 165.10s, with 18521858 rules fired and 4125461 states in the queue.
	5300000 states explored in 169.12s, with 18918793 rules fired and 4207931 states in the queue.
	5400000 states explored in 173.47s, with 19324955 rules fired and 4287660 states in the queue.
	5500000 states explored in 177.63s, with 19779794 rules fired and 4367798 states in the queue.
	5600000 states explored in 181.80s, with 20241534 rules fired and 4445510 states in the queue.
	5700000 states explored in 185.76s, with 20715656 rules fired and 4522524 states in the queue.
	5800000 states explored in 190.04s, with 21177821 rules fired and 4600392 states in the queue.
	5900000 states explored in 194.36s, with 21683180 rules fired and 4675818 states in the queue.
	6000000 states explored in 198.61s, with 22167532 rules fired and 4750350 states in the queue.
	6100000 states explored in 203.29s, with 22675526 rules fired and 4825366 states in the queue.
	6200000 states explored in 208.01s, with 23176429 rules fired and 4900325 states in the queue.
	6300000 states explored in 212.60s, with 23700158 rules fired and 4973445 states in the queue.
	6400000 states explored in 217.39s, with 24186055 rules fired and 5046466 states in the queue.
	6500000 states explored in 222.19s, with 24671133 rules fired and 5119807 states in the queue.
	6600000 states explored in 226.87s, with 25185832 rules fired and 5193402 states in the queue.
	6700000 states explored in 231.70s, with 25683114 rules fired and 5266990 states in the queue.
	6800000 states explored in 236.44s, with 26166577 rules fired and 5340347 states in the queue.
	6900000 states explored in 241.33s, with 26669129 rules fired and 5413597 states in the queue.
	7000000 states explored in 245.86s, with 27146006 rules fired and 5486737 states in the queue.
	7100000 states explored in 248.17s, with 27537018 rules fired and 5564623 states in the queue.
	7200000 states explored in 251.06s, with 28007917 rules fired and 5638177 states in the queue.
	7300000 states explored in 253.65s, with 28414888 rules fired and 5710696 states in the queue.
	7400000 states explored in 255.78s, with 28728236 rules fired and 5789571 states in the queue.
	7500000 states explored in 258.55s, with 29044863 rules fired and 5868918 states in the queue.
	7600000 states explored in 261.22s, with 29399643 rules fired and 5946459 states in the queue.
	7700000 states explored in 263.61s, with 29741209 rules fired and 6026196 states in the queue.
	7800000 states explored in 265.99s, with 30093830 rules fired and 6103253 states in the queue.
	7900000 states explored in 268.64s, with 30443515 rules fired and 6184560 states in the queue.
	8000000 states explored in 271.48s, with 30856080 rules fired and 6261070 states in the queue.
	8100000 states explored in 274.58s, with 31333675 rules fired and 6334598 states in the queue.
	8200000 states explored in 277.71s, with 31817229 rules fired and 6409303 states in the queue.
	8300000 states explored in 280.18s, with 32146868 rules fired and 6490961 states in the queue.
	8400000 states explored in 282.63s, with 32492456 rules fired and 6571103 states in the queue.
	8500000 states explored in 285.42s, with 32863361 rules fired and 6650958 states in the queue.
	8600000 states explored in 288.42s, with 33266121 rules fired and 6731689 states in the queue.
	8700000 states explored in 290.88s, with 33623299 rules fired and 6809825 states in the queue.
	8800000 states explored in 293.54s, with 34008181 rules fired and 6888506 states in the queue.
	8900000 states explored in 296.54s, with 34455226 rules fired and 6962408 states in the queue.
	9000000 states explored in 299.84s, with 34932150 rules fired and 7035881 states in the queue.
	9100000 states explored in 303.21s, with 35331944 rules fired and 7111893 states in the queue.
	9200000 states explored in 306.08s, with 35676139 rules fired and 7189611 states in the queue.
	9300000 states explored in 308.37s, with 35976385 rules fired and 7269450 states in the queue.
	9400000 states explored in 311.11s, with 36316681 rules fired and 7350228 states in the queue.
	9500000 states explored in 314.01s, with 36655804 rules fired and 7432452 states in the queue.
	9600000 states explored in 317.31s, with 37025169 rules fired and 7510066 states in the queue.
	9700000 states explored in 320.81s, with 37395003 rules fired and 7588525 states in the queue.
	9800000 states explored in 324.05s, with 37769728 rules fired and 7668017 states in the queue.
	9900000 states explored in 326.97s, with 38119697 rules fired and 7749287 states in the queue.
	10000000 states explored in 330.39s, with 38472025 rules fired and 7832784 states in the queue.
	10100000 states explored in 333.57s, with 38844408 rules fired and 7912493 states in the queue.
	10200000 states explored in 337.40s, with 39245101 rules fired and 7993108 states in the queue.
	10300000 states explored in 340.75s, with 39608911 rules fired and 8073112 states in the queue.
	10400000 states explored in 343.81s, with 39947210 rules fired and 8154074 states in the queue.
	10500000 states explored in 347.27s, with 40322723 rules fired and 8235091 states in the queue.
	10600000 states explored in 350.37s, with 40669219 rules fired and 8318287 states in the queue.
	10700000 states explored in 353.73s, with 41026633 rules fired and 8400736 states in the queue.
	10800000 states explored in 357.65s, with 41469769 rules fired and 8476995 states in the queue.
	10900000 states explored in 361.52s, with 41876009 rules fired and 8557407 states in the queue.
	11000000 states explored in 364.96s, with 42282453 rules fired and 8637924 states in the queue.

Error:

	Internal Error: Too many active states.



