This program should be regarded as a DEBUGGING aid, not as a 
certifier of correctness.
Call with the -l flag or read the license file for terms
and conditions of use.
Run this program with "-h" for the list of options.

Bugs, questions, and comments should be directed to
"melatti@di.uniroma1.it".

CMurphi compiler last modified date: Apr 10 2024
Include files last modified date:    Jul 23 2021
==========================================================================

==========================================================================
Caching Murphi Release 5.5.0
Finite-state Concurrent System Verifier.

Caching Murphi Release 5.5.0 is based on various versions of Murphi.
Caching Murphi Release 5.5.0 :
Copyright (C) 2009-2012 by Sapienza University of Rome.
Murphi release 3.1 :
Copyright (C) 1992 - 1999 by the Board of Trustees of
Leland Stanford Junior University.

==========================================================================

Protocol: ./protocols/exec/German_node8/German_node8_inv97
===========================================
  You are using LS algorithm.  
===========================================

===== Startstates are generated! =====
Carelist Layer 0: Cache[1].State Cache[2].State Cache[3].State Cache[4].State Cache[5].State Cache[6].State Cache[7].State Cache[8].State 
Attr: Cache[8].State Level: 0 Wi: 8
Attr: Cache[7].State Level: 0 Wi: 8
Attr: Cache[1].State Level: 0 Wi: 8
Attr: Cache[3].State Level: 0 Wi: 8
Attr: Cache[4].State Level: 0 Wi: 8
Attr: Cache[2].State Level: 0 Wi: 8
Attr: Cache[5].State Level: 0 Wi: 8
Attr: Cache[6].State Level: 0 Wi: 8

===== Init heuristics! =====

Progress Report:

	100000 states explored in 5.75s, with 284768 rules fired and 79632 states in the queue.
	200000 states explored in 8.07s, with 553732 rules fired and 159826 states in the queue.
	300000 states explored in 10.54s, with 839852 rules fired and 241191 states in the queue.
	400000 states explored in 13.05s, with 1126486 rules fired and 323253 states in the queue.
	500000 states explored in 15.80s, with 1448563 rules fired and 405787 states in the queue.
	600000 states explored in 18.48s, with 1752497 rules fired and 487321 states in the queue.
	700000 states explored in 21.02s, with 2077894 rules fired and 567216 states in the queue.
	800000 states explored in 23.17s, with 2429989 rules fired and 644922 states in the queue.
	900000 states explored in 25.22s, with 2750973 rules fired and 721050 states in the queue.
	1000000 states explored in 27.37s, with 3086097 rules fired and 799802 states in the queue.
	1100000 states explored in 29.76s, with 3455681 rules fired and 878746 states in the queue.
	1200000 states explored in 32.00s, with 3799984 rules fired and 957504 states in the queue.
	1300000 states explored in 34.35s, with 4158212 rules fired and 1034695 states in the queue.
	1400000 states explored in 36.72s, with 4517643 rules fired and 1112352 states in the queue.
	1500000 states explored in 39.25s, with 4896941 rules fired and 1191628 states in the queue.
	1600000 states explored in 42.25s, with 5339664 rules fired and 1262389 states in the queue.
	1700000 states explored in 45.03s, with 5765264 rules fired and 1334005 states in the queue.
	1800000 states explored in 47.40s, with 6142555 rules fired and 1409257 states in the queue.
	1900000 states explored in 50.34s, with 6568098 rules fired and 1483501 states in the queue.
	2000000 states explored in 54.72s, with 6965369 rules fired and 1556849 states in the queue.
	2100000 states explored in 58.86s, with 7352256 rules fired and 1631578 states in the queue.
	2200000 states explored in 63.24s, with 7769434 rules fired and 1704557 states in the queue.
	2300000 states explored in 67.73s, with 8174970 rules fired and 1777731 states in the queue.
	2400000 states explored in 71.99s, with 8546496 rules fired and 1854085 states in the queue.
	2500000 states explored in 76.97s, with 8989574 rules fired and 1919934 states in the queue.
	2600000 states explored in 83.04s, with 9507170 rules fired and 1977264 states in the queue.
	2700000 states explored in 88.93s, with 10030594 rules fired and 2035096 states in the queue.
	2800000 states explored in 95.16s, with 10542637 rules fired and 2095192 states in the queue.
	2900000 states explored in 100.23s, with 11003042 rules fired and 2166335 states in the queue.
	3000000 states explored in 105.28s, with 11415649 rules fired and 2240092 states in the queue.
	3100000 states explored in 110.35s, with 11846256 rules fired and 2313322 states in the queue.
	3200000 states explored in 115.80s, with 12310405 rules fired and 2385089 states in the queue.
	3300000 states explored in 121.22s, with 12760351 rules fired and 2457418 states in the queue.
	3400000 states explored in 126.20s, with 13160971 rules fired and 2531094 states in the queue.
	3500000 states explored in 131.96s, with 13616203 rules fired and 2601381 states in the queue.
	3600000 states explored in 137.53s, with 14067078 rules fired and 2673640 states in the queue.
	3700000 states explored in 143.21s, with 14524729 rules fired and 2744524 states in the queue.
	3800000 states explored in 149.49s, with 15004585 rules fired and 2816733 states in the queue.
	3900000 states explored in 155.78s, with 15537387 rules fired and 2886751 states in the queue.
	4000000 states explored in 161.95s, with 16037763 rules fired and 2955651 states in the queue.
	4100000 states explored in 167.00s, with 16426397 rules fired and 3027949 states in the queue.
	4200000 states explored in 171.32s, with 16745221 rules fired and 3103913 states in the queue.
	4300000 states explored in 176.58s, with 17132407 rules fired and 3177903 states in the queue.
	4400000 states explored in 181.64s, with 17554658 rules fired and 3249822 states in the queue.
	4500000 states explored in 186.44s, with 17888157 rules fired and 3328592 states in the queue.
	4600000 states explored in 191.62s, with 18255881 rules fired and 3405950 states in the queue.
	4700000 states explored in 196.97s, with 18621935 rules fired and 3483258 states in the queue.
	4800000 states explored in 202.30s, with 19010467 rules fired and 3562422 states in the queue.
	4900000 states explored in 208.20s, with 19474746 rules fired and 3635677 states in the queue.
	5000000 states explored in 212.38s, with 19869163 rules fired and 3709551 states in the queue.
	5100000 states explored in 216.75s, with 20298555 rules fired and 3774497 states in the queue.
	5200000 states explored in 222.44s, with 20845745 rules fired and 3825966 states in the queue.
	5300000 states explored in 228.88s, with 21456309 rules fired and 3878957 states in the queue.
	5400000 states explored in 235.06s, with 22015666 rules fired and 3932224 states in the queue.
	5500000 states explored in 241.76s, with 22597434 rules fired and 3988641 states in the queue.
	5600000 states explored in 249.15s, with 23240247 rules fired and 4044640 states in the queue.
	5700000 states explored in 256.15s, with 23821939 rules fired and 4092060 states in the queue.
	5800000 states explored in 264.31s, with 24499781 rules fired and 4140028 states in the queue.

==========================================================================

Result:

	Invariant "test_97" failed.

State Space Explored:

	5847199 states, 24811378 rules fired in 268.09s.

