This program should be regarded as a DEBUGGING aid, not as a 
certifier of correctness.
Call with the -l flag or read the license file for terms
and conditions of use.
Run this program with "-h" for the list of options.

Bugs, questions, and comments should be directed to
"melatti@di.uniroma1.it".

CMurphi compiler last modified date: Apr 18 2024
Include files last modified date:    Jul 23 2021
==========================================================================

==========================================================================
Caching Murphi Release 5.5.0
Finite-state Concurrent System Verifier.

Caching Murphi Release 5.5.0 is based on various versions of Murphi.
Caching Murphi Release 5.5.0 :
Copyright (C) 2009-2012 by Sapienza University of Rome.
Murphi release 3.1 :
Copyright (C) 1992 - 1999 by the Board of Trustees of
Leland Stanford Junior University.

==========================================================================

Protocol: ./protocols/exec/TL-C_NonIn_M_data/TL-C_NonIn_M_data_inv96
===========================================
  You are using LS algorithm.  
===========================================

===== Startstates are generated! =====
Carelist Layer 0: Tree[1].cache[1].state Tree[2].cache[1].state Tree[3].cache[1].state Tree[4].cache[1].state Tree[5].cache[1].state Tree[6].cache[1].state Tree[7].cache[1].state 
Carelist Layer 1: Tree[node].chanA[node].opcode Tree[node].chanA[node].para Tree[node].chanA[node].addr Tree[node].cache[node].state Tree[node].directory[node][node] Tree[node].master_pending[node] Tree[node].chanC[node].opcode Tree[node].chanB[node].opcode Tree[node].chanB[node].para Tree[node].chanB[node].addr Tree[node].chanD[node].opcode Tree[node].chanD[node].para Tree[node].chanD[node].addr Tree[node].chanC[node].para Tree[node].chanC[node].addr Tree[node].slave_pending[node][node] 
Carelist Layer 2: Tree[node].chanE[node].opcode Tree[node].chanE[node].addr 
Attr: Tree[node].chanE[node].opcode Level: 2 Wi: 2
Attr: Tree[node].chanC[node].addr Level: 1 Wi: 4
Attr: Tree[node].chanC[node].para Level: 1 Wi: 4
Attr: Tree[node].chanD[node].addr Level: 1 Wi: 4
Attr: Tree[node].chanD[node].opcode Level: 1 Wi: 4
Attr: Tree[node].slave_pending[node][node] Level: 1 Wi: 4
Attr: Tree[6].cache[1].state Level: 0 Wi: 8
Attr: Tree[2].cache[1].state Level: 0 Wi: 8
Attr: Tree[5].cache[1].state Level: 0 Wi: 8
Attr: Tree[node].chanB[node].addr Level: 1 Wi: 4
Attr: Tree[4].cache[1].state Level: 0 Wi: 8
Attr: Tree[node].chanD[node].para Level: 1 Wi: 4
Attr: Tree[node].master_pending[node] Level: 1 Wi: 4
Attr: Tree[3].cache[1].state Level: 0 Wi: 8
Attr: Tree[node].cache[node].state Level: 1 Wi: 4
Attr: Tree[7].cache[1].state Level: 0 Wi: 8
Attr: Tree[node].chanA[node].opcode Level: 1 Wi: 4
Attr: Tree[node].chanA[node].para Level: 1 Wi: 4
Attr: Tree[node].directory[node][node] Level: 1 Wi: 4
Attr: Tree[node].chanA[node].addr Level: 1 Wi: 4
Attr: Tree[1].cache[1].state Level: 0 Wi: 8
Attr: Tree[node].chanC[node].opcode Level: 1 Wi: 4
Attr: Tree[node].chanB[node].opcode Level: 1 Wi: 4
Attr: Tree[node].chanE[node].addr Level: 2 Wi: 2
Attr: Tree[node].chanB[node].para Level: 1 Wi: 4

===== Init heuristics! =====

Progress Report:

	100000 states explored in 9.97s, with 455299 rules fired and 91812 states in the queue.
	200000 states explored in 17.70s, with 931863 rules fired and 183536 states in the queue.
	300000 states explored in 25.37s, with 1410861 rules fired and 273392 states in the queue.
	400000 states explored in 32.84s, with 1881079 rules fired and 364805 states in the queue.
	500000 states explored in 40.58s, with 2372257 rules fired and 455831 states in the queue.
	600000 states explored in 48.46s, with 2875491 rules fired and 546641 states in the queue.
	700000 states explored in 56.28s, with 3369956 rules fired and 637110 states in the queue.
	800000 states explored in 63.86s, with 3851785 rules fired and 728225 states in the queue.
	900000 states explored in 71.72s, with 4352599 rules fired and 818992 states in the queue.
	1000000 states explored in 79.53s, with 4847292 rules fired and 909414 states in the queue.
	1100000 states explored in 87.56s, with 5362622 rules fired and 1000158 states in the queue.

==========================================================================

Result:

	Invariant "test_reachable_state_96" failed.

State Space Explored:

	1137644 states, 5536633 rules fired in 90.34s.

Analysis of State Space:

	There are rules that are never fired.
	If you are running with symmetry, this may be why.  Otherwise,
	please run this program with "-pr" for the rules information.
