This program should be regarded as a DEBUGGING aid, not as a 
certifier of correctness.
Call with the -l flag or read the license file for terms
and conditions of use.
Run this program with "-h" for the list of options.

Bugs, questions, and comments should be directed to
"melatti@di.uniroma1.it".

CMurphi compiler last modified date: Apr 18 2024
Include files last modified date:    Jul 23 2021
==========================================================================

==========================================================================
Caching Murphi Release 5.5.0
Finite-state Concurrent System Verifier.

Caching Murphi Release 5.5.0 is based on various versions of Murphi.
Caching Murphi Release 5.5.0 :
Copyright (C) 2009-2012 by Sapienza University of Rome.
Murphi release 3.1 :
Copyright (C) 1992 - 1999 by the Board of Trustees of
Leland Stanford Junior University.

==========================================================================

Protocol: ./protocols/exec/TL-C_NonIn_M_data/TL-C_NonIn_M_data_inv111
===========================================
  You are using LS algorithm.  
===========================================

===== Startstates are generated! =====
Carelist Layer 0: Tree[1].cache[1].state Tree[2].cache[1].state Tree[3].cache[1].state Tree[4].cache[1].state Tree[5].cache[1].state Tree[6].cache[1].state Tree[7].cache[1].state 
Carelist Layer 1: Tree[node].chanA[node].opcode Tree[node].chanA[node].para Tree[node].chanA[node].addr Tree[node].cache[node].state Tree[node].directory[node][node] Tree[node].master_pending[node] Tree[node].chanC[node].opcode Tree[node].chanB[node].opcode Tree[node].chanB[node].para Tree[node].chanB[node].addr Tree[node].chanD[node].opcode Tree[node].chanD[node].para Tree[node].chanD[node].addr Tree[node].chanC[node].para Tree[node].chanC[node].addr Tree[node].slave_pending[node][node] 
Carelist Layer 2: Tree[node].chanE[node].opcode Tree[node].chanE[node].addr 
Attr: Tree[node].chanE[node].opcode Level: 2 Wi: 2
Attr: Tree[node].chanC[node].addr Level: 1 Wi: 4
Attr: Tree[node].chanC[node].para Level: 1 Wi: 4
Attr: Tree[node].chanD[node].addr Level: 1 Wi: 4
Attr: Tree[node].chanD[node].opcode Level: 1 Wi: 4
Attr: Tree[node].slave_pending[node][node] Level: 1 Wi: 4
Attr: Tree[6].cache[1].state Level: 0 Wi: 8
Attr: Tree[2].cache[1].state Level: 0 Wi: 8
Attr: Tree[5].cache[1].state Level: 0 Wi: 8
Attr: Tree[node].chanB[node].addr Level: 1 Wi: 4
Attr: Tree[4].cache[1].state Level: 0 Wi: 8
Attr: Tree[node].chanD[node].para Level: 1 Wi: 4
Attr: Tree[node].master_pending[node] Level: 1 Wi: 4
Attr: Tree[3].cache[1].state Level: 0 Wi: 8
Attr: Tree[node].cache[node].state Level: 1 Wi: 4
Attr: Tree[7].cache[1].state Level: 0 Wi: 8
Attr: Tree[node].chanA[node].opcode Level: 1 Wi: 4
Attr: Tree[node].chanA[node].para Level: 1 Wi: 4
Attr: Tree[node].directory[node][node] Level: 1 Wi: 4
Attr: Tree[node].chanA[node].addr Level: 1 Wi: 4
Attr: Tree[1].cache[1].state Level: 0 Wi: 8
Attr: Tree[node].chanC[node].opcode Level: 1 Wi: 4
Attr: Tree[node].chanB[node].opcode Level: 1 Wi: 4
Attr: Tree[node].chanE[node].addr Level: 2 Wi: 2
Attr: Tree[node].chanB[node].para Level: 1 Wi: 4

===== Init heuristics! =====

Progress Report:

	100000 states explored in 13.14s, with 620952 rules fired and 73731 states in the queue.
	200000 states explored in 20.99s, with 1132455 rules fired and 162005 states in the queue.
	300000 states explored in 29.01s, with 1654354 rules fired and 250079 states in the queue.
	400000 states explored in 37.09s, with 2187224 rules fired and 339539 states in the queue.
	500000 states explored in 45.38s, with 2739121 rules fired and 428483 states in the queue.
	600000 states explored in 53.23s, with 3249438 rules fired and 517763 states in the queue.
	700000 states explored in 61.26s, with 3775448 rules fired and 606854 states in the queue.
	800000 states explored in 69.55s, with 4328129 rules fired and 696229 states in the queue.
	900000 states explored in 77.95s, with 4871805 rules fired and 783680 states in the queue.
	1000000 states explored in 86.09s, with 5402956 rules fired and 870956 states in the queue.
	1100000 states explored in 94.15s, with 5924026 rules fired and 958441 states in the queue.
	1200000 states explored in 102.52s, with 6473792 rules fired and 1046618 states in the queue.
	1300000 states explored in 110.66s, with 7003864 rules fired and 1135218 states in the queue.
	1400000 states explored in 119.18s, with 7550417 rules fired and 1221699 states in the queue.
	1500000 states explored in 127.91s, with 8116733 rules fired and 1308787 states in the queue.
	1600000 states explored in 136.44s, with 8665552 rules fired and 1394949 states in the queue.
	1700000 states explored in 144.60s, with 9192023 rules fired and 1484041 states in the queue.
	1800000 states explored in 152.72s, with 9731680 rules fired and 1574744 states in the queue.
	1900000 states explored in 161.36s, with 10289798 rules fired and 1661886 states in the queue.
	2000000 states explored in 170.04s, with 10845445 rules fired and 1749449 states in the queue.
	2100000 states explored in 178.19s, with 11385189 rules fired and 1838896 states in the queue.
	2200000 states explored in 186.79s, with 11932399 rules fired and 1926630 states in the queue.
	2300000 states explored in 195.19s, with 12482138 rules fired and 2015118 states in the queue.
	2400000 states explored in 203.93s, with 13046754 rules fired and 2103684 states in the queue.
	2500000 states explored in 212.48s, with 13606794 rules fired and 2192725 states in the queue.
	2600000 states explored in 220.48s, with 14127573 rules fired and 2280709 states in the queue.
	2700000 states explored in 228.90s, with 14668448 rules fired and 2367786 states in the queue.
	2800000 states explored in 237.34s, with 15213966 rules fired and 2456147 states in the queue.
	2900000 states explored in 245.89s, with 15742514 rules fired and 2540221 states in the queue.

Error:

	Internal Error: Too many active states.



