You choose the local search option :-)
This program should be regarded as a DEBUGGING aid, not as a 
certifier of correctness.
Call with the -l flag or read the license file for terms
and conditions of use.
Run this program with "-h" for the list of options.

Bugs, questions, and comments should be directed to
"melatti@di.uniroma1.it".

CMurphi compiler last modified date: Oct  9 2023
Include files last modified date:    Jul 23 2021
==========================================================================

==========================================================================
Caching Murphi Release 5.5.0
Finite-state Concurrent System Verifier.

Caching Murphi Release 5.5.0 is based on various versions of Murphi.
Caching Murphi Release 5.5.0 :
Copyright (C) 2009-2012 by Sapienza University of Rome.
Murphi release 3.1 :
Copyright (C) 1992 - 1999 by the Board of Trustees of
Leland Stanford Junior University.

==========================================================================

Protocol: ./models/TL-C_NonIn_S_data

Algorithm:
	Verification by our local search.
	with symmetry algorithm 3 -- Heuristic Small Memory Normalization
	with permutation trial limit 10.

Memory usage:

	* The size of each state is 1920 bits (rounded up to 240 bytes).
	* The memory allocated for the hash table and state queue is
	  10485 Mbytes.
	  With two words of overhead per state, the maximum size of
	  the state space is 38437547 states.
	   * Use option "-k" or "-m" to increase this, if necessary.
	* Capacity in queue for breadth-first search: 3843754 states.
	   * Change the constant gPercentActiveStates in mu_prolog.inc
	     to increase this, if necessary.

Warning: No trace will not be printed in the case of protocol errors!
         Check the options if you want to have error traces.
==========================================================================

You are using local search algorithm (Version 1) :

------------- Show Goalstate: ------------------
Tree[1].cache.state:Branch
Tree[1].cache.data:Undefined
Tree[1].cache.dirty:0
Tree[1].sons[1]:2
Tree[1].sons[2]:3
Tree[1].directory[1]:None
Tree[1].directory[2]:None
Tree[1].slave_pending[1]:Undefined
Tree[1].slave_pending[2]:Undefined
Tree[1].master_pending:Undefined
Tree[1].chanA[1].opcode:Undefined
Tree[1].chanA[1].para:Undefined
Tree[1].chanA[2].opcode:Undefined
Tree[1].chanA[2].para:Undefined
Tree[1].chanB[1].opcode:Undefined
Tree[1].chanB[1].para:Undefined
Tree[1].chanB[2].opcode:Undefined
Tree[1].chanB[2].para:Undefined
Tree[1].chanC[1].opcode:Undefined
Tree[1].chanC[1].para:Undefined
Tree[1].chanC[1].data:Undefined
Tree[1].chanC[1].dirty:Undefined
Tree[1].chanC[2].opcode:Undefined
Tree[1].chanC[2].para:Undefined
Tree[1].chanC[2].data:Undefined
Tree[1].chanC[2].dirty:Undefined
Tree[1].chanD[1].opcode:Undefined
Tree[1].chanD[1].para:Undefined
Tree[1].chanD[1].data:Undefined
Tree[1].chanD[2].opcode:Undefined
Tree[1].chanD[2].para:Undefined
Tree[1].chanD[2].data:Undefined
Tree[1].chanE[1].opcode:Undefined
Tree[1].chanE[2].opcode:Undefined
Tree[2].cache.state:Branch
Tree[2].cache.data:Undefined
Tree[2].cache.dirty:0
Tree[2].sons[1]:4
Tree[2].sons[2]:5
Tree[2].directory[1]:None
Tree[2].directory[2]:None
Tree[2].slave_pending[1]:Undefined
Tree[2].slave_pending[2]:Undefined
Tree[2].master_pending:Undefined
Tree[2].chanA[1].opcode:Undefined
Tree[2].chanA[1].para:Undefined
Tree[2].chanA[2].opcode:Undefined
Tree[2].chanA[2].para:Undefined
Tree[2].chanB[1].opcode:Undefined
Tree[2].chanB[1].para:Undefined
Tree[2].chanB[2].opcode:Undefined
Tree[2].chanB[2].para:Undefined
Tree[2].chanC[1].opcode:Undefined
Tree[2].chanC[1].para:Undefined
Tree[2].chanC[1].data:Undefined
Tree[2].chanC[1].dirty:Undefined
Tree[2].chanC[2].opcode:Undefined
Tree[2].chanC[2].para:Undefined
Tree[2].chanC[2].data:Undefined
Tree[2].chanC[2].dirty:Undefined
Tree[2].chanD[1].opcode:Undefined
Tree[2].chanD[1].para:Undefined
Tree[2].chanD[1].data:Undefined
Tree[2].chanD[2].opcode:Undefined
Tree[2].chanD[2].para:Undefined
Tree[2].chanD[2].data:Undefined
Tree[2].chanE[1].opcode:Undefined
Tree[2].chanE[2].opcode:Undefined
Tree[3].cache.state:None
Tree[3].cache.data:Undefined
Tree[3].cache.dirty:0
Tree[3].sons[1]:6
Tree[3].sons[2]:7
Tree[3].directory[1]:None
Tree[3].directory[2]:None
Tree[3].slave_pending[1]:Undefined
Tree[3].slave_pending[2]:Undefined
Tree[3].master_pending:Undefined
Tree[3].chanA[1].opcode:Undefined
Tree[3].chanA[1].para:Undefined
Tree[3].chanA[2].opcode:Undefined
Tree[3].chanA[2].para:Undefined
Tree[3].chanB[1].opcode:Undefined
Tree[3].chanB[1].para:Undefined
Tree[3].chanB[2].opcode:Undefined
Tree[3].chanB[2].para:Undefined
Tree[3].chanC[1].opcode:Undefined
Tree[3].chanC[1].para:Undefined
Tree[3].chanC[1].data:Undefined
Tree[3].chanC[1].dirty:Undefined
Tree[3].chanC[2].opcode:Undefined
Tree[3].chanC[2].para:Undefined
Tree[3].chanC[2].data:Undefined
Tree[3].chanC[2].dirty:Undefined
Tree[3].chanD[1].opcode:Undefined
Tree[3].chanD[1].para:Undefined
Tree[3].chanD[1].data:Undefined
Tree[3].chanD[2].opcode:Undefined
Tree[3].chanD[2].para:Undefined
Tree[3].chanD[2].data:Undefined
Tree[3].chanE[1].opcode:Undefined
Tree[3].chanE[2].opcode:Undefined
Tree[4].cache.state:Branch
Tree[4].cache.data:Undefined
Tree[4].cache.dirty:0
Tree[4].sons[1]:Undefined
Tree[4].sons[2]:Undefined
Tree[4].directory[1]:Undefined
Tree[4].directory[2]:Undefined
Tree[4].slave_pending[1]:Undefined
Tree[4].slave_pending[2]:Undefined
Tree[4].master_pending:Undefined
Tree[4].chanA[1].opcode:Undefined
Tree[4].chanA[1].para:Undefined
Tree[4].chanA[2].opcode:Undefined
Tree[4].chanA[2].para:Undefined
Tree[4].chanB[1].opcode:Undefined
Tree[4].chanB[1].para:Undefined
Tree[4].chanB[2].opcode:Undefined
Tree[4].chanB[2].para:Undefined
Tree[4].chanC[1].opcode:Undefined
Tree[4].chanC[1].para:Undefined
Tree[4].chanC[1].data:Undefined
Tree[4].chanC[1].dirty:Undefined
Tree[4].chanC[2].opcode:Undefined
Tree[4].chanC[2].para:Undefined
Tree[4].chanC[2].data:Undefined
Tree[4].chanC[2].dirty:Undefined
Tree[4].chanD[1].opcode:Undefined
Tree[4].chanD[1].para:Undefined
Tree[4].chanD[1].data:Undefined
Tree[4].chanD[2].opcode:Undefined
Tree[4].chanD[2].para:Undefined
Tree[4].chanD[2].data:Undefined
Tree[4].chanE[1].opcode:Undefined
Tree[4].chanE[2].opcode:Undefined
Tree[5].cache.state:None
Tree[5].cache.data:Undefined
Tree[5].cache.dirty:0
Tree[5].sons[1]:Undefined
Tree[5].sons[2]:Undefined
Tree[5].directory[1]:Undefined
Tree[5].directory[2]:Undefined
Tree[5].slave_pending[1]:Undefined
Tree[5].slave_pending[2]:Undefined
Tree[5].master_pending:Undefined
Tree[5].chanA[1].opcode:Undefined
Tree[5].chanA[1].para:Undefined
Tree[5].chanA[2].opcode:Undefined
Tree[5].chanA[2].para:Undefined
Tree[5].chanB[1].opcode:Undefined
Tree[5].chanB[1].para:Undefined
Tree[5].chanB[2].opcode:Undefined
Tree[5].chanB[2].para:Undefined
Tree[5].chanC[1].opcode:Undefined
Tree[5].chanC[1].para:Undefined
Tree[5].chanC[1].data:Undefined
Tree[5].chanC[1].dirty:Undefined
Tree[5].chanC[2].opcode:Undefined
Tree[5].chanC[2].para:Undefined
Tree[5].chanC[2].data:Undefined
Tree[5].chanC[2].dirty:Undefined
Tree[5].chanD[1].opcode:Undefined
Tree[5].chanD[1].para:Undefined
Tree[5].chanD[1].data:Undefined
Tree[5].chanD[2].opcode:Undefined
Tree[5].chanD[2].para:Undefined
Tree[5].chanD[2].data:Undefined
Tree[5].chanE[1].opcode:Undefined
Tree[5].chanE[2].opcode:Undefined
Tree[6].cache.state:None
Tree[6].cache.data:Undefined
Tree[6].cache.dirty:0
Tree[6].sons[1]:Undefined
Tree[6].sons[2]:Undefined
Tree[6].directory[1]:Undefined
Tree[6].directory[2]:Undefined
Tree[6].slave_pending[1]:Undefined
Tree[6].slave_pending[2]:Undefined
Tree[6].master_pending:Undefined
Tree[6].chanA[1].opcode:Undefined
Tree[6].chanA[1].para:Undefined
Tree[6].chanA[2].opcode:Undefined
Tree[6].chanA[2].para:Undefined
Tree[6].chanB[1].opcode:Undefined
Tree[6].chanB[1].para:Undefined
Tree[6].chanB[2].opcode:Undefined
Tree[6].chanB[2].para:Undefined
Tree[6].chanC[1].opcode:Undefined
Tree[6].chanC[1].para:Undefined
Tree[6].chanC[1].data:Undefined
Tree[6].chanC[1].dirty:Undefined
Tree[6].chanC[2].opcode:Undefined
Tree[6].chanC[2].para:Undefined
Tree[6].chanC[2].data:Undefined
Tree[6].chanC[2].dirty:Undefined
Tree[6].chanD[1].opcode:Undefined
Tree[6].chanD[1].para:Undefined
Tree[6].chanD[1].data:Undefined
Tree[6].chanD[2].opcode:Undefined
Tree[6].chanD[2].para:Undefined
Tree[6].chanD[2].data:Undefined
Tree[6].chanE[1].opcode:Undefined
Tree[6].chanE[2].opcode:Undefined
Tree[7].cache.state:Branch
Tree[7].cache.data:Undefined
Tree[7].cache.dirty:0
Tree[7].sons[1]:Undefined
Tree[7].sons[2]:Undefined
Tree[7].directory[1]:Undefined
Tree[7].directory[2]:Undefined
Tree[7].slave_pending[1]:Undefined
Tree[7].slave_pending[2]:Undefined
Tree[7].master_pending:Undefined
Tree[7].chanA[1].opcode:Undefined
Tree[7].chanA[1].para:Undefined
Tree[7].chanA[2].opcode:Undefined
Tree[7].chanA[2].para:Undefined
Tree[7].chanB[1].opcode:Undefined
Tree[7].chanB[1].para:Undefined
Tree[7].chanB[2].opcode:Undefined
Tree[7].chanB[2].para:Undefined
Tree[7].chanC[1].opcode:Undefined
Tree[7].chanC[1].para:Undefined
Tree[7].chanC[1].data:Undefined
Tree[7].chanC[1].dirty:Undefined
Tree[7].chanC[2].opcode:Undefined
Tree[7].chanC[2].para:Undefined
Tree[7].chanC[2].data:Undefined
Tree[7].chanC[2].dirty:Undefined
Tree[7].chanD[1].opcode:Undefined
Tree[7].chanD[1].para:Undefined
Tree[7].chanD[1].data:Undefined
Tree[7].chanD[2].opcode:Undefined
Tree[7].chanD[2].para:Undefined
Tree[7].chanD[2].data:Undefined
Tree[7].chanE[1].opcode:Undefined
Tree[7].chanE[2].opcode:Undefined
memData:dataType_2
auxData:dataType_2

------------- Show a heuristic value: ------------------
5

------------- Show Initstate: ------------------
Tree[1].cache.state:None
Tree[1].cache.data:Undefined
Tree[1].cache.dirty:0
Tree[1].sons[1]:2
Tree[1].sons[2]:3
Tree[1].directory[1]:None
Tree[1].directory[2]:None
Tree[1].slave_pending[1]:Undefined
Tree[1].slave_pending[2]:Undefined
Tree[1].master_pending:Undefined
Tree[1].chanA[1].opcode:Undefined
Tree[1].chanA[1].para:Undefined
Tree[1].chanA[2].opcode:Undefined
Tree[1].chanA[2].para:Undefined
Tree[1].chanB[1].opcode:Undefined
Tree[1].chanB[1].para:Undefined
Tree[1].chanB[2].opcode:Undefined
Tree[1].chanB[2].para:Undefined
Tree[1].chanC[1].opcode:Undefined
Tree[1].chanC[1].para:Undefined
Tree[1].chanC[1].data:Undefined
Tree[1].chanC[1].dirty:Undefined
Tree[1].chanC[2].opcode:Undefined
Tree[1].chanC[2].para:Undefined
Tree[1].chanC[2].data:Undefined
Tree[1].chanC[2].dirty:Undefined
Tree[1].chanD[1].opcode:Undefined
Tree[1].chanD[1].para:Undefined
Tree[1].chanD[1].data:Undefined
Tree[1].chanD[2].opcode:Undefined
Tree[1].chanD[2].para:Undefined
Tree[1].chanD[2].data:Undefined
Tree[1].chanE[1].opcode:Undefined
Tree[1].chanE[2].opcode:Undefined
Tree[2].cache.state:None
Tree[2].cache.data:Undefined
Tree[2].cache.dirty:0
Tree[2].sons[1]:4
Tree[2].sons[2]:5
Tree[2].directory[1]:None
Tree[2].directory[2]:None
Tree[2].slave_pending[1]:Undefined
Tree[2].slave_pending[2]:Undefined
Tree[2].master_pending:Undefined
Tree[2].chanA[1].opcode:Undefined
Tree[2].chanA[1].para:Undefined
Tree[2].chanA[2].opcode:Undefined
Tree[2].chanA[2].para:Undefined
Tree[2].chanB[1].opcode:Undefined
Tree[2].chanB[1].para:Undefined
Tree[2].chanB[2].opcode:Undefined
Tree[2].chanB[2].para:Undefined
Tree[2].chanC[1].opcode:Undefined
Tree[2].chanC[1].para:Undefined
Tree[2].chanC[1].data:Undefined
Tree[2].chanC[1].dirty:Undefined
Tree[2].chanC[2].opcode:Undefined
Tree[2].chanC[2].para:Undefined
Tree[2].chanC[2].data:Undefined
Tree[2].chanC[2].dirty:Undefined
Tree[2].chanD[1].opcode:Undefined
Tree[2].chanD[1].para:Undefined
Tree[2].chanD[1].data:Undefined
Tree[2].chanD[2].opcode:Undefined
Tree[2].chanD[2].para:Undefined
Tree[2].chanD[2].data:Undefined
Tree[2].chanE[1].opcode:Undefined
Tree[2].chanE[2].opcode:Undefined
Tree[3].cache.state:None
Tree[3].cache.data:Undefined
Tree[3].cache.dirty:0
Tree[3].sons[1]:6
Tree[3].sons[2]:7
Tree[3].directory[1]:None
Tree[3].directory[2]:None
Tree[3].slave_pending[1]:Undefined
Tree[3].slave_pending[2]:Undefined
Tree[3].master_pending:Undefined
Tree[3].chanA[1].opcode:Undefined
Tree[3].chanA[1].para:Undefined
Tree[3].chanA[2].opcode:Undefined
Tree[3].chanA[2].para:Undefined
Tree[3].chanB[1].opcode:Undefined
Tree[3].chanB[1].para:Undefined
Tree[3].chanB[2].opcode:Undefined
Tree[3].chanB[2].para:Undefined
Tree[3].chanC[1].opcode:Undefined
Tree[3].chanC[1].para:Undefined
Tree[3].chanC[1].data:Undefined
Tree[3].chanC[1].dirty:Undefined
Tree[3].chanC[2].opcode:Undefined
Tree[3].chanC[2].para:Undefined
Tree[3].chanC[2].data:Undefined
Tree[3].chanC[2].dirty:Undefined
Tree[3].chanD[1].opcode:Undefined
Tree[3].chanD[1].para:Undefined
Tree[3].chanD[1].data:Undefined
Tree[3].chanD[2].opcode:Undefined
Tree[3].chanD[2].para:Undefined
Tree[3].chanD[2].data:Undefined
Tree[3].chanE[1].opcode:Undefined
Tree[3].chanE[2].opcode:Undefined
Tree[4].cache.state:None
Tree[4].cache.data:Undefined
Tree[4].cache.dirty:0
Tree[4].sons[1]:Undefined
Tree[4].sons[2]:Undefined
Tree[4].directory[1]:Undefined
Tree[4].directory[2]:Undefined
Tree[4].slave_pending[1]:Undefined
Tree[4].slave_pending[2]:Undefined
Tree[4].master_pending:Undefined
Tree[4].chanA[1].opcode:Undefined
Tree[4].chanA[1].para:Undefined
Tree[4].chanA[2].opcode:Undefined
Tree[4].chanA[2].para:Undefined
Tree[4].chanB[1].opcode:Undefined
Tree[4].chanB[1].para:Undefined
Tree[4].chanB[2].opcode:Undefined
Tree[4].chanB[2].para:Undefined
Tree[4].chanC[1].opcode:Undefined
Tree[4].chanC[1].para:Undefined
Tree[4].chanC[1].data:Undefined
Tree[4].chanC[1].dirty:Undefined
Tree[4].chanC[2].opcode:Undefined
Tree[4].chanC[2].para:Undefined
Tree[4].chanC[2].data:Undefined
Tree[4].chanC[2].dirty:Undefined
Tree[4].chanD[1].opcode:Undefined
Tree[4].chanD[1].para:Undefined
Tree[4].chanD[1].data:Undefined
Tree[4].chanD[2].opcode:Undefined
Tree[4].chanD[2].para:Undefined
Tree[4].chanD[2].data:Undefined
Tree[4].chanE[1].opcode:Undefined
Tree[4].chanE[2].opcode:Undefined
Tree[5].cache.state:None
Tree[5].cache.data:Undefined
Tree[5].cache.dirty:0
Tree[5].sons[1]:Undefined
Tree[5].sons[2]:Undefined
Tree[5].directory[1]:Undefined
Tree[5].directory[2]:Undefined
Tree[5].slave_pending[1]:Undefined
Tree[5].slave_pending[2]:Undefined
Tree[5].master_pending:Undefined
Tree[5].chanA[1].opcode:Undefined
Tree[5].chanA[1].para:Undefined
Tree[5].chanA[2].opcode:Undefined
Tree[5].chanA[2].para:Undefined
Tree[5].chanB[1].opcode:Undefined
Tree[5].chanB[1].para:Undefined
Tree[5].chanB[2].opcode:Undefined
Tree[5].chanB[2].para:Undefined
Tree[5].chanC[1].opcode:Undefined
Tree[5].chanC[1].para:Undefined
Tree[5].chanC[1].data:Undefined
Tree[5].chanC[1].dirty:Undefined
Tree[5].chanC[2].opcode:Undefined
Tree[5].chanC[2].para:Undefined
Tree[5].chanC[2].data:Undefined
Tree[5].chanC[2].dirty:Undefined
Tree[5].chanD[1].opcode:Undefined
Tree[5].chanD[1].para:Undefined
Tree[5].chanD[1].data:Undefined
Tree[5].chanD[2].opcode:Undefined
Tree[5].chanD[2].para:Undefined
Tree[5].chanD[2].data:Undefined
Tree[5].chanE[1].opcode:Undefined
Tree[5].chanE[2].opcode:Undefined
Tree[6].cache.state:None
Tree[6].cache.data:Undefined
Tree[6].cache.dirty:0
Tree[6].sons[1]:Undefined
Tree[6].sons[2]:Undefined
Tree[6].directory[1]:Undefined
Tree[6].directory[2]:Undefined
Tree[6].slave_pending[1]:Undefined
Tree[6].slave_pending[2]:Undefined
Tree[6].master_pending:Undefined
Tree[6].chanA[1].opcode:Undefined
Tree[6].chanA[1].para:Undefined
Tree[6].chanA[2].opcode:Undefined
Tree[6].chanA[2].para:Undefined
Tree[6].chanB[1].opcode:Undefined
Tree[6].chanB[1].para:Undefined
Tree[6].chanB[2].opcode:Undefined
Tree[6].chanB[2].para:Undefined
Tree[6].chanC[1].opcode:Undefined
Tree[6].chanC[1].para:Undefined
Tree[6].chanC[1].data:Undefined
Tree[6].chanC[1].dirty:Undefined
Tree[6].chanC[2].opcode:Undefined
Tree[6].chanC[2].para:Undefined
Tree[6].chanC[2].data:Undefined
Tree[6].chanC[2].dirty:Undefined
Tree[6].chanD[1].opcode:Undefined
Tree[6].chanD[1].para:Undefined
Tree[6].chanD[1].data:Undefined
Tree[6].chanD[2].opcode:Undefined
Tree[6].chanD[2].para:Undefined
Tree[6].chanD[2].data:Undefined
Tree[6].chanE[1].opcode:Undefined
Tree[6].chanE[2].opcode:Undefined
Tree[7].cache.state:None
Tree[7].cache.data:Undefined
Tree[7].cache.dirty:0
Tree[7].sons[1]:Undefined
Tree[7].sons[2]:Undefined
Tree[7].directory[1]:Undefined
Tree[7].directory[2]:Undefined
Tree[7].slave_pending[1]:Undefined
Tree[7].slave_pending[2]:Undefined
Tree[7].master_pending:Undefined
Tree[7].chanA[1].opcode:Undefined
Tree[7].chanA[1].para:Undefined
Tree[7].chanA[2].opcode:Undefined
Tree[7].chanA[2].para:Undefined
Tree[7].chanB[1].opcode:Undefined
Tree[7].chanB[1].para:Undefined
Tree[7].chanB[2].opcode:Undefined
Tree[7].chanB[2].para:Undefined
Tree[7].chanC[1].opcode:Undefined
Tree[7].chanC[1].para:Undefined
Tree[7].chanC[1].data:Undefined
Tree[7].chanC[1].dirty:Undefined
Tree[7].chanC[2].opcode:Undefined
Tree[7].chanC[2].para:Undefined
Tree[7].chanC[2].data:Undefined
Tree[7].chanC[2].dirty:Undefined
Tree[7].chanD[1].opcode:Undefined
Tree[7].chanD[1].para:Undefined
Tree[7].chanD[1].data:Undefined
Tree[7].chanD[2].opcode:Undefined
Tree[7].chanD[2].para:Undefined
Tree[7].chanD[2].data:Undefined
Tree[7].chanE[1].opcode:Undefined
Tree[7].chanE[2].opcode:Undefined
memData:dataType_2
auxData:dataType_2

===== Startstates generated! =====

Progress Report:

	10000 states explored in 3.46s, with 29077 rules fired and 4823 states in the queue.
	20000 states explored in 4.53s, with 60035 rules fired and 9727 states in the queue.
	30000 states explored in 5.75s, with 95032 rules fired and 14001 states in the queue.
	40000 states explored in 6.95s, with 129339 rules fired and 18483 states in the queue.
	50000 states explored in 8.20s, with 165209 rules fired and 22561 states in the queue.
	60000 states explored in 9.48s, with 201638 rules fired and 26461 states in the queue.
	70000 states explored in 10.95s, with 243992 rules fired and 29679 states in the queue.
	80000 states explored in 11.97s, with 272908 rules fired and 34762 states in the queue.
	90000 states explored in 13.13s, with 306187 rules fired and 39259 states in the queue.
	100000 states explored in 14.69s, with 350699 rules fired and 41812 states in the queue.
	110000 states explored in 16.24s, with 395142 rules fired and 44593 states in the queue.
	120000 states explored in 17.35s, with 426462 rules fired and 49007 states in the queue.
	130000 states explored in 18.54s, with 460212 rules fired and 53098 states in the queue.
	140000 states explored in 19.85s, with 497592 rules fired and 56888 states in the queue.
	150000 states explored in 21.19s, with 535742 rules fired and 60769 states in the queue.
	160000 states explored in 22.81s, with 582192 rules fired and 63203 states in the queue.
	170000 states explored in 24.16s, with 620707 rules fired and 66952 states in the queue.
	180000 states explored in 25.17s, with 649704 rules fired and 72131 states in the queue.
	190000 states explored in 26.29s, with 681463 rules fired and 76857 states in the queue.
	200000 states explored in 27.47s, with 715197 rules fired and 81226 states in the queue.
	210000 states explored in 28.84s, with 754154 rules fired and 84637 states in the queue.
	220000 states explored in 30.46s, with 800151 rules fired and 86812 states in the queue.
	230000 states explored in 31.97s, with 843296 rules fired and 89743 states in the queue.
	240000 states explored in 33.64s, with 891178 rules fired and 92013 states in the queue.
	250000 states explored in 35.24s, with 931329 rules fired and 95561 states in the queue.
	260000 states explored in 36.32s, with 961349 rules fired and 100329 states in the queue.
	270000 states explored in 37.48s, with 994198 rules fired and 104670 states in the queue.
	280000 states explored in 38.67s, with 1027922 rules fired and 108940 states in the queue.

==========================================================================

Result:

	Invariant "test_reachable_state_122" failed.

State Space Explored:

	280164 states, 1028441 rules fired in 38.69s.

Analysis of State Space:

	There are rules that are never fired.
	If you are running with symmetry, this may be why.  Otherwise,
	please run this program with "-pr" for the rules information.
