You choose the local search option :-)
This program should be regarded as a DEBUGGING aid, not as a 
certifier of correctness.
Call with the -l flag or read the license file for terms
and conditions of use.
Run this program with "-h" for the list of options.

Bugs, questions, and comments should be directed to
"melatti@di.uniroma1.it".

CMurphi compiler last modified date: Oct  9 2023
Include files last modified date:    Jul 23 2021
==========================================================================

==========================================================================
Caching Murphi Release 5.5.0
Finite-state Concurrent System Verifier.

Caching Murphi Release 5.5.0 is based on various versions of Murphi.
Caching Murphi Release 5.5.0 :
Copyright (C) 2009-2012 by Sapienza University of Rome.
Murphi release 3.1 :
Copyright (C) 1992 - 1999 by the Board of Trustees of
Leland Stanford Junior University.

==========================================================================

Protocol: ./models/TL-C_NonIn_S_data

Algorithm:
	Verification by our local search.
	with symmetry algorithm 3 -- Heuristic Small Memory Normalization
	with permutation trial limit 10.

Memory usage:

	* The size of each state is 1920 bits (rounded up to 240 bytes).
	* The memory allocated for the hash table and state queue is
	  10485 Mbytes.
	  With two words of overhead per state, the maximum size of
	  the state space is 38437547 states.
	   * Use option "-k" or "-m" to increase this, if necessary.
	* Capacity in queue for breadth-first search: 3843754 states.
	   * Change the constant gPercentActiveStates in mu_prolog.inc
	     to increase this, if necessary.

Warning: No trace will not be printed in the case of protocol errors!
         Check the options if you want to have error traces.
==========================================================================

You are using local search algorithm (Version 1) :

------------- Show Goalstate: ------------------
Tree[1].cache.state:Branch
Tree[1].cache.data:Undefined
Tree[1].cache.dirty:0
Tree[1].sons[1]:2
Tree[1].sons[2]:3
Tree[1].directory[1]:None
Tree[1].directory[2]:None
Tree[1].slave_pending[1]:Undefined
Tree[1].slave_pending[2]:Undefined
Tree[1].master_pending:Undefined
Tree[1].chanA[1].opcode:Undefined
Tree[1].chanA[1].para:Undefined
Tree[1].chanA[2].opcode:Undefined
Tree[1].chanA[2].para:Undefined
Tree[1].chanB[1].opcode:Undefined
Tree[1].chanB[1].para:Undefined
Tree[1].chanB[2].opcode:Undefined
Tree[1].chanB[2].para:Undefined
Tree[1].chanC[1].opcode:Undefined
Tree[1].chanC[1].para:Undefined
Tree[1].chanC[1].data:Undefined
Tree[1].chanC[1].dirty:Undefined
Tree[1].chanC[2].opcode:Undefined
Tree[1].chanC[2].para:Undefined
Tree[1].chanC[2].data:Undefined
Tree[1].chanC[2].dirty:Undefined
Tree[1].chanD[1].opcode:Undefined
Tree[1].chanD[1].para:Undefined
Tree[1].chanD[1].data:Undefined
Tree[1].chanD[2].opcode:Undefined
Tree[1].chanD[2].para:Undefined
Tree[1].chanD[2].data:Undefined
Tree[1].chanE[1].opcode:Undefined
Tree[1].chanE[2].opcode:Undefined
Tree[2].cache.state:Branch
Tree[2].cache.data:Undefined
Tree[2].cache.dirty:0
Tree[2].sons[1]:4
Tree[2].sons[2]:5
Tree[2].directory[1]:None
Tree[2].directory[2]:None
Tree[2].slave_pending[1]:Undefined
Tree[2].slave_pending[2]:Undefined
Tree[2].master_pending:Undefined
Tree[2].chanA[1].opcode:Undefined
Tree[2].chanA[1].para:Undefined
Tree[2].chanA[2].opcode:Undefined
Tree[2].chanA[2].para:Undefined
Tree[2].chanB[1].opcode:Undefined
Tree[2].chanB[1].para:Undefined
Tree[2].chanB[2].opcode:Undefined
Tree[2].chanB[2].para:Undefined
Tree[2].chanC[1].opcode:Undefined
Tree[2].chanC[1].para:Undefined
Tree[2].chanC[1].data:Undefined
Tree[2].chanC[1].dirty:Undefined
Tree[2].chanC[2].opcode:Undefined
Tree[2].chanC[2].para:Undefined
Tree[2].chanC[2].data:Undefined
Tree[2].chanC[2].dirty:Undefined
Tree[2].chanD[1].opcode:Undefined
Tree[2].chanD[1].para:Undefined
Tree[2].chanD[1].data:Undefined
Tree[2].chanD[2].opcode:Undefined
Tree[2].chanD[2].para:Undefined
Tree[2].chanD[2].data:Undefined
Tree[2].chanE[1].opcode:Undefined
Tree[2].chanE[2].opcode:Undefined
Tree[3].cache.state:None
Tree[3].cache.data:Undefined
Tree[3].cache.dirty:0
Tree[3].sons[1]:6
Tree[3].sons[2]:7
Tree[3].directory[1]:None
Tree[3].directory[2]:None
Tree[3].slave_pending[1]:Undefined
Tree[3].slave_pending[2]:Undefined
Tree[3].master_pending:Undefined
Tree[3].chanA[1].opcode:Undefined
Tree[3].chanA[1].para:Undefined
Tree[3].chanA[2].opcode:Undefined
Tree[3].chanA[2].para:Undefined
Tree[3].chanB[1].opcode:Undefined
Tree[3].chanB[1].para:Undefined
Tree[3].chanB[2].opcode:Undefined
Tree[3].chanB[2].para:Undefined
Tree[3].chanC[1].opcode:Undefined
Tree[3].chanC[1].para:Undefined
Tree[3].chanC[1].data:Undefined
Tree[3].chanC[1].dirty:Undefined
Tree[3].chanC[2].opcode:Undefined
Tree[3].chanC[2].para:Undefined
Tree[3].chanC[2].data:Undefined
Tree[3].chanC[2].dirty:Undefined
Tree[3].chanD[1].opcode:Undefined
Tree[3].chanD[1].para:Undefined
Tree[3].chanD[1].data:Undefined
Tree[3].chanD[2].opcode:Undefined
Tree[3].chanD[2].para:Undefined
Tree[3].chanD[2].data:Undefined
Tree[3].chanE[1].opcode:Undefined
Tree[3].chanE[2].opcode:Undefined
Tree[4].cache.state:None
Tree[4].cache.data:Undefined
Tree[4].cache.dirty:0
Tree[4].sons[1]:Undefined
Tree[4].sons[2]:Undefined
Tree[4].directory[1]:Undefined
Tree[4].directory[2]:Undefined
Tree[4].slave_pending[1]:Undefined
Tree[4].slave_pending[2]:Undefined
Tree[4].master_pending:Undefined
Tree[4].chanA[1].opcode:Undefined
Tree[4].chanA[1].para:Undefined
Tree[4].chanA[2].opcode:Undefined
Tree[4].chanA[2].para:Undefined
Tree[4].chanB[1].opcode:Undefined
Tree[4].chanB[1].para:Undefined
Tree[4].chanB[2].opcode:Undefined
Tree[4].chanB[2].para:Undefined
Tree[4].chanC[1].opcode:Undefined
Tree[4].chanC[1].para:Undefined
Tree[4].chanC[1].data:Undefined
Tree[4].chanC[1].dirty:Undefined
Tree[4].chanC[2].opcode:Undefined
Tree[4].chanC[2].para:Undefined
Tree[4].chanC[2].data:Undefined
Tree[4].chanC[2].dirty:Undefined
Tree[4].chanD[1].opcode:Undefined
Tree[4].chanD[1].para:Undefined
Tree[4].chanD[1].data:Undefined
Tree[4].chanD[2].opcode:Undefined
Tree[4].chanD[2].para:Undefined
Tree[4].chanD[2].data:Undefined
Tree[4].chanE[1].opcode:Undefined
Tree[4].chanE[2].opcode:Undefined
Tree[5].cache.state:None
Tree[5].cache.data:Undefined
Tree[5].cache.dirty:0
Tree[5].sons[1]:Undefined
Tree[5].sons[2]:Undefined
Tree[5].directory[1]:Undefined
Tree[5].directory[2]:Undefined
Tree[5].slave_pending[1]:Undefined
Tree[5].slave_pending[2]:Undefined
Tree[5].master_pending:Undefined
Tree[5].chanA[1].opcode:Undefined
Tree[5].chanA[1].para:Undefined
Tree[5].chanA[2].opcode:Undefined
Tree[5].chanA[2].para:Undefined
Tree[5].chanB[1].opcode:Undefined
Tree[5].chanB[1].para:Undefined
Tree[5].chanB[2].opcode:Undefined
Tree[5].chanB[2].para:Undefined
Tree[5].chanC[1].opcode:Undefined
Tree[5].chanC[1].para:Undefined
Tree[5].chanC[1].data:Undefined
Tree[5].chanC[1].dirty:Undefined
Tree[5].chanC[2].opcode:Undefined
Tree[5].chanC[2].para:Undefined
Tree[5].chanC[2].data:Undefined
Tree[5].chanC[2].dirty:Undefined
Tree[5].chanD[1].opcode:Undefined
Tree[5].chanD[1].para:Undefined
Tree[5].chanD[1].data:Undefined
Tree[5].chanD[2].opcode:Undefined
Tree[5].chanD[2].para:Undefined
Tree[5].chanD[2].data:Undefined
Tree[5].chanE[1].opcode:Undefined
Tree[5].chanE[2].opcode:Undefined
Tree[6].cache.state:Branch
Tree[6].cache.data:Undefined
Tree[6].cache.dirty:0
Tree[6].sons[1]:Undefined
Tree[6].sons[2]:Undefined
Tree[6].directory[1]:Undefined
Tree[6].directory[2]:Undefined
Tree[6].slave_pending[1]:Undefined
Tree[6].slave_pending[2]:Undefined
Tree[6].master_pending:Undefined
Tree[6].chanA[1].opcode:Undefined
Tree[6].chanA[1].para:Undefined
Tree[6].chanA[2].opcode:Undefined
Tree[6].chanA[2].para:Undefined
Tree[6].chanB[1].opcode:Undefined
Tree[6].chanB[1].para:Undefined
Tree[6].chanB[2].opcode:Undefined
Tree[6].chanB[2].para:Undefined
Tree[6].chanC[1].opcode:Undefined
Tree[6].chanC[1].para:Undefined
Tree[6].chanC[1].data:Undefined
Tree[6].chanC[1].dirty:Undefined
Tree[6].chanC[2].opcode:Undefined
Tree[6].chanC[2].para:Undefined
Tree[6].chanC[2].data:Undefined
Tree[6].chanC[2].dirty:Undefined
Tree[6].chanD[1].opcode:Undefined
Tree[6].chanD[1].para:Undefined
Tree[6].chanD[1].data:Undefined
Tree[6].chanD[2].opcode:Undefined
Tree[6].chanD[2].para:Undefined
Tree[6].chanD[2].data:Undefined
Tree[6].chanE[1].opcode:Undefined
Tree[6].chanE[2].opcode:Undefined
Tree[7].cache.state:Branch
Tree[7].cache.data:Undefined
Tree[7].cache.dirty:0
Tree[7].sons[1]:Undefined
Tree[7].sons[2]:Undefined
Tree[7].directory[1]:Undefined
Tree[7].directory[2]:Undefined
Tree[7].slave_pending[1]:Undefined
Tree[7].slave_pending[2]:Undefined
Tree[7].master_pending:Undefined
Tree[7].chanA[1].opcode:Undefined
Tree[7].chanA[1].para:Undefined
Tree[7].chanA[2].opcode:Undefined
Tree[7].chanA[2].para:Undefined
Tree[7].chanB[1].opcode:Undefined
Tree[7].chanB[1].para:Undefined
Tree[7].chanB[2].opcode:Undefined
Tree[7].chanB[2].para:Undefined
Tree[7].chanC[1].opcode:Undefined
Tree[7].chanC[1].para:Undefined
Tree[7].chanC[1].data:Undefined
Tree[7].chanC[1].dirty:Undefined
Tree[7].chanC[2].opcode:Undefined
Tree[7].chanC[2].para:Undefined
Tree[7].chanC[2].data:Undefined
Tree[7].chanC[2].dirty:Undefined
Tree[7].chanD[1].opcode:Undefined
Tree[7].chanD[1].para:Undefined
Tree[7].chanD[1].data:Undefined
Tree[7].chanD[2].opcode:Undefined
Tree[7].chanD[2].para:Undefined
Tree[7].chanD[2].data:Undefined
Tree[7].chanE[1].opcode:Undefined
Tree[7].chanE[2].opcode:Undefined
memData:dataType_2
auxData:dataType_2

------------- Show a heuristic value: ------------------
5

------------- Show Initstate: ------------------
Tree[1].cache.state:None
Tree[1].cache.data:Undefined
Tree[1].cache.dirty:0
Tree[1].sons[1]:2
Tree[1].sons[2]:3
Tree[1].directory[1]:None
Tree[1].directory[2]:None
Tree[1].slave_pending[1]:Undefined
Tree[1].slave_pending[2]:Undefined
Tree[1].master_pending:Undefined
Tree[1].chanA[1].opcode:Undefined
Tree[1].chanA[1].para:Undefined
Tree[1].chanA[2].opcode:Undefined
Tree[1].chanA[2].para:Undefined
Tree[1].chanB[1].opcode:Undefined
Tree[1].chanB[1].para:Undefined
Tree[1].chanB[2].opcode:Undefined
Tree[1].chanB[2].para:Undefined
Tree[1].chanC[1].opcode:Undefined
Tree[1].chanC[1].para:Undefined
Tree[1].chanC[1].data:Undefined
Tree[1].chanC[1].dirty:Undefined
Tree[1].chanC[2].opcode:Undefined
Tree[1].chanC[2].para:Undefined
Tree[1].chanC[2].data:Undefined
Tree[1].chanC[2].dirty:Undefined
Tree[1].chanD[1].opcode:Undefined
Tree[1].chanD[1].para:Undefined
Tree[1].chanD[1].data:Undefined
Tree[1].chanD[2].opcode:Undefined
Tree[1].chanD[2].para:Undefined
Tree[1].chanD[2].data:Undefined
Tree[1].chanE[1].opcode:Undefined
Tree[1].chanE[2].opcode:Undefined
Tree[2].cache.state:None
Tree[2].cache.data:Undefined
Tree[2].cache.dirty:0
Tree[2].sons[1]:4
Tree[2].sons[2]:5
Tree[2].directory[1]:None
Tree[2].directory[2]:None
Tree[2].slave_pending[1]:Undefined
Tree[2].slave_pending[2]:Undefined
Tree[2].master_pending:Undefined
Tree[2].chanA[1].opcode:Undefined
Tree[2].chanA[1].para:Undefined
Tree[2].chanA[2].opcode:Undefined
Tree[2].chanA[2].para:Undefined
Tree[2].chanB[1].opcode:Undefined
Tree[2].chanB[1].para:Undefined
Tree[2].chanB[2].opcode:Undefined
Tree[2].chanB[2].para:Undefined
Tree[2].chanC[1].opcode:Undefined
Tree[2].chanC[1].para:Undefined
Tree[2].chanC[1].data:Undefined
Tree[2].chanC[1].dirty:Undefined
Tree[2].chanC[2].opcode:Undefined
Tree[2].chanC[2].para:Undefined
Tree[2].chanC[2].data:Undefined
Tree[2].chanC[2].dirty:Undefined
Tree[2].chanD[1].opcode:Undefined
Tree[2].chanD[1].para:Undefined
Tree[2].chanD[1].data:Undefined
Tree[2].chanD[2].opcode:Undefined
Tree[2].chanD[2].para:Undefined
Tree[2].chanD[2].data:Undefined
Tree[2].chanE[1].opcode:Undefined
Tree[2].chanE[2].opcode:Undefined
Tree[3].cache.state:None
Tree[3].cache.data:Undefined
Tree[3].cache.dirty:0
Tree[3].sons[1]:6
Tree[3].sons[2]:7
Tree[3].directory[1]:None
Tree[3].directory[2]:None
Tree[3].slave_pending[1]:Undefined
Tree[3].slave_pending[2]:Undefined
Tree[3].master_pending:Undefined
Tree[3].chanA[1].opcode:Undefined
Tree[3].chanA[1].para:Undefined
Tree[3].chanA[2].opcode:Undefined
Tree[3].chanA[2].para:Undefined
Tree[3].chanB[1].opcode:Undefined
Tree[3].chanB[1].para:Undefined
Tree[3].chanB[2].opcode:Undefined
Tree[3].chanB[2].para:Undefined
Tree[3].chanC[1].opcode:Undefined
Tree[3].chanC[1].para:Undefined
Tree[3].chanC[1].data:Undefined
Tree[3].chanC[1].dirty:Undefined
Tree[3].chanC[2].opcode:Undefined
Tree[3].chanC[2].para:Undefined
Tree[3].chanC[2].data:Undefined
Tree[3].chanC[2].dirty:Undefined
Tree[3].chanD[1].opcode:Undefined
Tree[3].chanD[1].para:Undefined
Tree[3].chanD[1].data:Undefined
Tree[3].chanD[2].opcode:Undefined
Tree[3].chanD[2].para:Undefined
Tree[3].chanD[2].data:Undefined
Tree[3].chanE[1].opcode:Undefined
Tree[3].chanE[2].opcode:Undefined
Tree[4].cache.state:None
Tree[4].cache.data:Undefined
Tree[4].cache.dirty:0
Tree[4].sons[1]:Undefined
Tree[4].sons[2]:Undefined
Tree[4].directory[1]:Undefined
Tree[4].directory[2]:Undefined
Tree[4].slave_pending[1]:Undefined
Tree[4].slave_pending[2]:Undefined
Tree[4].master_pending:Undefined
Tree[4].chanA[1].opcode:Undefined
Tree[4].chanA[1].para:Undefined
Tree[4].chanA[2].opcode:Undefined
Tree[4].chanA[2].para:Undefined
Tree[4].chanB[1].opcode:Undefined
Tree[4].chanB[1].para:Undefined
Tree[4].chanB[2].opcode:Undefined
Tree[4].chanB[2].para:Undefined
Tree[4].chanC[1].opcode:Undefined
Tree[4].chanC[1].para:Undefined
Tree[4].chanC[1].data:Undefined
Tree[4].chanC[1].dirty:Undefined
Tree[4].chanC[2].opcode:Undefined
Tree[4].chanC[2].para:Undefined
Tree[4].chanC[2].data:Undefined
Tree[4].chanC[2].dirty:Undefined
Tree[4].chanD[1].opcode:Undefined
Tree[4].chanD[1].para:Undefined
Tree[4].chanD[1].data:Undefined
Tree[4].chanD[2].opcode:Undefined
Tree[4].chanD[2].para:Undefined
Tree[4].chanD[2].data:Undefined
Tree[4].chanE[1].opcode:Undefined
Tree[4].chanE[2].opcode:Undefined
Tree[5].cache.state:None
Tree[5].cache.data:Undefined
Tree[5].cache.dirty:0
Tree[5].sons[1]:Undefined
Tree[5].sons[2]:Undefined
Tree[5].directory[1]:Undefined
Tree[5].directory[2]:Undefined
Tree[5].slave_pending[1]:Undefined
Tree[5].slave_pending[2]:Undefined
Tree[5].master_pending:Undefined
Tree[5].chanA[1].opcode:Undefined
Tree[5].chanA[1].para:Undefined
Tree[5].chanA[2].opcode:Undefined
Tree[5].chanA[2].para:Undefined
Tree[5].chanB[1].opcode:Undefined
Tree[5].chanB[1].para:Undefined
Tree[5].chanB[2].opcode:Undefined
Tree[5].chanB[2].para:Undefined
Tree[5].chanC[1].opcode:Undefined
Tree[5].chanC[1].para:Undefined
Tree[5].chanC[1].data:Undefined
Tree[5].chanC[1].dirty:Undefined
Tree[5].chanC[2].opcode:Undefined
Tree[5].chanC[2].para:Undefined
Tree[5].chanC[2].data:Undefined
Tree[5].chanC[2].dirty:Undefined
Tree[5].chanD[1].opcode:Undefined
Tree[5].chanD[1].para:Undefined
Tree[5].chanD[1].data:Undefined
Tree[5].chanD[2].opcode:Undefined
Tree[5].chanD[2].para:Undefined
Tree[5].chanD[2].data:Undefined
Tree[5].chanE[1].opcode:Undefined
Tree[5].chanE[2].opcode:Undefined
Tree[6].cache.state:None
Tree[6].cache.data:Undefined
Tree[6].cache.dirty:0
Tree[6].sons[1]:Undefined
Tree[6].sons[2]:Undefined
Tree[6].directory[1]:Undefined
Tree[6].directory[2]:Undefined
Tree[6].slave_pending[1]:Undefined
Tree[6].slave_pending[2]:Undefined
Tree[6].master_pending:Undefined
Tree[6].chanA[1].opcode:Undefined
Tree[6].chanA[1].para:Undefined
Tree[6].chanA[2].opcode:Undefined
Tree[6].chanA[2].para:Undefined
Tree[6].chanB[1].opcode:Undefined
Tree[6].chanB[1].para:Undefined
Tree[6].chanB[2].opcode:Undefined
Tree[6].chanB[2].para:Undefined
Tree[6].chanC[1].opcode:Undefined
Tree[6].chanC[1].para:Undefined
Tree[6].chanC[1].data:Undefined
Tree[6].chanC[1].dirty:Undefined
Tree[6].chanC[2].opcode:Undefined
Tree[6].chanC[2].para:Undefined
Tree[6].chanC[2].data:Undefined
Tree[6].chanC[2].dirty:Undefined
Tree[6].chanD[1].opcode:Undefined
Tree[6].chanD[1].para:Undefined
Tree[6].chanD[1].data:Undefined
Tree[6].chanD[2].opcode:Undefined
Tree[6].chanD[2].para:Undefined
Tree[6].chanD[2].data:Undefined
Tree[6].chanE[1].opcode:Undefined
Tree[6].chanE[2].opcode:Undefined
Tree[7].cache.state:None
Tree[7].cache.data:Undefined
Tree[7].cache.dirty:0
Tree[7].sons[1]:Undefined
Tree[7].sons[2]:Undefined
Tree[7].directory[1]:Undefined
Tree[7].directory[2]:Undefined
Tree[7].slave_pending[1]:Undefined
Tree[7].slave_pending[2]:Undefined
Tree[7].master_pending:Undefined
Tree[7].chanA[1].opcode:Undefined
Tree[7].chanA[1].para:Undefined
Tree[7].chanA[2].opcode:Undefined
Tree[7].chanA[2].para:Undefined
Tree[7].chanB[1].opcode:Undefined
Tree[7].chanB[1].para:Undefined
Tree[7].chanB[2].opcode:Undefined
Tree[7].chanB[2].para:Undefined
Tree[7].chanC[1].opcode:Undefined
Tree[7].chanC[1].para:Undefined
Tree[7].chanC[1].data:Undefined
Tree[7].chanC[1].dirty:Undefined
Tree[7].chanC[2].opcode:Undefined
Tree[7].chanC[2].para:Undefined
Tree[7].chanC[2].data:Undefined
Tree[7].chanC[2].dirty:Undefined
Tree[7].chanD[1].opcode:Undefined
Tree[7].chanD[1].para:Undefined
Tree[7].chanD[1].data:Undefined
Tree[7].chanD[2].opcode:Undefined
Tree[7].chanD[2].para:Undefined
Tree[7].chanD[2].data:Undefined
Tree[7].chanE[1].opcode:Undefined
Tree[7].chanE[2].opcode:Undefined
memData:dataType_2
auxData:dataType_2

===== Startstates generated! =====

Progress Report:

	10000 states explored in 3.50s, with 28651 rules fired and 4786 states in the queue.
	20000 states explored in 4.58s, with 59911 rules fired and 9674 states in the queue.
	30000 states explored in 5.73s, with 92971 rules fired and 14233 states in the queue.
	40000 states explored in 6.93s, with 127208 rules fired and 18636 states in the queue.
	50000 states explored in 8.13s, with 161624 rules fired and 22905 states in the queue.
	60000 states explored in 9.53s, with 201632 rules fired and 26245 states in the queue.
	70000 states explored in 10.62s, with 232681 rules fired and 30955 states in the queue.
	80000 states explored in 11.88s, with 268690 rules fired and 35066 states in the queue.
	90000 states explored in 13.44s, with 313309 rules fired and 37692 states in the queue.
	100000 states explored in 14.52s, with 344052 rules fired and 42485 states in the queue.
	110000 states explored in 15.69s, with 377545 rules fired and 46784 states in the queue.
	120000 states explored in 17.03s, with 415260 rules fired and 50339 states in the queue.
	130000 states explored in 18.44s, with 455540 rules fired and 53756 states in the queue.
	140000 states explored in 19.94s, with 498504 rules fired and 56818 states in the queue.
	150000 states explored in 21.03s, with 529544 rules fired and 61316 states in the queue.
	160000 states explored in 22.05s, with 558576 rules fired and 66591 states in the queue.
	170000 states explored in 23.18s, with 591056 rules fired and 71381 states in the queue.
	180000 states explored in 24.39s, with 625689 rules fired and 75767 states in the queue.
	190000 states explored in 25.80s, with 666157 rules fired and 79113 states in the queue.
	200000 states explored in 27.37s, with 711068 rules fired and 81765 states in the queue.
	210000 states explored in 28.96s, with 756436 rules fired and 84500 states in the queue.
	220000 states explored in 30.39s, with 797210 rules fired and 87926 states in the queue.
	230000 states explored in 31.42s, with 826532 rules fired and 92979 states in the queue.
	240000 states explored in 32.62s, with 860399 rules fired and 97055 states in the queue.
	250000 states explored in 33.82s, with 894291 rules fired and 101272 states in the queue.
	260000 states explored in 35.02s, with 928397 rules fired and 105643 states in the queue.
	270000 states explored in 36.27s, with 964232 rules fired and 109812 states in the queue.
	280000 states explored in 37.69s, with 1005012 rules fired and 113347 states in the queue.
	290000 states explored in 38.96s, with 1041606 rules fired and 117804 states in the queue.
	300000 states explored in 40.38s, with 1082416 rules fired and 121634 states in the queue.
	310000 states explored in 41.96s, with 1128087 rules fired and 124538 states in the queue.
	320000 states explored in 43.62s, with 1175777 rules fired and 127183 states in the queue.
	330000 states explored in 45.11s, with 1218564 rules fired and 130384 states in the queue.
	340000 states explored in 46.08s, with 1246417 rules fired and 136022 states in the queue.
	350000 states explored in 47.08s, with 1275235 rules fired and 141490 states in the queue.
	360000 states explored in 48.14s, with 1305602 rules fired and 146695 states in the queue.
	370000 states explored in 49.26s, with 1337730 rules fired and 151574 states in the queue.
	380000 states explored in 50.42s, with 1371054 rules fired and 156500 states in the queue.
	390000 states explored in 51.61s, with 1405282 rules fired and 161234 states in the queue.
	400000 states explored in 52.81s, with 1439719 rules fired and 165844 states in the queue.
	410000 states explored in 54.06s, with 1475665 rules fired and 170251 states in the queue.
	420000 states explored in 55.50s, with 1517031 rules fired and 173758 states in the queue.
	430000 states explored in 57.01s, with 1560299 rules fired and 176848 states in the queue.
	440000 states explored in 58.61s, with 1606149 rules fired and 179571 states in the queue.
	450000 states explored in 60.14s, with 1650375 rules fired and 182946 states in the queue.
	460000 states explored in 61.63s, with 1693368 rules fired and 186435 states in the queue.

==========================================================================

Result:

	Invariant "test_reachable_state_116" failed.

State Space Explored:

	460240 states, 1694419 rules fired in 61.67s.

Analysis of State Space:

	There are rules that are never fired.
	If you are running with symmetry, this may be why.  Otherwise,
	please run this program with "-pr" for the rules information.
