This program should be regarded as a DEBUGGING aid, not as a 
certifier of correctness.
Call with the -l flag or read the license file for terms
and conditions of use.
Run this program with "-h" for the list of options.

Bugs, questions, and comments should be directed to
"melatti@di.uniroma1.it".

CMurphi compiler last modified date: Apr 10 2024
Include files last modified date:    Jul 23 2021
==========================================================================

==========================================================================
Caching Murphi Release 5.5.0
Finite-state Concurrent System Verifier.

Caching Murphi Release 5.5.0 is based on various versions of Murphi.
Caching Murphi Release 5.5.0 :
Copyright (C) 2009-2012 by Sapienza University of Rome.
Murphi release 3.1 :
Copyright (C) 1992 - 1999 by the Board of Trustees of
Leland Stanford Junior University.

==========================================================================

Protocol: ./protocols/exec/TL-C_NonIn_S_nodata/TL-C_NonIn_S_nodata_inv139
===========================================
  You are using LS algorithm.  
===========================================

===== Startstates are generated! =====
Carelist Layer 0: Tree[1].cache.state Tree[2].cache.state Tree[3].cache.state Tree[4].cache.state Tree[5].cache.state Tree[6].cache.state Tree[7].cache.state 
Carelist Layer 1: Tree[1].chanA[b].opcode.isundefined Tree[1].chanA[b].opcode Tree[1].chanA[b].para Tree[1].cache.state Tree[1].directory[k Tree[1].directory[b 
Attr: Tree[7].cache.state Level: 2 Wi: 2
Attr: Tree[2].cache.state Level: 1 Wi: 4
Attr: Tree[1].cache.state Level: 0 Wi: 8
Attr: Tree[6].cache.state Level: 2 Wi: 2
Attr: Tree[4].cache.state Level: 2 Wi: 2
Attr: Tree[3].cache.state Level: 1 Wi: 4
Attr: Tree[5].cache.state Level: 2 Wi: 2

===== Init heuristics! =====

Progress Report:

	100000 states explored in 9.69s, with 499662 rules fired and 65339 states in the queue.
	200000 states explored in 15.88s, with 1006354 rules fired and 132287 states in the queue.
	300000 states explored in 21.51s, with 1508795 rules fired and 203606 states in the queue.
	400000 states explored in 27.54s, with 2032712 rules fired and 273211 states in the queue.
	500000 states explored in 33.99s, with 2603033 rules fired and 341632 states in the queue.
	600000 states explored in 39.83s, with 3109392 rules fired and 412648 states in the queue.
	700000 states explored in 46.84s, with 3703395 rules fired and 477205 states in the queue.
	800000 states explored in 50.85s, with 4207245 rules fired and 548023 states in the queue.
	900000 states explored in 55.16s, with 4685304 rules fired and 623122 states in the queue.
	1000000 states explored in 60.45s, with 5159502 rules fired and 693441 states in the queue.
	1100000 states explored in 65.91s, with 5659862 rules fired and 762866 states in the queue.
	1200000 states explored in 71.63s, with 6184107 rules fired and 830767 states in the queue.
	1300000 states explored in 77.77s, with 6767284 rules fired and 897003 states in the queue.
	1400000 states explored in 83.72s, with 7338446 rules fired and 964843 states in the queue.
	1500000 states explored in 89.62s, with 7910741 rules fired and 1034071 states in the queue.
	1600000 states explored in 95.81s, with 8519628 rules fired and 1101694 states in the queue.
	1700000 states explored in 100.13s, with 9025166 rules fired and 1173438 states in the queue.
	1800000 states explored in 104.19s, with 9582874 rules fired and 1242935 states in the queue.
	1900000 states explored in 108.25s, with 10135709 rules fired and 1311652 states in the queue.
	2000000 states explored in 112.08s, with 10665356 rules fired and 1383272 states in the queue.
	2100000 states explored in 115.90s, with 11199219 rules fired and 1454798 states in the queue.
	2200000 states explored in 119.99s, with 11775993 rules fired and 1525064 states in the queue.
	2300000 states explored in 124.34s, with 12395445 rules fired and 1593654 states in the queue.
	2400000 states explored in 129.35s, with 13112062 rules fired and 1657352 states in the queue.
	2500000 states explored in 133.42s, with 13650064 rules fired and 1725867 states in the queue.
	2600000 states explored in 137.62s, with 14194578 rules fired and 1792837 states in the queue.
	2700000 states explored in 141.61s, with 14715168 rules fired and 1861386 states in the queue.
	2800000 states explored in 145.95s, with 15297862 rules fired and 1928853 states in the queue.
	2900000 states explored in 150.59s, with 15883283 rules fired and 1991711 states in the queue.
	3000000 states explored in 156.09s, with 16585232 rules fired and 2045105 states in the queue.
	3100000 states explored in 163.54s, with 17504027 rules fired and 2077106 states in the queue.
	3200000 states explored in 168.21s, with 18083243 rules fired and 2138197 states in the queue.
	3300000 states explored in 172.73s, with 18657013 rules fired and 2202262 states in the queue.
	3400000 states explored in 178.31s, with 19363529 rules fired and 2256512 states in the queue.
	3500000 states explored in 184.30s, with 19990372 rules fired and 2314026 states in the queue.
	3600000 states explored in 188.31s, with 20505775 rules fired and 2382057 states in the queue.
	3700000 states explored in 192.63s, with 21074396 rules fired and 2447887 states in the queue.
	3800000 states explored in 196.93s, with 21661309 rules fired and 2513090 states in the queue.
	3900000 states explored in 201.47s, with 22274042 rules fired and 2577478 states in the queue.
	4000000 states explored in 205.87s, with 22870573 rules fired and 2642839 states in the queue.
	4100000 states explored in 209.40s, with 23321612 rules fired and 2715249 states in the queue.
	4200000 states explored in 213.34s, with 23844189 rules fired and 2784037 states in the queue.
	4300000 states explored in 218.30s, with 24403224 rules fired and 2848086 states in the queue.
	4400000 states explored in 224.61s, with 24978685 rules fired and 2911834 states in the queue.
	4500000 states explored in 230.58s, with 25676388 rules fired and 2964773 states in the queue.
	4600000 states explored in 235.49s, with 26314641 rules fired and 3025085 states in the queue.
	4700000 states explored in 242.18s, with 27153964 rules fired and 3067246 states in the queue.
	4800000 states explored in 247.10s, with 27826076 rules fired and 3128720 states in the queue.
	4900000 states explored in 251.42s, with 28401065 rules fired and 3194676 states in the queue.
	5000000 states explored in 255.35s, with 28907728 rules fired and 3263813 states in the queue.
	5100000 states explored in 259.47s, with 29428078 rules fired and 3330415 states in the queue.
	5200000 states explored in 263.33s, with 29938718 rules fired and 3400575 states in the queue.
	5300000 states explored in 267.74s, with 30481329 rules fired and 3462546 states in the queue.
	5400000 states explored in 272.24s, with 31059075 rules fired and 3525561 states in the queue.
	5500000 states explored in 276.88s, with 31674675 rules fired and 3590119 states in the queue.
	5600000 states explored in 281.55s, with 32301311 rules fired and 3652298 states in the queue.
	5700000 states explored in 286.03s, with 32888946 rules fired and 3716564 states in the queue.
	5800000 states explored in 290.36s, with 33451697 rules fired and 3783701 states in the queue.
	5900000 states explored in 295.07s, with 34064134 rules fired and 3846335 states in the queue.
	6000000 states explored in 300.40s, with 34746565 rules fired and 3906020 states in the queue.
	6100000 states explored in 304.78s, with 35352249 rules fired and 3973118 states in the queue.
	6200000 states explored in 309.83s, with 35970070 rules fired and 4033645 states in the queue.
	6300000 states explored in 316.71s, with 36837815 rules fired and 4071603 states in the queue.
	6400000 states explored in 321.81s, with 37542644 rules fired and 4133335 states in the queue.
	6500000 states explored in 328.20s, with 38410687 rules fired and 4183183 states in the queue.
	6600000 states explored in 334.87s, with 39328277 rules fired and 4229168 states in the queue.
	6700000 states explored in 340.32s, with 40056552 rules fired and 4285305 states in the queue.
	6800000 states explored in 346.51s, with 40881740 rules fired and 4332884 states in the queue.
	6900000 states explored in 350.43s, with 41419648 rules fired and 4402174 states in the queue.
	7000000 states explored in 354.40s, with 41977501 rules fired and 4470857 states in the queue.
	7100000 states explored in 358.72s, with 42610394 rules fired and 4538360 states in the queue.
	7200000 states explored in 364.49s, with 43395442 rules fired and 4589467 states in the queue.
	7300000 states explored in 369.57s, with 44071017 rules fired and 4647223 states in the queue.
	7400000 states explored in 375.59s, with 44875436 rules fired and 4696847 states in the queue.
	7500000 states explored in 380.51s, with 45528575 rules fired and 4754697 states in the queue.
	7600000 states explored in 384.75s, with 46118527 rules fired and 4819040 states in the queue.

Error:

	Internal Error: Too many active states.



