This program should be regarded as a DEBUGGING aid, not as a 
certifier of correctness.
Call with the -l flag or read the license file for terms
and conditions of use.
Run this program with "-h" for the list of options.

Bugs, questions, and comments should be directed to
"melatti@di.uniroma1.it".

CMurphi compiler last modified date: Apr 10 2024
Include files last modified date:    Jul 23 2021
==========================================================================

==========================================================================
Caching Murphi Release 5.5.0
Finite-state Concurrent System Verifier.

Caching Murphi Release 5.5.0 is based on various versions of Murphi.
Caching Murphi Release 5.5.0 :
Copyright (C) 2009-2012 by Sapienza University of Rome.
Murphi release 3.1 :
Copyright (C) 1992 - 1999 by the Board of Trustees of
Leland Stanford Junior University.

==========================================================================

Protocol: ./protocols/exec/German_node8/German_node8_inv253
===========================================
  You are using LS algorithm.  
===========================================

===== Startstates are generated! =====
Carelist Layer 0: Cache[1].State Cache[2].State Cache[3].State Cache[4].State Cache[5].State Cache[6].State Cache[7].State Cache[8].State 
Attr: Cache[8].State Level: 0 Wi: 8
Attr: Cache[7].State Level: 0 Wi: 8
Attr: Cache[1].State Level: 0 Wi: 8
Attr: Cache[3].State Level: 0 Wi: 8
Attr: Cache[4].State Level: 0 Wi: 8
Attr: Cache[2].State Level: 0 Wi: 8
Attr: Cache[5].State Level: 0 Wi: 8
Attr: Cache[6].State Level: 0 Wi: 8

===== Init heuristics! =====

Progress Report:

	100000 states explored in 5.63s, with 311014 rules fired and 88025 states in the queue.
	200000 states explored in 9.55s, with 712021 rules fired and 169800 states in the queue.
	300000 states explored in 11.71s, with 1042272 rules fired and 255640 states in the queue.
	400000 states explored in 16.15s, with 1680864 rules fired and 321884 states in the queue.
	500000 states explored in 18.10s, with 1971513 rules fired and 409398 states in the queue.
	600000 states explored in 20.48s, with 2319284 rules fired and 493997 states in the queue.
	700000 states explored in 23.57s, with 2751621 rules fired and 574075 states in the queue.
	800000 states explored in 27.94s, with 3344184 rules fired and 644727 states in the queue.
	900000 states explored in 32.39s, with 3944480 rules fired and 715103 states in the queue.
	1000000 states explored in 37.42s, with 4605017 rules fired and 779765 states in the queue.
	1100000 states explored in 39.34s, with 4875043 rules fired and 867887 states in the queue.
	1200000 states explored in 41.23s, with 5143126 rules fired and 956694 states in the queue.
	1300000 states explored in 43.48s, with 5450609 rules fired and 1043480 states in the queue.

==========================================================================

Result:

	Invariant "test_253" failed.

State Space Explored:

	1346653 states, 5599917 rules fired in 44.59s.

