This program should be regarded as a DEBUGGING aid, not as a 
certifier of correctness.
Call with the -l flag or read the license file for terms
and conditions of use.
Run this program with "-h" for the list of options.

Bugs, questions, and comments should be directed to
"melatti@di.uniroma1.it".

CMurphi compiler last modified date: Apr 10 2024
Include files last modified date:    Jul 23 2021
==========================================================================

==========================================================================
Caching Murphi Release 5.5.0
Finite-state Concurrent System Verifier.

Caching Murphi Release 5.5.0 is based on various versions of Murphi.
Caching Murphi Release 5.5.0 :
Copyright (C) 2009-2012 by Sapienza University of Rome.
Murphi release 3.1 :
Copyright (C) 1992 - 1999 by the Board of Trustees of
Leland Stanford Junior University.

==========================================================================

Protocol: ./protocols/exec/German_node8/German_node8_inv259
===========================================
  You are using LS algorithm.  
===========================================

===== Startstates are generated! =====
Carelist Layer 0: Cache[1].State Cache[2].State Cache[3].State Cache[4].State Cache[5].State Cache[6].State Cache[7].State Cache[8].State 
Attr: Cache[8].State Level: 0 Wi: 8
Attr: Cache[7].State Level: 0 Wi: 8
Attr: Cache[1].State Level: 0 Wi: 8
Attr: Cache[3].State Level: 0 Wi: 8
Attr: Cache[4].State Level: 0 Wi: 8
Attr: Cache[2].State Level: 0 Wi: 8
Attr: Cache[5].State Level: 0 Wi: 8
Attr: Cache[6].State Level: 0 Wi: 8

===== Init heuristics! =====

Progress Report:

	100000 states explored in 4.51s, with 310991 rules fired and 88030 states in the queue.
	200000 states explored in 7.54s, with 708499 rules fired and 169876 states in the queue.
	300000 states explored in 10.14s, with 1037615 rules fired and 255731 states in the queue.
	400000 states explored in 14.88s, with 1678641 rules fired and 321867 states in the queue.
	500000 states explored in 16.93s, with 1968234 rules fired and 409441 states in the queue.
	600000 states explored in 19.23s, with 2294365 rules fired and 495323 states in the queue.
	700000 states explored in 22.50s, with 2736572 rules fired and 575157 states in the queue.
	800000 states explored in 26.90s, with 3311397 rules fired and 646931 states in the queue.
	900000 states explored in 31.54s, with 3918437 rules fired and 717134 states in the queue.
	1000000 states explored in 37.02s, with 4625954 rules fired and 778208 states in the queue.
	1100000 states explored in 39.00s, with 4890563 rules fired and 866739 states in the queue.
	1200000 states explored in 41.06s, with 5165590 rules fired and 955066 states in the queue.
	1300000 states explored in 43.36s, with 5469820 rules fired and 1041935 states in the queue.
	1400000 states explored in 46.05s, with 5809806 rules fired and 1126556 states in the queue.
	1500000 states explored in 49.32s, with 6216135 rules fired and 1208037 states in the queue.
	1600000 states explored in 52.59s, with 6616915 rules fired and 1289532 states in the queue.
	1700000 states explored in 56.31s, with 7067773 rules fired and 1368212 states in the queue.
	1800000 states explored in 59.81s, with 7484064 rules fired and 1449050 states in the queue.
	1900000 states explored in 63.37s, with 7911459 rules fired and 1529408 states in the queue.
	2000000 states explored in 67.41s, with 8390616 rules fired and 1607142 states in the queue.
	2100000 states explored in 72.29s, with 8953416 rules fired and 1680969 states in the queue.
	2200000 states explored in 78.14s, with 9616208 rules fired and 1747679 states in the queue.
	2300000 states explored in 86.07s, with 10473668 rules fired and 1799225 states in the queue.
	2400000 states explored in 99.57s, with 11892353 rules fired and 1805880 states in the queue.
	2500000 states explored in 101.76s, with 12159381 rules fired and 1893882 states in the queue.
	2600000 states explored in 104.05s, with 12435231 rules fired and 1981534 states in the queue.
	2700000 states explored in 106.63s, with 12738470 rules fired and 2067834 states in the queue.
	2800000 states explored in 109.44s, with 13062965 rules fired and 2152817 states in the queue.
	2900000 states explored in 112.15s, with 13380971 rules fired and 2237873 states in the queue.
	3000000 states explored in 115.18s, with 13723557 rules fired and 2321637 states in the queue.
	3100000 states explored in 117.97s, with 14021138 rules fired and 2407710 states in the queue.
	3200000 states explored in 120.92s, with 14333838 rules fired and 2493273 states in the queue.
	3300000 states explored in 123.86s, with 14657437 rules fired and 2578033 states in the queue.
	3400000 states explored in 126.88s, with 14981904 rules fired and 2662910 states in the queue.
	3500000 states explored in 130.06s, with 15312397 rules fired and 2747301 states in the queue.
	3600000 states explored in 133.15s, with 15659247 rules fired and 2831361 states in the queue.
	3700000 states explored in 136.90s, with 16060568 rules fired and 2912585 states in the queue.
	3800000 states explored in 140.52s, with 16456429 rules fired and 2994894 states in the queue.
	3900000 states explored in 144.57s, with 16871947 rules fired and 3074857 states in the queue.
	4000000 states explored in 148.52s, with 17262891 rules fired and 3155547 states in the queue.
	4100000 states explored in 152.56s, with 17659391 rules fired and 3235773 states in the queue.
	4200000 states explored in 156.55s, with 18070589 rules fired and 3315578 states in the queue.
	4300000 states explored in 161.08s, with 18518217 rules fired and 3392982 states in the queue.
	4400000 states explored in 165.47s, with 18963974 rules fired and 3471148 states in the queue.
	4500000 states explored in 170.08s, with 19424360 rules fired and 3548613 states in the queue.
	4600000 states explored in 175.12s, with 19928031 rules fired and 3622956 states in the queue.
	4700000 states explored in 180.32s, with 20442430 rules fired and 3695948 states in the queue.
	4800000 states explored in 185.37s, with 20942002 rules fired and 3770408 states in the queue.
	4900000 states explored in 190.62s, with 21446795 rules fired and 3844191 states in the queue.
	5000000 states explored in 196.48s, with 22018247 rules fired and 3914101 states in the queue.
	5100000 states explored in 204.06s, with 22737840 rules fired and 3973915 states in the queue.
	5200000 states explored in 211.49s, with 23429782 rules fired and 4034563 states in the queue.
	5300000 states explored in 219.71s, with 24185454 rules fired and 4090167 states in the queue.
	5400000 states explored in 229.37s, with 25054803 rules fired and 4136732 states in the queue.
	5500000 states explored in 240.53s, with 26023551 rules fired and 4173437 states in the queue.
	5600000 states explored in 253.79s, with 27127974 rules fired and 4197407 states in the queue.
	5700000 states explored in 273.15s, with 28771495 rules fired and 4173676 states in the queue.
	5800000 states explored in 278.15s, with 29239670 rules fired and 4245172 states in the queue.
	5900000 states explored in 280.45s, with 29488171 rules fired and 4334406 states in the queue.
	6000000 states explored in 282.89s, with 29750896 rules fired and 4422840 states in the queue.
	6100000 states explored in 285.34s, with 30011716 rules fired and 4511145 states in the queue.
	6200000 states explored in 287.83s, with 30277124 rules fired and 4599439 states in the queue.
	6300000 states explored in 290.44s, with 30559899 rules fired and 4687103 states in the queue.
	6400000 states explored in 293.11s, with 30837821 rules fired and 4774429 states in the queue.
	6500000 states explored in 295.66s, with 31102265 rules fired and 4862216 states in the queue.
	6600000 states explored in 298.12s, with 31374156 rules fired and 4950194 states in the queue.
	6700000 states explored in 300.97s, with 31677572 rules fired and 5036462 states in the queue.
	6800000 states explored in 303.79s, with 31961291 rules fired and 5123453 states in the queue.
	6900000 states explored in 306.71s, with 32255556 rules fired and 5209691 states in the queue.
	7000000 states explored in 309.87s, with 32554199 rules fired and 5295219 states in the queue.
	7100000 states explored in 312.95s, with 32853548 rules fired and 5380772 states in the queue.
	7200000 states explored in 315.94s, with 33143704 rules fired and 5467461 states in the queue.
	7300000 states explored in 319.00s, with 33435049 rules fired and 5553744 states in the queue.
	7400000 states explored in 321.82s, with 33721970 rules fired and 5640473 states in the queue.
	7500000 states explored in 324.92s, with 34021740 rules fired and 5726660 states in the queue.
	7600000 states explored in 328.26s, with 34333996 rules fired and 5811536 states in the queue.
	7700000 states explored in 331.80s, with 34658559 rules fired and 5895538 states in the queue.
	7800000 states explored in 335.21s, with 34973646 rules fired and 5979884 states in the queue.
	7900000 states explored in 339.03s, with 35315899 rules fired and 6062306 states in the queue.
	8000000 states explored in 342.85s, with 35657263 rules fired and 6145146 states in the queue.
	8100000 states explored in 346.49s, with 35993602 rules fired and 6229188 states in the queue.
	8200000 states explored in 350.69s, with 36344555 rules fired and 6311370 states in the queue.
	8300000 states explored in 354.87s, with 36693892 rules fired and 6394382 states in the queue.
	8400000 states explored in 358.81s, with 37057173 rules fired and 6477321 states in the queue.
	8500000 states explored in 362.64s, with 37399678 rules fired and 6560585 states in the queue.
	8600000 states explored in 366.49s, with 37738974 rules fired and 6644140 states in the queue.
	8700000 states explored in 370.87s, with 38109539 rules fired and 6726083 states in the queue.
	8800000 states explored in 375.04s, with 38461414 rules fired and 6808381 states in the queue.
	8900000 states explored in 378.61s, with 38788846 rules fired and 6892716 states in the queue.
	9000000 states explored in 382.88s, with 39160844 rules fired and 6973775 states in the queue.
	9100000 states explored in 387.44s, with 39543865 rules fired and 7053594 states in the queue.
	9200000 states explored in 391.31s, with 39896633 rules fired and 7136302 states in the queue.
	9300000 states explored in 395.97s, with 40332384 rules fired and 7215173 states in the queue.
	9400000 states explored in 400.94s, with 40727497 rules fired and 7294988 states in the queue.
	9500000 states explored in 405.54s, with 41107635 rules fired and 7376234 states in the queue.
	9600000 states explored in 411.02s, with 41540419 rules fired and 7454625 states in the queue.
	9700000 states explored in 416.21s, with 41949762 rules fired and 7534014 states in the queue.
	9800000 states explored in 421.08s, with 42354468 rules fired and 7613395 states in the queue.
	9900000 states explored in 426.50s, with 42788041 rules fired and 7690208 states in the queue.
	10000000 states explored in 432.07s, with 43221100 rules fired and 7766844 states in the queue.
	10100000 states explored in 437.75s, with 43674593 rules fired and 7843348 states in the queue.
	10200000 states explored in 443.85s, with 44148415 rules fired and 7917994 states in the queue.
	10300000 states explored in 451.36s, with 44677314 rules fired and 7987032 states in the queue.
	10400000 states explored in 459.01s, with 45245837 rules fired and 8052639 states in the queue.
	10500000 states explored in 466.92s, with 45846416 rules fired and 8117216 states in the queue.
	10600000 states explored in 474.55s, with 46441557 rules fired and 8182542 states in the queue.
	10700000 states explored in 482.91s, with 47116062 rules fired and 8242456 states in the queue.
	10800000 states explored in 491.54s, with 47790174 rules fired and 8303847 states in the queue.
	10900000 states explored in 501.49s, with 48558921 rules fired and 8355505 states in the queue.
	11000000 states explored in 511.25s, with 49372112 rules fired and 8407082 states in the queue.
	11100000 states explored in 521.66s, with 50173264 rules fired and 8461362 states in the queue.
	11200000 states explored in 531.84s, with 50967920 rules fired and 8514618 states in the queue.
	11300000 states explored in 543.73s, with 51870021 rules fired and 8557669 states in the queue.
	11400000 states explored in 554.44s, with 52743269 rules fired and 8603730 states in the queue.
	11500000 states explored in 566.85s, with 53630024 rules fired and 8643080 states in the queue.
	11600000 states explored in 582.81s, with 54752139 rules fired and 8664400 states in the queue.

Error:

	Internal Error: Too many active states.



