This program should be regarded as a DEBUGGING aid, not as a 
certifier of correctness.
Call with the -l flag or read the license file for terms
and conditions of use.
Run this program with "-h" for the list of options.

Bugs, questions, and comments should be directed to
"melatti@di.uniroma1.it".

CMurphi compiler last modified date: Apr 10 2024
Include files last modified date:    Jul 23 2021
==========================================================================

==========================================================================
Caching Murphi Release 5.5.0
Finite-state Concurrent System Verifier.

Caching Murphi Release 5.5.0 is based on various versions of Murphi.
Caching Murphi Release 5.5.0 :
Copyright (C) 2009-2012 by Sapienza University of Rome.
Murphi release 3.1 :
Copyright (C) 1992 - 1999 by the Board of Trustees of
Leland Stanford Junior University.

==========================================================================

Protocol: ./protocols/exec/German_node8/German_node8_inv86
===========================================
  You are using LS algorithm.  
===========================================

===== Startstates are generated! =====
Carelist Layer 0: Cache[1].State Cache[2].State Cache[3].State Cache[4].State Cache[5].State Cache[6].State Cache[7].State Cache[8].State 
Attr: Cache[8].State Level: 0 Wi: 8
Attr: Cache[7].State Level: 0 Wi: 8
Attr: Cache[1].State Level: 0 Wi: 8
Attr: Cache[3].State Level: 0 Wi: 8
Attr: Cache[4].State Level: 0 Wi: 8
Attr: Cache[2].State Level: 0 Wi: 8
Attr: Cache[5].State Level: 0 Wi: 8
Attr: Cache[6].State Level: 0 Wi: 8

===== Init heuristics! =====

Progress Report:

	100000 states explored in 4.38s, with 311334 rules fired and 88041 states in the queue.
	200000 states explored in 6.82s, with 710329 rules fired and 169884 states in the queue.
	300000 states explored in 8.81s, with 1026587 rules fired and 256288 states in the queue.
	400000 states explored in 13.01s, with 1649154 rules fired and 322987 states in the queue.
	500000 states explored in 14.84s, with 1931978 rules fired and 410919 states in the queue.

==========================================================================

Result:

	Invariant "test_86" failed.

State Space Explored:

	519282 states, 1987405 rules fired in 15.20s.

