This program should be regarded as a DEBUGGING aid, not as a 
certifier of correctness.
Call with the -l flag or read the license file for terms
and conditions of use.
Run this program with "-h" for the list of options.

Bugs, questions, and comments should be directed to
"melatti@di.uniroma1.it".

CMurphi compiler last modified date: Apr 10 2024
Include files last modified date:    Jul 23 2021
==========================================================================

==========================================================================
Caching Murphi Release 5.5.0
Finite-state Concurrent System Verifier.

Caching Murphi Release 5.5.0 is based on various versions of Murphi.
Caching Murphi Release 5.5.0 :
Copyright (C) 2009-2012 by Sapienza University of Rome.
Murphi release 3.1 :
Copyright (C) 1992 - 1999 by the Board of Trustees of
Leland Stanford Junior University.

==========================================================================

Protocol: ./protocols/exec/German_node8/German_node8_inv245
===========================================
  You are using LS algorithm.  
===========================================

===== Startstates are generated! =====
Carelist Layer 0: Cache[1].State Cache[2].State Cache[3].State Cache[4].State Cache[5].State Cache[6].State Cache[7].State Cache[8].State 
Attr: Cache[8].State Level: 0 Wi: 8
Attr: Cache[7].State Level: 0 Wi: 8
Attr: Cache[1].State Level: 0 Wi: 8
Attr: Cache[3].State Level: 0 Wi: 8
Attr: Cache[4].State Level: 0 Wi: 8
Attr: Cache[2].State Level: 0 Wi: 8
Attr: Cache[5].State Level: 0 Wi: 8
Attr: Cache[6].State Level: 0 Wi: 8

===== Init heuristics! =====

Progress Report:

	100000 states explored in 5.12s, with 311686 rules fired and 87979 states in the queue.
	200000 states explored in 7.63s, with 708384 rules fired and 169888 states in the queue.
	300000 states explored in 9.72s, with 1028496 rules fired and 256158 states in the queue.
	400000 states explored in 14.20s, with 1673632 rules fired and 322128 states in the queue.
	500000 states explored in 16.22s, with 1973510 rules fired and 409178 states in the queue.
	600000 states explored in 18.55s, with 2311153 rules fired and 494289 states in the queue.
	700000 states explored in 21.87s, with 2777403 rules fired and 572543 states in the queue.
	800000 states explored in 26.07s, with 3354297 rules fired and 644041 states in the queue.
	900000 states explored in 30.76s, with 3991680 rules fired and 712658 states in the queue.
	1000000 states explored in 35.20s, with 4593656 rules fired and 780305 states in the queue.
	1100000 states explored in 37.20s, with 4867855 rules fired and 868442 states in the queue.

==========================================================================

Result:

	Invariant "test_245" failed.

State Space Explored:

	1131561 states, 4952369 rules fired in 37.80s.

