This program should be regarded as a DEBUGGING aid, not as a 
certifier of correctness.
Call with the -l flag or read the license file for terms
and conditions of use.
Run this program with "-h" for the list of options.

Bugs, questions, and comments should be directed to
"melatti@di.uniroma1.it".

CMurphi compiler last modified date: Apr 10 2024
Include files last modified date:    Jul 23 2021
==========================================================================

==========================================================================
Caching Murphi Release 5.5.0
Finite-state Concurrent System Verifier.

Caching Murphi Release 5.5.0 is based on various versions of Murphi.
Caching Murphi Release 5.5.0 :
Copyright (C) 2009-2012 by Sapienza University of Rome.
Murphi release 3.1 :
Copyright (C) 1992 - 1999 by the Board of Trustees of
Leland Stanford Junior University.

==========================================================================

Protocol: ./protocols/exec/German_node8/German_node8_inv257
===========================================
  You are using LS algorithm.  
===========================================

===== Startstates are generated! =====
Carelist Layer 0: Cache[1].State Cache[2].State Cache[3].State Cache[4].State Cache[5].State Cache[6].State Cache[7].State Cache[8].State 
Attr: Cache[8].State Level: 0 Wi: 8
Attr: Cache[7].State Level: 0 Wi: 8
Attr: Cache[1].State Level: 0 Wi: 8
Attr: Cache[3].State Level: 0 Wi: 8
Attr: Cache[4].State Level: 0 Wi: 8
Attr: Cache[2].State Level: 0 Wi: 8
Attr: Cache[5].State Level: 0 Wi: 8
Attr: Cache[6].State Level: 0 Wi: 8

===== Init heuristics! =====

Progress Report:

	100000 states explored in 4.42s, with 312276 rules fired and 87964 states in the queue.
	200000 states explored in 6.94s, with 711417 rules fired and 169829 states in the queue.
	300000 states explored in 9.07s, with 1038719 rules fired and 255744 states in the queue.
	400000 states explored in 13.49s, with 1675027 rules fired and 322172 states in the queue.
	500000 states explored in 15.45s, with 1966108 rules fired and 409644 states in the queue.
	600000 states explored in 17.70s, with 2295903 rules fired and 495253 states in the queue.
	700000 states explored in 20.70s, with 2719450 rules fired and 575716 states in the queue.
	800000 states explored in 24.76s, with 3275083 rules fired and 648482 states in the queue.
	900000 states explored in 28.98s, with 3858515 rules fired and 720102 states in the queue.
	1000000 states explored in 34.64s, with 4618646 rules fired and 779731 states in the queue.
	1100000 states explored in 36.51s, with 4880811 rules fired and 868403 states in the queue.
	1200000 states explored in 38.45s, with 5151834 rules fired and 956706 states in the queue.
	1300000 states explored in 40.76s, with 5465122 rules fired and 1043001 states in the queue.

==========================================================================

Result:

	Invariant "test_257" failed.

State Space Explored:

	1315752 states, 5518478 rules fired in 41.16s.

