This program should be regarded as a DEBUGGING aid, not as a 
certifier of correctness.
Call with the -l flag or read the license file for terms
and conditions of use.
Run this program with "-h" for the list of options.

Bugs, questions, and comments should be directed to
"melatti@di.uniroma1.it".

CMurphi compiler last modified date: Apr 10 2024
Include files last modified date:    Jul 23 2021
==========================================================================

==========================================================================
Caching Murphi Release 5.5.0
Finite-state Concurrent System Verifier.

Caching Murphi Release 5.5.0 is based on various versions of Murphi.
Caching Murphi Release 5.5.0 :
Copyright (C) 2009-2012 by Sapienza University of Rome.
Murphi release 3.1 :
Copyright (C) 1992 - 1999 by the Board of Trustees of
Leland Stanford Junior University.

==========================================================================

Protocol: ./protocols/exec/TL-C_NonIn_S_nodata/TL-C_NonIn_S_nodata_inv144
===========================================
  You are using LS algorithm.  
===========================================

===== Startstates are generated! =====
Carelist Layer 0: Tree[1].cache.state Tree[2].cache.state Tree[3].cache.state Tree[4].cache.state Tree[5].cache.state Tree[6].cache.state Tree[7].cache.state 
Carelist Layer 1: Tree[1].chanA[b].opcode.isundefined Tree[1].chanA[b].opcode Tree[1].chanA[b].para Tree[1].cache.state Tree[1].directory[k Tree[1].directory[b 

===== Init heuristics! =====

Progress Report:

	100000 states explored in 11.60s, with 531436 rules fired and 55032 states in the queue.
	200000 states explored in 19.41s, with 1095697 rules fired and 117565 states in the queue.
	300000 states explored in 28.54s, with 1739097 rules fired and 171428 states in the queue.
	400000 states explored in 37.67s, with 2384651 rules fired and 225997 states in the queue.
	500000 states explored in 46.80s, with 3070199 rules fired and 285144 states in the queue.
	600000 states explored in 59.58s, with 3950153 rules fired and 318873 states in the queue.
	700000 states explored in 67.54s, with 4558736 rules fired and 384296 states in the queue.
	800000 states explored in 77.27s, with 5283045 rules fired and 438696 states in the queue.
	900000 states explored in 86.21s, with 5941624 rules fired and 497400 states in the queue.
	1000000 states explored in 96.68s, with 6708059 rules fired and 542415 states in the queue.
	1100000 states explored in 109.41s, with 7628708 rules fired and 571508 states in the queue.
	1200000 states explored in 121.56s, with 8520285 rules fired and 600913 states in the queue.
	1300000 states explored in 128.70s, with 9106340 rules fired and 668827 states in the queue.
	1400000 states explored in 139.43s, with 9907131 rules fired and 712838 states in the queue.
	1500000 states explored in 146.32s, with 10476000 rules fired and 781883 states in the queue.
	1600000 states explored in 156.20s, with 11237034 rules fired and 831275 states in the queue.
	1700000 states explored in 165.74s, with 11956062 rules fired and 882267 states in the queue.
	1800000 states explored in 181.97s, with 13159627 rules fired and 886892 states in the queue.
	1900000 states explored in 191.39s, with 13855098 rules fired and 937396 states in the queue.
	2000000 states explored in 201.35s, with 14604307 rules fired and 987677 states in the queue.
	2100000 states explored in 216.08s, with 15688419 rules fired and 1003828 states in the queue.
	2200000 states explored in 234.27s, with 16956692 rules fired and 991102 states in the queue.
	2300000 states explored in 248.33s, with 17950575 rules fired and 1011697 states in the queue.
	2400000 states explored in 258.50s, with 18680537 rules fired and 1055220 states in the queue.
	2500000 states explored in 269.10s, with 19434179 rules fired and 1095388 states in the queue.
	2600000 states explored in 279.99s, with 20227031 rules fired and 1133208 states in the queue.
	2700000 states explored in 288.81s, with 20897222 rules fired and 1189033 states in the queue.
	2800000 states explored in 299.09s, with 21635322 rules fired and 1237910 states in the queue.
	2900000 states explored in 306.21s, with 22173948 rules fired and 1309950 states in the queue.
	3000000 states explored in 315.03s, with 22825799 rules fired and 1373842 states in the queue.
	3100000 states explored in 326.25s, with 23651648 rules fired and 1425797 states in the queue.
	3200000 states explored in 334.76s, with 24251773 rules fired and 1491567 states in the queue.
	3300000 states explored in 342.70s, with 24822059 rules fired and 1560770 states in the queue.
	3400000 states explored in 351.79s, with 25471943 rules fired and 1622371 states in the queue.
	3500000 states explored in 362.67s, with 26293854 rules fired and 1669221 states in the queue.
	3600000 states explored in 372.78s, with 27048028 rules fired and 1720434 states in the queue.
	3700000 states explored in 384.01s, with 27844622 rules fired and 1765424 states in the queue.
	3800000 states explored in 395.79s, with 28686001 rules fired and 1808257 states in the queue.
	3900000 states explored in 412.52s, with 29881506 rules fired and 1820137 states in the queue.
	4000000 states explored in 430.78s, with 31192528 rules fired and 1819437 states in the queue.
	4100000 states explored in 440.99s, with 31937282 rules fired and 1867624 states in the queue.
	4200000 states explored in 453.41s, with 32838643 rules fired and 1901949 states in the queue.
	4300000 states explored in 466.28s, with 33652114 rules fired and 1932589 states in the queue.
	4400000 states explored in 477.77s, with 34443016 rules fired and 1978186 states in the queue.
	4500000 states explored in 488.79s, with 35156191 rules fired and 2024507 states in the queue.
	4600000 states explored in 500.94s, with 35952497 rules fired and 2062933 states in the queue.
	4700000 states explored in 514.57s, with 36846761 rules fired and 2095457 states in the queue.
	4800000 states explored in 528.53s, with 37744276 rules fired and 2123602 states in the queue.
	4900000 states explored in 543.26s, with 38686259 rules fired and 2141312 states in the queue.
	5000000 states explored in 558.29s, with 39680823 rules fired and 2153813 states in the queue.
	5100000 states explored in 567.99s, with 40398137 rules fired and 2206833 states in the queue.
	5200000 states explored in 579.42s, with 41230268 rules fired and 2249285 states in the queue.
	5300000 states explored in 595.41s, with 42327166 rules fired and 2259461 states in the queue.
	5400000 states explored in 606.85s, with 43159063 rules fired and 2301268 states in the queue.
	5500000 states explored in 621.01s, with 44145165 rules fired and 2322983 states in the queue.
	5600000 states explored in 634.65s, with 45117080 rules fired and 2351008 states in the queue.
	5700000 states explored in 652.54s, with 46289266 rules fired and 2345766 states in the queue.
	5800000 states explored in 672.37s, with 47582847 rules fired and 2324053 states in the queue.
	5900000 states explored in 682.49s, with 48266774 rules fired and 2368776 states in the queue.
	6000000 states explored in 697.14s, with 49279984 rules fired and 2382667 states in the queue.
	6100000 states explored in 710.90s, with 50263863 rules fired and 2404507 states in the queue.
	6200000 states explored in 724.65s, with 51257068 rules fired and 2426497 states in the queue.
	6300000 states explored in 733.98s, with 52005552 rules fired and 2484564 states in the queue.
	6400000 states explored in 748.36s, with 53002787 rules fired and 2497802 states in the queue.
	6500000 states explored in 760.39s, with 53894016 rules fired and 2532385 states in the queue.
	6600000 states explored in 773.80s, with 54827992 rules fired and 2553271 states in the queue.
	6700000 states explored in 788.65s, with 55858361 rules fired and 2563487 states in the queue.
	6800000 states explored in 800.88s, with 56715508 rules fired and 2593017 states in the queue.
	6900000 states explored in 815.39s, with 57765405 rules fired and 2610115 states in the queue.
	7000000 states explored in 831.43s, with 58875576 rules fired and 2614098 states in the queue.
	7100000 states explored in 852.31s, with 60323658 rules fired and 2587959 states in the queue.
	7200000 states explored in 871.04s, with 61620646 rules fired and 2575555 states in the queue.
	7300000 states explored in 891.16s, with 62989374 rules fired and 2551069 states in the queue.
	7400000 states explored in 914.56s, with 64464412 rules fired and 2513256 states in the queue.
	7500000 states explored in 936.09s, with 65811936 rules fired and 2493622 states in the queue.
	7600000 states explored in 959.35s, with 67379213 rules fired and 2454286 states in the queue.
	7700000 states explored in 985.21s, with 69093908 rules fired and 2391441 states in the queue.
	7800000 states explored in 1012.33s, with 70873536 rules fired and 2321013 states in the queue.
	7900000 states explored in 1037.36s, with 72583833 rules fired and 2250263 states in the queue.
	8000000 states explored in 1065.96s, with 74277355 rules fired and 2177775 states in the queue.
	8100000 states explored in 1093.24s, with 75899462 rules fired and 2110283 states in the queue.
	8200000 states explored in 1104.41s, with 76626434 rules fired and 2151882 states in the queue.
	8300000 states explored in 1116.61s, with 77412448 rules fired and 2188087 states in the queue.
	8400000 states explored in 1131.10s, with 78305115 rules fired and 2211710 states in the queue.
	8500000 states explored in 1148.21s, with 79405610 rules fired and 2204410 states in the queue.
	8600000 states explored in 1157.06s, with 80091850 rules fired and 2244701 states in the queue.
	8700000 states explored in 1165.20s, with 80829158 rules fired and 2287220 states in the queue.
	8800000 states explored in 1173.52s, with 81511082 rules fired and 2339744 states in the queue.
	8900000 states explored in 1183.96s, with 82297851 rules fired and 2385439 states in the queue.
	9000000 states explored in 1195.42s, with 83166089 rules fired and 2420410 states in the queue.
	9100000 states explored in 1208.21s, with 84244111 rules fired and 2427226 states in the queue.
	9200000 states explored in 1219.30s, with 85164948 rules fired and 2446920 states in the queue.
	9300000 states explored in 1233.09s, with 86052488 rules fired and 2456965 states in the queue.
	9400000 states explored in 1245.30s, with 86854626 rules fired and 2492371 states in the queue.
	9500000 states explored in 1259.36s, with 87734416 rules fired and 2513733 states in the queue.
	9600000 states explored in 1275.86s, with 88753316 rules fired and 2514568 states in the queue.
	9700000 states explored in 1292.67s, with 89790268 rules fired and 2511654 states in the queue.
	9800000 states explored in 1310.14s, with 90870511 rules fired and 2507651 states in the queue.
	9900000 states explored in 1329.09s, with 92018655 rules fired and 2488146 states in the queue.
	10000000 states explored in 1342.42s, with 92871989 rules fired and 2513738 states in the queue.
	10100000 states explored in 1354.42s, with 93723398 rules fired and 2556197 states in the queue.
	10200000 states explored in 1372.36s, with 94891918 rules fired and 2555181 states in the queue.
	10300000 states explored in 1384.79s, with 95738142 rules fired and 2595042 states in the queue.
	10400000 states explored in 1400.04s, with 96752658 rules fired and 2613968 states in the queue.
	10500000 states explored in 1416.96s, with 97855049 rules fired and 2619552 states in the queue.
	10600000 states explored in 1435.35s, with 99020805 rules fired and 2612968 states in the queue.
	10700000 states explored in 1456.08s, with 100255288 rules fired and 2580940 states in the queue.
	10800000 states explored in 1474.75s, with 101417283 rules fired and 2566955 states in the queue.
	10900000 states explored in 1490.96s, with 102469748 rules fired and 2568069 states in the queue.
	11000000 states explored in 1514.55s, with 103911698 rules fired and 2514536 states in the queue.
	11100000 states explored in 1538.76s, with 105355692 rules fired and 2453711 states in the queue.
	11200000 states explored in 1562.19s, with 106764374 rules fired and 2399642 states in the queue.
	11300000 states explored in 1581.21s, with 107970328 rules fired and 2380048 states in the queue.
	11400000 states explored in 1609.76s, with 109701733 rules fired and 2290007 states in the queue.
	11500000 states explored in 1639.34s, with 111454966 rules fired and 2188598 states in the queue.
	11600000 states explored in 1703.24s, with 115072311 rules fired and 1796692 states in the queue.
	11700000 states explored in 1720.81s, with 116228642 rules fired and 1797320 states in the queue.
	11800000 states explored in 1737.68s, with 117343296 rules fired and 1804904 states in the queue.
	11900000 states explored in 1755.36s, with 118512592 rules fired and 1807159 states in the queue.
	12000000 states explored in 1781.77s, with 120146261 rules fired and 1730076 states in the queue.
	12100000 states explored in 1840.36s, with 123676409 rules fired and 1401190 states in the queue.
	12200000 states explored in 1940.72s, with 129425298 rules fired and 702192 states in the queue.
	12300000 states explored in 1949.89s, with 130114939 rules fired and 741885 states in the queue.
	12400000 states explored in 1961.16s, with 130980630 rules fired and 766184 states in the queue.
	12500000 states explored in 1974.69s, with 131933923 rules fired and 760546 states in the queue.
	12600000 states explored in 1986.36s, with 132782016 rules fired and 771504 states in the queue.
	12700000 states explored in 1992.83s, with 133323942 rules fired and 836153 states in the queue.
	12800000 states explored in 2001.35s, with 134010624 rules fired and 881637 states in the queue.
	12900000 states explored in 2008.89s, with 134659762 rules fired and 940456 states in the queue.
	13000000 states explored in 2019.33s, with 135554895 rules fired and 982312 states in the queue.
	13100000 states explored in 2031.24s, with 136512093 rules fired and 1005905 states in the queue.
	13200000 states explored in 2039.28s, with 137179035 rules fired and 1058290 states in the queue.
	13300000 states explored in 2047.14s, with 137857077 rules fired and 1115486 states in the queue.
	13400000 states explored in 2056.15s, with 138643939 rules fired and 1164819 states in the queue.
	13500000 states explored in 2064.27s, with 139326050 rules fired and 1216620 states in the queue.
	13600000 states explored in 2073.00s, with 140072397 rules fired and 1268329 states in the queue.
	13700000 states explored in 2082.10s, with 140796966 rules fired and 1313794 states in the queue.
	13800000 states explored in 2091.14s, with 141519170 rules fired and 1361918 states in the queue.
	13900000 states explored in 2100.05s, with 142236688 rules fired and 1412183 states in the queue.
	14000000 states explored in 2114.38s, with 143406642 rules fired and 1423603 states in the queue.
	14100000 states explored in 2120.93s, with 143995347 rules fired and 1490691 states in the queue.
	14200000 states explored in 2130.16s, with 144762182 rules fired and 1538593 states in the queue.
	14300000 states explored in 2143.27s, with 145837603 rules fired and 1557375 states in the queue.
	14400000 states explored in 2156.86s, with 146927766 rules fired and 1569942 states in the queue.
	14500000 states explored in 2165.85s, with 147691098 rules fired and 1620168 states in the queue.
	14600000 states explored in 2175.06s, with 148471550 rules fired and 1670087 states in the queue.
	14700000 states explored in 2187.62s, with 149499778 rules fired and 1695884 states in the queue.
	14800000 states explored in 2200.71s, with 150517235 rules fired and 1708631 states in the queue.
	14900000 states explored in 2209.95s, with 151244699 rules fired and 1750475 states in the queue.
	15000000 states explored in 2220.81s, with 152086205 rules fired and 1779667 states in the queue.
	15100000 states explored in 2229.03s, with 152785889 rules fired and 1835665 states in the queue.
	15200000 states explored in 2238.74s, with 153612841 rules fired and 1882178 states in the queue.
	15300000 states explored in 2246.90s, with 154295080 rules fired and 1935558 states in the queue.
	15400000 states explored in 2256.51s, with 155062344 rules fired and 1977642 states in the queue.
	15500000 states explored in 2267.78s, with 155937046 rules fired and 2006215 states in the queue.
	15600000 states explored in 2278.75s, with 156821051 rules fired and 2036584 states in the queue.
	15700000 states explored in 2288.06s, with 157566903 rules fired and 2080658 states in the queue.
	15800000 states explored in 2299.02s, with 158422646 rules fired and 2112591 states in the queue.
	15900000 states explored in 2313.17s, with 159516161 rules fired and 2120623 states in the queue.
	16000000 states explored in 2324.10s, with 160391340 rules fired and 2153949 states in the queue.
	16100000 states explored in 2336.74s, with 161383010 rules fired and 2175403 states in the queue.
	16200000 states explored in 2349.94s, with 162376864 rules fired and 2188094 states in the queue.
	16300000 states explored in 2360.01s, with 163193364 rules fired and 2227173 states in the queue.
	16400000 states explored in 2369.95s, with 164022976 rules fired and 2271034 states in the queue.
	16500000 states explored in 2384.12s, with 165130575 rules fired and 2278034 states in the queue.
	16600000 states explored in 2394.22s, with 165939171 rules fired and 2318248 states in the queue.
	16700000 states explored in 2404.31s, with 166758230 rules fired and 2358025 states in the queue.
	16800000 states explored in 2410.11s, with 167279359 rules fired and 2430275 states in the queue.
	16900000 states explored in 2418.67s, with 168054140 rules fired and 2487481 states in the queue.
	17000000 states explored in 2426.24s, with 168717746 rules fired and 2550138 states in the queue.
	17100000 states explored in 2433.84s, with 169371178 rules fired and 2612702 states in the queue.
	17200000 states explored in 2441.66s, with 170042031 rules fired and 2674863 states in the queue.
	17300000 states explored in 2451.16s, with 170850314 rules fired and 2725276 states in the queue.
	17400000 states explored in 2461.24s, with 171695440 rules fired and 2769886 states in the queue.
	17500000 states explored in 2470.88s, with 172486470 rules fired and 2817571 states in the queue.
	17600000 states explored in 2483.33s, with 173484787 rules fired and 2846539 states in the queue.
	17700000 states explored in 2500.25s, with 174851125 rules fired and 2843142 states in the queue.
	17800000 states explored in 2515.32s, with 176003463 rules fired and 2844042 states in the queue.
	17900000 states explored in 2526.72s, with 176918862 rules fired and 2875403 states in the queue.
	18000000 states explored in 2542.19s, with 178066311 rules fired and 2864566 states in the queue.
	18100000 states explored in 2557.35s, with 179172279 rules fired and 2854642 states in the queue.
	18200000 states explored in 2570.34s, with 180187779 rules fired and 2870398 states in the queue.
	18300000 states explored in 2585.50s, with 181355569 rules fired and 2871053 states in the queue.
	18400000 states explored in 2601.61s, with 182575204 rules fired and 2860983 states in the queue.
	18500000 states explored in 2615.45s, with 183672386 rules fired and 2875254 states in the queue.
	18600000 states explored in 2632.87s, with 184982525 rules fired and 2852973 states in the queue.
	18700000 states explored in 2648.41s, with 186163707 rules fired and 2845317 states in the queue.
	18800000 states explored in 2665.29s, with 187434252 rules fired and 2830076 states in the queue.
	18900000 states explored in 2677.21s, with 188396767 rules fired and 2858313 states in the queue.
	19000000 states explored in 2688.36s, with 189313954 rules fired and 2896454 states in the queue.
	19100000 states explored in 2697.99s, with 190127986 rules fired and 2945487 states in the queue.
	19200000 states explored in 2708.26s, with 190980904 rules fired and 2990188 states in the queue.
	19300000 states explored in 2725.14s, with 192264594 rules fired and 2978328 states in the queue.
	19400000 states explored in 2735.06s, with 193049841 rules fired and 3020699 states in the queue.
	19500000 states explored in 2750.01s, with 194210763 rules fired and 3025437 states in the queue.
	19600000 states explored in 2760.36s, with 195051396 rules fired and 3070766 states in the queue.
	19700000 states explored in 2778.44s, with 196442128 rules fired and 3053631 states in the queue.
	19800000 states explored in 2794.82s, with 197693332 rules fired and 3048146 states in the queue.
	19900000 states explored in 2828.92s, with 200235593 rules fired and 2888581 states in the queue.
	20000000 states explored in 2845.59s, with 201532564 rules fired and 2877194 states in the queue.
	20100000 states explored in 2862.38s, with 202843176 rules fired and 2865720 states in the queue.
	20200000 states explored in 2896.29s, with 205271382 rules fired and 2697933 states in the queue.
	20300000 states explored in 2905.68s, with 205987499 rules fired and 2737829 states in the queue.
	20400000 states explored in 2914.60s, with 206718357 rules fired and 2785336 states in the queue.
	20500000 states explored in 2923.40s, with 207433283 rules fired and 2834925 states in the queue.
	20600000 states explored in 2933.12s, with 208222081 rules fired and 2879503 states in the queue.
	20700000 states explored in 2943.69s, with 209074807 rules fired and 2917544 states in the queue.
	20800000 states explored in 2957.84s, with 210138344 rules fired and 2924159 states in the queue.
	20900000 states explored in 2972.56s, with 211223775 rules fired and 2915058 states in the queue.
	21000000 states explored in 2980.84s, with 211885425 rules fired and 2967344 states in the queue.
	21100000 states explored in 2992.73s, with 212782774 rules fired and 2990671 states in the queue.
	21200000 states explored in 3008.19s, with 213903388 rules fired and 2979483 states in the queue.
	21300000 states explored in 3022.18s, with 214904968 rules fired and 2980372 states in the queue.
	21400000 states explored in 3037.69s, with 216013325 rules fired and 2967111 states in the queue.
	21500000 states explored in 3052.47s, with 217103732 rules fired and 2963812 states in the queue.
	21600000 states explored in 3065.17s, with 218044296 rules fired and 2976842 states in the queue.
	21700000 states explored in 3080.57s, with 219140058 rules fired and 2960269 states in the queue.
	21800000 states explored in 3097.20s, with 220322942 rules fired and 2936904 states in the queue.
	21900000 states explored in 3108.91s, with 221167773 rules fired and 2956472 states in the queue.
	22000000 states explored in 3124.24s, with 222248793 rules fired and 2945001 states in the queue.
	22100000 states explored in 3140.20s, with 223393012 rules fired and 2932631 states in the queue.
	22200000 states explored in 3161.49s, with 224879986 rules fired and 2869222 states in the queue.
	22300000 states explored in 3179.78s, with 226218310 rules fired and 2837943 states in the queue.
	22400000 states explored in 3200.56s, with 227689070 rules fired and 2778164 states in the queue.
	22500000 states explored in 3216.05s, with 228832134 rules fired and 2768016 states in the queue.
	22600000 states explored in 3226.30s, with 229692911 rules fired and 2810761 states in the queue.
	22700000 states explored in 3241.12s, with 230837748 rules fired and 2812515 states in the queue.
	22800000 states explored in 3253.02s, with 231750256 rules fired and 2840585 states in the queue.
	22900000 states explored in 3268.96s, with 232978934 rules fired and 2837249 states in the queue.
	23000000 states explored in 3284.47s, with 234164952 rules fired and 2835216 states in the queue.
	23100000 states explored in 3309.93s, with 235962150 rules fired and 2734992 states in the queue.
	23200000 states explored in 3322.50s, with 236949901 rules fired and 2758131 states in the queue.
	23300000 states explored in 3339.94s, with 238246159 rules fired and 2736874 states in the queue.
	23400000 states explored in 3353.95s, with 239309215 rules fired and 2745466 states in the queue.
	23500000 states explored in 3367.69s, with 240388888 rules fired and 2761220 states in the queue.
	23600000 states explored in 3389.81s, with 241973017 rules fired and 2697443 states in the queue.
	23700000 states explored in 3402.18s, with 242925834 rules fired and 2714207 states in the queue.
	23800000 states explored in 3434.09s, with 245106383 rules fired and 2550452 states in the queue.
	23900000 states explored in 3467.74s, with 247492586 rules fired and 2369139 states in the queue.
	24000000 states explored in 3546.64s, with 252807953 rules fired and 1763301 states in the queue.
