This program should be regarded as a DEBUGGING aid, not as a 
certifier of correctness.
Call with the -l flag or read the license file for terms
and conditions of use.
Run this program with "-h" for the list of options.

Bugs, questions, and comments should be directed to
"melatti@di.uniroma1.it".

CMurphi compiler last modified date: Apr 10 2024
Include files last modified date:    Jul 23 2021
==========================================================================

==========================================================================
Caching Murphi Release 5.5.0
Finite-state Concurrent System Verifier.

Caching Murphi Release 5.5.0 is based on various versions of Murphi.
Caching Murphi Release 5.5.0 :
Copyright (C) 2009-2012 by Sapienza University of Rome.
Murphi release 3.1 :
Copyright (C) 1992 - 1999 by the Board of Trustees of
Leland Stanford Junior University.

==========================================================================

Protocol: ./protocols/exec/Flash_node8/Flash_node8_inv130
===========================================
  You are using EDMC algorithm.  
===========================================

===== Startstates are generated! =====
Carelist Layer 0: Sta.Proc[1].CacheState Sta.Proc[2].CacheState Sta.Proc[3].CacheState Sta.Proc[4].CacheState Sta.Proc[5].CacheState Sta.Proc[6].CacheState Sta.Proc[7].CacheState Sta.Proc[8].CacheState 

===== Init heuristics! =====

Progress Report:

	100000 states explored in 5.25s, with 271783 rules fired and 81294 states in the queue.
	200000 states explored in 7.74s, with 548367 rules fired and 161600 states in the queue.
	300000 states explored in 10.35s, with 829348 rules fired and 240690 states in the queue.
	400000 states explored in 12.87s, with 1104597 rules fired and 320769 states in the queue.
	500000 states explored in 18.91s, with 1618707 rules fired and 383534 states in the queue.
	600000 states explored in 21.58s, with 1841157 rules fired and 467028 states in the queue.
	700000 states explored in 24.14s, with 2053427 rules fired and 551138 states in the queue.
	800000 states explored in 26.76s, with 2270251 rules fired and 634816 states in the queue.
	900000 states explored in 29.63s, with 2505134 rules fired and 716987 states in the queue.
	1000000 states explored in 32.80s, with 2758857 rules fired and 797213 states in the queue.
	1100000 states explored in 38.31s, with 3204482 rules fired and 862546 states in the queue.
	1200000 states explored in 41.77s, with 3493377 rules fired and 941113 states in the queue.
	1300000 states explored in 44.89s, with 3755686 rules fired and 1021677 states in the queue.
	1400000 states explored in 48.41s, with 4043826 rules fired and 1099943 states in the queue.
	1500000 states explored in 52.22s, with 4357740 rules fired and 1176655 states in the queue.
	1600000 states explored in 59.24s, with 4943426 rules fired and 1232487 states in the queue.
	1700000 states explored in 67.81s, with 5645267 rules fired and 1279577 states in the queue.
	1800000 states explored in 74.88s, with 6179096 rules fired and 1339605 states in the queue.
	1900000 states explored in 77.33s, with 6360144 rules fired and 1425305 states in the queue.
	2000000 states explored in 79.87s, with 6547324 rules fired and 1510768 states in the queue.
	2100000 states explored in 82.49s, with 6741483 rules fired and 1595699 states in the queue.
	2200000 states explored in 85.32s, with 6953720 rules fired and 1679668 states in the queue.
	2300000 states explored in 88.24s, with 7172720 rules fired and 1762785 states in the queue.
	2400000 states explored in 91.52s, with 7417358 rules fired and 1843750 states in the queue.
	2500000 states explored in 94.58s, with 7646200 rules fired and 1926040 states in the queue.
	2600000 states explored in 97.62s, with 7872098 rules fired and 2008575 states in the queue.
	2700000 states explored in 100.87s, with 8113589 rules fired and 2090033 states in the queue.
	2800000 states explored in 104.12s, with 8352347 rules fired and 2171308 states in the queue.
	2900000 states explored in 107.45s, with 8601483 rules fired and 2252235 states in the queue.
	3000000 states explored in 111.17s, with 8878351 rules fired and 2330903 states in the queue.
	3100000 states explored in 114.57s, with 9131544 rules fired and 2411391 states in the queue.
	3200000 states explored in 118.17s, with 9396637 rules fired and 2490600 states in the queue.
	3300000 states explored in 121.95s, with 9673565 rules fired and 2568896 states in the queue.
	3400000 states explored in 125.67s, with 9946746 rules fired and 2647490 states in the queue.
	3500000 states explored in 129.57s, with 10234094 rules fired and 2725736 states in the queue.
	3600000 states explored in 133.78s, with 10542156 rules fired and 2801657 states in the queue.
	3700000 states explored in 138.08s, with 10855077 rules fired and 2876698 states in the queue.
	3800000 states explored in 142.81s, with 11197072 rules fired and 2949287 states in the queue.
	3900000 states explored in 149.23s, with 11665281 rules fired and 3011650 states in the queue.
	4000000 states explored in 156.39s, with 12185130 rules fired and 3070044 states in the queue.
	4100000 states explored in 165.91s, with 12875606 rules fired and 3115738 states in the queue.
	4200000 states explored in 174.81s, with 13522262 rules fired and 3164106 states in the queue.
	4300000 states explored in 180.22s, with 13915109 rules fired and 3233175 states in the queue.
	4400000 states explored in 185.27s, with 14282039 rules fired and 3304519 states in the queue.
	4500000 states explored in 191.67s, with 14748151 rules fired and 3369022 states in the queue.
	4600000 states explored in 196.86s, with 15130502 rules fired and 3439556 states in the queue.
	4700000 states explored in 201.82s, with 15498199 rules fired and 3511748 states in the queue.
	4800000 states explored in 207.10s, with 15890747 rules fired and 3581856 states in the queue.
	4900000 states explored in 212.67s, with 16305468 rules fired and 3650480 states in the queue.
	5000000 states explored in 220.03s, with 16854665 rules fired and 3708075 states in the queue.
	5100000 states explored in 227.53s, with 17422589 rules fired and 3764360 states in the queue.
	5200000 states explored in 235.44s, with 18036085 rules fired and 3817605 states in the queue.
	5300000 states explored in 244.25s, with 18725836 rules fired and 3865378 states in the queue.
	5400000 states explored in 254.40s, with 19526436 rules fired and 3904849 states in the queue.
	5500000 states explored in 264.46s, with 20315832 rules fired and 3943889 states in the queue.
	5600000 states explored in 266.90s, with 20500954 rules fired and 4028790 states in the queue.
	5700000 states explored in 269.33s, with 20684427 rules fired and 4113571 states in the queue.
	5800000 states explored in 271.89s, with 20877672 rules fired and 4197768 states in the queue.
	5900000 states explored in 274.46s, with 21072037 rules fired and 4281976 states in the queue.
	6000000 states explored in 277.07s, with 21269559 rules fired and 4365905 states in the queue.
	6100000 states explored in 279.74s, with 21471024 rules fired and 4449427 states in the queue.
	6200000 states explored in 282.45s, with 21674758 rules fired and 4532945 states in the queue.
	6300000 states explored in 285.23s, with 21884651 rules fired and 4616182 states in the queue.
	6400000 states explored in 288.04s, with 22097001 rules fired and 4699098 states in the queue.
	6500000 states explored in 291.00s, with 22319274 rules fired and 4781256 states in the queue.
	6600000 states explored in 294.12s, with 22556642 rules fired and 4862685 states in the queue.
	6700000 states explored in 296.97s, with 22772394 rules fired and 4945221 states in the queue.
	6800000 states explored in 299.84s, with 22987959 rules fired and 5027707 states in the queue.
	6900000 states explored in 302.73s, with 23206597 rules fired and 5110141 states in the queue.
	7000000 states explored in 305.32s, with 23407525 rules fired and 5194313 states in the queue.
	7100000 states explored in 307.89s, with 23607252 rules fired and 5278558 states in the queue.
	7200000 states explored in 311.21s, with 23862961 rules fired and 5358502 states in the queue.
	7300000 states explored in 314.43s, with 24113869 rules fired and 5439316 states in the queue.
	7400000 states explored in 317.83s, with 24377570 rules fired and 5518721 states in the queue.
	7500000 states explored in 320.99s, with 24634118 rules fired and 5599155 states in the queue.
	7600000 states explored in 323.74s, with 24937505 rules fired and 5676079 states in the queue.
	7700000 states explored in 325.97s, with 25179980 rules fired and 5756803 states in the queue.
	7800000 states explored in 328.00s, with 25402308 rules fired and 5839468 states in the queue.
	7900000 states explored in 330.15s, with 25633343 rules fired and 5921768 states in the queue.
	8000000 states explored in 332.29s, with 25859529 rules fired and 6003845 states in the queue.
	8100000 states explored in 334.49s, with 26094542 rules fired and 6085618 states in the queue.
	8200000 states explored in 336.66s, with 26329069 rules fired and 6167584 states in the queue.
	8300000 states explored in 338.74s, with 26552278 rules fired and 6250168 states in the queue.
	8400000 states explored in 340.82s, with 26778526 rules fired and 6332447 states in the queue.
	8500000 states explored in 342.93s, with 27008942 rules fired and 6414338 states in the queue.
	8600000 states explored in 345.07s, with 27239604 rules fired and 6495931 states in the queue.
	8700000 states explored in 347.31s, with 27475414 rules fired and 6577172 states in the queue.
	8800000 states explored in 349.49s, with 27708913 rules fired and 6658840 states in the queue.
	8900000 states explored in 351.66s, with 27940929 rules fired and 6740473 states in the queue.
	9000000 states explored in 353.78s, with 28170031 rules fired and 6822509 states in the queue.
	9100000 states explored in 355.84s, with 28394228 rules fired and 6904727 states in the queue.
	9200000 states explored in 357.91s, with 28618728 rules fired and 6986935 states in the queue.
	9300000 states explored in 360.32s, with 28873693 rules fired and 7066919 states in the queue.
	9400000 states explored in 362.81s, with 29141515 rules fired and 7145804 states in the queue.
	9500000 states explored in 365.08s, with 29383607 rules fired and 7226273 states in the queue.
	9600000 states explored in 367.37s, with 29627208 rules fired and 7306901 states in the queue.
	9700000 states explored in 369.67s, with 29873456 rules fired and 7387507 states in the queue.
	9800000 states explored in 372.05s, with 30126877 rules fired and 7467815 states in the queue.
	9900000 states explored in 374.41s, with 30385818 rules fired and 7548143 states in the queue.
	10000000 states explored in 376.71s, with 30638036 rules fired and 7628229 states in the queue.

Error:

	Internal Error: Too many active states.



