This program should be regarded as a DEBUGGING aid, not as a 
certifier of correctness.
Call with the -l flag or read the license file for terms
and conditions of use.
Run this program with "-h" for the list of options.

Bugs, questions, and comments should be directed to
"melatti@di.uniroma1.it".

CMurphi compiler last modified date: Apr 10 2024
Include files last modified date:    Jul 23 2021
==========================================================================

==========================================================================
Caching Murphi Release 5.5.0
Finite-state Concurrent System Verifier.

Caching Murphi Release 5.5.0 is based on various versions of Murphi.
Caching Murphi Release 5.5.0 :
Copyright (C) 2009-2012 by Sapienza University of Rome.
Murphi release 3.1 :
Copyright (C) 1992 - 1999 by the Board of Trustees of
Leland Stanford Junior University.

==========================================================================

Protocol: ./protocols/exec/Flash_node8/Flash_node8_inv227
===========================================
  You are using EDMC algorithm.  
===========================================

===== Startstates are generated! =====
Carelist Layer 0: Sta.Proc[1].CacheState Sta.Proc[2].CacheState Sta.Proc[3].CacheState Sta.Proc[4].CacheState Sta.Proc[5].CacheState Sta.Proc[6].CacheState Sta.Proc[7].CacheState Sta.Proc[8].CacheState 

===== Init heuristics! =====

Progress Report:

	100000 states explored in 7.10s, with 273037 rules fired and 81207 states in the queue.
	200000 states explored in 10.91s, with 548221 rules fired and 161578 states in the queue.
	300000 states explored in 14.92s, with 830737 rules fired and 240592 states in the queue.
	400000 states explored in 18.71s, with 1104993 rules fired and 320715 states in the queue.
	500000 states explored in 23.93s, with 1615704 rules fired and 383726 states in the queue.
	600000 states explored in 26.11s, with 1849649 rules fired and 466521 states in the queue.
	700000 states explored in 28.09s, with 2058321 rules fired and 550891 states in the queue.
	800000 states explored in 30.10s, with 2269653 rules fired and 634802 states in the queue.
	900000 states explored in 32.68s, with 2502825 rules fired and 717213 states in the queue.
	1000000 states explored in 35.17s, with 2763024 rules fired and 797224 states in the queue.
	1100000 states explored in 41.24s, with 3226519 rules fired and 861346 states in the queue.
	1200000 states explored in 45.27s, with 3518180 rules fired and 939664 states in the queue.
	1300000 states explored in 48.93s, with 3779242 rules fired and 1020290 states in the queue.
	1400000 states explored in 52.83s, with 4056494 rules fired and 1099465 states in the queue.
	1500000 states explored in 57.02s, with 4354938 rules fired and 1177124 states in the queue.
	1600000 states explored in 65.55s, with 4957848 rules fired and 1231626 states in the queue.
	1700000 states explored in 75.07s, with 5632901 rules fired and 1280691 states in the queue.
	1800000 states explored in 82.82s, with 6184580 rules fired and 1339404 states in the queue.
	1900000 states explored in 85.48s, with 6371020 rules fired and 1424997 states in the queue.
	2000000 states explored in 88.16s, with 6559884 rules fired and 1510322 states in the queue.
	2100000 states explored in 90.81s, with 6747679 rules fired and 1595531 states in the queue.
	2200000 states explored in 93.56s, with 6942240 rules fired and 1680296 states in the queue.
	2300000 states explored in 96.70s, with 7166713 rules fired and 1763349 states in the queue.
	2400000 states explored in 100.26s, with 7418927 rules fired and 1843989 states in the queue.
	2500000 states explored in 102.46s, with 7631662 rules fired and 1927232 states in the queue.
	2600000 states explored in 104.57s, with 7852273 rules fired and 2009932 states in the queue.
	2700000 states explored in 107.51s, with 8084607 rules fired and 2091976 states in the queue.
	2800000 states explored in 110.46s, with 8318728 rules fired and 2174069 states in the queue.
	2900000 states explored in 113.86s, with 8564318 rules fired and 2255034 states in the queue.
	3000000 states explored in 117.40s, with 8812433 rules fired and 2335683 states in the queue.
	3100000 states explored in 121.07s, with 9069757 rules fired and 2415784 states in the queue.
	3200000 states explored in 124.73s, with 9325799 rules fired and 2495578 states in the queue.
	3300000 states explored in 128.42s, with 9585000 rules fired and 2575341 states in the queue.
	3400000 states explored in 132.27s, with 9853773 rules fired and 2654270 states in the queue.
	3500000 states explored in 136.44s, with 10144524 rules fired and 2732388 states in the queue.
	3600000 states explored in 140.88s, with 10451598 rules fired and 2808525 states in the queue.
	3700000 states explored in 145.30s, with 10758248 rules fired and 2884287 states in the queue.
	3800000 states explored in 149.99s, with 11083892 rules fired and 2959094 states in the queue.
	3900000 states explored in 156.52s, with 11532963 rules fired and 3023456 states in the queue.
	4000000 states explored in 164.52s, with 12079045 rules fired and 3079466 states in the queue.
	4100000 states explored in 175.01s, with 12795597 rules fired and 3123317 states in the queue.
	4200000 states explored in 185.13s, with 13488740 rules fired and 3168951 states in the queue.
	4300000 states explored in 191.26s, with 13905985 rules fired and 3236244 states in the queue.
	4400000 states explored in 196.73s, with 14279369 rules fired and 3307125 states in the queue.
	4500000 states explored in 202.85s, with 14700211 rules fired and 3374397 states in the queue.
	4600000 states explored in 209.05s, with 15132756 rules fired and 3441314 states in the queue.
	4700000 states explored in 214.16s, with 15489530 rules fired and 3513994 states in the queue.
	4800000 states explored in 219.66s, with 15873812 rules fired and 3584555 states in the queue.
	4900000 states explored in 225.07s, with 16255577 rules fired and 3655730 states in the queue.
	5000000 states explored in 232.08s, with 16747210 rules fired and 3717702 states in the queue.
	5100000 states explored in 240.41s, with 17331939 rules fired and 3772607 states in the queue.
	5200000 states explored in 250.14s, with 18010932 rules fired and 3820427 states in the queue.
	5300000 states explored in 260.65s, with 18743532 rules fired and 3863955 states in the queue.
	5400000 states explored in 271.94s, with 19528383 rules fired and 3903880 states in the queue.
	5500000 states explored in 283.32s, with 20316652 rules fired and 3943885 states in the queue.
	5600000 states explored in 286.08s, with 20501090 rules fired and 4029197 states in the queue.
	5700000 states explored in 288.92s, with 20691418 rules fired and 4113763 states in the queue.
	5800000 states explored in 291.79s, with 20884357 rules fired and 4198255 states in the queue.
	5900000 states explored in 294.76s, with 21084317 rules fired and 4281735 states in the queue.
	6000000 states explored in 297.67s, with 21280495 rules fired and 4365533 states in the queue.
	6100000 states explored in 300.68s, with 21483833 rules fired and 4449022 states in the queue.
	6200000 states explored in 303.72s, with 21689713 rules fired and 4532311 states in the queue.
	6300000 states explored in 306.70s, with 21891629 rules fired and 4615977 states in the queue.
	6400000 states explored in 309.73s, with 22094468 rules fired and 4699409 states in the queue.
	6500000 states explored in 312.92s, with 22310669 rules fired and 4782191 states in the queue.
	6600000 states explored in 316.33s, with 22543077 rules fired and 4863484 states in the queue.
	6700000 states explored in 319.63s, with 22766312 rules fired and 4945509 states in the queue.
	6800000 states explored in 322.94s, with 22989066 rules fired and 5027524 states in the queue.
	6900000 states explored in 326.27s, with 23211418 rules fired and 5109165 states in the queue.
	7000000 states explored in 329.30s, with 23417480 rules fired and 5193399 states in the queue.
	7100000 states explored in 332.29s, with 23621083 rules fired and 5277596 states in the queue.
	7200000 states explored in 336.02s, with 23877054 rules fired and 5357553 states in the queue.
	7300000 states explored in 339.93s, with 24145456 rules fired and 5436342 states in the queue.
	7400000 states explored in 343.73s, with 24408233 rules fired and 5515827 states in the queue.
	7500000 states explored in 347.76s, with 24684733 rules fired and 5594086 states in the queue.
	7600000 states explored in 351.62s, with 24949302 rules fired and 5673413 states in the queue.
	7700000 states explored in 354.73s, with 25162375 rules fired and 5756928 states in the queue.
	7800000 states explored in 357.93s, with 25380817 rules fired and 5839691 states in the queue.
	7900000 states explored in 361.22s, with 25607191 rules fired and 5922308 states in the queue.
	8000000 states explored in 364.38s, with 25823421 rules fired and 6005223 states in the queue.
	8100000 states explored in 367.61s, with 26044267 rules fired and 6087652 states in the queue.
	8200000 states explored in 370.88s, with 26268137 rules fired and 6170124 states in the queue.
	8300000 states explored in 374.30s, with 26500192 rules fired and 6251920 states in the queue.
	8400000 states explored in 377.58s, with 26724282 rules fired and 6334064 states in the queue.
	8500000 states explored in 380.88s, with 26950849 rules fired and 6415956 states in the queue.
	8600000 states explored in 384.27s, with 27182090 rules fired and 6497318 states in the queue.
	8700000 states explored in 387.56s, with 27407304 rules fired and 6579424 states in the queue.
	8800000 states explored in 390.98s, with 27640431 rules fired and 6661343 states in the queue.
	8900000 states explored in 394.24s, with 27863309 rules fired and 6743636 states in the queue.
	9000000 states explored in 397.46s, with 28081937 rules fired and 6826293 states in the queue.
	9100000 states explored in 400.90s, with 28315920 rules fired and 6907431 states in the queue.
	9200000 states explored in 404.53s, with 28563965 rules fired and 6987569 states in the queue.
	9300000 states explored in 408.14s, with 28811825 rules fired and 7067819 states in the queue.
	9400000 states explored in 411.91s, with 29068841 rules fired and 7147263 states in the queue.
	9500000 states explored in 415.52s, with 29317628 rules fired and 7228341 states in the queue.
	9600000 states explored in 419.05s, with 29558495 rules fired and 7309380 states in the queue.
	9700000 states explored in 422.55s, with 29798626 rules fired and 7390536 states in the queue.
	9800000 states explored in 426.07s, with 30041350 rules fired and 7471954 states in the queue.
	9900000 states explored in 429.81s, with 30297988 rules fired and 7551935 states in the queue.
	10000000 states explored in 433.70s, with 30564804 rules fired and 7630806 states in the queue.

Error:

	Internal Error: Too many active states.



