This program should be regarded as a DEBUGGING aid, not as a 
certifier of correctness.
Call with the -l flag or read the license file for terms
and conditions of use.
Run this program with "-h" for the list of options.

Bugs, questions, and comments should be directed to
"melatti@di.uniroma1.it".

CMurphi compiler last modified date: Jul 24 2024
Include files last modified date:    Jul 23 2021
==========================================================================

==========================================================================
Caching Murphi Release 5.5.0
Finite-state Concurrent System Verifier.

Caching Murphi Release 5.5.0 is based on various versions of Murphi.
Caching Murphi Release 5.5.0 :
Copyright (C) 2009-2012 by Sapienza University of Rome.
Murphi release 3.1 :
Copyright (C) 1992 - 1999 by the Board of Trustees of
Leland Stanford Junior University.

==========================================================================

Protocol: ./protocols/exec/Godsont_node8/Godsont_node8_inv147
===========================================
  You are using LS algorithm.  
===========================================

===== Startstates are generated! =====
Carelist Layer 0: node[1].cache[1].state node[2].cache[1].state node[3].cache[1].state node[4].cache[1].state node[5].cache[1].state node[6].cache[1].state node[7].cache[1].state node[8].cache[1].state 
Carelist Layer 1: node[node].hasLock lock[node].beUsed lock[node].owner node[node].cache[node].state node[node].cache[node].addr lock[node].inProtection[node] 
Attr: lock[node].inProtection[node] Level: 1 Wi: 2
Attr: lock[node].owner Level: 1 Wi: 2
Attr: node[node].cache[node].state Level: 1 Wi: 2
Attr: node[node].hasLock Level: 1 Wi: 2
Attr: node[8].cache[1].state Level: 0 Wi: 4
Attr: node[7].cache[1].state Level: 0 Wi: 4
Attr: node[1].cache[1].state Level: 0 Wi: 4
Attr: node[3].cache[1].state Level: 0 Wi: 4
Attr: node[node].cache[node].addr Level: 1 Wi: 2
Attr: node[2].cache[1].state Level: 0 Wi: 4
Attr: node[4].cache[1].state Level: 0 Wi: 4
Attr: lock[node].beUsed Level: 1 Wi: 2
Attr: node[6].cache[1].state Level: 0 Wi: 4
Attr: node[5].cache[1].state Level: 0 Wi: 4

===== Init heuristics! =====

Progress Report:

	100000 states explored in 4.54s, with 110812 rules fired and 99899 states in the queue.
	200000 states explored in 6.66s, with 227231 rules fired and 199719 states in the queue.
	300000 states explored in 7.86s, with 347080 rules fired and 299504 states in the queue.
	400000 states explored in 8.82s, with 467152 rules fired and 399310 states in the queue.
	500000 states explored in 9.77s, with 587325 rules fired and 499104 states in the queue.
	600000 states explored in 10.74s, with 707929 rules fired and 598874 states in the queue.
	700000 states explored in 11.74s, with 829689 rules fired and 698471 states in the queue.
	800000 states explored in 12.73s, with 951349 rules fired and 798147 states in the queue.
	900000 states explored in 13.71s, with 1073016 rules fired and 897912 states in the queue.
	1000000 states explored in 14.74s, with 1197398 rules fired and 997614 states in the queue.
	1100000 states explored in 15.74s, with 1320583 rules fired and 1097439 states in the queue.
	1200000 states explored in 16.71s, with 1442871 rules fired and 1197270 states in the queue.
	1300000 states explored in 17.67s, with 1564960 rules fired and 1297125 states in the queue.
	1400000 states explored in 18.63s, with 1686360 rules fired and 1397007 states in the queue.
	1500000 states explored in 19.59s, with 1809894 rules fired and 1496835 states in the queue.
	1600000 states explored in 20.57s, with 1933587 rules fired and 1596599 states in the queue.
	1700000 states explored in 21.56s, with 2057023 rules fired and 1696438 states in the queue.
	1800000 states explored in 22.52s, with 2178841 rules fired and 1796315 states in the queue.
	1900000 states explored in 23.52s, with 2301118 rules fired and 1896141 states in the queue.
	2000000 states explored in 24.54s, with 2427812 rules fired and 1995977 states in the queue.
	2100000 states explored in 25.52s, with 2550029 rules fired and 2095827 states in the queue.
	2200000 states explored in 26.55s, with 2674663 rules fired and 2195548 states in the queue.
	2300000 states explored in 27.58s, with 2802101 rules fired and 2295346 states in the queue.
	2400000 states explored in 28.55s, with 2923793 rules fired and 2395163 states in the queue.
	2500000 states explored in 29.55s, with 3051000 rules fired and 2495051 states in the queue.
	2600000 states explored in 30.48s, with 3173401 rules fired and 2594930 states in the queue.
	2700000 states explored in 31.46s, with 3296953 rules fired and 2694804 states in the queue.
	2800000 states explored in 32.44s, with 3419993 rules fired and 2794678 states in the queue.
	2900000 states explored in 33.43s, with 3542640 rules fired and 2894560 states in the queue.
	3000000 states explored in 34.38s, with 3666096 rules fired and 2994448 states in the queue.
	3100000 states explored in 35.40s, with 3793678 rules fired and 3094232 states in the queue.
	3200000 states explored in 36.44s, with 3920998 rules fired and 3194039 states in the queue.
	3300000 states explored in 37.44s, with 4043355 rules fired and 3293902 states in the queue.
	3400000 states explored in 38.44s, with 4167335 rules fired and 3393807 states in the queue.
	3500000 states explored in 39.47s, with 4296024 rules fired and 3493685 states in the queue.
	3600000 states explored in 40.47s, with 4419442 rules fired and 3593478 states in the queue.
	3700000 states explored in 41.47s, with 4541941 rules fired and 3693322 states in the queue.
	3800000 states explored in 42.51s, with 4669883 rules fired and 3793121 states in the queue.
	3900000 states explored in 43.54s, with 4795673 rules fired and 3892977 states in the queue.
	4000000 states explored in 44.56s, with 4919777 rules fired and 3992770 states in the queue.
	4100000 states explored in 45.52s, with 5041280 rules fired and 4092641 states in the queue.
	4200000 states explored in 46.57s, with 5171025 rules fired and 4192512 states in the queue.
	4300000 states explored in 47.61s, with 5295764 rules fired and 4292312 states in the queue.
	4400000 states explored in 48.62s, with 5420002 rules fired and 4392174 states in the queue.
	4500000 states explored in 49.59s, with 5542468 rules fired and 4492021 states in the queue.
	4600000 states explored in 50.57s, with 5665692 rules fired and 4591873 states in the queue.
	4700000 states explored in 51.58s, with 5789175 rules fired and 4691609 states in the queue.
	4800000 states explored in 52.58s, with 5916624 rules fired and 4791519 states in the queue.
	4900000 states explored in 53.58s, with 6040105 rules fired and 4891359 states in the queue.
	5000000 states explored in 54.61s, with 6168482 rules fired and 4991133 states in the queue.
	5100000 states explored in 55.65s, with 6293697 rules fired and 5090933 states in the queue.
	5200000 states explored in 56.67s, with 6419734 rules fired and 5190822 states in the queue.
	5300000 states explored in 57.71s, with 6548665 rules fired and 5290592 states in the queue.
	5400000 states explored in 58.73s, with 6675231 rules fired and 5390384 states in the queue.
	5500000 states explored in 59.69s, with 6798608 rules fired and 5490169 states in the queue.
	5600000 states explored in 60.66s, with 6921218 rules fired and 5590040 states in the queue.
	5700000 states explored in 61.69s, with 7046813 rules fired and 5689910 states in the queue.
	5800000 states explored in 62.68s, with 7169367 rules fired and 5789731 states in the queue.
	5900000 states explored in 63.71s, with 7297318 rules fired and 5889518 states in the queue.
	6000000 states explored in 64.75s, with 7425498 rules fired and 5989260 states in the queue.
	6100000 states explored in 65.80s, with 7551722 rules fired and 6089011 states in the queue.
	6200000 states explored in 66.83s, with 7676535 rules fired and 6188877 states in the queue.
	6300000 states explored in 67.88s, with 7803944 rules fired and 6288634 states in the queue.
	6400000 states explored in 68.89s, with 7928857 rules fired and 6388436 states in the queue.
	6500000 states explored in 69.88s, with 8051893 rules fired and 6488208 states in the queue.
	6600000 states explored in 70.90s, with 8180737 rules fired and 6588094 states in the queue.
	6700000 states explored in 71.93s, with 8307546 rules fired and 6687905 states in the queue.
	6800000 states explored in 72.96s, with 8434494 rules fired and 6787706 states in the queue.
	6900000 states explored in 74.00s, with 8562481 rules fired and 6887482 states in the queue.
	7000000 states explored in 75.00s, with 8687540 rules fired and 6987325 states in the queue.
	7100000 states explored in 76.03s, with 8810805 rules fired and 7087108 states in the queue.
	7200000 states explored in 77.04s, with 8934711 rules fired and 7187012 states in the queue.
	7300000 states explored in 78.07s, with 9060472 rules fired and 7286863 states in the queue.
	7400000 states explored in 79.07s, with 9186328 rules fired and 7386757 states in the queue.
	7500000 states explored in 80.12s, with 9316413 rules fired and 7486608 states in the queue.
	7600000 states explored in 81.12s, with 9442057 rules fired and 7586468 states in the queue.
	7700000 states explored in 82.10s, with 9564802 rules fired and 7686327 states in the queue.
	7800000 states explored in 83.15s, with 9691769 rules fired and 7786074 states in the queue.
	7900000 states explored in 84.19s, with 9820857 rules fired and 7885921 states in the queue.
	8000000 states explored in 85.19s, with 9944781 rules fired and 7985713 states in the queue.
	8100000 states explored in 86.21s, with 10069795 rules fired and 8085500 states in the queue.

Error:

	Internal Error: Too many active states.



