This program should be regarded as a DEBUGGING aid, not as a 
certifier of correctness.
Call with the -l flag or read the license file for terms
and conditions of use.
Run this program with "-h" for the list of options.

Bugs, questions, and comments should be directed to
"melatti@di.uniroma1.it".

CMurphi compiler last modified date: Jul 24 2024
Include files last modified date:    Jul 23 2021
==========================================================================

==========================================================================
Caching Murphi Release 5.5.0
Finite-state Concurrent System Verifier.

Caching Murphi Release 5.5.0 is based on various versions of Murphi.
Caching Murphi Release 5.5.0 :
Copyright (C) 2009-2012 by Sapienza University of Rome.
Murphi release 3.1 :
Copyright (C) 1992 - 1999 by the Board of Trustees of
Leland Stanford Junior University.

==========================================================================

Protocol: ./protocols/exec/Godsont_node8/Godsont_node8_inv222
===========================================
  You are using LS algorithm.  
===========================================

===== Startstates are generated! =====
Carelist Layer 0: node[1].cache[1].state node[2].cache[1].state node[3].cache[1].state node[4].cache[1].state node[5].cache[1].state node[6].cache[1].state node[7].cache[1].state node[8].cache[1].state 
Carelist Layer 1: node[node].hasLock lock[node].beUsed lock[node].owner node[node].cache[node].state node[node].cache[node].addr lock[node].inProtection[node] 
Attr: lock[node].inProtection[node] Level: 1 Wi: 2
Attr: lock[node].owner Level: 1 Wi: 2
Attr: node[node].cache[node].state Level: 1 Wi: 2
Attr: node[node].hasLock Level: 1 Wi: 2
Attr: node[8].cache[1].state Level: 0 Wi: 4
Attr: node[7].cache[1].state Level: 0 Wi: 4
Attr: node[1].cache[1].state Level: 0 Wi: 4
Attr: node[3].cache[1].state Level: 0 Wi: 4
Attr: node[node].cache[node].addr Level: 1 Wi: 2
Attr: node[2].cache[1].state Level: 0 Wi: 4
Attr: node[4].cache[1].state Level: 0 Wi: 4
Attr: lock[node].beUsed Level: 1 Wi: 2
Attr: node[6].cache[1].state Level: 0 Wi: 4
Attr: node[5].cache[1].state Level: 0 Wi: 4

===== Init heuristics! =====

Progress Report:

	100000 states explored in 3.45s, with 110812 rules fired and 99899 states in the queue.
	200000 states explored in 4.33s, with 227231 rules fired and 199719 states in the queue.
	300000 states explored in 5.24s, with 347080 rules fired and 299504 states in the queue.
	400000 states explored in 6.14s, with 467152 rules fired and 399310 states in the queue.
	500000 states explored in 7.06s, with 587325 rules fired and 499104 states in the queue.
	600000 states explored in 7.99s, with 707929 rules fired and 598874 states in the queue.
	700000 states explored in 8.95s, with 829689 rules fired and 698471 states in the queue.
	800000 states explored in 9.89s, with 951349 rules fired and 798147 states in the queue.
	900000 states explored in 10.84s, with 1073016 rules fired and 897912 states in the queue.
	1000000 states explored in 11.83s, with 1197398 rules fired and 997614 states in the queue.
	1100000 states explored in 12.76s, with 1320646 rules fired and 1097438 states in the queue.
	1200000 states explored in 13.71s, with 1442997 rules fired and 1197268 states in the queue.
	1300000 states explored in 14.66s, with 1565086 rules fired and 1297123 states in the queue.
	1400000 states explored in 15.57s, with 1686486 rules fired and 1397005 states in the queue.
	1500000 states explored in 16.54s, with 1810020 rules fired and 1496833 states in the queue.
	1600000 states explored in 17.49s, with 1933713 rules fired and 1596597 states in the queue.
	1700000 states explored in 18.45s, with 2057149 rules fired and 1696436 states in the queue.
	1800000 states explored in 19.38s, with 2178967 rules fired and 1796313 states in the queue.
	1900000 states explored in 20.31s, with 2301244 rules fired and 1896139 states in the queue.
	2000000 states explored in 21.27s, with 2427938 rules fired and 1995975 states in the queue.
	2100000 states explored in 22.19s, with 2550155 rules fired and 2095825 states in the queue.
	2200000 states explored in 23.17s, with 2674852 rules fired and 2195545 states in the queue.
	2300000 states explored in 24.13s, with 2802290 rules fired and 2295343 states in the queue.
	2400000 states explored in 25.09s, with 2923982 rules fired and 2395160 states in the queue.
	2500000 states explored in 26.06s, with 3051189 rules fired and 2495048 states in the queue.
	2600000 states explored in 27.00s, with 3173590 rules fired and 2594927 states in the queue.
	2700000 states explored in 27.95s, with 3297142 rules fired and 2694801 states in the queue.
	2800000 states explored in 28.89s, with 3420182 rules fired and 2794675 states in the queue.
	2900000 states explored in 29.83s, with 3542829 rules fired and 2894557 states in the queue.
	3000000 states explored in 30.79s, with 3666285 rules fired and 2994445 states in the queue.
	3100000 states explored in 31.77s, with 3793867 rules fired and 3094229 states in the queue.
	3200000 states explored in 32.77s, with 3921187 rules fired and 3194036 states in the queue.
	3300000 states explored in 33.70s, with 4043544 rules fired and 3293899 states in the queue.
	3400000 states explored in 34.64s, with 4167524 rules fired and 3393804 states in the queue.
	3500000 states explored in 35.63s, with 4296213 rules fired and 3493682 states in the queue.
	3600000 states explored in 36.58s, with 4419631 rules fired and 3593475 states in the queue.
	3700000 states explored in 37.54s, with 4542130 rules fired and 3693319 states in the queue.
	3800000 states explored in 38.52s, with 4670072 rules fired and 3793118 states in the queue.
	3900000 states explored in 39.47s, with 4795862 rules fired and 3892974 states in the queue.
	4000000 states explored in 40.39s, with 4919966 rules fired and 3992767 states in the queue.
	4100000 states explored in 41.30s, with 5041469 rules fired and 4092638 states in the queue.
	4200000 states explored in 42.28s, with 5171214 rules fired and 4192509 states in the queue.
	4300000 states explored in 43.24s, with 5295953 rules fired and 4292309 states in the queue.
	4400000 states explored in 44.17s, with 5420191 rules fired and 4392171 states in the queue.
	4500000 states explored in 45.10s, with 5542594 rules fired and 4492019 states in the queue.
	4600000 states explored in 46.02s, with 5665818 rules fired and 4591871 states in the queue.
	4700000 states explored in 46.98s, with 5789301 rules fired and 4691607 states in the queue.
	4800000 states explored in 47.95s, with 5916750 rules fired and 4791517 states in the queue.
	4900000 states explored in 48.90s, with 6040231 rules fired and 4891357 states in the queue.
	5000000 states explored in 49.90s, with 6168608 rules fired and 4991131 states in the queue.
	5100000 states explored in 50.87s, with 6293823 rules fired and 5090931 states in the queue.
	5200000 states explored in 51.84s, with 6419860 rules fired and 5190820 states in the queue.
	5300000 states explored in 52.83s, with 6548791 rules fired and 5290590 states in the queue.
	5400000 states explored in 53.81s, with 6675420 rules fired and 5390381 states in the queue.
	5500000 states explored in 54.76s, with 6798797 rules fired and 5490166 states in the queue.
	5600000 states explored in 55.67s, with 6921407 rules fired and 5590037 states in the queue.
	5700000 states explored in 56.62s, with 7047002 rules fired and 5689907 states in the queue.
	5800000 states explored in 57.56s, with 7169556 rules fired and 5789728 states in the queue.
	5900000 states explored in 58.55s, with 7297507 rules fired and 5889515 states in the queue.
	6000000 states explored in 59.56s, with 7425687 rules fired and 5989257 states in the queue.
	6100000 states explored in 60.54s, with 7551911 rules fired and 6089008 states in the queue.
	6200000 states explored in 61.50s, with 7676724 rules fired and 6188874 states in the queue.
	6300000 states explored in 62.51s, with 7804133 rules fired and 6288631 states in the queue.
	6400000 states explored in 63.49s, with 7929046 rules fired and 6388433 states in the queue.
	6500000 states explored in 64.42s, with 8052082 rules fired and 6488205 states in the queue.
	6600000 states explored in 65.40s, with 8180926 rules fired and 6588091 states in the queue.
	6700000 states explored in 66.34s, with 8307735 rules fired and 6687902 states in the queue.
	6800000 states explored in 67.30s, with 8434683 rules fired and 6787703 states in the queue.
	6900000 states explored in 68.29s, with 8562670 rules fired and 6887479 states in the queue.
	7000000 states explored in 69.25s, with 8687729 rules fired and 6987322 states in the queue.
	7100000 states explored in 70.20s, with 8810994 rules fired and 7087105 states in the queue.
	7200000 states explored in 71.11s, with 8934900 rules fired and 7187009 states in the queue.
	7300000 states explored in 72.06s, with 9060661 rules fired and 7286860 states in the queue.
	7400000 states explored in 73.01s, with 9186517 rules fired and 7386754 states in the queue.
	7500000 states explored in 74.00s, with 9316602 rules fired and 7486605 states in the queue.
	7600000 states explored in 74.95s, with 9442246 rules fired and 7586465 states in the queue.
	7700000 states explored in 75.90s, with 9564991 rules fired and 7686324 states in the queue.
	7800000 states explored in 76.89s, with 9691958 rules fired and 7786071 states in the queue.
	7900000 states explored in 77.88s, with 9821046 rules fired and 7885918 states in the queue.
	8000000 states explored in 78.85s, with 9944970 rules fired and 7985710 states in the queue.
	8100000 states explored in 79.83s, with 10069984 rules fired and 8085497 states in the queue.

Error:

	Internal Error: Too many active states.



