This program should be regarded as a DEBUGGING aid, not as a 
certifier of correctness.
Call with the -l flag or read the license file for terms
and conditions of use.
Run this program with "-h" for the list of options.

Bugs, questions, and comments should be directed to
"melatti@di.uniroma1.it".

CMurphi compiler last modified date: Apr 10 2024
Include files last modified date:    Jul 23 2021
==========================================================================

==========================================================================
Caching Murphi Release 5.5.0
Finite-state Concurrent System Verifier.

Caching Murphi Release 5.5.0 is based on various versions of Murphi.
Caching Murphi Release 5.5.0 :
Copyright (C) 2009-2012 by Sapienza University of Rome.
Murphi release 3.1 :
Copyright (C) 1992 - 1999 by the Board of Trustees of
Leland Stanford Junior University.

==========================================================================

Protocol: ./protocols/exec/TL-C_NonIn_S_data/TL-C_NonIn_S_data_inv50
===========================================
  You are using EDMC algorithm.  
===========================================

===== Startstates are generated! =====
Carelist Layer 0: Tree[1].cache.state Tree[2].cache.state Tree[3].cache.state Tree[4].cache.state Tree[5].cache.state Tree[6].cache.state Tree[7].cache.state 
Carelist Layer 1: Tree[1].chanA[b].opcode.isundefined Tree[1].chanA[b].opcode Tree[1].chanA[b].para Tree[1].cache.state Tree[1].directory[k Tree[1].directory[b 
Attr: Tree[7].cache.state Level: 2 Wi: 2
Attr: Tree[2].cache.state Level: 1 Wi: 4
Attr: Tree[1].cache.state Level: 0 Wi: 8
Attr: Tree[6].cache.state Level: 2 Wi: 2
Attr: Tree[4].cache.state Level: 2 Wi: 2
Attr: Tree[3].cache.state Level: 1 Wi: 4
Attr: Tree[5].cache.state Level: 2 Wi: 2

===== Init heuristics! =====

Progress Report:

	100000 states explored in 5.33s, with 314145 rules fired and 48551 states in the queue.
	200000 states explored in 7.83s, with 628906 rules fired and 102331 states in the queue.
	300000 states explored in 10.28s, with 936680 rules fired and 156016 states in the queue.
	400000 states explored in 13.14s, with 1298400 rules fired and 202429 states in the queue.
	500000 states explored in 16.04s, with 1665603 rules fired and 247498 states in the queue.
	600000 states explored in 18.75s, with 2009143 rules fired and 298580 states in the queue.
	700000 states explored in 21.18s, with 2305618 rules fired and 353286 states in the queue.
	800000 states explored in 23.66s, with 2610798 rules fired and 408378 states in the queue.
	900000 states explored in 27.02s, with 2996763 rules fired and 453851 states in the queue.
	1000000 states explored in 30.17s, with 3380636 rules fired and 493189 states in the queue.
	1100000 states explored in 33.86s, with 3725548 rules fired and 537068 states in the queue.
	1200000 states explored in 37.50s, with 4073506 rules fired and 585917 states in the queue.
	1300000 states explored in 41.48s, with 4447572 rules fired and 630510 states in the queue.
	1400000 states explored in 45.25s, with 4807871 rules fired and 680896 states in the queue.
	1500000 states explored in 48.00s, with 5131410 rules fired and 735730 states in the queue.
	1600000 states explored in 51.13s, with 5518967 rules fired and 779665 states in the queue.
	1700000 states explored in 54.56s, with 5940151 rules fired and 818022 states in the queue.
	1800000 states explored in 58.03s, with 6351490 rules fired and 855119 states in the queue.
	1900000 states explored in 62.43s, with 6821981 rules fired and 889448 states in the queue.
	2000000 states explored in 67.41s, with 7310203 rules fired and 924405 states in the queue.
	2100000 states explored in 72.43s, with 7793870 rules fired and 958218 states in the queue.
	2200000 states explored in 77.48s, with 8325862 rules fired and 985511 states in the queue.
	2300000 states explored in 84.30s, with 9013077 rules fired and 989310 states in the queue.
	2400000 states explored in 90.00s, with 9455403 rules fired and 1022160 states in the queue.
	2500000 states explored in 93.79s, with 9777564 rules fired and 1079988 states in the queue.
	2600000 states explored in 99.60s, with 10249056 rules fired and 1113934 states in the queue.
	2700000 states explored in 106.42s, with 10797843 rules fired and 1137257 states in the queue.
	2800000 states explored in 112.09s, with 11251554 rules fired and 1172998 states in the queue.
	2900000 states explored in 117.88s, with 11710214 rules fired and 1205746 states in the queue.
	3000000 states explored in 123.41s, with 12160457 rules fired and 1241999 states in the queue.
	3100000 states explored in 128.69s, with 12588850 rules fired and 1282967 states in the queue.
	3200000 states explored in 134.97s, with 13109137 rules fired and 1313189 states in the queue.
	3300000 states explored in 140.32s, with 13552722 rules fired and 1353057 states in the queue.
	3400000 states explored in 144.80s, with 13904339 rules fired and 1399870 states in the queue.
	3500000 states explored in 149.28s, with 14261906 rules fired and 1449668 states in the queue.
	3600000 states explored in 156.24s, with 14809163 rules fired and 1469007 states in the queue.
	3700000 states explored in 166.31s, with 15612390 rules fired and 1453858 states in the queue.
	3800000 states explored in 171.50s, with 16024146 rules fired and 1493568 states in the queue.
	3900000 states explored in 176.23s, with 16397894 rules fired and 1539710 states in the queue.
	4000000 states explored in 181.17s, with 16788304 rules fired and 1585366 states in the queue.
	4100000 states explored in 186.31s, with 17192304 rules fired and 1627178 states in the queue.
	4200000 states explored in 191.26s, with 17584772 rules fired and 1671974 states in the queue.
	4300000 states explored in 196.48s, with 18006776 rules fired and 1713799 states in the queue.
	4400000 states explored in 203.79s, with 18593056 rules fired and 1732419 states in the queue.
	4500000 states explored in 209.21s, with 19016250 rules fired and 1767462 states in the queue.
	4600000 states explored in 213.42s, with 19331698 rules fired and 1813404 states in the queue.
	4700000 states explored in 217.94s, with 19688983 rules fired and 1860129 states in the queue.
	4800000 states explored in 222.54s, with 20055260 rules fired and 1906728 states in the queue.
	4900000 states explored in 228.29s, with 20522998 rules fired and 1943760 states in the queue.
	5000000 states explored in 234.18s, with 20980562 rules fired and 1977656 states in the queue.
	5100000 states explored in 239.06s, with 21358140 rules fired and 2020862 states in the queue.
	5200000 states explored in 243.96s, with 21732708 rules fired and 2062228 states in the queue.
	5300000 states explored in 248.69s, with 22125126 rules fired and 2112524 states in the queue.
	5400000 states explored in 253.13s, with 22472683 rules fired and 2163346 states in the queue.
	5500000 states explored in 257.72s, with 22827192 rules fired and 2210700 states in the queue.
	5600000 states explored in 262.71s, with 23210431 rules fired and 2250257 states in the queue.
	5700000 states explored in 267.45s, with 23573998 rules fired and 2295012 states in the queue.
	5800000 states explored in 272.74s, with 23982020 rules fired and 2334633 states in the queue.
	5900000 states explored in 278.19s, with 24385344 rules fired and 2370086 states in the queue.
	6000000 states explored in 283.53s, with 24794482 rules fired and 2410355 states in the queue.
	6100000 states explored in 288.98s, with 25223984 rules fired and 2449075 states in the queue.
	6200000 states explored in 294.57s, with 25661945 rules fired and 2487770 states in the queue.
	6300000 states explored in 301.02s, with 26172805 rules fired and 2518749 states in the queue.
	6400000 states explored in 306.99s, with 26641675 rules fired and 2551960 states in the queue.
	6500000 states explored in 313.41s, with 27154543 rules fired and 2582848 states in the queue.
	6600000 states explored in 321.04s, with 27762263 rules fired and 2600435 states in the queue.
	6700000 states explored in 326.11s, with 28165595 rules fired and 2641911 states in the queue.
	6800000 states explored in 331.49s, with 28601101 rules fired and 2682407 states in the queue.
	6900000 states explored in 336.81s, with 29027926 rules fired and 2723846 states in the queue.
	7000000 states explored in 342.27s, with 29458123 rules fired and 2762436 states in the queue.
	7100000 states explored in 348.15s, with 29929909 rules fired and 2798245 states in the queue.
	7200000 states explored in 354.54s, with 30441162 rules fired and 2829002 states in the queue.
	7300000 states explored in 361.50s, with 31000363 rules fired and 2853427 states in the queue.
	7400000 states explored in 365.13s, with 31305944 rules fired and 2916478 states in the queue.
	7500000 states explored in 369.38s, with 31638375 rules fired and 2969212 states in the queue.
	7600000 states explored in 373.82s, with 31993522 rules fired and 3020847 states in the queue.
	7700000 states explored in 378.28s, with 32322275 rules fired and 3066858 states in the queue.
	7800000 states explored in 383.07s, with 32688136 rules fired and 3112914 states in the queue.
	7900000 states explored in 388.06s, with 33074323 rules fired and 3157616 states in the queue.
	8000000 states explored in 392.96s, with 33455836 rules fired and 3203323 states in the queue.
	8100000 states explored in 397.88s, with 33841999 rules fired and 3248616 states in the queue.
	8200000 states explored in 402.07s, with 34174549 rules fired and 3301025 states in the queue.
	8300000 states explored in 407.27s, with 34594106 rules fired and 3343680 states in the queue.
	8400000 states explored in 412.93s, with 35044766 rules fired and 3381801 states in the queue.
	8500000 states explored in 418.01s, with 35435095 rules fired and 3422051 states in the queue.
	8600000 states explored in 423.61s, with 35887988 rules fired and 3460596 states in the queue.
	8700000 states explored in 427.48s, with 36204679 rules fired and 3518361 states in the queue.
	8800000 states explored in 431.35s, with 36524944 rules fired and 3579644 states in the queue.
	8900000 states explored in 436.00s, with 36910880 rules fired and 3634651 states in the queue.
	9000000 states explored in 440.72s, with 37289650 rules fired and 3684357 states in the queue.
	9100000 states explored in 447.05s, with 37789894 rules fired and 3713897 states in the queue.
	9200000 states explored in 452.09s, with 38195890 rules fired and 3761754 states in the queue.
	9300000 states explored in 463.71s, with 39093138 rules fired and 3731877 states in the queue.
	9400000 states explored in 472.16s, with 39768150 rules fired and 3742436 states in the queue.
	9500000 states explored in 478.11s, with 40223720 rules fired and 3772652 states in the queue.
	9600000 states explored in 482.88s, with 40592484 rules fired and 3817612 states in the queue.

Error:

	Internal Error: Too many active states.



