You choose the local search option :-)
This program should be regarded as a DEBUGGING aid, not as a 
certifier of correctness.
Call with the -l flag or read the license file for terms
and conditions of use.
Run this program with "-h" for the list of options.

Bugs, questions, and comments should be directed to
"melatti@di.uniroma1.it".

CMurphi compiler last modified date: Nov  1 2023
Include files last modified date:    Jul 23 2021
==========================================================================

==========================================================================
Caching Murphi Release 5.5.0
Finite-state Concurrent System Verifier.

Caching Murphi Release 5.5.0 is based on various versions of Murphi.
Caching Murphi Release 5.5.0 :
Copyright (C) 2009-2012 by Sapienza University of Rome.
Murphi release 3.1 :
Copyright (C) 1992 - 1999 by the Board of Trustees of
Leland Stanford Junior University.

==========================================================================

Protocol: test

Algorithm:
	Verification by our local search.
	with symmetry algorithm 3 -- Heuristic Small Memory Normalization
	with permutation trial limit 10.

Memory usage:

	* The size of each state is 7312 bits (rounded up to 920 bytes).
	* The memory allocated for the hash table and state queue is
	  20971 Mbytes.
	  With two words of overhead per state, the maximum size of
	  the state space is 22010413 states.
	   * Use option "-k" or "-m" to increase this, if necessary.
	* Capacity in queue for breadth-first search: 2201041 states.
	   * Change the constant gPercentActiveStates in mu_prolog.inc
	     to increase this, if necessary.

Warning: No trace will not be printed in the case of protocol errors!
         Check the options if you want to have error traces.
==========================================================================

You are using local search algorithm (Version 1) :

------------- Show Goalstate: ------------------
Tree[1].cache.used:0
Tree[1].cache.line[1].addr:Undefined
Tree[1].cache.line[1].state:Undefined
Tree[1].cache.line[1].data:Undefined
Tree[1].cache.line[1].dirty:Undefined
Tree[1].cache.line[2].addr:Undefined
Tree[1].cache.line[2].state:Undefined
Tree[1].cache.line[2].data:Undefined
Tree[1].cache.line[2].dirty:Undefined
Tree[1].cache.valid[1]:0
Tree[1].cache.valid[2]:0
Tree[1].sons[1]:2
Tree[1].sons[2]:3
Tree[1].directory[1][1]:None
Tree[1].directory[1][2]:None
Tree[1].directory[2][1]:None
Tree[1].directory[2][2]:None
Tree[1].slave_pending[1][1]:Undefined
Tree[1].slave_pending[1][2]:Undefined
Tree[1].slave_pending[2][1]:Undefined
Tree[1].slave_pending[2][2]:Undefined
Tree[1].master_pending[1]:Undefined
Tree[1].master_pending[2]:Undefined
Tree[1].reqId:Undefined
Tree[1].chan1[1].buffer[1].opcode:Undefined
Tree[1].chan1[1].buffer[1].para:Undefined
Tree[1].chan1[1].buffer[1].addr:Undefined
Tree[1].chan1[1].buffer[1].data:Undefined
Tree[1].chan1[1].buffer[1].dirty:Undefined
Tree[1].chan1[1].buffer[2].opcode:Undefined
Tree[1].chan1[1].buffer[2].para:Undefined
Tree[1].chan1[1].buffer[2].addr:Undefined
Tree[1].chan1[1].buffer[2].data:Undefined
Tree[1].chan1[1].buffer[2].dirty:Undefined
Tree[1].chan1[1].used:0
Tree[1].chan1[2].buffer[1].opcode:Undefined
Tree[1].chan1[2].buffer[1].para:Undefined
Tree[1].chan1[2].buffer[1].addr:Undefined
Tree[1].chan1[2].buffer[1].data:Undefined
Tree[1].chan1[2].buffer[1].dirty:Undefined
Tree[1].chan1[2].buffer[2].opcode:Undefined
Tree[1].chan1[2].buffer[2].para:Undefined
Tree[1].chan1[2].buffer[2].addr:Undefined
Tree[1].chan1[2].buffer[2].data:Undefined
Tree[1].chan1[2].buffer[2].dirty:Undefined
Tree[1].chan1[2].used:0
Tree[1].chan2[1].buffer[1].opcode:Undefined
Tree[1].chan2[1].buffer[1].para:Undefined
Tree[1].chan2[1].buffer[1].addr:Undefined
Tree[1].chan2[1].buffer[1].data:Undefined
Tree[1].chan2[1].buffer[1].dirty:Undefined
Tree[1].chan2[1].buffer[2].opcode:Undefined
Tree[1].chan2[1].buffer[2].para:Undefined
Tree[1].chan2[1].buffer[2].addr:Undefined
Tree[1].chan2[1].buffer[2].data:Undefined
Tree[1].chan2[1].buffer[2].dirty:Undefined
Tree[1].chan2[1].used:0
Tree[1].chan2[2].buffer[1].opcode:Undefined
Tree[1].chan2[2].buffer[1].para:Undefined
Tree[1].chan2[2].buffer[1].addr:Undefined
Tree[1].chan2[2].buffer[1].data:Undefined
Tree[1].chan2[2].buffer[1].dirty:Undefined
Tree[1].chan2[2].buffer[2].opcode:Undefined
Tree[1].chan2[2].buffer[2].para:Undefined
Tree[1].chan2[2].buffer[2].addr:Undefined
Tree[1].chan2[2].buffer[2].data:Undefined
Tree[1].chan2[2].buffer[2].dirty:Undefined
Tree[1].chan2[2].used:0
Tree[1].chan3[1].buffer[1].opcode:Undefined
Tree[1].chan3[1].buffer[1].para:Undefined
Tree[1].chan3[1].buffer[1].addr:Undefined
Tree[1].chan3[1].buffer[1].data:Undefined
Tree[1].chan3[1].buffer[1].dirty:Undefined
Tree[1].chan3[1].buffer[2].opcode:Undefined
Tree[1].chan3[1].buffer[2].para:Undefined
Tree[1].chan3[1].buffer[2].addr:Undefined
Tree[1].chan3[1].buffer[2].data:Undefined
Tree[1].chan3[1].buffer[2].dirty:Undefined
Tree[1].chan3[1].used:0
Tree[1].chan3[2].buffer[1].opcode:Undefined
Tree[1].chan3[2].buffer[1].para:Undefined
Tree[1].chan3[2].buffer[1].addr:Undefined
Tree[1].chan3[2].buffer[1].data:Undefined
Tree[1].chan3[2].buffer[1].dirty:Undefined
Tree[1].chan3[2].buffer[2].opcode:Undefined
Tree[1].chan3[2].buffer[2].para:Undefined
Tree[1].chan3[2].buffer[2].addr:Undefined
Tree[1].chan3[2].buffer[2].data:Undefined
Tree[1].chan3[2].buffer[2].dirty:Undefined
Tree[1].chan3[2].used:0
Tree[1].chan4[1].buffer[1].opcode:Undefined
Tree[1].chan4[1].buffer[1].para:Undefined
Tree[1].chan4[1].buffer[1].addr:Undefined
Tree[1].chan4[1].buffer[1].data:Undefined
Tree[1].chan4[1].buffer[1].dirty:Undefined
Tree[1].chan4[1].buffer[2].opcode:Undefined
Tree[1].chan4[1].buffer[2].para:Undefined
Tree[1].chan4[1].buffer[2].addr:Undefined
Tree[1].chan4[1].buffer[2].data:Undefined
Tree[1].chan4[1].buffer[2].dirty:Undefined
Tree[1].chan4[1].used:0
Tree[1].chan4[2].buffer[1].opcode:Undefined
Tree[1].chan4[2].buffer[1].para:Undefined
Tree[1].chan4[2].buffer[1].addr:Undefined
Tree[1].chan4[2].buffer[1].data:Undefined
Tree[1].chan4[2].buffer[1].dirty:Undefined
Tree[1].chan4[2].buffer[2].opcode:Undefined
Tree[1].chan4[2].buffer[2].para:Undefined
Tree[1].chan4[2].buffer[2].addr:Undefined
Tree[1].chan4[2].buffer[2].data:Undefined
Tree[1].chan4[2].buffer[2].dirty:Undefined
Tree[1].chan4[2].used:0
Tree[1].chan5[1].buffer[1].opcode:Undefined
Tree[1].chan5[1].buffer[1].addr:Undefined
Tree[1].chan5[1].buffer[1].data:Undefined
Tree[1].chan5[1].buffer[1].dirty:Undefined
Tree[1].chan5[1].buffer[2].opcode:Undefined
Tree[1].chan5[1].buffer[2].addr:Undefined
Tree[1].chan5[1].buffer[2].data:Undefined
Tree[1].chan5[1].buffer[2].dirty:Undefined
Tree[1].chan5[1].used:0
Tree[1].chan5[2].buffer[1].opcode:Undefined
Tree[1].chan5[2].buffer[1].addr:Undefined
Tree[1].chan5[2].buffer[1].data:Undefined
Tree[1].chan5[2].buffer[1].dirty:Undefined
Tree[1].chan5[2].buffer[2].opcode:Undefined
Tree[1].chan5[2].buffer[2].addr:Undefined
Tree[1].chan5[2].buffer[2].data:Undefined
Tree[1].chan5[2].buffer[2].dirty:Undefined
Tree[1].chan5[2].used:0
Tree[2].cache.used:0
Tree[2].cache.line[1].addr:Undefined
Tree[2].cache.line[1].state:Undefined
Tree[2].cache.line[1].data:Undefined
Tree[2].cache.line[1].dirty:Undefined
Tree[2].cache.line[2].addr:Undefined
Tree[2].cache.line[2].state:Undefined
Tree[2].cache.line[2].data:Undefined
Tree[2].cache.line[2].dirty:Undefined
Tree[2].cache.valid[1]:0
Tree[2].cache.valid[2]:0
Tree[2].sons[1]:4
Tree[2].sons[2]:5
Tree[2].directory[1][1]:None
Tree[2].directory[1][2]:None
Tree[2].directory[2][1]:None
Tree[2].directory[2][2]:None
Tree[2].slave_pending[1][1]:Undefined
Tree[2].slave_pending[1][2]:Undefined
Tree[2].slave_pending[2][1]:Undefined
Tree[2].slave_pending[2][2]:Undefined
Tree[2].master_pending[1]:Undefined
Tree[2].master_pending[2]:Undefined
Tree[2].reqId:Undefined
Tree[2].chan1[1].buffer[1].opcode:Undefined
Tree[2].chan1[1].buffer[1].para:Undefined
Tree[2].chan1[1].buffer[1].addr:Undefined
Tree[2].chan1[1].buffer[1].data:Undefined
Tree[2].chan1[1].buffer[1].dirty:Undefined
Tree[2].chan1[1].buffer[2].opcode:Undefined
Tree[2].chan1[1].buffer[2].para:Undefined
Tree[2].chan1[1].buffer[2].addr:Undefined
Tree[2].chan1[1].buffer[2].data:Undefined
Tree[2].chan1[1].buffer[2].dirty:Undefined
Tree[2].chan1[1].used:0
Tree[2].chan1[2].buffer[1].opcode:Undefined
Tree[2].chan1[2].buffer[1].para:Undefined
Tree[2].chan1[2].buffer[1].addr:Undefined
Tree[2].chan1[2].buffer[1].data:Undefined
Tree[2].chan1[2].buffer[1].dirty:Undefined
Tree[2].chan1[2].buffer[2].opcode:Undefined
Tree[2].chan1[2].buffer[2].para:Undefined
Tree[2].chan1[2].buffer[2].addr:Undefined
Tree[2].chan1[2].buffer[2].data:Undefined
Tree[2].chan1[2].buffer[2].dirty:Undefined
Tree[2].chan1[2].used:0
Tree[2].chan2[1].buffer[1].opcode:Undefined
Tree[2].chan2[1].buffer[1].para:Undefined
Tree[2].chan2[1].buffer[1].addr:Undefined
Tree[2].chan2[1].buffer[1].data:Undefined
Tree[2].chan2[1].buffer[1].dirty:Undefined
Tree[2].chan2[1].buffer[2].opcode:Undefined
Tree[2].chan2[1].buffer[2].para:Undefined
Tree[2].chan2[1].buffer[2].addr:Undefined
Tree[2].chan2[1].buffer[2].data:Undefined
Tree[2].chan2[1].buffer[2].dirty:Undefined
Tree[2].chan2[1].used:0
Tree[2].chan2[2].buffer[1].opcode:Undefined
Tree[2].chan2[2].buffer[1].para:Undefined
Tree[2].chan2[2].buffer[1].addr:Undefined
Tree[2].chan2[2].buffer[1].data:Undefined
Tree[2].chan2[2].buffer[1].dirty:Undefined
Tree[2].chan2[2].buffer[2].opcode:Undefined
Tree[2].chan2[2].buffer[2].para:Undefined
Tree[2].chan2[2].buffer[2].addr:Undefined
Tree[2].chan2[2].buffer[2].data:Undefined
Tree[2].chan2[2].buffer[2].dirty:Undefined
Tree[2].chan2[2].used:0
Tree[2].chan3[1].buffer[1].opcode:Undefined
Tree[2].chan3[1].buffer[1].para:Undefined
Tree[2].chan3[1].buffer[1].addr:Undefined
Tree[2].chan3[1].buffer[1].data:Undefined
Tree[2].chan3[1].buffer[1].dirty:Undefined
Tree[2].chan3[1].buffer[2].opcode:Undefined
Tree[2].chan3[1].buffer[2].para:Undefined
Tree[2].chan3[1].buffer[2].addr:Undefined
Tree[2].chan3[1].buffer[2].data:Undefined
Tree[2].chan3[1].buffer[2].dirty:Undefined
Tree[2].chan3[1].used:0
Tree[2].chan3[2].buffer[1].opcode:Undefined
Tree[2].chan3[2].buffer[1].para:Undefined
Tree[2].chan3[2].buffer[1].addr:Undefined
Tree[2].chan3[2].buffer[1].data:Undefined
Tree[2].chan3[2].buffer[1].dirty:Undefined
Tree[2].chan3[2].buffer[2].opcode:Undefined
Tree[2].chan3[2].buffer[2].para:Undefined
Tree[2].chan3[2].buffer[2].addr:Undefined
Tree[2].chan3[2].buffer[2].data:Undefined
Tree[2].chan3[2].buffer[2].dirty:Undefined
Tree[2].chan3[2].used:0
Tree[2].chan4[1].buffer[1].opcode:Undefined
Tree[2].chan4[1].buffer[1].para:Undefined
Tree[2].chan4[1].buffer[1].addr:Undefined
Tree[2].chan4[1].buffer[1].data:Undefined
Tree[2].chan4[1].buffer[1].dirty:Undefined
Tree[2].chan4[1].buffer[2].opcode:Undefined
Tree[2].chan4[1].buffer[2].para:Undefined
Tree[2].chan4[1].buffer[2].addr:Undefined
Tree[2].chan4[1].buffer[2].data:Undefined
Tree[2].chan4[1].buffer[2].dirty:Undefined
Tree[2].chan4[1].used:0
Tree[2].chan4[2].buffer[1].opcode:Undefined
Tree[2].chan4[2].buffer[1].para:Undefined
Tree[2].chan4[2].buffer[1].addr:Undefined
Tree[2].chan4[2].buffer[1].data:Undefined
Tree[2].chan4[2].buffer[1].dirty:Undefined
Tree[2].chan4[2].buffer[2].opcode:Undefined
Tree[2].chan4[2].buffer[2].para:Undefined
Tree[2].chan4[2].buffer[2].addr:Undefined
Tree[2].chan4[2].buffer[2].data:Undefined
Tree[2].chan4[2].buffer[2].dirty:Undefined
Tree[2].chan4[2].used:0
Tree[2].chan5[1].buffer[1].opcode:Undefined
Tree[2].chan5[1].buffer[1].addr:Undefined
Tree[2].chan5[1].buffer[1].data:Undefined
Tree[2].chan5[1].buffer[1].dirty:Undefined
Tree[2].chan5[1].buffer[2].opcode:Undefined
Tree[2].chan5[1].buffer[2].addr:Undefined
Tree[2].chan5[1].buffer[2].data:Undefined
Tree[2].chan5[1].buffer[2].dirty:Undefined
Tree[2].chan5[1].used:0
Tree[2].chan5[2].buffer[1].opcode:Undefined
Tree[2].chan5[2].buffer[1].addr:Undefined
Tree[2].chan5[2].buffer[1].data:Undefined
Tree[2].chan5[2].buffer[1].dirty:Undefined
Tree[2].chan5[2].buffer[2].opcode:Undefined
Tree[2].chan5[2].buffer[2].addr:Undefined
Tree[2].chan5[2].buffer[2].data:Undefined
Tree[2].chan5[2].buffer[2].dirty:Undefined
Tree[2].chan5[2].used:0
Tree[3].cache.used:0
Tree[3].cache.line[1].addr:Undefined
Tree[3].cache.line[1].state:Undefined
Tree[3].cache.line[1].data:Undefined
Tree[3].cache.line[1].dirty:Undefined
Tree[3].cache.line[2].addr:Undefined
Tree[3].cache.line[2].state:Undefined
Tree[3].cache.line[2].data:Undefined
Tree[3].cache.line[2].dirty:Undefined
Tree[3].cache.valid[1]:0
Tree[3].cache.valid[2]:0
Tree[3].sons[1]:6
Tree[3].sons[2]:7
Tree[3].directory[1][1]:None
Tree[3].directory[1][2]:None
Tree[3].directory[2][1]:None
Tree[3].directory[2][2]:None
Tree[3].slave_pending[1][1]:Undefined
Tree[3].slave_pending[1][2]:Undefined
Tree[3].slave_pending[2][1]:Undefined
Tree[3].slave_pending[2][2]:Undefined
Tree[3].master_pending[1]:Undefined
Tree[3].master_pending[2]:Undefined
Tree[3].reqId:Undefined
Tree[3].chan1[1].buffer[1].opcode:Undefined
Tree[3].chan1[1].buffer[1].para:Undefined
Tree[3].chan1[1].buffer[1].addr:Undefined
Tree[3].chan1[1].buffer[1].data:Undefined
Tree[3].chan1[1].buffer[1].dirty:Undefined
Tree[3].chan1[1].buffer[2].opcode:Undefined
Tree[3].chan1[1].buffer[2].para:Undefined
Tree[3].chan1[1].buffer[2].addr:Undefined
Tree[3].chan1[1].buffer[2].data:Undefined
Tree[3].chan1[1].buffer[2].dirty:Undefined
Tree[3].chan1[1].used:0
Tree[3].chan1[2].buffer[1].opcode:Undefined
Tree[3].chan1[2].buffer[1].para:Undefined
Tree[3].chan1[2].buffer[1].addr:Undefined
Tree[3].chan1[2].buffer[1].data:Undefined
Tree[3].chan1[2].buffer[1].dirty:Undefined
Tree[3].chan1[2].buffer[2].opcode:Undefined
Tree[3].chan1[2].buffer[2].para:Undefined
Tree[3].chan1[2].buffer[2].addr:Undefined
Tree[3].chan1[2].buffer[2].data:Undefined
Tree[3].chan1[2].buffer[2].dirty:Undefined
Tree[3].chan1[2].used:0
Tree[3].chan2[1].buffer[1].opcode:Undefined
Tree[3].chan2[1].buffer[1].para:Undefined
Tree[3].chan2[1].buffer[1].addr:Undefined
Tree[3].chan2[1].buffer[1].data:Undefined
Tree[3].chan2[1].buffer[1].dirty:Undefined
Tree[3].chan2[1].buffer[2].opcode:Undefined
Tree[3].chan2[1].buffer[2].para:Undefined
Tree[3].chan2[1].buffer[2].addr:Undefined
Tree[3].chan2[1].buffer[2].data:Undefined
Tree[3].chan2[1].buffer[2].dirty:Undefined
Tree[3].chan2[1].used:0
Tree[3].chan2[2].buffer[1].opcode:Undefined
Tree[3].chan2[2].buffer[1].para:Undefined
Tree[3].chan2[2].buffer[1].addr:Undefined
Tree[3].chan2[2].buffer[1].data:Undefined
Tree[3].chan2[2].buffer[1].dirty:Undefined
Tree[3].chan2[2].buffer[2].opcode:Undefined
Tree[3].chan2[2].buffer[2].para:Undefined
Tree[3].chan2[2].buffer[2].addr:Undefined
Tree[3].chan2[2].buffer[2].data:Undefined
Tree[3].chan2[2].buffer[2].dirty:Undefined
Tree[3].chan2[2].used:0
Tree[3].chan3[1].buffer[1].opcode:Undefined
Tree[3].chan3[1].buffer[1].para:Undefined
Tree[3].chan3[1].buffer[1].addr:Undefined
Tree[3].chan3[1].buffer[1].data:Undefined
Tree[3].chan3[1].buffer[1].dirty:Undefined
Tree[3].chan3[1].buffer[2].opcode:Undefined
Tree[3].chan3[1].buffer[2].para:Undefined
Tree[3].chan3[1].buffer[2].addr:Undefined
Tree[3].chan3[1].buffer[2].data:Undefined
Tree[3].chan3[1].buffer[2].dirty:Undefined
Tree[3].chan3[1].used:0
Tree[3].chan3[2].buffer[1].opcode:Undefined
Tree[3].chan3[2].buffer[1].para:Undefined
Tree[3].chan3[2].buffer[1].addr:Undefined
Tree[3].chan3[2].buffer[1].data:Undefined
Tree[3].chan3[2].buffer[1].dirty:Undefined
Tree[3].chan3[2].buffer[2].opcode:Undefined
Tree[3].chan3[2].buffer[2].para:Undefined
Tree[3].chan3[2].buffer[2].addr:Undefined
Tree[3].chan3[2].buffer[2].data:Undefined
Tree[3].chan3[2].buffer[2].dirty:Undefined
Tree[3].chan3[2].used:0
Tree[3].chan4[1].buffer[1].opcode:Undefined
Tree[3].chan4[1].buffer[1].para:Undefined
Tree[3].chan4[1].buffer[1].addr:Undefined
Tree[3].chan4[1].buffer[1].data:Undefined
Tree[3].chan4[1].buffer[1].dirty:Undefined
Tree[3].chan4[1].buffer[2].opcode:Undefined
Tree[3].chan4[1].buffer[2].para:Undefined
Tree[3].chan4[1].buffer[2].addr:Undefined
Tree[3].chan4[1].buffer[2].data:Undefined
Tree[3].chan4[1].buffer[2].dirty:Undefined
Tree[3].chan4[1].used:0
Tree[3].chan4[2].buffer[1].opcode:Undefined
Tree[3].chan4[2].buffer[1].para:Undefined
Tree[3].chan4[2].buffer[1].addr:Undefined
Tree[3].chan4[2].buffer[1].data:Undefined
Tree[3].chan4[2].buffer[1].dirty:Undefined
Tree[3].chan4[2].buffer[2].opcode:Undefined
Tree[3].chan4[2].buffer[2].para:Undefined
Tree[3].chan4[2].buffer[2].addr:Undefined
Tree[3].chan4[2].buffer[2].data:Undefined
Tree[3].chan4[2].buffer[2].dirty:Undefined
Tree[3].chan4[2].used:0
Tree[3].chan5[1].buffer[1].opcode:Undefined
Tree[3].chan5[1].buffer[1].addr:Undefined
Tree[3].chan5[1].buffer[1].data:Undefined
Tree[3].chan5[1].buffer[1].dirty:Undefined
Tree[3].chan5[1].buffer[2].opcode:Undefined
Tree[3].chan5[1].buffer[2].addr:Undefined
Tree[3].chan5[1].buffer[2].data:Undefined
Tree[3].chan5[1].buffer[2].dirty:Undefined
Tree[3].chan5[1].used:0
Tree[3].chan5[2].buffer[1].opcode:Undefined
Tree[3].chan5[2].buffer[1].addr:Undefined
Tree[3].chan5[2].buffer[1].data:Undefined
Tree[3].chan5[2].buffer[1].dirty:Undefined
Tree[3].chan5[2].buffer[2].opcode:Undefined
Tree[3].chan5[2].buffer[2].addr:Undefined
Tree[3].chan5[2].buffer[2].data:Undefined
Tree[3].chan5[2].buffer[2].dirty:Undefined
Tree[3].chan5[2].used:0
Tree[4].cache.used:0
Tree[4].cache.line[1].addr:Undefined
Tree[4].cache.line[1].state:Undefined
Tree[4].cache.line[1].data:Undefined
Tree[4].cache.line[1].dirty:Undefined
Tree[4].cache.line[2].addr:Undefined
Tree[4].cache.line[2].state:Undefined
Tree[4].cache.line[2].data:Undefined
Tree[4].cache.line[2].dirty:Undefined
Tree[4].cache.valid[1]:0
Tree[4].cache.valid[2]:0
Tree[4].sons[1]:Undefined
Tree[4].sons[2]:Undefined
Tree[4].directory[1][1]:Undefined
Tree[4].directory[1][2]:Undefined
Tree[4].directory[2][1]:Undefined
Tree[4].directory[2][2]:Undefined
Tree[4].slave_pending[1][1]:Undefined
Tree[4].slave_pending[1][2]:Undefined
Tree[4].slave_pending[2][1]:Undefined
Tree[4].slave_pending[2][2]:Undefined
Tree[4].master_pending[1]:Undefined
Tree[4].master_pending[2]:Undefined
Tree[4].reqId:Undefined
Tree[4].chan1[1].buffer[1].opcode:Undefined
Tree[4].chan1[1].buffer[1].para:Undefined
Tree[4].chan1[1].buffer[1].addr:Undefined
Tree[4].chan1[1].buffer[1].data:Undefined
Tree[4].chan1[1].buffer[1].dirty:Undefined
Tree[4].chan1[1].buffer[2].opcode:Undefined
Tree[4].chan1[1].buffer[2].para:Undefined
Tree[4].chan1[1].buffer[2].addr:Undefined
Tree[4].chan1[1].buffer[2].data:Undefined
Tree[4].chan1[1].buffer[2].dirty:Undefined
Tree[4].chan1[1].used:Undefined
Tree[4].chan1[2].buffer[1].opcode:Undefined
Tree[4].chan1[2].buffer[1].para:Undefined
Tree[4].chan1[2].buffer[1].addr:Undefined
Tree[4].chan1[2].buffer[1].data:Undefined
Tree[4].chan1[2].buffer[1].dirty:Undefined
Tree[4].chan1[2].buffer[2].opcode:Undefined
Tree[4].chan1[2].buffer[2].para:Undefined
Tree[4].chan1[2].buffer[2].addr:Undefined
Tree[4].chan1[2].buffer[2].data:Undefined
Tree[4].chan1[2].buffer[2].dirty:Undefined
Tree[4].chan1[2].used:Undefined
Tree[4].chan2[1].buffer[1].opcode:Undefined
Tree[4].chan2[1].buffer[1].para:Undefined
Tree[4].chan2[1].buffer[1].addr:Undefined
Tree[4].chan2[1].buffer[1].data:Undefined
Tree[4].chan2[1].buffer[1].dirty:Undefined
Tree[4].chan2[1].buffer[2].opcode:Undefined
Tree[4].chan2[1].buffer[2].para:Undefined
Tree[4].chan2[1].buffer[2].addr:Undefined
Tree[4].chan2[1].buffer[2].data:Undefined
Tree[4].chan2[1].buffer[2].dirty:Undefined
Tree[4].chan2[1].used:Undefined
Tree[4].chan2[2].buffer[1].opcode:Undefined
Tree[4].chan2[2].buffer[1].para:Undefined
Tree[4].chan2[2].buffer[1].addr:Undefined
Tree[4].chan2[2].buffer[1].data:Undefined
Tree[4].chan2[2].buffer[1].dirty:Undefined
Tree[4].chan2[2].buffer[2].opcode:Undefined
Tree[4].chan2[2].buffer[2].para:Undefined
Tree[4].chan2[2].buffer[2].addr:Undefined
Tree[4].chan2[2].buffer[2].data:Undefined
Tree[4].chan2[2].buffer[2].dirty:Undefined
Tree[4].chan2[2].used:Undefined
Tree[4].chan3[1].buffer[1].opcode:Undefined
Tree[4].chan3[1].buffer[1].para:Undefined
Tree[4].chan3[1].buffer[1].addr:Undefined
Tree[4].chan3[1].buffer[1].data:Undefined
Tree[4].chan3[1].buffer[1].dirty:Undefined
Tree[4].chan3[1].buffer[2].opcode:Undefined
Tree[4].chan3[1].buffer[2].para:Undefined
Tree[4].chan3[1].buffer[2].addr:Undefined
Tree[4].chan3[1].buffer[2].data:Undefined
Tree[4].chan3[1].buffer[2].dirty:Undefined
Tree[4].chan3[1].used:Undefined
Tree[4].chan3[2].buffer[1].opcode:Undefined
Tree[4].chan3[2].buffer[1].para:Undefined
Tree[4].chan3[2].buffer[1].addr:Undefined
Tree[4].chan3[2].buffer[1].data:Undefined
Tree[4].chan3[2].buffer[1].dirty:Undefined
Tree[4].chan3[2].buffer[2].opcode:Undefined
Tree[4].chan3[2].buffer[2].para:Undefined
Tree[4].chan3[2].buffer[2].addr:Undefined
Tree[4].chan3[2].buffer[2].data:Undefined
Tree[4].chan3[2].buffer[2].dirty:Undefined
Tree[4].chan3[2].used:Undefined
Tree[4].chan4[1].buffer[1].opcode:Undefined
Tree[4].chan4[1].buffer[1].para:Undefined
Tree[4].chan4[1].buffer[1].addr:Undefined
Tree[4].chan4[1].buffer[1].data:Undefined
Tree[4].chan4[1].buffer[1].dirty:Undefined
Tree[4].chan4[1].buffer[2].opcode:Undefined
Tree[4].chan4[1].buffer[2].para:Undefined
Tree[4].chan4[1].buffer[2].addr:Undefined
Tree[4].chan4[1].buffer[2].data:Undefined
Tree[4].chan4[1].buffer[2].dirty:Undefined
Tree[4].chan4[1].used:Undefined
Tree[4].chan4[2].buffer[1].opcode:Undefined
Tree[4].chan4[2].buffer[1].para:Undefined
Tree[4].chan4[2].buffer[1].addr:Undefined
Tree[4].chan4[2].buffer[1].data:Undefined
Tree[4].chan4[2].buffer[1].dirty:Undefined
Tree[4].chan4[2].buffer[2].opcode:Undefined
Tree[4].chan4[2].buffer[2].para:Undefined
Tree[4].chan4[2].buffer[2].addr:Undefined
Tree[4].chan4[2].buffer[2].data:Undefined
Tree[4].chan4[2].buffer[2].dirty:Undefined
Tree[4].chan4[2].used:Undefined
Tree[4].chan5[1].buffer[1].opcode:Undefined
Tree[4].chan5[1].buffer[1].addr:Undefined
Tree[4].chan5[1].buffer[1].data:Undefined
Tree[4].chan5[1].buffer[1].dirty:Undefined
Tree[4].chan5[1].buffer[2].opcode:Undefined
Tree[4].chan5[1].buffer[2].addr:Undefined
Tree[4].chan5[1].buffer[2].data:Undefined
Tree[4].chan5[1].buffer[2].dirty:Undefined
Tree[4].chan5[1].used:Undefined
Tree[4].chan5[2].buffer[1].opcode:Undefined
Tree[4].chan5[2].buffer[1].addr:Undefined
Tree[4].chan5[2].buffer[1].data:Undefined
Tree[4].chan5[2].buffer[1].dirty:Undefined
Tree[4].chan5[2].buffer[2].opcode:Undefined
Tree[4].chan5[2].buffer[2].addr:Undefined
Tree[4].chan5[2].buffer[2].data:Undefined
Tree[4].chan5[2].buffer[2].dirty:Undefined
Tree[4].chan5[2].used:Undefined
Tree[5].cache.used:0
Tree[5].cache.line[1].addr:Undefined
Tree[5].cache.line[1].state:Undefined
Tree[5].cache.line[1].data:Undefined
Tree[5].cache.line[1].dirty:Undefined
Tree[5].cache.line[2].addr:Undefined
Tree[5].cache.line[2].state:Undefined
Tree[5].cache.line[2].data:Undefined
Tree[5].cache.line[2].dirty:Undefined
Tree[5].cache.valid[1]:0
Tree[5].cache.valid[2]:0
Tree[5].sons[1]:Undefined
Tree[5].sons[2]:Undefined
Tree[5].directory[1][1]:Undefined
Tree[5].directory[1][2]:Undefined
Tree[5].directory[2][1]:Undefined
Tree[5].directory[2][2]:Undefined
Tree[5].slave_pending[1][1]:Undefined
Tree[5].slave_pending[1][2]:Undefined
Tree[5].slave_pending[2][1]:Undefined
Tree[5].slave_pending[2][2]:Undefined
Tree[5].master_pending[1]:Undefined
Tree[5].master_pending[2]:Undefined
Tree[5].reqId:Undefined
Tree[5].chan1[1].buffer[1].opcode:Undefined
Tree[5].chan1[1].buffer[1].para:Undefined
Tree[5].chan1[1].buffer[1].addr:Undefined
Tree[5].chan1[1].buffer[1].data:Undefined
Tree[5].chan1[1].buffer[1].dirty:Undefined
Tree[5].chan1[1].buffer[2].opcode:Undefined
Tree[5].chan1[1].buffer[2].para:Undefined
Tree[5].chan1[1].buffer[2].addr:Undefined
Tree[5].chan1[1].buffer[2].data:Undefined
Tree[5].chan1[1].buffer[2].dirty:Undefined
Tree[5].chan1[1].used:Undefined
Tree[5].chan1[2].buffer[1].opcode:Undefined
Tree[5].chan1[2].buffer[1].para:Undefined
Tree[5].chan1[2].buffer[1].addr:Undefined
Tree[5].chan1[2].buffer[1].data:Undefined
Tree[5].chan1[2].buffer[1].dirty:Undefined
Tree[5].chan1[2].buffer[2].opcode:Undefined
Tree[5].chan1[2].buffer[2].para:Undefined
Tree[5].chan1[2].buffer[2].addr:Undefined
Tree[5].chan1[2].buffer[2].data:Undefined
Tree[5].chan1[2].buffer[2].dirty:Undefined
Tree[5].chan1[2].used:Undefined
Tree[5].chan2[1].buffer[1].opcode:Undefined
Tree[5].chan2[1].buffer[1].para:Undefined
Tree[5].chan2[1].buffer[1].addr:Undefined
Tree[5].chan2[1].buffer[1].data:Undefined
Tree[5].chan2[1].buffer[1].dirty:Undefined
Tree[5].chan2[1].buffer[2].opcode:Undefined
Tree[5].chan2[1].buffer[2].para:Undefined
Tree[5].chan2[1].buffer[2].addr:Undefined
Tree[5].chan2[1].buffer[2].data:Undefined
Tree[5].chan2[1].buffer[2].dirty:Undefined
Tree[5].chan2[1].used:Undefined
Tree[5].chan2[2].buffer[1].opcode:Undefined
Tree[5].chan2[2].buffer[1].para:Undefined
Tree[5].chan2[2].buffer[1].addr:Undefined
Tree[5].chan2[2].buffer[1].data:Undefined
Tree[5].chan2[2].buffer[1].dirty:Undefined
Tree[5].chan2[2].buffer[2].opcode:Undefined
Tree[5].chan2[2].buffer[2].para:Undefined
Tree[5].chan2[2].buffer[2].addr:Undefined
Tree[5].chan2[2].buffer[2].data:Undefined
Tree[5].chan2[2].buffer[2].dirty:Undefined
Tree[5].chan2[2].used:Undefined
Tree[5].chan3[1].buffer[1].opcode:Undefined
Tree[5].chan3[1].buffer[1].para:Undefined
Tree[5].chan3[1].buffer[1].addr:Undefined
Tree[5].chan3[1].buffer[1].data:Undefined
Tree[5].chan3[1].buffer[1].dirty:Undefined
Tree[5].chan3[1].buffer[2].opcode:Undefined
Tree[5].chan3[1].buffer[2].para:Undefined
Tree[5].chan3[1].buffer[2].addr:Undefined
Tree[5].chan3[1].buffer[2].data:Undefined
Tree[5].chan3[1].buffer[2].dirty:Undefined
Tree[5].chan3[1].used:Undefined
Tree[5].chan3[2].buffer[1].opcode:Undefined
Tree[5].chan3[2].buffer[1].para:Undefined
Tree[5].chan3[2].buffer[1].addr:Undefined
Tree[5].chan3[2].buffer[1].data:Undefined
Tree[5].chan3[2].buffer[1].dirty:Undefined
Tree[5].chan3[2].buffer[2].opcode:Undefined
Tree[5].chan3[2].buffer[2].para:Undefined
Tree[5].chan3[2].buffer[2].addr:Undefined
Tree[5].chan3[2].buffer[2].data:Undefined
Tree[5].chan3[2].buffer[2].dirty:Undefined
Tree[5].chan3[2].used:Undefined
Tree[5].chan4[1].buffer[1].opcode:Undefined
Tree[5].chan4[1].buffer[1].para:Undefined
Tree[5].chan4[1].buffer[1].addr:Undefined
Tree[5].chan4[1].buffer[1].data:Undefined
Tree[5].chan4[1].buffer[1].dirty:Undefined
Tree[5].chan4[1].buffer[2].opcode:Undefined
Tree[5].chan4[1].buffer[2].para:Undefined
Tree[5].chan4[1].buffer[2].addr:Undefined
Tree[5].chan4[1].buffer[2].data:Undefined
Tree[5].chan4[1].buffer[2].dirty:Undefined
Tree[5].chan4[1].used:Undefined
Tree[5].chan4[2].buffer[1].opcode:Undefined
Tree[5].chan4[2].buffer[1].para:Undefined
Tree[5].chan4[2].buffer[1].addr:Undefined
Tree[5].chan4[2].buffer[1].data:Undefined
Tree[5].chan4[2].buffer[1].dirty:Undefined
Tree[5].chan4[2].buffer[2].opcode:Undefined
Tree[5].chan4[2].buffer[2].para:Undefined
Tree[5].chan4[2].buffer[2].addr:Undefined
Tree[5].chan4[2].buffer[2].data:Undefined
Tree[5].chan4[2].buffer[2].dirty:Undefined
Tree[5].chan4[2].used:Undefined
Tree[5].chan5[1].buffer[1].opcode:Undefined
Tree[5].chan5[1].buffer[1].addr:Undefined
Tree[5].chan5[1].buffer[1].data:Undefined
Tree[5].chan5[1].buffer[1].dirty:Undefined
Tree[5].chan5[1].buffer[2].opcode:Undefined
Tree[5].chan5[1].buffer[2].addr:Undefined
Tree[5].chan5[1].buffer[2].data:Undefined
Tree[5].chan5[1].buffer[2].dirty:Undefined
Tree[5].chan5[1].used:Undefined
Tree[5].chan5[2].buffer[1].opcode:Undefined
Tree[5].chan5[2].buffer[1].addr:Undefined
Tree[5].chan5[2].buffer[1].data:Undefined
Tree[5].chan5[2].buffer[1].dirty:Undefined
Tree[5].chan5[2].buffer[2].opcode:Undefined
Tree[5].chan5[2].buffer[2].addr:Undefined
Tree[5].chan5[2].buffer[2].data:Undefined
Tree[5].chan5[2].buffer[2].dirty:Undefined
Tree[5].chan5[2].used:Undefined
Tree[6].cache.used:0
Tree[6].cache.line[1].addr:Undefined
Tree[6].cache.line[1].state:Undefined
Tree[6].cache.line[1].data:Undefined
Tree[6].cache.line[1].dirty:Undefined
Tree[6].cache.line[2].addr:Undefined
Tree[6].cache.line[2].state:Undefined
Tree[6].cache.line[2].data:Undefined
Tree[6].cache.line[2].dirty:Undefined
Tree[6].cache.valid[1]:0
Tree[6].cache.valid[2]:0
Tree[6].sons[1]:Undefined
Tree[6].sons[2]:Undefined
Tree[6].directory[1][1]:Undefined
Tree[6].directory[1][2]:Undefined
Tree[6].directory[2][1]:Undefined
Tree[6].directory[2][2]:Undefined
Tree[6].slave_pending[1][1]:Undefined
Tree[6].slave_pending[1][2]:Undefined
Tree[6].slave_pending[2][1]:Undefined
Tree[6].slave_pending[2][2]:Undefined
Tree[6].master_pending[1]:Undefined
Tree[6].master_pending[2]:Undefined
Tree[6].reqId:Undefined
Tree[6].chan1[1].buffer[1].opcode:Undefined
Tree[6].chan1[1].buffer[1].para:Undefined
Tree[6].chan1[1].buffer[1].addr:Undefined
Tree[6].chan1[1].buffer[1].data:Undefined
Tree[6].chan1[1].buffer[1].dirty:Undefined
Tree[6].chan1[1].buffer[2].opcode:Undefined
Tree[6].chan1[1].buffer[2].para:Undefined
Tree[6].chan1[1].buffer[2].addr:Undefined
Tree[6].chan1[1].buffer[2].data:Undefined
Tree[6].chan1[1].buffer[2].dirty:Undefined
Tree[6].chan1[1].used:Undefined
Tree[6].chan1[2].buffer[1].opcode:Undefined
Tree[6].chan1[2].buffer[1].para:Undefined
Tree[6].chan1[2].buffer[1].addr:Undefined
Tree[6].chan1[2].buffer[1].data:Undefined
Tree[6].chan1[2].buffer[1].dirty:Undefined
Tree[6].chan1[2].buffer[2].opcode:Undefined
Tree[6].chan1[2].buffer[2].para:Undefined
Tree[6].chan1[2].buffer[2].addr:Undefined
Tree[6].chan1[2].buffer[2].data:Undefined
Tree[6].chan1[2].buffer[2].dirty:Undefined
Tree[6].chan1[2].used:Undefined
Tree[6].chan2[1].buffer[1].opcode:Undefined
Tree[6].chan2[1].buffer[1].para:Undefined
Tree[6].chan2[1].buffer[1].addr:Undefined
Tree[6].chan2[1].buffer[1].data:Undefined
Tree[6].chan2[1].buffer[1].dirty:Undefined
Tree[6].chan2[1].buffer[2].opcode:Undefined
Tree[6].chan2[1].buffer[2].para:Undefined
Tree[6].chan2[1].buffer[2].addr:Undefined
Tree[6].chan2[1].buffer[2].data:Undefined
Tree[6].chan2[1].buffer[2].dirty:Undefined
Tree[6].chan2[1].used:Undefined
Tree[6].chan2[2].buffer[1].opcode:Undefined
Tree[6].chan2[2].buffer[1].para:Undefined
Tree[6].chan2[2].buffer[1].addr:Undefined
Tree[6].chan2[2].buffer[1].data:Undefined
Tree[6].chan2[2].buffer[1].dirty:Undefined
Tree[6].chan2[2].buffer[2].opcode:Undefined
Tree[6].chan2[2].buffer[2].para:Undefined
Tree[6].chan2[2].buffer[2].addr:Undefined
Tree[6].chan2[2].buffer[2].data:Undefined
Tree[6].chan2[2].buffer[2].dirty:Undefined
Tree[6].chan2[2].used:Undefined
Tree[6].chan3[1].buffer[1].opcode:Undefined
Tree[6].chan3[1].buffer[1].para:Undefined
Tree[6].chan3[1].buffer[1].addr:Undefined
Tree[6].chan3[1].buffer[1].data:Undefined
Tree[6].chan3[1].buffer[1].dirty:Undefined
Tree[6].chan3[1].buffer[2].opcode:Undefined
Tree[6].chan3[1].buffer[2].para:Undefined
Tree[6].chan3[1].buffer[2].addr:Undefined
Tree[6].chan3[1].buffer[2].data:Undefined
Tree[6].chan3[1].buffer[2].dirty:Undefined
Tree[6].chan3[1].used:Undefined
Tree[6].chan3[2].buffer[1].opcode:Undefined
Tree[6].chan3[2].buffer[1].para:Undefined
Tree[6].chan3[2].buffer[1].addr:Undefined
Tree[6].chan3[2].buffer[1].data:Undefined
Tree[6].chan3[2].buffer[1].dirty:Undefined
Tree[6].chan3[2].buffer[2].opcode:Undefined
Tree[6].chan3[2].buffer[2].para:Undefined
Tree[6].chan3[2].buffer[2].addr:Undefined
Tree[6].chan3[2].buffer[2].data:Undefined
Tree[6].chan3[2].buffer[2].dirty:Undefined
Tree[6].chan3[2].used:Undefined
Tree[6].chan4[1].buffer[1].opcode:Undefined
Tree[6].chan4[1].buffer[1].para:Undefined
Tree[6].chan4[1].buffer[1].addr:Undefined
Tree[6].chan4[1].buffer[1].data:Undefined
Tree[6].chan4[1].buffer[1].dirty:Undefined
Tree[6].chan4[1].buffer[2].opcode:Undefined
Tree[6].chan4[1].buffer[2].para:Undefined
Tree[6].chan4[1].buffer[2].addr:Undefined
Tree[6].chan4[1].buffer[2].data:Undefined
Tree[6].chan4[1].buffer[2].dirty:Undefined
Tree[6].chan4[1].used:Undefined
Tree[6].chan4[2].buffer[1].opcode:Undefined
Tree[6].chan4[2].buffer[1].para:Undefined
Tree[6].chan4[2].buffer[1].addr:Undefined
Tree[6].chan4[2].buffer[1].data:Undefined
Tree[6].chan4[2].buffer[1].dirty:Undefined
Tree[6].chan4[2].buffer[2].opcode:Undefined
Tree[6].chan4[2].buffer[2].para:Undefined
Tree[6].chan4[2].buffer[2].addr:Undefined
Tree[6].chan4[2].buffer[2].data:Undefined
Tree[6].chan4[2].buffer[2].dirty:Undefined
Tree[6].chan4[2].used:Undefined
Tree[6].chan5[1].buffer[1].opcode:Undefined
Tree[6].chan5[1].buffer[1].addr:Undefined
Tree[6].chan5[1].buffer[1].data:Undefined
Tree[6].chan5[1].buffer[1].dirty:Undefined
Tree[6].chan5[1].buffer[2].opcode:Undefined
Tree[6].chan5[1].buffer[2].addr:Undefined
Tree[6].chan5[1].buffer[2].data:Undefined
Tree[6].chan5[1].buffer[2].dirty:Undefined
Tree[6].chan5[1].used:Undefined
Tree[6].chan5[2].buffer[1].opcode:Undefined
Tree[6].chan5[2].buffer[1].addr:Undefined
Tree[6].chan5[2].buffer[1].data:Undefined
Tree[6].chan5[2].buffer[1].dirty:Undefined
Tree[6].chan5[2].buffer[2].opcode:Undefined
Tree[6].chan5[2].buffer[2].addr:Undefined
Tree[6].chan5[2].buffer[2].data:Undefined
Tree[6].chan5[2].buffer[2].dirty:Undefined
Tree[6].chan5[2].used:Undefined
Tree[7].cache.used:0
Tree[7].cache.line[1].addr:Undefined
Tree[7].cache.line[1].state:Undefined
Tree[7].cache.line[1].data:Undefined
Tree[7].cache.line[1].dirty:Undefined
Tree[7].cache.line[2].addr:Undefined
Tree[7].cache.line[2].state:Undefined
Tree[7].cache.line[2].data:Undefined
Tree[7].cache.line[2].dirty:Undefined
Tree[7].cache.valid[1]:0
Tree[7].cache.valid[2]:0
Tree[7].sons[1]:Undefined
Tree[7].sons[2]:Undefined
Tree[7].directory[1][1]:Undefined
Tree[7].directory[1][2]:Undefined
Tree[7].directory[2][1]:Undefined
Tree[7].directory[2][2]:Undefined
Tree[7].slave_pending[1][1]:Undefined
Tree[7].slave_pending[1][2]:Undefined
Tree[7].slave_pending[2][1]:Undefined
Tree[7].slave_pending[2][2]:Undefined
Tree[7].master_pending[1]:Undefined
Tree[7].master_pending[2]:Undefined
Tree[7].reqId:Undefined
Tree[7].chan1[1].buffer[1].opcode:Undefined
Tree[7].chan1[1].buffer[1].para:Undefined
Tree[7].chan1[1].buffer[1].addr:Undefined
Tree[7].chan1[1].buffer[1].data:Undefined
Tree[7].chan1[1].buffer[1].dirty:Undefined
Tree[7].chan1[1].buffer[2].opcode:Undefined
Tree[7].chan1[1].buffer[2].para:Undefined
Tree[7].chan1[1].buffer[2].addr:Undefined
Tree[7].chan1[1].buffer[2].data:Undefined
Tree[7].chan1[1].buffer[2].dirty:Undefined
Tree[7].chan1[1].used:Undefined
Tree[7].chan1[2].buffer[1].opcode:Undefined
Tree[7].chan1[2].buffer[1].para:Undefined
Tree[7].chan1[2].buffer[1].addr:Undefined
Tree[7].chan1[2].buffer[1].data:Undefined
Tree[7].chan1[2].buffer[1].dirty:Undefined
Tree[7].chan1[2].buffer[2].opcode:Undefined
Tree[7].chan1[2].buffer[2].para:Undefined
Tree[7].chan1[2].buffer[2].addr:Undefined
Tree[7].chan1[2].buffer[2].data:Undefined
Tree[7].chan1[2].buffer[2].dirty:Undefined
Tree[7].chan1[2].used:Undefined
Tree[7].chan2[1].buffer[1].opcode:Undefined
Tree[7].chan2[1].buffer[1].para:Undefined
Tree[7].chan2[1].buffer[1].addr:Undefined
Tree[7].chan2[1].buffer[1].data:Undefined
Tree[7].chan2[1].buffer[1].dirty:Undefined
Tree[7].chan2[1].buffer[2].opcode:Undefined
Tree[7].chan2[1].buffer[2].para:Undefined
Tree[7].chan2[1].buffer[2].addr:Undefined
Tree[7].chan2[1].buffer[2].data:Undefined
Tree[7].chan2[1].buffer[2].dirty:Undefined
Tree[7].chan2[1].used:Undefined
Tree[7].chan2[2].buffer[1].opcode:Undefined
Tree[7].chan2[2].buffer[1].para:Undefined
Tree[7].chan2[2].buffer[1].addr:Undefined
Tree[7].chan2[2].buffer[1].data:Undefined
Tree[7].chan2[2].buffer[1].dirty:Undefined
Tree[7].chan2[2].buffer[2].opcode:Undefined
Tree[7].chan2[2].buffer[2].para:Undefined
Tree[7].chan2[2].buffer[2].addr:Undefined
Tree[7].chan2[2].buffer[2].data:Undefined
Tree[7].chan2[2].buffer[2].dirty:Undefined
Tree[7].chan2[2].used:Undefined
Tree[7].chan3[1].buffer[1].opcode:Undefined
Tree[7].chan3[1].buffer[1].para:Undefined
Tree[7].chan3[1].buffer[1].addr:Undefined
Tree[7].chan3[1].buffer[1].data:Undefined
Tree[7].chan3[1].buffer[1].dirty:Undefined
Tree[7].chan3[1].buffer[2].opcode:Undefined
Tree[7].chan3[1].buffer[2].para:Undefined
Tree[7].chan3[1].buffer[2].addr:Undefined
Tree[7].chan3[1].buffer[2].data:Undefined
Tree[7].chan3[1].buffer[2].dirty:Undefined
Tree[7].chan3[1].used:Undefined
Tree[7].chan3[2].buffer[1].opcode:Undefined
Tree[7].chan3[2].buffer[1].para:Undefined
Tree[7].chan3[2].buffer[1].addr:Undefined
Tree[7].chan3[2].buffer[1].data:Undefined
Tree[7].chan3[2].buffer[1].dirty:Undefined
Tree[7].chan3[2].buffer[2].opcode:Undefined
Tree[7].chan3[2].buffer[2].para:Undefined
Tree[7].chan3[2].buffer[2].addr:Undefined
Tree[7].chan3[2].buffer[2].data:Undefined
Tree[7].chan3[2].buffer[2].dirty:Undefined
Tree[7].chan3[2].used:Undefined
Tree[7].chan4[1].buffer[1].opcode:Undefined
Tree[7].chan4[1].buffer[1].para:Undefined
Tree[7].chan4[1].buffer[1].addr:Undefined
Tree[7].chan4[1].buffer[1].data:Undefined
Tree[7].chan4[1].buffer[1].dirty:Undefined
Tree[7].chan4[1].buffer[2].opcode:Undefined
Tree[7].chan4[1].buffer[2].para:Undefined
Tree[7].chan4[1].buffer[2].addr:Undefined
Tree[7].chan4[1].buffer[2].data:Undefined
Tree[7].chan4[1].buffer[2].dirty:Undefined
Tree[7].chan4[1].used:Undefined
Tree[7].chan4[2].buffer[1].opcode:Undefined
Tree[7].chan4[2].buffer[1].para:Undefined
Tree[7].chan4[2].buffer[1].addr:Undefined
Tree[7].chan4[2].buffer[1].data:Undefined
Tree[7].chan4[2].buffer[1].dirty:Undefined
Tree[7].chan4[2].buffer[2].opcode:Undefined
Tree[7].chan4[2].buffer[2].para:Undefined
Tree[7].chan4[2].buffer[2].addr:Undefined
Tree[7].chan4[2].buffer[2].data:Undefined
Tree[7].chan4[2].buffer[2].dirty:Undefined
Tree[7].chan4[2].used:Undefined
Tree[7].chan5[1].buffer[1].opcode:Undefined
Tree[7].chan5[1].buffer[1].addr:Undefined
Tree[7].chan5[1].buffer[1].data:Undefined
Tree[7].chan5[1].buffer[1].dirty:Undefined
Tree[7].chan5[1].buffer[2].opcode:Undefined
Tree[7].chan5[1].buffer[2].addr:Undefined
Tree[7].chan5[1].buffer[2].data:Undefined
Tree[7].chan5[1].buffer[2].dirty:Undefined
Tree[7].chan5[1].used:Undefined
Tree[7].chan5[2].buffer[1].opcode:Undefined
Tree[7].chan5[2].buffer[1].addr:Undefined
Tree[7].chan5[2].buffer[1].data:Undefined
Tree[7].chan5[2].buffer[1].dirty:Undefined
Tree[7].chan5[2].buffer[2].opcode:Undefined
Tree[7].chan5[2].buffer[2].addr:Undefined
Tree[7].chan5[2].buffer[2].data:Undefined
Tree[7].chan5[2].buffer[2].dirty:Undefined
Tree[7].chan5[2].used:Undefined
memData[1]:dataType_2
memData[2]:dataType_2
auxData[1]:dataType_2
auxData[2]:dataType_2

------------- Show a heuristic value: ------------------
152

------------- Show Initstate: ------------------
Tree[1].cache.used:0
Tree[1].cache.line[1].addr:Undefined
Tree[1].cache.line[1].state:Undefined
Tree[1].cache.line[1].data:Undefined
Tree[1].cache.line[1].dirty:Undefined
Tree[1].cache.line[2].addr:Undefined
Tree[1].cache.line[2].state:Undefined
Tree[1].cache.line[2].data:Undefined
Tree[1].cache.line[2].dirty:Undefined
Tree[1].cache.valid[1]:0
Tree[1].cache.valid[2]:0
Tree[1].sons[1]:2
Tree[1].sons[2]:3
Tree[1].directory[1][1]:None
Tree[1].directory[1][2]:None
Tree[1].directory[2][1]:None
Tree[1].directory[2][2]:None
Tree[1].slave_pending[1][1]:Undefined
Tree[1].slave_pending[1][2]:Undefined
Tree[1].slave_pending[2][1]:Undefined
Tree[1].slave_pending[2][2]:Undefined
Tree[1].master_pending[1]:Undefined
Tree[1].master_pending[2]:Undefined
Tree[1].reqId:Undefined
Tree[1].chan1[1].buffer[1].opcode:Undefined
Tree[1].chan1[1].buffer[1].para:Undefined
Tree[1].chan1[1].buffer[1].addr:Undefined
Tree[1].chan1[1].buffer[1].data:Undefined
Tree[1].chan1[1].buffer[1].dirty:Undefined
Tree[1].chan1[1].buffer[2].opcode:Undefined
Tree[1].chan1[1].buffer[2].para:Undefined
Tree[1].chan1[1].buffer[2].addr:Undefined
Tree[1].chan1[1].buffer[2].data:Undefined
Tree[1].chan1[1].buffer[2].dirty:Undefined
Tree[1].chan1[1].used:0
Tree[1].chan1[2].buffer[1].opcode:Undefined
Tree[1].chan1[2].buffer[1].para:Undefined
Tree[1].chan1[2].buffer[1].addr:Undefined
Tree[1].chan1[2].buffer[1].data:Undefined
Tree[1].chan1[2].buffer[1].dirty:Undefined
Tree[1].chan1[2].buffer[2].opcode:Undefined
Tree[1].chan1[2].buffer[2].para:Undefined
Tree[1].chan1[2].buffer[2].addr:Undefined
Tree[1].chan1[2].buffer[2].data:Undefined
Tree[1].chan1[2].buffer[2].dirty:Undefined
Tree[1].chan1[2].used:0
Tree[1].chan2[1].buffer[1].opcode:Undefined
Tree[1].chan2[1].buffer[1].para:Undefined
Tree[1].chan2[1].buffer[1].addr:Undefined
Tree[1].chan2[1].buffer[1].data:Undefined
Tree[1].chan2[1].buffer[1].dirty:Undefined
Tree[1].chan2[1].buffer[2].opcode:Undefined
Tree[1].chan2[1].buffer[2].para:Undefined
Tree[1].chan2[1].buffer[2].addr:Undefined
Tree[1].chan2[1].buffer[2].data:Undefined
Tree[1].chan2[1].buffer[2].dirty:Undefined
Tree[1].chan2[1].used:0
Tree[1].chan2[2].buffer[1].opcode:Undefined
Tree[1].chan2[2].buffer[1].para:Undefined
Tree[1].chan2[2].buffer[1].addr:Undefined
Tree[1].chan2[2].buffer[1].data:Undefined
Tree[1].chan2[2].buffer[1].dirty:Undefined
Tree[1].chan2[2].buffer[2].opcode:Undefined
Tree[1].chan2[2].buffer[2].para:Undefined
Tree[1].chan2[2].buffer[2].addr:Undefined
Tree[1].chan2[2].buffer[2].data:Undefined
Tree[1].chan2[2].buffer[2].dirty:Undefined
Tree[1].chan2[2].used:0
Tree[1].chan3[1].buffer[1].opcode:Undefined
Tree[1].chan3[1].buffer[1].para:Undefined
Tree[1].chan3[1].buffer[1].addr:Undefined
Tree[1].chan3[1].buffer[1].data:Undefined
Tree[1].chan3[1].buffer[1].dirty:Undefined
Tree[1].chan3[1].buffer[2].opcode:Undefined
Tree[1].chan3[1].buffer[2].para:Undefined
Tree[1].chan3[1].buffer[2].addr:Undefined
Tree[1].chan3[1].buffer[2].data:Undefined
Tree[1].chan3[1].buffer[2].dirty:Undefined
Tree[1].chan3[1].used:0
Tree[1].chan3[2].buffer[1].opcode:Undefined
Tree[1].chan3[2].buffer[1].para:Undefined
Tree[1].chan3[2].buffer[1].addr:Undefined
Tree[1].chan3[2].buffer[1].data:Undefined
Tree[1].chan3[2].buffer[1].dirty:Undefined
Tree[1].chan3[2].buffer[2].opcode:Undefined
Tree[1].chan3[2].buffer[2].para:Undefined
Tree[1].chan3[2].buffer[2].addr:Undefined
Tree[1].chan3[2].buffer[2].data:Undefined
Tree[1].chan3[2].buffer[2].dirty:Undefined
Tree[1].chan3[2].used:0
Tree[1].chan4[1].buffer[1].opcode:Undefined
Tree[1].chan4[1].buffer[1].para:Undefined
Tree[1].chan4[1].buffer[1].addr:Undefined
Tree[1].chan4[1].buffer[1].data:Undefined
Tree[1].chan4[1].buffer[1].dirty:Undefined
Tree[1].chan4[1].buffer[2].opcode:Undefined
Tree[1].chan4[1].buffer[2].para:Undefined
Tree[1].chan4[1].buffer[2].addr:Undefined
Tree[1].chan4[1].buffer[2].data:Undefined
Tree[1].chan4[1].buffer[2].dirty:Undefined
Tree[1].chan4[1].used:0
Tree[1].chan4[2].buffer[1].opcode:Undefined
Tree[1].chan4[2].buffer[1].para:Undefined
Tree[1].chan4[2].buffer[1].addr:Undefined
Tree[1].chan4[2].buffer[1].data:Undefined
Tree[1].chan4[2].buffer[1].dirty:Undefined
Tree[1].chan4[2].buffer[2].opcode:Undefined
Tree[1].chan4[2].buffer[2].para:Undefined
Tree[1].chan4[2].buffer[2].addr:Undefined
Tree[1].chan4[2].buffer[2].data:Undefined
Tree[1].chan4[2].buffer[2].dirty:Undefined
Tree[1].chan4[2].used:0
Tree[1].chan5[1].buffer[1].opcode:Undefined
Tree[1].chan5[1].buffer[1].addr:Undefined
Tree[1].chan5[1].buffer[1].data:Undefined
Tree[1].chan5[1].buffer[1].dirty:Undefined
Tree[1].chan5[1].buffer[2].opcode:Undefined
Tree[1].chan5[1].buffer[2].addr:Undefined
Tree[1].chan5[1].buffer[2].data:Undefined
Tree[1].chan5[1].buffer[2].dirty:Undefined
Tree[1].chan5[1].used:0
Tree[1].chan5[2].buffer[1].opcode:Undefined
Tree[1].chan5[2].buffer[1].addr:Undefined
Tree[1].chan5[2].buffer[1].data:Undefined
Tree[1].chan5[2].buffer[1].dirty:Undefined
Tree[1].chan5[2].buffer[2].opcode:Undefined
Tree[1].chan5[2].buffer[2].addr:Undefined
Tree[1].chan5[2].buffer[2].data:Undefined
Tree[1].chan5[2].buffer[2].dirty:Undefined
Tree[1].chan5[2].used:0
Tree[2].cache.used:0
Tree[2].cache.line[1].addr:Undefined
Tree[2].cache.line[1].state:Undefined
Tree[2].cache.line[1].data:Undefined
Tree[2].cache.line[1].dirty:Undefined
Tree[2].cache.line[2].addr:Undefined
Tree[2].cache.line[2].state:Undefined
Tree[2].cache.line[2].data:Undefined
Tree[2].cache.line[2].dirty:Undefined
Tree[2].cache.valid[1]:0
Tree[2].cache.valid[2]:0
Tree[2].sons[1]:4
Tree[2].sons[2]:5
Tree[2].directory[1][1]:None
Tree[2].directory[1][2]:None
Tree[2].directory[2][1]:None
Tree[2].directory[2][2]:None
Tree[2].slave_pending[1][1]:Undefined
Tree[2].slave_pending[1][2]:Undefined
Tree[2].slave_pending[2][1]:Undefined
Tree[2].slave_pending[2][2]:Undefined
Tree[2].master_pending[1]:Undefined
Tree[2].master_pending[2]:Undefined
Tree[2].reqId:Undefined
Tree[2].chan1[1].buffer[1].opcode:Undefined
Tree[2].chan1[1].buffer[1].para:Undefined
Tree[2].chan1[1].buffer[1].addr:Undefined
Tree[2].chan1[1].buffer[1].data:Undefined
Tree[2].chan1[1].buffer[1].dirty:Undefined
Tree[2].chan1[1].buffer[2].opcode:Undefined
Tree[2].chan1[1].buffer[2].para:Undefined
Tree[2].chan1[1].buffer[2].addr:Undefined
Tree[2].chan1[1].buffer[2].data:Undefined
Tree[2].chan1[1].buffer[2].dirty:Undefined
Tree[2].chan1[1].used:0
Tree[2].chan1[2].buffer[1].opcode:Undefined
Tree[2].chan1[2].buffer[1].para:Undefined
Tree[2].chan1[2].buffer[1].addr:Undefined
Tree[2].chan1[2].buffer[1].data:Undefined
Tree[2].chan1[2].buffer[1].dirty:Undefined
Tree[2].chan1[2].buffer[2].opcode:Undefined
Tree[2].chan1[2].buffer[2].para:Undefined
Tree[2].chan1[2].buffer[2].addr:Undefined
Tree[2].chan1[2].buffer[2].data:Undefined
Tree[2].chan1[2].buffer[2].dirty:Undefined
Tree[2].chan1[2].used:0
Tree[2].chan2[1].buffer[1].opcode:Undefined
Tree[2].chan2[1].buffer[1].para:Undefined
Tree[2].chan2[1].buffer[1].addr:Undefined
Tree[2].chan2[1].buffer[1].data:Undefined
Tree[2].chan2[1].buffer[1].dirty:Undefined
Tree[2].chan2[1].buffer[2].opcode:Undefined
Tree[2].chan2[1].buffer[2].para:Undefined
Tree[2].chan2[1].buffer[2].addr:Undefined
Tree[2].chan2[1].buffer[2].data:Undefined
Tree[2].chan2[1].buffer[2].dirty:Undefined
Tree[2].chan2[1].used:0
Tree[2].chan2[2].buffer[1].opcode:Undefined
Tree[2].chan2[2].buffer[1].para:Undefined
Tree[2].chan2[2].buffer[1].addr:Undefined
Tree[2].chan2[2].buffer[1].data:Undefined
Tree[2].chan2[2].buffer[1].dirty:Undefined
Tree[2].chan2[2].buffer[2].opcode:Undefined
Tree[2].chan2[2].buffer[2].para:Undefined
Tree[2].chan2[2].buffer[2].addr:Undefined
Tree[2].chan2[2].buffer[2].data:Undefined
Tree[2].chan2[2].buffer[2].dirty:Undefined
Tree[2].chan2[2].used:0
Tree[2].chan3[1].buffer[1].opcode:Undefined
Tree[2].chan3[1].buffer[1].para:Undefined
Tree[2].chan3[1].buffer[1].addr:Undefined
Tree[2].chan3[1].buffer[1].data:Undefined
Tree[2].chan3[1].buffer[1].dirty:Undefined
Tree[2].chan3[1].buffer[2].opcode:Undefined
Tree[2].chan3[1].buffer[2].para:Undefined
Tree[2].chan3[1].buffer[2].addr:Undefined
Tree[2].chan3[1].buffer[2].data:Undefined
Tree[2].chan3[1].buffer[2].dirty:Undefined
Tree[2].chan3[1].used:0
Tree[2].chan3[2].buffer[1].opcode:Undefined
Tree[2].chan3[2].buffer[1].para:Undefined
Tree[2].chan3[2].buffer[1].addr:Undefined
Tree[2].chan3[2].buffer[1].data:Undefined
Tree[2].chan3[2].buffer[1].dirty:Undefined
Tree[2].chan3[2].buffer[2].opcode:Undefined
Tree[2].chan3[2].buffer[2].para:Undefined
Tree[2].chan3[2].buffer[2].addr:Undefined
Tree[2].chan3[2].buffer[2].data:Undefined
Tree[2].chan3[2].buffer[2].dirty:Undefined
Tree[2].chan3[2].used:0
Tree[2].chan4[1].buffer[1].opcode:Undefined
Tree[2].chan4[1].buffer[1].para:Undefined
Tree[2].chan4[1].buffer[1].addr:Undefined
Tree[2].chan4[1].buffer[1].data:Undefined
Tree[2].chan4[1].buffer[1].dirty:Undefined
Tree[2].chan4[1].buffer[2].opcode:Undefined
Tree[2].chan4[1].buffer[2].para:Undefined
Tree[2].chan4[1].buffer[2].addr:Undefined
Tree[2].chan4[1].buffer[2].data:Undefined
Tree[2].chan4[1].buffer[2].dirty:Undefined
Tree[2].chan4[1].used:0
Tree[2].chan4[2].buffer[1].opcode:Undefined
Tree[2].chan4[2].buffer[1].para:Undefined
Tree[2].chan4[2].buffer[1].addr:Undefined
Tree[2].chan4[2].buffer[1].data:Undefined
Tree[2].chan4[2].buffer[1].dirty:Undefined
Tree[2].chan4[2].buffer[2].opcode:Undefined
Tree[2].chan4[2].buffer[2].para:Undefined
Tree[2].chan4[2].buffer[2].addr:Undefined
Tree[2].chan4[2].buffer[2].data:Undefined
Tree[2].chan4[2].buffer[2].dirty:Undefined
Tree[2].chan4[2].used:0
Tree[2].chan5[1].buffer[1].opcode:Undefined
Tree[2].chan5[1].buffer[1].addr:Undefined
Tree[2].chan5[1].buffer[1].data:Undefined
Tree[2].chan5[1].buffer[1].dirty:Undefined
Tree[2].chan5[1].buffer[2].opcode:Undefined
Tree[2].chan5[1].buffer[2].addr:Undefined
Tree[2].chan5[1].buffer[2].data:Undefined
Tree[2].chan5[1].buffer[2].dirty:Undefined
Tree[2].chan5[1].used:0
Tree[2].chan5[2].buffer[1].opcode:Undefined
Tree[2].chan5[2].buffer[1].addr:Undefined
Tree[2].chan5[2].buffer[1].data:Undefined
Tree[2].chan5[2].buffer[1].dirty:Undefined
Tree[2].chan5[2].buffer[2].opcode:Undefined
Tree[2].chan5[2].buffer[2].addr:Undefined
Tree[2].chan5[2].buffer[2].data:Undefined
Tree[2].chan5[2].buffer[2].dirty:Undefined
Tree[2].chan5[2].used:0
Tree[3].cache.used:0
Tree[3].cache.line[1].addr:Undefined
Tree[3].cache.line[1].state:Undefined
Tree[3].cache.line[1].data:Undefined
Tree[3].cache.line[1].dirty:Undefined
Tree[3].cache.line[2].addr:Undefined
Tree[3].cache.line[2].state:Undefined
Tree[3].cache.line[2].data:Undefined
Tree[3].cache.line[2].dirty:Undefined
Tree[3].cache.valid[1]:0
Tree[3].cache.valid[2]:0
Tree[3].sons[1]:6
Tree[3].sons[2]:7
Tree[3].directory[1][1]:None
Tree[3].directory[1][2]:None
Tree[3].directory[2][1]:None
Tree[3].directory[2][2]:None
Tree[3].slave_pending[1][1]:Undefined
Tree[3].slave_pending[1][2]:Undefined
Tree[3].slave_pending[2][1]:Undefined
Tree[3].slave_pending[2][2]:Undefined
Tree[3].master_pending[1]:Undefined
Tree[3].master_pending[2]:Undefined
Tree[3].reqId:Undefined
Tree[3].chan1[1].buffer[1].opcode:Undefined
Tree[3].chan1[1].buffer[1].para:Undefined
Tree[3].chan1[1].buffer[1].addr:Undefined
Tree[3].chan1[1].buffer[1].data:Undefined
Tree[3].chan1[1].buffer[1].dirty:Undefined
Tree[3].chan1[1].buffer[2].opcode:Undefined
Tree[3].chan1[1].buffer[2].para:Undefined
Tree[3].chan1[1].buffer[2].addr:Undefined
Tree[3].chan1[1].buffer[2].data:Undefined
Tree[3].chan1[1].buffer[2].dirty:Undefined
Tree[3].chan1[1].used:0
Tree[3].chan1[2].buffer[1].opcode:Undefined
Tree[3].chan1[2].buffer[1].para:Undefined
Tree[3].chan1[2].buffer[1].addr:Undefined
Tree[3].chan1[2].buffer[1].data:Undefined
Tree[3].chan1[2].buffer[1].dirty:Undefined
Tree[3].chan1[2].buffer[2].opcode:Undefined
Tree[3].chan1[2].buffer[2].para:Undefined
Tree[3].chan1[2].buffer[2].addr:Undefined
Tree[3].chan1[2].buffer[2].data:Undefined
Tree[3].chan1[2].buffer[2].dirty:Undefined
Tree[3].chan1[2].used:0
Tree[3].chan2[1].buffer[1].opcode:Undefined
Tree[3].chan2[1].buffer[1].para:Undefined
Tree[3].chan2[1].buffer[1].addr:Undefined
Tree[3].chan2[1].buffer[1].data:Undefined
Tree[3].chan2[1].buffer[1].dirty:Undefined
Tree[3].chan2[1].buffer[2].opcode:Undefined
Tree[3].chan2[1].buffer[2].para:Undefined
Tree[3].chan2[1].buffer[2].addr:Undefined
Tree[3].chan2[1].buffer[2].data:Undefined
Tree[3].chan2[1].buffer[2].dirty:Undefined
Tree[3].chan2[1].used:0
Tree[3].chan2[2].buffer[1].opcode:Undefined
Tree[3].chan2[2].buffer[1].para:Undefined
Tree[3].chan2[2].buffer[1].addr:Undefined
Tree[3].chan2[2].buffer[1].data:Undefined
Tree[3].chan2[2].buffer[1].dirty:Undefined
Tree[3].chan2[2].buffer[2].opcode:Undefined
Tree[3].chan2[2].buffer[2].para:Undefined
Tree[3].chan2[2].buffer[2].addr:Undefined
Tree[3].chan2[2].buffer[2].data:Undefined
Tree[3].chan2[2].buffer[2].dirty:Undefined
Tree[3].chan2[2].used:0
Tree[3].chan3[1].buffer[1].opcode:Undefined
Tree[3].chan3[1].buffer[1].para:Undefined
Tree[3].chan3[1].buffer[1].addr:Undefined
Tree[3].chan3[1].buffer[1].data:Undefined
Tree[3].chan3[1].buffer[1].dirty:Undefined
Tree[3].chan3[1].buffer[2].opcode:Undefined
Tree[3].chan3[1].buffer[2].para:Undefined
Tree[3].chan3[1].buffer[2].addr:Undefined
Tree[3].chan3[1].buffer[2].data:Undefined
Tree[3].chan3[1].buffer[2].dirty:Undefined
Tree[3].chan3[1].used:0
Tree[3].chan3[2].buffer[1].opcode:Undefined
Tree[3].chan3[2].buffer[1].para:Undefined
Tree[3].chan3[2].buffer[1].addr:Undefined
Tree[3].chan3[2].buffer[1].data:Undefined
Tree[3].chan3[2].buffer[1].dirty:Undefined
Tree[3].chan3[2].buffer[2].opcode:Undefined
Tree[3].chan3[2].buffer[2].para:Undefined
Tree[3].chan3[2].buffer[2].addr:Undefined
Tree[3].chan3[2].buffer[2].data:Undefined
Tree[3].chan3[2].buffer[2].dirty:Undefined
Tree[3].chan3[2].used:0
Tree[3].chan4[1].buffer[1].opcode:Undefined
Tree[3].chan4[1].buffer[1].para:Undefined
Tree[3].chan4[1].buffer[1].addr:Undefined
Tree[3].chan4[1].buffer[1].data:Undefined
Tree[3].chan4[1].buffer[1].dirty:Undefined
Tree[3].chan4[1].buffer[2].opcode:Undefined
Tree[3].chan4[1].buffer[2].para:Undefined
Tree[3].chan4[1].buffer[2].addr:Undefined
Tree[3].chan4[1].buffer[2].data:Undefined
Tree[3].chan4[1].buffer[2].dirty:Undefined
Tree[3].chan4[1].used:0
Tree[3].chan4[2].buffer[1].opcode:Undefined
Tree[3].chan4[2].buffer[1].para:Undefined
Tree[3].chan4[2].buffer[1].addr:Undefined
Tree[3].chan4[2].buffer[1].data:Undefined
Tree[3].chan4[2].buffer[1].dirty:Undefined
Tree[3].chan4[2].buffer[2].opcode:Undefined
Tree[3].chan4[2].buffer[2].para:Undefined
Tree[3].chan4[2].buffer[2].addr:Undefined
Tree[3].chan4[2].buffer[2].data:Undefined
Tree[3].chan4[2].buffer[2].dirty:Undefined
Tree[3].chan4[2].used:0
Tree[3].chan5[1].buffer[1].opcode:Undefined
Tree[3].chan5[1].buffer[1].addr:Undefined
Tree[3].chan5[1].buffer[1].data:Undefined
Tree[3].chan5[1].buffer[1].dirty:Undefined
Tree[3].chan5[1].buffer[2].opcode:Undefined
Tree[3].chan5[1].buffer[2].addr:Undefined
Tree[3].chan5[1].buffer[2].data:Undefined
Tree[3].chan5[1].buffer[2].dirty:Undefined
Tree[3].chan5[1].used:0
Tree[3].chan5[2].buffer[1].opcode:Undefined
Tree[3].chan5[2].buffer[1].addr:Undefined
Tree[3].chan5[2].buffer[1].data:Undefined
Tree[3].chan5[2].buffer[1].dirty:Undefined
Tree[3].chan5[2].buffer[2].opcode:Undefined
Tree[3].chan5[2].buffer[2].addr:Undefined
Tree[3].chan5[2].buffer[2].data:Undefined
Tree[3].chan5[2].buffer[2].dirty:Undefined
Tree[3].chan5[2].used:0
Tree[4].cache.used:0
Tree[4].cache.line[1].addr:Undefined
Tree[4].cache.line[1].state:Undefined
Tree[4].cache.line[1].data:Undefined
Tree[4].cache.line[1].dirty:Undefined
Tree[4].cache.line[2].addr:Undefined
Tree[4].cache.line[2].state:Undefined
Tree[4].cache.line[2].data:Undefined
Tree[4].cache.line[2].dirty:Undefined
Tree[4].cache.valid[1]:0
Tree[4].cache.valid[2]:0
Tree[4].sons[1]:Undefined
Tree[4].sons[2]:Undefined
Tree[4].directory[1][1]:Undefined
Tree[4].directory[1][2]:Undefined
Tree[4].directory[2][1]:Undefined
Tree[4].directory[2][2]:Undefined
Tree[4].slave_pending[1][1]:Undefined
Tree[4].slave_pending[1][2]:Undefined
Tree[4].slave_pending[2][1]:Undefined
Tree[4].slave_pending[2][2]:Undefined
Tree[4].master_pending[1]:Undefined
Tree[4].master_pending[2]:Undefined
Tree[4].reqId:Undefined
Tree[4].chan1[1].buffer[1].opcode:Undefined
Tree[4].chan1[1].buffer[1].para:Undefined
Tree[4].chan1[1].buffer[1].addr:Undefined
Tree[4].chan1[1].buffer[1].data:Undefined
Tree[4].chan1[1].buffer[1].dirty:Undefined
Tree[4].chan1[1].buffer[2].opcode:Undefined
Tree[4].chan1[1].buffer[2].para:Undefined
Tree[4].chan1[1].buffer[2].addr:Undefined
Tree[4].chan1[1].buffer[2].data:Undefined
Tree[4].chan1[1].buffer[2].dirty:Undefined
Tree[4].chan1[1].used:Undefined
Tree[4].chan1[2].buffer[1].opcode:Undefined
Tree[4].chan1[2].buffer[1].para:Undefined
Tree[4].chan1[2].buffer[1].addr:Undefined
Tree[4].chan1[2].buffer[1].data:Undefined
Tree[4].chan1[2].buffer[1].dirty:Undefined
Tree[4].chan1[2].buffer[2].opcode:Undefined
Tree[4].chan1[2].buffer[2].para:Undefined
Tree[4].chan1[2].buffer[2].addr:Undefined
Tree[4].chan1[2].buffer[2].data:Undefined
Tree[4].chan1[2].buffer[2].dirty:Undefined
Tree[4].chan1[2].used:Undefined
Tree[4].chan2[1].buffer[1].opcode:Undefined
Tree[4].chan2[1].buffer[1].para:Undefined
Tree[4].chan2[1].buffer[1].addr:Undefined
Tree[4].chan2[1].buffer[1].data:Undefined
Tree[4].chan2[1].buffer[1].dirty:Undefined
Tree[4].chan2[1].buffer[2].opcode:Undefined
Tree[4].chan2[1].buffer[2].para:Undefined
Tree[4].chan2[1].buffer[2].addr:Undefined
Tree[4].chan2[1].buffer[2].data:Undefined
Tree[4].chan2[1].buffer[2].dirty:Undefined
Tree[4].chan2[1].used:Undefined
Tree[4].chan2[2].buffer[1].opcode:Undefined
Tree[4].chan2[2].buffer[1].para:Undefined
Tree[4].chan2[2].buffer[1].addr:Undefined
Tree[4].chan2[2].buffer[1].data:Undefined
Tree[4].chan2[2].buffer[1].dirty:Undefined
Tree[4].chan2[2].buffer[2].opcode:Undefined
Tree[4].chan2[2].buffer[2].para:Undefined
Tree[4].chan2[2].buffer[2].addr:Undefined
Tree[4].chan2[2].buffer[2].data:Undefined
Tree[4].chan2[2].buffer[2].dirty:Undefined
Tree[4].chan2[2].used:Undefined
Tree[4].chan3[1].buffer[1].opcode:Undefined
Tree[4].chan3[1].buffer[1].para:Undefined
Tree[4].chan3[1].buffer[1].addr:Undefined
Tree[4].chan3[1].buffer[1].data:Undefined
Tree[4].chan3[1].buffer[1].dirty:Undefined
Tree[4].chan3[1].buffer[2].opcode:Undefined
Tree[4].chan3[1].buffer[2].para:Undefined
Tree[4].chan3[1].buffer[2].addr:Undefined
Tree[4].chan3[1].buffer[2].data:Undefined
Tree[4].chan3[1].buffer[2].dirty:Undefined
Tree[4].chan3[1].used:Undefined
Tree[4].chan3[2].buffer[1].opcode:Undefined
Tree[4].chan3[2].buffer[1].para:Undefined
Tree[4].chan3[2].buffer[1].addr:Undefined
Tree[4].chan3[2].buffer[1].data:Undefined
Tree[4].chan3[2].buffer[1].dirty:Undefined
Tree[4].chan3[2].buffer[2].opcode:Undefined
Tree[4].chan3[2].buffer[2].para:Undefined
Tree[4].chan3[2].buffer[2].addr:Undefined
Tree[4].chan3[2].buffer[2].data:Undefined
Tree[4].chan3[2].buffer[2].dirty:Undefined
Tree[4].chan3[2].used:Undefined
Tree[4].chan4[1].buffer[1].opcode:Undefined
Tree[4].chan4[1].buffer[1].para:Undefined
Tree[4].chan4[1].buffer[1].addr:Undefined
Tree[4].chan4[1].buffer[1].data:Undefined
Tree[4].chan4[1].buffer[1].dirty:Undefined
Tree[4].chan4[1].buffer[2].opcode:Undefined
Tree[4].chan4[1].buffer[2].para:Undefined
Tree[4].chan4[1].buffer[2].addr:Undefined
Tree[4].chan4[1].buffer[2].data:Undefined
Tree[4].chan4[1].buffer[2].dirty:Undefined
Tree[4].chan4[1].used:Undefined
Tree[4].chan4[2].buffer[1].opcode:Undefined
Tree[4].chan4[2].buffer[1].para:Undefined
Tree[4].chan4[2].buffer[1].addr:Undefined
Tree[4].chan4[2].buffer[1].data:Undefined
Tree[4].chan4[2].buffer[1].dirty:Undefined
Tree[4].chan4[2].buffer[2].opcode:Undefined
Tree[4].chan4[2].buffer[2].para:Undefined
Tree[4].chan4[2].buffer[2].addr:Undefined
Tree[4].chan4[2].buffer[2].data:Undefined
Tree[4].chan4[2].buffer[2].dirty:Undefined
Tree[4].chan4[2].used:Undefined
Tree[4].chan5[1].buffer[1].opcode:Undefined
Tree[4].chan5[1].buffer[1].addr:Undefined
Tree[4].chan5[1].buffer[1].data:Undefined
Tree[4].chan5[1].buffer[1].dirty:Undefined
Tree[4].chan5[1].buffer[2].opcode:Undefined
Tree[4].chan5[1].buffer[2].addr:Undefined
Tree[4].chan5[1].buffer[2].data:Undefined
Tree[4].chan5[1].buffer[2].dirty:Undefined
Tree[4].chan5[1].used:Undefined
Tree[4].chan5[2].buffer[1].opcode:Undefined
Tree[4].chan5[2].buffer[1].addr:Undefined
Tree[4].chan5[2].buffer[1].data:Undefined
Tree[4].chan5[2].buffer[1].dirty:Undefined
Tree[4].chan5[2].buffer[2].opcode:Undefined
Tree[4].chan5[2].buffer[2].addr:Undefined
Tree[4].chan5[2].buffer[2].data:Undefined
Tree[4].chan5[2].buffer[2].dirty:Undefined
Tree[4].chan5[2].used:Undefined
Tree[5].cache.used:0
Tree[5].cache.line[1].addr:Undefined
Tree[5].cache.line[1].state:Undefined
Tree[5].cache.line[1].data:Undefined
Tree[5].cache.line[1].dirty:Undefined
Tree[5].cache.line[2].addr:Undefined
Tree[5].cache.line[2].state:Undefined
Tree[5].cache.line[2].data:Undefined
Tree[5].cache.line[2].dirty:Undefined
Tree[5].cache.valid[1]:0
Tree[5].cache.valid[2]:0
Tree[5].sons[1]:Undefined
Tree[5].sons[2]:Undefined
Tree[5].directory[1][1]:Undefined
Tree[5].directory[1][2]:Undefined
Tree[5].directory[2][1]:Undefined
Tree[5].directory[2][2]:Undefined
Tree[5].slave_pending[1][1]:Undefined
Tree[5].slave_pending[1][2]:Undefined
Tree[5].slave_pending[2][1]:Undefined
Tree[5].slave_pending[2][2]:Undefined
Tree[5].master_pending[1]:Undefined
Tree[5].master_pending[2]:Undefined
Tree[5].reqId:Undefined
Tree[5].chan1[1].buffer[1].opcode:Undefined
Tree[5].chan1[1].buffer[1].para:Undefined
Tree[5].chan1[1].buffer[1].addr:Undefined
Tree[5].chan1[1].buffer[1].data:Undefined
Tree[5].chan1[1].buffer[1].dirty:Undefined
Tree[5].chan1[1].buffer[2].opcode:Undefined
Tree[5].chan1[1].buffer[2].para:Undefined
Tree[5].chan1[1].buffer[2].addr:Undefined
Tree[5].chan1[1].buffer[2].data:Undefined
Tree[5].chan1[1].buffer[2].dirty:Undefined
Tree[5].chan1[1].used:Undefined
Tree[5].chan1[2].buffer[1].opcode:Undefined
Tree[5].chan1[2].buffer[1].para:Undefined
Tree[5].chan1[2].buffer[1].addr:Undefined
Tree[5].chan1[2].buffer[1].data:Undefined
Tree[5].chan1[2].buffer[1].dirty:Undefined
Tree[5].chan1[2].buffer[2].opcode:Undefined
Tree[5].chan1[2].buffer[2].para:Undefined
Tree[5].chan1[2].buffer[2].addr:Undefined
Tree[5].chan1[2].buffer[2].data:Undefined
Tree[5].chan1[2].buffer[2].dirty:Undefined
Tree[5].chan1[2].used:Undefined
Tree[5].chan2[1].buffer[1].opcode:Undefined
Tree[5].chan2[1].buffer[1].para:Undefined
Tree[5].chan2[1].buffer[1].addr:Undefined
Tree[5].chan2[1].buffer[1].data:Undefined
Tree[5].chan2[1].buffer[1].dirty:Undefined
Tree[5].chan2[1].buffer[2].opcode:Undefined
Tree[5].chan2[1].buffer[2].para:Undefined
Tree[5].chan2[1].buffer[2].addr:Undefined
Tree[5].chan2[1].buffer[2].data:Undefined
Tree[5].chan2[1].buffer[2].dirty:Undefined
Tree[5].chan2[1].used:Undefined
Tree[5].chan2[2].buffer[1].opcode:Undefined
Tree[5].chan2[2].buffer[1].para:Undefined
Tree[5].chan2[2].buffer[1].addr:Undefined
Tree[5].chan2[2].buffer[1].data:Undefined
Tree[5].chan2[2].buffer[1].dirty:Undefined
Tree[5].chan2[2].buffer[2].opcode:Undefined
Tree[5].chan2[2].buffer[2].para:Undefined
Tree[5].chan2[2].buffer[2].addr:Undefined
Tree[5].chan2[2].buffer[2].data:Undefined
Tree[5].chan2[2].buffer[2].dirty:Undefined
Tree[5].chan2[2].used:Undefined
Tree[5].chan3[1].buffer[1].opcode:Undefined
Tree[5].chan3[1].buffer[1].para:Undefined
Tree[5].chan3[1].buffer[1].addr:Undefined
Tree[5].chan3[1].buffer[1].data:Undefined
Tree[5].chan3[1].buffer[1].dirty:Undefined
Tree[5].chan3[1].buffer[2].opcode:Undefined
Tree[5].chan3[1].buffer[2].para:Undefined
Tree[5].chan3[1].buffer[2].addr:Undefined
Tree[5].chan3[1].buffer[2].data:Undefined
Tree[5].chan3[1].buffer[2].dirty:Undefined
Tree[5].chan3[1].used:Undefined
Tree[5].chan3[2].buffer[1].opcode:Undefined
Tree[5].chan3[2].buffer[1].para:Undefined
Tree[5].chan3[2].buffer[1].addr:Undefined
Tree[5].chan3[2].buffer[1].data:Undefined
Tree[5].chan3[2].buffer[1].dirty:Undefined
Tree[5].chan3[2].buffer[2].opcode:Undefined
Tree[5].chan3[2].buffer[2].para:Undefined
Tree[5].chan3[2].buffer[2].addr:Undefined
Tree[5].chan3[2].buffer[2].data:Undefined
Tree[5].chan3[2].buffer[2].dirty:Undefined
Tree[5].chan3[2].used:Undefined
Tree[5].chan4[1].buffer[1].opcode:Undefined
Tree[5].chan4[1].buffer[1].para:Undefined
Tree[5].chan4[1].buffer[1].addr:Undefined
Tree[5].chan4[1].buffer[1].data:Undefined
Tree[5].chan4[1].buffer[1].dirty:Undefined
Tree[5].chan4[1].buffer[2].opcode:Undefined
Tree[5].chan4[1].buffer[2].para:Undefined
Tree[5].chan4[1].buffer[2].addr:Undefined
Tree[5].chan4[1].buffer[2].data:Undefined
Tree[5].chan4[1].buffer[2].dirty:Undefined
Tree[5].chan4[1].used:Undefined
Tree[5].chan4[2].buffer[1].opcode:Undefined
Tree[5].chan4[2].buffer[1].para:Undefined
Tree[5].chan4[2].buffer[1].addr:Undefined
Tree[5].chan4[2].buffer[1].data:Undefined
Tree[5].chan4[2].buffer[1].dirty:Undefined
Tree[5].chan4[2].buffer[2].opcode:Undefined
Tree[5].chan4[2].buffer[2].para:Undefined
Tree[5].chan4[2].buffer[2].addr:Undefined
Tree[5].chan4[2].buffer[2].data:Undefined
Tree[5].chan4[2].buffer[2].dirty:Undefined
Tree[5].chan4[2].used:Undefined
Tree[5].chan5[1].buffer[1].opcode:Undefined
Tree[5].chan5[1].buffer[1].addr:Undefined
Tree[5].chan5[1].buffer[1].data:Undefined
Tree[5].chan5[1].buffer[1].dirty:Undefined
Tree[5].chan5[1].buffer[2].opcode:Undefined
Tree[5].chan5[1].buffer[2].addr:Undefined
Tree[5].chan5[1].buffer[2].data:Undefined
Tree[5].chan5[1].buffer[2].dirty:Undefined
Tree[5].chan5[1].used:Undefined
Tree[5].chan5[2].buffer[1].opcode:Undefined
Tree[5].chan5[2].buffer[1].addr:Undefined
Tree[5].chan5[2].buffer[1].data:Undefined
Tree[5].chan5[2].buffer[1].dirty:Undefined
Tree[5].chan5[2].buffer[2].opcode:Undefined
Tree[5].chan5[2].buffer[2].addr:Undefined
Tree[5].chan5[2].buffer[2].data:Undefined
Tree[5].chan5[2].buffer[2].dirty:Undefined
Tree[5].chan5[2].used:Undefined
Tree[6].cache.used:0
Tree[6].cache.line[1].addr:Undefined
Tree[6].cache.line[1].state:Undefined
Tree[6].cache.line[1].data:Undefined
Tree[6].cache.line[1].dirty:Undefined
Tree[6].cache.line[2].addr:Undefined
Tree[6].cache.line[2].state:Undefined
Tree[6].cache.line[2].data:Undefined
Tree[6].cache.line[2].dirty:Undefined
Tree[6].cache.valid[1]:0
Tree[6].cache.valid[2]:0
Tree[6].sons[1]:Undefined
Tree[6].sons[2]:Undefined
Tree[6].directory[1][1]:Undefined
Tree[6].directory[1][2]:Undefined
Tree[6].directory[2][1]:Undefined
Tree[6].directory[2][2]:Undefined
Tree[6].slave_pending[1][1]:Undefined
Tree[6].slave_pending[1][2]:Undefined
Tree[6].slave_pending[2][1]:Undefined
Tree[6].slave_pending[2][2]:Undefined
Tree[6].master_pending[1]:Undefined
Tree[6].master_pending[2]:Undefined
Tree[6].reqId:Undefined
Tree[6].chan1[1].buffer[1].opcode:Undefined
Tree[6].chan1[1].buffer[1].para:Undefined
Tree[6].chan1[1].buffer[1].addr:Undefined
Tree[6].chan1[1].buffer[1].data:Undefined
Tree[6].chan1[1].buffer[1].dirty:Undefined
Tree[6].chan1[1].buffer[2].opcode:Undefined
Tree[6].chan1[1].buffer[2].para:Undefined
Tree[6].chan1[1].buffer[2].addr:Undefined
Tree[6].chan1[1].buffer[2].data:Undefined
Tree[6].chan1[1].buffer[2].dirty:Undefined
Tree[6].chan1[1].used:Undefined
Tree[6].chan1[2].buffer[1].opcode:Undefined
Tree[6].chan1[2].buffer[1].para:Undefined
Tree[6].chan1[2].buffer[1].addr:Undefined
Tree[6].chan1[2].buffer[1].data:Undefined
Tree[6].chan1[2].buffer[1].dirty:Undefined
Tree[6].chan1[2].buffer[2].opcode:Undefined
Tree[6].chan1[2].buffer[2].para:Undefined
Tree[6].chan1[2].buffer[2].addr:Undefined
Tree[6].chan1[2].buffer[2].data:Undefined
Tree[6].chan1[2].buffer[2].dirty:Undefined
Tree[6].chan1[2].used:Undefined
Tree[6].chan2[1].buffer[1].opcode:Undefined
Tree[6].chan2[1].buffer[1].para:Undefined
Tree[6].chan2[1].buffer[1].addr:Undefined
Tree[6].chan2[1].buffer[1].data:Undefined
Tree[6].chan2[1].buffer[1].dirty:Undefined
Tree[6].chan2[1].buffer[2].opcode:Undefined
Tree[6].chan2[1].buffer[2].para:Undefined
Tree[6].chan2[1].buffer[2].addr:Undefined
Tree[6].chan2[1].buffer[2].data:Undefined
Tree[6].chan2[1].buffer[2].dirty:Undefined
Tree[6].chan2[1].used:Undefined
Tree[6].chan2[2].buffer[1].opcode:Undefined
Tree[6].chan2[2].buffer[1].para:Undefined
Tree[6].chan2[2].buffer[1].addr:Undefined
Tree[6].chan2[2].buffer[1].data:Undefined
Tree[6].chan2[2].buffer[1].dirty:Undefined
Tree[6].chan2[2].buffer[2].opcode:Undefined
Tree[6].chan2[2].buffer[2].para:Undefined
Tree[6].chan2[2].buffer[2].addr:Undefined
Tree[6].chan2[2].buffer[2].data:Undefined
Tree[6].chan2[2].buffer[2].dirty:Undefined
Tree[6].chan2[2].used:Undefined
Tree[6].chan3[1].buffer[1].opcode:Undefined
Tree[6].chan3[1].buffer[1].para:Undefined
Tree[6].chan3[1].buffer[1].addr:Undefined
Tree[6].chan3[1].buffer[1].data:Undefined
Tree[6].chan3[1].buffer[1].dirty:Undefined
Tree[6].chan3[1].buffer[2].opcode:Undefined
Tree[6].chan3[1].buffer[2].para:Undefined
Tree[6].chan3[1].buffer[2].addr:Undefined
Tree[6].chan3[1].buffer[2].data:Undefined
Tree[6].chan3[1].buffer[2].dirty:Undefined
Tree[6].chan3[1].used:Undefined
Tree[6].chan3[2].buffer[1].opcode:Undefined
Tree[6].chan3[2].buffer[1].para:Undefined
Tree[6].chan3[2].buffer[1].addr:Undefined
Tree[6].chan3[2].buffer[1].data:Undefined
Tree[6].chan3[2].buffer[1].dirty:Undefined
Tree[6].chan3[2].buffer[2].opcode:Undefined
Tree[6].chan3[2].buffer[2].para:Undefined
Tree[6].chan3[2].buffer[2].addr:Undefined
Tree[6].chan3[2].buffer[2].data:Undefined
Tree[6].chan3[2].buffer[2].dirty:Undefined
Tree[6].chan3[2].used:Undefined
Tree[6].chan4[1].buffer[1].opcode:Undefined
Tree[6].chan4[1].buffer[1].para:Undefined
Tree[6].chan4[1].buffer[1].addr:Undefined
Tree[6].chan4[1].buffer[1].data:Undefined
Tree[6].chan4[1].buffer[1].dirty:Undefined
Tree[6].chan4[1].buffer[2].opcode:Undefined
Tree[6].chan4[1].buffer[2].para:Undefined
Tree[6].chan4[1].buffer[2].addr:Undefined
Tree[6].chan4[1].buffer[2].data:Undefined
Tree[6].chan4[1].buffer[2].dirty:Undefined
Tree[6].chan4[1].used:Undefined
Tree[6].chan4[2].buffer[1].opcode:Undefined
Tree[6].chan4[2].buffer[1].para:Undefined
Tree[6].chan4[2].buffer[1].addr:Undefined
Tree[6].chan4[2].buffer[1].data:Undefined
Tree[6].chan4[2].buffer[1].dirty:Undefined
Tree[6].chan4[2].buffer[2].opcode:Undefined
Tree[6].chan4[2].buffer[2].para:Undefined
Tree[6].chan4[2].buffer[2].addr:Undefined
Tree[6].chan4[2].buffer[2].data:Undefined
Tree[6].chan4[2].buffer[2].dirty:Undefined
Tree[6].chan4[2].used:Undefined
Tree[6].chan5[1].buffer[1].opcode:Undefined
Tree[6].chan5[1].buffer[1].addr:Undefined
Tree[6].chan5[1].buffer[1].data:Undefined
Tree[6].chan5[1].buffer[1].dirty:Undefined
Tree[6].chan5[1].buffer[2].opcode:Undefined
Tree[6].chan5[1].buffer[2].addr:Undefined
Tree[6].chan5[1].buffer[2].data:Undefined
Tree[6].chan5[1].buffer[2].dirty:Undefined
Tree[6].chan5[1].used:Undefined
Tree[6].chan5[2].buffer[1].opcode:Undefined
Tree[6].chan5[2].buffer[1].addr:Undefined
Tree[6].chan5[2].buffer[1].data:Undefined
Tree[6].chan5[2].buffer[1].dirty:Undefined
Tree[6].chan5[2].buffer[2].opcode:Undefined
Tree[6].chan5[2].buffer[2].addr:Undefined
Tree[6].chan5[2].buffer[2].data:Undefined
Tree[6].chan5[2].buffer[2].dirty:Undefined
Tree[6].chan5[2].used:Undefined
Tree[7].cache.used:0
Tree[7].cache.line[1].addr:Undefined
Tree[7].cache.line[1].state:Undefined
Tree[7].cache.line[1].data:Undefined
Tree[7].cache.line[1].dirty:Undefined
Tree[7].cache.line[2].addr:Undefined
Tree[7].cache.line[2].state:Undefined
Tree[7].cache.line[2].data:Undefined
Tree[7].cache.line[2].dirty:Undefined
Tree[7].cache.valid[1]:0
Tree[7].cache.valid[2]:0
Tree[7].sons[1]:Undefined
Tree[7].sons[2]:Undefined
Tree[7].directory[1][1]:Undefined
Tree[7].directory[1][2]:Undefined
Tree[7].directory[2][1]:Undefined
Tree[7].directory[2][2]:Undefined
Tree[7].slave_pending[1][1]:Undefined
Tree[7].slave_pending[1][2]:Undefined
Tree[7].slave_pending[2][1]:Undefined
Tree[7].slave_pending[2][2]:Undefined
Tree[7].master_pending[1]:Undefined
Tree[7].master_pending[2]:Undefined
Tree[7].reqId:Undefined
Tree[7].chan1[1].buffer[1].opcode:Undefined
Tree[7].chan1[1].buffer[1].para:Undefined
Tree[7].chan1[1].buffer[1].addr:Undefined
Tree[7].chan1[1].buffer[1].data:Undefined
Tree[7].chan1[1].buffer[1].dirty:Undefined
Tree[7].chan1[1].buffer[2].opcode:Undefined
Tree[7].chan1[1].buffer[2].para:Undefined
Tree[7].chan1[1].buffer[2].addr:Undefined
Tree[7].chan1[1].buffer[2].data:Undefined
Tree[7].chan1[1].buffer[2].dirty:Undefined
Tree[7].chan1[1].used:Undefined
Tree[7].chan1[2].buffer[1].opcode:Undefined
Tree[7].chan1[2].buffer[1].para:Undefined
Tree[7].chan1[2].buffer[1].addr:Undefined
Tree[7].chan1[2].buffer[1].data:Undefined
Tree[7].chan1[2].buffer[1].dirty:Undefined
Tree[7].chan1[2].buffer[2].opcode:Undefined
Tree[7].chan1[2].buffer[2].para:Undefined
Tree[7].chan1[2].buffer[2].addr:Undefined
Tree[7].chan1[2].buffer[2].data:Undefined
Tree[7].chan1[2].buffer[2].dirty:Undefined
Tree[7].chan1[2].used:Undefined
Tree[7].chan2[1].buffer[1].opcode:Undefined
Tree[7].chan2[1].buffer[1].para:Undefined
Tree[7].chan2[1].buffer[1].addr:Undefined
Tree[7].chan2[1].buffer[1].data:Undefined
Tree[7].chan2[1].buffer[1].dirty:Undefined
Tree[7].chan2[1].buffer[2].opcode:Undefined
Tree[7].chan2[1].buffer[2].para:Undefined
Tree[7].chan2[1].buffer[2].addr:Undefined
Tree[7].chan2[1].buffer[2].data:Undefined
Tree[7].chan2[1].buffer[2].dirty:Undefined
Tree[7].chan2[1].used:Undefined
Tree[7].chan2[2].buffer[1].opcode:Undefined
Tree[7].chan2[2].buffer[1].para:Undefined
Tree[7].chan2[2].buffer[1].addr:Undefined
Tree[7].chan2[2].buffer[1].data:Undefined
Tree[7].chan2[2].buffer[1].dirty:Undefined
Tree[7].chan2[2].buffer[2].opcode:Undefined
Tree[7].chan2[2].buffer[2].para:Undefined
Tree[7].chan2[2].buffer[2].addr:Undefined
Tree[7].chan2[2].buffer[2].data:Undefined
Tree[7].chan2[2].buffer[2].dirty:Undefined
Tree[7].chan2[2].used:Undefined
Tree[7].chan3[1].buffer[1].opcode:Undefined
Tree[7].chan3[1].buffer[1].para:Undefined
Tree[7].chan3[1].buffer[1].addr:Undefined
Tree[7].chan3[1].buffer[1].data:Undefined
Tree[7].chan3[1].buffer[1].dirty:Undefined
Tree[7].chan3[1].buffer[2].opcode:Undefined
Tree[7].chan3[1].buffer[2].para:Undefined
Tree[7].chan3[1].buffer[2].addr:Undefined
Tree[7].chan3[1].buffer[2].data:Undefined
Tree[7].chan3[1].buffer[2].dirty:Undefined
Tree[7].chan3[1].used:Undefined
Tree[7].chan3[2].buffer[1].opcode:Undefined
Tree[7].chan3[2].buffer[1].para:Undefined
Tree[7].chan3[2].buffer[1].addr:Undefined
Tree[7].chan3[2].buffer[1].data:Undefined
Tree[7].chan3[2].buffer[1].dirty:Undefined
Tree[7].chan3[2].buffer[2].opcode:Undefined
Tree[7].chan3[2].buffer[2].para:Undefined
Tree[7].chan3[2].buffer[2].addr:Undefined
Tree[7].chan3[2].buffer[2].data:Undefined
Tree[7].chan3[2].buffer[2].dirty:Undefined
Tree[7].chan3[2].used:Undefined
Tree[7].chan4[1].buffer[1].opcode:Undefined
Tree[7].chan4[1].buffer[1].para:Undefined
Tree[7].chan4[1].buffer[1].addr:Undefined
Tree[7].chan4[1].buffer[1].data:Undefined
Tree[7].chan4[1].buffer[1].dirty:Undefined
Tree[7].chan4[1].buffer[2].opcode:Undefined
Tree[7].chan4[1].buffer[2].para:Undefined
Tree[7].chan4[1].buffer[2].addr:Undefined
Tree[7].chan4[1].buffer[2].data:Undefined
Tree[7].chan4[1].buffer[2].dirty:Undefined
Tree[7].chan4[1].used:Undefined
Tree[7].chan4[2].buffer[1].opcode:Undefined
Tree[7].chan4[2].buffer[1].para:Undefined
Tree[7].chan4[2].buffer[1].addr:Undefined
Tree[7].chan4[2].buffer[1].data:Undefined
Tree[7].chan4[2].buffer[1].dirty:Undefined
Tree[7].chan4[2].buffer[2].opcode:Undefined
Tree[7].chan4[2].buffer[2].para:Undefined
Tree[7].chan4[2].buffer[2].addr:Undefined
Tree[7].chan4[2].buffer[2].data:Undefined
Tree[7].chan4[2].buffer[2].dirty:Undefined
Tree[7].chan4[2].used:Undefined
Tree[7].chan5[1].buffer[1].opcode:Undefined
Tree[7].chan5[1].buffer[1].addr:Undefined
Tree[7].chan5[1].buffer[1].data:Undefined
Tree[7].chan5[1].buffer[1].dirty:Undefined
Tree[7].chan5[1].buffer[2].opcode:Undefined
Tree[7].chan5[1].buffer[2].addr:Undefined
Tree[7].chan5[1].buffer[2].data:Undefined
Tree[7].chan5[1].buffer[2].dirty:Undefined
Tree[7].chan5[1].used:Undefined
Tree[7].chan5[2].buffer[1].opcode:Undefined
Tree[7].chan5[2].buffer[1].addr:Undefined
Tree[7].chan5[2].buffer[1].data:Undefined
Tree[7].chan5[2].buffer[1].dirty:Undefined
Tree[7].chan5[2].buffer[2].opcode:Undefined
Tree[7].chan5[2].buffer[2].addr:Undefined
Tree[7].chan5[2].buffer[2].data:Undefined
Tree[7].chan5[2].buffer[2].dirty:Undefined
Tree[7].chan5[2].used:Undefined
memData[1]:dataType_2
memData[2]:dataType_2
auxData[1]:dataType_2
auxData[2]:dataType_2

===== Startstates generated! =====

Progress Report:

	100000 states explored in 10.19s, with 170061 rules fired and 79727 states in the queue.
	200000 states explored in 14.85s, with 414972 rules fired and 151094 states in the queue.
	300000 states explored in 21.52s, with 767858 rules fired and 210264 states in the queue.
	400000 states explored in 25.11s, with 949167 rules fired and 285315 states in the queue.
	500000 states explored in 28.56s, with 1126011 rules fired and 362761 states in the queue.
	600000 states explored in 35.75s, with 1504021 rules fired and 417635 states in the queue.
	700000 states explored in 44.34s, with 1969095 rules fired and 465941 states in the queue.
	800000 states explored in 50.41s, with 2304885 rules fired and 530074 states in the queue.
	900000 states explored in 56.36s, with 2633842 rules fired and 595774 states in the queue.
	1000000 states explored in 61.90s, with 2941988 rules fired and 665156 states in the queue.
	1100000 states explored in 66.69s, with 3206510 rules fired and 738644 states in the queue.
	1200000 states explored in 70.51s, with 3416426 rules fired and 817948 states in the queue.
	1300000 states explored in 74.87s, with 3657314 rules fired and 894797 states in the queue.
	1400000 states explored in 79.27s, with 3900396 rules fired and 971361 states in the queue.
	1500000 states explored in 86.97s, with 4330006 rules fired and 1029890 states in the queue.
	1600000 states explored in 90.59s, with 4528297 rules fired and 1110952 states in the queue.
	1700000 states explored in 94.15s, with 4725453 rules fired and 1193133 states in the queue.
	1800000 states explored in 97.60s, with 4916000 rules fired and 1275723 states in the queue.
	1900000 states explored in 102.28s, with 5175023 rules fired and 1351875 states in the queue.
	2000000 states explored in 107.92s, with 5489238 rules fired and 1422816 states in the queue.
	2100000 states explored in 115.81s, with 5930652 rules fired and 1482264 states in the queue.
	2200000 states explored in 124.73s, with 6432756 rules fired and 1537674 states in the queue.
	2300000 states explored in 128.64s, with 6648165 rules fired and 1618492 states in the queue.
	2400000 states explored in 132.51s, with 6861165 rules fired and 1698854 states in the queue.
	2500000 states explored in 137.41s, with 7134443 rules fired and 1774091 states in the queue.
	2600000 states explored in 141.38s, with 7354293 rules fired and 1853846 states in the queue.
	2700000 states explored in 144.77s, with 7542431 rules fired and 1936772 states in the queue.
	2800000 states explored in 148.42s, with 7744567 rules fired and 2017836 states in the queue.
	2900000 states explored in 152.05s, with 7947398 rules fired and 2099803 states in the queue.
	3000000 states explored in 155.82s, with 8156903 rules fired and 2180979 states in the queue.

Error:

	Internal Error: Too many active states.



