This program should be regarded as a DEBUGGING aid, not as a 
certifier of correctness.
Call with the -l flag or read the license file for terms
and conditions of use.
Run this program with "-h" for the list of options.

Bugs, questions, and comments should be directed to
"melatti@di.uniroma1.it".

CMurphi compiler last modified date: Oct  9 2023
Include files last modified date:    Jul 23 2021
==========================================================================

==========================================================================
Caching Murphi Release 5.5.0
Finite-state Concurrent System Verifier.

Caching Murphi Release 5.5.0 is based on various versions of Murphi.
Caching Murphi Release 5.5.0 :
Copyright (C) 2009-2012 by Sapienza University of Rome.
Murphi release 3.1 :
Copyright (C) 1992 - 1999 by the Board of Trustees of
Leland Stanford Junior University.

==========================================================================

Protocol: ./models/TL-C_NonIn_S_nodata

Algorithm:
	Verification by depth first search.
	with symmetry algorithm 3 -- Heuristic Small Memory Normalization
	with permutation trial limit 10.

Memory usage:

	* The size of each state is 1456 bits (rounded up to 184 bytes).
	* The memory allocated for the hash table and state queue is
	  10485 Mbytes.
	  With two words of overhead per state, the maximum size of
	  the state space is 54386729 states.
	   * Use option "-k" or "-m" to increase this, if necessary.
	* Capacity in queue for depth-first search: 5438672 states.
	   * Change the constant gPercentActiveStates in mu_prolog.inc
	     to increase this, if necessary.

Warning: No trace will not be printed in the case of protocol errors!
         Check the options if you want to have error traces.

Progress Report:

	10000 states explored in 2.59s, with 17029 rules fired and 9283 states in the queue.
	20000 states explored in 2.64s, with 36403 rules fired and 18007 states in the queue.
	30000 states explored in 2.70s, with 56747 rules fired and 26633 states in the queue.
	40000 states explored in 2.77s, with 78970 rules fired and 34811 states in the queue.
	50000 states explored in 2.84s, with 102278 rules fired and 42641 states in the queue.
	60000 states explored in 2.91s, with 125688 rules fired and 50536 states in the queue.
	70000 states explored in 2.97s, with 149297 rules fired and 58390 states in the queue.
	80000 states explored in 3.05s, with 176969 rules fired and 64969 states in the queue.
	90000 states explored in 3.12s, with 202200 rules fired and 72431 states in the queue.
	100000 states explored in 3.20s, with 229569 rules fired and 79334 states in the queue.
	110000 states explored in 3.28s, with 257119 rules fired and 86227 states in the queue.
	120000 states explored in 3.35s, with 286406 rules fired and 93075 states in the queue.
	130000 states explored in 3.43s, with 314420 rules fired and 100063 states in the queue.
	140000 states explored in 3.51s, with 342949 rules fired and 106628 states in the queue.
	150000 states explored in 3.59s, with 371121 rules fired and 113448 states in the queue.
	160000 states explored in 3.68s, with 400146 rules fired and 119927 states in the queue.
	170000 states explored in 3.78s, with 432366 rules fired and 125803 states in the queue.
	180000 states explored in 3.86s, with 460031 rules fired and 133024 states in the queue.
	190000 states explored in 3.94s, with 492752 rules fired and 139068 states in the queue.
	200000 states explored in 4.02s, with 522848 rules fired and 145551 states in the queue.
	210000 states explored in 4.11s, with 555716 rules fired and 151014 states in the queue.
	220000 states explored in 4.21s, with 593394 rules fired and 155763 states in the queue.
	230000 states explored in 4.30s, with 625582 rules fired and 161427 states in the queue.
	240000 states explored in 4.39s, with 660126 rules fired and 166706 states in the queue.
	250000 states explored in 4.47s, with 691208 rules fired and 173205 states in the queue.
	260000 states explored in 4.55s, with 725159 rules fired and 179152 states in the queue.
	270000 states explored in 4.64s, with 759883 rules fired and 184864 states in the queue.
	280000 states explored in 4.73s, with 792641 rules fired and 190938 states in the queue.
	290000 states explored in 4.81s, with 826297 rules fired and 196656 states in the queue.
	300000 states explored in 4.89s, with 858959 rules fired and 202873 states in the queue.
	310000 states explored in 4.98s, with 893400 rules fired and 208229 states in the queue.
	320000 states explored in 5.09s, with 934124 rules fired and 211593 states in the queue.
	330000 states explored in 5.18s, with 967264 rules fired and 217658 states in the queue.
	340000 states explored in 5.26s, with 997256 rules fired and 224487 states in the queue.
	350000 states explored in 5.35s, with 1033099 rules fired and 229442 states in the queue.
	360000 states explored in 5.43s, with 1064906 rules fired and 235788 states in the queue.
	370000 states explored in 5.52s, with 1099563 rules fired and 241414 states in the queue.
	380000 states explored in 5.61s, with 1135580 rules fired and 246845 states in the queue.
	390000 states explored in 5.70s, with 1169369 rules fired and 252451 states in the queue.
	400000 states explored in 5.81s, with 1212914 rules fired and 255756 states in the queue.
	410000 states explored in 5.91s, with 1254804 rules fired and 259755 states in the queue.
	420000 states explored in 6.00s, with 1290115 rules fired and 265573 states in the queue.
	430000 states explored in 6.10s, with 1328459 rules fired and 270088 states in the queue.
	440000 states explored in 6.19s, with 1367734 rules fired and 275177 states in the queue.
	450000 states explored in 6.29s, with 1405288 rules fired and 279887 states in the queue.
	460000 states explored in 6.38s, with 1439301 rules fired and 285502 states in the queue.
	470000 states explored in 6.47s, with 1475563 rules fired and 290822 states in the queue.
	480000 states explored in 6.57s, with 1514417 rules fired and 295263 states in the queue.
	490000 states explored in 6.65s, with 1547836 rules fired and 301734 states in the queue.
	500000 states explored in 6.75s, with 1591295 rules fired and 305699 states in the queue.
	510000 states explored in 6.85s, with 1629675 rules fired and 310476 states in the queue.
	520000 states explored in 6.94s, with 1665024 rules fired and 315950 states in the queue.
	530000 states explored in 7.03s, with 1701193 rules fired and 321254 states in the queue.
	540000 states explored in 7.13s, with 1742469 rules fired and 325671 states in the queue.
	550000 states explored in 7.23s, with 1782768 rules fired and 330370 states in the queue.
	560000 states explored in 7.32s, with 1818694 rules fired and 335771 states in the queue.
	570000 states explored in 7.42s, with 1858574 rules fired and 340101 states in the queue.
	580000 states explored in 7.52s, with 1898188 rules fired and 344282 states in the queue.
	590000 states explored in 7.60s, with 1931428 rules fired and 350184 states in the queue.
	600000 states explored in 7.69s, with 1967216 rules fired and 355759 states in the queue.
	610000 states explored in 7.80s, with 2008863 rules fired and 360007 states in the queue.
	620000 states explored in 7.89s, with 2044588 rules fired and 365255 states in the queue.
	630000 states explored in 7.97s, with 2080193 rules fired and 371093 states in the queue.
	640000 states explored in 8.07s, with 2119916 rules fired and 375801 states in the queue.
	650000 states explored in 8.16s, with 2158729 rules fired and 381024 states in the queue.
	660000 states explored in 8.26s, with 2198458 rules fired and 385510 states in the queue.
	670000 states explored in 8.37s, with 2238564 rules fired and 389727 states in the queue.
	680000 states explored in 8.47s, with 2281480 rules fired and 394206 states in the queue.
	690000 states explored in 8.57s, with 2324100 rules fired and 398388 states in the queue.
	700000 states explored in 8.67s, with 2362161 rules fired and 403431 states in the queue.
	710000 states explored in 8.77s, with 2401532 rules fired and 408296 states in the queue.
	720000 states explored in 8.87s, with 2444369 rules fired and 412843 states in the queue.
	730000 states explored in 8.97s, with 2488274 rules fired and 416919 states in the queue.
	740000 states explored in 9.07s, with 2527198 rules fired and 422111 states in the queue.
	750000 states explored in 9.18s, with 2575915 rules fired and 425522 states in the queue.
	760000 states explored in 9.30s, with 2632786 rules fired and 427500 states in the queue.
	770000 states explored in 9.40s, with 2672828 rules fired and 431828 states in the queue.
	780000 states explored in 9.50s, with 2713515 rules fired and 435897 states in the queue.
	790000 states explored in 9.60s, with 2753438 rules fired and 440441 states in the queue.
	800000 states explored in 9.70s, with 2792588 rules fired and 445264 states in the queue.
	810000 states explored in 9.81s, with 2837897 rules fired and 449039 states in the queue.
	820000 states explored in 9.93s, with 2896676 rules fired and 450784 states in the queue.
	830000 states explored in 10.04s, with 2941366 rules fired and 454998 states in the queue.
	840000 states explored in 10.12s, with 2971687 rules fired and 461691 states in the queue.
	850000 states explored in 10.21s, with 3008776 rules fired and 467085 states in the queue.
	860000 states explored in 10.31s, with 3053349 rules fired and 471172 states in the queue.
	870000 states explored in 10.42s, with 3096662 rules fired and 475340 states in the queue.
	880000 states explored in 10.52s, with 3137079 rules fired and 480078 states in the queue.
	890000 states explored in 10.61s, with 3176300 rules fired and 484973 states in the queue.
	900000 states explored in 10.72s, with 3218998 rules fired and 488891 states in the queue.
	910000 states explored in 10.83s, with 3263852 rules fired and 492811 states in the queue.
	920000 states explored in 10.92s, with 3300442 rules fired and 498422 states in the queue.
	930000 states explored in 11.01s, with 3336615 rules fired and 503498 states in the queue.
	940000 states explored in 11.11s, with 3381565 rules fired and 507910 states in the queue.
	950000 states explored in 11.24s, with 3432121 rules fired and 510337 states in the queue.
	960000 states explored in 11.34s, with 3476383 rules fired and 514344 states in the queue.
	970000 states explored in 11.46s, with 3521501 rules fired and 517517 states in the queue.
	980000 states explored in 11.56s, with 3564067 rules fired and 521896 states in the queue.
	990000 states explored in 11.66s, with 3604816 rules fired and 526285 states in the queue.
	1000000 states explored in 11.79s, with 3664700 rules fired and 527948 states in the queue.
	1010000 states explored in 11.91s, with 3720352 rules fired and 530351 states in the queue.
	1020000 states explored in 12.03s, with 3777938 rules fired and 531963 states in the queue.
	1030000 states explored in 12.12s, with 3813587 rules fired and 537689 states in the queue.
	1040000 states explored in 12.25s, with 3869150 rules fired and 540137 states in the queue.
	1050000 states explored in 12.37s, with 3923317 rules fired and 541402 states in the queue.
	1060000 states explored in 12.49s, with 3969865 rules fired and 544037 states in the queue.
	1070000 states explored in 12.61s, with 4021411 rules fired and 546701 states in the queue.
	1080000 states explored in 12.71s, with 4061969 rules fired and 550777 states in the queue.
	1090000 states explored in 12.82s, with 4106642 rules fired and 554574 states in the queue.
	1100000 states explored in 12.93s, with 4147242 rules fired and 558649 states in the queue.
	1110000 states explored in 13.05s, with 4200748 rules fired and 560398 states in the queue.
	1120000 states explored in 13.16s, with 4245831 rules fired and 563653 states in the queue.
	1130000 states explored in 13.26s, with 4285074 rules fired and 568449 states in the queue.
	1140000 states explored in 13.37s, with 4336271 rules fired and 571553 states in the queue.
	1150000 states explored in 13.46s, with 4377303 rules fired and 576395 states in the queue.
	1160000 states explored in 13.57s, with 4419966 rules fired and 580317 states in the queue.
	1170000 states explored in 13.68s, with 4466417 rules fired and 583196 states in the queue.
	1180000 states explored in 13.79s, with 4508779 rules fired and 586798 states in the queue.
	1190000 states explored in 13.90s, with 4553621 rules fired and 590223 states in the queue.
	1200000 states explored in 14.00s, with 4595030 rules fired and 594924 states in the queue.
	1210000 states explored in 14.10s, with 4644535 rules fired and 598642 states in the queue.
	1220000 states explored in 14.20s, with 4684854 rules fired and 603421 states in the queue.
	1230000 states explored in 14.32s, with 4735490 rules fired and 606290 states in the queue.
	1240000 states explored in 14.43s, with 4782632 rules fired and 609180 states in the queue.
	1250000 states explored in 14.53s, with 4823944 rules fired and 613658 states in the queue.
	1260000 states explored in 14.64s, with 4867257 rules fired and 617566 states in the queue.
	1270000 states explored in 14.75s, with 4913144 rules fired and 621192 states in the queue.
	1280000 states explored in 14.85s, with 4957090 rules fired and 625016 states in the queue.
	1290000 states explored in 14.97s, with 5006783 rules fired and 628204 states in the queue.
	1300000 states explored in 15.07s, with 5048979 rules fired and 632614 states in the queue.
	1310000 states explored in 15.17s, with 5090436 rules fired and 637138 states in the queue.
	1320000 states explored in 15.29s, with 5138208 rules fired and 639910 states in the queue.
	1330000 states explored in 15.39s, with 5181164 rules fired and 644315 states in the queue.
	1340000 states explored in 15.49s, with 5222008 rules fired and 648735 states in the queue.
	1350000 states explored in 15.61s, with 5270618 rules fired and 651401 states in the queue.
	1360000 states explored in 15.71s, with 5312187 rules fired and 655694 states in the queue.
	1370000 states explored in 15.80s, with 5349589 rules fired and 661498 states in the queue.
	1380000 states explored in 15.92s, with 5403470 rules fired and 664239 states in the queue.
	1390000 states explored in 16.02s, with 5448393 rules fired and 668138 states in the queue.
	1400000 states explored in 16.14s, with 5500197 rules fired and 670775 states in the queue.
	1410000 states explored in 16.25s, with 5547730 rules fired and 674208 states in the queue.
	1420000 states explored in 16.36s, with 5594251 rules fired and 677572 states in the queue.
	1430000 states explored in 16.47s, with 5644622 rules fired and 680621 states in the queue.
	1440000 states explored in 16.57s, with 5687412 rules fired and 684686 states in the queue.
	1450000 states explored in 16.70s, with 5747005 rules fired and 686309 states in the queue.
	1460000 states explored in 16.81s, with 5801705 rules fired and 688729 states in the queue.
	1470000 states explored in 16.92s, with 5847867 rules fired and 691901 states in the queue.
	1480000 states explored in 17.03s, with 5895868 rules fired and 695693 states in the queue.
	1490000 states explored in 17.14s, with 5945314 rules fired and 699408 states in the queue.
	1500000 states explored in 17.25s, with 5994779 rules fired and 702833 states in the queue.
	1510000 states explored in 17.39s, with 6060415 rules fired and 703764 states in the queue.
	1520000 states explored in 17.49s, with 6101528 rules fired and 707922 states in the queue.
	1530000 states explored in 17.58s, with 6139930 rules fired and 713002 states in the queue.
	1540000 states explored in 17.70s, with 6194543 rules fired and 715567 states in the queue.
	1550000 states explored in 17.80s, with 6239199 rules fired and 719828 states in the queue.
	1560000 states explored in 17.92s, with 6286209 rules fired and 722374 states in the queue.
	1570000 states explored in 18.03s, with 6330284 rules fired and 726111 states in the queue.
	1580000 states explored in 18.13s, with 6372359 rules fired and 730478 states in the queue.
	1590000 states explored in 18.24s, with 6416691 rules fired and 733516 states in the queue.
	1600000 states explored in 18.35s, with 6462504 rules fired and 737680 states in the queue.
	1610000 states explored in 18.47s, with 6508709 rules fired and 741033 states in the queue.
	1620000 states explored in 18.57s, with 6551801 rules fired and 744868 states in the queue.
	1630000 states explored in 18.68s, with 6598083 rules fired and 748862 states in the queue.
	1640000 states explored in 18.79s, with 6644892 rules fired and 752136 states in the queue.
	1650000 states explored in 18.90s, with 6692157 rules fired and 755938 states in the queue.
	1660000 states explored in 19.02s, with 6743615 rules fired and 758611 states in the queue.
	1670000 states explored in 19.13s, with 6792700 rules fired and 762299 states in the queue.
	1680000 states explored in 19.23s, with 6832275 rules fired and 767297 states in the queue.
	1690000 states explored in 19.33s, with 6874455 rules fired and 771749 states in the queue.
	1700000 states explored in 19.45s, with 6923271 rules fired and 774232 states in the queue.
	1710000 states explored in 19.55s, with 6963692 rules fired and 778897 states in the queue.
	1720000 states explored in 19.67s, with 7013153 rules fired and 781544 states in the queue.
	1730000 states explored in 19.79s, with 7061528 rules fired and 784541 states in the queue.
	1740000 states explored in 19.90s, with 7105887 rules fired and 788264 states in the queue.
	1750000 states explored in 19.99s, with 7144300 rules fired and 793212 states in the queue.
	1760000 states explored in 20.10s, with 7187243 rules fired and 797339 states in the queue.
	1770000 states explored in 20.21s, with 7233123 rules fired and 800590 states in the queue.
	1780000 states explored in 20.33s, with 7281746 rules fired and 803550 states in the queue.
	1790000 states explored in 20.44s, with 7324634 rules fired and 807051 states in the queue.
	1800000 states explored in 20.55s, with 7370507 rules fired and 810232 states in the queue.
	1810000 states explored in 20.66s, with 7413931 rules fired and 814123 states in the queue.
	1820000 states explored in 20.76s, with 7457472 rules fired and 818010 states in the queue.
	1830000 states explored in 20.87s, with 7502691 rules fired and 821565 states in the queue.
	1840000 states explored in 20.97s, with 7542195 rules fired and 826594 states in the queue.
	1850000 states explored in 21.07s, with 7582189 rules fired and 831558 states in the queue.
	1860000 states explored in 21.18s, with 7631841 rules fired and 834824 states in the queue.
	1870000 states explored in 21.30s, with 7678407 rules fired and 838375 states in the queue.
	1880000 states explored in 21.40s, with 7724161 rules fired and 842898 states in the queue.
	1890000 states explored in 21.50s, with 7765069 rules fired and 847436 states in the queue.
	1900000 states explored in 21.61s, with 7810346 rules fired and 850923 states in the queue.
	1910000 states explored in 21.73s, with 7862205 rules fired and 853439 states in the queue.
	1920000 states explored in 21.84s, with 7905901 rules fired and 857228 states in the queue.
	1930000 states explored in 21.96s, with 7954958 rules fired and 860460 states in the queue.
	1940000 states explored in 22.08s, with 8005556 rules fired and 863287 states in the queue.
	1950000 states explored in 22.19s, with 8058168 rules fired and 866240 states in the queue.
	1960000 states explored in 22.32s, with 8111457 rules fired and 868614 states in the queue.
	1970000 states explored in 22.43s, with 8161330 rules fired and 871827 states in the queue.
	1980000 states explored in 22.56s, with 8214491 rules fired and 874396 states in the queue.
	1990000 states explored in 22.66s, with 8260448 rules fired and 878213 states in the queue.
	2000000 states explored in 22.77s, with 8304653 rules fired and 882291 states in the queue.
	2010000 states explored in 22.90s, with 8357556 rules fired and 883659 states in the queue.
	2020000 states explored in 23.01s, with 8405582 rules fired and 887445 states in the queue.
	2030000 states explored in 23.12s, with 8452086 rules fired and 891119 states in the queue.
	2040000 states explored in 23.23s, with 8497930 rules fired and 894537 states in the queue.
	2050000 states explored in 23.34s, with 8540202 rules fired and 898907 states in the queue.
	2060000 states explored in 23.45s, with 8592521 rules fired and 901956 states in the queue.
	2070000 states explored in 23.55s, with 8633918 rules fired and 906822 states in the queue.
	2080000 states explored in 23.66s, with 8678669 rules fired and 911272 states in the queue.
	2090000 states explored in 23.78s, with 8732673 rules fired and 913909 states in the queue.
	2100000 states explored in 23.87s, with 8771103 rules fired and 919031 states in the queue.
	2110000 states explored in 23.99s, with 8817331 rules fired and 922211 states in the queue.
	2120000 states explored in 24.11s, with 8868457 rules fired and 924075 states in the queue.
	2130000 states explored in 24.22s, with 8914826 rules fired and 927531 states in the queue.
	2140000 states explored in 24.33s, with 8958293 rules fired and 932061 states in the queue.
	2150000 states explored in 24.45s, with 9010310 rules fired and 934152 states in the queue.
	2160000 states explored in 24.57s, with 9060223 rules fired and 936980 states in the queue.
	2170000 states explored in 24.68s, with 9105641 rules fired and 940763 states in the queue.
	2180000 states explored in 24.78s, with 9151427 rules fired and 944581 states in the queue.
	2190000 states explored in 24.90s, with 9203569 rules fired and 947918 states in the queue.
	2200000 states explored in 25.01s, with 9250531 rules fired and 950622 states in the queue.
	2210000 states explored in 25.12s, with 9301561 rules fired and 953579 states in the queue.
	2220000 states explored in 25.24s, with 9349052 rules fired and 956712 states in the queue.
	2230000 states explored in 25.35s, with 9396019 rules fired and 960184 states in the queue.
	2240000 states explored in 25.47s, with 9452094 rules fired and 962632 states in the queue.
	2250000 states explored in 25.57s, with 9495173 rules fired and 966997 states in the queue.
	2260000 states explored in 25.71s, with 9555504 rules fired and 967830 states in the queue.
	2270000 states explored in 25.81s, with 9601406 rules fired and 971497 states in the queue.
	2280000 states explored in 25.92s, with 9643968 rules fired and 975631 states in the queue.
	2290000 states explored in 26.03s, with 9691039 rules fired and 978859 states in the queue.
	2300000 states explored in 26.14s, with 9741789 rules fired and 981917 states in the queue.
	2310000 states explored in 26.25s, with 9791906 rules fired and 985326 states in the queue.
	2320000 states explored in 26.37s, with 9841848 rules fired and 987778 states in the queue.
	2330000 states explored in 26.48s, with 9891759 rules fired and 991116 states in the queue.
	2340000 states explored in 26.60s, with 9941922 rules fired and 994159 states in the queue.
	2350000 states explored in 26.72s, with 9997743 rules fired and 996289 states in the queue.
	2360000 states explored in 26.82s, with 10040598 rules fired and 1000535 states in the queue.
	2370000 states explored in 26.93s, with 10082536 rules fired and 1005090 states in the queue.
	2380000 states explored in 27.03s, with 10127439 rules fired and 1009471 states in the queue.
	2390000 states explored in 27.14s, with 10173682 rules fired and 1012793 states in the queue.
	2400000 states explored in 27.24s, with 10214265 rules fired and 1017536 states in the queue.
	2410000 states explored in 27.35s, with 10263826 rules fired and 1020529 states in the queue.
	2420000 states explored in 27.46s, with 10312371 rules fired and 1024069 states in the queue.
	2430000 states explored in 27.57s, with 10357125 rules fired and 1028033 states in the queue.
	2440000 states explored in 27.69s, with 10412642 rules fired and 1029466 states in the queue.
	2450000 states explored in 27.81s, with 10458850 rules fired and 1031890 states in the queue.
	2460000 states explored in 27.92s, with 10508165 rules fired and 1035660 states in the queue.
	2470000 states explored in 28.04s, with 10557950 rules fired and 1037705 states in the queue.
	2480000 states explored in 28.16s, with 10608814 rules fired and 1040589 states in the queue.
	2490000 states explored in 28.28s, with 10655294 rules fired and 1043212 states in the queue.
	2500000 states explored in 28.38s, with 10698233 rules fired and 1047728 states in the queue.
	2510000 states explored in 28.50s, with 10750049 rules fired and 1050659 states in the queue.
	2520000 states explored in 28.61s, with 10794297 rules fired and 1054629 states in the queue.
	2530000 states explored in 28.72s, with 10840602 rules fired and 1058237 states in the queue.
	2540000 states explored in 28.82s, with 10883899 rules fired and 1062656 states in the queue.
	2550000 states explored in 28.94s, with 10933674 rules fired and 1065567 states in the queue.
	2560000 states explored in 29.07s, with 10990936 rules fired and 1067195 states in the queue.
	2570000 states explored in 29.18s, with 11037787 rules fired and 1070818 states in the queue.
	2580000 states explored in 29.30s, with 11089346 rules fired and 1073787 states in the queue.
	2590000 states explored in 29.41s, with 11139234 rules fired and 1077053 states in the queue.
	2600000 states explored in 29.53s, with 11193550 rules fired and 1079945 states in the queue.
	2610000 states explored in 29.65s, with 11244011 rules fired and 1082700 states in the queue.
	2620000 states explored in 29.78s, with 11297765 rules fired and 1084873 states in the queue.
	2630000 states explored in 29.89s, with 11342069 rules fired and 1088389 states in the queue.
	2640000 states explored in 29.99s, with 11383492 rules fired and 1092970 states in the queue.
	2650000 states explored in 30.10s, with 11432987 rules fired and 1096871 states in the queue.
	2660000 states explored in 30.21s, with 11479457 rules fired and 1100771 states in the queue.
	2670000 states explored in 30.32s, with 11525409 rules fired and 1103995 states in the queue.
	2680000 states explored in 30.43s, with 11570509 rules fired and 1107835 states in the queue.
	2690000 states explored in 30.54s, with 11615336 rules fired and 1111582 states in the queue.
	2700000 states explored in 30.65s, with 11663285 rules fired and 1115139 states in the queue.
	2710000 states explored in 30.75s, with 11705989 rules fired and 1119211 states in the queue.
	2720000 states explored in 30.87s, with 11757172 rules fired and 1122145 states in the queue.
	2730000 states explored in 30.98s, with 11806397 rules fired and 1125314 states in the queue.
	2740000 states explored in 31.10s, with 11853355 rules fired and 1128801 states in the queue.
	2750000 states explored in 31.22s, with 11905853 rules fired and 1130633 states in the queue.
	2760000 states explored in 31.35s, with 11960503 rules fired and 1133147 states in the queue.
	2770000 states explored in 31.47s, with 12016719 rules fired and 1136050 states in the queue.
	2780000 states explored in 31.58s, with 12065751 rules fired and 1139216 states in the queue.
	2790000 states explored in 31.68s, with 12106144 rules fired and 1143931 states in the queue.
	2800000 states explored in 31.80s, with 12156137 rules fired and 1146354 states in the queue.
	2810000 states explored in 31.91s, with 12203341 rules fired and 1149698 states in the queue.
	2820000 states explored in 32.02s, with 12248712 rules fired and 1153684 states in the queue.
	2830000 states explored in 32.13s, with 12294114 rules fired and 1157013 states in the queue.
	2840000 states explored in 32.25s, with 12346211 rules fired and 1159554 states in the queue.
	2850000 states explored in 32.37s, with 12400681 rules fired and 1162020 states in the queue.
	2860000 states explored in 32.50s, with 12458532 rules fired and 1164015 states in the queue.
	2870000 states explored in 32.61s, with 12505969 rules fired and 1167704 states in the queue.
	2880000 states explored in 32.71s, with 12554275 rules fired and 1171745 states in the queue.
	2890000 states explored in 32.83s, with 12606623 rules fired and 1174974 states in the queue.
	2900000 states explored in 32.96s, with 12669501 rules fired and 1176150 states in the queue.
	2910000 states explored in 33.09s, with 12729896 rules fired and 1178305 states in the queue.
	2920000 states explored in 33.22s, with 12791294 rules fired and 1179769 states in the queue.
	2930000 states explored in 33.35s, with 12850549 rules fired and 1180677 states in the queue.
	2940000 states explored in 33.46s, with 12896842 rules fired and 1184500 states in the queue.
	2950000 states explored in 33.58s, with 12953702 rules fired and 1186467 states in the queue.
	2960000 states explored in 33.72s, with 13011517 rules fired and 1187656 states in the queue.
	2970000 states explored in 33.84s, with 13065758 rules fired and 1190001 states in the queue.
	2980000 states explored in 33.95s, with 13118720 rules fired and 1193067 states in the queue.
	2990000 states explored in 34.06s, with 13166242 rules fired and 1197015 states in the queue.
	3000000 states explored in 34.17s, with 13209722 rules fired and 1200138 states in the queue.
	3010000 states explored in 34.30s, with 13265029 rules fired and 1202447 states in the queue.
	3020000 states explored in 34.43s, with 13330529 rules fired and 1203684 states in the queue.
	3030000 states explored in 34.57s, with 13388063 rules fired and 1204791 states in the queue.
	3040000 states explored in 34.69s, with 13440368 rules fired and 1207473 states in the queue.
	3050000 states explored in 34.80s, with 13491549 rules fired and 1210544 states in the queue.
	3060000 states explored in 34.92s, with 13541690 rules fired and 1213528 states in the queue.
	3070000 states explored in 35.02s, with 13587345 rules fired and 1217924 states in the queue.
	3080000 states explored in 35.13s, with 13634639 rules fired and 1221609 states in the queue.
	3090000 states explored in 35.26s, with 13691134 rules fired and 1223999 states in the queue.
	3100000 states explored in 35.38s, with 13746544 rules fired and 1226170 states in the queue.
	3110000 states explored in 35.51s, with 13798231 rules fired and 1228254 states in the queue.
	3120000 states explored in 35.60s, with 13838353 rules fired and 1233279 states in the queue.
	3130000 states explored in 35.71s, with 13887139 rules fired and 1237155 states in the queue.
	3140000 states explored in 35.84s, with 13951686 rules fired and 1238077 states in the queue.
	3150000 states explored in 35.96s, with 14001037 rules fired and 1241188 states in the queue.
	3160000 states explored in 36.08s, with 14057417 rules fired and 1243811 states in the queue.
	3170000 states explored in 36.18s, with 14099073 rules fired and 1248072 states in the queue.
	3180000 states explored in 36.29s, with 14143862 rules fired and 1252233 states in the queue.
	3190000 states explored in 36.40s, with 14195051 rules fired and 1255191 states in the queue.
	3200000 states explored in 36.52s, with 14254438 rules fired and 1257458 states in the queue.
	3210000 states explored in 36.65s, with 14305466 rules fired and 1259953 states in the queue.
	3220000 states explored in 36.75s, with 14350703 rules fired and 1264075 states in the queue.
	3230000 states explored in 36.87s, with 14400910 rules fired and 1267135 states in the queue.
	3240000 states explored in 36.97s, with 14448574 rules fired and 1270867 states in the queue.
	3250000 states explored in 37.10s, with 14506000 rules fired and 1272604 states in the queue.
	3260000 states explored in 37.21s, with 14554933 rules fired and 1275511 states in the queue.
	3270000 states explored in 37.32s, with 14604347 rules fired and 1278822 states in the queue.
	3280000 states explored in 37.46s, with 14664682 rules fired and 1279710 states in the queue.
	3290000 states explored in 37.57s, with 14716577 rules fired and 1282510 states in the queue.
	3300000 states explored in 37.69s, with 14768881 rules fired and 1285679 states in the queue.
	3310000 states explored in 37.81s, with 14820967 rules fired and 1287891 states in the queue.
	3320000 states explored in 37.93s, with 14878328 rules fired and 1289671 states in the queue.
	3330000 states explored in 38.07s, with 14942519 rules fired and 1291472 states in the queue.
	3340000 states explored in 38.20s, with 15009689 rules fired and 1293096 states in the queue.
	3350000 states explored in 38.30s, with 15052060 rules fired and 1297555 states in the queue.
	3360000 states explored in 38.42s, with 15103441 rules fired and 1300327 states in the queue.
	3370000 states explored in 38.54s, with 15153750 rules fired and 1302631 states in the queue.
	3380000 states explored in 38.66s, with 15202862 rules fired and 1305266 states in the queue.
	3390000 states explored in 38.77s, with 15254707 rules fired and 1308320 states in the queue.
	3400000 states explored in 38.88s, with 15301999 rules fired and 1312739 states in the queue.
	3410000 states explored in 39.00s, with 15354707 rules fired and 1315201 states in the queue.
	3420000 states explored in 39.12s, with 15408540 rules fired and 1316854 states in the queue.
	3430000 states explored in 39.23s, with 15454374 rules fired and 1320878 states in the queue.
	3440000 states explored in 39.35s, with 15501216 rules fired and 1324073 states in the queue.
	3450000 states explored in 39.46s, with 15552426 rules fired and 1326997 states in the queue.
	3460000 states explored in 39.61s, with 15626853 rules fired and 1327709 states in the queue.
	3470000 states explored in 39.75s, with 15688800 rules fired and 1328526 states in the queue.
	3480000 states explored in 39.85s, with 15734625 rules fired and 1332339 states in the queue.
	3490000 states explored in 39.98s, with 15786150 rules fired and 1334948 states in the queue.
	3500000 states explored in 40.09s, with 15832813 rules fired and 1337850 states in the queue.
	3510000 states explored in 40.21s, with 15887518 rules fired and 1340339 states in the queue.
	3520000 states explored in 40.35s, with 15949635 rules fired and 1341612 states in the queue.
	3530000 states explored in 40.46s, with 15996694 rules fired and 1345358 states in the queue.
	3540000 states explored in 40.57s, with 16041666 rules fired and 1349324 states in the queue.
	3550000 states explored in 40.68s, with 16092304 rules fired and 1352598 states in the queue.
	3560000 states explored in 40.80s, with 16153804 rules fired and 1354794 states in the queue.
	3570000 states explored in 40.91s, with 16198168 rules fired and 1358699 states in the queue.
	3580000 states explored in 41.03s, with 16252320 rules fired and 1360965 states in the queue.
	3590000 states explored in 41.15s, with 16304799 rules fired and 1363398 states in the queue.
	3600000 states explored in 41.29s, with 16360996 rules fired and 1364213 states in the queue.
	3610000 states explored in 41.41s, with 16414677 rules fired and 1366305 states in the queue.
	3620000 states explored in 41.54s, with 16477537 rules fired and 1367917 states in the queue.
	3630000 states explored in 41.67s, with 16535763 rules fired and 1369488 states in the queue.
	3640000 states explored in 41.79s, with 16590340 rules fired and 1371852 states in the queue.
	3650000 states explored in 41.93s, with 16659107 rules fired and 1373448 states in the queue.
	3660000 states explored in 42.04s, with 16709616 rules fired and 1377086 states in the queue.
	3670000 states explored in 42.16s, with 16763515 rules fired and 1379787 states in the queue.
	3680000 states explored in 42.28s, with 16825905 rules fired and 1381810 states in the queue.
	3690000 states explored in 42.42s, with 16884012 rules fired and 1382969 states in the queue.
	3700000 states explored in 42.57s, with 16958925 rules fired and 1383134 states in the queue.
	3710000 states explored in 42.70s, with 17027704 rules fired and 1384413 states in the queue.
	3720000 states explored in 42.81s, with 17072285 rules fired and 1387806 states in the queue.
	3730000 states explored in 42.94s, with 17127166 rules fired and 1390151 states in the queue.
	3740000 states explored in 43.06s, with 17180096 rules fired and 1392562 states in the queue.
	3750000 states explored in 43.19s, with 17241683 rules fired and 1393922 states in the queue.
	3760000 states explored in 43.35s, with 17317141 rules fired and 1393667 states in the queue.
	3770000 states explored in 43.49s, with 17391555 rules fired and 1393714 states in the queue.
	3780000 states explored in 43.63s, with 17454376 rules fired and 1395671 states in the queue.
	3790000 states explored in 43.75s, with 17510229 rules fired and 1397662 states in the queue.
	3800000 states explored in 43.87s, with 17561129 rules fired and 1401121 states in the queue.
	3810000 states explored in 43.99s, with 17611177 rules fired and 1403793 states in the queue.
	3820000 states explored in 44.11s, with 17667163 rules fired and 1406622 states in the queue.
	3830000 states explored in 44.26s, with 17747076 rules fired and 1406816 states in the queue.
	3840000 states explored in 44.42s, with 17829971 rules fired and 1406673 states in the queue.
	3850000 states explored in 44.53s, with 17875766 rules fired and 1410583 states in the queue.
	3860000 states explored in 44.66s, with 17935533 rules fired and 1412199 states in the queue.
	3870000 states explored in 44.78s, with 17988810 rules fired and 1414486 states in the queue.
	3880000 states explored in 44.90s, with 18043269 rules fired and 1417084 states in the queue.
	3890000 states explored in 45.05s, with 18116387 rules fired and 1418009 states in the queue.
	3900000 states explored in 45.20s, with 18197607 rules fired and 1417987 states in the queue.
	3910000 states explored in 45.34s, with 18274011 rules fired and 1418482 states in the queue.
	3920000 states explored in 45.46s, with 18328501 rules fired and 1420823 states in the queue.
	3930000 states explored in 45.59s, with 18389283 rules fired and 1422933 states in the queue.
	3940000 states explored in 45.72s, with 18449285 rules fired and 1425035 states in the queue.
	3950000 states explored in 45.85s, with 18519604 rules fired and 1426456 states in the queue.
	3960000 states explored in 45.97s, with 18571606 rules fired and 1429753 states in the queue.
	3970000 states explored in 46.09s, with 18626089 rules fired and 1432654 states in the queue.
	3980000 states explored in 46.21s, with 18680239 rules fired and 1435264 states in the queue.
	3990000 states explored in 46.34s, with 18746796 rules fired and 1436237 states in the queue.
	4000000 states explored in 46.47s, with 18804282 rules fired and 1439203 states in the queue.
	4010000 states explored in 46.59s, with 18869727 rules fired and 1441305 states in the queue.
	4020000 states explored in 46.72s, with 18930050 rules fired and 1442999 states in the queue.
	4030000 states explored in 46.85s, with 18990385 rules fired and 1444824 states in the queue.
	4040000 states explored in 46.98s, with 19058951 rules fired and 1446571 states in the queue.
	4050000 states explored in 47.11s, with 19118495 rules fired and 1448173 states in the queue.
	4060000 states explored in 47.23s, with 19166111 rules fired and 1450844 states in the queue.
	4070000 states explored in 47.34s, with 19213369 rules fired and 1454553 states in the queue.
	4080000 states explored in 47.46s, with 19264861 rules fired and 1457493 states in the queue.
	4090000 states explored in 47.58s, with 19313498 rules fired and 1460512 states in the queue.
	4100000 states explored in 47.70s, with 19366850 rules fired and 1462476 states in the queue.
	4110000 states explored in 47.83s, with 19421006 rules fired and 1464307 states in the queue.
	4120000 states explored in 47.94s, with 19463807 rules fired and 1468252 states in the queue.
	4130000 states explored in 48.05s, with 19513825 rules fired and 1471546 states in the queue.
	4140000 states explored in 48.17s, with 19569829 rules fired and 1474126 states in the queue.
	4150000 states explored in 48.29s, with 19624155 rules fired and 1476599 states in the queue.
	4160000 states explored in 48.41s, with 19675993 rules fired and 1478870 states in the queue.
	4170000 states explored in 48.53s, with 19728000 rules fired and 1481300 states in the queue.
	4180000 states explored in 48.65s, with 19779830 rules fired and 1484370 states in the queue.
	4190000 states explored in 48.78s, with 19838644 rules fired and 1486513 states in the queue.
	4200000 states explored in 48.89s, with 19890754 rules fired and 1489524 states in the queue.
	4210000 states explored in 49.01s, with 19941482 rules fired and 1492347 states in the queue.
	4220000 states explored in 49.13s, with 19988552 rules fired and 1495699 states in the queue.
	4230000 states explored in 49.25s, with 20044248 rules fired and 1497809 states in the queue.
	4240000 states explored in 49.37s, with 20095675 rules fired and 1501185 states in the queue.
	4250000 states explored in 49.49s, with 20148979 rules fired and 1503622 states in the queue.
	4260000 states explored in 49.63s, with 20209636 rules fired and 1504101 states in the queue.
	4270000 states explored in 49.74s, with 20258294 rules fired and 1507463 states in the queue.
	4280000 states explored in 49.88s, with 20331908 rules fired and 1508034 states in the queue.
	4290000 states explored in 50.00s, with 20388851 rules fired and 1510140 states in the queue.
	4300000 states explored in 50.13s, with 20447019 rules fired and 1511943 states in the queue.
	4310000 states explored in 50.27s, with 20514997 rules fired and 1512882 states in the queue.
	4320000 states explored in 50.39s, with 20564284 rules fired and 1515604 states in the queue.
	4330000 states explored in 50.53s, with 20635840 rules fired and 1516191 states in the queue.
	4340000 states explored in 50.67s, with 20689652 rules fired and 1517451 states in the queue.
	4350000 states explored in 50.79s, with 20745508 rules fired and 1519319 states in the queue.
	4360000 states explored in 50.89s, with 20788658 rules fired and 1523418 states in the queue.
	4370000 states explored in 51.01s, with 20837145 rules fired and 1526675 states in the queue.
	4380000 states explored in 51.13s, with 20888982 rules fired and 1529578 states in the queue.
	4390000 states explored in 51.25s, with 20942784 rules fired and 1532317 states in the queue.
	4400000 states explored in 51.37s, with 20998678 rules fired and 1535171 states in the queue.
	4410000 states explored in 51.50s, with 21059515 rules fired and 1537265 states in the queue.
	4420000 states explored in 51.62s, with 21110037 rules fired and 1540150 states in the queue.
	4430000 states explored in 51.72s, with 21156666 rules fired and 1543919 states in the queue.
	4440000 states explored in 51.84s, with 21207522 rules fired and 1546846 states in the queue.
	4450000 states explored in 51.96s, with 21257384 rules fired and 1550182 states in the queue.
	4460000 states explored in 52.07s, with 21308185 rules fired and 1553035 states in the queue.
	4470000 states explored in 52.19s, with 21360493 rules fired and 1555612 states in the queue.
	4480000 states explored in 52.31s, with 21417167 rules fired and 1558799 states in the queue.
	4490000 states explored in 52.42s, with 21464971 rules fired and 1562200 states in the queue.
	4500000 states explored in 52.53s, with 21514361 rules fired and 1565575 states in the queue.
	4510000 states explored in 52.65s, with 21563249 rules fired and 1568801 states in the queue.
	4520000 states explored in 52.77s, with 21620007 rules fired and 1571621 states in the queue.
	4530000 states explored in 52.91s, with 21692169 rules fired and 1572623 states in the queue.
	4540000 states explored in 53.03s, with 21745308 rules fired and 1574913 states in the queue.
	4550000 states explored in 53.14s, with 21792684 rules fired and 1579044 states in the queue.
	4560000 states explored in 53.26s, with 21847988 rules fired and 1581434 states in the queue.
	4570000 states explored in 53.40s, with 21920378 rules fired and 1582031 states in the queue.
	4580000 states explored in 53.51s, with 21967400 rules fired and 1585420 states in the queue.
	4590000 states explored in 53.63s, with 22018132 rules fired and 1588750 states in the queue.
	4600000 states explored in 53.75s, with 22079858 rules fired and 1590806 states in the queue.
	4610000 states explored in 53.87s, with 22136474 rules fired and 1593699 states in the queue.
	4620000 states explored in 54.02s, with 22216757 rules fired and 1593781 states in the queue.
	4630000 states explored in 54.14s, with 22267380 rules fired and 1596860 states in the queue.
	4640000 states explored in 54.27s, with 22329081 rules fired and 1598635 states in the queue.
	4650000 states explored in 54.38s, with 22379440 rules fired and 1602029 states in the queue.
	4660000 states explored in 54.51s, with 22434767 rules fired and 1604105 states in the queue.
	4670000 states explored in 54.64s, with 22495546 rules fired and 1605270 states in the queue.
	4680000 states explored in 54.77s, with 22557020 rules fired and 1606882 states in the queue.
	4690000 states explored in 54.87s, with 22599972 rules fired and 1611483 states in the queue.
	4700000 states explored in 54.99s, with 22652575 rules fired and 1614276 states in the queue.
	4710000 states explored in 55.12s, with 22706045 rules fired and 1616281 states in the queue.
	4720000 states explored in 55.24s, with 22765933 rules fired and 1618055 states in the queue.
	4730000 states explored in 55.38s, with 22827550 rules fired and 1618506 states in the queue.
	4740000 states explored in 55.52s, with 22892524 rules fired and 1618986 states in the queue.
	4750000 states explored in 55.67s, with 22958023 rules fired and 1618721 states in the queue.
	4760000 states explored in 55.81s, with 23016543 rules fired and 1619639 states in the queue.
	4770000 states explored in 55.93s, with 23070099 rules fired and 1621351 states in the queue.
	4780000 states explored in 56.05s, with 23118308 rules fired and 1624246 states in the queue.
	4790000 states explored in 56.18s, with 23177260 rules fired and 1626047 states in the queue.
	4800000 states explored in 56.30s, with 23230129 rules fired and 1629115 states in the queue.
	4810000 states explored in 56.42s, with 23295189 rules fired and 1630913 states in the queue.
	4820000 states explored in 56.54s, with 23351247 rules fired and 1633510 states in the queue.
	4830000 states explored in 56.69s, with 23427385 rules fired and 1634094 states in the queue.
	4840000 states explored in 56.85s, with 23511429 rules fired and 1633532 states in the queue.
	4850000 states explored in 56.99s, with 23585222 rules fired and 1634272 states in the queue.
	4860000 states explored in 57.12s, with 23645555 rules fired and 1636334 states in the queue.
	4870000 states explored in 57.24s, with 23697287 rules fired and 1639109 states in the queue.
	4880000 states explored in 57.36s, with 23752139 rules fired and 1641640 states in the queue.
	4890000 states explored in 57.49s, with 23806771 rules fired and 1643593 states in the queue.
	4900000 states explored in 57.61s, with 23865840 rules fired and 1646098 states in the queue.
	4910000 states explored in 57.72s, with 23917093 rules fired and 1649306 states in the queue.
	4920000 states explored in 57.86s, with 23983587 rules fired and 1649935 states in the queue.
	4930000 states explored in 58.01s, with 24053497 rules fired and 1649932 states in the queue.
	4940000 states explored in 58.14s, with 24113440 rules fired and 1651267 states in the queue.
	4950000 states explored in 58.25s, with 24163272 rules fired and 1655040 states in the queue.
	4960000 states explored in 58.36s, with 24206270 rules fired and 1659206 states in the queue.
	4970000 states explored in 58.49s, with 24264210 rules fired and 1660603 states in the queue.
	4980000 states explored in 58.63s, with 24334732 rules fired and 1660941 states in the queue.
	4990000 states explored in 58.78s, with 24409169 rules fired and 1661027 states in the queue.
	5000000 states explored in 58.91s, with 24476577 rules fired and 1662569 states in the queue.
	5010000 states explored in 59.02s, with 24524712 rules fired and 1665719 states in the queue.
	5020000 states explored in 59.15s, with 24583122 rules fired and 1667741 states in the queue.
	5030000 states explored in 59.27s, with 24635015 rules fired and 1670049 states in the queue.
	5040000 states explored in 59.41s, with 24704579 rules fired and 1671355 states in the queue.
	5050000 states explored in 59.56s, with 24785750 rules fired and 1671319 states in the queue.
	5060000 states explored in 59.71s, with 24868854 rules fired and 1670995 states in the queue.
	5070000 states explored in 59.86s, with 24947241 rules fired and 1671248 states in the queue.
	5080000 states explored in 60.00s, with 25020410 rules fired and 1671608 states in the queue.
	5090000 states explored in 60.12s, with 25073218 rules fired and 1674697 states in the queue.
	5100000 states explored in 60.25s, with 25137661 rules fired and 1676211 states in the queue.
	5110000 states explored in 60.38s, with 25199581 rules fired and 1677922 states in the queue.
	5120000 states explored in 60.50s, with 25249655 rules fired and 1680904 states in the queue.
	5130000 states explored in 60.61s, with 25294125 rules fired and 1685181 states in the queue.
	5140000 states explored in 60.72s, with 25340782 rules fired and 1688862 states in the queue.
	5150000 states explored in 60.85s, with 25399603 rules fired and 1690562 states in the queue.
	5160000 states explored in 60.97s, with 25453861 rules fired and 1692542 states in the queue.

==========================================================================

Result:

	Invariant "test_reachable_state_104" failed.

State Space Explored:

	5165957 states, 25489133 rules fired in 61.05s.

Analysis of State Space:

	There are rules that are never fired.
	If you are running with symmetry, this may be why.  Otherwise,
	please run this program with "-pr" for the rules information.
