This program should be regarded as a DEBUGGING aid, not as a 
certifier of correctness.
Call with the -l flag or read the license file for terms
and conditions of use.
Run this program with "-h" for the list of options.

Bugs, questions, and comments should be directed to
"melatti@di.uniroma1.it".

CMurphi compiler last modified date: Jul 24 2024
Include files last modified date:    Jul 23 2021
==========================================================================

==========================================================================
Caching Murphi Release 5.5.0
Finite-state Concurrent System Verifier.

Caching Murphi Release 5.5.0 is based on various versions of Murphi.
Caching Murphi Release 5.5.0 :
Copyright (C) 2009-2012 by Sapienza University of Rome.
Murphi release 3.1 :
Copyright (C) 1992 - 1999 by the Board of Trustees of
Leland Stanford Junior University.

==========================================================================

Protocol: ./protocols/exec/Godsont_node8/Godsont_node8_inv109
===========================================
  You are using EDMC algorithm.  
===========================================

===== Startstates are generated! =====
Carelist Layer 0: node[1].cache[1].state node[2].cache[1].state node[3].cache[1].state node[4].cache[1].state node[5].cache[1].state node[6].cache[1].state node[7].cache[1].state node[8].cache[1].state 
Carelist Layer 1: node[node].hasLock lock[node].beUsed lock[node].owner node[node].cache[node].state node[node].cache[node].addr lock[node].inProtection[node] 
Attr: lock[node].inProtection[node] Level: 1 Wi: 2
Attr: lock[node].owner Level: 1 Wi: 2
Attr: node[node].cache[node].state Level: 1 Wi: 2
Attr: node[node].hasLock Level: 1 Wi: 2
Attr: node[8].cache[1].state Level: 0 Wi: 4
Attr: node[7].cache[1].state Level: 0 Wi: 4
Attr: node[1].cache[1].state Level: 0 Wi: 4
Attr: node[3].cache[1].state Level: 0 Wi: 4
Attr: node[node].cache[node].addr Level: 1 Wi: 2
Attr: node[2].cache[1].state Level: 0 Wi: 4
Attr: node[4].cache[1].state Level: 0 Wi: 4
Attr: lock[node].beUsed Level: 1 Wi: 2
Attr: node[6].cache[1].state Level: 0 Wi: 4
Attr: node[5].cache[1].state Level: 0 Wi: 4

===== Init heuristics! =====

Progress Report:

	100000 states explored in 3.89s, with 116656 rules fired and 77904 states in the queue.
	200000 states explored in 5.68s, with 240378 rules fired and 142141 states in the queue.
	300000 states explored in 7.31s, with 365388 rules fired and 212783 states in the queue.
	400000 states explored in 9.07s, with 486726 rules fired and 277899 states in the queue.
	500000 states explored in 10.87s, with 608474 rules fired and 341838 states in the queue.
	600000 states explored in 13.02s, with 737391 rules fired and 395575 states in the queue.
	700000 states explored in 14.98s, with 866817 rules fired and 455837 states in the queue.
	800000 states explored in 16.27s, with 982623 rules fired and 536822 states in the queue.
	900000 states explored in 17.69s, with 1100688 rules fired and 613907 states in the queue.
	1000000 states explored in 19.16s, with 1219474 rules fired and 689227 states in the queue.
	1100000 states explored in 20.72s, with 1341777 rules fired and 762266 states in the queue.
	1200000 states explored in 22.38s, with 1460884 rules fired and 831023 states in the queue.
	1300000 states explored in 23.81s, with 1583149 rules fired and 908403 states in the queue.
	1400000 states explored in 25.23s, with 1705848 rules fired and 986524 states in the queue.
	1500000 states explored in 26.80s, with 1830734 rules fired and 1060176 states in the queue.
	1600000 states explored in 28.27s, with 1954232 rules fired and 1136938 states in the queue.
	1700000 states explored in 29.84s, with 2088009 rules fired and 1212721 states in the queue.
	1800000 states explored in 31.53s, with 2218962 rules fired and 1283741 states in the queue.
	1900000 states explored in 33.16s, with 2345678 rules fired and 1355864 states in the queue.
	2000000 states explored in 35.04s, with 2472893 rules fired and 1419628 states in the queue.
	2100000 states explored in 36.82s, with 2599961 rules fired and 1486544 states in the queue.
	2200000 states explored in 38.53s, with 2726562 rules fired and 1555573 states in the queue.
	2300000 states explored in 40.22s, with 2854281 rules fired and 1625992 states in the queue.
	2400000 states explored in 41.58s, with 2975825 rules fired and 1706277 states in the queue.
	2500000 states explored in 42.95s, with 3099830 rules fired and 1787003 states in the queue.
	2600000 states explored in 44.34s, with 3218907 rules fired and 1866268 states in the queue.
	2700000 states explored in 45.76s, with 3343519 rules fired and 1945264 states in the queue.
	2800000 states explored in 47.27s, with 3465489 rules fired and 2020248 states in the queue.
	2900000 states explored in 48.70s, with 3589685 rules fired and 2099126 states in the queue.
	3000000 states explored in 50.13s, with 3713975 rules fired and 2178506 states in the queue.
	3100000 states explored in 51.56s, with 3837850 rules fired and 2256941 states in the queue.
	3200000 states explored in 53.02s, with 3962864 rules fired and 2334376 states in the queue.
	3300000 states explored in 54.50s, with 4087066 rules fired and 2411493 states in the queue.
	3400000 states explored in 56.06s, with 4212050 rules fired and 2485760 states in the queue.
	3500000 states explored in 57.48s, with 4335277 rules fired and 2564117 states in the queue.
	3600000 states explored in 58.93s, with 4461025 rules fired and 2642792 states in the queue.
	3700000 states explored in 60.32s, with 4586060 rules fired and 2722857 states in the queue.
	3800000 states explored in 61.78s, with 4713318 rules fired and 2801461 states in the queue.
	3900000 states explored in 63.32s, with 4836615 rules fired and 2876385 states in the queue.
	4000000 states explored in 64.88s, with 4960057 rules fired and 2950366 states in the queue.
	4100000 states explored in 66.48s, with 5082033 rules fired and 3022694 states in the queue.
	4200000 states explored in 68.05s, with 5205882 rules fired and 3096483 states in the queue.
	4300000 states explored in 69.64s, with 5334150 rules fired and 3170690 states in the queue.
	4400000 states explored in 71.23s, with 5464960 rules fired and 3245230 states in the queue.
	4500000 states explored in 72.96s, with 5591211 rules fired and 3313424 states in the queue.
	4600000 states explored in 74.72s, with 5717690 rules fired and 3381329 states in the queue.
	4700000 states explored in 76.41s, with 5845050 rules fired and 3451486 states in the queue.
	4800000 states explored in 78.11s, with 5972570 rules fired and 3521754 states in the queue.
	4900000 states explored in 79.87s, with 6099756 rules fired and 3589702 states in the queue.
	5000000 states explored in 81.59s, with 6227211 rules fired and 3659000 states in the queue.
	5100000 states explored in 83.26s, with 6362874 rules fired and 3732412 states in the queue.
	5200000 states explored in 84.95s, with 6497223 rules fired and 3804728 states in the queue.
	5300000 states explored in 86.73s, with 6625579 rules fired and 3872874 states in the queue.
	5400000 states explored in 88.51s, with 6759032 rules fired and 3941638 states in the queue.
	5500000 states explored in 90.29s, with 6889633 rules fired and 4009886 states in the queue.
	5600000 states explored in 92.06s, with 7019555 rules fired and 4078728 states in the queue.
	5700000 states explored in 93.87s, with 7151874 rules fired and 4146291 states in the queue.
	5800000 states explored in 95.75s, with 7280788 rules fired and 4211035 states in the queue.
	5900000 states explored in 97.58s, with 7412152 rules fired and 4278085 states in the queue.
	6000000 states explored in 99.50s, with 7544162 rules fired and 4342399 states in the queue.
	6100000 states explored in 101.33s, with 7676795 rules fired and 4409905 states in the queue.
	6200000 states explored in 103.21s, with 7812379 rules fired and 4477027 states in the queue.
	6300000 states explored in 104.98s, with 7941788 rules fired and 4545911 states in the queue.
	6400000 states explored in 106.77s, with 8078848 rules fired and 4616203 states in the queue.
	6500000 states explored in 108.60s, with 8212900 rules fired and 4684319 states in the queue.
	6600000 states explored in 110.45s, with 8350708 rules fired and 4753023 states in the queue.
	6700000 states explored in 112.23s, with 8487199 rules fired and 4823519 states in the queue.
	6800000 states explored in 113.99s, with 8630501 rules fired and 4896191 states in the queue.
	6900000 states explored in 115.84s, with 8769096 rules fired and 4964891 states in the queue.
	7000000 states explored in 117.68s, with 8906132 rules fired and 5033983 states in the queue.
	7100000 states explored in 119.46s, with 9044090 rules fired and 5105061 states in the queue.
	7200000 states explored in 121.29s, with 9182048 rules fired and 5174173 states in the queue.
	7300000 states explored in 123.08s, with 9316519 rules fired and 5244076 states in the queue.
	7400000 states explored in 124.84s, with 9458831 rules fired and 5316783 states in the queue.
	7500000 states explored in 126.58s, with 9600994 rules fired and 5389912 states in the queue.
	7600000 states explored in 128.43s, with 9740046 rules fired and 5458727 states in the queue.
	7700000 states explored in 130.25s, with 9879615 rules fired and 5529430 states in the queue.
	7800000 states explored in 132.04s, with 10016731 rules fired and 5600178 states in the queue.
	7900000 states explored in 133.85s, with 10155788 rules fired and 5671203 states in the queue.
	8000000 states explored in 135.62s, with 10296597 rules fired and 5744125 states in the queue.
	8100000 states explored in 137.09s, with 10416733 rules fired and 5820642 states in the queue.
	8200000 states explored in 138.79s, with 10541638 rules fired and 5890859 states in the queue.
	8300000 states explored in 140.48s, with 10666374 rules fired and 5961408 states in the queue.
	8400000 states explored in 142.06s, with 10789897 rules fired and 6035819 states in the queue.
	8500000 states explored in 143.68s, with 10914569 rules fired and 6108930 states in the queue.
	8600000 states explored in 145.17s, with 11036959 rules fired and 6185493 states in the queue.
	8700000 states explored in 146.68s, with 11156951 rules fired and 6260787 states in the queue.
	8800000 states explored in 148.40s, with 11281985 rules fired and 6330779 states in the queue.
	8900000 states explored in 150.09s, with 11409213 rules fired and 6402711 states in the queue.
	9000000 states explored in 151.68s, with 11533586 rules fired and 6477349 states in the queue.
	9100000 states explored in 153.54s, with 11658278 rules fired and 6542573 states in the queue.
	9200000 states explored in 155.36s, with 11783026 rules fired and 6609051 states in the queue.
	9300000 states explored in 157.16s, with 11909014 rules fired and 6675980 states in the queue.
	9400000 states explored in 158.90s, with 12035065 rules fired and 6745374 states in the queue.
	9500000 states explored in 160.49s, with 12158018 rules fired and 6819499 states in the queue.
	9600000 states explored in 162.18s, with 12294807 rules fired and 6892657 states in the queue.
	9700000 states explored in 163.87s, with 12427430 rules fired and 6964895 states in the queue.
	9800000 states explored in 165.61s, with 12557161 rules fired and 7035409 states in the queue.
	9900000 states explored in 167.39s, with 12685938 rules fired and 7104039 states in the queue.
	10000000 states explored in 169.09s, with 12814931 rules fired and 7175861 states in the queue.
	10100000 states explored in 170.91s, with 12947201 rules fired and 7244269 states in the queue.
	10200000 states explored in 172.72s, with 13081168 rules fired and 7313505 states in the queue.
	10300000 states explored in 174.22s, with 13206441 rules fired and 7390473 states in the queue.
	10400000 states explored in 175.98s, with 13343317 rules fired and 7462523 states in the queue.
	10500000 states explored in 177.71s, with 13475053 rules fired and 7533863 states in the queue.
	10600000 states explored in 179.46s, with 13604731 rules fired and 7603170 states in the queue.
	10700000 states explored in 181.27s, with 13737222 rules fired and 7671401 states in the queue.
	10800000 states explored in 183.07s, with 13872688 rules fired and 7741651 states in the queue.
	10900000 states explored in 184.91s, with 14005036 rules fired and 7809527 states in the queue.
	11000000 states explored in 186.70s, with 14138474 rules fired and 7879411 states in the queue.
	11100000 states explored in 188.57s, with 14278076 rules fired and 7948111 states in the queue.
	11200000 states explored in 190.41s, with 14421942 rules fired and 8019551 states in the queue.
	11300000 states explored in 192.01s, with 14551434 rules fired and 8094883 states in the queue.

Error:

	Internal Error: Too many active states.



