This program should be regarded as a DEBUGGING aid, not as a 
certifier of correctness.
Call with the -l flag or read the license file for terms
and conditions of use.
Run this program with "-h" for the list of options.

Bugs, questions, and comments should be directed to
"melatti@di.uniroma1.it".

CMurphi compiler last modified date: Jul 24 2024
Include files last modified date:    Jul 23 2021
==========================================================================

==========================================================================
Caching Murphi Release 5.5.0
Finite-state Concurrent System Verifier.

Caching Murphi Release 5.5.0 is based on various versions of Murphi.
Caching Murphi Release 5.5.0 :
Copyright (C) 2009-2012 by Sapienza University of Rome.
Murphi release 3.1 :
Copyright (C) 1992 - 1999 by the Board of Trustees of
Leland Stanford Junior University.

==========================================================================

Protocol: ./protocols/exec/Godsont_node8/Godsont_node8_inv192
===========================================
  You are using EDMC algorithm.  
===========================================

===== Startstates are generated! =====
Carelist Layer 0: node[1].cache[1].state node[2].cache[1].state node[3].cache[1].state node[4].cache[1].state node[5].cache[1].state node[6].cache[1].state node[7].cache[1].state node[8].cache[1].state 
Carelist Layer 1: node[node].hasLock lock[node].beUsed lock[node].owner node[node].cache[node].state node[node].cache[node].addr lock[node].inProtection[node] 
Attr: lock[node].inProtection[node] Level: 1 Wi: 2
Attr: lock[node].owner Level: 1 Wi: 2
Attr: node[node].cache[node].state Level: 1 Wi: 2
Attr: node[node].hasLock Level: 1 Wi: 2
Attr: node[8].cache[1].state Level: 0 Wi: 4
Attr: node[7].cache[1].state Level: 0 Wi: 4
Attr: node[1].cache[1].state Level: 0 Wi: 4
Attr: node[3].cache[1].state Level: 0 Wi: 4
Attr: node[node].cache[node].addr Level: 1 Wi: 2
Attr: node[2].cache[1].state Level: 0 Wi: 4
Attr: node[4].cache[1].state Level: 0 Wi: 4
Attr: lock[node].beUsed Level: 1 Wi: 2
Attr: node[6].cache[1].state Level: 0 Wi: 4
Attr: node[5].cache[1].state Level: 0 Wi: 4

===== Init heuristics! =====

Progress Report:

	100000 states explored in 3.86s, with 116475 rules fired and 78336 states in the queue.
	200000 states explored in 5.67s, with 240376 rules fired and 142176 states in the queue.
	300000 states explored in 7.40s, with 367279 rules fired and 209425 states in the queue.
	400000 states explored in 9.21s, with 487911 rules fired and 272406 states in the queue.
	500000 states explored in 11.14s, with 612853 rules fired and 332799 states in the queue.
	600000 states explored in 13.10s, with 740274 rules fired and 392050 states in the queue.
	700000 states explored in 14.94s, with 866632 rules fired and 455614 states in the queue.
	800000 states explored in 16.25s, with 980447 rules fired and 535267 states in the queue.
	900000 states explored in 17.62s, with 1097507 rules fired and 613964 states in the queue.
	1000000 states explored in 19.13s, with 1217685 rules fired and 688324 states in the queue.
	1100000 states explored in 20.65s, with 1337418 rules fired and 761834 states in the queue.
	1200000 states explored in 22.24s, with 1457572 rules fired and 833005 states in the queue.
	1300000 states explored in 23.73s, with 1581085 rules fired and 908692 states in the queue.
	1400000 states explored in 25.18s, with 1702812 rules fired and 984837 states in the queue.
	1500000 states explored in 26.65s, with 1826850 rules fired and 1061583 states in the queue.
	1600000 states explored in 28.15s, with 1955302 rules fired and 1138223 states in the queue.
	1700000 states explored in 29.64s, with 2085990 rules fired and 1215717 states in the queue.
	1800000 states explored in 31.20s, with 2213353 rules fired and 1289934 states in the queue.
	1900000 states explored in 32.77s, with 2342327 rules fired and 1363983 states in the queue.
	2000000 states explored in 34.46s, with 2468478 rules fired and 1433537 states in the queue.
	2100000 states explored in 36.31s, with 2596158 rules fired and 1498003 states in the queue.
	2200000 states explored in 38.27s, with 2727053 rules fired and 1559350 states in the queue.
	2300000 states explored in 40.05s, with 2855307 rules fired and 1626691 states in the queue.
	2400000 states explored in 41.48s, with 2975860 rules fired and 1704002 states in the queue.
	2500000 states explored in 42.82s, with 3097703 rules fired and 1784816 states in the queue.
	2600000 states explored in 44.19s, with 3219916 rules fired and 1864886 states in the queue.
	2700000 states explored in 45.57s, with 3343315 rules fired and 1944909 states in the queue.
	2800000 states explored in 47.00s, with 3465442 rules fired and 2022993 states in the queue.
	2900000 states explored in 48.43s, with 3588430 rules fired and 2101015 states in the queue.
	3000000 states explored in 49.87s, with 3709713 rules fired and 2178546 states in the queue.
	3100000 states explored in 51.28s, with 3831931 rules fired and 2256967 states in the queue.
	3200000 states explored in 52.69s, with 3956379 rules fired and 2336212 states in the queue.
	3300000 states explored in 54.18s, with 4079755 rules fired and 2412017 states in the queue.
	3400000 states explored in 55.68s, with 4202537 rules fired and 2487583 states in the queue.
	3500000 states explored in 57.07s, with 4323621 rules fired and 2566879 states in the queue.
	3600000 states explored in 58.46s, with 4447190 rules fired and 2646699 states in the queue.
	3700000 states explored in 59.88s, with 4573003 rules fired and 2726172 states in the queue.
	3800000 states explored in 61.32s, with 4699371 rules fired and 2805020 states in the queue.
	3900000 states explored in 62.78s, with 4824891 rules fired and 2882937 states in the queue.
	4000000 states explored in 64.34s, with 4947145 rules fired and 2956320 states in the queue.
	4100000 states explored in 65.88s, with 5070349 rules fired and 3031057 states in the queue.
	4200000 states explored in 67.47s, with 5196990 rules fired and 3104766 states in the queue.
	4300000 states explored in 69.17s, with 5325853 rules fired and 3174556 states in the queue.
	4400000 states explored in 70.88s, with 5453004 rules fired and 3244384 states in the queue.
	4500000 states explored in 72.56s, with 5583045 rules fired and 3315477 states in the queue.
	4600000 states explored in 74.28s, with 5712840 rules fired and 3385010 states in the queue.
	4700000 states explored in 76.02s, with 5839245 rules fired and 3453546 states in the queue.
	4800000 states explored in 77.70s, with 5967515 rules fired and 3524327 states in the queue.
	4900000 states explored in 79.45s, with 6099904 rules fired and 3594054 states in the queue.
	5000000 states explored in 81.29s, with 6224534 rules fired and 3658642 states in the queue.
	5100000 states explored in 83.06s, with 6353638 rules fired and 3726772 states in the queue.
	5200000 states explored in 84.91s, with 6486298 rules fired and 3792467 states in the queue.
	5300000 states explored in 86.66s, with 6616249 rules fired and 3861142 states in the queue.
	5400000 states explored in 88.44s, with 6748097 rules fired and 3929846 states in the queue.
	5500000 states explored in 90.26s, with 6879341 rules fired and 3996897 states in the queue.
	5600000 states explored in 92.11s, with 7009351 rules fired and 4062383 states in the queue.
	5700000 states explored in 93.88s, with 7137660 rules fired and 4129987 states in the queue.
	5800000 states explored in 95.67s, with 7273878 rules fired and 4198978 states in the queue.
	5900000 states explored in 97.53s, with 7409647 rules fired and 4265395 states in the queue.
	6000000 states explored in 99.33s, with 7541548 rules fired and 4333403 states in the queue.
	6100000 states explored in 101.24s, with 7677618 rules fired and 4398653 states in the queue.
	6200000 states explored in 103.03s, with 7810662 rules fired and 4467559 states in the queue.
	6300000 states explored in 104.79s, with 7944100 rules fired and 4537390 states in the queue.
	6400000 states explored in 106.60s, with 8077209 rules fired and 4606012 states in the queue.
	6500000 states explored in 108.38s, with 8216046 rules fired and 4676257 states in the queue.
	6600000 states explored in 110.12s, with 8352530 rules fired and 4747408 states in the queue.
	6700000 states explored in 111.90s, with 8491669 rules fired and 4818524 states in the queue.
	6800000 states explored in 113.71s, with 8631057 rules fired and 4888573 states in the queue.
	6900000 states explored in 115.46s, with 8770182 rules fired and 4960195 states in the queue.
	7000000 states explored in 117.19s, with 8907719 rules fired and 5033109 states in the queue.
	7100000 states explored in 119.02s, with 9044281 rules fired and 5101896 states in the queue.
	7200000 states explored in 120.85s, with 9181984 rules fired and 5171042 states in the queue.
	7300000 states explored in 122.61s, with 9318569 rules fired and 5242214 states in the queue.
	7400000 states explored in 124.34s, with 9455781 rules fired and 5314519 states in the queue.
	7500000 states explored in 126.05s, with 9590822 rules fired and 5387570 states in the queue.
	7600000 states explored in 127.90s, with 9730164 rules fired and 5456186 states in the queue.
	7700000 states explored in 129.70s, with 9865480 rules fired and 5526250 states in the queue.
	7800000 states explored in 131.46s, with 10005835 rules fired and 5598623 states in the queue.
	7900000 states explored in 133.22s, with 10148033 rules fired and 5671268 states in the queue.
	8000000 states explored in 135.06s, with 10293926 rules fired and 5742263 states in the queue.
	8100000 states explored in 136.58s, with 10416999 rules fired and 5817967 states in the queue.
	8200000 states explored in 138.24s, with 10541740 rules fired and 5889193 states in the queue.
	8300000 states explored in 139.86s, with 10666380 rules fired and 5961816 states in the queue.
	8400000 states explored in 141.59s, with 10795510 rules fired and 6031818 states in the queue.
	8500000 states explored in 143.34s, with 10932195 rules fired and 6103036 states in the queue.
	8600000 states explored in 145.09s, with 11061231 rules fired and 6172224 states in the queue.
	8700000 states explored in 146.87s, with 11193235 rules fired and 6241704 states in the queue.
	8800000 states explored in 148.60s, with 11315678 rules fired and 6310231 states in the queue.
	8900000 states explored in 150.37s, with 11442216 rules fired and 6378385 states in the queue.
	9000000 states explored in 152.09s, with 11572393 rules fired and 6449203 states in the queue.
	9100000 states explored in 153.75s, with 11699034 rules fired and 6521765 states in the queue.
	9200000 states explored in 155.43s, with 11826366 rules fired and 6593308 states in the queue.
	9300000 states explored in 157.12s, with 11954557 rules fired and 6664882 states in the queue.
	9400000 states explored in 158.61s, with 12078237 rules fired and 6741443 states in the queue.
	9500000 states explored in 160.27s, with 12207167 rules fired and 6813469 states in the queue.
	9600000 states explored in 162.08s, with 12339425 rules fired and 6881856 states in the queue.
	9700000 states explored in 163.87s, with 12466917 rules fired and 6949358 states in the queue.
	9800000 states explored in 165.77s, with 12601784 rules fired and 7015344 states in the queue.
	9900000 states explored in 167.18s, with 12725239 rules fired and 7094631 states in the queue.
	10000000 states explored in 168.96s, with 12855958 rules fired and 7163629 states in the queue.
	10100000 states explored in 170.75s, with 12986882 rules fired and 7232976 states in the queue.
	10200000 states explored in 172.42s, with 13113782 rules fired and 7304840 states in the queue.
	10300000 states explored in 174.17s, with 13244665 rules fired and 7375991 states in the queue.
	10400000 states explored in 175.98s, with 13373429 rules fired and 7443632 states in the queue.
	10500000 states explored in 177.75s, with 13497568 rules fired and 7510697 states in the queue.
	10600000 states explored in 179.58s, with 13626351 rules fired and 7577787 states in the queue.
	10700000 states explored in 181.47s, with 13757195 rules fired and 7643872 states in the queue.
	10800000 states explored in 183.37s, with 13887380 rules fired and 7708556 states in the queue.
	10900000 states explored in 185.20s, with 14022042 rules fired and 7777125 states in the queue.
	11000000 states explored in 186.99s, with 14155887 rules fired and 7846984 states in the queue.
	11100000 states explored in 188.69s, with 14291050 rules fired and 7919442 states in the queue.
	11200000 states explored in 190.46s, with 14422138 rules fired and 7989053 states in the queue.
	11300000 states explored in 192.31s, with 14556831 rules fired and 8057205 states in the queue.
	11400000 states explored in 194.16s, with 14695145 rules fired and 8126382 states in the queue.

Error:

	Internal Error: Too many active states.



