This program should be regarded as a DEBUGGING aid, not as a 
certifier of correctness.
Call with the -l flag or read the license file for terms
and conditions of use.
Run this program with "-h" for the list of options.

Bugs, questions, and comments should be directed to
"melatti@di.uniroma1.it".

CMurphi compiler last modified date: Jul 24 2024
Include files last modified date:    Jul 23 2021
==========================================================================

==========================================================================
Caching Murphi Release 5.5.0
Finite-state Concurrent System Verifier.

Caching Murphi Release 5.5.0 is based on various versions of Murphi.
Caching Murphi Release 5.5.0 :
Copyright (C) 2009-2012 by Sapienza University of Rome.
Murphi release 3.1 :
Copyright (C) 1992 - 1999 by the Board of Trustees of
Leland Stanford Junior University.

==========================================================================

Protocol: ./protocols/exec/Godsont_node8/Godsont_node8_inv124
===========================================
  You are using EDMC algorithm.  
===========================================

===== Startstates are generated! =====
Carelist Layer 0: node[1].cache[1].state node[2].cache[1].state node[3].cache[1].state node[4].cache[1].state node[5].cache[1].state node[6].cache[1].state node[7].cache[1].state node[8].cache[1].state 
Carelist Layer 1: node[node].hasLock lock[node].beUsed lock[node].owner node[node].cache[node].state node[node].cache[node].addr lock[node].inProtection[node] 
Attr: lock[node].inProtection[node] Level: 1 Wi: 2
Attr: lock[node].owner Level: 1 Wi: 2
Attr: node[node].cache[node].state Level: 1 Wi: 2
Attr: node[node].hasLock Level: 1 Wi: 2
Attr: node[8].cache[1].state Level: 0 Wi: 4
Attr: node[7].cache[1].state Level: 0 Wi: 4
Attr: node[1].cache[1].state Level: 0 Wi: 4
Attr: node[3].cache[1].state Level: 0 Wi: 4
Attr: node[node].cache[node].addr Level: 1 Wi: 2
Attr: node[2].cache[1].state Level: 0 Wi: 4
Attr: node[4].cache[1].state Level: 0 Wi: 4
Attr: lock[node].beUsed Level: 1 Wi: 2
Attr: node[6].cache[1].state Level: 0 Wi: 4
Attr: node[5].cache[1].state Level: 0 Wi: 4

===== Init heuristics! =====

Progress Report:

	100000 states explored in 3.91s, with 116564 rules fired and 78220 states in the queue.
	200000 states explored in 5.72s, with 239617 rules fired and 143433 states in the queue.
	300000 states explored in 7.51s, with 367422 rules fired and 210659 states in the queue.
	400000 states explored in 9.26s, with 486091 rules fired and 277179 states in the queue.
	500000 states explored in 11.20s, with 610919 rules fired and 338245 states in the queue.
	600000 states explored in 13.18s, with 736710 rules fired and 398347 states in the queue.
	700000 states explored in 15.15s, with 866956 rules fired and 459942 states in the queue.
	800000 states explored in 16.55s, with 981172 rules fired and 537996 states in the queue.
	900000 states explored in 17.92s, with 1098039 rules fired and 617678 states in the queue.
	1000000 states explored in 19.38s, with 1216427 rules fired and 694710 states in the queue.
	1100000 states explored in 20.86s, with 1336483 rules fired and 771514 states in the queue.
	1200000 states explored in 22.50s, with 1454371 rules fired and 841720 states in the queue.
	1300000 states explored in 23.97s, with 1576276 rules fired and 919276 states in the queue.
	1400000 states explored in 25.50s, with 1696858 rules fired and 994173 states in the queue.
	1500000 states explored in 27.03s, with 1821408 rules fired and 1070673 states in the queue.
	1600000 states explored in 28.60s, with 1945184 rules fired and 1145451 states in the queue.
	1700000 states explored in 30.15s, with 2067855 rules fired and 1220541 states in the queue.
	1800000 states explored in 31.62s, with 2193490 rules fired and 1299097 states in the queue.
	1900000 states explored in 33.14s, with 2322854 rules fired and 1376921 states in the queue.
	2000000 states explored in 34.73s, with 2458770 rules fired and 1453833 states in the queue.
	2100000 states explored in 36.52s, with 2586405 rules fired and 1522423 states in the queue.
	2200000 states explored in 38.39s, with 2716495 rules fired and 1588400 states in the queue.
	2300000 states explored in 40.30s, with 2844929 rules fired and 1653293 states in the queue.
	2400000 states explored in 42.15s, with 2975581 rules fired and 1720058 states in the queue.
	2500000 states explored in 43.89s, with 3104226 rules fired and 1790899 states in the queue.
	2600000 states explored in 45.27s, with 3224308 rules fired and 1872497 states in the queue.
	2700000 states explored in 46.72s, with 3345980 rules fired and 1951381 states in the queue.
	2800000 states explored in 48.18s, with 3464976 rules fired and 2029085 states in the queue.
	2900000 states explored in 49.69s, with 3586811 rules fired and 2106115 states in the queue.
	3000000 states explored in 51.19s, with 3708446 rules fired and 2182649 states in the queue.
	3100000 states explored in 52.62s, with 3830920 rules fired and 2262090 states in the queue.
	3200000 states explored in 54.08s, with 3954739 rules fired and 2340916 states in the queue.
	3300000 states explored in 55.59s, with 4075880 rules fired and 2417318 states in the queue.
	3400000 states explored in 57.02s, with 4199167 rules fired and 2497058 states in the queue.
	3500000 states explored in 58.59s, with 4323550 rules fired and 2572067 states in the queue.
	3600000 states explored in 60.13s, with 4446137 rules fired and 2647376 states in the queue.
	3700000 states explored in 61.59s, with 4567731 rules fired and 2726299 states in the queue.
	3800000 states explored in 63.17s, with 4689036 rules fired and 2800622 states in the queue.
	3900000 states explored in 64.76s, with 4809879 rules fired and 2874355 states in the queue.
	4000000 states explored in 66.60s, with 4931016 rules fired and 2938667 states in the queue.
	4100000 states explored in 68.38s, with 5058257 rules fired and 3006996 states in the queue.
	4200000 states explored in 70.12s, with 5182953 rules fired and 3076357 states in the queue.
	4300000 states explored in 71.84s, with 5307572 rules fired and 3146537 states in the queue.
	4400000 states explored in 73.56s, with 5432213 rules fired and 3216237 states in the queue.
	4500000 states explored in 75.32s, with 5559803 rules fired and 3285365 states in the queue.
	4600000 states explored in 77.05s, with 5685330 rules fired and 3355029 states in the queue.
	4700000 states explored in 78.71s, with 5815442 rules fired and 3428293 states in the queue.
	4800000 states explored in 80.50s, with 5943705 rules fired and 3496977 states in the queue.
	4900000 states explored in 82.16s, with 6070447 rules fired and 3570220 states in the queue.
	5000000 states explored in 83.96s, with 6202295 rules fired and 3640032 states in the queue.
	5100000 states explored in 85.69s, with 6329513 rules fired and 3711009 states in the queue.
	5200000 states explored in 87.49s, with 6461261 rules fired and 3780777 states in the queue.
	5300000 states explored in 89.18s, with 6587604 rules fired and 3852813 states in the queue.
	5400000 states explored in 90.96s, with 6719186 rules fired and 3922830 states in the queue.
	5500000 states explored in 92.73s, with 6847753 rules fired and 3992914 states in the queue.
	5600000 states explored in 94.60s, with 6977190 rules fired and 4059352 states in the queue.
	5700000 states explored in 96.40s, with 7105770 rules fired and 4127940 states in the queue.
	5800000 states explored in 98.27s, with 7244610 rules fired and 4197075 states in the queue.
	5900000 states explored in 100.07s, with 7375464 rules fired and 4266417 states in the queue.
	6000000 states explored in 101.84s, with 7509331 rules fired and 4337932 states in the queue.
	6100000 states explored in 103.60s, with 7640044 rules fired and 4408897 states in the queue.
	6200000 states explored in 105.47s, with 7766976 rules fired and 4474786 states in the queue.
	6300000 states explored in 107.28s, with 7896744 rules fired and 4543112 states in the queue.
	6400000 states explored in 109.06s, with 8025621 rules fired and 4612290 states in the queue.
	6500000 states explored in 110.93s, with 8160169 rules fired and 4680188 states in the queue.
	6600000 states explored in 112.74s, with 8292091 rules fired and 4749808 states in the queue.
	6700000 states explored in 114.48s, with 8431455 rules fired and 4823994 states in the queue.
	6800000 states explored in 116.28s, with 8566000 rules fired and 4894898 states in the queue.
	6900000 states explored in 118.11s, with 8699189 rules fired and 4964074 states in the queue.
	7000000 states explored in 119.92s, with 8835732 rules fired and 5035165 states in the queue.
	7100000 states explored in 121.76s, with 8980195 rules fired and 5106657 states in the queue.
	7200000 states explored in 123.52s, with 9115837 rules fired and 5179592 states in the queue.
	7300000 states explored in 125.35s, with 9251384 rules fired and 5250124 states in the queue.
	7400000 states explored in 127.25s, with 9392151 rules fired and 5319363 states in the queue.
	7500000 states explored in 129.15s, with 9532061 rules fired and 5388670 states in the queue.
	7600000 states explored in 130.96s, with 9669569 rules fired and 5459921 states in the queue.
	7700000 states explored in 132.75s, with 9807163 rules fired and 5532150 states in the queue.
	7800000 states explored in 134.60s, with 9948387 rules fired and 5603297 states in the queue.
	7900000 states explored in 136.38s, with 10086294 rules fired and 5676144 states in the queue.
	8000000 states explored in 138.19s, with 10225448 rules fired and 5748483 states in the queue.
	8100000 states explored in 140.04s, with 10369252 rules fired and 5820443 states in the queue.
	8200000 states explored in 141.86s, with 10507986 rules fired and 5892384 states in the queue.
	8300000 states explored in 143.67s, with 10647435 rules fired and 5964963 states in the queue.
	8400000 states explored in 145.47s, with 10787650 rules fired and 6038022 states in the queue.
	8500000 states explored in 147.38s, with 10931599 rules fired and 6107829 states in the queue.
	8600000 states explored in 149.20s, with 11069805 rules fired and 6180050 states in the queue.
	8700000 states explored in 151.07s, with 11212058 rules fired and 6251618 states in the queue.
	8800000 states explored in 152.83s, with 11349902 rules fired and 6325276 states in the queue.
	8900000 states explored in 154.15s, with 11469375 rules fired and 6407677 states in the queue.
	9000000 states explored in 155.87s, with 11595102 rules fired and 6479155 states in the queue.
	9100000 states explored in 157.58s, with 11724893 rules fired and 6552625 states in the queue.
	9200000 states explored in 159.11s, with 11851162 rules fired and 6630252 states in the queue.
	9300000 states explored in 160.85s, with 11973894 rules fired and 6700153 states in the queue.
	9400000 states explored in 162.59s, with 12103232 rules fired and 6771470 states in the queue.
	9500000 states explored in 164.31s, with 12227630 rules fired and 6842476 states in the queue.
	9600000 states explored in 166.04s, with 12353449 rules fired and 6913530 states in the queue.
	9700000 states explored in 167.82s, with 12480936 rules fired and 6983174 states in the queue.
	9800000 states explored in 169.58s, with 12605516 rules fired and 7052929 states in the queue.
	9900000 states explored in 171.26s, with 12729649 rules fired and 7125015 states in the queue.
	10000000 states explored in 172.81s, with 12856384 rules fired and 7202714 states in the queue.
	10100000 states explored in 174.47s, with 12984489 rules fired and 7277443 states in the queue.
	10200000 states explored in 176.12s, with 13109718 rules fired and 7351382 states in the queue.
	10300000 states explored in 178.01s, with 13242014 rules fired and 7419204 states in the queue.
	10400000 states explored in 179.84s, with 13384655 rules fired and 7490638 states in the queue.
	10500000 states explored in 181.54s, with 13512901 rules fired and 7564141 states in the queue.
	10600000 states explored in 183.34s, with 13642428 rules fired and 7634585 states in the queue.
	10700000 states explored in 185.24s, with 13778276 rules fired and 7702954 states in the queue.
	10800000 states explored in 187.00s, with 13911140 rules fired and 7775896 states in the queue.
	10900000 states explored in 188.73s, with 14042342 rules fired and 7849613 states in the queue.
	11000000 states explored in 190.38s, with 14167586 rules fired and 7923223 states in the queue.
	11100000 states explored in 192.02s, with 14296604 rules fired and 7998003 states in the queue.
	11200000 states explored in 193.74s, with 14430320 rules fired and 8072159 states in the queue.

Error:

	Internal Error: Too many active states.



