This program should be regarded as a DEBUGGING aid, not as a 
certifier of correctness.
Call with the -l flag or read the license file for terms
and conditions of use.
Run this program with "-h" for the list of options.

Bugs, questions, and comments should be directed to
"melatti@di.uniroma1.it".

CMurphi compiler last modified date: Jul 24 2024
Include files last modified date:    Jul 23 2021
==========================================================================

==========================================================================
Caching Murphi Release 5.5.0
Finite-state Concurrent System Verifier.

Caching Murphi Release 5.5.0 is based on various versions of Murphi.
Caching Murphi Release 5.5.0 :
Copyright (C) 2009-2012 by Sapienza University of Rome.
Murphi release 3.1 :
Copyright (C) 1992 - 1999 by the Board of Trustees of
Leland Stanford Junior University.

==========================================================================

Protocol: ./protocols/exec/Godsont_node8/Godsont_node8_inv180
===========================================
  You are using EDMC algorithm.  
===========================================

===== Startstates are generated! =====
Carelist Layer 0: node[1].cache[1].state node[2].cache[1].state node[3].cache[1].state node[4].cache[1].state node[5].cache[1].state node[6].cache[1].state node[7].cache[1].state node[8].cache[1].state 
Carelist Layer 1: node[node].hasLock lock[node].beUsed lock[node].owner node[node].cache[node].state node[node].cache[node].addr lock[node].inProtection[node] 
Attr: lock[node].inProtection[node] Level: 1 Wi: 2
Attr: lock[node].owner Level: 1 Wi: 2
Attr: node[node].cache[node].state Level: 1 Wi: 2
Attr: node[node].hasLock Level: 1 Wi: 2
Attr: node[8].cache[1].state Level: 0 Wi: 4
Attr: node[7].cache[1].state Level: 0 Wi: 4
Attr: node[1].cache[1].state Level: 0 Wi: 4
Attr: node[3].cache[1].state Level: 0 Wi: 4
Attr: node[node].cache[node].addr Level: 1 Wi: 2
Attr: node[2].cache[1].state Level: 0 Wi: 4
Attr: node[4].cache[1].state Level: 0 Wi: 4
Attr: lock[node].beUsed Level: 1 Wi: 2
Attr: node[6].cache[1].state Level: 0 Wi: 4
Attr: node[5].cache[1].state Level: 0 Wi: 4

===== Init heuristics! =====

Progress Report:

	100000 states explored in 3.97s, with 116379 rules fired and 78301 states in the queue.
	200000 states explored in 5.78s, with 240422 rules fired and 142096 states in the queue.
	300000 states explored in 7.44s, with 366050 rules fired and 211675 states in the queue.
	400000 states explored in 9.21s, with 487731 rules fired and 276483 states in the queue.
	500000 states explored in 11.19s, with 612565 rules fired and 334558 states in the queue.
	600000 states explored in 13.17s, with 739240 rules fired and 393273 states in the queue.
	700000 states explored in 15.05s, with 867277 rules fired and 456077 states in the queue.
	800000 states explored in 16.35s, with 982185 rules fired and 536541 states in the queue.
	900000 states explored in 17.78s, with 1100163 rules fired and 612884 states in the queue.
	1000000 states explored in 19.23s, with 1219781 rules fired and 689164 states in the queue.
	1100000 states explored in 20.81s, with 1342266 rules fired and 761454 states in the queue.
	1200000 states explored in 22.41s, with 1459878 rules fired and 831641 states in the queue.
	1300000 states explored in 23.85s, with 1581872 rules fired and 908416 states in the queue.
	1400000 states explored in 25.27s, with 1707125 rules fired and 986721 states in the queue.
	1500000 states explored in 26.80s, with 1833569 rules fired and 1062445 states in the queue.
	1600000 states explored in 28.33s, with 1960960 rules fired and 1137810 states in the queue.
	1700000 states explored in 29.85s, with 2087422 rules fired and 1213011 states in the queue.
	1800000 states explored in 31.40s, with 2215734 rules fired and 1288185 states in the queue.
	1900000 states explored in 33.02s, with 2344074 rules fired and 1360802 states in the queue.
	2000000 states explored in 34.82s, with 2470984 rules fired and 1426689 states in the queue.
	2100000 states explored in 36.75s, with 2599372 rules fired and 1488740 states in the queue.
	2200000 states explored in 38.53s, with 2729820 rules fired and 1556216 states in the queue.
	2300000 states explored in 40.20s, with 2854712 rules fired and 1626639 states in the queue.
	2400000 states explored in 41.61s, with 2973339 rules fired and 1704424 states in the queue.
	2500000 states explored in 42.98s, with 3095014 rules fired and 1784212 states in the queue.
	2600000 states explored in 44.39s, with 3216467 rules fired and 1862711 states in the queue.
	2700000 states explored in 45.79s, with 3343320 rules fired and 1942408 states in the queue.
	2800000 states explored in 47.21s, with 3464469 rules fired and 2020596 states in the queue.
	2900000 states explored in 48.64s, with 3588306 rules fired and 2099585 states in the queue.
	3000000 states explored in 50.03s, with 3711434 rules fired and 2179716 states in the queue.
	3100000 states explored in 51.39s, with 3834181 rules fired and 2260353 states in the queue.
	3200000 states explored in 52.88s, with 3959808 rules fired and 2336839 states in the queue.
	3300000 states explored in 54.33s, with 4082958 rules fired and 2414307 states in the queue.
	3400000 states explored in 55.85s, with 4210413 rules fired and 2490433 states in the queue.
	3500000 states explored in 57.22s, with 4337671 rules fired and 2571694 states in the queue.
	3600000 states explored in 58.65s, with 4462081 rules fired and 2650333 states in the queue.
	3700000 states explored in 60.11s, with 4587794 rules fired and 2728280 states in the queue.
	3800000 states explored in 61.53s, with 4714558 rules fired and 2808162 states in the queue.
	3900000 states explored in 62.99s, with 4839992 rules fired and 2886075 states in the queue.
	4000000 states explored in 64.54s, with 4963846 rules fired and 2960339 states in the queue.
	4100000 states explored in 66.19s, with 5084052 rules fired and 3029854 states in the queue.
	4200000 states explored in 67.83s, with 5210062 rules fired and 3101181 states in the queue.
	4300000 states explored in 69.46s, with 5340209 rules fired and 3174052 states in the queue.
	4400000 states explored in 71.04s, with 5470026 rules fired and 3248608 states in the queue.
	4500000 states explored in 72.78s, with 5596948 rules fired and 3317250 states in the queue.
	4600000 states explored in 74.54s, with 5724329 rules fired and 3384543 states in the queue.
	4700000 states explored in 76.19s, with 5851515 rules fired and 3455876 states in the queue.
	4800000 states explored in 77.92s, with 5982162 rules fired and 3525698 states in the queue.
	4900000 states explored in 79.58s, with 6110187 rules fired and 3596957 states in the queue.
	5000000 states explored in 81.38s, with 6238520 rules fired and 3664084 states in the queue.
	5100000 states explored in 83.12s, with 6371090 rules fired and 3734092 states in the queue.
	5200000 states explored in 84.83s, with 6499944 rules fired and 3803839 states in the queue.
	5300000 states explored in 86.56s, with 6627805 rules fired and 3873324 states in the queue.
	5400000 states explored in 88.42s, with 6759849 rules fired and 3938757 states in the queue.
	5500000 states explored in 90.19s, with 6888840 rules fired and 4007116 states in the queue.
	5600000 states explored in 91.98s, with 7021577 rules fired and 4075541 states in the queue.
	5700000 states explored in 93.82s, with 7155075 rules fired and 4142406 states in the queue.
	5800000 states explored in 95.59s, with 7287593 rules fired and 4211342 states in the queue.
	5900000 states explored in 97.44s, with 7418164 rules fired and 4276962 states in the queue.
	6000000 states explored in 99.37s, with 7557018 rules fired and 4341857 states in the queue.
	6100000 states explored in 101.24s, with 7693027 rules fired and 4408232 states in the queue.
	6200000 states explored in 103.12s, with 7824861 rules fired and 4473672 states in the queue.
	6300000 states explored in 104.85s, with 7957020 rules fired and 4544518 states in the queue.
	6400000 states explored in 106.62s, with 8093893 rules fired and 4614776 states in the queue.
	6500000 states explored in 108.43s, with 8230245 rules fired and 4683936 states in the queue.
	6600000 states explored in 110.21s, with 8364351 rules fired and 4753417 states in the queue.
	6700000 states explored in 112.07s, with 8498272 rules fired and 4820328 states in the queue.
	6800000 states explored in 113.87s, with 8633190 rules fired and 4889652 states in the queue.
	6900000 states explored in 115.69s, with 8770229 rules fired and 4958597 states in the queue.
	7000000 states explored in 117.46s, with 8909438 rules fired and 5030235 states in the queue.
	7100000 states explored in 119.16s, with 9046799 rules fired and 5103473 states in the queue.
	7200000 states explored in 121.10s, with 9192580 rules fired and 5170325 states in the queue.
	7300000 states explored in 122.85s, with 9329162 rules fired and 5241735 states in the queue.
	7400000 states explored in 124.59s, with 9465802 rules fired and 5313887 states in the queue.
	7500000 states explored in 126.33s, with 9606187 rules fired and 5386917 states in the queue.
	7600000 states explored in 128.07s, with 9744894 rules fired and 5459829 states in the queue.
	7700000 states explored in 129.92s, with 9884226 rules fired and 5528609 states in the queue.
	7800000 states explored in 131.74s, with 10022740 rules fired and 5598191 states in the queue.
	7900000 states explored in 133.50s, with 10160009 rules fired and 5669817 states in the queue.
	8000000 states explored in 135.24s, with 10295005 rules fired and 5741998 states in the queue.
	8100000 states explored in 136.87s, with 10416062 rules fired and 5813164 states in the queue.
	8200000 states explored in 138.43s, with 10544148 rules fired and 5889207 states in the queue.
	8300000 states explored in 139.97s, with 10672937 rules fired and 5965432 states in the queue.
	8400000 states explored in 141.56s, with 10797140 rules fired and 6039013 states in the queue.
	8500000 states explored in 143.14s, with 10921018 rules fired and 6112559 states in the queue.
	8600000 states explored in 144.63s, with 11044602 rules fired and 6189247 states in the queue.
	8700000 states explored in 146.33s, with 11174448 rules fired and 6261046 states in the queue.
	8800000 states explored in 148.06s, with 11307380 rules fired and 6332370 states in the queue.
	8900000 states explored in 149.72s, with 11434058 rules fired and 6404555 states in the queue.
	9000000 states explored in 151.39s, with 11560719 rules fired and 6476575 states in the queue.
	9100000 states explored in 153.27s, with 11688096 rules fired and 6541854 states in the queue.
	9200000 states explored in 154.82s, with 11815189 rules fired and 6617726 states in the queue.
	9300000 states explored in 156.50s, with 11941544 rules fired and 6689443 states in the queue.
	9400000 states explored in 158.20s, with 12071932 rules fired and 6760479 states in the queue.
	9500000 states explored in 159.81s, with 12202865 rules fired and 6835433 states in the queue.
	9600000 states explored in 161.53s, with 12331377 rules fired and 6906452 states in the queue.
	9700000 states explored in 163.18s, with 12452856 rules fired and 6977444 states in the queue.
	9800000 states explored in 164.76s, with 12581651 rules fired and 7051848 states in the queue.
	9900000 states explored in 166.43s, with 12707451 rules fired and 7122944 states in the queue.
	10000000 states explored in 168.29s, with 12837517 rules fired and 7188900 states in the queue.
	10100000 states explored in 170.04s, with 12967499 rules fired and 7258937 states in the queue.
	10200000 states explored in 171.86s, with 13095156 rules fired and 7326083 states in the queue.
	10300000 states explored in 173.54s, with 13223183 rules fired and 7397805 states in the queue.
	10400000 states explored in 175.30s, with 13349507 rules fired and 7466420 states in the queue.
	10500000 states explored in 177.15s, with 13483026 rules fired and 7534139 states in the queue.
	10600000 states explored in 179.02s, with 13620804 rules fired and 7601951 states in the queue.
	10700000 states explored in 180.85s, with 13750886 rules fired and 7669432 states in the queue.
	10800000 states explored in 182.57s, with 13884748 rules fired and 7741292 states in the queue.
	10900000 states explored in 184.39s, with 14012834 rules fired and 7808649 states in the queue.
	11000000 states explored in 186.26s, with 14146723 rules fired and 7875641 states in the queue.
	11100000 states explored in 188.10s, with 14280394 rules fired and 7943908 states in the queue.
	11200000 states explored in 189.92s, with 14415888 rules fired and 8013140 states in the queue.
	11300000 states explored in 191.80s, with 14556367 rules fired and 8082240 states in the queue.

Error:

	Internal Error: Too many active states.



