This program should be regarded as a DEBUGGING aid, not as a 
certifier of correctness.
Call with the -l flag or read the license file for terms
and conditions of use.
Run this program with "-h" for the list of options.

Bugs, questions, and comments should be directed to
"melatti@di.uniroma1.it".

CMurphi compiler last modified date: Jul 24 2024
Include files last modified date:    Jul 23 2021
==========================================================================

==========================================================================
Caching Murphi Release 5.5.0
Finite-state Concurrent System Verifier.

Caching Murphi Release 5.5.0 is based on various versions of Murphi.
Caching Murphi Release 5.5.0 :
Copyright (C) 2009-2012 by Sapienza University of Rome.
Murphi release 3.1 :
Copyright (C) 1992 - 1999 by the Board of Trustees of
Leland Stanford Junior University.

==========================================================================

Protocol: ./protocols/exec/Godsont_node8/Godsont_node8_inv48
===========================================
  You are using EDMC algorithm.  
===========================================

===== Startstates are generated! =====
Carelist Layer 0: node[1].cache[1].state node[2].cache[1].state node[3].cache[1].state node[4].cache[1].state node[5].cache[1].state node[6].cache[1].state node[7].cache[1].state node[8].cache[1].state 
Carelist Layer 1: node[node].hasLock lock[node].beUsed lock[node].owner node[node].cache[node].state node[node].cache[node].addr lock[node].inProtection[node] 
Attr: lock[node].inProtection[node] Level: 1 Wi: 2
Attr: lock[node].owner Level: 1 Wi: 2
Attr: node[node].cache[node].state Level: 1 Wi: 2
Attr: node[node].hasLock Level: 1 Wi: 2
Attr: node[8].cache[1].state Level: 0 Wi: 4
Attr: node[7].cache[1].state Level: 0 Wi: 4
Attr: node[1].cache[1].state Level: 0 Wi: 4
Attr: node[3].cache[1].state Level: 0 Wi: 4
Attr: node[node].cache[node].addr Level: 1 Wi: 2
Attr: node[2].cache[1].state Level: 0 Wi: 4
Attr: node[4].cache[1].state Level: 0 Wi: 4
Attr: lock[node].beUsed Level: 1 Wi: 2
Attr: node[6].cache[1].state Level: 0 Wi: 4
Attr: node[5].cache[1].state Level: 0 Wi: 4

===== Init heuristics! =====

Progress Report:

	100000 states explored in 3.85s, with 116653 rules fired and 77847 states in the queue.
	200000 states explored in 5.71s, with 241059 rules fired and 140880 states in the queue.
	300000 states explored in 7.69s, with 366523 rules fired and 207924 states in the queue.
	400000 states explored in 9.50s, with 488022 rules fired and 270634 states in the queue.
	500000 states explored in 11.78s, with 613554 rules fired and 328482 states in the queue.
	600000 states explored in 13.77s, with 740584 rules fired and 385707 states in the queue.
	700000 states explored in 15.47s, with 864319 rules fired and 452587 states in the queue.
	800000 states explored in 16.82s, with 979343 rules fired and 530024 states in the queue.
	900000 states explored in 18.20s, with 1096920 rules fired and 606987 states in the queue.
	1000000 states explored in 19.64s, with 1218766 rules fired and 682778 states in the queue.
	1100000 states explored in 21.21s, with 1341942 rules fired and 754716 states in the queue.
	1200000 states explored in 22.73s, with 1462983 rules fired and 827407 states in the queue.
	1300000 states explored in 24.25s, with 1585312 rules fired and 900712 states in the queue.
	1400000 states explored in 25.64s, with 1707933 rules fired and 978403 states in the queue.
	1500000 states explored in 27.08s, with 1834996 rules fired and 1055578 states in the queue.
	1600000 states explored in 28.63s, with 1962796 rules fired and 1129248 states in the queue.
	1700000 states explored in 30.24s, with 2096769 rules fired and 1202143 states in the queue.
	1800000 states explored in 31.96s, with 2224820 rules fired and 1269922 states in the queue.
	1900000 states explored in 33.74s, with 2351975 rules fired and 1335383 states in the queue.
	2000000 states explored in 35.63s, with 2480142 rules fired and 1397156 states in the queue.
	2100000 states explored in 37.40s, with 2607468 rules fired and 1463148 states in the queue.
	2200000 states explored in 38.79s, with 2726962 rules fired and 1540344 states in the queue.
	2300000 states explored in 40.15s, with 2846558 rules fired and 1618717 states in the queue.
	2400000 states explored in 41.56s, with 2964295 rules fired and 1695052 states in the queue.
	2500000 states explored in 43.02s, with 3085102 rules fired and 1770217 states in the queue.
	2600000 states explored in 44.47s, with 3208433 rules fired and 1846156 states in the queue.
	2700000 states explored in 45.92s, with 3331501 rules fired and 1922315 states in the queue.
	2800000 states explored in 47.38s, with 3453007 rules fired and 1997457 states in the queue.
	2900000 states explored in 48.76s, with 3575036 rules fired and 2075785 states in the queue.
	3000000 states explored in 50.19s, with 3699765 rules fired and 2153523 states in the queue.
	3100000 states explored in 51.63s, with 3826487 rules fired and 2230954 states in the queue.
	3200000 states explored in 53.03s, with 3953557 rules fired and 2310120 states in the queue.
	3300000 states explored in 54.41s, with 4077126 rules fired and 2389418 states in the queue.
	3400000 states explored in 55.77s, with 4200819 rules fired and 2469185 states in the queue.
	3500000 states explored in 57.14s, with 4326214 rules fired and 2549024 states in the queue.
	3600000 states explored in 58.51s, with 4450987 rules fired and 2629357 states in the queue.
	3700000 states explored in 59.92s, with 4577233 rules fired and 2708074 states in the queue.
	3800000 states explored in 61.30s, with 4703611 rules fired and 2787901 states in the queue.
	3900000 states explored in 62.71s, with 4831975 rules fired and 2867289 states in the queue.
	4000000 states explored in 64.13s, with 4962416 rules fired and 2947221 states in the queue.
	4100000 states explored in 65.61s, with 5092450 rules fired and 3025809 states in the queue.
	4200000 states explored in 67.08s, with 5221409 rules fired and 3103493 states in the queue.
	4300000 states explored in 68.69s, with 5347631 rules fired and 3175137 states in the queue.
	4400000 states explored in 70.34s, with 5478372 rules fired and 3246630 states in the queue.
	4500000 states explored in 71.91s, with 5604125 rules fired and 3320015 states in the queue.
	4600000 states explored in 73.57s, with 5732685 rules fired and 3390342 states in the queue.
	4700000 states explored in 75.27s, with 5865311 rules fired and 3460386 states in the queue.
	4800000 states explored in 76.94s, with 5996109 rules fired and 3531429 states in the queue.
	4900000 states explored in 78.68s, with 6128075 rules fired and 3599544 states in the queue.
	5000000 states explored in 80.43s, with 6259057 rules fired and 3667624 states in the queue.
	5100000 states explored in 82.28s, with 6390715 rules fired and 3732453 states in the queue.
	5200000 states explored in 84.13s, with 6521698 rules fired and 3796985 states in the queue.
	5300000 states explored in 85.87s, with 6652741 rules fired and 3865635 states in the queue.
	5400000 states explored in 87.71s, with 6784059 rules fired and 3930877 states in the queue.
	5500000 states explored in 89.60s, with 6915143 rules fired and 3994382 states in the queue.
	5600000 states explored in 91.49s, with 7044299 rules fired and 4057058 states in the queue.
	5700000 states explored in 93.24s, with 7179726 rules fired and 4126743 states in the queue.
	5800000 states explored in 95.09s, with 7315645 rules fired and 4192830 states in the queue.
	5900000 states explored in 96.97s, with 7451598 rules fired and 4258531 states in the queue.
	6000000 states explored in 98.82s, with 7585855 rules fired and 4324775 states in the queue.
	6100000 states explored in 100.64s, with 7720887 rules fired and 4391471 states in the queue.
	6200000 states explored in 102.43s, with 7859456 rules fired and 4460362 states in the queue.
	6300000 states explored in 104.27s, with 7993531 rules fired and 4526540 states in the queue.
	6400000 states explored in 106.07s, with 8129997 rules fired and 4594979 states in the queue.
	6500000 states explored in 107.77s, with 8267379 rules fired and 4667072 states in the queue.
	6600000 states explored in 109.55s, with 8402764 rules fired and 4736002 states in the queue.
	6700000 states explored in 111.36s, with 8539929 rules fired and 4804354 states in the queue.
	6800000 states explored in 113.13s, with 8678929 rules fired and 4874562 states in the queue.
	6900000 states explored in 114.86s, with 8817383 rules fired and 4946077 states in the queue.
	7000000 states explored in 116.57s, with 8957726 rules fired and 5018731 states in the queue.
	7100000 states explored in 118.29s, with 9097347 rules fired and 5090963 states in the queue.
	7200000 states explored in 120.06s, with 9235789 rules fired and 5161383 states in the queue.
	7300000 states explored in 121.85s, with 9372499 rules fired and 5230254 states in the queue.
	7400000 states explored in 123.51s, with 9495508 rules fired and 5300089 states in the queue.
	7500000 states explored in 125.08s, with 9620562 rules fired and 5373186 states in the queue.
	7600000 states explored in 126.50s, with 9741242 rules fired and 5450440 states in the queue.
	7700000 states explored in 128.16s, with 9865473 rules fired and 5520255 states in the queue.
	7800000 states explored in 129.87s, with 9990672 rules fired and 5588562 states in the queue.
	7900000 states explored in 131.60s, with 10116501 rules fired and 5656952 states in the queue.
	8000000 states explored in 133.34s, with 10240046 rules fired and 5723723 states in the queue.
	8100000 states explored in 135.04s, with 10363762 rules fired and 5792178 states in the queue.
	8200000 states explored in 136.49s, with 10485310 rules fired and 5868628 states in the queue.
	8300000 states explored in 138.19s, with 10615534 rules fired and 5938450 states in the queue.
	8400000 states explored in 139.72s, with 10737973 rules fired and 6012427 states in the queue.
	8500000 states explored in 141.29s, with 10863182 rules fired and 6086011 states in the queue.
	8600000 states explored in 142.84s, with 10987018 rules fired and 6159602 states in the queue.
	8700000 states explored in 144.44s, with 11114219 rules fired and 6232185 states in the queue.
	8800000 states explored in 146.01s, with 11236499 rules fired and 6304830 states in the queue.
	8900000 states explored in 147.75s, with 11365033 rules fired and 6372989 states in the queue.
	9000000 states explored in 149.48s, with 11494511 rules fired and 6442271 states in the queue.
	9100000 states explored in 151.22s, with 11628093 rules fired and 6511641 states in the queue.
	9200000 states explored in 152.86s, with 11761231 rules fired and 6584452 states in the queue.
	9300000 states explored in 154.47s, with 11892410 rules fired and 6657959 states in the queue.
	9400000 states explored in 156.16s, with 12024372 rules fired and 6729870 states in the queue.
	9500000 states explored in 157.84s, with 12155728 rules fired and 6801495 states in the queue.
	9600000 states explored in 159.49s, with 12279936 rules fired and 6872331 states in the queue.
	9700000 states explored in 161.22s, with 12416167 rules fired and 6943441 states in the queue.
	9800000 states explored in 163.10s, with 12539845 rules fired and 7006194 states in the queue.
	9900000 states explored in 164.84s, with 12666079 rules fired and 7074422 states in the queue.
	10000000 states explored in 166.64s, with 12794491 rules fired and 7140820 states in the queue.
	10100000 states explored in 168.44s, with 12930443 rules fired and 7209773 states in the queue.
	10200000 states explored in 170.18s, with 13059897 rules fired and 7278762 states in the queue.
	10300000 states explored in 172.02s, with 13192610 rules fired and 7345541 states in the queue.
	10400000 states explored in 173.84s, with 13324581 rules fired and 7412454 states in the queue.
	10500000 states explored in 175.44s, with 13458628 rules fired and 7486692 states in the queue.
	10600000 states explored in 177.21s, with 13589120 rules fired and 7555287 states in the queue.
	10700000 states explored in 178.75s, with 13712901 rules fired and 7629408 states in the queue.
	10800000 states explored in 180.60s, with 13845612 rules fired and 7696004 states in the queue.
	10900000 states explored in 182.46s, with 13979171 rules fired and 7762288 states in the queue.
	11000000 states explored in 184.31s, with 14114596 rules fired and 7829270 states in the queue.
	11100000 states explored in 186.06s, with 14249964 rules fired and 7899914 states in the queue.
	11200000 states explored in 187.96s, with 14384879 rules fired and 7965461 states in the queue.
	11300000 states explored in 189.84s, with 14524003 rules fired and 8032773 states in the queue.
	11400000 states explored in 191.80s, with 14665468 rules fired and 8098159 states in the queue.

Error:

	Internal Error: Too many active states.



