This program should be regarded as a DEBUGGING aid, not as a 
certifier of correctness.
Call with the -l flag or read the license file for terms
and conditions of use.
Run this program with "-h" for the list of options.

Bugs, questions, and comments should be directed to
"melatti@di.uniroma1.it".

CMurphi compiler last modified date: Jul 24 2024
Include files last modified date:    Jul 23 2021
==========================================================================

==========================================================================
Caching Murphi Release 5.5.0
Finite-state Concurrent System Verifier.

Caching Murphi Release 5.5.0 is based on various versions of Murphi.
Caching Murphi Release 5.5.0 :
Copyright (C) 2009-2012 by Sapienza University of Rome.
Murphi release 3.1 :
Copyright (C) 1992 - 1999 by the Board of Trustees of
Leland Stanford Junior University.

==========================================================================

Protocol: ./protocols/exec/Godsont_node8/Godsont_node8_inv259
===========================================
  You are using EDMC algorithm.  
===========================================

===== Startstates are generated! =====
Carelist Layer 0: node[1].cache[1].state node[2].cache[1].state node[3].cache[1].state node[4].cache[1].state node[5].cache[1].state node[6].cache[1].state node[7].cache[1].state node[8].cache[1].state 
Carelist Layer 1: node[node].hasLock lock[node].beUsed lock[node].owner node[node].cache[node].state node[node].cache[node].addr lock[node].inProtection[node] 
Attr: lock[node].inProtection[node] Level: 1 Wi: 2
Attr: lock[node].owner Level: 1 Wi: 2
Attr: node[node].cache[node].state Level: 1 Wi: 2
Attr: node[node].hasLock Level: 1 Wi: 2
Attr: node[8].cache[1].state Level: 0 Wi: 4
Attr: node[7].cache[1].state Level: 0 Wi: 4
Attr: node[1].cache[1].state Level: 0 Wi: 4
Attr: node[3].cache[1].state Level: 0 Wi: 4
Attr: node[node].cache[node].addr Level: 1 Wi: 2
Attr: node[2].cache[1].state Level: 0 Wi: 4
Attr: node[4].cache[1].state Level: 0 Wi: 4
Attr: lock[node].beUsed Level: 1 Wi: 2
Attr: node[6].cache[1].state Level: 0 Wi: 4
Attr: node[5].cache[1].state Level: 0 Wi: 4

===== Init heuristics! =====

Progress Report:

	100000 states explored in 4.12s, with 116068 rules fired and 78945 states in the queue.
	200000 states explored in 6.87s, with 238395 rules fired and 145480 states in the queue.
	300000 states explored in 8.68s, with 364450 rules fired and 214144 states in the queue.
	400000 states explored in 11.32s, with 483825 rules fired and 281571 states in the queue.
	500000 states explored in 13.28s, with 606305 rules fired and 346847 states in the queue.
	600000 states explored in 15.21s, with 730434 rules fired and 409986 states in the queue.
	700000 states explored in 17.16s, with 859376 rules fired and 473390 states in the queue.
	800000 states explored in 18.85s, with 985102 rules fired and 545295 states in the queue.
	900000 states explored in 20.29s, with 1099329 rules fired and 623393 states in the queue.
	1000000 states explored in 21.72s, with 1216754 rules fired and 702336 states in the queue.
	1100000 states explored in 23.15s, with 1332144 rules fired and 780921 states in the queue.
	1200000 states explored in 24.56s, with 1451110 rules fired and 860946 states in the queue.
	1300000 states explored in 26.03s, with 1570189 rules fired and 939168 states in the queue.
	1400000 states explored in 27.55s, with 1690509 rules fired and 1015924 states in the queue.
	1500000 states explored in 29.06s, with 1812519 rules fired and 1093391 states in the queue.
	1600000 states explored in 30.67s, with 1936687 rules fired and 1168021 states in the queue.
	1700000 states explored in 32.30s, with 2060368 rules fired and 1242226 states in the queue.
	1800000 states explored in 33.88s, with 2184060 rules fired and 1317836 states in the queue.
	1900000 states explored in 35.41s, with 2306099 rules fired and 1395596 states in the queue.
	2000000 states explored in 36.91s, with 2430640 rules fired and 1474190 states in the queue.
	2100000 states explored in 38.41s, with 2558265 rules fired and 1553907 states in the queue.
	2200000 states explored in 39.97s, with 2689571 rules fired and 1632613 states in the queue.
	2300000 states explored in 41.74s, with 2822877 rules fired and 1704748 states in the queue.
	2400000 states explored in 43.53s, with 2949219 rules fired and 1774410 states in the queue.
	2500000 states explored in 45.31s, with 3078002 rules fired and 1844960 states in the queue.
	2600000 states explored in 47.21s, with 3210329 rules fired and 1912568 states in the queue.
	2700000 states explored in 49.03s, with 3339047 rules fired and 1981681 states in the queue.
	2800000 states explored in 50.97s, with 3476983 rules fired and 2048879 states in the queue.
	2900000 states explored in 52.76s, with 3601701 rules fired and 2117584 states in the queue.
	3000000 states explored in 54.43s, with 3718669 rules fired and 2187919 states in the queue.
	3100000 states explored in 56.00s, with 3834325 rules fired and 2261286 states in the queue.
	3200000 states explored in 57.67s, with 3951530 rules fired and 2332289 states in the queue.
	3300000 states explored in 59.24s, with 4071894 rules fired and 2406839 states in the queue.
	3400000 states explored in 60.84s, with 4192163 rules fired and 2481001 states in the queue.
	3500000 states explored in 62.53s, with 4313846 rules fired and 2552384 states in the queue.
	3600000 states explored in 64.19s, with 4436092 rules fired and 2625034 states in the queue.
	3700000 states explored in 65.86s, with 4557699 rules fired and 2696923 states in the queue.
	3800000 states explored in 67.55s, with 4681193 rules fired and 2768697 states in the queue.
	3900000 states explored in 69.22s, with 4805690 rules fired and 2841454 states in the queue.
	4000000 states explored in 70.90s, with 4928674 rules fired and 2913851 states in the queue.
	4100000 states explored in 72.58s, with 5053601 rules fired and 2986891 states in the queue.
	4200000 states explored in 74.22s, with 5178484 rules fired and 3060762 states in the queue.
	4300000 states explored in 75.98s, with 5301909 rules fired and 3130472 states in the queue.
	4400000 states explored in 77.66s, with 5429967 rules fired and 3203983 states in the queue.
	4500000 states explored in 79.41s, with 5557609 rules fired and 3275104 states in the queue.
	4600000 states explored in 81.10s, with 5681167 rules fired and 3347525 states in the queue.
	4700000 states explored in 82.77s, with 5803754 rules fired and 3420255 states in the queue.
	4800000 states explored in 84.46s, with 5928267 rules fired and 3493160 states in the queue.
	4900000 states explored in 86.22s, with 6052250 rules fired and 3563149 states in the queue.
	5000000 states explored in 87.94s, with 6176641 rules fired and 3634754 states in the queue.
	5100000 states explored in 89.64s, with 6303377 rules fired and 3707750 states in the queue.
	5200000 states explored in 91.48s, with 6429719 rules fired and 3775502 states in the queue.
	5300000 states explored in 93.22s, with 6563451 rules fired and 3848345 states in the queue.
	5400000 states explored in 94.97s, with 6692373 rules fired and 3922001 states in the queue.
	5500000 states explored in 96.66s, with 6821936 rules fired and 3996923 states in the queue.
	5600000 states explored in 98.41s, with 6951338 rules fired and 4068665 states in the queue.
	5700000 states explored in 100.15s, with 7081345 rules fired and 4141797 states in the queue.
	5800000 states explored in 101.84s, with 7210016 rules fired and 4216708 states in the queue.
	5900000 states explored in 103.63s, with 7344659 rules fired and 4288484 states in the queue.
	6000000 states explored in 105.37s, with 7473755 rules fired and 4361135 states in the queue.
	6100000 states explored in 107.17s, with 7602257 rules fired and 4431787 states in the queue.
	6200000 states explored in 108.91s, with 7734384 rules fired and 4504417 states in the queue.
	6300000 states explored in 110.75s, with 7862486 rules fired and 4572870 states in the queue.
	6400000 states explored in 112.54s, with 7988714 rules fired and 4642844 states in the queue.
	6500000 states explored in 114.32s, with 8118045 rules fired and 4713413 states in the queue.
	6600000 states explored in 116.09s, with 8248870 rules fired and 4785295 states in the queue.
	6700000 states explored in 117.92s, with 8378819 rules fired and 4854782 states in the queue.
	6800000 states explored in 119.71s, with 8507801 rules fired and 4925547 states in the queue.
	6900000 states explored in 121.46s, with 8640405 rules fired and 4998486 states in the queue.
	7000000 states explored in 123.21s, with 8772295 rules fired and 5071433 states in the queue.
	7100000 states explored in 125.01s, with 8908308 rules fired and 5143718 states in the queue.
	7200000 states explored in 126.85s, with 9041825 rules fired and 5213245 states in the queue.
	7300000 states explored in 128.67s, with 9171871 rules fired and 5282801 states in the queue.
	7400000 states explored in 130.46s, with 9304257 rules fired and 5354312 states in the queue.
	7500000 states explored in 132.31s, with 9432189 rules fired and 5422764 states in the queue.
	7600000 states explored in 134.23s, with 9560953 rules fired and 5488884 states in the queue.
	7700000 states explored in 136.09s, with 9690951 rules fired and 5557386 states in the queue.
	7800000 states explored in 137.92s, with 9828626 rules fired and 5628782 states in the queue.
	7900000 states explored in 139.73s, with 9966524 rules fired and 5701227 states in the queue.
	8000000 states explored in 141.55s, with 10106770 rules fired and 5774456 states in the queue.
	8100000 states explored in 143.37s, with 10245502 rules fired and 5847436 states in the queue.
	8200000 states explored in 145.26s, with 10394625 rules fired and 5920965 states in the queue.
	8300000 states explored in 147.11s, with 10531555 rules fired and 5992598 states in the queue.
	8400000 states explored in 148.99s, with 10666293 rules fired and 6062849 states in the queue.
	8500000 states explored in 150.89s, with 10806647 rules fired and 6133823 states in the queue.
	8600000 states explored in 152.82s, with 10945090 rules fired and 6203190 states in the queue.
	8700000 states explored in 154.76s, with 11084967 rules fired and 6272731 states in the queue.
	8800000 states explored in 156.56s, with 11220908 rules fired and 6346627 states in the queue.
	8900000 states explored in 158.43s, with 11358652 rules fired and 6417642 states in the queue.
	9000000 states explored in 160.26s, with 11497095 rules fired and 6490769 states in the queue.
	9100000 states explored in 162.10s, with 11635415 rules fired and 6563132 states in the queue.
	9200000 states explored in 163.88s, with 11773679 rules fired and 6638383 states in the queue.
	9300000 states explored in 165.72s, with 11917872 rules fired and 6712602 states in the queue.
	9400000 states explored in 167.57s, with 12057718 rules fired and 6784966 states in the queue.
	9500000 states explored in 169.41s, with 12199455 rules fired and 6858194 states in the queue.
	9600000 states explored in 171.22s, with 12338899 rules fired and 6931807 states in the queue.
	9700000 states explored in 173.06s, with 12483772 rules fired and 7006449 states in the queue.
	9800000 states explored in 174.90s, with 12625716 rules fired and 7079923 states in the queue.
	9900000 states explored in 176.84s, with 12773643 rules fired and 7151125 states in the queue.
	10000000 states explored in 178.81s, with 12920986 rules fired and 7220937 states in the queue.
	10100000 states explored in 180.75s, with 13067355 rules fired and 7291837 states in the queue.
	10200000 states explored in 182.59s, with 13211800 rules fired and 7365760 states in the queue.
	10300000 states explored in 184.74s, with 13349810 rules fired and 7426696 states in the queue.
	10400000 states explored in 186.30s, with 13469286 rules fired and 7502561 states in the queue.
	10500000 states explored in 188.00s, with 13588262 rules fired and 7574071 states in the queue.
	10600000 states explored in 189.56s, with 13706847 rules fired and 7650580 states in the queue.
	10700000 states explored in 191.32s, with 13829307 rules fired and 7721147 states in the queue.
	10800000 states explored in 193.07s, with 13952439 rules fired and 7792542 states in the queue.
	10900000 states explored in 194.82s, with 14084046 rules fired and 7866011 states in the queue.
	11000000 states explored in 196.43s, with 14206375 rules fired and 7941615 states in the queue.
	11100000 states explored in 198.28s, with 14333720 rules fired and 8010386 states in the queue.
	11200000 states explored in 199.91s, with 14453299 rules fired and 8084325 states in the queue.

Error:

	Internal Error: Too many active states.



