This program should be regarded as a DEBUGGING aid, not as a 
certifier of correctness.
Call with the -l flag or read the license file for terms
and conditions of use.
Run this program with "-h" for the list of options.

Bugs, questions, and comments should be directed to
"melatti@di.uniroma1.it".

CMurphi compiler last modified date: Jul 24 2024
Include files last modified date:    Jul 23 2021
==========================================================================

==========================================================================
Caching Murphi Release 5.5.0
Finite-state Concurrent System Verifier.

Caching Murphi Release 5.5.0 is based on various versions of Murphi.
Caching Murphi Release 5.5.0 :
Copyright (C) 2009-2012 by Sapienza University of Rome.
Murphi release 3.1 :
Copyright (C) 1992 - 1999 by the Board of Trustees of
Leland Stanford Junior University.

==========================================================================

Protocol: ./protocols/exec/Godsont_node8/Godsont_node8_inv19
===========================================
  You are using EDMC algorithm.  
===========================================

===== Startstates are generated! =====
Carelist Layer 0: node[1].cache[1].state node[2].cache[1].state node[3].cache[1].state node[4].cache[1].state node[5].cache[1].state node[6].cache[1].state node[7].cache[1].state node[8].cache[1].state 
Carelist Layer 1: node[node].hasLock lock[node].beUsed lock[node].owner node[node].cache[node].state node[node].cache[node].addr lock[node].inProtection[node] 
Attr: lock[node].inProtection[node] Level: 1 Wi: 2
Attr: lock[node].owner Level: 1 Wi: 2
Attr: node[node].cache[node].state Level: 1 Wi: 2
Attr: node[node].hasLock Level: 1 Wi: 2
Attr: node[8].cache[1].state Level: 0 Wi: 4
Attr: node[7].cache[1].state Level: 0 Wi: 4
Attr: node[1].cache[1].state Level: 0 Wi: 4
Attr: node[3].cache[1].state Level: 0 Wi: 4
Attr: node[node].cache[node].addr Level: 1 Wi: 2
Attr: node[2].cache[1].state Level: 0 Wi: 4
Attr: node[4].cache[1].state Level: 0 Wi: 4
Attr: lock[node].beUsed Level: 1 Wi: 2
Attr: node[6].cache[1].state Level: 0 Wi: 4
Attr: node[5].cache[1].state Level: 0 Wi: 4

===== Init heuristics! =====

Progress Report:

	100000 states explored in 3.94s, with 116629 rules fired and 77942 states in the queue.
	200000 states explored in 5.73s, with 240175 rules fired and 142402 states in the queue.
	300000 states explored in 7.40s, with 366011 rules fired and 211238 states in the queue.
	400000 states explored in 9.26s, with 487780 rules fired and 272678 states in the queue.
	500000 states explored in 11.05s, with 611228 rules fired and 336963 states in the queue.
	600000 states explored in 13.16s, with 739784 rules fired and 391240 states in the queue.
	700000 states explored in 14.99s, with 867043 rules fired and 455175 states in the queue.
	800000 states explored in 16.31s, with 981598 rules fired and 534509 states in the queue.
	900000 states explored in 17.64s, with 1098725 rules fired and 614234 states in the queue.
	1000000 states explored in 19.15s, with 1219335 rules fired and 688580 states in the queue.
	1100000 states explored in 20.67s, with 1341678 rules fired and 762716 states in the queue.
	1200000 states explored in 22.28s, with 1462619 rules fired and 833673 states in the queue.
	1300000 states explored in 23.79s, with 1584408 rules fired and 908071 states in the queue.
	1400000 states explored in 25.19s, with 1708730 rules fired and 986869 states in the queue.
	1500000 states explored in 26.60s, with 1830865 rules fired and 1064894 states in the queue.
	1600000 states explored in 28.19s, with 1957714 rules fired and 1138057 states in the queue.
	1700000 states explored in 29.76s, with 2088805 rules fired and 1212957 states in the queue.
	1800000 states explored in 31.34s, with 2218788 rules fired and 1287072 states in the queue.
	1900000 states explored in 32.94s, with 2345630 rules fired and 1359986 states in the queue.
	2000000 states explored in 34.72s, with 2472464 rules fired and 1426676 states in the queue.
	2100000 states explored in 36.66s, with 2601358 rules fired and 1488338 states in the queue.
	2200000 states explored in 38.33s, with 2725936 rules fired and 1557903 states in the queue.
	2300000 states explored in 40.11s, with 2854578 rules fired and 1625124 states in the queue.
	2400000 states explored in 41.51s, with 2972409 rules fired and 1703225 states in the queue.
	2500000 states explored in 42.92s, with 3092247 rules fired and 1780989 states in the queue.
	2600000 states explored in 44.32s, with 3214322 rules fired and 1859792 states in the queue.
	2700000 states explored in 45.74s, with 3339266 rules fired and 1938546 states in the queue.
	2800000 states explored in 47.24s, with 3461691 rules fired and 2013811 states in the queue.
	2900000 states explored in 48.68s, with 3585619 rules fired and 2091859 states in the queue.
	3000000 states explored in 50.10s, with 3708418 rules fired and 2170925 states in the queue.
	3100000 states explored in 51.52s, with 3830833 rules fired and 2249091 states in the queue.
	3200000 states explored in 52.96s, with 3957326 rules fired and 2327525 states in the queue.
	3300000 states explored in 54.42s, with 4081460 rules fired and 2405287 states in the queue.
	3400000 states explored in 55.92s, with 4207455 rules fired and 2481550 states in the queue.
	3500000 states explored in 57.32s, with 4332494 rules fired and 2561258 states in the queue.
	3600000 states explored in 58.72s, with 4457651 rules fired and 2641219 states in the queue.
	3700000 states explored in 60.11s, with 4583488 rules fired and 2721721 states in the queue.
	3800000 states explored in 61.50s, with 4710222 rules fired and 2802920 states in the queue.
	3900000 states explored in 62.95s, with 4837756 rules fired and 2881820 states in the queue.
	4000000 states explored in 64.53s, with 4962597 rules fired and 2955198 states in the queue.
	4100000 states explored in 66.15s, with 5083428 rules fired and 3025914 states in the queue.
	4200000 states explored in 67.64s, with 5205698 rules fired and 3101845 states in the queue.
	4300000 states explored in 69.22s, with 5334505 rules fired and 3176560 states in the queue.
	4400000 states explored in 70.76s, with 5461373 rules fired and 3252502 states in the queue.
	4500000 states explored in 72.52s, with 5592349 rules fired and 3321338 states in the queue.
	4600000 states explored in 74.24s, with 5720803 rules fired and 3391124 states in the queue.
	4700000 states explored in 75.93s, with 5850103 rules fired and 3461875 states in the queue.
	4800000 states explored in 77.65s, with 5978074 rules fired and 3531343 states in the queue.
	4900000 states explored in 79.38s, with 6108852 rules fired and 3601058 states in the queue.
	5000000 states explored in 81.21s, with 6234181 rules fired and 3665808 states in the queue.
	5100000 states explored in 83.03s, with 6362505 rules fired and 3731978 states in the queue.
	5200000 states explored in 84.82s, with 6489607 rules fired and 3798877 states in the queue.
	5300000 states explored in 86.53s, with 6617474 rules fired and 3868450 states in the queue.
	5400000 states explored in 88.33s, with 6748625 rules fired and 3936298 states in the queue.
	5500000 states explored in 90.16s, with 6878939 rules fired and 4002876 states in the queue.
	5600000 states explored in 92.00s, with 7012912 rules fired and 4070063 states in the queue.
	5700000 states explored in 93.83s, with 7141066 rules fired and 4136328 states in the queue.
	5800000 states explored in 95.59s, with 7271591 rules fired and 4205639 states in the queue.
	5900000 states explored in 97.39s, with 7405603 rules fired and 4273931 states in the queue.
	6000000 states explored in 99.22s, with 7541173 rules fired and 4341959 states in the queue.
	6100000 states explored in 101.01s, with 7671274 rules fired and 4410148 states in the queue.
	6200000 states explored in 102.87s, with 7809928 rules fired and 4478180 states in the queue.
	6300000 states explored in 104.68s, with 7944876 rules fired and 4547078 states in the queue.
	6400000 states explored in 106.52s, with 8075625 rules fired and 4613807 states in the queue.
	6500000 states explored in 108.30s, with 8211497 rules fired and 4683810 states in the queue.
	6600000 states explored in 110.07s, with 8347284 rules fired and 4754490 states in the queue.
	6700000 states explored in 111.88s, with 8486838 rules fired and 4824631 states in the queue.
	6800000 states explored in 113.69s, with 8623240 rules fired and 4894315 states in the queue.
	6900000 states explored in 115.56s, with 8762852 rules fired and 4961986 states in the queue.
	7000000 states explored in 117.36s, with 8899671 rules fired and 5032162 states in the queue.
	7100000 states explored in 119.09s, with 9037365 rules fired and 5104754 states in the queue.
	7200000 states explored in 120.91s, with 9177521 rules fired and 5174174 states in the queue.
	7300000 states explored in 122.67s, with 9316650 rules fired and 5246131 states in the queue.
	7400000 states explored in 124.43s, with 9454690 rules fired and 5317825 states in the queue.
	7500000 states explored in 126.16s, with 9594024 rules fired and 5391420 states in the queue.
	7600000 states explored in 127.93s, with 9733496 rules fired and 5463832 states in the queue.
	7700000 states explored in 129.71s, with 9877019 rules fired and 5536222 states in the queue.
	7800000 states explored in 131.54s, with 10019060 rules fired and 5607495 states in the queue.
	7900000 states explored in 133.41s, with 10158048 rules fired and 5676519 states in the queue.
	8000000 states explored in 135.29s, with 10295316 rules fired and 5744029 states in the queue.
	8100000 states explored in 136.90s, with 10416269 rules fired and 5815798 states in the queue.
	8200000 states explored in 138.59s, with 10537765 rules fired and 5884717 states in the queue.
	8300000 states explored in 140.28s, with 10660138 rules fired and 5954402 states in the queue.
	8400000 states explored in 142.09s, with 10787142 rules fired and 6020901 states in the queue.
	8500000 states explored in 143.82s, with 10917819 rules fired and 6091656 states in the queue.
	8600000 states explored in 145.53s, with 11044263 rules fired and 6162178 states in the queue.
	8700000 states explored in 147.21s, with 11175460 rules fired and 6234862 states in the queue.
	8800000 states explored in 148.78s, with 11297831 rules fired and 6309186 states in the queue.
	8900000 states explored in 150.46s, with 11421953 rules fired and 6379791 states in the queue.
	9000000 states explored in 152.22s, with 11543608 rules fired and 6447161 states in the queue.
	9100000 states explored in 153.78s, with 11670431 rules fired and 6522303 states in the queue.
	9200000 states explored in 155.49s, with 11796668 rules fired and 6592710 states in the queue.
	9300000 states explored in 156.98s, with 11920307 rules fired and 6669649 states in the queue.
	9400000 states explored in 158.67s, with 12047418 rules fired and 6740889 states in the queue.
	9500000 states explored in 160.32s, with 12173768 rules fired and 6813165 states in the queue.
	9600000 states explored in 162.13s, with 12310658 rules fired and 6882736 states in the queue.
	9700000 states explored in 163.93s, with 12441567 rules fired and 6951148 states in the queue.
	9800000 states explored in 165.75s, with 12573394 rules fired and 7019105 states in the queue.
	9900000 states explored in 167.50s, with 12705194 rules fired and 7090002 states in the queue.
	10000000 states explored in 169.23s, with 12833446 rules fired and 7160540 states in the queue.
	10100000 states explored in 170.91s, with 12965730 rules fired and 7233790 states in the queue.
	10200000 states explored in 172.61s, with 13094220 rules fired and 7305690 states in the queue.
	10300000 states explored in 174.45s, with 13221588 rules fired and 7371898 states in the queue.
	10400000 states explored in 176.16s, with 13358116 rules fired and 7444288 states in the queue.
	10500000 states explored in 177.94s, with 13490228 rules fired and 7513994 states in the queue.
	10600000 states explored in 179.63s, with 13624644 rules fired and 7587239 states in the queue.
	10700000 states explored in 181.46s, with 13752350 rules fired and 7654429 states in the queue.
	10800000 states explored in 183.37s, with 13881503 rules fired and 7718784 states in the queue.
	10900000 states explored in 185.25s, with 14013977 rules fired and 7785647 states in the queue.
	11000000 states explored in 187.13s, with 14145395 rules fired and 7852203 states in the queue.
	11100000 states explored in 188.95s, with 14274415 rules fired and 7920300 states in the queue.
	11200000 states explored in 190.83s, with 14403682 rules fired and 7986737 states in the queue.
	11300000 states explored in 192.70s, with 14532588 rules fired and 8052771 states in the queue.
	11400000 states explored in 194.63s, with 14666892 rules fired and 8117508 states in the queue.

Error:

	Internal Error: Too many active states.



