This program should be regarded as a DEBUGGING aid, not as a 
certifier of correctness.
Call with the -l flag or read the license file for terms
and conditions of use.
Run this program with "-h" for the list of options.

Bugs, questions, and comments should be directed to
"melatti@di.uniroma1.it".

CMurphi compiler last modified date: Jul 24 2024
Include files last modified date:    Jul 23 2021
==========================================================================

==========================================================================
Caching Murphi Release 5.5.0
Finite-state Concurrent System Verifier.

Caching Murphi Release 5.5.0 is based on various versions of Murphi.
Caching Murphi Release 5.5.0 :
Copyright (C) 2009-2012 by Sapienza University of Rome.
Murphi release 3.1 :
Copyright (C) 1992 - 1999 by the Board of Trustees of
Leland Stanford Junior University.

==========================================================================

Protocol: ./protocols/exec/Godsont_node8/Godsont_node8_inv35
===========================================
  You are using EDMC algorithm.  
===========================================

===== Startstates are generated! =====
Carelist Layer 0: node[1].cache[1].state node[2].cache[1].state node[3].cache[1].state node[4].cache[1].state node[5].cache[1].state node[6].cache[1].state node[7].cache[1].state node[8].cache[1].state 
Carelist Layer 1: node[node].hasLock lock[node].beUsed lock[node].owner node[node].cache[node].state node[node].cache[node].addr lock[node].inProtection[node] 
Attr: lock[node].inProtection[node] Level: 1 Wi: 2
Attr: lock[node].owner Level: 1 Wi: 2
Attr: node[node].cache[node].state Level: 1 Wi: 2
Attr: node[node].hasLock Level: 1 Wi: 2
Attr: node[8].cache[1].state Level: 0 Wi: 4
Attr: node[7].cache[1].state Level: 0 Wi: 4
Attr: node[1].cache[1].state Level: 0 Wi: 4
Attr: node[3].cache[1].state Level: 0 Wi: 4
Attr: node[node].cache[node].addr Level: 1 Wi: 2
Attr: node[2].cache[1].state Level: 0 Wi: 4
Attr: node[4].cache[1].state Level: 0 Wi: 4
Attr: lock[node].beUsed Level: 1 Wi: 2
Attr: node[6].cache[1].state Level: 0 Wi: 4
Attr: node[5].cache[1].state Level: 0 Wi: 4

===== Init heuristics! =====

Progress Report:

	100000 states explored in 3.90s, with 116525 rules fired and 78147 states in the queue.
	200000 states explored in 5.70s, with 240218 rules fired and 142463 states in the queue.
	300000 states explored in 7.46s, with 367212 rules fired and 209520 states in the queue.
	400000 states explored in 9.32s, with 488583 rules fired and 271351 states in the queue.
	500000 states explored in 11.15s, with 612104 rules fired and 335148 states in the queue.
	600000 states explored in 13.22s, with 739716 rules fired and 391505 states in the queue.
	700000 states explored in 15.08s, with 866378 rules fired and 454944 states in the queue.
	800000 states explored in 16.42s, with 981390 rules fired and 534692 states in the queue.
	900000 states explored in 17.82s, with 1097708 rules fired and 612469 states in the queue.
	1000000 states explored in 19.28s, with 1217526 rules fired and 688750 states in the queue.
	1100000 states explored in 20.87s, with 1339085 rules fired and 761193 states in the queue.
	1200000 states explored in 22.45s, with 1460213 rules fired and 833636 states in the queue.
	1300000 states explored in 23.96s, with 1583517 rules fired and 909016 states in the queue.
	1400000 states explored in 25.42s, with 1707016 rules fired and 985857 states in the queue.
	1500000 states explored in 26.88s, with 1829456 rules fired and 1063259 states in the queue.
	1600000 states explored in 28.47s, with 1956664 rules fired and 1137290 states in the queue.
	1700000 states explored in 30.08s, with 2087321 rules fired and 1211207 states in the queue.
	1800000 states explored in 31.62s, with 2216485 rules fired and 1287107 states in the queue.
	1900000 states explored in 33.22s, with 2346859 rules fired and 1361280 states in the queue.
	2000000 states explored in 34.93s, with 2472704 rules fired and 1430254 states in the queue.
	2100000 states explored in 36.77s, with 2599426 rules fired and 1495491 states in the queue.
	2200000 states explored in 38.72s, with 2729100 rules fired and 1557742 states in the queue.
	2300000 states explored in 40.45s, with 2855704 rules fired and 1626914 states in the queue.
	2400000 states explored in 41.80s, with 2975355 rules fired and 1707457 states in the queue.
	2500000 states explored in 43.15s, with 3096556 rules fired and 1788424 states in the queue.
	2600000 states explored in 44.50s, with 3215915 rules fired and 1868832 states in the queue.
	2700000 states explored in 45.89s, with 3338884 rules fired and 1949310 states in the queue.
	2800000 states explored in 47.28s, with 3461286 rules fired and 2029375 states in the queue.
	2900000 states explored in 48.80s, with 3584530 rules fired and 2105427 states in the queue.
	3000000 states explored in 50.32s, with 3710209 rules fired and 2181890 states in the queue.
	3100000 states explored in 51.78s, with 3835174 rules fired and 2260076 states in the queue.
	3200000 states explored in 53.25s, with 3961660 rules fired and 2338279 states in the queue.
	3300000 states explored in 54.78s, with 4085269 rules fired and 2413318 states in the queue.
	3400000 states explored in 56.30s, with 4210780 rules fired and 2489463 states in the queue.
	3500000 states explored in 57.69s, with 4335730 rules fired and 2570766 states in the queue.
	3600000 states explored in 59.07s, with 4460119 rules fired and 2651748 states in the queue.
	3700000 states explored in 60.51s, with 4584198 rules fired and 2730393 states in the queue.
	3800000 states explored in 61.93s, with 4709550 rules fired and 2810353 states in the queue.
	3900000 states explored in 63.39s, with 4836565 rules fired and 2889500 states in the queue.
	4000000 states explored in 64.91s, with 4960728 rules fired and 2965700 states in the queue.
	4100000 states explored in 66.47s, with 5087245 rules fired and 3041264 states in the queue.
	4200000 states explored in 68.02s, with 5213553 rules fired and 3116538 states in the queue.
	4300000 states explored in 69.55s, with 5336689 rules fired and 3192603 states in the queue.
	4400000 states explored in 71.17s, with 5467283 rules fired and 3266968 states in the queue.
	4500000 states explored in 72.84s, with 5594138 rules fired and 3338874 states in the queue.
	4600000 states explored in 74.51s, with 5725453 rules fired and 3411321 states in the queue.
	4700000 states explored in 76.26s, with 5854750 rules fired and 3480012 states in the queue.
	4800000 states explored in 78.03s, with 5982389 rules fired and 3548243 states in the queue.
	4900000 states explored in 79.82s, with 6110572 rules fired and 3615883 states in the queue.
	5000000 states explored in 81.61s, with 6236640 rules fired and 3682812 states in the queue.
	5100000 states explored in 83.49s, with 6365799 rules fired and 3748027 states in the queue.
	5200000 states explored in 85.31s, with 6493796 rules fired and 3814719 states in the queue.
	5300000 states explored in 87.11s, with 6622302 rules fired and 3882243 states in the queue.
	5400000 states explored in 88.88s, with 6749540 rules fired and 3950349 states in the queue.
	5500000 states explored in 90.64s, with 6878267 rules fired and 4019554 states in the queue.
	5600000 states explored in 92.47s, with 7009714 rules fired and 4087052 states in the queue.
	5700000 states explored in 94.28s, with 7142405 rules fired and 4155846 states in the queue.
	5800000 states explored in 96.18s, with 7276245 rules fired and 4221020 states in the queue.
	5900000 states explored in 97.97s, with 7409524 rules fired and 4289472 states in the queue.
	6000000 states explored in 99.85s, with 7541542 rules fired and 4355321 states in the queue.
	6100000 states explored in 101.69s, with 7671967 rules fired and 4421728 states in the queue.
	6200000 states explored in 103.50s, with 7805944 rules fired and 4490398 states in the queue.
	6300000 states explored in 105.32s, with 7941701 rules fired and 4559351 states in the queue.
	6400000 states explored in 107.18s, with 8081203 rules fired and 4627991 states in the queue.
	6500000 states explored in 108.99s, with 8215923 rules fired and 4696984 states in the queue.
	6600000 states explored in 110.90s, with 8356117 rules fired and 4764194 states in the queue.
	6700000 states explored in 112.75s, with 8496820 rules fired and 4833717 states in the queue.
	6800000 states explored in 114.52s, with 8631362 rules fired and 4904853 states in the queue.
	6900000 states explored in 116.38s, with 8767379 rules fired and 4972441 states in the queue.
	7000000 states explored in 118.20s, with 8906252 rules fired and 5042495 states in the queue.
	7100000 states explored in 119.97s, with 9045299 rules fired and 5114859 states in the queue.
	7200000 states explored in 121.85s, with 9183680 rules fired and 5182992 states in the queue.
	7300000 states explored in 123.81s, with 9321192 rules fired and 5248365 states in the queue.
	7400000 states explored in 125.66s, with 9456645 rules fired and 5317198 states in the queue.
	7500000 states explored in 127.41s, with 9593282 rules fired and 5389529 states in the queue.
	7600000 states explored in 129.24s, with 9734664 rules fired and 5460379 states in the queue.
	7700000 states explored in 131.06s, with 9875045 rules fired and 5531850 states in the queue.
	7800000 states explored in 132.81s, with 10017632 rules fired and 5606032 states in the queue.
	7900000 states explored in 134.66s, with 10156861 rules fired and 5675563 states in the queue.
	8000000 states explored in 136.49s, with 10297613 rules fired and 5746152 states in the queue.
	8100000 states explored in 138.31s, with 10423559 rules fired and 5813163 states in the queue.
	8200000 states explored in 140.00s, with 10550010 rules fired and 5884685 states in the queue.
	8300000 states explored in 141.66s, with 10678243 rules fired and 5957755 states in the queue.
	8400000 states explored in 143.29s, with 10800867 rules fired and 6030495 states in the queue.
	8500000 states explored in 144.92s, with 10928449 rules fired and 6104451 states in the queue.
	8600000 states explored in 146.53s, with 11053798 rules fired and 6178200 states in the queue.
	8700000 states explored in 148.08s, with 11176930 rules fired and 6253759 states in the queue.
	8800000 states explored in 149.70s, with 11302225 rules fired and 6327564 states in the queue.
	8900000 states explored in 151.49s, with 11433770 rules fired and 6397646 states in the queue.
	9000000 states explored in 153.19s, with 11563721 rules fired and 6470387 states in the queue.
	9100000 states explored in 154.87s, with 11693108 rules fired and 6543030 states in the queue.
	9200000 states explored in 156.61s, with 11818178 rules fired and 6613004 states in the queue.
	9300000 states explored in 158.33s, with 11945009 rules fired and 6684025 states in the queue.
	9400000 states explored in 160.05s, with 12071836 rules fired and 6754896 states in the queue.
	9500000 states explored in 161.85s, with 12199251 rules fired and 6823303 states in the queue.
	9600000 states explored in 163.68s, with 12325016 rules fired and 6890056 states in the queue.
	9700000 states explored in 165.51s, with 12453862 rules fired and 6957313 states in the queue.
	9800000 states explored in 167.26s, with 12580885 rules fired and 7027036 states in the queue.
	9900000 states explored in 169.08s, with 12710518 rules fired and 7094986 states in the queue.
	10000000 states explored in 170.93s, with 12844025 rules fired and 7162929 states in the queue.
	10100000 states explored in 172.74s, with 12974574 rules fired and 7231899 states in the queue.
	10200000 states explored in 174.47s, with 13106644 rules fired and 7304371 states in the queue.
	10300000 states explored in 176.23s, with 13237318 rules fired and 7374382 states in the queue.
	10400000 states explored in 178.04s, with 13365850 rules fired and 7442866 states in the queue.
	10500000 states explored in 179.91s, with 13503426 rules fired and 7511638 states in the queue.
	10600000 states explored in 181.60s, with 13633067 rules fired and 7583729 states in the queue.
	10700000 states explored in 183.38s, with 13763598 rules fired and 7654035 states in the queue.
	10800000 states explored in 185.15s, with 13898445 rules fired and 7725949 states in the queue.
	10900000 states explored in 186.97s, with 14031570 rules fired and 7795510 states in the queue.
	11000000 states explored in 188.73s, with 14163712 rules fired and 7866704 states in the queue.
	11100000 states explored in 190.39s, with 14294591 rules fired and 7940779 states in the queue.
	11200000 states explored in 192.24s, with 14425297 rules fired and 8008284 states in the queue.
	11300000 states explored in 194.10s, with 14561026 rules fired and 8077270 states in the queue.

Error:

	Internal Error: Too many active states.



