This program should be regarded as a DEBUGGING aid, not as a 
certifier of correctness.
Call with the -l flag or read the license file for terms
and conditions of use.
Run this program with "-h" for the list of options.

Bugs, questions, and comments should be directed to
"melatti@di.uniroma1.it".

CMurphi compiler last modified date: Jul 24 2024
Include files last modified date:    Jul 23 2021
==========================================================================

==========================================================================
Caching Murphi Release 5.5.0
Finite-state Concurrent System Verifier.

Caching Murphi Release 5.5.0 is based on various versions of Murphi.
Caching Murphi Release 5.5.0 :
Copyright (C) 2009-2012 by Sapienza University of Rome.
Murphi release 3.1 :
Copyright (C) 1992 - 1999 by the Board of Trustees of
Leland Stanford Junior University.

==========================================================================

Protocol: ./protocols/exec/Godsont_node8/Godsont_node8_inv179
===========================================
  You are using EDMC algorithm.  
===========================================

===== Startstates are generated! =====
Carelist Layer 0: node[1].cache[1].state node[2].cache[1].state node[3].cache[1].state node[4].cache[1].state node[5].cache[1].state node[6].cache[1].state node[7].cache[1].state node[8].cache[1].state 
Carelist Layer 1: node[node].hasLock lock[node].beUsed lock[node].owner node[node].cache[node].state node[node].cache[node].addr lock[node].inProtection[node] 
Attr: lock[node].inProtection[node] Level: 1 Wi: 2
Attr: lock[node].owner Level: 1 Wi: 2
Attr: node[node].cache[node].state Level: 1 Wi: 2
Attr: node[node].hasLock Level: 1 Wi: 2
Attr: node[8].cache[1].state Level: 0 Wi: 4
Attr: node[7].cache[1].state Level: 0 Wi: 4
Attr: node[1].cache[1].state Level: 0 Wi: 4
Attr: node[3].cache[1].state Level: 0 Wi: 4
Attr: node[node].cache[node].addr Level: 1 Wi: 2
Attr: node[2].cache[1].state Level: 0 Wi: 4
Attr: node[4].cache[1].state Level: 0 Wi: 4
Attr: lock[node].beUsed Level: 1 Wi: 2
Attr: node[6].cache[1].state Level: 0 Wi: 4
Attr: node[5].cache[1].state Level: 0 Wi: 4

===== Init heuristics! =====

Progress Report:

	100000 states explored in 3.89s, with 116462 rules fired and 78223 states in the queue.
	200000 states explored in 6.32s, with 239735 rules fired and 143357 states in the queue.
	300000 states explored in 8.06s, with 366782 rules fired and 211207 states in the queue.
	400000 states explored in 9.78s, with 487808 rules fired and 278295 states in the queue.
	500000 states explored in 12.26s, with 610423 rules fired and 340914 states in the queue.
	600000 states explored in 14.33s, with 738226 rules fired and 397265 states in the queue.
	700000 states explored in 16.22s, with 867004 rules fired and 460117 states in the queue.
	800000 states explored in 17.57s, with 981734 rules fired and 538910 states in the queue.
	900000 states explored in 18.89s, with 1098378 rules fired and 619103 states in the queue.
	1000000 states explored in 20.35s, with 1216881 rules fired and 695076 states in the queue.
	1100000 states explored in 21.80s, with 1336010 rules fired and 771418 states in the queue.
	1200000 states explored in 23.37s, with 1454935 rules fired and 843264 states in the queue.
	1300000 states explored in 24.83s, with 1576007 rules fired and 919681 states in the queue.
	1400000 states explored in 26.31s, with 1699722 rules fired and 996026 states in the queue.
	1500000 states explored in 27.78s, with 1824419 rules fired and 1073174 states in the queue.
	1600000 states explored in 29.25s, with 1946925 rules fired and 1149521 states in the queue.
	1700000 states explored in 30.83s, with 2070366 rules fired and 1222978 states in the queue.
	1800000 states explored in 32.33s, with 2199756 rules fired and 1300324 states in the queue.
	1900000 states explored in 33.90s, with 2335988 rules fired and 1376965 states in the queue.
	2000000 states explored in 35.46s, with 2463055 rules fired and 1451750 states in the queue.
	2100000 states explored in 37.18s, with 2588639 rules fired and 1520547 states in the queue.
	2200000 states explored in 39.02s, with 2716118 rules fired and 1585611 states in the queue.
	2300000 states explored in 40.81s, with 2844557 rules fired and 1652725 states in the queue.
	2400000 states explored in 42.60s, with 2976524 rules fired and 1720639 states in the queue.
	2500000 states explored in 44.30s, with 3105384 rules fired and 1791123 states in the queue.
	2600000 states explored in 45.63s, with 3225217 rules fired and 1872190 states in the queue.
	2700000 states explored in 47.00s, with 3346528 rules fired and 1952052 states in the queue.
	2800000 states explored in 48.38s, with 3468609 rules fired and 2031977 states in the queue.
	2900000 states explored in 49.77s, with 3591000 rules fired and 2112506 states in the queue.
	3000000 states explored in 51.23s, with 3714677 rules fired and 2189922 states in the queue.
	3100000 states explored in 52.67s, with 3838438 rules fired and 2268692 states in the queue.
	3200000 states explored in 54.05s, with 3961772 rules fired and 2349137 states in the queue.
	3300000 states explored in 55.45s, with 4084678 rules fired and 2428401 states in the queue.
	3400000 states explored in 56.90s, with 4208256 rules fired and 2506602 states in the queue.
	3500000 states explored in 58.32s, with 4332155 rules fired and 2585923 states in the queue.
	3600000 states explored in 59.88s, with 4455690 rules fired and 2660099 states in the queue.
	3700000 states explored in 61.39s, with 4579140 rules fired and 2736053 states in the queue.
	3800000 states explored in 62.88s, with 4702860 rules fired and 2813085 states in the queue.
	3900000 states explored in 64.43s, with 4822191 rules fired and 2886350 states in the queue.
	4000000 states explored in 66.04s, with 4941692 rules fired and 2957741 states in the queue.
	4100000 states explored in 67.81s, with 5064253 rules fired and 3023755 states in the queue.
	4200000 states explored in 69.51s, with 5189261 rules fired and 3092572 states in the queue.
	4300000 states explored in 71.24s, with 5316689 rules fired and 3162126 states in the queue.
	4400000 states explored in 72.93s, with 5442078 rules fired and 3231792 states in the queue.
	4500000 states explored in 74.59s, with 5567952 rules fired and 3302471 states in the queue.
	4600000 states explored in 76.28s, with 5695295 rules fired and 3372619 states in the queue.
	4700000 states explored in 78.00s, with 5821689 rules fired and 3441611 states in the queue.
	4800000 states explored in 79.70s, with 5952801 rules fired and 3512701 states in the queue.
	4900000 states explored in 81.40s, with 6080078 rules fired and 3583174 states in the queue.
	5000000 states explored in 83.12s, with 6210837 rules fired and 3653560 states in the queue.
	5100000 states explored in 84.85s, with 6343399 rules fired and 3724090 states in the queue.
	5200000 states explored in 86.57s, with 6476279 rules fired and 3795026 states in the queue.
	5300000 states explored in 88.29s, with 6604282 rules fired and 3865269 states in the queue.
	5400000 states explored in 90.00s, with 6730302 rules fired and 3935308 states in the queue.
	5500000 states explored in 91.75s, with 6859372 rules fired and 4004732 states in the queue.
	5600000 states explored in 93.57s, with 6989369 rules fired and 4071355 states in the queue.
	5700000 states explored in 95.33s, with 7117604 rules fired and 4139927 states in the queue.
	5800000 states explored in 97.15s, with 7248909 rules fired and 4206978 states in the queue.
	5900000 states explored in 98.95s, with 7383289 rules fired and 4275708 states in the queue.
	6000000 states explored in 100.72s, with 7522088 rules fired and 4346773 states in the queue.
	6100000 states explored in 102.55s, with 7655690 rules fired and 4414403 states in the queue.
	6200000 states explored in 104.39s, with 7781949 rules fired and 4480066 states in the queue.
	6300000 states explored in 106.19s, with 7911415 rules fired and 4548212 states in the queue.
	6400000 states explored in 107.91s, with 8046876 rules fired and 4620299 states in the queue.
	6500000 states explored in 109.63s, with 8180945 rules fired and 4692545 states in the queue.
	6600000 states explored in 111.36s, with 8319579 rules fired and 4765707 states in the queue.
	6700000 states explored in 113.14s, with 8451524 rules fired and 4835083 states in the queue.
	6800000 states explored in 114.94s, with 8586711 rules fired and 4904302 states in the queue.
	6900000 states explored in 116.75s, with 8722520 rules fired and 4973976 states in the queue.
	7000000 states explored in 118.48s, with 8857602 rules fired and 5046269 states in the queue.
	7100000 states explored in 120.22s, with 8992879 rules fired and 5118454 states in the queue.
	7200000 states explored in 121.97s, with 9132557 rules fired and 5191777 states in the queue.
	7300000 states explored in 123.71s, with 9267530 rules fired and 5263398 states in the queue.
	7400000 states explored in 125.54s, with 9404807 rules fired and 5332699 states in the queue.
	7500000 states explored in 127.33s, with 9547318 rules fired and 5404296 states in the queue.
	7600000 states explored in 129.05s, with 9683313 rules fired and 5477082 states in the queue.
	7700000 states explored in 130.82s, with 9821851 rules fired and 5549577 states in the queue.
	7800000 states explored in 132.64s, with 9960682 rules fired and 5620701 states in the queue.
	7900000 states explored in 134.35s, with 10100582 rules fired and 5695259 states in the queue.
	8000000 states explored in 136.12s, with 10241801 rules fired and 5767871 states in the queue.
	8100000 states explored in 137.89s, with 10379779 rules fired and 5840437 states in the queue.
	8200000 states explored in 139.68s, with 10518689 rules fired and 5911701 states in the queue.
	8300000 states explored in 141.56s, with 10657425 rules fired and 5979686 states in the queue.
	8400000 states explored in 143.40s, with 10800187 rules fired and 6050088 states in the queue.
	8500000 states explored in 145.25s, with 10937410 rules fired and 6118704 states in the queue.
	8600000 states explored in 147.16s, with 11076557 rules fired and 6186267 states in the queue.
	8700000 states explored in 149.07s, with 11214455 rules fired and 6253741 states in the queue.
	8800000 states explored in 150.82s, with 11348121 rules fired and 6325548 states in the queue.
	8900000 states explored in 152.36s, with 11469819 rules fired and 6401226 states in the queue.
	9000000 states explored in 153.92s, with 11594331 rules fired and 6476369 states in the queue.
	9100000 states explored in 155.48s, with 11721824 rules fired and 6552448 states in the queue.
	9200000 states explored in 157.00s, with 11852854 rules fired and 6630648 states in the queue.
	9300000 states explored in 158.59s, with 11977140 rules fired and 6704747 states in the queue.
	9400000 states explored in 160.20s, with 12101073 rules fired and 6778432 states in the queue.
	9500000 states explored in 161.85s, with 12227896 rules fired and 6851563 states in the queue.
	9600000 states explored in 163.61s, with 12350702 rules fired and 6919967 states in the queue.
	9700000 states explored in 165.34s, with 12478193 rules fired and 6990449 states in the queue.
	9800000 states explored in 167.16s, with 12603444 rules fired and 7057346 states in the queue.
	9900000 states explored in 168.78s, with 12730269 rules fired and 7131743 states in the queue.
	10000000 states explored in 170.39s, with 12859507 rules fired and 7206615 states in the queue.
	10100000 states explored in 171.97s, with 12987651 rules fired and 7281704 states in the queue.
	10200000 states explored in 173.74s, with 13116682 rules fired and 7351084 states in the queue.
	10300000 states explored in 175.60s, with 13250294 rules fired and 7418539 states in the queue.
	10400000 states explored in 177.33s, with 13379195 rules fired and 7489378 states in the queue.
	10500000 states explored in 179.04s, with 13509350 rules fired and 7561670 states in the queue.
	10600000 states explored in 180.65s, with 13642286 rules fired and 7637072 states in the queue.
	10700000 states explored in 182.41s, with 13770796 rules fired and 7706955 states in the queue.
	10800000 states explored in 184.14s, with 13903061 rules fired and 7778881 states in the queue.
	10900000 states explored in 185.95s, with 14034878 rules fired and 7848137 states in the queue.
	11000000 states explored in 187.71s, with 14168486 rules fired and 7920212 states in the queue.
	11100000 states explored in 189.37s, with 14294323 rules fired and 7992708 states in the queue.
	11200000 states explored in 190.99s, with 14423053 rules fired and 8067252 states in the queue.
	11300000 states explored in 192.65s, with 14552237 rules fired and 8140880 states in the queue.

Error:

	Internal Error: Too many active states.



