This program should be regarded as a DEBUGGING aid, not as a 
certifier of correctness.
Call with the -l flag or read the license file for terms
and conditions of use.
Run this program with "-h" for the list of options.

Bugs, questions, and comments should be directed to
"melatti@di.uniroma1.it".

CMurphi compiler last modified date: Jul 24 2024
Include files last modified date:    Jul 23 2021
==========================================================================

==========================================================================
Caching Murphi Release 5.5.0
Finite-state Concurrent System Verifier.

Caching Murphi Release 5.5.0 is based on various versions of Murphi.
Caching Murphi Release 5.5.0 :
Copyright (C) 2009-2012 by Sapienza University of Rome.
Murphi release 3.1 :
Copyright (C) 1992 - 1999 by the Board of Trustees of
Leland Stanford Junior University.

==========================================================================

Protocol: ./protocols/exec/Godsont_node8/Godsont_node8_inv208
===========================================
  You are using EDMC algorithm.  
===========================================

===== Startstates are generated! =====
Carelist Layer 0: node[1].cache[1].state node[2].cache[1].state node[3].cache[1].state node[4].cache[1].state node[5].cache[1].state node[6].cache[1].state node[7].cache[1].state node[8].cache[1].state 
Carelist Layer 1: node[node].hasLock lock[node].beUsed lock[node].owner node[node].cache[node].state node[node].cache[node].addr lock[node].inProtection[node] 
Attr: lock[node].inProtection[node] Level: 1 Wi: 2
Attr: lock[node].owner Level: 1 Wi: 2
Attr: node[node].cache[node].state Level: 1 Wi: 2
Attr: node[node].hasLock Level: 1 Wi: 2
Attr: node[8].cache[1].state Level: 0 Wi: 4
Attr: node[7].cache[1].state Level: 0 Wi: 4
Attr: node[1].cache[1].state Level: 0 Wi: 4
Attr: node[3].cache[1].state Level: 0 Wi: 4
Attr: node[node].cache[node].addr Level: 1 Wi: 2
Attr: node[2].cache[1].state Level: 0 Wi: 4
Attr: node[4].cache[1].state Level: 0 Wi: 4
Attr: lock[node].beUsed Level: 1 Wi: 2
Attr: node[6].cache[1].state Level: 0 Wi: 4
Attr: node[5].cache[1].state Level: 0 Wi: 4

===== Init heuristics! =====

Progress Report:

	100000 states explored in 3.85s, with 116443 rules fired and 78155 states in the queue.
	200000 states explored in 5.65s, with 240809 rules fired and 141042 states in the queue.
	300000 states explored in 7.42s, with 367482 rules fired and 206016 states in the queue.
	400000 states explored in 9.18s, with 488080 rules fired and 269557 states in the queue.
	500000 states explored in 11.18s, with 614665 rules fired and 326605 states in the queue.
	600000 states explored in 13.12s, with 741399 rules fired and 385285 states in the queue.
	700000 states explored in 14.80s, with 864883 rules fired and 452532 states in the queue.
	800000 states explored in 16.16s, with 979884 rules fired and 530207 states in the queue.
	900000 states explored in 17.61s, with 1098399 rules fired and 605044 states in the queue.
	1000000 states explored in 19.05s, with 1219480 rules fired and 680938 states in the queue.
	1100000 states explored in 20.58s, with 1339485 rules fired and 753105 states in the queue.
	1200000 states explored in 22.13s, with 1462837 rules fired and 825448 states in the queue.
	1300000 states explored in 23.61s, with 1586796 rules fired and 900354 states in the queue.
	1400000 states explored in 25.06s, with 1714193 rules fired and 977330 states in the queue.
	1500000 states explored in 26.48s, with 1839979 rules fired and 1054600 states in the queue.
	1600000 states explored in 27.96s, with 1963897 rules fired and 1129494 states in the queue.
	1700000 states explored in 29.55s, with 2096252 rules fired and 1203182 states in the queue.
	1800000 states explored in 31.29s, with 2223588 rules fired and 1270238 states in the queue.
	1900000 states explored in 33.02s, with 2349000 rules fired and 1337001 states in the queue.
	2000000 states explored in 34.96s, with 2479897 rules fired and 1398023 states in the queue.
	2100000 states explored in 36.76s, with 2607422 rules fired and 1463155 states in the queue.
	2200000 states explored in 38.12s, with 2727083 rules fired and 1541649 states in the queue.
	2300000 states explored in 39.51s, with 2846600 rules fired and 1618822 states in the queue.
	2400000 states explored in 40.86s, with 2968164 rules fired and 1698404 states in the queue.
	2500000 states explored in 42.25s, with 3091995 rules fired and 1776713 states in the queue.
	2600000 states explored in 43.63s, with 3215178 rules fired and 1855303 states in the queue.
	2700000 states explored in 45.00s, with 3338396 rules fired and 1934556 states in the queue.
	2800000 states explored in 46.43s, with 3462575 rules fired and 2011884 states in the queue.
	2900000 states explored in 47.75s, with 3583878 rules fired and 2092055 states in the queue.
	3000000 states explored in 49.15s, with 3710731 rules fired and 2171770 states in the queue.
	3100000 states explored in 50.63s, with 3833556 rules fired and 2247152 states in the queue.
	3200000 states explored in 52.08s, with 3958842 rules fired and 2324106 states in the queue.
	3300000 states explored in 53.48s, with 4083126 rules fired and 2402773 states in the queue.
	3400000 states explored in 54.83s, with 4207885 rules fired and 2483323 states in the queue.
	3500000 states explored in 56.27s, with 4330141 rules fired and 2559848 states in the queue.
	3600000 states explored in 57.72s, with 4458872 rules fired and 2637830 states in the queue.
	3700000 states explored in 59.17s, with 4584481 rules fired and 2714854 states in the queue.
	3800000 states explored in 60.60s, with 4711522 rules fired and 2793418 states in the queue.
	3900000 states explored in 62.01s, with 4842546 rules fired and 2873454 states in the queue.
	4000000 states explored in 63.42s, with 4971818 rules fired and 2953434 states in the queue.
	4100000 states explored in 64.83s, with 5102619 rules fired and 3033448 states in the queue.
	4200000 states explored in 66.29s, with 5232878 rules fired and 3111627 states in the queue.
	4300000 states explored in 67.77s, with 5361119 rules fired and 3188839 states in the queue.
	4400000 states explored in 69.35s, with 5488292 rules fired and 3261813 states in the queue.
	4500000 states explored in 70.95s, with 5620105 rules fired and 3335679 states in the queue.
	4600000 states explored in 72.56s, with 5750516 rules fired and 3408523 states in the queue.
	4700000 states explored in 74.21s, with 5880780 rules fired and 3479741 states in the queue.
	4800000 states explored in 75.84s, with 6011916 rules fired and 3551697 states in the queue.
	4900000 states explored in 77.65s, with 6141562 rules fired and 3617419 states in the queue.
	5000000 states explored in 79.52s, with 6271431 rules fired and 3680755 states in the queue.
	5100000 states explored in 81.42s, with 6402264 rules fired and 3744039 states in the queue.
	5200000 states explored in 83.30s, with 6533345 rules fired and 3807263 states in the queue.
	5300000 states explored in 85.24s, with 6660330 rules fired and 3868344 states in the queue.
	5400000 states explored in 87.15s, with 6790649 rules fired and 3930806 states in the queue.
	5500000 states explored in 89.01s, with 6922798 rules fired and 3995840 states in the queue.
	5600000 states explored in 90.88s, with 7051454 rules fired and 4059124 states in the queue.
	5700000 states explored in 92.66s, with 7185934 rules fired and 4127471 states in the queue.
	5800000 states explored in 94.54s, with 7322040 rules fired and 4193190 states in the queue.
	5900000 states explored in 96.40s, with 7456650 rules fired and 4258556 states in the queue.
	6000000 states explored in 98.23s, with 7591925 rules fired and 4325370 states in the queue.
	6100000 states explored in 100.06s, with 7726991 rules fired and 4392474 states in the queue.
	6200000 states explored in 101.90s, with 7862978 rules fired and 4459705 states in the queue.
	6300000 states explored in 103.66s, with 8000820 rules fired and 4529710 states in the queue.
	6400000 states explored in 105.41s, with 8138259 rules fired and 4600202 states in the queue.
	6500000 states explored in 107.18s, with 8275174 rules fired and 4669754 states in the queue.
	6600000 states explored in 108.94s, with 8410974 rules fired and 4739853 states in the queue.
	6700000 states explored in 110.77s, with 8546237 rules fired and 4807597 states in the queue.
	6800000 states explored in 112.54s, with 8681630 rules fired and 4876943 states in the queue.
	6900000 states explored in 114.29s, with 8819610 rules fired and 4947778 states in the queue.
	7000000 states explored in 116.04s, with 8957792 rules fired and 5018794 states in the queue.
	7100000 states explored in 117.84s, with 9096380 rules fired and 5088159 states in the queue.
	7200000 states explored in 119.59s, with 9234993 rules fired and 5159129 states in the queue.
	7300000 states explored in 121.25s, with 9369409 rules fired and 5232081 states in the queue.
	7400000 states explored in 122.73s, with 9490260 rules fired and 5307356 states in the queue.
	7500000 states explored in 124.25s, with 9610668 rules fired and 5381358 states in the queue.
	7600000 states explored in 125.70s, with 9732799 rules fired and 5458179 states in the queue.
	7700000 states explored in 127.23s, with 9859191 rules fired and 5533624 states in the queue.
	7800000 states explored in 128.67s, with 9981195 rules fired and 5610350 states in the queue.
	7900000 states explored in 130.16s, with 10106138 rules fired and 5686476 states in the queue.
	8000000 states explored in 131.69s, with 10225470 rules fired and 5759357 states in the queue.
	8100000 states explored in 133.42s, with 10347965 rules fired and 5826676 states in the queue.
	8200000 states explored in 135.10s, with 10469949 rules fired and 5895437 states in the queue.
	8300000 states explored in 136.85s, with 10595030 rules fired and 5962390 states in the queue.
	8400000 states explored in 138.66s, with 10720404 rules fired and 6027522 states in the queue.
	8500000 states explored in 140.40s, with 10851241 rules fired and 6096316 states in the queue.
	8600000 states explored in 142.12s, with 10981698 rules fired and 6166659 states in the queue.
	8700000 states explored in 143.87s, with 11105864 rules fired and 6233582 states in the queue.
	8800000 states explored in 145.61s, with 11232307 rules fired and 6302112 states in the queue.
	8900000 states explored in 147.30s, with 11360664 rules fired and 6372526 states in the queue.
	9000000 states explored in 149.02s, with 11486805 rules fired and 6441497 states in the queue.
	9100000 states explored in 150.84s, with 11617368 rules fired and 6507730 states in the queue.
	9200000 states explored in 152.73s, with 11745805 rules fired and 6571169 states in the queue.
	9300000 states explored in 154.54s, with 11874434 rules fired and 6637658 states in the queue.
	9400000 states explored in 156.29s, with 12006921 rules fired and 6707204 states in the queue.
	9500000 states explored in 157.78s, with 12139621 rules fired and 6785093 states in the queue.
	9600000 states explored in 159.44s, with 12267041 rules fired and 6857079 states in the queue.
	9700000 states explored in 161.29s, with 12393363 rules fired and 6921760 states in the queue.
	9800000 states explored in 163.11s, with 12524880 rules fired and 6989216 states in the queue.
	9900000 states explored in 164.89s, with 12660947 rules fired and 7058913 states in the queue.
	10000000 states explored in 166.58s, with 12791080 rules fired and 7129474 states in the queue.
	10100000 states explored in 168.17s, with 12915232 rules fired and 7202256 states in the queue.
	10200000 states explored in 169.82s, with 13040690 rules fired and 7273064 states in the queue.
	10300000 states explored in 171.51s, with 13168734 rules fired and 7343928 states in the queue.
	10400000 states explored in 173.35s, with 13302350 rules fired and 7410358 states in the queue.
	10500000 states explored in 175.10s, with 13431730 rules fired and 7478937 states in the queue.
	10600000 states explored in 176.72s, with 13558230 rules fired and 7551324 states in the queue.
	10700000 states explored in 178.55s, with 13689064 rules fired and 7618281 states in the queue.
	10800000 states explored in 180.52s, with 13824771 rules fired and 7680992 states in the queue.
	10900000 states explored in 182.38s, with 13958930 rules fired and 7747056 states in the queue.
	11000000 states explored in 184.25s, with 14095433 rules fired and 7813987 states in the queue.
	11100000 states explored in 186.13s, with 14229662 rules fired and 7879602 states in the queue.
	11200000 states explored in 188.03s, with 14362264 rules fired and 7944632 states in the queue.
	11300000 states explored in 189.94s, with 14498200 rules fired and 8010057 states in the queue.
	11400000 states explored in 191.77s, with 14632791 rules fired and 8077831 states in the queue.

Error:

	Internal Error: Too many active states.



