This program should be regarded as a DEBUGGING aid, not as a 
certifier of correctness.
Call with the -l flag or read the license file for terms
and conditions of use.
Run this program with "-h" for the list of options.

Bugs, questions, and comments should be directed to
"melatti@di.uniroma1.it".

CMurphi compiler last modified date: Apr 10 2024
Include files last modified date:    Jul 23 2021
==========================================================================

==========================================================================
Caching Murphi Release 5.5.0
Finite-state Concurrent System Verifier.

Caching Murphi Release 5.5.0 is based on various versions of Murphi.
Caching Murphi Release 5.5.0 :
Copyright (C) 2009-2012 by Sapienza University of Rome.
Murphi release 3.1 :
Copyright (C) 1992 - 1999 by the Board of Trustees of
Leland Stanford Junior University.

==========================================================================

Protocol: ./protocols/exec/TL-C_NonIn_M_data/TL-C_NonIn_M_data_inv86
===========================================
  You are using LS algorithm.  
===========================================

===== Startstates are generated! =====
Carelist Layer 0: Tree[1].cache[1].state Tree[2].cache[1].state Tree[3].cache[1].state Tree[4].cache[1].state Tree[5].cache[1].state Tree[6].cache[1].state Tree[7].cache[1].state 

===== Init heuristics! =====

Progress Report:

	100000 states explored in 12.61s, with 683077 rules fired and 73721 states in the queue.
	200000 states explored in 26.64s, with 1664306 rules fired and 129949 states in the queue.
	300000 states explored in 33.76s, with 2155063 rules fired and 209815 states in the queue.
	400000 states explored in 47.70s, with 3103385 rules fired and 266761 states in the queue.
	500000 states explored in 64.68s, with 4241546 rules fired and 307753 states in the queue.
	600000 states explored in 71.62s, with 4704487 rules fired and 387530 states in the queue.
	700000 states explored in 80.56s, with 5299266 rules fired and 461397 states in the queue.
	800000 states explored in 92.90s, with 6106322 rules fired and 523852 states in the queue.
	900000 states explored in 114.73s, with 7520602 rules fired and 551102 states in the queue.
	1000000 states explored in 140.94s, with 9229395 rules fired and 557232 states in the queue.
	1100000 states explored in 146.07s, with 9568316 rules fired and 642428 states in the queue.
	1200000 states explored in 152.63s, with 9987867 rules fired and 723175 states in the queue.
	1300000 states explored in 159.89s, with 10453271 rules fired and 801976 states in the queue.
	1400000 states explored in 168.25s, with 10993160 rules fired and 877432 states in the queue.
	1500000 states explored in 179.41s, with 11695688 rules fired and 943429 states in the queue.
	1600000 states explored in 198.64s, with 12894472 rules fired and 979339 states in the queue.
	1700000 states explored in 214.72s, with 13943283 rules fired and 1026231 states in the queue.
	1800000 states explored in 231.57s, with 15088531 rules fired and 1065266 states in the queue.
	1900000 states explored in 249.10s, with 16294781 rules fired and 1101137 states in the queue.
	2000000 states explored in 269.91s, with 17743275 rules fired and 1123684 states in the queue.
	2100000 states explored in 292.59s, with 19369581 rules fired and 1139239 states in the queue.
	2200000 states explored in 299.79s, with 19851949 rules fired and 1217192 states in the queue.
	2300000 states explored in 304.97s, with 20191730 rules fired and 1302364 states in the queue.
	2400000 states explored in 310.93s, with 20575111 rules fired and 1384926 states in the queue.
	2500000 states explored in 317.08s, with 20964357 rules fired and 1466791 states in the queue.
	2600000 states explored in 323.36s, with 21370825 rules fired and 1548466 states in the queue.
	2700000 states explored in 329.94s, with 21840390 rules fired and 1628225 states in the queue.
	2800000 states explored in 337.15s, with 22330960 rules fired and 1706810 states in the queue.
	2900000 states explored in 344.94s, with 22825001 rules fired and 1783591 states in the queue.
	3000000 states explored in 353.07s, with 23347776 rules fired and 1859616 states in the queue.
	3100000 states explored in 361.72s, with 23908905 rules fired and 1934578 states in the queue.
	3200000 states explored in 375.78s, with 24777402 rules fired and 1990218 states in the queue.
	3300000 states explored in 394.69s, with 25936942 rules fired and 2028636 states in the queue.
	3400000 states explored in 414.23s, with 27161099 rules fired and 2064386 states in the queue.
	3500000 states explored in 439.54s, with 28729228 rules fired and 2076208 states in the queue.
	3600000 states explored in 462.98s, with 30170735 rules fired and 2093288 states in the queue.
	3700000 states explored in 482.39s, with 31369354 rules fired and 2126690 states in the queue.
	3800000 states explored in 502.06s, with 32588125 rules fired and 2158566 states in the queue.
	3900000 states explored in 521.26s, with 33796466 rules fired and 2191869 states in the queue.
	4000000 states explored in 541.97s, with 35129129 rules fired and 2220712 states in the queue.
	4100000 states explored in 558.71s, with 36264587 rules fired and 2266010 states in the queue.
	4200000 states explored in 570.91s, with 37110214 rules fired and 2327703 states in the queue.
	4300000 states explored in 588.71s, with 38364182 rules fired and 2370390 states in the queue.
	4400000 states explored in 612.14s, with 40004015 rules fired and 2394778 states in the queue.
	4500000 states explored in 624.01s, with 40800653 rules fired and 2456065 states in the queue.
	4600000 states explored in 628.79s, with 41107591 rules fired and 2542327 states in the queue.

Error:

	Internal Error: Too many active states.



