This program should be regarded as a DEBUGGING aid, not as a 
certifier of correctness.
Call with the -l flag or read the license file for terms
and conditions of use.
Run this program with "-h" for the list of options.

Bugs, questions, and comments should be directed to
"melatti@di.uniroma1.it".

CMurphi compiler last modified date: Apr 10 2024
Include files last modified date:    Jul 23 2021
==========================================================================

==========================================================================
Caching Murphi Release 5.5.0
Finite-state Concurrent System Verifier.

Caching Murphi Release 5.5.0 is based on various versions of Murphi.
Caching Murphi Release 5.5.0 :
Copyright (C) 2009-2012 by Sapienza University of Rome.
Murphi release 3.1 :
Copyright (C) 1992 - 1999 by the Board of Trustees of
Leland Stanford Junior University.

==========================================================================

Protocol: ./protocols/exec/TL-C_NonIn_M_data/TL-C_NonIn_M_data_inv167
===========================================
  You are using LS algorithm.  
===========================================

===== Startstates are generated! =====
Carelist Layer 0: Tree[1].cache[1].state Tree[2].cache[1].state Tree[3].cache[1].state Tree[4].cache[1].state Tree[5].cache[1].state Tree[6].cache[1].state Tree[7].cache[1].state 

===== Init heuristics! =====

Progress Report:

	100000 states explored in 14.49s, with 625432 rules fired and 77643 states in the queue.
	200000 states explored in 23.81s, with 1279788 rules fired and 151289 states in the queue.
	300000 states explored in 39.23s, with 2346470 rules fired and 206227 states in the queue.
	400000 states explored in 47.85s, with 2920443 rules fired and 280455 states in the queue.
	500000 states explored in 57.50s, with 3562483 rules fired and 352446 states in the queue.
	600000 states explored in 66.84s, with 4196921 rules fired and 426103 states in the queue.
	700000 states explored in 89.16s, with 5670923 rules fired and 455788 states in the queue.
	800000 states explored in 100.11s, with 6375935 rules fired and 521029 states in the queue.
	900000 states explored in 109.60s, with 6971671 rules fired and 592015 states in the queue.
	1000000 states explored in 117.45s, with 7519451 rules fired and 666453 states in the queue.
	1100000 states explored in 124.90s, with 8044800 rules fired and 742890 states in the queue.
	1200000 states explored in 134.63s, with 8737776 rules fired and 811615 states in the queue.
	1300000 states explored in 144.90s, with 9484668 rules fired and 878748 states in the queue.
	1400000 states explored in 162.11s, with 10691161 rules fired and 921795 states in the queue.
	1500000 states explored in 185.26s, with 12304158 rules fired and 940246 states in the queue.
	1600000 states explored in 200.83s, with 13416106 rules fired and 982390 states in the queue.
	1700000 states explored in 209.21s, with 13947128 rules fired and 1053335 states in the queue.
	1800000 states explored in 218.49s, with 14559903 rules fired and 1120424 states in the queue.
	1900000 states explored in 226.00s, with 15103828 rules fired and 1193603 states in the queue.
	2000000 states explored in 232.46s, with 15559428 rules fired and 1272034 states in the queue.
	2100000 states explored in 238.98s, with 16036130 rules fired and 1352180 states in the queue.
	2200000 states explored in 245.11s, with 16493265 rules fired and 1432886 states in the queue.
	2300000 states explored in 251.84s, with 16984216 rules fired and 1511493 states in the queue.
	2400000 states explored in 259.52s, with 17540179 rules fired and 1586573 states in the queue.
	2500000 states explored in 268.51s, with 18179514 rules fired and 1658724 states in the queue.
	2600000 states explored in 278.82s, with 18906735 rules fired and 1727029 states in the queue.
	2700000 states explored in 292.68s, with 19894198 rules fired and 1782239 states in the queue.
	2800000 states explored in 310.58s, with 21115248 rules fired and 1822459 states in the queue.
	2900000 states explored in 327.93s, with 22353013 rules fired and 1864311 states in the queue.
	3000000 states explored in 348.75s, with 23813770 rules fired and 1889068 states in the queue.
	3100000 states explored in 369.56s, with 25315259 rules fired and 1916170 states in the queue.
	3200000 states explored in 394.93s, with 27058168 rules fired and 1922951 states in the queue.
	3300000 states explored in 406.68s, with 27804379 rules fired and 1980867 states in the queue.
	3400000 states explored in 414.59s, with 28278057 rules fired and 2053471 states in the queue.
	3500000 states explored in 425.99s, with 28970465 rules fired and 2112486 states in the queue.
	3600000 states explored in 436.20s, with 29594735 rules fired and 2175547 states in the queue.
	3700000 states explored in 443.97s, with 30106034 rules fired and 2249027 states in the queue.
	3800000 states explored in 450.19s, with 30552371 rules fired and 2329321 states in the queue.
	3900000 states explored in 456.38s, with 30998398 rules fired and 2408752 states in the queue.
	4000000 states explored in 461.45s, with 31392875 rules fired and 2492159 states in the queue.
	4100000 states explored in 467.42s, with 31812444 rules fired and 2573217 states in the queue.

Error:

	Internal Error: Too many active states.



