This program should be regarded as a DEBUGGING aid, not as a 
certifier of correctness.
Call with the -l flag or read the license file for terms
and conditions of use.
Run this program with "-h" for the list of options.

Bugs, questions, and comments should be directed to
"melatti@di.uniroma1.it".

CMurphi compiler last modified date: Apr 10 2024
Include files last modified date:    Jul 23 2021
==========================================================================

==========================================================================
Caching Murphi Release 5.5.0
Finite-state Concurrent System Verifier.

Caching Murphi Release 5.5.0 is based on various versions of Murphi.
Caching Murphi Release 5.5.0 :
Copyright (C) 2009-2012 by Sapienza University of Rome.
Murphi release 3.1 :
Copyright (C) 1992 - 1999 by the Board of Trustees of
Leland Stanford Junior University.

==========================================================================

Protocol: ./protocols/exec/TL-C_NonIn_M_data/TL-C_NonIn_M_data_inv69
===========================================
  You are using LS algorithm.  
===========================================

===== Startstates are generated! =====
Carelist Layer 0: Tree[1].cache[1].state Tree[2].cache[1].state Tree[3].cache[1].state Tree[4].cache[1].state Tree[5].cache[1].state Tree[6].cache[1].state Tree[7].cache[1].state 

===== Init heuristics! =====

Progress Report:

	100000 states explored in 12.02s, with 671521 rules fired and 76222 states in the queue.
	200000 states explored in 24.56s, with 1577652 rules fired and 141273 states in the queue.
	300000 states explored in 31.55s, with 2070355 rules fired and 221780 states in the queue.
	400000 states explored in 44.58s, with 3004694 rules fired and 283579 states in the queue.
	500000 states explored in 59.28s, with 4037185 rules fired and 337497 states in the queue.
	600000 states explored in 66.72s, with 4539638 rules fired and 416315 states in the queue.
	700000 states explored in 75.85s, with 5163807 rules fired and 489311 states in the queue.
	800000 states explored in 91.86s, with 6251025 rules fired and 541629 states in the queue.
	900000 states explored in 112.44s, with 7640516 rules fired and 577693 states in the queue.
	1000000 states explored in 128.05s, with 8714065 rules fired and 628834 states in the queue.
	1100000 states explored in 134.01s, with 9121171 rules fired and 711066 states in the queue.
	1200000 states explored in 140.85s, with 9579925 rules fired and 790390 states in the queue.
	1300000 states explored in 147.84s, with 10055491 rules fired and 869797 states in the queue.
	1400000 states explored in 158.50s, with 10758270 rules fired and 937609 states in the queue.
	1500000 states explored in 177.36s, with 11901857 rules fired and 981964 states in the queue.
	1600000 states explored in 193.77s, with 12931381 rules fired and 1034281 states in the queue.
	1700000 states explored in 211.23s, with 14009569 rules fired and 1083745 states in the queue.
	1800000 states explored in 232.68s, with 15310595 rules fired and 1119340 states in the queue.
	1900000 states explored in 249.15s, with 16341402 rules fired and 1170192 states in the queue.
	2000000 states explored in 260.37s, with 17094670 rules fired and 1239978 states in the queue.
	2100000 states explored in 283.54s, with 18610652 rules fired and 1270744 states in the queue.
	2200000 states explored in 289.34s, with 18967679 rules fired and 1354664 states in the queue.
	2300000 states explored in 295.46s, with 19347091 rules fired and 1437717 states in the queue.
	2400000 states explored in 302.38s, with 19781440 rules fired and 1518569 states in the queue.
	2500000 states explored in 309.53s, with 20232207 rules fired and 1598699 states in the queue.
	2600000 states explored in 316.91s, with 20698197 rules fired and 1678827 states in the queue.
	2700000 states explored in 324.42s, with 21170500 rules fired and 1758387 states in the queue.
	2800000 states explored in 333.04s, with 21699381 rules fired and 1834605 states in the queue.
	2900000 states explored in 342.97s, with 22299096 rules fired and 1906912 states in the queue.
	3000000 states explored in 355.19s, with 23025655 rules fired and 1971672 states in the queue.
	3100000 states explored in 376.34s, with 24273873 rules fired and 2006574 states in the queue.
	3200000 states explored in 399.40s, with 25658729 rules fired and 2034903 states in the queue.
	3300000 states explored in 419.75s, with 26990939 rules fired and 2070180 states in the queue.
	3400000 states explored in 439.59s, with 28199091 rules fired and 2110490 states in the queue.
	3500000 states explored in 456.99s, with 29226421 rules fired and 2157558 states in the queue.
	3600000 states explored in 476.22s, with 30422541 rules fired and 2193855 states in the queue.
	3700000 states explored in 492.93s, with 31515471 rules fired and 2239754 states in the queue.
	3800000 states explored in 506.84s, with 32441291 rules fired and 2295070 states in the queue.
	3900000 states explored in 514.79s, with 33008329 rules fired and 2372528 states in the queue.
	4000000 states explored in 523.60s, with 33635290 rules fired and 2447263 states in the queue.
	4100000 states explored in 534.66s, with 34435249 rules fired and 2516609 states in the queue.
	4200000 states explored in 544.75s, with 35169108 rules fired and 2587170 states in the queue.

Error:

	Internal Error: Too many active states.



