This program should be regarded as a DEBUGGING aid, not as a 
certifier of correctness.
Call with the -l flag or read the license file for terms
and conditions of use.
Run this program with "-h" for the list of options.

Bugs, questions, and comments should be directed to
"melatti@di.uniroma1.it".

CMurphi compiler last modified date: Apr 10 2024
Include files last modified date:    Jul 23 2021
==========================================================================

==========================================================================
Caching Murphi Release 5.5.0
Finite-state Concurrent System Verifier.

Caching Murphi Release 5.5.0 is based on various versions of Murphi.
Caching Murphi Release 5.5.0 :
Copyright (C) 2009-2012 by Sapienza University of Rome.
Murphi release 3.1 :
Copyright (C) 1992 - 1999 by the Board of Trustees of
Leland Stanford Junior University.

==========================================================================

Protocol: ./protocols/exec/TL-C_NonIn_M_data/TL-C_NonIn_M_data_inv187
===========================================
  You are using LS algorithm.  
===========================================

===== Startstates are generated! =====
Carelist Layer 0: Tree[1].cache[1].state Tree[2].cache[1].state Tree[3].cache[1].state Tree[4].cache[1].state Tree[5].cache[1].state Tree[6].cache[1].state Tree[7].cache[1].state 

===== Init heuristics! =====

Progress Report:

	100000 states explored in 11.75s, with 607343 rules fired and 78466 states in the queue.
	200000 states explored in 21.52s, with 1281080 rules fired and 151536 states in the queue.
	300000 states explored in 33.44s, with 2250563 rules fired and 211114 states in the queue.
	400000 states explored in 41.13s, with 2911423 rules fired and 281909 states in the queue.
	500000 states explored in 48.46s, with 3535766 rules fired and 355049 states in the queue.
	600000 states explored in 54.34s, with 4059714 rules fired and 434535 states in the queue.
	700000 states explored in 65.89s, with 5040114 rules fired and 491025 states in the queue.
	800000 states explored in 83.44s, with 6486238 rules fired and 520613 states in the queue.
	900000 states explored in 90.72s, with 6966287 rules fired and 597964 states in the queue.
	1000000 states explored in 96.94s, with 7395514 rules fired and 679754 states in the queue.
	1100000 states explored in 104.23s, with 7880407 rules fired and 758124 states in the queue.
	1200000 states explored in 113.46s, with 8488263 rules fired and 830492 states in the queue.
	1300000 states explored in 124.13s, with 9199586 rules fired and 898669 states in the queue.
	1400000 states explored in 133.77s, with 9877325 rules fired and 970529 states in the queue.
	1500000 states explored in 149.95s, with 10971860 rules fired and 1020125 states in the queue.
	1600000 states explored in 165.31s, with 12068153 rules fired and 1071573 states in the queue.
	1700000 states explored in 189.27s, with 13718373 rules fired and 1087974 states in the queue.
	1800000 states explored in 204.70s, with 14694504 rules fired and 1136927 states in the queue.
	1900000 states explored in 211.22s, with 15112172 rules fired and 1217884 states in the queue.
	2000000 states explored in 217.81s, with 15544245 rules fired and 1299002 states in the queue.
	2100000 states explored in 224.83s, with 16004694 rules fired and 1379244 states in the queue.
	2200000 states explored in 231.20s, with 16421632 rules fired and 1461043 states in the queue.
	2300000 states explored in 238.14s, with 16880916 rules fired and 1541324 states in the queue.
	2400000 states explored in 245.76s, with 17378268 rules fired and 1619353 states in the queue.
	2500000 states explored in 254.53s, with 17949737 rules fired and 1694033 states in the queue.
	2600000 states explored in 263.80s, with 18550854 rules fired and 1767099 states in the queue.
	2700000 states explored in 272.93s, with 19143121 rules fired and 1840302 states in the queue.
	2800000 states explored in 282.15s, with 19750702 rules fired and 1913599 states in the queue.
	2900000 states explored in 292.43s, with 20413927 rules fired and 1983949 states in the queue.
	3000000 states explored in 308.02s, with 21425381 rules fired and 2037588 states in the queue.
	3100000 states explored in 326.50s, with 22618779 rules fired and 2081741 states in the queue.
	3200000 states explored in 346.49s, with 23880816 rules fired and 2119206 states in the queue.
	3300000 states explored in 366.99s, with 25199352 rules fired and 2154515 states in the queue.
	3400000 states explored in 384.59s, with 26342267 rules fired and 2198038 states in the queue.
	3500000 states explored in 406.50s, with 27747068 rules fired and 2227966 states in the queue.
	3600000 states explored in 426.15s, with 29030819 rules fired and 2265778 states in the queue.
	3700000 states explored in 449.23s, with 30511041 rules fired and 2289471 states in the queue.
	3800000 states explored in 463.91s, with 31503157 rules fired and 2344091 states in the queue.
	3900000 states explored in 469.50s, with 31856060 rules fired and 2427152 states in the queue.
	4000000 states explored in 475.59s, with 32266562 rules fired and 2509889 states in the queue.
	4100000 states explored in 481.35s, with 32653852 rules fired and 2592354 states in the queue.

Error:

	Internal Error: Too many active states.



