This program should be regarded as a DEBUGGING aid, not as a 
certifier of correctness.
Call with the -l flag or read the license file for terms
and conditions of use.
Run this program with "-h" for the list of options.

Bugs, questions, and comments should be directed to
"melatti@di.uniroma1.it".

CMurphi compiler last modified date: Apr 10 2024
Include files last modified date:    Jul 23 2021
==========================================================================

==========================================================================
Caching Murphi Release 5.5.0
Finite-state Concurrent System Verifier.

Caching Murphi Release 5.5.0 is based on various versions of Murphi.
Caching Murphi Release 5.5.0 :
Copyright (C) 2009-2012 by Sapienza University of Rome.
Murphi release 3.1 :
Copyright (C) 1992 - 1999 by the Board of Trustees of
Leland Stanford Junior University.

==========================================================================

Protocol: ./protocols/exec/TL-C_NonIn_M_data/TL-C_NonIn_M_data_inv96
===========================================
  You are using LS algorithm.  
===========================================

===== Startstates are generated! =====
Carelist Layer 0: Tree[1].cache[1].state Tree[2].cache[1].state Tree[3].cache[1].state Tree[4].cache[1].state Tree[5].cache[1].state Tree[6].cache[1].state Tree[7].cache[1].state 

===== Init heuristics! =====

Progress Report:

	100000 states explored in 12.48s, with 683077 rules fired and 73721 states in the queue.
	200000 states explored in 25.94s, with 1664306 rules fired and 129949 states in the queue.
	300000 states explored in 33.52s, with 2154921 rules fired and 209821 states in the queue.
	400000 states explored in 46.70s, with 3103079 rules fired and 266776 states in the queue.
	500000 states explored in 64.25s, with 4241869 rules fired and 307740 states in the queue.
	600000 states explored in 71.57s, with 4704274 rules fired and 387537 states in the queue.
	700000 states explored in 81.01s, with 5299071 rules fired and 461410 states in the queue.
	800000 states explored in 93.99s, with 6105788 rules fired and 523878 states in the queue.
	900000 states explored in 117.00s, with 7520035 rules fired and 551130 states in the queue.
	1000000 states explored in 144.62s, with 9229923 rules fired and 557279 states in the queue.
	1100000 states explored in 150.08s, with 9570532 rules fired and 642426 states in the queue.
	1200000 states explored in 157.03s, with 9990205 rules fired and 723152 states in the queue.
	1300000 states explored in 164.69s, with 10454771 rules fired and 802005 states in the queue.
	1400000 states explored in 173.54s, with 10993416 rules fired and 877510 states in the queue.
	1500000 states explored in 185.17s, with 11690118 rules fired and 943894 states in the queue.
	1600000 states explored in 205.30s, with 12888770 rules fired and 979843 states in the queue.
	1700000 states explored in 222.85s, with 13935406 rules fired and 1026924 states in the queue.
	1800000 states explored in 242.03s, with 15085543 rules fired and 1065570 states in the queue.
	1900000 states explored in 261.90s, with 16289433 rules fired and 1101590 states in the queue.
	2000000 states explored in 284.45s, with 17706618 rules fired and 1125766 states in the queue.
	2100000 states explored in 308.78s, with 19284569 rules fired and 1145003 states in the queue.
	2200000 states explored in 317.93s, with 19864458 rules fired and 1217246 states in the queue.
	2300000 states explored in 323.43s, with 20207826 rules fired and 1302420 states in the queue.
	2400000 states explored in 329.65s, with 20586901 rules fired and 1385183 states in the queue.
	2500000 states explored in 336.07s, with 20976288 rules fired and 1467038 states in the queue.
	2600000 states explored in 342.70s, with 21380801 rules fired and 1548681 states in the queue.
	2700000 states explored in 350.07s, with 21843475 rules fired and 1628743 states in the queue.
	2800000 states explored in 357.83s, with 22326562 rules fired and 1707629 states in the queue.
	2900000 states explored in 366.15s, with 22823596 rules fired and 1784311 states in the queue.
	3000000 states explored in 374.74s, with 23345110 rules fired and 1860427 states in the queue.
	3100000 states explored in 383.72s, with 23903009 rules fired and 1936021 states in the queue.
	3200000 states explored in 398.04s, with 24746874 rules fired and 1993221 states in the queue.
	3300000 states explored in 417.93s, with 25908165 rules fired and 2031166 states in the queue.
	3400000 states explored in 438.34s, with 27127737 rules fired and 2067122 states in the queue.
	3500000 states explored in 464.44s, with 28665534 rules fired and 2081178 states in the queue.
	3600000 states explored in 489.42s, with 30125834 rules fired and 2097074 states in the queue.
	3700000 states explored in 509.74s, with 31319843 rules fired and 2130713 states in the queue.
	3800000 states explored in 530.29s, with 32532601 rules fired and 2162978 states in the queue.
	3900000 states explored in 549.70s, with 33697003 rules fired and 2198933 states in the queue.
	4000000 states explored in 571.85s, with 35041418 rules fired and 2226468 states in the queue.
	4100000 states explored in 589.98s, with 36195371 rules fired and 2270601 states in the queue.
	4200000 states explored in 603.05s, with 37048128 rules fired and 2332089 states in the queue.
	4300000 states explored in 617.88s, with 38051338 rules fired and 2389192 states in the queue.
	4400000 states explored in 638.49s, with 39546755 rules fired and 2421696 states in the queue.
	4500000 states explored in 657.70s, with 40953120 rules fired and 2453880 states in the queue.
	4600000 states explored in 662.43s, with 41256821 rules fired and 2539907 states in the queue.

Error:

	Internal Error: Too many active states.



