This program should be regarded as a DEBUGGING aid, not as a 
certifier of correctness.
Call with the -l flag or read the license file for terms
and conditions of use.
Run this program with "-h" for the list of options.

Bugs, questions, and comments should be directed to
"melatti@di.uniroma1.it".

CMurphi compiler last modified date: Jul 24 2024
Include files last modified date:    Jul 23 2021
==========================================================================

==========================================================================
Caching Murphi Release 5.5.0
Finite-state Concurrent System Verifier.

Caching Murphi Release 5.5.0 is based on various versions of Murphi.
Caching Murphi Release 5.5.0 :
Copyright (C) 2009-2012 by Sapienza University of Rome.
Murphi release 3.1 :
Copyright (C) 1992 - 1999 by the Board of Trustees of
Leland Stanford Junior University.

==========================================================================

Protocol: ./protocols/exec/German_node8/German_node8_inv102
===========================================
  You are using EDMC algorithm.  
===========================================

===== Startstates are generated! =====
Carelist Layer 0: Cache[1].State Cache[2].State Cache[3].State Cache[4].State Cache[5].State Cache[6].State Cache[7].State Cache[8].State 
Carelist Layer 1: Chan2[node].Cmd Chan3[node].Cmd Cache[node].State 
Attr: Chan3[node].Cmd Level: 1 Wi: 2
Attr: Chan2[node].Cmd Level: 1 Wi: 2
Attr: Cache[8].State Level: 0 Wi: 4
Attr: Cache[7].State Level: 0 Wi: 4
Attr: Cache[1].State Level: 0 Wi: 4
Attr: Cache[3].State Level: 0 Wi: 4
Attr: Cache[node].State Level: 1 Wi: 2
Attr: Cache[4].State Level: 0 Wi: 4
Attr: Cache[2].State Level: 0 Wi: 4
Attr: Cache[5].State Level: 0 Wi: 4
Attr: Cache[6].State Level: 0 Wi: 4

===== Init heuristics! =====

Progress Report:

	100000 states explored in 3.59s, with 176482 rules fired and 78904 states in the queue.
	200000 states explored in 4.96s, with 408259 rules fired and 149053 states in the queue.
	300000 states explored in 6.40s, with 651626 rules fired and 220177 states in the queue.
	400000 states explored in 7.78s, with 875972 rules fired and 290497 states in the queue.
	500000 states explored in 9.41s, with 1142567 rules fired and 357963 states in the queue.
	600000 states explored in 10.84s, with 1375598 rules fired and 427759 states in the queue.
	700000 states explored in 12.48s, with 1643680 rules fired and 493529 states in the queue.
	800000 states explored in 14.23s, with 1928559 rules fired and 559278 states in the queue.
	900000 states explored in 16.00s, with 2209787 rules fired and 626090 states in the queue.
	1000000 states explored in 17.23s, with 2411308 rules fired and 701452 states in the queue.
	1100000 states explored in 18.83s, with 2666379 rules fired and 769779 states in the queue.
	1200000 states explored in 20.22s, with 2886638 rules fired and 842299 states in the queue.
	1300000 states explored in 22.13s, with 3196341 rules fired and 900196 states in the queue.
	1400000 states explored in 23.68s, with 3435966 rules fired and 964983 states in the queue.
	1500000 states explored in 25.34s, with 3692559 rules fired and 1026485 states in the queue.
	1600000 states explored in 27.12s, with 3965703 rules fired and 1092852 states in the queue.
	1700000 states explored in 28.82s, with 4242498 rules fired and 1161709 states in the queue.
	1800000 states explored in 30.78s, with 4548133 rules fired and 1224831 states in the queue.
	1900000 states explored in 32.60s, with 4827162 rules fired and 1289056 states in the queue.
	2000000 states explored in 34.39s, with 5110775 rules fired and 1352442 states in the queue.
	2100000 states explored in 36.26s, with 5395594 rules fired and 1418159 states in the queue.
	2200000 states explored in 38.45s, with 5728182 rules fired and 1479059 states in the queue.
	2300000 states explored in 40.37s, with 6011532 rules fired and 1546895 states in the queue.
	2400000 states explored in 42.53s, with 6329196 rules fired and 1608033 states in the queue.
	2500000 states explored in 44.35s, with 6595895 rules fired and 1675484 states in the queue.
	2600000 states explored in 46.39s, with 6901671 rules fired and 1737319 states in the queue.
	2700000 states explored in 48.60s, with 7240225 rules fired and 1794204 states in the queue.
	2800000 states explored in 50.82s, with 7575610 rules fired and 1854472 states in the queue.
	2900000 states explored in 53.21s, with 7930346 rules fired and 1910293 states in the queue.
	3000000 states explored in 55.61s, with 8289340 rules fired and 1968017 states in the queue.
	3100000 states explored in 58.25s, with 8694537 rules fired and 2023110 states in the queue.
	3200000 states explored in 61.15s, with 9127421 rules fired and 2073702 states in the queue.
	3300000 states explored in 64.46s, with 9628380 rules fired and 2117645 states in the queue.
	3400000 states explored in 67.83s, with 10104499 rules fired and 2161300 states in the queue.
	3500000 states explored in 70.06s, with 10427513 rules fired and 2223684 states in the queue.
	3600000 states explored in 72.33s, with 10731848 rules fired and 2285874 states in the queue.
	3700000 states explored in 74.79s, with 11067649 rules fired and 2342309 states in the queue.
	3800000 states explored in 77.50s, with 11444651 rules fired and 2393791 states in the queue.
	3900000 states explored in 80.40s, with 11836429 rules fired and 2441566 states in the queue.
	4000000 states explored in 83.39s, with 12238779 rules fired and 2489694 states in the queue.
	4100000 states explored in 86.51s, with 12669776 rules fired and 2534511 states in the queue.
	4200000 states explored in 89.28s, with 13043601 rules fired and 2586189 states in the queue.
	4300000 states explored in 92.18s, with 13430462 rules fired and 2636521 states in the queue.
	4400000 states explored in 95.35s, with 13867605 rules fired and 2677783 states in the queue.
	4500000 states explored in 98.48s, with 14280219 rules fired and 2722879 states in the queue.
	4600000 states explored in 101.68s, with 14706707 rules fired and 2764260 states in the queue.
	4700000 states explored in 103.84s, with 14992974 rules fired and 2829395 states in the queue.
	4800000 states explored in 105.41s, with 15187553 rules fired and 2909467 states in the queue.
	4900000 states explored in 107.36s, with 15463478 rules fired and 2974088 states in the queue.
	5000000 states explored in 109.45s, with 15754639 rules fired and 3039562 states in the queue.
	5100000 states explored in 111.44s, with 16010172 rules fired and 3110971 states in the queue.
	5200000 states explored in 113.46s, with 16287918 rules fired and 3179794 states in the queue.
	5300000 states explored in 115.84s, with 16567233 rules fired and 3250081 states in the queue.
	5400000 states explored in 117.63s, with 16821437 rules fired and 3322189 states in the queue.
	5500000 states explored in 119.87s, with 17137011 rules fired and 3391291 states in the queue.
	5600000 states explored in 121.75s, with 17384073 rules fired and 3466361 states in the queue.
	5700000 states explored in 124.11s, with 17714681 rules fired and 3530860 states in the queue.
	5800000 states explored in 126.16s, with 17975806 rules fired and 3603039 states in the queue.
	5900000 states explored in 128.73s, with 18306094 rules fired and 3671678 states in the queue.
	6000000 states explored in 131.05s, with 18557605 rules fired and 3747519 states in the queue.
	6100000 states explored in 133.72s, with 18901731 rules fired and 3810996 states in the queue.
	6200000 states explored in 136.75s, with 19280611 rules fired and 3872875 states in the queue.
	6300000 states explored in 140.18s, with 19676198 rules fired and 3933491 states in the queue.
	6400000 states explored in 143.43s, with 19996486 rules fired and 4002084 states in the queue.
	6500000 states explored in 145.89s, with 20328297 rules fired and 4066535 states in the queue.
	6600000 states explored in 148.30s, with 20564480 rules fired and 4142100 states in the queue.
	6700000 states explored in 150.72s, with 20869214 rules fired and 4212614 states in the queue.
	6800000 states explored in 153.19s, with 21141779 rules fired and 4286328 states in the queue.
	6900000 states explored in 156.05s, with 21481255 rules fired and 4351765 states in the queue.
	7000000 states explored in 159.10s, with 21823710 rules fired and 4417432 states in the queue.
	7100000 states explored in 162.12s, with 22169696 rules fired and 4481466 states in the queue.
	7200000 states explored in 165.11s, with 22515138 rules fired and 4547171 states in the queue.
	7300000 states explored in 167.09s, with 22753042 rules fired and 4620895 states in the queue.
	7400000 states explored in 169.23s, with 22990885 rules fired and 4694010 states in the queue.
	7500000 states explored in 171.43s, with 23256349 rules fired and 4759923 states in the queue.
	7600000 states explored in 174.34s, with 23561811 rules fired and 4823067 states in the queue.
	7700000 states explored in 176.59s, with 23849655 rules fired and 4889195 states in the queue.
	7800000 states explored in 179.21s, with 24141991 rules fired and 4953497 states in the queue.
	7900000 states explored in 181.73s, with 24412599 rules fired and 5021083 states in the queue.
	8000000 states explored in 184.59s, with 24712960 rules fired and 5089312 states in the queue.
	8100000 states explored in 187.22s, with 24988595 rules fired and 5154619 states in the queue.
	8200000 states explored in 190.11s, with 25286236 rules fired and 5218323 states in the queue.
	8300000 states explored in 193.72s, with 25595675 rules fired and 5283357 states in the queue.
	8400000 states explored in 196.32s, with 25870764 rules fired and 5354078 states in the queue.
	8500000 states explored in 199.03s, with 26197037 rules fired and 5417809 states in the queue.
	8600000 states explored in 202.13s, with 26496058 rules fired and 5483063 states in the queue.
	8700000 states explored in 205.38s, with 26809819 rules fired and 5547959 states in the queue.
	8800000 states explored in 208.15s, with 27103881 rules fired and 5616291 states in the queue.
	8900000 states explored in 210.55s, with 27362133 rules fired and 5687018 states in the queue.
	9000000 states explored in 213.23s, with 27676510 rules fired and 5751305 states in the queue.
	9100000 states explored in 216.19s, with 27977608 rules fired and 5815025 states in the queue.
	9200000 states explored in 219.71s, with 28298614 rules fired and 5878580 states in the queue.
	9300000 states explored in 223.03s, with 28609297 rules fired and 5944688 states in the queue.
	9400000 states explored in 226.90s, with 28970065 rules fired and 6006618 states in the queue.
	9500000 states explored in 230.04s, with 29288727 rules fired and 6072046 states in the queue.
	9600000 states explored in 234.09s, with 29680645 rules fired and 6132763 states in the queue.
	9700000 states explored in 237.79s, with 30051010 rules fired and 6196692 states in the queue.
	9800000 states explored in 241.47s, with 30413002 rules fired and 6259057 states in the queue.
	9900000 states explored in 245.67s, with 30793884 rules fired and 6320095 states in the queue.
	10000000 states explored in 248.97s, with 31111918 rules fired and 6389946 states in the queue.
	10100000 states explored in 253.36s, with 31467563 rules fired and 6456686 states in the queue.
	10200000 states explored in 256.55s, with 31758850 rules fired and 6528004 states in the queue.
	10300000 states explored in 259.49s, with 32029878 rules fired and 6596238 states in the queue.
	10400000 states explored in 263.24s, with 32381662 rules fired and 6659893 states in the queue.
	10500000 states explored in 266.48s, with 32670143 rules fired and 6732978 states in the queue.
	10600000 states explored in 268.59s, with 32914465 rules fired and 6804806 states in the queue.
	10700000 states explored in 271.28s, with 33253641 rules fired and 6863751 states in the queue.
	10800000 states explored in 275.20s, with 33660736 rules fired and 6917393 states in the queue.
	10900000 states explored in 277.81s, with 34002145 rules fired and 6975618 states in the queue.
	11000000 states explored in 280.56s, with 34305678 rules fired and 7040300 states in the queue.
	11100000 states explored in 284.06s, with 34596137 rules fired and 7109967 states in the queue.
	11200000 states explored in 287.23s, with 34882420 rules fired and 7178790 states in the queue.
	11300000 states explored in 291.31s, with 35233521 rules fired and 7244834 states in the queue.
	11400000 states explored in 295.15s, with 35579320 rules fired and 7310502 states in the queue.
	11500000 states explored in 299.38s, with 35986042 rules fired and 7369169 states in the queue.
	11600000 states explored in 303.30s, with 36378609 rules fired and 7429285 states in the queue.
	11700000 states explored in 307.11s, with 36801387 rules fired and 7486994 states in the queue.
	11800000 states explored in 310.07s, with 37176814 rules fired and 7549260 states in the queue.
	11900000 states explored in 313.36s, with 37560941 rules fired and 7612718 states in the queue.
	12000000 states explored in 316.20s, with 37849734 rules fired and 7679905 states in the queue.
	12100000 states explored in 319.62s, with 38194869 rules fired and 7742646 states in the queue.
	12200000 states explored in 322.88s, with 38538535 rules fired and 7808051 states in the queue.
	12300000 states explored in 325.65s, with 38835041 rules fired and 7874140 states in the queue.
	12400000 states explored in 328.46s, with 39149574 rules fired and 7938134 states in the queue.
	12500000 states explored in 331.41s, with 39478170 rules fired and 8002956 states in the queue.
	12600000 states explored in 335.47s, with 39931436 rules fired and 8061037 states in the queue.
	12700000 states explored in 339.01s, with 40240885 rules fired and 8130918 states in the queue.
	12800000 states explored in 343.39s, with 40600211 rules fired and 8195013 states in the queue.
	12900000 states explored in 347.29s, with 40962405 rules fired and 8258942 states in the queue.
	13000000 states explored in 351.98s, with 41394008 rules fired and 8314400 states in the queue.
	13100000 states explored in 356.21s, with 41792640 rules fired and 8373256 states in the queue.
	13200000 states explored in 360.55s, with 42186855 rules fired and 8432507 states in the queue.
	13300000 states explored in 365.23s, with 42649000 rules fired and 8484920 states in the queue.
	13400000 states explored in 368.85s, with 42996956 rules fired and 8546318 states in the queue.
	13500000 states explored in 372.60s, with 43345143 rules fired and 8611495 states in the queue.
	13600000 states explored in 375.81s, with 43630016 rules fired and 8680016 states in the queue.

Error:

	Internal Error: Too many active states.



