This program should be regarded as a DEBUGGING aid, not as a 
certifier of correctness.
Call with the -l flag or read the license file for terms
and conditions of use.
Run this program with "-h" for the list of options.

Bugs, questions, and comments should be directed to
"melatti@di.uniroma1.it".

CMurphi compiler last modified date: Apr 10 2024
Include files last modified date:    Jul 23 2021
==========================================================================

==========================================================================
Caching Murphi Release 5.5.0
Finite-state Concurrent System Verifier.

Caching Murphi Release 5.5.0 is based on various versions of Murphi.
Caching Murphi Release 5.5.0 :
Copyright (C) 2009-2012 by Sapienza University of Rome.
Murphi release 3.1 :
Copyright (C) 1992 - 1999 by the Board of Trustees of
Leland Stanford Junior University.

==========================================================================

Protocol: ./protocols/exec/TL-C_NonIn_S_nodata/TL-C_NonIn_S_nodata_inv135
===========================================
  You are using EDMC algorithm.  
===========================================

===== Startstates are generated! =====
Carelist Layer 0: Tree[1].cache.state Tree[2].cache.state Tree[3].cache.state Tree[4].cache.state Tree[5].cache.state Tree[6].cache.state Tree[7].cache.state 
Carelist Layer 1: Tree[1].chanA[b].opcode.isundefined Tree[1].chanA[b].opcode Tree[1].chanA[b].para Tree[1].cache.state Tree[1].directory[k Tree[1].directory[b 
Attr: Tree[7].cache.state Level: 2 Wi: 2
Attr: Tree[2].cache.state Level: 1 Wi: 4
Attr: Tree[1].cache.state Level: 0 Wi: 8
Attr: Tree[6].cache.state Level: 2 Wi: 2
Attr: Tree[4].cache.state Level: 2 Wi: 2
Attr: Tree[3].cache.state Level: 1 Wi: 4
Attr: Tree[5].cache.state Level: 2 Wi: 2

===== Init heuristics! =====

Progress Report:

	100000 states explored in 8.31s, with 232041 rules fired and 68056 states in the queue.
	200000 states explored in 10.41s, with 485615 rules fired and 139663 states in the queue.
	300000 states explored in 12.59s, with 744248 rules fired and 211580 states in the queue.
	400000 states explored in 14.71s, with 988449 rules fired and 282410 states in the queue.
	500000 states explored in 16.88s, with 1239668 rules fired and 353727 states in the queue.
	600000 states explored in 19.33s, with 1520018 rules fired and 420516 states in the queue.
	700000 states explored in 21.67s, with 1791405 rules fired and 488801 states in the queue.
	800000 states explored in 24.23s, with 2089924 rules fired and 553996 states in the queue.
	900000 states explored in 26.80s, with 2390575 rules fired and 619650 states in the queue.
	1000000 states explored in 28.97s, with 2637537 rules fired and 690393 states in the queue.
	1100000 states explored in 31.18s, with 2896762 rules fired and 761559 states in the queue.
	1200000 states explored in 33.39s, with 3160141 rules fired and 832532 states in the queue.
	1300000 states explored in 35.65s, with 3416136 rules fired and 901447 states in the queue.
	1400000 states explored in 38.08s, with 3702151 rules fired and 969824 states in the queue.
	1500000 states explored in 40.47s, with 3988704 rules fired and 1038845 states in the queue.
	1600000 states explored in 43.08s, with 4309148 rules fired and 1106375 states in the queue.
	1700000 states explored in 45.45s, with 4588981 rules fired and 1176601 states in the queue.
	1800000 states explored in 47.68s, with 4849377 rules fired and 1247800 states in the queue.
	1900000 states explored in 50.06s, with 5129708 rules fired and 1317400 states in the queue.
	2000000 states explored in 52.80s, with 5461243 rules fired and 1383289 states in the queue.
	2100000 states explored in 55.56s, with 5798606 rules fired and 1448863 states in the queue.
	2200000 states explored in 58.15s, with 6099249 rules fired and 1515096 states in the queue.
	2300000 states explored in 60.38s, with 6346898 rules fired and 1583652 states in the queue.
	2400000 states explored in 62.57s, with 6593200 rules fired and 1653745 states in the queue.
	2500000 states explored in 64.81s, with 6850404 rules fired and 1723753 states in the queue.
	2600000 states explored in 67.23s, with 7132899 rules fired and 1790784 states in the queue.
	2700000 states explored in 69.51s, with 7389708 rules fired and 1859810 states in the queue.
	2800000 states explored in 72.11s, with 7681933 rules fired and 1925492 states in the queue.
	2900000 states explored in 74.78s, with 7985599 rules fired and 1990027 states in the queue.
	3000000 states explored in 77.17s, with 8259673 rules fired and 2058829 states in the queue.
	3100000 states explored in 79.69s, with 8561960 rules fired and 2126412 states in the queue.
	3200000 states explored in 82.20s, with 8854276 rules fired and 2194323 states in the queue.
	3300000 states explored in 84.63s, with 9129428 rules fired and 2261246 states in the queue.
	3400000 states explored in 87.25s, with 9428171 rules fired and 2325605 states in the queue.
	3500000 states explored in 89.84s, with 9721489 rules fired and 2390923 states in the queue.
	3600000 states explored in 92.23s, with 9990154 rules fired and 2458646 states in the queue.
	3700000 states explored in 95.66s, with 10374891 rules fired and 2512208 states in the queue.
	3800000 states explored in 98.24s, with 10668330 rules fired and 2577135 states in the queue.
	3900000 states explored in 100.89s, with 10976684 rules fired and 2642285 states in the queue.
	4000000 states explored in 103.36s, with 11248734 rules fired and 2709259 states in the queue.
	4100000 states explored in 106.22s, with 11565052 rules fired and 2771253 states in the queue.
	4200000 states explored in 109.15s, with 11888466 rules fired and 2831107 states in the queue.
	4300000 states explored in 112.68s, with 12272778 rules fired and 2882576 states in the queue.
	4400000 states explored in 116.34s, with 12672072 rules fired and 2933453 states in the queue.
	4500000 states explored in 120.29s, with 13110834 rules fired and 2980881 states in the queue.
	4600000 states explored in 123.16s, with 13474090 rules fired and 3036143 states in the queue.
	4700000 states explored in 125.79s, with 13855003 rules fired and 3090259 states in the queue.
	4800000 states explored in 128.77s, with 14274674 rules fired and 3139224 states in the queue.
	4900000 states explored in 130.48s, with 14526205 rules fired and 3209376 states in the queue.
	5000000 states explored in 132.27s, with 14788873 rules fired and 3278633 states in the queue.
	5100000 states explored in 134.04s, with 15051120 rules fired and 3348265 states in the queue.
	5200000 states explored in 136.07s, with 15364047 rules fired and 3414544 states in the queue.
	5300000 states explored in 137.90s, with 15623769 rules fired and 3482683 states in the queue.
	5400000 states explored in 139.97s, with 15924131 rules fired and 3547688 states in the queue.
	5500000 states explored in 141.96s, with 16210955 rules fired and 3612410 states in the queue.
	5600000 states explored in 143.79s, with 16487850 rules fired and 3681097 states in the queue.
	5700000 states explored in 145.81s, with 16779753 rules fired and 3746230 states in the queue.
	5800000 states explored in 148.58s, with 17178141 rules fired and 3797844 states in the queue.
	5900000 states explored in 151.09s, with 17540353 rules fired and 3853314 states in the queue.
	6000000 states explored in 155.16s, with 18113894 rules fired and 3880247 states in the queue.
	6100000 states explored in 158.64s, with 18612663 rules fired and 3920419 states in the queue.
	6200000 states explored in 161.06s, with 18970174 rules fired and 3978982 states in the queue.
	6300000 states explored in 163.47s, with 19328140 rules fired and 4038299 states in the queue.
	6400000 states explored in 167.37s, with 19737799 rules fired and 4090336 states in the queue.
	6500000 states explored in 170.76s, with 20058380 rules fired and 4148492 states in the queue.
	6600000 states explored in 174.59s, with 20429981 rules fired and 4202169 states in the queue.
	6700000 states explored in 179.97s, with 20949815 rules fired and 4237935 states in the queue.
	6800000 states explored in 184.28s, with 21368026 rules fired and 4286458 states in the queue.
	6900000 states explored in 188.09s, with 21744301 rules fired and 4340953 states in the queue.
	7000000 states explored in 192.39s, with 22159941 rules fired and 4389464 states in the queue.
	7100000 states explored in 196.32s, with 22548018 rules fired and 4442914 states in the queue.
	7200000 states explored in 198.95s, with 22920101 rules fired and 4497363 states in the queue.
	7300000 states explored in 201.88s, with 23340928 rules fired and 4546364 states in the queue.
	7400000 states explored in 205.14s, with 23807449 rules fired and 4589995 states in the queue.
	7500000 states explored in 207.96s, with 24220408 rules fired and 4642110 states in the queue.
	7600000 states explored in 210.37s, with 24566058 rules fired and 4701041 states in the queue.
	7700000 states explored in 212.26s, with 24850080 rules fired and 4769244 states in the queue.
	7800000 states explored in 215.17s, with 25272414 rules fired and 4819051 states in the queue.

Error:

	Internal Error: Too many active states.



