This program should be regarded as a DEBUGGING aid, not as a 
certifier of correctness.
Call with the -l flag or read the license file for terms
and conditions of use.
Run this program with "-h" for the list of options.

Bugs, questions, and comments should be directed to
"melatti@di.uniroma1.it".

CMurphi compiler last modified date: Oct 24 2023
Include files last modified date:    Jul 23 2021
==========================================================================

==========================================================================
Caching Murphi Release 5.5.0
Finite-state Concurrent System Verifier.

Caching Murphi Release 5.5.0 is based on various versions of Murphi.
Caching Murphi Release 5.5.0 :
Copyright (C) 2009-2012 by Sapienza University of Rome.
Murphi release 3.1 :
Copyright (C) 1992 - 1999 by the Board of Trustees of
Leland Stanford Junior University.

==========================================================================

Protocol: test

Algorithm:
	Verification by breadth first search.
	with symmetry algorithm 3 -- Heuristic Small Memory Normalization
	with permutation trial limit 10.

Memory usage:

	* The size of each state is 4152 bits (rounded up to 520 bytes).
	* The memory allocated for the hash table and state queue is
	  10485 Mbytes.
	  With two words of overhead per state, the maximum size of
	  the state space is 19829351 states.
	   * Use option "-k" or "-m" to increase this, if necessary.
	* Capacity in queue for breadth-first search: 1982935 states.
	   * Change the constant gPercentActiveStates in mu_prolog.inc
	     to increase this, if necessary.

Warning: No trace will not be printed in the case of protocol errors!
         Check the options if you want to have error traces.

Progress Report:

	1000 states explored in 2.88s, with 3201 rules fired and 854 states in the queue.
	2000 states explored in 2.89s, with 7725 rules fired and 1675 states in the queue.
	3000 states explored in 2.91s, with 12808 rules fired and 2475 states in the queue.
	4000 states explored in 2.92s, with 18467 rules fired and 3249 states in the queue.
	5000 states explored in 2.94s, with 25156 rules fired and 3966 states in the queue.
	6000 states explored in 2.95s, with 30551 rules fired and 4774 states in the queue.
	7000 states explored in 2.97s, with 37784 rules fired and 5520 states in the queue.
	8000 states explored in 2.99s, with 44960 rules fired and 6258 states in the queue.
	9000 states explored in 3.01s, with 51179 rules fired and 7035 states in the queue.
	10000 states explored in 3.02s, with 58988 rules fired and 7760 states in the queue.
	11000 states explored in 3.04s, with 66031 rules fired and 8502 states in the queue.
	12000 states explored in 3.06s, with 73948 rules fired and 9215 states in the queue.
	13000 states explored in 3.08s, with 80926 rules fired and 9961 states in the queue.
	14000 states explored in 3.10s, with 88848 rules fired and 10672 states in the queue.
	15000 states explored in 3.12s, with 96871 rules fired and 11374 states in the queue.
	16000 states explored in 3.14s, with 105023 rules fired and 12072 states in the queue.
	17000 states explored in 3.16s, with 113111 rules fired and 12768 states in the queue.
	18000 states explored in 3.18s, with 121357 rules fired and 13446 states in the queue.
	19000 states explored in 3.20s, with 130956 rules fired and 14063 states in the queue.
	20000 states explored in 3.22s, with 137204 rules fired and 14841 states in the queue.
	21000 states explored in 3.23s, with 145533 rules fired and 15580 states in the queue.
	22000 states explored in 3.26s, with 155098 rules fired and 16267 states in the queue.
	23000 states explored in 3.28s, with 163954 rules fired and 16954 states in the queue.
	24000 states explored in 3.31s, with 173684 rules fired and 17640 states in the queue.
	25000 states explored in 3.33s, with 184463 rules fired and 18287 states in the queue.
	26000 states explored in 3.35s, with 195296 rules fired and 18929 states in the queue.
	27000 states explored in 3.38s, with 206077 rules fired and 19555 states in the queue.
	28000 states explored in 3.40s, with 214534 rules fired and 20260 states in the queue.
	29000 states explored in 3.42s, with 221954 rules fired and 21020 states in the queue.
	30000 states explored in 3.44s, with 232056 rules fired and 21701 states in the queue.
	31000 states explored in 3.46s, with 240291 rules fired and 22417 states in the queue.
	32000 states explored in 3.48s, with 248946 rules fired and 23126 states in the queue.
	33000 states explored in 3.50s, with 260478 rules fired and 23748 states in the queue.
	34000 states explored in 3.52s, with 270883 rules fired and 24406 states in the queue.
	35000 states explored in 3.55s, with 282083 rules fired and 25030 states in the queue.
	36000 states explored in 3.57s, with 292737 rules fired and 25650 states in the queue.
	37000 states explored in 3.59s, with 300686 rules fired and 26393 states in the queue.
	38000 states explored in 3.61s, with 310393 rules fired and 27068 states in the queue.
	39000 states explored in 3.63s, with 320367 rules fired and 27728 states in the queue.
	40000 states explored in 3.66s, with 331294 rules fired and 28364 states in the queue.
	41000 states explored in 3.68s, with 342853 rules fired and 28958 states in the queue.
	42000 states explored in 3.70s, with 350229 rules fired and 29708 states in the queue.
	43000 states explored in 3.72s, with 360227 rules fired and 30383 states in the queue.
	44000 states explored in 3.75s, with 369809 rules fired and 31052 states in the queue.
	45000 states explored in 3.77s, with 380561 rules fired and 31695 states in the queue.
	46000 states explored in 3.79s, with 391300 rules fired and 32324 states in the queue.
	47000 states explored in 3.82s, with 401423 rules fired and 32973 states in the queue.
	48000 states explored in 3.84s, with 412051 rules fired and 33603 states in the queue.
	49000 states explored in 3.86s, with 423299 rules fired and 34213 states in the queue.
	50000 states explored in 3.89s, with 432811 rules fired and 34887 states in the queue.
	51000 states explored in 3.91s, with 443512 rules fired and 35516 states in the queue.
	52000 states explored in 3.94s, with 455279 rules fired and 36102 states in the queue.
	53000 states explored in 3.96s, with 465178 rules fired and 36754 states in the queue.
	54000 states explored in 3.98s, with 476136 rules fired and 37364 states in the queue.
	55000 states explored in 4.01s, with 486593 rules fired and 37999 states in the queue.
	56000 states explored in 4.03s, with 497130 rules fired and 38616 states in the queue.
	57000 states explored in 4.05s, with 507793 rules fired and 39223 states in the queue.
	58000 states explored in 4.08s, with 518091 rules fired and 39843 states in the queue.
	59000 states explored in 4.10s, with 529766 rules fired and 40409 states in the queue.
	60000 states explored in 4.13s, with 542887 rules fired and 40907 states in the queue.
	61000 states explored in 4.15s, with 548171 rules fired and 41720 states in the queue.
	62000 states explored in 4.17s, with 555934 rules fired and 42477 states in the queue.
	63000 states explored in 4.19s, with 566104 rules fired and 43163 states in the queue.
	64000 states explored in 4.21s, with 576113 rules fired and 43854 states in the queue.
	65000 states explored in 4.24s, with 588366 rules fired and 44491 states in the queue.
	66000 states explored in 4.26s, with 601990 rules fired and 45094 states in the queue.
	67000 states explored in 4.29s, with 615525 rules fired and 45692 states in the queue.
	68000 states explored in 4.32s, with 630020 rules fired and 46237 states in the queue.
	69000 states explored in 4.34s, with 641113 rules fired and 46881 states in the queue.
	70000 states explored in 4.37s, with 652531 rules fired and 47508 states in the queue.
	71000 states explored in 4.39s, with 665037 rules fired and 48081 states in the queue.
	72000 states explored in 4.42s, with 680253 rules fired and 48613 states in the queue.
	73000 states explored in 4.45s, with 690936 rules fired and 49276 states in the queue.
	74000 states explored in 4.47s, with 703816 rules fired and 49894 states in the queue.
	75000 states explored in 4.51s, with 719843 rules fired and 50397 states in the queue.
	76000 states explored in 4.53s, with 733411 rules fired and 50974 states in the queue.
	77000 states explored in 4.56s, with 746678 rules fired and 51560 states in the queue.
	78000 states explored in 4.59s, with 760927 rules fired and 52107 states in the queue.
	79000 states explored in 4.62s, with 774745 rules fired and 52671 states in the queue.
	80000 states explored in 4.65s, with 788058 rules fired and 53228 states in the queue.
	81000 states explored in 4.68s, with 802289 rules fired and 53754 states in the queue.
	82000 states explored in 4.70s, with 811923 rules fired and 54424 states in the queue.
	83000 states explored in 4.71s, with 818014 rules fired and 55216 states in the queue.
	84000 states explored in 4.74s, with 827196 rules fired and 55942 states in the queue.
	85000 states explored in 4.76s, with 837382 rules fired and 56625 states in the queue.
	86000 states explored in 4.78s, with 848035 rules fired and 57297 states in the queue.
	87000 states explored in 4.81s, with 861616 rules fired and 57903 states in the queue.
	88000 states explored in 4.84s, with 875355 rules fired and 58500 states in the queue.
	89000 states explored in 4.86s, with 889664 rules fired and 59060 states in the queue.
	90000 states explored in 4.90s, with 901435 rules fired and 59687 states in the queue.
	91000 states explored in 4.92s, with 913144 rules fired and 60309 states in the queue.
	92000 states explored in 4.95s, with 924861 rules fired and 60918 states in the queue.
	93000 states explored in 4.97s, with 934648 rules fired and 61592 states in the queue.
	94000 states explored in 5.00s, with 947189 rules fired and 62221 states in the queue.
	95000 states explored in 5.03s, with 963028 rules fired and 62731 states in the queue.
	96000 states explored in 5.06s, with 978554 rules fired and 63248 states in the queue.
	97000 states explored in 5.09s, with 992988 rules fired and 63799 states in the queue.
	98000 states explored in 5.12s, with 1007535 rules fired and 64339 states in the queue.
	99000 states explored in 5.14s, with 1020858 rules fired and 64925 states in the queue.
	100000 states explored in 5.17s, with 1034731 rules fired and 65482 states in the queue.
	101000 states explored in 5.20s, with 1048766 rules fired and 66034 states in the queue.
	102000 states explored in 5.23s, with 1061557 rules fired and 66598 states in the queue.
	103000 states explored in 5.26s, with 1075691 rules fired and 67126 states in the queue.

==========================================================================

Result:

	Invariant "test_reachable_state_8" failed.

State Space Explored:

	103144 states, 1076772 rules fired in 5.26s.

Analysis of State Space:

	There are rules that are never fired.
	If you are running with symmetry, this may be why.  Otherwise,
	please run this program with "-pr" for the rules information.
