This program should be regarded as a DEBUGGING aid, not as a 
certifier of correctness.
Call with the -l flag or read the license file for terms
and conditions of use.
Run this program with "-h" for the list of options.

Bugs, questions, and comments should be directed to
"melatti@di.uniroma1.it".

CMurphi compiler last modified date: Mar 26 2024
Include files last modified date:    Jul 23 2021
==========================================================================

==========================================================================
Caching Murphi Release 5.5.0
Finite-state Concurrent System Verifier.

Caching Murphi Release 5.5.0 is based on various versions of Murphi.
Caching Murphi Release 5.5.0 :
Copyright (C) 2009-2012 by Sapienza University of Rome.
Murphi release 3.1 :
Copyright (C) 1992 - 1999 by the Board of Trustees of
Leland Stanford Junior University.

==========================================================================

Protocol: ./protocols/exec/flash4/Flash_node4_inv219
===========================================
  You are using EDMC algorithm.  
===========================================

===== Startstates are generated! =====

Progress Report:

	100000 states explored in 3.54s, with 147958 rules fired and 73865 states in the queue.
	200000 states explored in 4.00s, with 298772 rules fired and 147585 states in the queue.
	300000 states explored in 4.42s, with 447070 rules fired and 221658 states in the queue.
	400000 states explored in 4.85s, with 597394 rules fired and 295847 states in the queue.
	500000 states explored in 5.27s, with 744644 rules fired and 370425 states in the queue.
	600000 states explored in 5.68s, with 887625 rules fired and 445262 states in the queue.
	700000 states explored in 6.12s, with 1037844 rules fired and 519096 states in the queue.
	800000 states explored in 6.55s, with 1188595 rules fired and 592862 states in the queue.
	900000 states explored in 6.97s, with 1328776 rules fired and 668332 states in the queue.
	1000000 states explored in 7.40s, with 1471950 rules fired and 743129 states in the queue.
	1100000 states explored in 7.83s, with 1617446 rules fired and 817694 states in the queue.
	1200000 states explored in 8.25s, with 1765767 rules fired and 892642 states in the queue.
	1300000 states explored in 8.68s, with 1911428 rules fired and 967287 states in the queue.
	1400000 states explored in 9.13s, with 2062482 rules fired and 1041047 states in the queue.
	1500000 states explored in 9.58s, with 2206892 rules fired and 1115675 states in the queue.
	1600000 states explored in 10.04s, with 2361959 rules fired and 1188922 states in the queue.
	1700000 states explored in 10.47s, with 2510723 rules fired and 1263283 states in the queue.
	1800000 states explored in 10.91s, with 2656274 rules fired and 1337716 states in the queue.
	1900000 states explored in 11.35s, with 2802923 rules fired and 1412249 states in the queue.
	2000000 states explored in 11.78s, with 2946079 rules fired and 1487040 states in the queue.
	2100000 states explored in 12.22s, with 3087475 rules fired and 1562272 states in the queue.
	2200000 states explored in 12.65s, with 3234299 rules fired and 1637051 states in the queue.
	2300000 states explored in 13.09s, with 3387112 rules fired and 1710615 states in the queue.
	2400000 states explored in 13.52s, with 3536827 rules fired and 1784689 states in the queue.
	2500000 states explored in 13.96s, with 3687771 rules fired and 1858554 states in the queue.
	2600000 states explored in 14.37s, with 3832457 rules fired and 1933491 states in the queue.
	2700000 states explored in 14.79s, with 3979139 rules fired and 2008257 states in the queue.
	2800000 states explored in 15.22s, with 4127959 rules fired and 2082104 states in the queue.
	2900000 states explored in 15.65s, with 4275981 rules fired and 2156243 states in the queue.
	3000000 states explored in 16.08s, with 4422334 rules fired and 2231027 states in the queue.
	3100000 states explored in 16.54s, with 4575800 rules fired and 2304174 states in the queue.
	3200000 states explored in 16.98s, with 4720993 rules fired and 2378978 states in the queue.
	3300000 states explored in 17.41s, with 4867447 rules fired and 2453434 states in the queue.
	3400000 states explored in 17.84s, with 5015108 rules fired and 2528077 states in the queue.
	3500000 states explored in 18.26s, with 5154742 rules fired and 2603291 states in the queue.
	3600000 states explored in 18.72s, with 5303918 rules fired and 2677361 states in the queue.
	3700000 states explored in 19.16s, with 5452859 rules fired and 2751683 states in the queue.
	3800000 states explored in 19.60s, with 5596761 rules fired and 2826551 states in the queue.
	3900000 states explored in 20.04s, with 5742818 rules fired and 2900961 states in the queue.
	4000000 states explored in 20.48s, with 5889492 rules fired and 2975170 states in the queue.
	4100000 states explored in 20.93s, with 6037462 rules fired and 3049314 states in the queue.
	4200000 states explored in 21.38s, with 6183110 rules fired and 3123788 states in the queue.
	4300000 states explored in 21.82s, with 6327487 rules fired and 3198547 states in the queue.
	4400000 states explored in 22.27s, with 6472172 rules fired and 3273161 states in the queue.
	4500000 states explored in 22.72s, with 6614364 rules fired and 3348225 states in the queue.
	4600000 states explored in 23.17s, with 6760324 rules fired and 3422576 states in the queue.
	4700000 states explored in 23.62s, with 6909206 rules fired and 3496691 states in the queue.
	4800000 states explored in 24.08s, with 7060271 rules fired and 3570922 states in the queue.
	4900000 states explored in 24.57s, with 7214989 rules fired and 3644021 states in the queue.
	5000000 states explored in 25.02s, with 7359520 rules fired and 3718552 states in the queue.
	5100000 states explored in 25.48s, with 7511387 rules fired and 3792703 states in the queue.
	5200000 states explored in 25.94s, with 7660228 rules fired and 3867292 states in the queue.
	5300000 states explored in 26.40s, with 7806689 rules fired and 3941648 states in the queue.
	5400000 states explored in 26.86s, with 7953053 rules fired and 4015884 states in the queue.
	5500000 states explored in 27.33s, with 8099268 rules fired and 4090284 states in the queue.
	5600000 states explored in 27.79s, with 8245447 rules fired and 4164649 states in the queue.
	5700000 states explored in 28.27s, with 8392117 rules fired and 4238747 states in the queue.
	5800000 states explored in 28.74s, with 8541693 rules fired and 4312673 states in the queue.
	5900000 states explored in 29.23s, with 8695528 rules fired and 4385645 states in the queue.
	6000000 states explored in 29.72s, with 8846191 rules fired and 4459519 states in the queue.
	6100000 states explored in 30.19s, with 8991834 rules fired and 4534117 states in the queue.
	6200000 states explored in 30.68s, with 9137869 rules fired and 4608433 states in the queue.
	6300000 states explored in 31.19s, with 9288783 rules fired and 4682058 states in the queue.
	6400000 states explored in 31.72s, with 9436703 rules fired and 4756184 states in the queue.
	6500000 states explored in 32.24s, with 9590547 rules fired and 4829857 states in the queue.
	6600000 states explored in 32.73s, with 9738788 rules fired and 4904418 states in the queue.
	6700000 states explored in 33.21s, with 9891001 rules fired and 4977986 states in the queue.
	6800000 states explored in 33.67s, with 10035100 rules fired and 5053011 states in the queue.
	6900000 states explored in 34.13s, with 10184970 rules fired and 5127643 states in the queue.
	7000000 states explored in 34.60s, with 10327910 rules fired and 5202475 states in the queue.
	7100000 states explored in 35.06s, with 10471692 rules fired and 5277252 states in the queue.
	7200000 states explored in 35.53s, with 10616645 rules fired and 5351921 states in the queue.
	7300000 states explored in 36.01s, with 10763146 rules fired and 5426039 states in the queue.
	7400000 states explored in 36.47s, with 10909978 rules fired and 5500426 states in the queue.
	7500000 states explored in 36.94s, with 11061068 rules fired and 5574707 states in the queue.
	7600000 states explored in 37.40s, with 11210623 rules fired and 5648789 states in the queue.
	7700000 states explored in 37.84s, with 11352192 rules fired and 5724349 states in the queue.
	7800000 states explored in 38.30s, with 11496936 rules fired and 5798743 states in the queue.
	7900000 states explored in 38.75s, with 11640812 rules fired and 5873614 states in the queue.
	8000000 states explored in 39.21s, with 11790737 rules fired and 5947588 states in the queue.
	8100000 states explored in 39.68s, with 11938650 rules fired and 6021301 states in the queue.
	8200000 states explored in 40.14s, with 12089672 rules fired and 6095325 states in the queue.
	8300000 states explored in 40.60s, with 12232311 rules fired and 6170351 states in the queue.
	8400000 states explored in 41.06s, with 12378501 rules fired and 6244788 states in the queue.
	8500000 states explored in 41.54s, with 12526200 rules fired and 6318753 states in the queue.
	8600000 states explored in 42.00s, with 12672141 rules fired and 6393761 states in the queue.
	8700000 states explored in 42.47s, with 12816250 rules fired and 6468367 states in the queue.
	8800000 states explored in 42.96s, with 12965994 rules fired and 6542105 states in the queue.
	8900000 states explored in 43.43s, with 13111594 rules fired and 6616669 states in the queue.
	9000000 states explored in 43.89s, with 13257937 rules fired and 6691004 states in the queue.
	9100000 states explored in 44.36s, with 13408697 rules fired and 6764609 states in the queue.
	9200000 states explored in 44.83s, with 13559756 rules fired and 6838432 states in the queue.
	9300000 states explored in 45.27s, with 13704825 rules fired and 6913296 states in the queue.
	9400000 states explored in 45.71s, with 13851279 rules fired and 6987814 states in the queue.
	9500000 states explored in 46.16s, with 14000927 rules fired and 7062111 states in the queue.
	9600000 states explored in 46.63s, with 14153261 rules fired and 7135554 states in the queue.
	9700000 states explored in 47.08s, with 14295225 rules fired and 7210646 states in the queue.
	9800000 states explored in 47.54s, with 14445164 rules fired and 7284637 states in the queue.
	9900000 states explored in 48.00s, with 14588201 rules fired and 7359660 states in the queue.
	10000000 states explored in 48.47s, with 14734321 rules fired and 7434128 states in the queue.
	10100000 states explored in 48.95s, with 14885030 rules fired and 7507885 states in the queue.
	10200000 states explored in 49.41s, with 15033773 rules fired and 7581901 states in the queue.
	10300000 states explored in 49.88s, with 15180099 rules fired and 7656187 states in the queue.
	10400000 states explored in 50.35s, with 15325215 rules fired and 7730656 states in the queue.
	10500000 states explored in 50.83s, with 15475171 rules fired and 7804840 states in the queue.
	10600000 states explored in 51.32s, with 15620699 rules fired and 7879186 states in the queue.
	10700000 states explored in 51.81s, with 15765954 rules fired and 7953662 states in the queue.
	10800000 states explored in 52.32s, with 15913478 rules fired and 8027923 states in the queue.
	10900000 states explored in 52.81s, with 16053457 rules fired and 8103267 states in the queue.
	11000000 states explored in 53.32s, with 16202801 rules fired and 8177019 states in the queue.
	11100000 states explored in 53.82s, with 16354213 rules fired and 8251036 states in the queue.
	11200000 states explored in 54.34s, with 16499314 rules fired and 8325651 states in the queue.
	11300000 states explored in 54.90s, with 16648014 rules fired and 8399510 states in the queue.
	11400000 states explored in 55.44s, with 16802549 rules fired and 8472696 states in the queue.
	11500000 states explored in 55.95s, with 16946946 rules fired and 8547371 states in the queue.
	11600000 states explored in 56.46s, with 17096420 rules fired and 8621221 states in the queue.
	11700000 states explored in 56.96s, with 17247557 rules fired and 8695192 states in the queue.
	11800000 states explored in 57.47s, with 17395094 rules fired and 8769845 states in the queue.
	11900000 states explored in 58.01s, with 17541448 rules fired and 8844221 states in the queue.
	12000000 states explored in 58.54s, with 17690731 rules fired and 8918621 states in the queue.
	12100000 states explored in 59.09s, with 17837735 rules fired and 8992778 states in the queue.
	12200000 states explored in 59.65s, with 17987767 rules fired and 9066740 states in the queue.
	12300000 states explored in 60.22s, with 18130545 rules fired and 9141613 states in the queue.
	12400000 states explored in 60.79s, with 18282146 rules fired and 9215350 states in the queue.
	12500000 states explored in 61.37s, with 18433009 rules fired and 9288999 states in the queue.
	12600000 states explored in 61.92s, with 18580334 rules fired and 9363503 states in the queue.
	12700000 states explored in 62.52s, with 18737118 rules fired and 9436686 states in the queue.
	12800000 states explored in 63.08s, with 18882691 rules fired and 9511282 states in the queue.
	12900000 states explored in 63.66s, with 19030011 rules fired and 9585513 states in the queue.
	13000000 states explored in 64.24s, with 19178875 rules fired and 9659167 states in the queue.
	13100000 states explored in 64.77s, with 19326902 rules fired and 9733806 states in the queue.
	13200000 states explored in 65.30s, with 19472681 rules fired and 9808215 states in the queue.
	13300000 states explored in 65.82s, with 19618958 rules fired and 9882460 states in the queue.
	13400000 states explored in 66.34s, with 19772817 rules fired and 9955672 states in the queue.
	13500000 states explored in 66.84s, with 19925692 rules fired and 10029200 states in the queue.
	13600000 states explored in 67.36s, with 20085812 rules fired and 10102357 states in the queue.
	13700000 states explored in 67.86s, with 20239294 rules fired and 10175849 states in the queue.
	13800000 states explored in 68.38s, with 20392544 rules fired and 10249548 states in the queue.
	13900000 states explored in 68.89s, with 20537852 rules fired and 10324018 states in the queue.
	14000000 states explored in 69.38s, with 20687451 rules fired and 10397766 states in the queue.
	14100000 states explored in 69.87s, with 20840363 rules fired and 10471171 states in the queue.
	14200000 states explored in 70.36s, with 20990946 rules fired and 10545506 states in the queue.
	14300000 states explored in 70.86s, with 21143753 rules fired and 10619448 states in the queue.
	14400000 states explored in 71.35s, with 21290005 rules fired and 10693787 states in the queue.
	14500000 states explored in 71.83s, with 21440046 rules fired and 10767683 states in the queue.

Error:

	Internal Error: Too many active states.



