You choose the local search option :-)
This program should be regarded as a DEBUGGING aid, not as a 
certifier of correctness.
Call with the -l flag or read the license file for terms
and conditions of use.
Run this program with "-h" for the list of options.

Bugs, questions, and comments should be directed to
"melatti@di.uniroma1.it".

CMurphi compiler last modified date: Oct  9 2023
Include files last modified date:    Jul 23 2021
==========================================================================

==========================================================================
Caching Murphi Release 5.5.0
Finite-state Concurrent System Verifier.

Caching Murphi Release 5.5.0 is based on various versions of Murphi.
Caching Murphi Release 5.5.0 :
Copyright (C) 2009-2012 by Sapienza University of Rome.
Murphi release 3.1 :
Copyright (C) 1992 - 1999 by the Board of Trustees of
Leland Stanford Junior University.

==========================================================================

Protocol: ./models/TL-C_NonIn_S_data

Algorithm:
	Verification by our local search.
	with symmetry algorithm 3 -- Heuristic Small Memory Normalization
	with permutation trial limit 10.

Memory usage:

	* The size of each state is 1920 bits (rounded up to 240 bytes).
	* The memory allocated for the hash table and state queue is
	  10485 Mbytes.
	  With two words of overhead per state, the maximum size of
	  the state space is 38437547 states.
	   * Use option "-k" or "-m" to increase this, if necessary.
	* Capacity in queue for breadth-first search: 3843754 states.
	   * Change the constant gPercentActiveStates in mu_prolog.inc
	     to increase this, if necessary.

Warning: No trace will not be printed in the case of protocol errors!
         Check the options if you want to have error traces.
==========================================================================

You are using local search algorithm (Version 1) :

------------- Show Goalstate: ------------------
Tree[1].cache.state:Branch
Tree[1].cache.data:Undefined
Tree[1].cache.dirty:0
Tree[1].sons[1]:2
Tree[1].sons[2]:3
Tree[1].directory[1]:None
Tree[1].directory[2]:None
Tree[1].slave_pending[1]:Undefined
Tree[1].slave_pending[2]:Undefined
Tree[1].master_pending:Undefined
Tree[1].chanA[1].opcode:Undefined
Tree[1].chanA[1].para:Undefined
Tree[1].chanA[2].opcode:Undefined
Tree[1].chanA[2].para:Undefined
Tree[1].chanB[1].opcode:Undefined
Tree[1].chanB[1].para:Undefined
Tree[1].chanB[2].opcode:Undefined
Tree[1].chanB[2].para:Undefined
Tree[1].chanC[1].opcode:Undefined
Tree[1].chanC[1].para:Undefined
Tree[1].chanC[1].data:Undefined
Tree[1].chanC[1].dirty:Undefined
Tree[1].chanC[2].opcode:Undefined
Tree[1].chanC[2].para:Undefined
Tree[1].chanC[2].data:Undefined
Tree[1].chanC[2].dirty:Undefined
Tree[1].chanD[1].opcode:Undefined
Tree[1].chanD[1].para:Undefined
Tree[1].chanD[1].data:Undefined
Tree[1].chanD[2].opcode:Undefined
Tree[1].chanD[2].para:Undefined
Tree[1].chanD[2].data:Undefined
Tree[1].chanE[1].opcode:Undefined
Tree[1].chanE[2].opcode:Undefined
Tree[2].cache.state:Branch
Tree[2].cache.data:Undefined
Tree[2].cache.dirty:0
Tree[2].sons[1]:4
Tree[2].sons[2]:5
Tree[2].directory[1]:None
Tree[2].directory[2]:None
Tree[2].slave_pending[1]:Undefined
Tree[2].slave_pending[2]:Undefined
Tree[2].master_pending:Undefined
Tree[2].chanA[1].opcode:Undefined
Tree[2].chanA[1].para:Undefined
Tree[2].chanA[2].opcode:Undefined
Tree[2].chanA[2].para:Undefined
Tree[2].chanB[1].opcode:Undefined
Tree[2].chanB[1].para:Undefined
Tree[2].chanB[2].opcode:Undefined
Tree[2].chanB[2].para:Undefined
Tree[2].chanC[1].opcode:Undefined
Tree[2].chanC[1].para:Undefined
Tree[2].chanC[1].data:Undefined
Tree[2].chanC[1].dirty:Undefined
Tree[2].chanC[2].opcode:Undefined
Tree[2].chanC[2].para:Undefined
Tree[2].chanC[2].data:Undefined
Tree[2].chanC[2].dirty:Undefined
Tree[2].chanD[1].opcode:Undefined
Tree[2].chanD[1].para:Undefined
Tree[2].chanD[1].data:Undefined
Tree[2].chanD[2].opcode:Undefined
Tree[2].chanD[2].para:Undefined
Tree[2].chanD[2].data:Undefined
Tree[2].chanE[1].opcode:Undefined
Tree[2].chanE[2].opcode:Undefined
Tree[3].cache.state:None
Tree[3].cache.data:Undefined
Tree[3].cache.dirty:0
Tree[3].sons[1]:6
Tree[3].sons[2]:7
Tree[3].directory[1]:None
Tree[3].directory[2]:None
Tree[3].slave_pending[1]:Undefined
Tree[3].slave_pending[2]:Undefined
Tree[3].master_pending:Undefined
Tree[3].chanA[1].opcode:Undefined
Tree[3].chanA[1].para:Undefined
Tree[3].chanA[2].opcode:Undefined
Tree[3].chanA[2].para:Undefined
Tree[3].chanB[1].opcode:Undefined
Tree[3].chanB[1].para:Undefined
Tree[3].chanB[2].opcode:Undefined
Tree[3].chanB[2].para:Undefined
Tree[3].chanC[1].opcode:Undefined
Tree[3].chanC[1].para:Undefined
Tree[3].chanC[1].data:Undefined
Tree[3].chanC[1].dirty:Undefined
Tree[3].chanC[2].opcode:Undefined
Tree[3].chanC[2].para:Undefined
Tree[3].chanC[2].data:Undefined
Tree[3].chanC[2].dirty:Undefined
Tree[3].chanD[1].opcode:Undefined
Tree[3].chanD[1].para:Undefined
Tree[3].chanD[1].data:Undefined
Tree[3].chanD[2].opcode:Undefined
Tree[3].chanD[2].para:Undefined
Tree[3].chanD[2].data:Undefined
Tree[3].chanE[1].opcode:Undefined
Tree[3].chanE[2].opcode:Undefined
Tree[4].cache.state:Branch
Tree[4].cache.data:Undefined
Tree[4].cache.dirty:0
Tree[4].sons[1]:Undefined
Tree[4].sons[2]:Undefined
Tree[4].directory[1]:Undefined
Tree[4].directory[2]:Undefined
Tree[4].slave_pending[1]:Undefined
Tree[4].slave_pending[2]:Undefined
Tree[4].master_pending:Undefined
Tree[4].chanA[1].opcode:Undefined
Tree[4].chanA[1].para:Undefined
Tree[4].chanA[2].opcode:Undefined
Tree[4].chanA[2].para:Undefined
Tree[4].chanB[1].opcode:Undefined
Tree[4].chanB[1].para:Undefined
Tree[4].chanB[2].opcode:Undefined
Tree[4].chanB[2].para:Undefined
Tree[4].chanC[1].opcode:Undefined
Tree[4].chanC[1].para:Undefined
Tree[4].chanC[1].data:Undefined
Tree[4].chanC[1].dirty:Undefined
Tree[4].chanC[2].opcode:Undefined
Tree[4].chanC[2].para:Undefined
Tree[4].chanC[2].data:Undefined
Tree[4].chanC[2].dirty:Undefined
Tree[4].chanD[1].opcode:Undefined
Tree[4].chanD[1].para:Undefined
Tree[4].chanD[1].data:Undefined
Tree[4].chanD[2].opcode:Undefined
Tree[4].chanD[2].para:Undefined
Tree[4].chanD[2].data:Undefined
Tree[4].chanE[1].opcode:Undefined
Tree[4].chanE[2].opcode:Undefined
Tree[5].cache.state:None
Tree[5].cache.data:Undefined
Tree[5].cache.dirty:0
Tree[5].sons[1]:Undefined
Tree[5].sons[2]:Undefined
Tree[5].directory[1]:Undefined
Tree[5].directory[2]:Undefined
Tree[5].slave_pending[1]:Undefined
Tree[5].slave_pending[2]:Undefined
Tree[5].master_pending:Undefined
Tree[5].chanA[1].opcode:Undefined
Tree[5].chanA[1].para:Undefined
Tree[5].chanA[2].opcode:Undefined
Tree[5].chanA[2].para:Undefined
Tree[5].chanB[1].opcode:Undefined
Tree[5].chanB[1].para:Undefined
Tree[5].chanB[2].opcode:Undefined
Tree[5].chanB[2].para:Undefined
Tree[5].chanC[1].opcode:Undefined
Tree[5].chanC[1].para:Undefined
Tree[5].chanC[1].data:Undefined
Tree[5].chanC[1].dirty:Undefined
Tree[5].chanC[2].opcode:Undefined
Tree[5].chanC[2].para:Undefined
Tree[5].chanC[2].data:Undefined
Tree[5].chanC[2].dirty:Undefined
Tree[5].chanD[1].opcode:Undefined
Tree[5].chanD[1].para:Undefined
Tree[5].chanD[1].data:Undefined
Tree[5].chanD[2].opcode:Undefined
Tree[5].chanD[2].para:Undefined
Tree[5].chanD[2].data:Undefined
Tree[5].chanE[1].opcode:Undefined
Tree[5].chanE[2].opcode:Undefined
Tree[6].cache.state:Branch
Tree[6].cache.data:Undefined
Tree[6].cache.dirty:0
Tree[6].sons[1]:Undefined
Tree[6].sons[2]:Undefined
Tree[6].directory[1]:Undefined
Tree[6].directory[2]:Undefined
Tree[6].slave_pending[1]:Undefined
Tree[6].slave_pending[2]:Undefined
Tree[6].master_pending:Undefined
Tree[6].chanA[1].opcode:Undefined
Tree[6].chanA[1].para:Undefined
Tree[6].chanA[2].opcode:Undefined
Tree[6].chanA[2].para:Undefined
Tree[6].chanB[1].opcode:Undefined
Tree[6].chanB[1].para:Undefined
Tree[6].chanB[2].opcode:Undefined
Tree[6].chanB[2].para:Undefined
Tree[6].chanC[1].opcode:Undefined
Tree[6].chanC[1].para:Undefined
Tree[6].chanC[1].data:Undefined
Tree[6].chanC[1].dirty:Undefined
Tree[6].chanC[2].opcode:Undefined
Tree[6].chanC[2].para:Undefined
Tree[6].chanC[2].data:Undefined
Tree[6].chanC[2].dirty:Undefined
Tree[6].chanD[1].opcode:Undefined
Tree[6].chanD[1].para:Undefined
Tree[6].chanD[1].data:Undefined
Tree[6].chanD[2].opcode:Undefined
Tree[6].chanD[2].para:Undefined
Tree[6].chanD[2].data:Undefined
Tree[6].chanE[1].opcode:Undefined
Tree[6].chanE[2].opcode:Undefined
Tree[7].cache.state:Branch
Tree[7].cache.data:Undefined
Tree[7].cache.dirty:0
Tree[7].sons[1]:Undefined
Tree[7].sons[2]:Undefined
Tree[7].directory[1]:Undefined
Tree[7].directory[2]:Undefined
Tree[7].slave_pending[1]:Undefined
Tree[7].slave_pending[2]:Undefined
Tree[7].master_pending:Undefined
Tree[7].chanA[1].opcode:Undefined
Tree[7].chanA[1].para:Undefined
Tree[7].chanA[2].opcode:Undefined
Tree[7].chanA[2].para:Undefined
Tree[7].chanB[1].opcode:Undefined
Tree[7].chanB[1].para:Undefined
Tree[7].chanB[2].opcode:Undefined
Tree[7].chanB[2].para:Undefined
Tree[7].chanC[1].opcode:Undefined
Tree[7].chanC[1].para:Undefined
Tree[7].chanC[1].data:Undefined
Tree[7].chanC[1].dirty:Undefined
Tree[7].chanC[2].opcode:Undefined
Tree[7].chanC[2].para:Undefined
Tree[7].chanC[2].data:Undefined
Tree[7].chanC[2].dirty:Undefined
Tree[7].chanD[1].opcode:Undefined
Tree[7].chanD[1].para:Undefined
Tree[7].chanD[1].data:Undefined
Tree[7].chanD[2].opcode:Undefined
Tree[7].chanD[2].para:Undefined
Tree[7].chanD[2].data:Undefined
Tree[7].chanE[1].opcode:Undefined
Tree[7].chanE[2].opcode:Undefined
memData:dataType_2
auxData:dataType_2

------------- Show a heuristic value: ------------------
6

------------- Show Initstate: ------------------
Tree[1].cache.state:None
Tree[1].cache.data:Undefined
Tree[1].cache.dirty:0
Tree[1].sons[1]:2
Tree[1].sons[2]:3
Tree[1].directory[1]:None
Tree[1].directory[2]:None
Tree[1].slave_pending[1]:Undefined
Tree[1].slave_pending[2]:Undefined
Tree[1].master_pending:Undefined
Tree[1].chanA[1].opcode:Undefined
Tree[1].chanA[1].para:Undefined
Tree[1].chanA[2].opcode:Undefined
Tree[1].chanA[2].para:Undefined
Tree[1].chanB[1].opcode:Undefined
Tree[1].chanB[1].para:Undefined
Tree[1].chanB[2].opcode:Undefined
Tree[1].chanB[2].para:Undefined
Tree[1].chanC[1].opcode:Undefined
Tree[1].chanC[1].para:Undefined
Tree[1].chanC[1].data:Undefined
Tree[1].chanC[1].dirty:Undefined
Tree[1].chanC[2].opcode:Undefined
Tree[1].chanC[2].para:Undefined
Tree[1].chanC[2].data:Undefined
Tree[1].chanC[2].dirty:Undefined
Tree[1].chanD[1].opcode:Undefined
Tree[1].chanD[1].para:Undefined
Tree[1].chanD[1].data:Undefined
Tree[1].chanD[2].opcode:Undefined
Tree[1].chanD[2].para:Undefined
Tree[1].chanD[2].data:Undefined
Tree[1].chanE[1].opcode:Undefined
Tree[1].chanE[2].opcode:Undefined
Tree[2].cache.state:None
Tree[2].cache.data:Undefined
Tree[2].cache.dirty:0
Tree[2].sons[1]:4
Tree[2].sons[2]:5
Tree[2].directory[1]:None
Tree[2].directory[2]:None
Tree[2].slave_pending[1]:Undefined
Tree[2].slave_pending[2]:Undefined
Tree[2].master_pending:Undefined
Tree[2].chanA[1].opcode:Undefined
Tree[2].chanA[1].para:Undefined
Tree[2].chanA[2].opcode:Undefined
Tree[2].chanA[2].para:Undefined
Tree[2].chanB[1].opcode:Undefined
Tree[2].chanB[1].para:Undefined
Tree[2].chanB[2].opcode:Undefined
Tree[2].chanB[2].para:Undefined
Tree[2].chanC[1].opcode:Undefined
Tree[2].chanC[1].para:Undefined
Tree[2].chanC[1].data:Undefined
Tree[2].chanC[1].dirty:Undefined
Tree[2].chanC[2].opcode:Undefined
Tree[2].chanC[2].para:Undefined
Tree[2].chanC[2].data:Undefined
Tree[2].chanC[2].dirty:Undefined
Tree[2].chanD[1].opcode:Undefined
Tree[2].chanD[1].para:Undefined
Tree[2].chanD[1].data:Undefined
Tree[2].chanD[2].opcode:Undefined
Tree[2].chanD[2].para:Undefined
Tree[2].chanD[2].data:Undefined
Tree[2].chanE[1].opcode:Undefined
Tree[2].chanE[2].opcode:Undefined
Tree[3].cache.state:None
Tree[3].cache.data:Undefined
Tree[3].cache.dirty:0
Tree[3].sons[1]:6
Tree[3].sons[2]:7
Tree[3].directory[1]:None
Tree[3].directory[2]:None
Tree[3].slave_pending[1]:Undefined
Tree[3].slave_pending[2]:Undefined
Tree[3].master_pending:Undefined
Tree[3].chanA[1].opcode:Undefined
Tree[3].chanA[1].para:Undefined
Tree[3].chanA[2].opcode:Undefined
Tree[3].chanA[2].para:Undefined
Tree[3].chanB[1].opcode:Undefined
Tree[3].chanB[1].para:Undefined
Tree[3].chanB[2].opcode:Undefined
Tree[3].chanB[2].para:Undefined
Tree[3].chanC[1].opcode:Undefined
Tree[3].chanC[1].para:Undefined
Tree[3].chanC[1].data:Undefined
Tree[3].chanC[1].dirty:Undefined
Tree[3].chanC[2].opcode:Undefined
Tree[3].chanC[2].para:Undefined
Tree[3].chanC[2].data:Undefined
Tree[3].chanC[2].dirty:Undefined
Tree[3].chanD[1].opcode:Undefined
Tree[3].chanD[1].para:Undefined
Tree[3].chanD[1].data:Undefined
Tree[3].chanD[2].opcode:Undefined
Tree[3].chanD[2].para:Undefined
Tree[3].chanD[2].data:Undefined
Tree[3].chanE[1].opcode:Undefined
Tree[3].chanE[2].opcode:Undefined
Tree[4].cache.state:None
Tree[4].cache.data:Undefined
Tree[4].cache.dirty:0
Tree[4].sons[1]:Undefined
Tree[4].sons[2]:Undefined
Tree[4].directory[1]:Undefined
Tree[4].directory[2]:Undefined
Tree[4].slave_pending[1]:Undefined
Tree[4].slave_pending[2]:Undefined
Tree[4].master_pending:Undefined
Tree[4].chanA[1].opcode:Undefined
Tree[4].chanA[1].para:Undefined
Tree[4].chanA[2].opcode:Undefined
Tree[4].chanA[2].para:Undefined
Tree[4].chanB[1].opcode:Undefined
Tree[4].chanB[1].para:Undefined
Tree[4].chanB[2].opcode:Undefined
Tree[4].chanB[2].para:Undefined
Tree[4].chanC[1].opcode:Undefined
Tree[4].chanC[1].para:Undefined
Tree[4].chanC[1].data:Undefined
Tree[4].chanC[1].dirty:Undefined
Tree[4].chanC[2].opcode:Undefined
Tree[4].chanC[2].para:Undefined
Tree[4].chanC[2].data:Undefined
Tree[4].chanC[2].dirty:Undefined
Tree[4].chanD[1].opcode:Undefined
Tree[4].chanD[1].para:Undefined
Tree[4].chanD[1].data:Undefined
Tree[4].chanD[2].opcode:Undefined
Tree[4].chanD[2].para:Undefined
Tree[4].chanD[2].data:Undefined
Tree[4].chanE[1].opcode:Undefined
Tree[4].chanE[2].opcode:Undefined
Tree[5].cache.state:None
Tree[5].cache.data:Undefined
Tree[5].cache.dirty:0
Tree[5].sons[1]:Undefined
Tree[5].sons[2]:Undefined
Tree[5].directory[1]:Undefined
Tree[5].directory[2]:Undefined
Tree[5].slave_pending[1]:Undefined
Tree[5].slave_pending[2]:Undefined
Tree[5].master_pending:Undefined
Tree[5].chanA[1].opcode:Undefined
Tree[5].chanA[1].para:Undefined
Tree[5].chanA[2].opcode:Undefined
Tree[5].chanA[2].para:Undefined
Tree[5].chanB[1].opcode:Undefined
Tree[5].chanB[1].para:Undefined
Tree[5].chanB[2].opcode:Undefined
Tree[5].chanB[2].para:Undefined
Tree[5].chanC[1].opcode:Undefined
Tree[5].chanC[1].para:Undefined
Tree[5].chanC[1].data:Undefined
Tree[5].chanC[1].dirty:Undefined
Tree[5].chanC[2].opcode:Undefined
Tree[5].chanC[2].para:Undefined
Tree[5].chanC[2].data:Undefined
Tree[5].chanC[2].dirty:Undefined
Tree[5].chanD[1].opcode:Undefined
Tree[5].chanD[1].para:Undefined
Tree[5].chanD[1].data:Undefined
Tree[5].chanD[2].opcode:Undefined
Tree[5].chanD[2].para:Undefined
Tree[5].chanD[2].data:Undefined
Tree[5].chanE[1].opcode:Undefined
Tree[5].chanE[2].opcode:Undefined
Tree[6].cache.state:None
Tree[6].cache.data:Undefined
Tree[6].cache.dirty:0
Tree[6].sons[1]:Undefined
Tree[6].sons[2]:Undefined
Tree[6].directory[1]:Undefined
Tree[6].directory[2]:Undefined
Tree[6].slave_pending[1]:Undefined
Tree[6].slave_pending[2]:Undefined
Tree[6].master_pending:Undefined
Tree[6].chanA[1].opcode:Undefined
Tree[6].chanA[1].para:Undefined
Tree[6].chanA[2].opcode:Undefined
Tree[6].chanA[2].para:Undefined
Tree[6].chanB[1].opcode:Undefined
Tree[6].chanB[1].para:Undefined
Tree[6].chanB[2].opcode:Undefined
Tree[6].chanB[2].para:Undefined
Tree[6].chanC[1].opcode:Undefined
Tree[6].chanC[1].para:Undefined
Tree[6].chanC[1].data:Undefined
Tree[6].chanC[1].dirty:Undefined
Tree[6].chanC[2].opcode:Undefined
Tree[6].chanC[2].para:Undefined
Tree[6].chanC[2].data:Undefined
Tree[6].chanC[2].dirty:Undefined
Tree[6].chanD[1].opcode:Undefined
Tree[6].chanD[1].para:Undefined
Tree[6].chanD[1].data:Undefined
Tree[6].chanD[2].opcode:Undefined
Tree[6].chanD[2].para:Undefined
Tree[6].chanD[2].data:Undefined
Tree[6].chanE[1].opcode:Undefined
Tree[6].chanE[2].opcode:Undefined
Tree[7].cache.state:None
Tree[7].cache.data:Undefined
Tree[7].cache.dirty:0
Tree[7].sons[1]:Undefined
Tree[7].sons[2]:Undefined
Tree[7].directory[1]:Undefined
Tree[7].directory[2]:Undefined
Tree[7].slave_pending[1]:Undefined
Tree[7].slave_pending[2]:Undefined
Tree[7].master_pending:Undefined
Tree[7].chanA[1].opcode:Undefined
Tree[7].chanA[1].para:Undefined
Tree[7].chanA[2].opcode:Undefined
Tree[7].chanA[2].para:Undefined
Tree[7].chanB[1].opcode:Undefined
Tree[7].chanB[1].para:Undefined
Tree[7].chanB[2].opcode:Undefined
Tree[7].chanB[2].para:Undefined
Tree[7].chanC[1].opcode:Undefined
Tree[7].chanC[1].para:Undefined
Tree[7].chanC[1].data:Undefined
Tree[7].chanC[1].dirty:Undefined
Tree[7].chanC[2].opcode:Undefined
Tree[7].chanC[2].para:Undefined
Tree[7].chanC[2].data:Undefined
Tree[7].chanC[2].dirty:Undefined
Tree[7].chanD[1].opcode:Undefined
Tree[7].chanD[1].para:Undefined
Tree[7].chanD[1].data:Undefined
Tree[7].chanD[2].opcode:Undefined
Tree[7].chanD[2].para:Undefined
Tree[7].chanD[2].data:Undefined
Tree[7].chanE[1].opcode:Undefined
Tree[7].chanE[2].opcode:Undefined
memData:dataType_2
auxData:dataType_2

===== Startstates generated! =====

Progress Report:

	10000 states explored in 3.41s, with 28816 rules fired and 4953 states in the queue.
	20000 states explored in 4.54s, with 61430 rules fired and 9628 states in the queue.
	30000 states explored in 5.64s, with 92868 rules fired and 14577 states in the queue.
	40000 states explored in 6.79s, with 125806 rules fired and 19281 states in the queue.
	50000 states explored in 8.00s, with 160656 rules fired and 23865 states in the queue.
	60000 states explored in 9.34s, with 199135 rules fired and 27650 states in the queue.
	70000 states explored in 10.40s, with 229319 rules fired and 32965 states in the queue.
	80000 states explored in 11.64s, with 265296 rules fired and 37484 states in the queue.
	90000 states explored in 13.15s, with 308882 rules fired and 40804 states in the queue.
	100000 states explored in 14.34s, with 342945 rules fired and 45450 states in the queue.
	110000 states explored in 15.46s, with 375115 rules fired and 50443 states in the queue.
	120000 states explored in 16.71s, with 410945 rules fired and 54825 states in the queue.
	130000 states explored in 18.09s, with 450746 rules fired and 58772 states in the queue.
	140000 states explored in 19.51s, with 491798 rules fired and 62649 states in the queue.
	150000 states explored in 21.10s, with 537506 rules fired and 65745 states in the queue.
	160000 states explored in 22.07s, with 565331 rules fired and 71415 states in the queue.
	170000 states explored in 23.12s, with 595609 rules fired and 76775 states in the queue.
	180000 states explored in 24.26s, with 628422 rules fired and 81859 states in the queue.
	190000 states explored in 25.53s, with 665036 rules fired and 86244 states in the queue.
	200000 states explored in 26.96s, with 706066 rules fired and 90066 states in the queue.
	210000 states explored in 28.54s, with 751921 rules fired and 93154 states in the queue.
	220000 states explored in 30.13s, with 797934 rules fired and 96357 states in the queue.
	230000 states explored in 31.93s, with 849706 rules fired and 98674 states in the queue.
	240000 states explored in 33.13s, with 884057 rules fired and 103357 states in the queue.
	250000 states explored in 34.22s, with 915326 rules fired and 108340 states in the queue.
	260000 states explored in 35.36s, with 947914 rules fired and 113262 states in the queue.
	270000 states explored in 36.53s, with 981576 rules fired and 118150 states in the queue.
	280000 states explored in 37.78s, with 1017487 rules fired and 122761 states in the queue.
	290000 states explored in 39.00s, with 1051718 rules fired and 127927 states in the queue.
	300000 states explored in 40.27s, with 1088724 rules fired and 132805 states in the queue.
	310000 states explored in 41.63s, with 1128478 rules fired and 137182 states in the queue.
	320000 states explored in 43.21s, with 1174081 rules fired and 140538 states in the queue.
	330000 states explored in 44.85s, with 1221452 rules fired and 143565 states in the queue.
	340000 states explored in 46.66s, with 1273949 rules fired and 145932 states in the queue.
	350000 states explored in 48.45s, with 1325969 rules fired and 148401 states in the queue.
	360000 states explored in 50.05s, with 1372398 rules fired and 151671 states in the queue.
	370000 states explored in 51.07s, with 1401973 rules fired and 157408 states in the queue.
	380000 states explored in 52.10s, with 1431572 rules fired and 163024 states in the queue.
	390000 states explored in 53.19s, with 1463160 rules fired and 168433 states in the queue.
	400000 states explored in 54.34s, with 1496093 rules fired and 173578 states in the queue.
	410000 states explored in 55.51s, with 1530022 rules fired and 178661 states in the queue.
	420000 states explored in 56.72s, with 1564889 rules fired and 183586 states in the queue.
	430000 states explored in 58.12s, with 1604956 rules fired and 187500 states in the queue.
	440000 states explored in 59.60s, with 1647677 rules fired and 190998 states in the queue.
	450000 states explored in 61.15s, with 1692171 rules fired and 194249 states in the queue.
	460000 states explored in 62.57s, with 1733394 rules fired and 198491 states in the queue.
	470000 states explored in 63.96s, with 1773978 rules fired and 202792 states in the queue.
	480000 states explored in 65.53s, with 1819613 rules fired and 206383 states in the queue.
	490000 states explored in 67.17s, with 1866936 rules fired and 209658 states in the queue.
	500000 states explored in 68.80s, with 1914303 rules fired and 212846 states in the queue.
	510000 states explored in 70.47s, with 1962821 rules fired and 216039 states in the queue.
	520000 states explored in 72.05s, with 2009023 rules fired and 219690 states in the queue.
	530000 states explored in 73.90s, with 2062889 rules fired and 222222 states in the queue.
	540000 states explored in 75.77s, with 2117604 rules fired and 224730 states in the queue.
	550000 states explored in 77.05s, with 2154521 rules fired and 229373 states in the queue.
	560000 states explored in 78.13s, with 2185608 rules fired and 234640 states in the queue.
	570000 states explored in 79.24s, with 2217395 rules fired and 239834 states in the queue.
	580000 states explored in 80.34s, with 2249045 rules fired and 245284 states in the queue.
	590000 states explored in 81.47s, with 2281684 rules fired and 250615 states in the queue.
	600000 states explored in 82.60s, with 2314507 rules fired and 255922 states in the queue.
	610000 states explored in 83.69s, with 2346092 rules fired and 261529 states in the queue.
	620000 states explored in 84.81s, with 2378512 rules fired and 266968 states in the queue.
	630000 states explored in 85.95s, with 2411651 rules fired and 272428 states in the queue.
	640000 states explored in 87.17s, with 2447137 rules fired and 277462 states in the queue.
	650000 states explored in 88.40s, with 2482921 rules fired and 282475 states in the queue.
	660000 states explored in 89.68s, with 2520081 rules fired and 287287 states in the queue.
	670000 states explored in 90.97s, with 2557766 rules fired and 292024 states in the queue.
	680000 states explored in 92.30s, with 2596173 rules fired and 296696 states in the queue.
	690000 states explored in 93.68s, with 2636668 rules fired and 301175 states in the queue.
	700000 states explored in 95.13s, with 2678687 rules fired and 305507 states in the queue.
	710000 states explored in 96.78s, with 2725098 rules fired and 308973 states in the queue.
	720000 states explored in 98.45s, with 2773230 rules fired and 312264 states in the queue.
	730000 states explored in 100.20s, with 2821957 rules fired and 315551 states in the queue.
	740000 states explored in 101.95s, with 2872935 rules fired and 318445 states in the queue.
	750000 states explored in 103.78s, with 2926230 rules fired and 321047 states in the queue.
	760000 states explored in 105.56s, with 2978009 rules fired and 323817 states in the queue.
	770000 states explored in 107.36s, with 3030290 rules fired and 326532 states in the queue.
	780000 states explored in 109.27s, with 3086131 rules fired and 328929 states in the queue.
	790000 states explored in 111.03s, with 3137694 rules fired and 332119 states in the queue.
	800000 states explored in 112.83s, with 3190319 rules fired and 334914 states in the queue.
	810000 states explored in 114.76s, with 3246620 rules fired and 337275 states in the queue.
	820000 states explored in 116.71s, with 3303296 rules fired and 339617 states in the queue.
	830000 states explored in 118.06s, with 3342643 rules fired and 344291 states in the queue.
	840000 states explored in 119.12s, with 3373343 rules fired and 349906 states in the queue.
	850000 states explored in 120.15s, with 3403581 rules fired and 355871 states in the queue.
	860000 states explored in 121.26s, with 3435559 rules fired and 361315 states in the queue.
	870000 states explored in 122.39s, with 3467934 rules fired and 366717 states in the queue.
	880000 states explored in 123.53s, with 3500893 rules fired and 372036 states in the queue.
	890000 states explored in 124.64s, with 3533092 rules fired and 377464 states in the queue.
	900000 states explored in 125.79s, with 3566269 rules fired and 382792 states in the queue.
	910000 states explored in 127.08s, with 3603661 rules fired and 387500 states in the queue.
	920000 states explored in 128.42s, with 3642271 rules fired and 391867 states in the queue.
	930000 states explored in 129.78s, with 3681883 rules fired and 396217 states in the queue.
	940000 states explored in 131.23s, with 3723497 rules fired and 400136 states in the queue.
	950000 states explored in 132.58s, with 3762505 rules fired and 404569 states in the queue.
	960000 states explored in 133.84s, with 3799085 rules fired and 409375 states in the queue.
	970000 states explored in 135.17s, with 3837473 rules fired and 413862 states in the queue.
	980000 states explored in 136.52s, with 3876636 rules fired and 418290 states in the queue.
	990000 states explored in 137.83s, with 3914689 rules fired and 423013 states in the queue.

==========================================================================

Result:

	Invariant "test_reachable_state_124" failed.

State Space Explored:

	996779 states, 3940698 rules fired in 138.73s.

Analysis of State Space:

	There are rules that are never fired.
	If you are running with symmetry, this may be why.  Otherwise,
	please run this program with "-pr" for the rules information.
